2025-06-26 10:39:55,475 | INFO    | ===== INITIAL STATE DUMP =====
2025-06-26 10:39:55,475 | DEBUG   | {
  "xcurrent": [
    1.089695930480957,
    1.4088244438171387,
    0.08456537127494812,
    0.0,
    0.0,
    0.0
  ],
  "params": {
    "QC": 10,
    "QC_GATE": 50,
    "QL": 40,
    "MU": 10,
    "DVTHETA_MAX": 1.0,
    "N": 20,
    "T_HORIZON": 1.0,
    "RAMP_TIME": 1.8,
    "BARRIER_WEIGHT": 10,
    "TUNNEL_WIDTH": 0.5,
    "TUNNEL_WIDTH_GATE": 0.1,
    "NARROW_DIST": 0.7,
    "Q_OMEGA": 2,
    "R_VTHETA": 1.0,
    "IN_GATE_RAMP_TIME": 0.3,
    "OUT_GATE_RAMP_TIME": 0.5
  },
  "box_lims": {
    "vtheta_max": 1.0,
    "dvtheta_max": 1.0
  }
}
2025-06-26 10:40:25,105 | ERROR   | Solver failed | status=2 | SQP it=1000 | KKT=8.15e-08 | t=0.608s
2025-06-26 10:40:25,106 | ERROR   | Dump saved → debug_logs/fail/tick0415.json
2025-06-26 10:40:25,507 | ERROR   | Solver failed | status=4 | SQP it=528 | KKT=2.91e-08 | t=0.390s
2025-06-26 10:40:25,508 | ERROR   | Dump saved → debug_logs/fail/tick0416.json
2025-06-26 10:40:34,378 | ERROR   | Solver failed | status=4 | SQP it=1 | KKT=5.98e+02 | t=0.003s
2025-06-26 10:40:34,378 | ERROR   | Dump saved → debug_logs/fail/tick0417.json
2025-06-26 10:40:34,535 | ERROR   | Solver failed | status=1 | SQP it=175 | KKT=9.15e-12 | t=0.144s
2025-06-26 10:40:34,535 | ERROR   | Dump saved → debug_logs/fail/tick0418.json
2025-06-26 10:40:34,547 | ERROR   | Solver failed | status=1 | SQP it=0 | KKT=nan | t=0.000s
2025-06-26 10:40:34,547 | ERROR   | Dump saved → debug_logs/fail/tick0419.json
2025-06-26 10:40:34,559 | ERROR   | Solver failed | status=1 | SQP it=0 | KKT=nan | t=0.000s
2025-06-26 10:40:34,559 | ERROR   | Dump saved → debug_logs/fail/tick0420.json
2025-06-26 10:40:34,575 | ERROR   | Solver failed | status=1 | SQP it=0 | KKT=nan | t=0.000s
2025-06-26 10:40:34,575 | ERROR   | Dump saved → debug_logs/fail/tick0421.json
2025-06-26 10:40:34,591 | ERROR   | Solver failed | status=1 | SQP it=0 | KKT=nan | t=0.000s
2025-06-26 10:40:34,592 | ERROR   | Dump saved → debug_logs/fail/tick0422.json
2025-06-26 10:40:34,608 | ERROR   | Solver failed | status=1 | SQP it=0 | KKT=nan | t=0.000s
2025-06-26 10:40:34,608 | ERROR   | Dump saved → debug_logs/fail/tick0423.json
2025-06-26 10:40:34,625 | ERROR   | Solver failed | status=1 | SQP it=0 | KKT=nan | t=0.000s
2025-06-26 10:40:34,625 | ERROR   | Dump saved → debug_logs/fail/tick0424.json
2025-06-26 10:40:34,641 | ERROR   | Solver failed | status=1 | SQP it=0 | KKT=nan | t=0.000s
2025-06-26 10:40:34,642 | ERROR   | Dump saved → debug_logs/fail/tick0425.json
2025-06-26 10:40:34,674 | ERROR   | Solver failed | status=1 | SQP it=0 | KKT=nan | t=0.000s
2025-06-26 10:40:34,675 | ERROR   | Dump saved → debug_logs/fail/tick0426.json
2025-06-26 10:40:34,685 | ERROR   | Solver failed | status=1 | SQP it=0 | KKT=nan | t=0.000s
2025-06-26 10:40:34,686 | ERROR   | Dump saved → debug_logs/fail/tick0427.json
2025-06-26 10:40:34,693 | ERROR   | Solver failed | status=1 | SQP it=0 | KKT=nan | t=0.000s
2025-06-26 10:40:34,694 | ERROR   | Dump saved → debug_logs/fail/tick0428.json
2025-06-26 10:40:34,707 | ERROR   | Solver failed | status=1 | SQP it=0 | KKT=nan | t=0.000s
2025-06-26 10:40:34,708 | ERROR   | Dump saved → debug_logs/fail/tick0429.json
2025-06-26 10:40:34,724 | ERROR   | Solver failed | status=1 | SQP it=0 | KKT=nan | t=0.000s
2025-06-26 10:40:34,725 | ERROR   | Dump saved → debug_logs/fail/tick0430.json
2025-06-26 10:40:34,741 | ERROR   | Solver failed | status=1 | SQP it=0 | KKT=nan | t=0.000s
2025-06-26 10:40:34,741 | ERROR   | Dump saved → debug_logs/fail/tick0431.json
2025-06-26 10:40:34,836 | ERROR   | Solver failed | status=4 | SQP it=125 | KKT=9.19e-08 | t=0.079s
2025-06-26 10:40:34,837 | ERROR   | Dump saved → debug_logs/fail/tick0432.json
2025-06-26 10:40:35,000 | ERROR   | Solver failed | status=1 | SQP it=242 | KKT=9.10e-08 | t=0.155s
2025-06-26 10:40:35,001 | ERROR   | Dump saved → debug_logs/fail/tick0433.json
2025-06-26 10:40:35,009 | ERROR   | Solver failed | status=1 | SQP it=0 | KKT=nan | t=0.000s
2025-06-26 10:40:35,010 | ERROR   | Dump saved → debug_logs/fail/tick0434.json
2025-06-26 10:40:35,024 | ERROR   | Solver failed | status=1 | SQP it=0 | KKT=nan | t=0.000s
2025-06-26 10:40:35,025 | ERROR   | Dump saved → debug_logs/fail/tick0435.json
2025-06-26 10:40:35,041 | ERROR   | Solver failed | status=1 | SQP it=0 | KKT=nan | t=0.000s
2025-06-26 10:40:35,041 | ERROR   | Dump saved → debug_logs/fail/tick0436.json
