2025-06-25 23:14:37,831 | INFO    | ===== INITIAL STATE DUMP =====
2025-06-25 23:14:37,831 | DEBUG   | {
  "xcurrent": [
    1.089695930480957,
    1.4088244438171387,
    0.08456537127494812,
    0.0,
    0.0,
    0.0
  ],
  "params": {
    "QC": 10,
    "QC_GATE": 50,
    "QL": 40,
    "MU": 5,
    "DVTHETA_MAX": 1.2,
    "N": 15,
    "T_HORIZON": 0.8,
    "RAMP_TIME": 1.8,
    "BARRIER_WEIGHT": 10,
    "OBSTACLE_WEIGHT": 90,
    "TUNNEL_WIDTH": 0.5,
    "TUNNEL_WIDTH_GATE": 0.15,
    "NARROW_DIST": 0.7,
    "GATE_FLAT_DIST": 0.2,
    "Q_OMEGA": 2,
    "R_VTHETA": 1.0,
    "IN_GATE_RAMP_TIME": 0.3,
    "OUT_GATE_RAMP_TIME": 0.5,
    "OBSTACLE_RADIUS": 0.2
  },
  "box_lims": {
    "vtheta_max": 1.2,
    "dvtheta_max": 1.2
  }
}
2025-06-25 23:14:52,569 | ERROR   | Solver failed | status=4 | SQP it=509 | KKT=1.02e-09 | t=1.428s
2025-06-25 23:14:52,571 | ERROR   | Dump saved → debug_logs/fail/tick0106.json
2025-06-25 23:14:52,819 | ERROR   | Solver failed | status=4 | SQP it=6 | KKT=7.00e+00 | t=0.009s
2025-06-25 23:14:52,820 | ERROR   | Dump saved → debug_logs/fail/tick0108.json
