2025-06-26 12:40:50,156 | INFO    | ===== INITIAL STATE DUMP =====
2025-06-26 12:40:50,157 | DEBUG   | {
  "xcurrent": [
    0.9992135167121887,
    1.5539155006408691,
    0.07354861497879028,
    0.0004786758217960596,
    0.0028209476731717587,
    0.0014876011991873384
  ],
  "params": {
    "QC": 10,
    "QC_GATE": 50,
    "QL": 40,
    "MU": 10,
    "DVTHETA_MAX": 1.7,
    "N": 20,
    "T_HORIZON": 1.0,
    "RAMP_TIME": 1.8,
    "BARRIER_WEIGHT": 10,
    "TUNNEL_WIDTH": 0.4,
    "TUNNEL_WIDTH_GATE": 0.15,
    "NARROW_DIST": 0.7,
    "GATE_FLAT_DIST": 0.2,
    "Q_OMEGA": 2,
    "R_VTHETA": 1.0,
    "IN_GATE_RAMP_TIME": 0.3,
    "OUT_GATE_RAMP_TIME": 0.5,
    "REG_THRUST": 0.025,
    "REG_INPUTS": 0.15
  },
  "box_lims": {
    "vtheta_max": 1.7,
    "dvtheta_max": 1.7
  }
}
