2025-06-26 12:28:34,676 | INFO    | ===== INITIAL STATE DUMP =====
2025-06-26 12:28:34,676 | DEBUG   | {
  "xcurrent": [
    1.0072795152664185,
    1.4480468034744263,
    0.07291387021541595,
    -0.0007015191367827356,
    0.002111330395564437,
    0.002557776402682066
  ],
  "params": {
    "QC": 10,
    "QC_GATE": 50,
    "QL": 40,
    "MU": 10,
    "DVTHETA_MAX": 1.5,
    "N": 20,
    "T_HORIZON": 1.0,
    "RAMP_TIME": 1.8,
    "BARRIER_WEIGHT": 10,
    "TUNNEL_WIDTH": 0.4,
    "TUNNEL_WIDTH_GATE": 0.15,
    "NARROW_DIST": 0.7,
    "GATE_FLAT_DIST": 0.2,
    "Q_OMEGA": 2,
    "R_VTHETA": 1.0,
    "IN_GATE_RAMP_TIME": 0.3,
    "OUT_GATE_RAMP_TIME": 0.5,
    "REG_THRUST": 0.01,
    "REG_INPUTS": 0.2
  },
  "box_lims": {
    "vtheta_max": 1.5,
    "dvtheta_max": 1.5
  }
}
2025-06-26 12:28:35,548 | ERROR   | Solver failed | status=2 | SQP it=1000 | KKT=7.38e-08 | t=0.508s
2025-06-26 12:28:35,549 | ERROR   | Dump saved → debug_logs/fail/tick0018.json
2025-06-26 12:28:40,128 | ERROR   | Solver failed | status=2 | SQP it=1000 | KKT=6.32e-09 | t=0.429s
2025-06-26 12:28:40,129 | ERROR   | Dump saved → debug_logs/fail/tick0224.json
2025-06-26 12:28:40,154 | ERROR   | Solver failed | status=4 | SQP it=37 | KKT=1.04e-08 | t=0.023s
2025-06-26 12:28:40,154 | ERROR   | Dump saved → debug_logs/fail/tick0225.json
2025-06-26 12:28:40,157 | ERROR   | Solver failed | status=4 | SQP it=1 | KKT=1.44e+02 | t=0.001s
2025-06-26 12:28:40,158 | ERROR   | Dump saved → debug_logs/fail/tick0226.json
2025-06-26 12:28:40,178 | ERROR   | Solver failed | status=4 | SQP it=1 | KKT=1.44e+02 | t=0.001s
2025-06-26 12:28:40,178 | ERROR   | Dump saved → debug_logs/fail/tick0227.json
2025-06-26 12:28:40,233 | ERROR   | Solver failed | status=4 | SQP it=44 | KKT=8.11e-14 | t=0.035s
2025-06-26 12:28:40,233 | ERROR   | Dump saved → debug_logs/fail/tick0228.json
2025-06-26 12:28:40,236 | ERROR   | Solver failed | status=4 | SQP it=1 | KKT=1.96e+02 | t=0.001s
2025-06-26 12:28:40,237 | ERROR   | Dump saved → debug_logs/fail/tick0229.json
2025-06-26 12:28:40,268 | ERROR   | Solver failed | status=1 | SQP it=18 | KKT=1.58e-08 | t=0.013s
2025-06-26 12:28:40,269 | ERROR   | Dump saved → debug_logs/fail/tick0230.json
2025-06-26 12:28:40,276 | ERROR   | Solver failed | status=1 | SQP it=0 | KKT=nan | t=0.000s
2025-06-26 12:28:40,276 | ERROR   | Dump saved → debug_logs/fail/tick0231.json
2025-06-26 12:28:40,297 | ERROR   | Solver failed | status=1 | SQP it=0 | KKT=nan | t=0.000s
2025-06-26 12:28:40,298 | ERROR   | Dump saved → debug_logs/fail/tick0232.json
2025-06-26 12:28:40,319 | ERROR   | Solver failed | status=1 | SQP it=0 | KKT=nan | t=0.000s
2025-06-26 12:28:40,321 | ERROR   | Dump saved → debug_logs/fail/tick0233.json
2025-06-26 12:28:40,341 | ERROR   | Solver failed | status=1 | SQP it=0 | KKT=nan | t=0.000s
2025-06-26 12:28:40,343 | ERROR   | Dump saved → debug_logs/fail/tick0234.json
2025-06-26 12:28:40,362 | ERROR   | Solver failed | status=1 | SQP it=0 | KKT=nan | t=0.000s
2025-06-26 12:28:40,364 | ERROR   | Dump saved → debug_logs/fail/tick0235.json
2025-06-26 12:28:40,383 | ERROR   | Solver failed | status=1 | SQP it=0 | KKT=nan | t=0.001s
2025-06-26 12:28:40,385 | ERROR   | Dump saved → debug_logs/fail/tick0236.json
2025-06-26 12:28:40,403 | ERROR   | Solver failed | status=1 | SQP it=0 | KKT=nan | t=0.000s
2025-06-26 12:28:40,405 | ERROR   | Dump saved → debug_logs/fail/tick0237.json
2025-06-26 12:28:40,423 | ERROR   | Solver failed | status=1 | SQP it=0 | KKT=nan | t=0.000s
2025-06-26 12:28:40,425 | ERROR   | Dump saved → debug_logs/fail/tick0238.json
2025-06-26 12:28:40,444 | ERROR   | Solver failed | status=1 | SQP it=0 | KKT=nan | t=0.000s
2025-06-26 12:28:40,446 | ERROR   | Dump saved → debug_logs/fail/tick0239.json
2025-06-26 12:28:40,463 | ERROR   | Solver failed | status=1 | SQP it=0 | KKT=nan | t=0.000s
2025-06-26 12:28:40,466 | ERROR   | Dump saved → debug_logs/fail/tick0240.json
2025-06-26 12:28:40,483 | ERROR   | Solver failed | status=1 | SQP it=0 | KKT=nan | t=0.000s
2025-06-26 12:28:40,485 | ERROR   | Dump saved → debug_logs/fail/tick0241.json
2025-06-26 12:28:40,504 | ERROR   | Solver failed | status=1 | SQP it=0 | KKT=nan | t=0.001s
2025-06-26 12:28:40,506 | ERROR   | Dump saved → debug_logs/fail/tick0242.json
2025-06-26 12:28:40,523 | ERROR   | Solver failed | status=1 | SQP it=0 | KKT=nan | t=0.000s
2025-06-26 12:28:40,526 | ERROR   | Dump saved → debug_logs/fail/tick0243.json
2025-06-26 12:28:40,541 | ERROR   | Solver failed | status=1 | SQP it=0 | KKT=nan | t=0.000s
2025-06-26 12:28:40,542 | ERROR   | Dump saved → debug_logs/fail/tick0244.json
2025-06-26 12:28:40,563 | ERROR   | Solver failed | status=1 | SQP it=0 | KKT=nan | t=0.000s
2025-06-26 12:28:40,565 | ERROR   | Dump saved → debug_logs/fail/tick0245.json
2025-06-26 12:28:40,584 | ERROR   | Solver failed | status=1 | SQP it=0 | KKT=nan | t=0.001s
2025-06-26 12:28:40,586 | ERROR   | Dump saved → debug_logs/fail/tick0246.json
2025-06-26 12:28:40,604 | ERROR   | Solver failed | status=1 | SQP it=0 | KKT=nan | t=0.001s
2025-06-26 12:28:40,606 | ERROR   | Dump saved → debug_logs/fail/tick0247.json
2025-06-26 12:28:40,624 | ERROR   | Solver failed | status=1 | SQP it=0 | KKT=nan | t=0.001s
2025-06-26 12:28:40,626 | ERROR   | Dump saved → debug_logs/fail/tick0248.json
2025-06-26 12:28:40,642 | ERROR   | Solver failed | status=1 | SQP it=0 | KKT=nan | t=0.000s
2025-06-26 12:28:40,644 | ERROR   | Dump saved → debug_logs/fail/tick0249.json
2025-06-26 12:28:40,665 | ERROR   | Solver failed | status=1 | SQP it=0 | KKT=nan | t=0.001s
2025-06-26 12:28:40,667 | ERROR   | Dump saved → debug_logs/fail/tick0250.json
2025-06-26 12:28:40,684 | ERROR   | Solver failed | status=1 | SQP it=0 | KKT=nan | t=0.001s
2025-06-26 12:28:40,686 | ERROR   | Dump saved → debug_logs/fail/tick0251.json
2025-06-26 12:28:40,705 | ERROR   | Solver failed | status=1 | SQP it=0 | KKT=nan | t=0.001s
2025-06-26 12:28:40,708 | ERROR   | Dump saved → debug_logs/fail/tick0252.json
2025-06-26 12:28:40,724 | ERROR   | Solver failed | status=1 | SQP it=0 | KKT=nan | t=0.001s
2025-06-26 12:28:40,726 | ERROR   | Dump saved → debug_logs/fail/tick0253.json
2025-06-26 12:28:40,745 | ERROR   | Solver failed | status=1 | SQP it=0 | KKT=nan | t=0.000s
2025-06-26 12:28:40,747 | ERROR   | Dump saved → debug_logs/fail/tick0254.json
2025-06-26 12:28:40,765 | ERROR   | Solver failed | status=1 | SQP it=0 | KKT=nan | t=0.000s
2025-06-26 12:28:40,767 | ERROR   | Dump saved → debug_logs/fail/tick0255.json
2025-06-26 12:28:40,784 | ERROR   | Solver failed | status=1 | SQP it=0 | KKT=nan | t=0.000s
2025-06-26 12:28:40,786 | ERROR   | Dump saved → debug_logs/fail/tick0256.json
2025-06-26 12:28:40,806 | ERROR   | Solver failed | status=1 | SQP it=0 | KKT=nan | t=0.001s
2025-06-26 12:28:40,808 | ERROR   | Dump saved → debug_logs/fail/tick0257.json
2025-06-26 12:28:40,823 | ERROR   | Solver failed | status=1 | SQP it=0 | KKT=nan | t=0.000s
2025-06-26 12:28:40,824 | ERROR   | Dump saved → debug_logs/fail/tick0258.json
2025-06-26 12:28:40,840 | ERROR   | Solver failed | status=1 | SQP it=0 | KKT=nan | t=0.000s
2025-06-26 12:28:40,841 | ERROR   | Dump saved → debug_logs/fail/tick0259.json
2025-06-26 12:28:40,860 | ERROR   | Solver failed | status=1 | SQP it=0 | KKT=nan | t=0.000s
2025-06-26 12:28:40,861 | ERROR   | Dump saved → debug_logs/fail/tick0260.json
2025-06-26 12:28:40,880 | ERROR   | Solver failed | status=1 | SQP it=0 | KKT=nan | t=0.000s
2025-06-26 12:28:40,881 | ERROR   | Dump saved → debug_logs/fail/tick0261.json
2025-06-26 12:28:40,906 | ERROR   | Solver failed | status=1 | SQP it=0 | KKT=nan | t=0.001s
2025-06-26 12:28:40,909 | ERROR   | Dump saved → debug_logs/fail/tick0262.json
2025-06-26 12:28:40,926 | ERROR   | Solver failed | status=1 | SQP it=0 | KKT=nan | t=0.001s
2025-06-26 12:28:40,929 | ERROR   | Dump saved → debug_logs/fail/tick0263.json
2025-06-26 12:28:40,946 | ERROR   | Solver failed | status=1 | SQP it=0 | KKT=nan | t=0.000s
2025-06-26 12:28:40,949 | ERROR   | Dump saved → debug_logs/fail/tick0264.json
2025-06-26 12:28:40,965 | ERROR   | Solver failed | status=1 | SQP it=0 | KKT=nan | t=0.001s
2025-06-26 12:28:40,967 | ERROR   | Dump saved → debug_logs/fail/tick0265.json
2025-06-26 12:28:40,986 | ERROR   | Solver failed | status=1 | SQP it=0 | KKT=nan | t=0.001s
2025-06-26 12:28:40,988 | ERROR   | Dump saved → debug_logs/fail/tick0266.json
2025-06-26 12:28:41,006 | ERROR   | Solver failed | status=1 | SQP it=0 | KKT=nan | t=0.000s
2025-06-26 12:28:41,008 | ERROR   | Dump saved → debug_logs/fail/tick0267.json
2025-06-26 12:28:41,027 | ERROR   | Solver failed | status=1 | SQP it=0 | KKT=nan | t=0.000s
2025-06-26 12:28:41,028 | ERROR   | Dump saved → debug_logs/fail/tick0268.json
2025-06-26 12:28:41,046 | ERROR   | Solver failed | status=1 | SQP it=0 | KKT=nan | t=0.001s
2025-06-26 12:28:41,048 | ERROR   | Dump saved → debug_logs/fail/tick0269.json
2025-06-26 12:28:41,067 | ERROR   | Solver failed | status=1 | SQP it=0 | KKT=nan | t=0.000s
2025-06-26 12:28:41,069 | ERROR   | Dump saved → debug_logs/fail/tick0270.json
2025-06-26 12:28:41,087 | ERROR   | Solver failed | status=1 | SQP it=0 | KKT=nan | t=0.000s
2025-06-26 12:28:41,089 | ERROR   | Dump saved → debug_logs/fail/tick0271.json
2025-06-26 12:28:41,107 | ERROR   | Solver failed | status=1 | SQP it=0 | KKT=nan | t=0.001s
2025-06-26 12:28:41,109 | ERROR   | Dump saved → debug_logs/fail/tick0272.json
2025-06-26 12:28:41,127 | ERROR   | Solver failed | status=1 | SQP it=0 | KKT=nan | t=0.000s
2025-06-26 12:28:41,129 | ERROR   | Dump saved → debug_logs/fail/tick0273.json
2025-06-26 12:28:41,149 | ERROR   | Solver failed | status=1 | SQP it=0 | KKT=nan | t=0.001s
2025-06-26 12:28:41,151 | ERROR   | Dump saved → debug_logs/fail/tick0274.json
2025-06-26 12:28:41,162 | ERROR   | Solver failed | status=1 | SQP it=0 | KKT=nan | t=0.000s
2025-06-26 12:28:41,163 | ERROR   | Dump saved → debug_logs/fail/tick0275.json
2025-06-26 12:28:41,183 | ERROR   | Solver failed | status=1 | SQP it=0 | KKT=nan | t=0.000s
2025-06-26 12:28:41,183 | ERROR   | Dump saved → debug_logs/fail/tick0276.json
2025-06-26 12:28:41,202 | ERROR   | Solver failed | status=1 | SQP it=0 | KKT=nan | t=0.000s
2025-06-26 12:28:41,203 | ERROR   | Dump saved → debug_logs/fail/tick0277.json
2025-06-26 12:28:41,222 | ERROR   | Solver failed | status=1 | SQP it=0 | KKT=nan | t=0.000s
2025-06-26 12:28:41,223 | ERROR   | Dump saved → debug_logs/fail/tick0278.json
2025-06-26 12:28:41,243 | ERROR   | Solver failed | status=1 | SQP it=0 | KKT=nan | t=0.000s
2025-06-26 12:28:41,243 | ERROR   | Dump saved → debug_logs/fail/tick0279.json
2025-06-26 12:28:41,263 | ERROR   | Solver failed | status=1 | SQP it=0 | KKT=nan | t=0.000s
2025-06-26 12:28:41,264 | ERROR   | Dump saved → debug_logs/fail/tick0280.json
2025-06-26 12:28:41,283 | ERROR   | Solver failed | status=1 | SQP it=0 | KKT=nan | t=0.000s
2025-06-26 12:28:41,283 | ERROR   | Dump saved → debug_logs/fail/tick0281.json
2025-06-26 12:28:41,303 | ERROR   | Solver failed | status=1 | SQP it=0 | KKT=nan | t=0.000s
2025-06-26 12:28:41,303 | ERROR   | Dump saved → debug_logs/fail/tick0282.json
2025-06-26 12:28:41,323 | ERROR   | Solver failed | status=1 | SQP it=0 | KKT=nan | t=0.000s
2025-06-26 12:28:41,324 | ERROR   | Dump saved → debug_logs/fail/tick0283.json
2025-06-26 12:28:41,343 | ERROR   | Solver failed | status=1 | SQP it=0 | KKT=nan | t=0.000s
2025-06-26 12:28:41,344 | ERROR   | Dump saved → debug_logs/fail/tick0284.json
2025-06-26 12:28:41,363 | ERROR   | Solver failed | status=1 | SQP it=0 | KKT=nan | t=0.000s
2025-06-26 12:28:41,364 | ERROR   | Dump saved → debug_logs/fail/tick0285.json
2025-06-26 12:28:41,383 | ERROR   | Solver failed | status=1 | SQP it=0 | KKT=nan | t=0.000s
2025-06-26 12:28:41,384 | ERROR   | Dump saved → debug_logs/fail/tick0286.json
2025-06-26 12:28:41,403 | ERROR   | Solver failed | status=1 | SQP it=0 | KKT=nan | t=0.000s
2025-06-26 12:28:41,404 | ERROR   | Dump saved → debug_logs/fail/tick0287.json
2025-06-26 12:28:41,423 | ERROR   | Solver failed | status=1 | SQP it=0 | KKT=nan | t=0.000s
2025-06-26 12:28:41,424 | ERROR   | Dump saved → debug_logs/fail/tick0288.json
2025-06-26 12:28:41,443 | ERROR   | Solver failed | status=1 | SQP it=0 | KKT=nan | t=0.000s
2025-06-26 12:28:41,444 | ERROR   | Dump saved → debug_logs/fail/tick0289.json
2025-06-26 12:28:41,464 | ERROR   | Solver failed | status=1 | SQP it=0 | KKT=nan | t=0.000s
2025-06-26 12:28:41,464 | ERROR   | Dump saved → debug_logs/fail/tick0290.json
2025-06-26 12:28:41,483 | ERROR   | Solver failed | status=1 | SQP it=0 | KKT=nan | t=0.000s
2025-06-26 12:28:41,484 | ERROR   | Dump saved → debug_logs/fail/tick0291.json
2025-06-26 12:28:41,503 | ERROR   | Solver failed | status=1 | SQP it=0 | KKT=nan | t=0.000s
2025-06-26 12:28:41,504 | ERROR   | Dump saved → debug_logs/fail/tick0292.json
2025-06-26 12:28:41,524 | ERROR   | Solver failed | status=1 | SQP it=0 | KKT=nan | t=0.000s
2025-06-26 12:28:41,524 | ERROR   | Dump saved → debug_logs/fail/tick0293.json
2025-06-26 12:28:41,544 | ERROR   | Solver failed | status=1 | SQP it=0 | KKT=nan | t=0.000s
2025-06-26 12:28:41,545 | ERROR   | Dump saved → debug_logs/fail/tick0294.json
2025-06-26 12:28:41,564 | ERROR   | Solver failed | status=1 | SQP it=0 | KKT=nan | t=0.000s
2025-06-26 12:28:41,564 | ERROR   | Dump saved → debug_logs/fail/tick0295.json
2025-06-26 12:28:41,584 | ERROR   | Solver failed | status=1 | SQP it=0 | KKT=nan | t=0.000s
2025-06-26 12:28:41,585 | ERROR   | Dump saved → debug_logs/fail/tick0296.json
2025-06-26 12:28:41,605 | ERROR   | Solver failed | status=1 | SQP it=0 | KKT=nan | t=0.000s
2025-06-26 12:28:41,605 | ERROR   | Dump saved → debug_logs/fail/tick0297.json
2025-06-26 12:28:41,625 | ERROR   | Solver failed | status=1 | SQP it=0 | KKT=nan | t=0.000s
2025-06-26 12:28:41,626 | ERROR   | Dump saved → debug_logs/fail/tick0298.json
2025-06-26 12:28:41,645 | ERROR   | Solver failed | status=1 | SQP it=0 | KKT=nan | t=0.000s
2025-06-26 12:28:41,645 | ERROR   | Dump saved → debug_logs/fail/tick0299.json
2025-06-26 12:28:41,665 | ERROR   | Solver failed | status=1 | SQP it=0 | KKT=nan | t=0.000s
2025-06-26 12:28:41,666 | ERROR   | Dump saved → debug_logs/fail/tick0300.json
2025-06-26 12:28:41,685 | ERROR   | Solver failed | status=1 | SQP it=0 | KKT=nan | t=0.000s
2025-06-26 12:28:41,686 | ERROR   | Dump saved → debug_logs/fail/tick0301.json
2025-06-26 12:28:41,706 | ERROR   | Solver failed | status=1 | SQP it=0 | KKT=nan | t=0.000s
2025-06-26 12:28:41,706 | ERROR   | Dump saved → debug_logs/fail/tick0302.json
2025-06-26 12:28:41,726 | ERROR   | Solver failed | status=1 | SQP it=0 | KKT=nan | t=0.000s
2025-06-26 12:28:41,726 | ERROR   | Dump saved → debug_logs/fail/tick0303.json
2025-06-26 12:28:41,747 | ERROR   | Solver failed | status=1 | SQP it=0 | KKT=nan | t=0.000s
2025-06-26 12:28:41,748 | ERROR   | Dump saved → debug_logs/fail/tick0304.json
2025-06-26 12:28:41,766 | ERROR   | Solver failed | status=1 | SQP it=0 | KKT=nan | t=0.000s
2025-06-26 12:28:41,767 | ERROR   | Dump saved → debug_logs/fail/tick0305.json
2025-06-26 12:28:41,786 | ERROR   | Solver failed | status=1 | SQP it=0 | KKT=nan | t=0.000s
2025-06-26 12:28:41,787 | ERROR   | Dump saved → debug_logs/fail/tick0306.json
2025-06-26 12:28:41,806 | ERROR   | Solver failed | status=1 | SQP it=0 | KKT=nan | t=0.000s
2025-06-26 12:28:41,807 | ERROR   | Dump saved → debug_logs/fail/tick0307.json
2025-06-26 12:28:41,826 | ERROR   | Solver failed | status=1 | SQP it=0 | KKT=nan | t=0.000s
2025-06-26 12:28:41,827 | ERROR   | Dump saved → debug_logs/fail/tick0308.json
2025-06-26 12:28:41,847 | ERROR   | Solver failed | status=1 | SQP it=0 | KKT=nan | t=0.000s
2025-06-26 12:28:41,848 | ERROR   | Dump saved → debug_logs/fail/tick0309.json
2025-06-26 12:28:41,867 | ERROR   | Solver failed | status=1 | SQP it=0 | KKT=nan | t=0.000s
2025-06-26 12:28:41,868 | ERROR   | Dump saved → debug_logs/fail/tick0310.json
2025-06-26 12:28:41,887 | ERROR   | Solver failed | status=1 | SQP it=0 | KKT=nan | t=0.000s
2025-06-26 12:28:41,888 | ERROR   | Dump saved → debug_logs/fail/tick0311.json
2025-06-26 12:28:41,908 | ERROR   | Solver failed | status=1 | SQP it=0 | KKT=nan | t=0.000s
2025-06-26 12:28:41,909 | ERROR   | Dump saved → debug_logs/fail/tick0312.json
2025-06-26 12:28:41,927 | ERROR   | Solver failed | status=1 | SQP it=0 | KKT=nan | t=0.000s
2025-06-26 12:28:41,928 | ERROR   | Dump saved → debug_logs/fail/tick0313.json
2025-06-26 12:28:41,948 | ERROR   | Solver failed | status=1 | SQP it=0 | KKT=nan | t=0.000s
2025-06-26 12:28:41,948 | ERROR   | Dump saved → debug_logs/fail/tick0314.json
2025-06-26 12:28:41,968 | ERROR   | Solver failed | status=1 | SQP it=0 | KKT=nan | t=0.000s
2025-06-26 12:28:41,969 | ERROR   | Dump saved → debug_logs/fail/tick0315.json
2025-06-26 12:28:41,987 | ERROR   | Solver failed | status=1 | SQP it=0 | KKT=nan | t=0.000s
2025-06-26 12:28:41,988 | ERROR   | Dump saved → debug_logs/fail/tick0316.json
2025-06-26 12:28:42,008 | ERROR   | Solver failed | status=1 | SQP it=0 | KKT=nan | t=0.000s
2025-06-26 12:28:42,009 | ERROR   | Dump saved → debug_logs/fail/tick0317.json
2025-06-26 12:28:42,027 | ERROR   | Solver failed | status=1 | SQP it=0 | KKT=nan | t=0.000s
2025-06-26 12:28:42,028 | ERROR   | Dump saved → debug_logs/fail/tick0318.json
2025-06-26 12:28:42,047 | ERROR   | Solver failed | status=1 | SQP it=0 | KKT=nan | t=0.000s
2025-06-26 12:28:42,048 | ERROR   | Dump saved → debug_logs/fail/tick0319.json
2025-06-26 12:28:42,068 | ERROR   | Solver failed | status=1 | SQP it=0 | KKT=nan | t=0.000s
2025-06-26 12:28:42,069 | ERROR   | Dump saved → debug_logs/fail/tick0320.json
2025-06-26 12:28:42,088 | ERROR   | Solver failed | status=1 | SQP it=0 | KKT=nan | t=0.000s
2025-06-26 12:28:42,088 | ERROR   | Dump saved → debug_logs/fail/tick0321.json
2025-06-26 12:28:42,109 | ERROR   | Solver failed | status=1 | SQP it=0 | KKT=nan | t=0.000s
2025-06-26 12:28:42,110 | ERROR   | Dump saved → debug_logs/fail/tick0322.json
2025-06-26 12:28:42,128 | ERROR   | Solver failed | status=1 | SQP it=0 | KKT=nan | t=0.000s
2025-06-26 12:28:42,129 | ERROR   | Dump saved → debug_logs/fail/tick0323.json
2025-06-26 12:28:42,148 | ERROR   | Solver failed | status=1 | SQP it=0 | KKT=nan | t=0.000s
2025-06-26 12:28:42,149 | ERROR   | Dump saved → debug_logs/fail/tick0324.json
2025-06-26 12:28:42,169 | ERROR   | Solver failed | status=1 | SQP it=0 | KKT=nan | t=0.000s
2025-06-26 12:28:42,170 | ERROR   | Dump saved → debug_logs/fail/tick0325.json
2025-06-26 12:28:42,188 | ERROR   | Solver failed | status=1 | SQP it=0 | KKT=nan | t=0.000s
2025-06-26 12:28:42,189 | ERROR   | Dump saved → debug_logs/fail/tick0326.json
2025-06-26 12:28:42,209 | ERROR   | Solver failed | status=1 | SQP it=0 | KKT=nan | t=0.000s
2025-06-26 12:28:42,210 | ERROR   | Dump saved → debug_logs/fail/tick0327.json
2025-06-26 12:28:42,229 | ERROR   | Solver failed | status=1 | SQP it=0 | KKT=nan | t=0.000s
2025-06-26 12:28:42,230 | ERROR   | Dump saved → debug_logs/fail/tick0328.json
2025-06-26 12:28:42,249 | ERROR   | Solver failed | status=1 | SQP it=0 | KKT=nan | t=0.000s
2025-06-26 12:28:42,250 | ERROR   | Dump saved → debug_logs/fail/tick0329.json
2025-06-26 12:28:42,270 | ERROR   | Solver failed | status=1 | SQP it=0 | KKT=nan | t=0.000s
2025-06-26 12:28:42,271 | ERROR   | Dump saved → debug_logs/fail/tick0330.json
2025-06-26 12:28:42,289 | ERROR   | Solver failed | status=1 | SQP it=0 | KKT=nan | t=0.000s
2025-06-26 12:28:42,290 | ERROR   | Dump saved → debug_logs/fail/tick0331.json
2025-06-26 12:28:42,309 | ERROR   | Solver failed | status=1 | SQP it=0 | KKT=nan | t=0.000s
2025-06-26 12:28:42,310 | ERROR   | Dump saved → debug_logs/fail/tick0332.json
2025-06-26 12:28:42,330 | ERROR   | Solver failed | status=1 | SQP it=0 | KKT=nan | t=0.000s
2025-06-26 12:28:42,330 | ERROR   | Dump saved → debug_logs/fail/tick0333.json
2025-06-26 12:28:42,351 | ERROR   | Solver failed | status=1 | SQP it=0 | KKT=nan | t=0.000s
2025-06-26 12:28:42,352 | ERROR   | Dump saved → debug_logs/fail/tick0334.json
2025-06-26 12:28:42,371 | ERROR   | Solver failed | status=1 | SQP it=0 | KKT=nan | t=0.000s
2025-06-26 12:28:42,371 | ERROR   | Dump saved → debug_logs/fail/tick0335.json
2025-06-26 12:28:42,391 | ERROR   | Solver failed | status=1 | SQP it=0 | KKT=nan | t=0.000s
2025-06-26 12:28:42,391 | ERROR   | Dump saved → debug_logs/fail/tick0336.json
2025-06-26 12:28:42,410 | ERROR   | Solver failed | status=1 | SQP it=0 | KKT=nan | t=0.000s
2025-06-26 12:28:42,411 | ERROR   | Dump saved → debug_logs/fail/tick0337.json
2025-06-26 12:28:42,430 | ERROR   | Solver failed | status=1 | SQP it=0 | KKT=nan | t=0.000s
2025-06-26 12:28:42,431 | ERROR   | Dump saved → debug_logs/fail/tick0338.json
2025-06-26 12:28:42,450 | ERROR   | Solver failed | status=1 | SQP it=0 | KKT=nan | t=0.000s
2025-06-26 12:28:42,451 | ERROR   | Dump saved → debug_logs/fail/tick0339.json
2025-06-26 12:28:42,471 | ERROR   | Solver failed | status=1 | SQP it=0 | KKT=nan | t=0.000s
2025-06-26 12:28:42,471 | ERROR   | Dump saved → debug_logs/fail/tick0340.json
2025-06-26 12:28:42,491 | ERROR   | Solver failed | status=1 | SQP it=0 | KKT=nan | t=0.000s
2025-06-26 12:28:42,492 | ERROR   | Dump saved → debug_logs/fail/tick0341.json
2025-06-26 12:28:42,511 | ERROR   | Solver failed | status=1 | SQP it=0 | KKT=nan | t=0.000s
2025-06-26 12:28:42,511 | ERROR   | Dump saved → debug_logs/fail/tick0342.json
2025-06-26 12:28:42,531 | ERROR   | Solver failed | status=1 | SQP it=0 | KKT=nan | t=0.000s
2025-06-26 12:28:42,532 | ERROR   | Dump saved → debug_logs/fail/tick0343.json
2025-06-26 12:28:42,551 | ERROR   | Solver failed | status=1 | SQP it=0 | KKT=nan | t=0.000s
2025-06-26 12:28:42,552 | ERROR   | Dump saved → debug_logs/fail/tick0344.json
2025-06-26 12:28:42,571 | ERROR   | Solver failed | status=1 | SQP it=0 | KKT=nan | t=0.000s
2025-06-26 12:28:42,572 | ERROR   | Dump saved → debug_logs/fail/tick0345.json
2025-06-26 12:28:42,592 | ERROR   | Solver failed | status=1 | SQP it=0 | KKT=nan | t=0.001s
2025-06-26 12:28:42,594 | ERROR   | Dump saved → debug_logs/fail/tick0346.json
2025-06-26 12:28:42,617 | ERROR   | Solver failed | status=1 | SQP it=0 | KKT=nan | t=0.001s
2025-06-26 12:28:42,619 | ERROR   | Dump saved → debug_logs/fail/tick0347.json
2025-06-26 12:28:42,637 | ERROR   | Solver failed | status=1 | SQP it=0 | KKT=nan | t=0.001s
2025-06-26 12:28:42,639 | ERROR   | Dump saved → debug_logs/fail/tick0348.json
2025-06-26 12:28:42,657 | ERROR   | Solver failed | status=1 | SQP it=0 | KKT=nan | t=0.001s
2025-06-26 12:28:42,659 | ERROR   | Dump saved → debug_logs/fail/tick0349.json
2025-06-26 12:28:42,676 | ERROR   | Solver failed | status=1 | SQP it=0 | KKT=nan | t=0.001s
2025-06-26 12:28:42,679 | ERROR   | Dump saved → debug_logs/fail/tick0350.json
2025-06-26 12:28:42,697 | ERROR   | Solver failed | status=1 | SQP it=0 | KKT=nan | t=0.001s
2025-06-26 12:28:42,699 | ERROR   | Dump saved → debug_logs/fail/tick0351.json
2025-06-26 12:28:42,712 | ERROR   | Solver failed | status=1 | SQP it=0 | KKT=nan | t=0.000s
2025-06-26 12:28:42,714 | ERROR   | Dump saved → debug_logs/fail/tick0352.json
2025-06-26 12:28:42,736 | ERROR   | Solver failed | status=1 | SQP it=0 | KKT=nan | t=0.000s
2025-06-26 12:28:42,738 | ERROR   | Dump saved → debug_logs/fail/tick0353.json
2025-06-26 12:28:42,756 | ERROR   | Solver failed | status=1 | SQP it=0 | KKT=nan | t=0.000s
2025-06-26 12:28:42,758 | ERROR   | Dump saved → debug_logs/fail/tick0354.json
2025-06-26 12:28:42,776 | ERROR   | Solver failed | status=1 | SQP it=0 | KKT=nan | t=0.000s
2025-06-26 12:28:42,779 | ERROR   | Dump saved → debug_logs/fail/tick0355.json
2025-06-26 12:28:42,797 | ERROR   | Solver failed | status=1 | SQP it=0 | KKT=nan | t=0.001s
2025-06-26 12:28:42,800 | ERROR   | Dump saved → debug_logs/fail/tick0356.json
2025-06-26 12:28:42,815 | ERROR   | Solver failed | status=1 | SQP it=0 | KKT=nan | t=0.000s
2025-06-26 12:28:42,818 | ERROR   | Dump saved → debug_logs/fail/tick0357.json
2025-06-26 12:28:42,838 | ERROR   | Solver failed | status=1 | SQP it=0 | KKT=nan | t=0.000s
2025-06-26 12:28:42,840 | ERROR   | Dump saved → debug_logs/fail/tick0358.json
2025-06-26 12:28:42,858 | ERROR   | Solver failed | status=1 | SQP it=0 | KKT=nan | t=0.001s
2025-06-26 12:28:42,860 | ERROR   | Dump saved → debug_logs/fail/tick0359.json
2025-06-26 12:28:42,879 | ERROR   | Solver failed | status=1 | SQP it=0 | KKT=nan | t=0.001s
2025-06-26 12:28:42,881 | ERROR   | Dump saved → debug_logs/fail/tick0360.json
2025-06-26 12:28:42,897 | ERROR   | Solver failed | status=1 | SQP it=0 | KKT=nan | t=0.001s
2025-06-26 12:28:42,900 | ERROR   | Dump saved → debug_logs/fail/tick0361.json
2025-06-26 12:28:42,919 | ERROR   | Solver failed | status=1 | SQP it=0 | KKT=nan | t=0.001s
2025-06-26 12:28:42,921 | ERROR   | Dump saved → debug_logs/fail/tick0362.json
2025-06-26 12:28:42,939 | ERROR   | Solver failed | status=1 | SQP it=0 | KKT=nan | t=0.001s
2025-06-26 12:28:42,941 | ERROR   | Dump saved → debug_logs/fail/tick0363.json
2025-06-26 12:28:42,959 | ERROR   | Solver failed | status=1 | SQP it=0 | KKT=nan | t=0.001s
2025-06-26 12:28:42,961 | ERROR   | Dump saved → debug_logs/fail/tick0364.json
2025-06-26 12:28:42,979 | ERROR   | Solver failed | status=1 | SQP it=0 | KKT=nan | t=0.001s
2025-06-26 12:28:42,981 | ERROR   | Dump saved → debug_logs/fail/tick0365.json
2025-06-26 12:28:42,999 | ERROR   | Solver failed | status=1 | SQP it=0 | KKT=nan | t=0.001s
2025-06-26 12:28:43,001 | ERROR   | Dump saved → debug_logs/fail/tick0366.json
2025-06-26 12:28:43,019 | ERROR   | Solver failed | status=1 | SQP it=0 | KKT=nan | t=0.001s
2025-06-26 12:28:43,021 | ERROR   | Dump saved → debug_logs/fail/tick0367.json
2025-06-26 12:28:43,039 | ERROR   | Solver failed | status=1 | SQP it=0 | KKT=nan | t=0.001s
2025-06-26 12:28:43,042 | ERROR   | Dump saved → debug_logs/fail/tick0368.json
2025-06-26 12:28:43,059 | ERROR   | Solver failed | status=1 | SQP it=0 | KKT=nan | t=0.001s
2025-06-26 12:28:43,061 | ERROR   | Dump saved → debug_logs/fail/tick0369.json
2025-06-26 12:28:43,080 | ERROR   | Solver failed | status=1 | SQP it=0 | KKT=nan | t=0.001s
2025-06-26 12:28:43,082 | ERROR   | Dump saved → debug_logs/fail/tick0370.json
2025-06-26 12:28:43,100 | ERROR   | Solver failed | status=1 | SQP it=0 | KKT=nan | t=0.000s
2025-06-26 12:28:43,102 | ERROR   | Dump saved → debug_logs/fail/tick0371.json
2025-06-26 12:28:43,120 | ERROR   | Solver failed | status=1 | SQP it=0 | KKT=nan | t=0.001s
2025-06-26 12:28:43,122 | ERROR   | Dump saved → debug_logs/fail/tick0372.json
