2025-06-26 12:05:45,074 | INFO    | ===== INITIAL STATE DUMP =====
2025-06-26 12:05:45,074 | DEBUG   | {
  "xcurrent": [
    1.089695930480957,
    1.4088244438171387,
    0.08456537127494812,
    0.0,
    0.0,
    0.0
  ],
  "params": {
    "QC": 10,
    "QC_GATE": 50,
    "QL": 40,
    "MU": 10,
    "DVTHETA_MAX": 1.6,
    "N": 20,
    "T_HORIZON": 1.0,
    "RAMP_TIME": 1.8,
    "BARRIER_WEIGHT": 10,
    "TUNNEL_WIDTH": 0.4,
    "TUNNEL_WIDTH_GATE": 0.15,
    "NARROW_DIST": 0.7,
    "GATE_FLAT_DIST": 0.2,
    "Q_OMEGA": 2,
    "R_VTHETA": 1.0,
    "IN_GATE_RAMP_TIME": 0.3,
    "OUT_GATE_RAMP_TIME": 0.5
  },
  "box_lims": {
    "vtheta_max": 1.6,
    "dvtheta_max": 1.6
  }
}
2025-06-26 12:05:53,948 | ERROR   | Solver failed | status=4 | SQP it=220 | KKT=6.31e-09 | t=0.182s
2025-06-26 12:05:53,949 | ERROR   | Dump saved → debug_logs/fail/tick0223.json
2025-06-26 12:05:53,962 | ERROR   | Solver failed | status=4 | SQP it=1 | KKT=5.49e+02 | t=0.001s
2025-06-26 12:05:53,963 | ERROR   | Dump saved → debug_logs/fail/tick0224.json
2025-06-26 12:05:53,975 | ERROR   | Solver failed | status=4 | SQP it=1 | KKT=5.49e+02 | t=0.001s
2025-06-26 12:05:53,976 | ERROR   | Dump saved → debug_logs/fail/tick0225.json
2025-06-26 12:05:54,436 | ERROR   | Solver failed | status=4 | SQP it=490 | KKT=2.50e-13 | t=0.449s
2025-06-26 12:05:54,436 | ERROR   | Dump saved → debug_logs/fail/tick0226.json
2025-06-26 12:05:54,448 | ERROR   | Solver failed | status=4 | SQP it=1 | KKT=7.24e+03 | t=0.001s
2025-06-26 12:05:54,449 | ERROR   | Dump saved → debug_logs/fail/tick0227.json
