2025-06-05 12:46:25,213 | INFO    | ===== INITIAL STATE DUMP =====
2025-06-05 12:46:25,213 | DEBUG   | {
  "xcurrent": [
    1.0,
    1.5,
    0.07000000029802322,
    0.0,
    0.0,
    0.0
  ],
  "params": {
    "QC": 10,
    "QL": 80,
    "MU": 10,
    "DVTHETA_MAX": 1.5,
    "N": 20,
    "T_HORIZON": 1.05,
    "RAMP_TIME": 1.8,
    "BARRIER_WEIGHT": 10,
    "TUNNEL_WIDTH": 0.25,
    "Q_OMEGA": 2,
    "R_VTHETA": 1.0
  },
  "box_lims": {
    "vtheta_max": 1.5,
    "dvtheta_max": 1.5
  }
}
2025-06-05 12:46:26,479 | ERROR   | Solver failed | status=4 | SQP it=380 | KKT=6.37e-08 | t=1.260s
2025-06-05 12:46:26,481 | ERROR   | Dump saved → debug_logs/fail/tick0000.json
