2025-06-26 12:19:32,726 | INFO    | ===== INITIAL STATE DUMP =====
2025-06-26 12:19:32,726 | DEBUG   | {
  "xcurrent": [
    1.089695930480957,
    1.4088244438171387,
    0.08456537127494812,
    0.0,
    0.0,
    0.0
  ],
  "params": {
    "QC": 10,
    "QC_GATE": 50,
    "QL": 40,
    "MU": 10,
    "DVTHETA_MAX": 1.6,
    "N": 20,
    "T_HORIZON": 1.0,
    "RAMP_TIME": 1.8,
    "BARRIER_WEIGHT": 10,
    "TUNNEL_WIDTH": 0.4,
    "TUNNEL_WIDTH_GATE": 0.15,
    "NARROW_DIST": 0.7,
    "GATE_FLAT_DIST": 0.2,
    "Q_OMEGA": 2,
    "R_VTHETA": 1.0,
    "IN_GATE_RAMP_TIME": 0.3,
    "OUT_GATE_RAMP_TIME": 0.5
  },
  "box_lims": {
    "vtheta_max": 1.6,
    "dvtheta_max": 1.6
  }
}
2025-06-26 12:19:40,162 | ERROR   | Solver failed | status=1 | SQP it=203 | KKT=1.64e-08 | t=0.189s
2025-06-26 12:19:40,163 | ERROR   | Dump saved → debug_logs/fail/tick0116.json
2025-06-26 12:19:40,174 | ERROR   | Solver failed | status=1 | SQP it=0 | KKT=nan | t=0.000s
2025-06-26 12:19:40,174 | ERROR   | Dump saved → debug_logs/fail/tick0117.json
2025-06-26 12:19:40,191 | ERROR   | Solver failed | status=1 | SQP it=0 | KKT=nan | t=0.000s
2025-06-26 12:19:40,191 | ERROR   | Dump saved → debug_logs/fail/tick0118.json
2025-06-26 12:19:40,207 | ERROR   | Solver failed | status=1 | SQP it=0 | KKT=nan | t=0.000s
2025-06-26 12:19:40,208 | ERROR   | Dump saved → debug_logs/fail/tick0119.json
2025-06-26 12:19:40,224 | ERROR   | Solver failed | status=1 | SQP it=0 | KKT=nan | t=0.000s
2025-06-26 12:19:40,225 | ERROR   | Dump saved → debug_logs/fail/tick0120.json
2025-06-26 12:19:40,241 | ERROR   | Solver failed | status=1 | SQP it=0 | KKT=nan | t=0.000s
2025-06-26 12:19:40,241 | ERROR   | Dump saved → debug_logs/fail/tick0121.json
2025-06-26 12:19:40,257 | ERROR   | Solver failed | status=1 | SQP it=0 | KKT=nan | t=0.000s
2025-06-26 12:19:40,258 | ERROR   | Dump saved → debug_logs/fail/tick0122.json
2025-06-26 12:19:40,274 | ERROR   | Solver failed | status=1 | SQP it=0 | KKT=nan | t=0.000s
2025-06-26 12:19:40,275 | ERROR   | Dump saved → debug_logs/fail/tick0123.json
2025-06-26 12:19:40,291 | ERROR   | Solver failed | status=1 | SQP it=0 | KKT=nan | t=0.000s
2025-06-26 12:19:40,291 | ERROR   | Dump saved → debug_logs/fail/tick0124.json
2025-06-26 12:19:40,307 | ERROR   | Solver failed | status=1 | SQP it=0 | KKT=nan | t=0.000s
2025-06-26 12:19:40,308 | ERROR   | Dump saved → debug_logs/fail/tick0125.json
2025-06-26 12:19:40,324 | ERROR   | Solver failed | status=1 | SQP it=0 | KKT=nan | t=0.000s
2025-06-26 12:19:40,325 | ERROR   | Dump saved → debug_logs/fail/tick0126.json
2025-06-26 12:19:40,341 | ERROR   | Solver failed | status=1 | SQP it=0 | KKT=nan | t=0.000s
2025-06-26 12:19:40,341 | ERROR   | Dump saved → debug_logs/fail/tick0127.json
2025-06-26 12:19:40,357 | ERROR   | Solver failed | status=1 | SQP it=0 | KKT=nan | t=0.000s
2025-06-26 12:19:40,358 | ERROR   | Dump saved → debug_logs/fail/tick0128.json
2025-06-26 12:19:40,374 | ERROR   | Solver failed | status=1 | SQP it=0 | KKT=nan | t=0.000s
2025-06-26 12:19:40,375 | ERROR   | Dump saved → debug_logs/fail/tick0129.json
2025-06-26 12:19:40,391 | ERROR   | Solver failed | status=1 | SQP it=0 | KKT=nan | t=0.000s
2025-06-26 12:19:40,391 | ERROR   | Dump saved → debug_logs/fail/tick0130.json
2025-06-26 12:19:40,407 | ERROR   | Solver failed | status=1 | SQP it=0 | KKT=nan | t=0.000s
2025-06-26 12:19:40,408 | ERROR   | Dump saved → debug_logs/fail/tick0131.json
2025-06-26 12:19:40,425 | ERROR   | Solver failed | status=1 | SQP it=0 | KKT=nan | t=0.000s
2025-06-26 12:19:40,425 | ERROR   | Dump saved → debug_logs/fail/tick0132.json
2025-06-26 12:19:40,442 | ERROR   | Solver failed | status=1 | SQP it=0 | KKT=nan | t=0.000s
2025-06-26 12:19:40,442 | ERROR   | Dump saved → debug_logs/fail/tick0133.json
2025-06-26 12:19:40,458 | ERROR   | Solver failed | status=1 | SQP it=0 | KKT=nan | t=0.000s
2025-06-26 12:19:40,458 | ERROR   | Dump saved → debug_logs/fail/tick0134.json
2025-06-26 12:19:41,224 | ERROR   | Solver failed | status=2 | SQP it=1000 | KKT=1.92e-08 | t=0.750s
2025-06-26 12:19:41,225 | ERROR   | Dump saved → debug_logs/fail/tick0135.json
2025-06-26 12:19:41,377 | ERROR   | Solver failed | status=1 | SQP it=151 | KKT=3.46e-09 | t=0.141s
2025-06-26 12:19:41,378 | ERROR   | Dump saved → debug_logs/fail/tick0136.json
2025-06-26 12:19:41,389 | ERROR   | Solver failed | status=1 | SQP it=0 | KKT=nan | t=0.000s
2025-06-26 12:19:41,390 | ERROR   | Dump saved → debug_logs/fail/tick0137.json
2025-06-26 12:19:41,409 | ERROR   | Solver failed | status=1 | SQP it=0 | KKT=nan | t=0.000s
2025-06-26 12:19:41,409 | ERROR   | Dump saved → debug_logs/fail/tick0138.json
2025-06-26 12:19:41,424 | ERROR   | Solver failed | status=1 | SQP it=0 | KKT=nan | t=0.000s
2025-06-26 12:19:41,425 | ERROR   | Dump saved → debug_logs/fail/tick0139.json
2025-06-26 12:19:41,441 | ERROR   | Solver failed | status=1 | SQP it=0 | KKT=nan | t=0.000s
2025-06-26 12:19:41,441 | ERROR   | Dump saved → debug_logs/fail/tick0140.json
2025-06-26 12:19:41,457 | ERROR   | Solver failed | status=1 | SQP it=0 | KKT=nan | t=0.000s
2025-06-26 12:19:41,458 | ERROR   | Dump saved → debug_logs/fail/tick0141.json
2025-06-26 12:19:41,474 | ERROR   | Solver failed | status=1 | SQP it=0 | KKT=nan | t=0.000s
2025-06-26 12:19:41,474 | ERROR   | Dump saved → debug_logs/fail/tick0142.json
2025-06-26 12:19:41,490 | ERROR   | Solver failed | status=1 | SQP it=0 | KKT=nan | t=0.000s
2025-06-26 12:19:41,491 | ERROR   | Dump saved → debug_logs/fail/tick0143.json
2025-06-26 12:19:41,507 | ERROR   | Solver failed | status=1 | SQP it=0 | KKT=nan | t=0.000s
2025-06-26 12:19:41,508 | ERROR   | Dump saved → debug_logs/fail/tick0144.json
2025-06-26 12:19:41,524 | ERROR   | Solver failed | status=1 | SQP it=0 | KKT=nan | t=0.000s
2025-06-26 12:19:41,524 | ERROR   | Dump saved → debug_logs/fail/tick0145.json
2025-06-26 12:19:41,541 | ERROR   | Solver failed | status=1 | SQP it=0 | KKT=nan | t=0.000s
2025-06-26 12:19:41,541 | ERROR   | Dump saved → debug_logs/fail/tick0146.json
2025-06-26 12:19:41,557 | ERROR   | Solver failed | status=1 | SQP it=0 | KKT=nan | t=0.000s
2025-06-26 12:19:41,558 | ERROR   | Dump saved → debug_logs/fail/tick0147.json
2025-06-26 12:19:41,574 | ERROR   | Solver failed | status=1 | SQP it=0 | KKT=nan | t=0.000s
2025-06-26 12:19:41,574 | ERROR   | Dump saved → debug_logs/fail/tick0148.json
2025-06-26 12:19:41,590 | ERROR   | Solver failed | status=1 | SQP it=0 | KKT=nan | t=0.000s
2025-06-26 12:19:41,591 | ERROR   | Dump saved → debug_logs/fail/tick0149.json
2025-06-26 12:19:41,607 | ERROR   | Solver failed | status=1 | SQP it=0 | KKT=nan | t=0.000s
2025-06-26 12:19:41,608 | ERROR   | Dump saved → debug_logs/fail/tick0150.json
2025-06-26 12:19:41,625 | ERROR   | Solver failed | status=1 | SQP it=0 | KKT=nan | t=0.000s
2025-06-26 12:19:41,625 | ERROR   | Dump saved → debug_logs/fail/tick0151.json
2025-06-26 12:19:41,641 | ERROR   | Solver failed | status=1 | SQP it=0 | KKT=nan | t=0.000s
2025-06-26 12:19:41,641 | ERROR   | Dump saved → debug_logs/fail/tick0152.json
2025-06-26 12:19:41,657 | ERROR   | Solver failed | status=1 | SQP it=0 | KKT=nan | t=0.000s
2025-06-26 12:19:41,658 | ERROR   | Dump saved → debug_logs/fail/tick0153.json
2025-06-26 12:19:41,674 | ERROR   | Solver failed | status=1 | SQP it=0 | KKT=nan | t=0.000s
2025-06-26 12:19:41,674 | ERROR   | Dump saved → debug_logs/fail/tick0154.json
2025-06-26 12:19:41,690 | ERROR   | Solver failed | status=1 | SQP it=0 | KKT=nan | t=0.000s
2025-06-26 12:19:41,691 | ERROR   | Dump saved → debug_logs/fail/tick0155.json
2025-06-26 12:19:41,707 | ERROR   | Solver failed | status=1 | SQP it=0 | KKT=nan | t=0.000s
2025-06-26 12:19:41,708 | ERROR   | Dump saved → debug_logs/fail/tick0156.json
2025-06-26 12:19:41,724 | ERROR   | Solver failed | status=1 | SQP it=0 | KKT=nan | t=0.000s
2025-06-26 12:19:41,724 | ERROR   | Dump saved → debug_logs/fail/tick0157.json
2025-06-26 12:19:41,740 | ERROR   | Solver failed | status=1 | SQP it=0 | KKT=nan | t=0.000s
2025-06-26 12:19:41,741 | ERROR   | Dump saved → debug_logs/fail/tick0158.json
