2025-06-26 10:47:01,793 | INFO    | ===== INITIAL STATE DUMP =====
2025-06-26 10:47:01,793 | DEBUG   | {
  "xcurrent": [
    1.011832594871521,
    1.5573978424072266,
    0.07579486817121506,
    -0.0026069264858961105,
    0.0056809657253324986,
    0.0004212794010527432
  ],
  "params": {
    "QC": 10,
    "QC_GATE": 50,
    "QL": 40,
    "MU": 10,
    "DVTHETA_MAX": 1.0,
    "N": 20,
    "T_HORIZON": 1.0,
    "RAMP_TIME": 1.8,
    "BARRIER_WEIGHT": 10,
    "TUNNEL_WIDTH": 0.4,
    "TUNNEL_WIDTH_GATE": 0.1,
    "NARROW_DIST": 0.7,
    "Q_OMEGA": 2,
    "R_VTHETA": 1.0,
    "IN_GATE_RAMP_TIME": 0.3,
    "OUT_GATE_RAMP_TIME": 0.5
  },
  "box_lims": {
    "vtheta_max": 1.0,
    "dvtheta_max": 1.0
  }
}
2025-06-26 10:47:02,860 | ERROR   | Solver failed | status=2 | SQP it=1000 | KKT=1.38e-10 | t=0.562s
2025-06-26 10:47:02,861 | ERROR   | Dump saved → debug_logs/fail/tick0025.json
