2025-06-26 12:43:46,913 | INFO    | ===== INITIAL STATE DUMP =====
2025-06-26 12:43:46,914 | DEBUG   | {
  "xcurrent": [
    1.038385033607483,
    1.5313013792037964,
    0.07353491336107254,
    0.0009360495023429394,
    0.004596088547259569,
    0.006850379519164562
  ],
  "params": {
    "QC": 10,
    "QC_GATE": 50,
    "QL": 40,
    "MU": 10,
    "DVTHETA_MAX": 1.8,
    "N": 20,
    "T_HORIZON": 1.0,
    "RAMP_TIME": 1.8,
    "BARRIER_WEIGHT": 10,
    "TUNNEL_WIDTH": 0.4,
    "TUNNEL_WIDTH_GATE": 0.15,
    "NARROW_DIST": 0.7,
    "GATE_FLAT_DIST": 0.2,
    "Q_OMEGA": 2,
    "R_VTHETA": 1.0,
    "IN_GATE_RAMP_TIME": 0.3,
    "OUT_GATE_RAMP_TIME": 0.5,
    "REG_THRUST": 0.022,
    "REG_INPUTS": 0.1
  },
  "box_lims": {
    "vtheta_max": 1.8,
    "dvtheta_max": 1.8
  }
}
2025-06-26 12:43:51,226 | ERROR   | Solver failed | status=1 | SQP it=74 | KKT=1.14e-08 | t=0.058s
2025-06-26 12:43:51,227 | ERROR   | Dump saved → debug_logs/fail/tick0211.json
2025-06-26 12:43:51,229 | ERROR   | Solver failed | status=1 | SQP it=0 | KKT=nan | t=0.000s
2025-06-26 12:43:51,229 | ERROR   | Dump saved → debug_logs/fail/tick0212.json
2025-06-26 12:43:51,249 | ERROR   | Solver failed | status=1 | SQP it=0 | KKT=nan | t=0.000s
2025-06-26 12:43:51,250 | ERROR   | Dump saved → debug_logs/fail/tick0213.json
2025-06-26 12:43:51,271 | ERROR   | Solver failed | status=1 | SQP it=0 | KKT=nan | t=0.000s
2025-06-26 12:43:51,272 | ERROR   | Dump saved → debug_logs/fail/tick0214.json
2025-06-26 12:43:51,293 | ERROR   | Solver failed | status=1 | SQP it=0 | KKT=nan | t=0.000s
2025-06-26 12:43:51,295 | ERROR   | Dump saved → debug_logs/fail/tick0215.json
2025-06-26 12:43:51,532 | ERROR   | Solver failed | status=4 | SQP it=169 | KKT=6.08e-08 | t=0.218s
2025-06-26 12:43:51,533 | ERROR   | Dump saved → debug_logs/fail/tick0216.json
2025-06-26 12:43:51,572 | ERROR   | Solver failed | status=4 | SQP it=57 | KKT=1.82e-12 | t=0.037s
2025-06-26 12:43:51,572 | ERROR   | Dump saved → debug_logs/fail/tick0217.json
2025-06-26 12:43:51,928 | ERROR   | Solver failed | status=4 | SQP it=558 | KKT=6.99e-08 | t=0.354s
2025-06-26 12:43:51,929 | ERROR   | Dump saved → debug_logs/fail/tick0218.json
