2025-06-26 10:41:11,700 | INFO    | ===== INITIAL STATE DUMP =====
2025-06-26 10:41:11,701 | DEBUG   | {
  "xcurrent": [
    1.089695930480957,
    1.4088244438171387,
    0.08456537127494812,
    0.0,
    0.0,
    0.0
  ],
  "params": {
    "QC": 10,
    "QC_GATE": 50,
    "QL": 40,
    "MU": 10,
    "DVTHETA_MAX": 1.0,
    "N": 20,
    "T_HORIZON": 1.0,
    "RAMP_TIME": 1.8,
    "BARRIER_WEIGHT": 10,
    "TUNNEL_WIDTH": 0.5,
    "TUNNEL_WIDTH_GATE": 0.1,
    "NARROW_DIST": 0.7,
    "Q_OMEGA": 2,
    "R_VTHETA": 1.0,
    "IN_GATE_RAMP_TIME": 0.3,
    "OUT_GATE_RAMP_TIME": 0.5
  },
  "box_lims": {
    "vtheta_max": 1.0,
    "dvtheta_max": 1.0
  }
}
2025-06-26 10:41:18,216 | ERROR   | Solver failed | status=1 | SQP it=61 | KKT=3.16e-11 | t=0.057s
2025-06-26 10:41:18,217 | ERROR   | Dump saved → debug_logs/fail/tick0311.json
2025-06-26 10:41:18,235 | ERROR   | Solver failed | status=1 | SQP it=5 | KKT=0.00e+00 | t=0.007s
2025-06-26 10:41:18,236 | ERROR   | Dump saved → debug_logs/fail/tick0312.json
2025-06-26 10:41:18,246 | ERROR   | Solver failed | status=1 | SQP it=0 | KKT=nan | t=0.000s
2025-06-26 10:41:18,247 | ERROR   | Dump saved → debug_logs/fail/tick0313.json
2025-06-26 10:41:18,258 | ERROR   | Solver failed | status=1 | SQP it=0 | KKT=nan | t=0.000s
2025-06-26 10:41:18,259 | ERROR   | Dump saved → debug_logs/fail/tick0314.json
2025-06-26 10:41:18,275 | ERROR   | Solver failed | status=1 | SQP it=0 | KKT=nan | t=0.000s
2025-06-26 10:41:18,276 | ERROR   | Dump saved → debug_logs/fail/tick0315.json
2025-06-26 10:41:18,292 | ERROR   | Solver failed | status=1 | SQP it=0 | KKT=nan | t=0.000s
2025-06-26 10:41:18,292 | ERROR   | Dump saved → debug_logs/fail/tick0316.json
2025-06-26 10:41:18,308 | ERROR   | Solver failed | status=1 | SQP it=0 | KKT=nan | t=0.000s
2025-06-26 10:41:18,309 | ERROR   | Dump saved → debug_logs/fail/tick0317.json
2025-06-26 10:41:18,325 | ERROR   | Solver failed | status=1 | SQP it=0 | KKT=nan | t=0.000s
2025-06-26 10:41:18,326 | ERROR   | Dump saved → debug_logs/fail/tick0318.json
2025-06-26 10:41:18,342 | ERROR   | Solver failed | status=1 | SQP it=0 | KKT=nan | t=0.000s
2025-06-26 10:41:18,342 | ERROR   | Dump saved → debug_logs/fail/tick0319.json
2025-06-26 10:41:18,358 | ERROR   | Solver failed | status=1 | SQP it=0 | KKT=nan | t=0.000s
2025-06-26 10:41:18,359 | ERROR   | Dump saved → debug_logs/fail/tick0320.json
2025-06-26 10:41:18,375 | ERROR   | Solver failed | status=1 | SQP it=0 | KKT=nan | t=0.000s
2025-06-26 10:41:18,376 | ERROR   | Dump saved → debug_logs/fail/tick0321.json
2025-06-26 10:41:18,392 | ERROR   | Solver failed | status=1 | SQP it=0 | KKT=nan | t=0.000s
2025-06-26 10:41:18,392 | ERROR   | Dump saved → debug_logs/fail/tick0322.json
2025-06-26 10:41:18,408 | ERROR   | Solver failed | status=1 | SQP it=0 | KKT=nan | t=0.000s
2025-06-26 10:41:18,409 | ERROR   | Dump saved → debug_logs/fail/tick0323.json
2025-06-26 10:41:18,425 | ERROR   | Solver failed | status=1 | SQP it=0 | KKT=nan | t=0.000s
2025-06-26 10:41:18,426 | ERROR   | Dump saved → debug_logs/fail/tick0324.json
2025-06-26 10:41:18,442 | ERROR   | Solver failed | status=1 | SQP it=0 | KKT=nan | t=0.000s
2025-06-26 10:41:18,442 | ERROR   | Dump saved → debug_logs/fail/tick0325.json
2025-06-26 10:41:18,458 | ERROR   | Solver failed | status=1 | SQP it=0 | KKT=nan | t=0.000s
2025-06-26 10:41:18,459 | ERROR   | Dump saved → debug_logs/fail/tick0326.json
2025-06-26 10:41:18,475 | ERROR   | Solver failed | status=1 | SQP it=0 | KKT=nan | t=0.000s
2025-06-26 10:41:18,476 | ERROR   | Dump saved → debug_logs/fail/tick0327.json
2025-06-26 10:41:18,492 | ERROR   | Solver failed | status=1 | SQP it=0 | KKT=nan | t=0.000s
2025-06-26 10:41:18,492 | ERROR   | Dump saved → debug_logs/fail/tick0328.json
2025-06-26 10:41:18,511 | ERROR   | Solver failed | status=1 | SQP it=2 | KKT=4.61e+02 | t=0.003s
2025-06-26 10:41:18,512 | ERROR   | Dump saved → debug_logs/fail/tick0329.json
2025-06-26 10:41:18,526 | ERROR   | Solver failed | status=1 | SQP it=0 | KKT=nan | t=0.000s
2025-06-26 10:41:18,526 | ERROR   | Dump saved → debug_logs/fail/tick0330.json
2025-06-26 10:41:18,542 | ERROR   | Solver failed | status=1 | SQP it=0 | KKT=nan | t=0.000s
2025-06-26 10:41:18,542 | ERROR   | Dump saved → debug_logs/fail/tick0331.json
2025-06-26 10:41:18,559 | ERROR   | Solver failed | status=1 | SQP it=0 | KKT=nan | t=0.000s
2025-06-26 10:41:18,560 | ERROR   | Dump saved → debug_logs/fail/tick0332.json
2025-06-26 10:41:18,575 | ERROR   | Solver failed | status=1 | SQP it=0 | KKT=nan | t=0.000s
2025-06-26 10:41:18,576 | ERROR   | Dump saved → debug_logs/fail/tick0333.json
2025-06-26 10:41:18,592 | ERROR   | Solver failed | status=1 | SQP it=0 | KKT=nan | t=0.000s
2025-06-26 10:41:18,593 | ERROR   | Dump saved → debug_logs/fail/tick0334.json
2025-06-26 10:41:18,608 | ERROR   | Solver failed | status=1 | SQP it=0 | KKT=nan | t=0.000s
2025-06-26 10:41:18,609 | ERROR   | Dump saved → debug_logs/fail/tick0335.json
2025-06-26 10:41:18,625 | ERROR   | Solver failed | status=1 | SQP it=0 | KKT=nan | t=0.000s
2025-06-26 10:41:18,626 | ERROR   | Dump saved → debug_logs/fail/tick0336.json
2025-06-26 10:41:18,642 | ERROR   | Solver failed | status=1 | SQP it=0 | KKT=nan | t=0.000s
2025-06-26 10:41:18,642 | ERROR   | Dump saved → debug_logs/fail/tick0337.json
2025-06-26 10:41:18,658 | ERROR   | Solver failed | status=1 | SQP it=0 | KKT=nan | t=0.000s
2025-06-26 10:41:18,659 | ERROR   | Dump saved → debug_logs/fail/tick0338.json
2025-06-26 10:41:18,675 | ERROR   | Solver failed | status=1 | SQP it=0 | KKT=nan | t=0.000s
2025-06-26 10:41:18,676 | ERROR   | Dump saved → debug_logs/fail/tick0339.json
2025-06-26 10:41:18,692 | ERROR   | Solver failed | status=1 | SQP it=0 | KKT=nan | t=0.000s
2025-06-26 10:41:18,692 | ERROR   | Dump saved → debug_logs/fail/tick0340.json
2025-06-26 10:41:18,708 | ERROR   | Solver failed | status=1 | SQP it=0 | KKT=nan | t=0.000s
2025-06-26 10:41:18,709 | ERROR   | Dump saved → debug_logs/fail/tick0341.json
2025-06-26 10:41:18,725 | ERROR   | Solver failed | status=1 | SQP it=0 | KKT=nan | t=0.000s
2025-06-26 10:41:18,726 | ERROR   | Dump saved → debug_logs/fail/tick0342.json
2025-06-26 10:41:18,742 | ERROR   | Solver failed | status=1 | SQP it=0 | KKT=nan | t=0.000s
2025-06-26 10:41:18,743 | ERROR   | Dump saved → debug_logs/fail/tick0343.json
2025-06-26 10:41:18,758 | ERROR   | Solver failed | status=1 | SQP it=0 | KKT=nan | t=0.000s
2025-06-26 10:41:18,759 | ERROR   | Dump saved → debug_logs/fail/tick0344.json
2025-06-26 10:41:18,776 | ERROR   | Solver failed | status=1 | SQP it=0 | KKT=nan | t=0.000s
2025-06-26 10:41:18,776 | ERROR   | Dump saved → debug_logs/fail/tick0345.json
2025-06-26 10:41:18,791 | ERROR   | Solver failed | status=1 | SQP it=0 | KKT=nan | t=0.000s
2025-06-26 10:41:18,792 | ERROR   | Dump saved → debug_logs/fail/tick0346.json
2025-06-26 10:41:18,808 | ERROR   | Solver failed | status=1 | SQP it=0 | KKT=nan | t=0.000s
2025-06-26 10:41:18,809 | ERROR   | Dump saved → debug_logs/fail/tick0347.json
2025-06-26 10:41:18,825 | ERROR   | Solver failed | status=1 | SQP it=0 | KKT=nan | t=0.000s
2025-06-26 10:41:18,826 | ERROR   | Dump saved → debug_logs/fail/tick0348.json
2025-06-26 10:41:18,842 | ERROR   | Solver failed | status=1 | SQP it=0 | KKT=nan | t=0.000s
2025-06-26 10:41:18,843 | ERROR   | Dump saved → debug_logs/fail/tick0349.json
2025-06-26 10:41:18,859 | ERROR   | Solver failed | status=1 | SQP it=0 | KKT=nan | t=0.000s
2025-06-26 10:41:18,859 | ERROR   | Dump saved → debug_logs/fail/tick0350.json
2025-06-26 10:41:18,876 | ERROR   | Solver failed | status=1 | SQP it=0 | KKT=nan | t=0.000s
2025-06-26 10:41:18,876 | ERROR   | Dump saved → debug_logs/fail/tick0351.json
2025-06-26 10:41:18,892 | ERROR   | Solver failed | status=1 | SQP it=0 | KKT=nan | t=0.000s
2025-06-26 10:41:18,893 | ERROR   | Dump saved → debug_logs/fail/tick0352.json
2025-06-26 10:41:18,909 | ERROR   | Solver failed | status=1 | SQP it=0 | KKT=nan | t=0.000s
2025-06-26 10:41:18,909 | ERROR   | Dump saved → debug_logs/fail/tick0353.json
