2025-06-26 12:16:07,356 | INFO    | ===== INITIAL STATE DUMP =====
2025-06-26 12:16:07,356 | DEBUG   | {
  "xcurrent": [
    1.089695930480957,
    1.4088244438171387,
    0.08456537127494812,
    0.0,
    0.0,
    0.0
  ],
  "params": {
    "QC": 10,
    "QC_GATE": 50,
    "QL": 40,
    "MU": 10,
    "DVTHETA_MAX": 1.6,
    "N": 20,
    "T_HORIZON": 1.0,
    "RAMP_TIME": 1.8,
    "BARRIER_WEIGHT": 10,
    "TUNNEL_WIDTH": 0.4,
    "TUNNEL_WIDTH_GATE": 0.15,
    "NARROW_DIST": 0.7,
    "GATE_FLAT_DIST": 0.2,
    "Q_OMEGA": 2,
    "R_VTHETA": 1.0,
    "IN_GATE_RAMP_TIME": 0.3,
    "OUT_GATE_RAMP_TIME": 0.5
  },
  "box_lims": {
    "vtheta_max": 1.6,
    "dvtheta_max": 1.6
  }
}
2025-06-26 12:16:12,566 | ERROR   | Solver failed | status=4 | SQP it=220 | KKT=6.31e-09 | t=0.178s
2025-06-26 12:16:12,566 | ERROR   | Dump saved → debug_logs/fail/tick0223.json
2025-06-26 12:16:12,574 | ERROR   | Solver failed | status=4 | SQP it=1 | KKT=5.49e+02 | t=0.001s
2025-06-26 12:16:12,575 | ERROR   | Dump saved → debug_logs/fail/tick0224.json
2025-06-26 12:16:12,589 | ERROR   | Solver failed | status=4 | SQP it=1 | KKT=5.49e+02 | t=0.001s
2025-06-26 12:16:12,590 | ERROR   | Dump saved → debug_logs/fail/tick0225.json
2025-06-26 12:16:13,044 | ERROR   | Solver failed | status=4 | SQP it=490 | KKT=2.50e-13 | t=0.440s
2025-06-26 12:16:13,045 | ERROR   | Dump saved → debug_logs/fail/tick0226.json
2025-06-26 12:16:13,053 | ERROR   | Solver failed | status=4 | SQP it=1 | KKT=7.24e+03 | t=0.001s
2025-06-26 12:16:13,053 | ERROR   | Dump saved → debug_logs/fail/tick0227.json
2025-06-26 12:16:13,061 | ERROR   | Solver failed | status=4 | SQP it=1 | KKT=7.24e+03 | t=0.001s
2025-06-26 12:16:13,061 | ERROR   | Dump saved → debug_logs/fail/tick0228.json
2025-06-26 12:16:13,459 | ERROR   | Solver failed | status=1 | SQP it=437 | KKT=1.72e-09 | t=0.387s
2025-06-26 12:16:13,459 | ERROR   | Dump saved → debug_logs/fail/tick0229.json
2025-06-26 12:16:13,467 | ERROR   | Solver failed | status=1 | SQP it=0 | KKT=nan | t=0.000s
2025-06-26 12:16:13,467 | ERROR   | Dump saved → debug_logs/fail/tick0230.json
2025-06-26 12:16:13,474 | ERROR   | Solver failed | status=1 | SQP it=0 | KKT=nan | t=0.000s
2025-06-26 12:16:13,475 | ERROR   | Dump saved → debug_logs/fail/tick0231.json
2025-06-26 12:16:13,489 | ERROR   | Solver failed | status=1 | SQP it=0 | KKT=nan | t=0.000s
2025-06-26 12:16:13,490 | ERROR   | Dump saved → debug_logs/fail/tick0232.json
2025-06-26 12:16:13,505 | ERROR   | Solver failed | status=1 | SQP it=0 | KKT=nan | t=0.000s
2025-06-26 12:16:13,505 | ERROR   | Dump saved → debug_logs/fail/tick0233.json
2025-06-26 12:16:13,522 | ERROR   | Solver failed | status=1 | SQP it=0 | KKT=nan | t=0.000s
2025-06-26 12:16:13,522 | ERROR   | Dump saved → debug_logs/fail/tick0234.json
2025-06-26 12:16:13,538 | ERROR   | Solver failed | status=1 | SQP it=0 | KKT=nan | t=0.000s
2025-06-26 12:16:13,539 | ERROR   | Dump saved → debug_logs/fail/tick0235.json
2025-06-26 12:16:13,555 | ERROR   | Solver failed | status=1 | SQP it=0 | KKT=nan | t=0.000s
2025-06-26 12:16:13,555 | ERROR   | Dump saved → debug_logs/fail/tick0236.json
2025-06-26 12:16:13,571 | ERROR   | Solver failed | status=1 | SQP it=0 | KKT=nan | t=0.000s
2025-06-26 12:16:13,572 | ERROR   | Dump saved → debug_logs/fail/tick0237.json
2025-06-26 12:16:13,588 | ERROR   | Solver failed | status=1 | SQP it=0 | KKT=nan | t=0.000s
2025-06-26 12:16:13,589 | ERROR   | Dump saved → debug_logs/fail/tick0238.json
2025-06-26 12:16:13,605 | ERROR   | Solver failed | status=1 | SQP it=0 | KKT=nan | t=0.000s
2025-06-26 12:16:13,605 | ERROR   | Dump saved → debug_logs/fail/tick0239.json
2025-06-26 12:16:13,622 | ERROR   | Solver failed | status=1 | SQP it=0 | KKT=nan | t=0.000s
2025-06-26 12:16:13,622 | ERROR   | Dump saved → debug_logs/fail/tick0240.json
2025-06-26 12:16:13,638 | ERROR   | Solver failed | status=1 | SQP it=0 | KKT=nan | t=0.000s
2025-06-26 12:16:13,639 | ERROR   | Dump saved → debug_logs/fail/tick0241.json
2025-06-26 12:16:13,655 | ERROR   | Solver failed | status=1 | SQP it=0 | KKT=nan | t=0.000s
2025-06-26 12:16:13,655 | ERROR   | Dump saved → debug_logs/fail/tick0242.json
2025-06-26 12:16:13,680 | ERROR   | Solver failed | status=1 | SQP it=7 | KKT=1.00e+00 | t=0.009s
2025-06-26 12:16:13,681 | ERROR   | Dump saved → debug_logs/fail/tick0243.json
2025-06-26 12:16:13,688 | ERROR   | Solver failed | status=1 | SQP it=0 | KKT=nan | t=0.000s
2025-06-26 12:16:13,689 | ERROR   | Dump saved → debug_logs/fail/tick0244.json
2025-06-26 12:16:13,705 | ERROR   | Solver failed | status=1 | SQP it=0 | KKT=nan | t=0.000s
2025-06-26 12:16:13,706 | ERROR   | Dump saved → debug_logs/fail/tick0245.json
2025-06-26 12:16:13,722 | ERROR   | Solver failed | status=1 | SQP it=0 | KKT=nan | t=0.000s
2025-06-26 12:16:13,723 | ERROR   | Dump saved → debug_logs/fail/tick0246.json
2025-06-26 12:16:13,738 | ERROR   | Solver failed | status=1 | SQP it=0 | KKT=nan | t=0.000s
2025-06-26 12:16:13,739 | ERROR   | Dump saved → debug_logs/fail/tick0247.json
2025-06-26 12:16:13,755 | ERROR   | Solver failed | status=1 | SQP it=0 | KKT=nan | t=0.000s
2025-06-26 12:16:13,756 | ERROR   | Dump saved → debug_logs/fail/tick0248.json
2025-06-26 12:16:13,771 | ERROR   | Solver failed | status=1 | SQP it=0 | KKT=nan | t=0.000s
2025-06-26 12:16:13,772 | ERROR   | Dump saved → debug_logs/fail/tick0249.json
2025-06-26 12:16:13,788 | ERROR   | Solver failed | status=1 | SQP it=0 | KKT=nan | t=0.000s
2025-06-26 12:16:13,789 | ERROR   | Dump saved → debug_logs/fail/tick0250.json
2025-06-26 12:16:13,805 | ERROR   | Solver failed | status=1 | SQP it=0 | KKT=nan | t=0.000s
2025-06-26 12:16:13,806 | ERROR   | Dump saved → debug_logs/fail/tick0251.json
2025-06-26 12:16:13,822 | ERROR   | Solver failed | status=1 | SQP it=0 | KKT=nan | t=0.000s
2025-06-26 12:16:13,822 | ERROR   | Dump saved → debug_logs/fail/tick0252.json
2025-06-26 12:16:13,838 | ERROR   | Solver failed | status=1 | SQP it=0 | KKT=nan | t=0.000s
2025-06-26 12:16:13,839 | ERROR   | Dump saved → debug_logs/fail/tick0253.json
2025-06-26 12:16:13,855 | ERROR   | Solver failed | status=1 | SQP it=0 | KKT=nan | t=0.000s
2025-06-26 12:16:13,855 | ERROR   | Dump saved → debug_logs/fail/tick0254.json
2025-06-26 12:16:13,871 | ERROR   | Solver failed | status=1 | SQP it=0 | KKT=nan | t=0.000s
2025-06-26 12:16:13,872 | ERROR   | Dump saved → debug_logs/fail/tick0255.json
