2025-06-26 10:53:28,839 | INFO    | ===== INITIAL STATE DUMP =====
2025-06-26 10:53:28,840 | DEBUG   | {
  "xcurrent": [
    1.0050632953643799,
    1.55808424949646,
    0.0755903571844101,
    7.145806739572436e-05,
    0.0007274631061591208,
    0.005258022341877222
  ],
  "params": {
    "QC": 10,
    "QC_GATE": 50,
    "QL": 40,
    "MU": 6,
    "DVTHETA_MAX": 1.0,
    "N": 20,
    "T_HORIZON": 1.0,
    "RAMP_TIME": 1.8,
    "BARRIER_WEIGHT": 10,
    "TUNNEL_WIDTH": 0.4,
    "TUNNEL_WIDTH_GATE": 0.1,
    "NARROW_DIST": 0.7,
    "Q_OMEGA": 2,
    "R_VTHETA": 1.0,
    "IN_GATE_RAMP_TIME": 0.3,
    "OUT_GATE_RAMP_TIME": 0.5
  },
  "box_lims": {
    "vtheta_max": 1.0,
    "dvtheta_max": 1.0
  }
}
2025-06-26 10:53:29,635 | ERROR   | Solver failed | status=2 | SQP it=100 | KKT=1.45e-11 | t=0.068s
2025-06-26 10:53:29,636 | ERROR   | Dump saved → debug_logs/fail/tick0036.json
2025-06-26 10:53:29,719 | ERROR   | Solver failed | status=2 | SQP it=100 | KKT=2.70e-11 | t=0.081s
2025-06-26 10:53:29,720 | ERROR   | Dump saved → debug_logs/fail/tick0037.json
2025-06-26 10:53:29,730 | ERROR   | Solver failed | status=1 | SQP it=7 | KKT=1.00e+00 | t=0.007s
2025-06-26 10:53:29,731 | ERROR   | Dump saved → debug_logs/fail/tick0038.json
2025-06-26 10:53:29,743 | ERROR   | Solver failed | status=1 | SQP it=0 | KKT=nan | t=0.000s
2025-06-26 10:53:29,744 | ERROR   | Dump saved → debug_logs/fail/tick0039.json
2025-06-26 10:53:29,764 | ERROR   | Solver failed | status=1 | SQP it=0 | KKT=nan | t=0.000s
2025-06-26 10:53:29,764 | ERROR   | Dump saved → debug_logs/fail/tick0040.json
2025-06-26 10:53:29,783 | ERROR   | Solver failed | status=1 | SQP it=0 | KKT=nan | t=0.000s
2025-06-26 10:53:29,784 | ERROR   | Dump saved → debug_logs/fail/tick0041.json
2025-06-26 10:53:29,804 | ERROR   | Solver failed | status=1 | SQP it=0 | KKT=nan | t=0.000s
2025-06-26 10:53:29,804 | ERROR   | Dump saved → debug_logs/fail/tick0042.json
2025-06-26 10:53:29,823 | ERROR   | Solver failed | status=1 | SQP it=0 | KKT=nan | t=0.000s
2025-06-26 10:53:29,824 | ERROR   | Dump saved → debug_logs/fail/tick0043.json
2025-06-26 10:53:29,844 | ERROR   | Solver failed | status=1 | SQP it=0 | KKT=nan | t=0.000s
2025-06-26 10:53:29,844 | ERROR   | Dump saved → debug_logs/fail/tick0044.json
2025-06-26 10:53:29,864 | ERROR   | Solver failed | status=1 | SQP it=0 | KKT=nan | t=0.000s
2025-06-26 10:53:29,865 | ERROR   | Dump saved → debug_logs/fail/tick0045.json
2025-06-26 10:53:29,884 | ERROR   | Solver failed | status=1 | SQP it=0 | KKT=nan | t=0.000s
2025-06-26 10:53:29,885 | ERROR   | Dump saved → debug_logs/fail/tick0046.json
2025-06-26 10:53:29,904 | ERROR   | Solver failed | status=1 | SQP it=0 | KKT=nan | t=0.000s
2025-06-26 10:53:29,905 | ERROR   | Dump saved → debug_logs/fail/tick0047.json
2025-06-26 10:53:29,924 | ERROR   | Solver failed | status=1 | SQP it=0 | KKT=nan | t=0.000s
2025-06-26 10:53:29,925 | ERROR   | Dump saved → debug_logs/fail/tick0048.json
2025-06-26 10:53:29,944 | ERROR   | Solver failed | status=1 | SQP it=0 | KKT=nan | t=0.000s
2025-06-26 10:53:29,945 | ERROR   | Dump saved → debug_logs/fail/tick0049.json
2025-06-26 10:53:29,965 | ERROR   | Solver failed | status=1 | SQP it=0 | KKT=nan | t=0.000s
2025-06-26 10:53:29,966 | ERROR   | Dump saved → debug_logs/fail/tick0050.json
