2025-06-26 10:45:40,789 | INFO    | ===== INITIAL STATE DUMP =====
2025-06-26 10:45:40,789 | DEBUG   | {
  "xcurrent": [
    1.0282970666885376,
    1.5557407140731812,
    0.07564935833215714,
    0.0026181198190897703,
    -0.0008794805617071688,
    0.0038464036770164967
  ],
  "params": {
    "QC": 10,
    "QC_GATE": 50,
    "QL": 40,
    "MU": 10,
    "DVTHETA_MAX": 1.0,
    "N": 20,
    "T_HORIZON": 1.0,
    "RAMP_TIME": 1.8,
    "BARRIER_WEIGHT": 10,
    "TUNNEL_WIDTH": 0.4,
    "TUNNEL_WIDTH_GATE": 0.1,
    "NARROW_DIST": 0.7,
    "Q_OMEGA": 2,
    "R_VTHETA": 1.0,
    "IN_GATE_RAMP_TIME": 0.3,
    "OUT_GATE_RAMP_TIME": 0.5
  },
  "box_lims": {
    "vtheta_max": 1.0,
    "dvtheta_max": 1.0
  }
}
2025-06-26 10:45:41,988 | ERROR   | Solver failed | status=2 | SQP it=1000 | KKT=2.70e-08 | t=0.514s
2025-06-26 10:45:41,994 | ERROR   | Dump saved → debug_logs/fail/tick0034.json
2025-06-26 10:45:42,022 | ERROR   | Solver failed | status=1 | SQP it=26 | KKT=4.18e-08 | t=0.026s
2025-06-26 10:45:42,023 | ERROR   | Dump saved → debug_logs/fail/tick0035.json
2025-06-26 10:45:42,025 | ERROR   | Solver failed | status=1 | SQP it=0 | KKT=nan | t=0.000s
2025-06-26 10:45:42,026 | ERROR   | Dump saved → debug_logs/fail/tick0036.json
2025-06-26 10:45:42,045 | ERROR   | Solver failed | status=1 | SQP it=0 | KKT=nan | t=0.000s
2025-06-26 10:45:42,046 | ERROR   | Dump saved → debug_logs/fail/tick0037.json
2025-06-26 10:45:42,065 | ERROR   | Solver failed | status=1 | SQP it=0 | KKT=nan | t=0.000s
2025-06-26 10:45:42,066 | ERROR   | Dump saved → debug_logs/fail/tick0038.json
2025-06-26 10:45:42,085 | ERROR   | Solver failed | status=1 | SQP it=0 | KKT=nan | t=0.000s
2025-06-26 10:45:42,086 | ERROR   | Dump saved → debug_logs/fail/tick0039.json
2025-06-26 10:45:42,106 | ERROR   | Solver failed | status=1 | SQP it=0 | KKT=nan | t=0.000s
2025-06-26 10:45:42,106 | ERROR   | Dump saved → debug_logs/fail/tick0040.json
2025-06-26 10:45:42,126 | ERROR   | Solver failed | status=1 | SQP it=0 | KKT=nan | t=0.000s
2025-06-26 10:45:42,126 | ERROR   | Dump saved → debug_logs/fail/tick0041.json
2025-06-26 10:45:42,146 | ERROR   | Solver failed | status=1 | SQP it=0 | KKT=nan | t=0.000s
2025-06-26 10:45:42,147 | ERROR   | Dump saved → debug_logs/fail/tick0042.json
2025-06-26 10:45:42,166 | ERROR   | Solver failed | status=1 | SQP it=0 | KKT=nan | t=0.001s
2025-06-26 10:45:42,167 | ERROR   | Dump saved → debug_logs/fail/tick0043.json
2025-06-26 10:45:42,186 | ERROR   | Solver failed | status=1 | SQP it=0 | KKT=nan | t=0.000s
2025-06-26 10:45:42,187 | ERROR   | Dump saved → debug_logs/fail/tick0044.json
2025-06-26 10:45:42,206 | ERROR   | Solver failed | status=1 | SQP it=0 | KKT=nan | t=0.000s
2025-06-26 10:45:42,207 | ERROR   | Dump saved → debug_logs/fail/tick0045.json
2025-06-26 10:45:42,226 | ERROR   | Solver failed | status=1 | SQP it=0 | KKT=nan | t=0.000s
2025-06-26 10:45:42,227 | ERROR   | Dump saved → debug_logs/fail/tick0046.json
2025-06-26 10:45:42,247 | ERROR   | Solver failed | status=1 | SQP it=0 | KKT=nan | t=0.000s
2025-06-26 10:45:42,247 | ERROR   | Dump saved → debug_logs/fail/tick0047.json
2025-06-26 10:45:42,267 | ERROR   | Solver failed | status=1 | SQP it=0 | KKT=nan | t=0.000s
2025-06-26 10:45:42,267 | ERROR   | Dump saved → debug_logs/fail/tick0048.json
2025-06-26 10:45:42,287 | ERROR   | Solver failed | status=1 | SQP it=0 | KKT=nan | t=0.000s
2025-06-26 10:45:42,287 | ERROR   | Dump saved → debug_logs/fail/tick0049.json
2025-06-26 10:45:42,307 | ERROR   | Solver failed | status=1 | SQP it=0 | KKT=nan | t=0.000s
2025-06-26 10:45:42,307 | ERROR   | Dump saved → debug_logs/fail/tick0050.json
2025-06-26 10:45:42,327 | ERROR   | Solver failed | status=1 | SQP it=0 | KKT=nan | t=0.000s
2025-06-26 10:45:42,327 | ERROR   | Dump saved → debug_logs/fail/tick0051.json
