2025-06-26 11:04:25,965 | INFO    | ===== INITIAL STATE DUMP =====
2025-06-26 11:04:25,966 | DEBUG   | {
  "xcurrent": [
    1.0275181531906128,
    1.563769817352295,
    0.07355092465877533,
    0.0036044835578650236,
    -0.00227457657456398,
    6.784370634704828e-05
  ],
  "params": {
    "QC": 10,
    "QC_GATE": 50,
    "QL": 40,
    "MU": 10,
    "DVTHETA_MAX": 1.3,
    "N": 20,
    "T_HORIZON": 1.0,
    "RAMP_TIME": 1.8,
    "BARRIER_WEIGHT": 10,
    "TUNNEL_WIDTH": 0.4,
    "TUNNEL_WIDTH_GATE": 0.1,
    "NARROW_DIST": 0.7,
    "Q_OMEGA": 2,
    "R_VTHETA": 1.0,
    "IN_GATE_RAMP_TIME": 0.3,
    "OUT_GATE_RAMP_TIME": 0.5
  },
  "box_lims": {
    "vtheta_max": 1.3,
    "dvtheta_max": 1.3
  }
}
