2025-06-26 10:59:49,899 | INFO    | ===== INITIAL STATE DUMP =====
2025-06-26 10:59:49,899 | DEBUG   | {
  "xcurrent": [
    1.01197350025177,
    1.557854175567627,
    0.07377311587333679,
    -0.0014112285571172833,
    -0.002780886832624674,
    -0.002857488812878728
  ],
  "params": {
    "QC": 10,
    "QC_GATE": 50,
    "QL": 40,
    "MU": 10,
    "DVTHETA_MAX": 1.0,
    "N": 20,
    "T_HORIZON": 1.0,
    "RAMP_TIME": 1.8,
    "BARRIER_WEIGHT": 10,
    "TUNNEL_WIDTH": 0.4,
    "TUNNEL_WIDTH_GATE": 0.1,
    "NARROW_DIST": 0.7,
    "Q_OMEGA": 2,
    "R_VTHETA": 1.0,
    "IN_GATE_RAMP_TIME": 0.3,
    "OUT_GATE_RAMP_TIME": 0.5
  },
  "box_lims": {
    "vtheta_max": 1.0,
    "dvtheta_max": 1.0
  }
}
2025-06-26 11:00:06,917 | ERROR   | Solver failed | status=1 | SQP it=65 | KKT=7.57e-08 | t=0.058s
2025-06-26 11:00:06,918 | ERROR   | Dump saved → debug_logs/fail/tick0843.json
2025-06-26 11:00:06,921 | ERROR   | Solver failed | status=1 | SQP it=0 | KKT=nan | t=0.000s
2025-06-26 11:00:06,921 | ERROR   | Dump saved → debug_logs/fail/tick0844.json
2025-06-26 11:00:06,941 | ERROR   | Solver failed | status=1 | SQP it=0 | KKT=nan | t=0.000s
2025-06-26 11:00:06,942 | ERROR   | Dump saved → debug_logs/fail/tick0845.json
2025-06-26 11:00:06,961 | ERROR   | Solver failed | status=1 | SQP it=0 | KKT=nan | t=0.000s
2025-06-26 11:00:06,962 | ERROR   | Dump saved → debug_logs/fail/tick0846.json
2025-06-26 11:00:06,982 | ERROR   | Solver failed | status=1 | SQP it=0 | KKT=nan | t=0.000s
2025-06-26 11:00:06,983 | ERROR   | Dump saved → debug_logs/fail/tick0847.json
2025-06-26 11:00:07,002 | ERROR   | Solver failed | status=1 | SQP it=0 | KKT=nan | t=0.000s
2025-06-26 11:00:07,002 | ERROR   | Dump saved → debug_logs/fail/tick0848.json
2025-06-26 11:00:07,022 | ERROR   | Solver failed | status=1 | SQP it=0 | KKT=nan | t=0.000s
2025-06-26 11:00:07,023 | ERROR   | Dump saved → debug_logs/fail/tick0849.json
2025-06-26 11:00:07,057 | ERROR   | Solver failed | status=4 | SQP it=15 | KKT=1.95e-09 | t=0.015s
2025-06-26 11:00:07,058 | ERROR   | Dump saved → debug_logs/fail/tick0850.json
2025-06-26 11:00:07,155 | ERROR   | Solver failed | status=2 | SQP it=100 | KKT=3.59e-11 | t=0.093s
2025-06-26 11:00:07,156 | ERROR   | Dump saved → debug_logs/fail/tick0851.json
2025-06-26 11:00:07,251 | ERROR   | Solver failed | status=2 | SQP it=100 | KKT=4.44e-08 | t=0.093s
2025-06-26 11:00:07,251 | ERROR   | Dump saved → debug_logs/fail/tick0852.json
2025-06-26 11:00:07,343 | ERROR   | Solver failed | status=2 | SQP it=100 | KKT=1.61e-08 | t=0.089s
2025-06-26 11:00:07,344 | ERROR   | Dump saved → debug_logs/fail/tick0853.json
2025-06-26 11:00:07,429 | ERROR   | Solver failed | status=2 | SQP it=100 | KKT=4.31e-12 | t=0.082s
2025-06-26 11:00:07,429 | ERROR   | Dump saved → debug_logs/fail/tick0854.json
2025-06-26 11:00:07,515 | ERROR   | Solver failed | status=2 | SQP it=100 | KKT=8.09e-08 | t=0.083s
2025-06-26 11:00:07,516 | ERROR   | Dump saved → debug_logs/fail/tick0855.json
2025-06-26 11:00:07,599 | ERROR   | Solver failed | status=2 | SQP it=100 | KKT=1.43e-08 | t=0.081s
2025-06-26 11:00:07,600 | ERROR   | Dump saved → debug_logs/fail/tick0856.json
2025-06-26 11:00:07,606 | ERROR   | Solver failed | status=1 | SQP it=3 | KKT=3.58e+02 | t=0.003s
2025-06-26 11:00:07,606 | ERROR   | Dump saved → debug_logs/fail/tick0857.json
2025-06-26 11:00:07,623 | ERROR   | Solver failed | status=1 | SQP it=0 | KKT=nan | t=0.000s
2025-06-26 11:00:07,623 | ERROR   | Dump saved → debug_logs/fail/tick0858.json
2025-06-26 11:00:07,643 | ERROR   | Solver failed | status=1 | SQP it=0 | KKT=nan | t=0.000s
2025-06-26 11:00:07,643 | ERROR   | Dump saved → debug_logs/fail/tick0859.json
2025-06-26 11:00:07,663 | ERROR   | Solver failed | status=1 | SQP it=0 | KKT=nan | t=0.000s
2025-06-26 11:00:07,664 | ERROR   | Dump saved → debug_logs/fail/tick0860.json
2025-06-26 11:00:07,683 | ERROR   | Solver failed | status=1 | SQP it=0 | KKT=nan | t=0.000s
2025-06-26 11:00:07,683 | ERROR   | Dump saved → debug_logs/fail/tick0861.json
2025-06-26 11:00:07,703 | ERROR   | Solver failed | status=1 | SQP it=0 | KKT=nan | t=0.000s
2025-06-26 11:00:07,704 | ERROR   | Dump saved → debug_logs/fail/tick0862.json
2025-06-26 11:00:07,723 | ERROR   | Solver failed | status=1 | SQP it=0 | KKT=nan | t=0.000s
2025-06-26 11:00:07,723 | ERROR   | Dump saved → debug_logs/fail/tick0863.json
2025-06-26 11:00:07,743 | ERROR   | Solver failed | status=1 | SQP it=0 | KKT=nan | t=0.000s
2025-06-26 11:00:07,743 | ERROR   | Dump saved → debug_logs/fail/tick0864.json
2025-06-26 11:00:07,763 | ERROR   | Solver failed | status=1 | SQP it=0 | KKT=nan | t=0.000s
2025-06-26 11:00:07,764 | ERROR   | Dump saved → debug_logs/fail/tick0865.json
2025-06-26 11:00:07,795 | ERROR   | Solver failed | status=1 | SQP it=11 | KKT=1.62e-09 | t=0.012s
2025-06-26 11:00:07,796 | ERROR   | Dump saved → debug_logs/fail/tick0866.json
2025-06-26 11:00:07,803 | ERROR   | Solver failed | status=1 | SQP it=0 | KKT=nan | t=0.000s
2025-06-26 11:00:07,804 | ERROR   | Dump saved → debug_logs/fail/tick0867.json
2025-06-26 11:00:07,830 | ERROR   | Solver failed | status=1 | SQP it=0 | KKT=nan | t=0.001s
2025-06-26 11:00:07,832 | ERROR   | Dump saved → debug_logs/fail/tick0868.json
2025-06-26 11:00:07,849 | ERROR   | Solver failed | status=1 | SQP it=0 | KKT=nan | t=0.001s
2025-06-26 11:00:07,852 | ERROR   | Dump saved → debug_logs/fail/tick0869.json
2025-06-26 11:00:07,870 | ERROR   | Solver failed | status=1 | SQP it=0 | KKT=nan | t=0.001s
2025-06-26 11:00:07,872 | ERROR   | Dump saved → debug_logs/fail/tick0870.json
2025-06-26 11:00:07,923 | ERROR   | Solver failed | status=1 | SQP it=35 | KKT=1.96e-11 | t=0.035s
2025-06-26 11:00:07,923 | ERROR   | Dump saved → debug_logs/fail/tick0871.json
2025-06-26 11:00:07,925 | ERROR   | Solver failed | status=1 | SQP it=0 | KKT=nan | t=0.000s
2025-06-26 11:00:07,926 | ERROR   | Dump saved → debug_logs/fail/tick0872.json
2025-06-26 11:00:07,946 | ERROR   | Solver failed | status=1 | SQP it=0 | KKT=nan | t=0.000s
2025-06-26 11:00:07,947 | ERROR   | Dump saved → debug_logs/fail/tick0873.json
2025-06-26 11:00:07,967 | ERROR   | Solver failed | status=1 | SQP it=0 | KKT=nan | t=0.000s
2025-06-26 11:00:07,970 | ERROR   | Dump saved → debug_logs/fail/tick0874.json
2025-06-26 11:00:07,992 | ERROR   | Solver failed | status=1 | SQP it=0 | KKT=nan | t=0.001s
2025-06-26 11:00:07,995 | ERROR   | Dump saved → debug_logs/fail/tick0875.json
2025-06-26 11:00:08,008 | ERROR   | Solver failed | status=1 | SQP it=0 | KKT=nan | t=0.000s
2025-06-26 11:00:08,008 | ERROR   | Dump saved → debug_logs/fail/tick0876.json
2025-06-26 11:00:08,027 | ERROR   | Solver failed | status=1 | SQP it=0 | KKT=nan | t=0.000s
2025-06-26 11:00:08,027 | ERROR   | Dump saved → debug_logs/fail/tick0877.json
2025-06-26 11:00:08,047 | ERROR   | Solver failed | status=1 | SQP it=0 | KKT=nan | t=0.000s
2025-06-26 11:00:08,047 | ERROR   | Dump saved → debug_logs/fail/tick0878.json
2025-06-26 11:00:08,067 | ERROR   | Solver failed | status=1 | SQP it=0 | KKT=nan | t=0.000s
2025-06-26 11:00:08,067 | ERROR   | Dump saved → debug_logs/fail/tick0879.json
2025-06-26 11:00:08,087 | ERROR   | Solver failed | status=1 | SQP it=0 | KKT=nan | t=0.000s
2025-06-26 11:00:08,088 | ERROR   | Dump saved → debug_logs/fail/tick0880.json
2025-06-26 11:00:08,108 | ERROR   | Solver failed | status=1 | SQP it=0 | KKT=nan | t=0.000s
2025-06-26 11:00:08,108 | ERROR   | Dump saved → debug_logs/fail/tick0881.json
2025-06-26 11:00:08,127 | ERROR   | Solver failed | status=1 | SQP it=0 | KKT=nan | t=0.000s
2025-06-26 11:00:08,128 | ERROR   | Dump saved → debug_logs/fail/tick0882.json
2025-06-26 11:00:08,147 | ERROR   | Solver failed | status=1 | SQP it=0 | KKT=nan | t=0.000s
2025-06-26 11:00:08,148 | ERROR   | Dump saved → debug_logs/fail/tick0883.json
2025-06-26 11:00:08,167 | ERROR   | Solver failed | status=1 | SQP it=0 | KKT=nan | t=0.000s
2025-06-26 11:00:08,168 | ERROR   | Dump saved → debug_logs/fail/tick0884.json
2025-06-26 11:00:08,187 | ERROR   | Solver failed | status=1 | SQP it=0 | KKT=nan | t=0.000s
2025-06-26 11:00:08,188 | ERROR   | Dump saved → debug_logs/fail/tick0885.json
