2025-06-05 13:16:35,830 | INFO    | ===== INITIAL STATE DUMP =====
2025-06-05 13:16:35,831 | DEBUG   | {
  "xcurrent": [
    1.0,
    1.5,
    0.07000000029802322,
    0.0,
    0.0,
    0.0
  ],
  "params": {
    "QC": 10,
    "QL": 80,
    "MU": 10,
    "DVTHETA_MAX": 3.0,
    "N": 20,
    "T_HORIZON": 1.05,
    "RAMP_TIME": 1.8,
    "BARRIER_WEIGHT": 10,
    "TUNNEL_WIDTH": 0.25,
    "Q_OMEGA": 2,
    "R_VTHETA": 1.0
  },
  "box_lims": {
    "vtheta_max": 3.0,
    "dvtheta_max": 3.0
  }
}
2025-06-05 13:16:45,622 | ERROR   | Solver failed | status=1 | SQP it=12 | KKT=1.34e-08 | t=0.030s
2025-06-05 13:16:45,627 | ERROR   | Dump saved → debug_logs/fail/tick0085.json
2025-06-05 13:16:45,668 | ERROR   | Solver failed | status=1 | SQP it=0 | KKT=nan | t=0.001s
2025-06-05 13:16:45,670 | ERROR   | Dump saved → debug_logs/fail/tick0086.json
2025-06-05 13:16:45,713 | ERROR   | Solver failed | status=1 | SQP it=0 | KKT=nan | t=0.001s
2025-06-05 13:16:45,715 | ERROR   | Dump saved → debug_logs/fail/tick0087.json
2025-06-05 13:16:45,756 | ERROR   | Solver failed | status=1 | SQP it=0 | KKT=nan | t=0.001s
2025-06-05 13:16:45,759 | ERROR   | Dump saved → debug_logs/fail/tick0088.json
2025-06-05 13:16:45,804 | ERROR   | Solver failed | status=1 | SQP it=0 | KKT=nan | t=0.001s
2025-06-05 13:16:45,806 | ERROR   | Dump saved → debug_logs/fail/tick0089.json
2025-06-05 13:16:45,849 | ERROR   | Solver failed | status=1 | SQP it=0 | KKT=nan | t=0.001s
2025-06-05 13:16:45,852 | ERROR   | Dump saved → debug_logs/fail/tick0090.json
2025-06-05 13:16:45,895 | ERROR   | Solver failed | status=1 | SQP it=0 | KKT=nan | t=0.001s
2025-06-05 13:16:45,897 | ERROR   | Dump saved → debug_logs/fail/tick0091.json
2025-06-05 13:16:45,939 | ERROR   | Solver failed | status=1 | SQP it=0 | KKT=nan | t=0.001s
2025-06-05 13:16:45,942 | ERROR   | Dump saved → debug_logs/fail/tick0092.json
2025-06-05 13:16:45,985 | ERROR   | Solver failed | status=1 | SQP it=0 | KKT=nan | t=0.001s
2025-06-05 13:16:45,987 | ERROR   | Dump saved → debug_logs/fail/tick0093.json
2025-06-05 13:16:46,029 | ERROR   | Solver failed | status=1 | SQP it=0 | KKT=nan | t=0.001s
2025-06-05 13:16:46,031 | ERROR   | Dump saved → debug_logs/fail/tick0094.json
2025-06-05 13:16:46,074 | ERROR   | Solver failed | status=1 | SQP it=0 | KKT=nan | t=0.001s
2025-06-05 13:16:46,076 | ERROR   | Dump saved → debug_logs/fail/tick0095.json
2025-06-05 13:16:46,119 | ERROR   | Solver failed | status=1 | SQP it=0 | KKT=nan | t=0.001s
2025-06-05 13:16:46,121 | ERROR   | Dump saved → debug_logs/fail/tick0096.json
2025-06-05 13:16:46,163 | ERROR   | Solver failed | status=1 | SQP it=0 | KKT=nan | t=0.001s
2025-06-05 13:16:46,165 | ERROR   | Dump saved → debug_logs/fail/tick0097.json
2025-06-05 13:16:46,208 | ERROR   | Solver failed | status=1 | SQP it=0 | KKT=nan | t=0.001s
2025-06-05 13:16:46,210 | ERROR   | Dump saved → debug_logs/fail/tick0098.json
2025-06-05 13:16:46,255 | ERROR   | Solver failed | status=1 | SQP it=0 | KKT=nan | t=0.001s
2025-06-05 13:16:46,257 | ERROR   | Dump saved → debug_logs/fail/tick0099.json
