2025-06-12 14:46:57,558 | INFO    | ===== INITIAL STATE DUMP =====
2025-06-12 14:46:57,558 | DEBUG   | {
  "xcurrent": [
    1.0050866603851318,
    1.560867190361023,
    0.049551498144865036,
    -0.0013302542502060533,
    -0.0011943806894123554,
    -0.0020305488724261522
  ],
  "params": {
    "QC": 10,
    "QL": 80,
    "MU": 10,
    "DVTHETA_MAX": 1.0,
    "N": 20,
    "T_HORIZON": 1.05,
    "RAMP_TIME": 1.8,
    "BARRIER_WEIGHT": 10,
    "TUNNEL_WIDTH": 0.25,
    "Q_OMEGA": 2,
    "R_VTHETA": 1.0
  },
  "box_lims": {
    "vtheta_max": 1.0,
    "dvtheta_max": 1.0
  }
}
