2025-06-26 10:12:32,607 | INFO    | ===== INITIAL STATE DUMP =====
2025-06-26 10:12:32,607 | DEBUG   | {
  "xcurrent": [
    1.089695930480957,
    1.4088244438171387,
    0.08456537127494812,
    0.0,
    0.0,
    0.0
  ],
  "params": {
    "QC": 10,
    "QC_GATE": 50,
    "QL": 40,
    "MU": 5,
    "DVTHETA_MAX": 0.7,
    "N": 15,
    "T_HORIZON": 0.8,
    "RAMP_TIME": 1.8,
    "BARRIER_WEIGHT": 10,
    "OBSTACLE_WEIGHT": 90,
    "TUNNEL_WIDTH": 0.5,
    "TUNNEL_WIDTH_GATE": 0.15,
    "NARROW_DIST": 0.7,
    "GATE_FLAT_DIST": 0.2,
    "Q_OMEGA": 2,
    "R_VTHETA": 1.0,
    "IN_GATE_RAMP_TIME": 0.3,
    "OUT_GATE_RAMP_TIME": 0.5,
    "OBSTACLE_RADIUS": 0.4
  },
  "box_lims": {
    "vtheta_max": 0.7,
    "dvtheta_max": 0.7
  }
}
2025-06-26 10:12:45,075 | ERROR   | Solver failed | status=4 | SQP it=8 | KKT=8.51e-15 | t=0.013s
2025-06-26 10:12:45,076 | ERROR   | Dump saved → debug_logs/fail/tick0181.json
2025-06-26 10:12:47,382 | ERROR   | Solver failed | status=4 | SQP it=48 | KKT=3.86e-09 | t=0.101s
2025-06-26 10:12:47,384 | ERROR   | Dump saved → debug_logs/fail/tick0219.json
2025-06-26 10:12:47,426 | ERROR   | Solver failed | status=4 | SQP it=1 | KKT=1.57e+02 | t=0.004s
2025-06-26 10:12:47,428 | ERROR   | Dump saved → debug_logs/fail/tick0220.json
2025-06-26 10:12:47,480 | ERROR   | Solver failed | status=4 | SQP it=1 | KKT=1.57e+02 | t=0.014s
2025-06-26 10:12:47,481 | ERROR   | Dump saved → debug_logs/fail/tick0221.json
2025-06-26 10:12:47,531 | ERROR   | Solver failed | status=4 | SQP it=1 | KKT=1.57e+02 | t=0.013s
2025-06-26 10:12:47,533 | ERROR   | Dump saved → debug_logs/fail/tick0222.json
2025-06-26 10:12:47,578 | ERROR   | Solver failed | status=4 | SQP it=1 | KKT=1.58e+02 | t=0.006s
2025-06-26 10:12:47,579 | ERROR   | Dump saved → debug_logs/fail/tick0223.json
2025-06-26 10:12:47,623 | ERROR   | Solver failed | status=4 | SQP it=1 | KKT=1.58e+02 | t=0.005s
2025-06-26 10:12:47,625 | ERROR   | Dump saved → debug_logs/fail/tick0224.json
2025-06-26 10:12:47,666 | ERROR   | Solver failed | status=4 | SQP it=1 | KKT=1.58e+02 | t=0.004s
2025-06-26 10:12:47,667 | ERROR   | Dump saved → debug_logs/fail/tick0225.json
2025-06-26 10:12:47,709 | ERROR   | Solver failed | status=4 | SQP it=1 | KKT=1.58e+02 | t=0.004s
2025-06-26 10:12:47,710 | ERROR   | Dump saved → debug_logs/fail/tick0226.json
2025-06-26 10:12:51,926 | ERROR   | Solver failed | status=4 | SQP it=4 | KKT=1.27e-08 | t=0.007s
2025-06-26 10:12:51,928 | ERROR   | Dump saved → debug_logs/fail/tick0316.json
2025-06-26 10:12:51,972 | ERROR   | Solver failed | status=4 | SQP it=3 | KKT=8.47e+00 | t=0.008s
2025-06-26 10:12:51,974 | ERROR   | Dump saved → debug_logs/fail/tick0317.json
2025-06-26 10:12:57,099 | ERROR   | Solver failed | status=4 | SQP it=8 | KKT=6.44e-14 | t=0.026s
2025-06-26 10:12:57,104 | ERROR   | Dump saved → debug_logs/fail/tick0434.json
2025-06-26 10:12:57,157 | ERROR   | Solver failed | status=4 | SQP it=1 | KKT=2.43e+02 | t=0.013s
2025-06-26 10:12:57,158 | ERROR   | Dump saved → debug_logs/fail/tick0435.json
2025-06-26 10:12:57,215 | ERROR   | Solver failed | status=4 | SQP it=1 | KKT=2.43e+02 | t=0.018s
2025-06-26 10:12:57,217 | ERROR   | Dump saved → debug_logs/fail/tick0436.json
2025-06-26 10:12:57,266 | ERROR   | Solver failed | status=4 | SQP it=1 | KKT=2.43e+02 | t=0.010s
2025-06-26 10:12:57,267 | ERROR   | Dump saved → debug_logs/fail/tick0437.json
2025-06-26 10:12:57,320 | ERROR   | Solver failed | status=4 | SQP it=1 | KKT=2.43e+02 | t=0.010s
2025-06-26 10:12:57,322 | ERROR   | Dump saved → debug_logs/fail/tick0438.json
2025-06-26 10:12:57,379 | ERROR   | Solver failed | status=4 | SQP it=1 | KKT=2.43e+02 | t=0.016s
2025-06-26 10:12:57,381 | ERROR   | Dump saved → debug_logs/fail/tick0439.json
2025-06-26 10:12:57,438 | ERROR   | Solver failed | status=4 | SQP it=1 | KKT=2.43e+02 | t=0.016s
2025-06-26 10:12:57,439 | ERROR   | Dump saved → debug_logs/fail/tick0440.json
2025-06-26 10:12:58,107 | ERROR   | Solver failed | status=4 | SQP it=4 | KKT=1.27e-08 | t=0.006s
2025-06-26 10:12:58,109 | ERROR   | Dump saved → debug_logs/fail/tick0451.json
2025-06-26 10:12:58,150 | ERROR   | Solver failed | status=4 | SQP it=1 | KKT=1.07e+02 | t=0.001s
2025-06-26 10:12:58,151 | ERROR   | Dump saved → debug_logs/fail/tick0452.json
