2025-06-26 14:15:23,829 | INFO    | ===== INITIAL STATE DUMP =====
2025-06-26 14:15:23,829 | DEBUG   | {
  "xcurrent": [
    1.089695930480957,
    1.4088244438171387,
    0.08456537127494812,
    0.0,
    0.0,
    0.0
  ],
  "params": {
    "QC": 10,
    "QC_GATE": 50,
    "QL": 40,
    "MU": 5,
    "DVTHETA_MAX": 1.2,
    "N": 15,
    "T_HORIZON": 0.8,
    "RAMP_TIME": 1.8,
    "BARRIER_WEIGHT": 10,
    "OBSTACLE_WEIGHT": 30,
    "TUNNEL_WIDTH": 0.5,
    "TUNNEL_WIDTH_GATE": 0.15,
    "NARROW_DIST": 0.7,
    "GATE_FLAT_DIST": 0.2,
    "Q_OMEGA": 2,
    "R_VTHETA": 1.0,
    "IN_GATE_RAMP_TIME": 0.3,
    "OUT_GATE_RAMP_TIME": 0.5,
    "OBSTACLE_RADIUS": 0.4
  },
  "box_lims": {
    "vtheta_max": 1.2,
    "dvtheta_max": 1.2
  }
}
2025-06-26 14:15:48,604 | ERROR   | Solver failed | status=2 | SQP it=1000 | KKT=2.72e-10 | t=1.863s
2025-06-26 14:15:48,606 | ERROR   | Dump saved → debug_logs/fail/tick0148.json
2025-06-26 14:15:50,546 | ERROR   | Solver failed | status=2 | SQP it=1000 | KKT=5.06e-08 | t=1.899s
2025-06-26 14:15:50,548 | ERROR   | Dump saved → debug_logs/fail/tick0149.json
2025-06-26 14:15:52,558 | ERROR   | Solver failed | status=2 | SQP it=1000 | KKT=7.34e-08 | t=1.972s
2025-06-26 14:15:52,560 | ERROR   | Dump saved → debug_logs/fail/tick0150.json
