2025-06-26 12:41:57,955 | INFO    | ===== INITIAL STATE DUMP =====
2025-06-26 12:41:57,955 | DEBUG   | {
  "xcurrent": [
    1.089695930480957,
    1.4088244438171387,
    0.08456537127494812,
    0.0,
    0.0,
    0.0
  ],
  "params": {
    "QC": 10,
    "QC_GATE": 50,
    "QL": 40,
    "MU": 10,
    "DVTHETA_MAX": 1.8,
    "N": 20,
    "T_HORIZON": 1.0,
    "RAMP_TIME": 1.8,
    "BARRIER_WEIGHT": 10,
    "TUNNEL_WIDTH": 0.4,
    "TUNNEL_WIDTH_GATE": 0.15,
    "NARROW_DIST": 0.7,
    "GATE_FLAT_DIST": 0.2,
    "Q_OMEGA": 2,
    "R_VTHETA": 1.0,
    "IN_GATE_RAMP_TIME": 0.3,
    "OUT_GATE_RAMP_TIME": 0.5,
    "REG_THRUST": 0.025,
    "REG_INPUTS": 0.13
  },
  "box_lims": {
    "vtheta_max": 1.8,
    "dvtheta_max": 1.8
  }
}
2025-06-26 12:42:00,831 | ERROR   | Solver failed | status=1 | SQP it=38 | KKT=3.48e-08 | t=0.031s
2025-06-26 12:42:00,832 | ERROR   | Dump saved → debug_logs/fail/tick0108.json
2025-06-26 12:42:00,842 | ERROR   | Solver failed | status=1 | SQP it=0 | KKT=nan | t=0.000s
2025-06-26 12:42:00,843 | ERROR   | Dump saved → debug_logs/fail/tick0109.json
2025-06-26 12:42:00,853 | ERROR   | Solver failed | status=1 | SQP it=0 | KKT=nan | t=0.000s
2025-06-26 12:42:00,854 | ERROR   | Dump saved → debug_logs/fail/tick0110.json
2025-06-26 12:42:00,869 | ERROR   | Solver failed | status=1 | SQP it=0 | KKT=nan | t=0.000s
2025-06-26 12:42:00,870 | ERROR   | Dump saved → debug_logs/fail/tick0111.json
2025-06-26 12:42:00,886 | ERROR   | Solver failed | status=1 | SQP it=0 | KKT=nan | t=0.000s
2025-06-26 12:42:00,887 | ERROR   | Dump saved → debug_logs/fail/tick0112.json
2025-06-26 12:42:00,903 | ERROR   | Solver failed | status=1 | SQP it=0 | KKT=nan | t=0.000s
2025-06-26 12:42:00,903 | ERROR   | Dump saved → debug_logs/fail/tick0113.json
2025-06-26 12:42:00,920 | ERROR   | Solver failed | status=1 | SQP it=0 | KKT=nan | t=0.000s
2025-06-26 12:42:00,920 | ERROR   | Dump saved → debug_logs/fail/tick0114.json
2025-06-26 12:42:00,936 | ERROR   | Solver failed | status=1 | SQP it=0 | KKT=nan | t=0.000s
2025-06-26 12:42:00,937 | ERROR   | Dump saved → debug_logs/fail/tick0115.json
2025-06-26 12:42:00,953 | ERROR   | Solver failed | status=1 | SQP it=0 | KKT=nan | t=0.000s
2025-06-26 12:42:00,953 | ERROR   | Dump saved → debug_logs/fail/tick0116.json
2025-06-26 12:42:00,969 | ERROR   | Solver failed | status=1 | SQP it=0 | KKT=nan | t=0.000s
2025-06-26 12:42:00,970 | ERROR   | Dump saved → debug_logs/fail/tick0117.json
2025-06-26 12:42:00,986 | ERROR   | Solver failed | status=1 | SQP it=0 | KKT=nan | t=0.000s
2025-06-26 12:42:00,987 | ERROR   | Dump saved → debug_logs/fail/tick0118.json
2025-06-26 12:42:01,003 | ERROR   | Solver failed | status=1 | SQP it=0 | KKT=nan | t=0.000s
2025-06-26 12:42:01,003 | ERROR   | Dump saved → debug_logs/fail/tick0119.json
2025-06-26 12:42:01,020 | ERROR   | Solver failed | status=1 | SQP it=0 | KKT=nan | t=0.000s
2025-06-26 12:42:01,020 | ERROR   | Dump saved → debug_logs/fail/tick0120.json
2025-06-26 12:42:01,036 | ERROR   | Solver failed | status=1 | SQP it=0 | KKT=nan | t=0.000s
2025-06-26 12:42:01,037 | ERROR   | Dump saved → debug_logs/fail/tick0121.json
2025-06-26 12:42:01,053 | ERROR   | Solver failed | status=1 | SQP it=0 | KKT=nan | t=0.000s
2025-06-26 12:42:01,053 | ERROR   | Dump saved → debug_logs/fail/tick0122.json
2025-06-26 12:42:01,069 | ERROR   | Solver failed | status=1 | SQP it=0 | KKT=nan | t=0.000s
2025-06-26 12:42:01,070 | ERROR   | Dump saved → debug_logs/fail/tick0123.json
2025-06-26 12:42:01,086 | ERROR   | Solver failed | status=1 | SQP it=0 | KKT=nan | t=0.000s
2025-06-26 12:42:01,087 | ERROR   | Dump saved → debug_logs/fail/tick0124.json
2025-06-26 12:42:01,102 | ERROR   | Solver failed | status=1 | SQP it=0 | KKT=nan | t=0.000s
2025-06-26 12:42:01,103 | ERROR   | Dump saved → debug_logs/fail/tick0125.json
2025-06-26 12:42:01,119 | ERROR   | Solver failed | status=1 | SQP it=0 | KKT=nan | t=0.000s
2025-06-26 12:42:01,120 | ERROR   | Dump saved → debug_logs/fail/tick0126.json
2025-06-26 12:42:01,136 | ERROR   | Solver failed | status=1 | SQP it=0 | KKT=nan | t=0.000s
2025-06-26 12:42:01,137 | ERROR   | Dump saved → debug_logs/fail/tick0127.json
2025-06-26 12:42:01,153 | ERROR   | Solver failed | status=1 | SQP it=0 | KKT=nan | t=0.000s
2025-06-26 12:42:01,153 | ERROR   | Dump saved → debug_logs/fail/tick0128.json
2025-06-26 12:42:01,169 | ERROR   | Solver failed | status=1 | SQP it=0 | KKT=nan | t=0.000s
2025-06-26 12:42:01,170 | ERROR   | Dump saved → debug_logs/fail/tick0129.json
2025-06-26 12:42:01,186 | ERROR   | Solver failed | status=1 | SQP it=0 | KKT=nan | t=0.000s
2025-06-26 12:42:01,186 | ERROR   | Dump saved → debug_logs/fail/tick0130.json
2025-06-26 12:42:01,203 | ERROR   | Solver failed | status=1 | SQP it=0 | KKT=nan | t=0.000s
2025-06-26 12:42:01,203 | ERROR   | Dump saved → debug_logs/fail/tick0131.json
2025-06-26 12:42:01,219 | ERROR   | Solver failed | status=1 | SQP it=0 | KKT=nan | t=0.000s
2025-06-26 12:42:01,220 | ERROR   | Dump saved → debug_logs/fail/tick0132.json
2025-06-26 12:42:01,236 | ERROR   | Solver failed | status=1 | SQP it=0 | KKT=nan | t=0.000s
2025-06-26 12:42:01,237 | ERROR   | Dump saved → debug_logs/fail/tick0133.json
2025-06-26 12:42:01,253 | ERROR   | Solver failed | status=1 | SQP it=0 | KKT=nan | t=0.000s
2025-06-26 12:42:01,253 | ERROR   | Dump saved → debug_logs/fail/tick0134.json
2025-06-26 12:42:01,269 | ERROR   | Solver failed | status=1 | SQP it=0 | KKT=nan | t=0.000s
2025-06-26 12:42:01,270 | ERROR   | Dump saved → debug_logs/fail/tick0135.json
2025-06-26 12:42:01,286 | ERROR   | Solver failed | status=1 | SQP it=0 | KKT=nan | t=0.000s
2025-06-26 12:42:01,287 | ERROR   | Dump saved → debug_logs/fail/tick0136.json
2025-06-26 12:42:01,303 | ERROR   | Solver failed | status=1 | SQP it=0 | KKT=nan | t=0.000s
2025-06-26 12:42:01,303 | ERROR   | Dump saved → debug_logs/fail/tick0137.json
2025-06-26 12:42:01,319 | ERROR   | Solver failed | status=1 | SQP it=0 | KKT=nan | t=0.000s
2025-06-26 12:42:01,320 | ERROR   | Dump saved → debug_logs/fail/tick0138.json
2025-06-26 12:42:01,336 | ERROR   | Solver failed | status=1 | SQP it=0 | KKT=nan | t=0.000s
2025-06-26 12:42:01,337 | ERROR   | Dump saved → debug_logs/fail/tick0139.json
2025-06-26 12:42:01,353 | ERROR   | Solver failed | status=1 | SQP it=0 | KKT=nan | t=0.000s
2025-06-26 12:42:01,354 | ERROR   | Dump saved → debug_logs/fail/tick0140.json
2025-06-26 12:42:01,369 | ERROR   | Solver failed | status=1 | SQP it=0 | KKT=nan | t=0.000s
2025-06-26 12:42:01,370 | ERROR   | Dump saved → debug_logs/fail/tick0141.json
2025-06-26 12:42:01,386 | ERROR   | Solver failed | status=1 | SQP it=0 | KKT=nan | t=0.000s
2025-06-26 12:42:01,387 | ERROR   | Dump saved → debug_logs/fail/tick0142.json
2025-06-26 12:42:01,403 | ERROR   | Solver failed | status=1 | SQP it=0 | KKT=nan | t=0.000s
2025-06-26 12:42:01,403 | ERROR   | Dump saved → debug_logs/fail/tick0143.json
2025-06-26 12:42:01,419 | ERROR   | Solver failed | status=1 | SQP it=0 | KKT=nan | t=0.000s
2025-06-26 12:42:01,420 | ERROR   | Dump saved → debug_logs/fail/tick0144.json
2025-06-26 12:42:01,436 | ERROR   | Solver failed | status=1 | SQP it=0 | KKT=nan | t=0.000s
2025-06-26 12:42:01,437 | ERROR   | Dump saved → debug_logs/fail/tick0145.json
2025-06-26 12:42:01,453 | ERROR   | Solver failed | status=1 | SQP it=0 | KKT=nan | t=0.000s
2025-06-26 12:42:01,454 | ERROR   | Dump saved → debug_logs/fail/tick0146.json
2025-06-26 12:42:01,469 | ERROR   | Solver failed | status=1 | SQP it=0 | KKT=nan | t=0.000s
2025-06-26 12:42:01,470 | ERROR   | Dump saved → debug_logs/fail/tick0147.json
2025-06-26 12:42:01,486 | ERROR   | Solver failed | status=1 | SQP it=0 | KKT=nan | t=0.000s
2025-06-26 12:42:01,487 | ERROR   | Dump saved → debug_logs/fail/tick0148.json
2025-06-26 12:42:01,503 | ERROR   | Solver failed | status=1 | SQP it=0 | KKT=nan | t=0.000s
2025-06-26 12:42:01,503 | ERROR   | Dump saved → debug_logs/fail/tick0149.json
2025-06-26 12:42:01,519 | ERROR   | Solver failed | status=1 | SQP it=0 | KKT=nan | t=0.000s
2025-06-26 12:42:01,520 | ERROR   | Dump saved → debug_logs/fail/tick0150.json
