2025-06-26 14:09:56,527 | INFO    | ===== INITIAL STATE DUMP =====
2025-06-26 14:09:56,527 | DEBUG   | {
  "xcurrent": [
    1.089695930480957,
    1.4088244438171387,
    0.08456537127494812,
    0.0,
    0.0,
    0.0
  ],
  "params": {
    "QC": 10,
    "QC_GATE": 50,
    "QL": 40,
    "MU": 5,
    "DVTHETA_MAX": 0.7,
    "N": 15,
    "T_HORIZON": 0.8,
    "RAMP_TIME": 1.8,
    "BARRIER_WEIGHT": 10,
    "OBSTACLE_WEIGHT": 90,
    "TUNNEL_WIDTH": 0.5,
    "TUNNEL_WIDTH_GATE": 0.15,
    "NARROW_DIST": 0.7,
    "GATE_FLAT_DIST": 0.2,
    "Q_OMEGA": 2,
    "R_VTHETA": 1.0,
    "IN_GATE_RAMP_TIME": 0.3,
    "OUT_GATE_RAMP_TIME": 0.5,
    "OBSTACLE_RADIUS": 0.4
  },
  "box_lims": {
    "vtheta_max": 0.7,
    "dvtheta_max": 0.7
  }
}
2025-06-26 14:10:23,034 | ERROR   | Solver failed | status=4 | SQP it=8 | KKT=8.51e-15 | t=0.013s
2025-06-26 14:10:23,035 | ERROR   | Dump saved → debug_logs/fail/tick0181.json
2025-06-26 14:10:51,536 | ERROR   | Solver failed | status=4 | SQP it=48 | KKT=3.86e-09 | t=0.102s
2025-06-26 14:10:51,537 | ERROR   | Dump saved → debug_logs/fail/tick0219.json
2025-06-26 14:10:51,578 | ERROR   | Solver failed | status=4 | SQP it=1 | KKT=1.57e+02 | t=0.004s
2025-06-26 14:10:51,580 | ERROR   | Dump saved → debug_logs/fail/tick0220.json
2025-06-26 14:10:52,169 | ERROR   | Solver failed | status=4 | SQP it=1 | KKT=1.57e+02 | t=0.014s
2025-06-26 14:10:52,171 | ERROR   | Dump saved → debug_logs/fail/tick0221.json
2025-06-26 14:10:52,221 | ERROR   | Solver failed | status=4 | SQP it=1 | KKT=1.57e+02 | t=0.013s
2025-06-26 14:10:52,222 | ERROR   | Dump saved → debug_logs/fail/tick0222.json
2025-06-26 14:10:52,265 | ERROR   | Solver failed | status=4 | SQP it=1 | KKT=1.58e+02 | t=0.005s
2025-06-26 14:10:52,267 | ERROR   | Dump saved → debug_logs/fail/tick0223.json
2025-06-26 14:10:52,314 | ERROR   | Solver failed | status=4 | SQP it=1 | KKT=1.58e+02 | t=0.005s
2025-06-26 14:10:52,315 | ERROR   | Dump saved → debug_logs/fail/tick0224.json
2025-06-26 14:10:52,358 | ERROR   | Solver failed | status=4 | SQP it=1 | KKT=1.58e+02 | t=0.004s
2025-06-26 14:10:52,360 | ERROR   | Dump saved → debug_logs/fail/tick0225.json
2025-06-26 14:10:57,833 | ERROR   | Solver failed | status=4 | SQP it=1 | KKT=1.58e+02 | t=0.004s
2025-06-26 14:10:57,835 | ERROR   | Dump saved → debug_logs/fail/tick0226.json
