2025-06-25 22:50:52,998 | INFO    | ===== INITIAL STATE DUMP =====
2025-06-25 22:50:52,999 | DEBUG   | {
  "xcurrent": [
    1.089695930480957,
    1.4088244438171387,
    0.08456537127494812,
    0.0,
    0.0,
    0.0
  ],
  "params": {
    "QC": 10,
    "QC_GATE": 50,
    "QL": 40,
    "MU": 10,
    "DVTHETA_MAX": 1.7,
    "N": 15,
    "T_HORIZON": 0.8,
    "RAMP_TIME": 1.8,
    "BARRIER_WEIGHT": 10,
    "OBSTACLE_WEIGHT": 10,
    "TUNNEL_WIDTH": 0.5,
    "TUNNEL_WIDTH_GATE": 0.15,
    "NARROW_DIST": 0.7,
    "GATE_FLAT_DIST": 0.2,
    "Q_OMEGA": 2,
    "R_VTHETA": 1.0,
    "IN_GATE_RAMP_TIME": 0.3,
    "OUT_GATE_RAMP_TIME": 0.5,
    "OBSTACLE_RADIUS": 0.1
  },
  "box_lims": {
    "vtheta_max": 1.7,
    "dvtheta_max": 1.7
  }
}
2025-06-25 22:50:53,005 | ERROR   | Solver failed | status=1 | SQP it=0 | KKT=nan | t=0.000s
2025-06-25 22:50:53,007 | ERROR   | Dump saved → debug_logs/fail/tick0000.json
2025-06-25 22:50:58,113 | ERROR   | Solver failed | status=1 | SQP it=0 | KKT=nan | t=0.001s
2025-06-25 22:50:58,114 | ERROR   | Dump saved → debug_logs/fail/tick0001.json
2025-06-25 22:50:58,160 | ERROR   | Solver failed | status=1 | SQP it=0 | KKT=nan | t=0.001s
2025-06-25 22:50:58,162 | ERROR   | Dump saved → debug_logs/fail/tick0002.json
2025-06-25 22:50:58,202 | ERROR   | Solver failed | status=1 | SQP it=0 | KKT=nan | t=0.000s
2025-06-25 22:50:58,204 | ERROR   | Dump saved → debug_logs/fail/tick0003.json
2025-06-25 22:50:58,248 | ERROR   | Solver failed | status=1 | SQP it=0 | KKT=nan | t=0.000s
2025-06-25 22:50:58,250 | ERROR   | Dump saved → debug_logs/fail/tick0004.json
2025-06-25 22:50:58,291 | ERROR   | Solver failed | status=1 | SQP it=0 | KKT=nan | t=0.000s
2025-06-25 22:50:58,293 | ERROR   | Dump saved → debug_logs/fail/tick0005.json
2025-06-25 22:50:58,334 | ERROR   | Solver failed | status=1 | SQP it=0 | KKT=nan | t=0.001s
2025-06-25 22:50:58,335 | ERROR   | Dump saved → debug_logs/fail/tick0006.json
2025-06-25 22:50:58,376 | ERROR   | Solver failed | status=1 | SQP it=0 | KKT=nan | t=0.000s
2025-06-25 22:50:58,378 | ERROR   | Dump saved → debug_logs/fail/tick0007.json
2025-06-25 22:50:58,418 | ERROR   | Solver failed | status=1 | SQP it=0 | KKT=nan | t=0.000s
2025-06-25 22:50:58,420 | ERROR   | Dump saved → debug_logs/fail/tick0008.json
2025-06-25 22:50:58,461 | ERROR   | Solver failed | status=1 | SQP it=0 | KKT=nan | t=0.000s
2025-06-25 22:50:58,462 | ERROR   | Dump saved → debug_logs/fail/tick0009.json
2025-06-25 22:50:58,502 | ERROR   | Solver failed | status=1 | SQP it=0 | KKT=nan | t=0.001s
2025-06-25 22:50:58,504 | ERROR   | Dump saved → debug_logs/fail/tick0010.json
2025-06-25 22:50:58,546 | ERROR   | Solver failed | status=1 | SQP it=0 | KKT=nan | t=0.000s
2025-06-25 22:50:58,548 | ERROR   | Dump saved → debug_logs/fail/tick0011.json
2025-06-25 22:50:58,588 | ERROR   | Solver failed | status=1 | SQP it=0 | KKT=nan | t=0.000s
2025-06-25 22:50:58,589 | ERROR   | Dump saved → debug_logs/fail/tick0012.json
2025-06-25 22:50:58,630 | ERROR   | Solver failed | status=1 | SQP it=0 | KKT=nan | t=0.000s
2025-06-25 22:50:58,631 | ERROR   | Dump saved → debug_logs/fail/tick0013.json
2025-06-25 22:50:58,670 | ERROR   | Solver failed | status=1 | SQP it=0 | KKT=nan | t=0.000s
2025-06-25 22:50:58,671 | ERROR   | Dump saved → debug_logs/fail/tick0014.json
2025-06-25 22:50:58,709 | ERROR   | Solver failed | status=1 | SQP it=0 | KKT=nan | t=0.000s
2025-06-25 22:50:58,710 | ERROR   | Dump saved → debug_logs/fail/tick0015.json
2025-06-25 22:50:58,751 | ERROR   | Solver failed | status=1 | SQP it=0 | KKT=nan | t=0.000s
2025-06-25 22:50:58,752 | ERROR   | Dump saved → debug_logs/fail/tick0016.json
2025-06-25 22:50:58,790 | ERROR   | Solver failed | status=1 | SQP it=0 | KKT=nan | t=0.000s
2025-06-25 22:50:58,791 | ERROR   | Dump saved → debug_logs/fail/tick0017.json
2025-06-25 22:50:58,828 | ERROR   | Solver failed | status=1 | SQP it=0 | KKT=nan | t=0.000s
2025-06-25 22:50:58,829 | ERROR   | Dump saved → debug_logs/fail/tick0018.json
