2025-06-12 14:48:24,497 | INFO    | ===== INITIAL STATE DUMP =====
2025-06-12 14:48:24,497 | DEBUG   | {
  "xcurrent": [
    1.09700345993042,
    1.4794553518295288,
    0.0486246719956398,
    0.0015817658277228475,
    0.0005462252302095294,
    -0.0009729177691042423
  ],
  "params": {
    "QC": 10,
    "QL": 80,
    "MU": 10,
    "DVTHETA_MAX": 1.0,
    "N": 20,
    "T_HORIZON": 1.05,
    "RAMP_TIME": 1.8,
    "BARRIER_WEIGHT": 10,
    "TUNNEL_WIDTH": 0.25,
    "Q_OMEGA": 2,
    "R_VTHETA": 1.0
  },
  "box_lims": {
    "vtheta_max": 1.0,
    "dvtheta_max": 1.0
  }
}
