2025-06-26 14:18:15,235 | INFO    | ===== INITIAL STATE DUMP =====
2025-06-26 14:18:15,235 | DEBUG   | {
  "xcurrent": [
    1.089695930480957,
    1.4088244438171387,
    0.08456537127494812,
    0.0,
    0.0,
    0.0
  ],
  "params": {
    "QC": 10,
    "QC_GATE": 10,
    "QL": 40,
    "MU": 5,
    "DVTHETA_MAX": 1.2,
    "N": 15,
    "T_HORIZON": 0.8,
    "RAMP_TIME": 1.8,
    "BARRIER_WEIGHT": 10,
    "OBSTACLE_WEIGHT": 50,
    "TUNNEL_WIDTH": 0.5,
    "TUNNEL_WIDTH_GATE": 0.15,
    "NARROW_DIST": 0.7,
    "GATE_FLAT_DIST": 0.2,
    "Q_OMEGA": 2,
    "R_VTHETA": 1.0,
    "IN_GATE_RAMP_TIME": 0.3,
    "OUT_GATE_RAMP_TIME": 0.5,
    "OBSTACLE_RADIUS": 0.1
  },
  "box_lims": {
    "vtheta_max": 1.2,
    "dvtheta_max": 1.2
  }
}
2025-06-26 14:18:33,731 | ERROR   | Solver failed | status=2 | SQP it=1000 | KKT=9.33e-08 | t=2.100s
2025-06-26 14:18:33,732 | ERROR   | Dump saved → debug_logs/fail/tick0112.json
2025-06-26 14:18:37,194 | ERROR   | Solver failed | status=2 | SQP it=1000 | KKT=3.19e-12 | t=2.080s
2025-06-26 14:18:37,196 | ERROR   | Dump saved → debug_logs/fail/tick0113.json
2025-06-26 14:18:44,623 | ERROR   | Solver failed | status=2 | SQP it=1000 | KKT=3.02e-11 | t=1.647s
2025-06-26 14:18:44,624 | ERROR   | Dump saved → debug_logs/fail/tick0144.json
2025-06-26 14:18:46,117 | ERROR   | Solver failed | status=2 | SQP it=1000 | KKT=3.80e-10 | t=1.450s
2025-06-26 14:18:46,119 | ERROR   | Dump saved → debug_logs/fail/tick0145.json
2025-06-26 14:18:48,099 | ERROR   | Solver failed | status=2 | SQP it=1000 | KKT=1.92e-09 | t=1.941s
2025-06-26 14:18:48,101 | ERROR   | Dump saved → debug_logs/fail/tick0146.json
