2025-06-25 23:15:37,667 | INFO    | ===== INITIAL STATE DUMP =====
2025-06-25 23:15:37,667 | DEBUG   | {
  "xcurrent": [
    1.089695930480957,
    1.4088244438171387,
    0.08456537127494812,
    0.0,
    0.0,
    0.0
  ],
  "params": {
    "QC": 10,
    "QC_GATE": 50,
    "QL": 40,
    "MU": 5,
    "DVTHETA_MAX": 0.7,
    "N": 15,
    "T_HORIZON": 0.8,
    "RAMP_TIME": 1.8,
    "BARRIER_WEIGHT": 10,
    "OBSTACLE_WEIGHT": 90,
    "TUNNEL_WIDTH": 0.5,
    "TUNNEL_WIDTH_GATE": 0.15,
    "NARROW_DIST": 0.7,
    "GATE_FLAT_DIST": 0.2,
    "Q_OMEGA": 2,
    "R_VTHETA": 1.0,
    "IN_GATE_RAMP_TIME": 0.3,
    "OUT_GATE_RAMP_TIME": 0.5,
    "OBSTACLE_RADIUS": 0.4
  },
  "box_lims": {
    "vtheta_max": 0.7,
    "dvtheta_max": 0.7
  }
}
2025-06-25 23:15:50,414 | ERROR   | Solver failed | status=4 | SQP it=8 | KKT=8.51e-15 | t=0.015s
2025-06-25 23:15:50,416 | ERROR   | Dump saved → debug_logs/fail/tick0181.json
2025-06-25 23:15:53,587 | ERROR   | Solver failed | status=4 | SQP it=48 | KKT=3.86e-09 | t=0.103s
2025-06-25 23:15:53,589 | ERROR   | Dump saved → debug_logs/fail/tick0219.json
2025-06-25 23:15:53,630 | ERROR   | Solver failed | status=4 | SQP it=1 | KKT=1.57e+02 | t=0.004s
2025-06-25 23:15:53,633 | ERROR   | Dump saved → debug_logs/fail/tick0220.json
2025-06-25 23:15:53,686 | ERROR   | Solver failed | status=4 | SQP it=1 | KKT=1.57e+02 | t=0.016s
2025-06-25 23:15:53,688 | ERROR   | Dump saved → debug_logs/fail/tick0221.json
2025-06-25 23:15:53,742 | ERROR   | Solver failed | status=4 | SQP it=1 | KKT=1.57e+02 | t=0.014s
2025-06-25 23:15:53,743 | ERROR   | Dump saved → debug_logs/fail/tick0222.json
2025-06-25 23:15:53,789 | ERROR   | Solver failed | status=4 | SQP it=1 | KKT=1.58e+02 | t=0.006s
2025-06-25 23:15:53,791 | ERROR   | Dump saved → debug_logs/fail/tick0223.json
2025-06-25 23:15:53,835 | ERROR   | Solver failed | status=4 | SQP it=1 | KKT=1.58e+02 | t=0.006s
2025-06-25 23:15:53,837 | ERROR   | Dump saved → debug_logs/fail/tick0224.json
2025-06-25 23:15:53,883 | ERROR   | Solver failed | status=4 | SQP it=1 | KKT=1.58e+02 | t=0.004s
2025-06-25 23:15:53,885 | ERROR   | Dump saved → debug_logs/fail/tick0225.json
2025-06-25 23:15:53,927 | ERROR   | Solver failed | status=4 | SQP it=1 | KKT=1.58e+02 | t=0.004s
2025-06-25 23:15:53,929 | ERROR   | Dump saved → debug_logs/fail/tick0226.json
2025-06-25 23:15:58,277 | ERROR   | Solver failed | status=4 | SQP it=4 | KKT=1.27e-08 | t=0.009s
2025-06-25 23:15:58,279 | ERROR   | Dump saved → debug_logs/fail/tick0316.json
2025-06-25 23:15:58,325 | ERROR   | Solver failed | status=4 | SQP it=3 | KKT=8.47e+00 | t=0.009s
2025-06-25 23:15:58,327 | ERROR   | Dump saved → debug_logs/fail/tick0317.json
2025-06-25 23:16:03,648 | ERROR   | Solver failed | status=4 | SQP it=8 | KKT=6.44e-14 | t=0.026s
2025-06-25 23:16:03,653 | ERROR   | Dump saved → debug_logs/fail/tick0434.json
2025-06-25 23:16:03,705 | ERROR   | Solver failed | status=4 | SQP it=1 | KKT=2.43e+02 | t=0.013s
2025-06-25 23:16:03,706 | ERROR   | Dump saved → debug_logs/fail/tick0435.json
2025-06-25 23:16:03,762 | ERROR   | Solver failed | status=4 | SQP it=1 | KKT=2.43e+02 | t=0.018s
2025-06-25 23:16:03,764 | ERROR   | Dump saved → debug_logs/fail/tick0436.json
2025-06-25 23:16:03,812 | ERROR   | Solver failed | status=4 | SQP it=1 | KKT=2.43e+02 | t=0.010s
2025-06-25 23:16:03,814 | ERROR   | Dump saved → debug_logs/fail/tick0437.json
2025-06-25 23:16:03,863 | ERROR   | Solver failed | status=4 | SQP it=1 | KKT=2.43e+02 | t=0.011s
2025-06-25 23:16:03,865 | ERROR   | Dump saved → debug_logs/fail/tick0438.json
2025-06-25 23:16:03,919 | ERROR   | Solver failed | status=4 | SQP it=1 | KKT=2.43e+02 | t=0.016s
2025-06-25 23:16:03,921 | ERROR   | Dump saved → debug_logs/fail/tick0439.json
2025-06-25 23:16:03,975 | ERROR   | Solver failed | status=4 | SQP it=1 | KKT=2.43e+02 | t=0.017s
2025-06-25 23:16:03,976 | ERROR   | Dump saved → debug_logs/fail/tick0440.json
2025-06-25 23:16:04,651 | ERROR   | Solver failed | status=4 | SQP it=4 | KKT=1.27e-08 | t=0.007s
2025-06-25 23:16:04,652 | ERROR   | Dump saved → debug_logs/fail/tick0451.json
2025-06-25 23:16:04,694 | ERROR   | Solver failed | status=4 | SQP it=1 | KKT=1.07e+02 | t=0.002s
2025-06-25 23:16:04,697 | ERROR   | Dump saved → debug_logs/fail/tick0452.json
2025-06-25 23:16:14,188 | ERROR   | Solver failed | status=4 | SQP it=13 | KKT=8.48e-09 | t=0.029s
2025-06-25 23:16:14,192 | ERROR   | Dump saved → debug_logs/fail/tick0658.json
2025-06-25 23:16:14,234 | ERROR   | Solver failed | status=4 | SQP it=1 | KKT=2.02e+02 | t=0.005s
2025-06-25 23:16:14,236 | ERROR   | Dump saved → debug_logs/fail/tick0659.json
2025-06-25 23:16:14,279 | ERROR   | Solver failed | status=4 | SQP it=1 | KKT=2.02e+02 | t=0.005s
2025-06-25 23:16:14,281 | ERROR   | Dump saved → debug_logs/fail/tick0660.json
2025-06-25 23:16:14,323 | ERROR   | Solver failed | status=4 | SQP it=1 | KKT=2.02e+02 | t=0.005s
2025-06-25 23:16:14,325 | ERROR   | Dump saved → debug_logs/fail/tick0661.json
2025-06-25 23:16:14,370 | ERROR   | Solver failed | status=4 | SQP it=1 | KKT=2.02e+02 | t=0.004s
2025-06-25 23:16:14,372 | ERROR   | Dump saved → debug_logs/fail/tick0662.json
2025-06-25 23:16:14,413 | ERROR   | Solver failed | status=4 | SQP it=1 | KKT=2.02e+02 | t=0.005s
2025-06-25 23:16:14,415 | ERROR   | Dump saved → debug_logs/fail/tick0663.json
2025-06-25 23:16:14,458 | ERROR   | Solver failed | status=4 | SQP it=1 | KKT=2.02e+02 | t=0.005s
2025-06-25 23:16:14,460 | ERROR   | Dump saved → debug_logs/fail/tick0664.json
2025-06-25 23:16:14,503 | ERROR   | Solver failed | status=4 | SQP it=1 | KKT=2.02e+02 | t=0.006s
2025-06-25 23:16:14,505 | ERROR   | Dump saved → debug_logs/fail/tick0665.json
2025-06-25 23:16:14,550 | ERROR   | Solver failed | status=4 | SQP it=1 | KKT=2.02e+02 | t=0.005s
2025-06-25 23:16:14,552 | ERROR   | Dump saved → debug_logs/fail/tick0666.json
2025-06-25 23:16:14,596 | ERROR   | Solver failed | status=4 | SQP it=1 | KKT=2.02e+02 | t=0.005s
2025-06-25 23:16:14,598 | ERROR   | Dump saved → debug_logs/fail/tick0667.json
2025-06-25 23:16:14,643 | ERROR   | Solver failed | status=4 | SQP it=1 | KKT=2.02e+02 | t=0.006s
2025-06-25 23:16:14,645 | ERROR   | Dump saved → debug_logs/fail/tick0668.json
2025-06-25 23:16:14,691 | ERROR   | Solver failed | status=4 | SQP it=1 | KKT=2.02e+02 | t=0.005s
2025-06-25 23:16:14,693 | ERROR   | Dump saved → debug_logs/fail/tick0669.json
2025-06-25 23:16:14,736 | ERROR   | Solver failed | status=4 | SQP it=1 | KKT=2.02e+02 | t=0.005s
2025-06-25 23:16:14,738 | ERROR   | Dump saved → debug_logs/fail/tick0670.json
2025-06-25 23:16:14,783 | ERROR   | Solver failed | status=4 | SQP it=1 | KKT=2.02e+02 | t=0.004s
2025-06-25 23:16:14,785 | ERROR   | Dump saved → debug_logs/fail/tick0671.json
2025-06-25 23:16:14,828 | ERROR   | Solver failed | status=4 | SQP it=1 | KKT=2.02e+02 | t=0.004s
2025-06-25 23:16:14,829 | ERROR   | Dump saved → debug_logs/fail/tick0672.json
2025-06-25 23:16:14,873 | ERROR   | Solver failed | status=4 | SQP it=1 | KKT=2.02e+02 | t=0.005s
2025-06-25 23:16:14,875 | ERROR   | Dump saved → debug_logs/fail/tick0673.json
2025-06-25 23:16:14,918 | ERROR   | Solver failed | status=4 | SQP it=1 | KKT=2.02e+02 | t=0.005s
2025-06-25 23:16:14,919 | ERROR   | Dump saved → debug_logs/fail/tick0674.json
2025-06-25 23:16:14,962 | ERROR   | Solver failed | status=4 | SQP it=1 | KKT=2.02e+02 | t=0.004s
2025-06-25 23:16:14,964 | ERROR   | Dump saved → debug_logs/fail/tick0675.json
2025-06-25 23:16:15,009 | ERROR   | Solver failed | status=4 | SQP it=1 | KKT=2.02e+02 | t=0.005s
2025-06-25 23:16:15,010 | ERROR   | Dump saved → debug_logs/fail/tick0676.json
2025-06-25 23:16:15,055 | ERROR   | Solver failed | status=4 | SQP it=1 | KKT=2.02e+02 | t=0.005s
2025-06-25 23:16:15,057 | ERROR   | Dump saved → debug_logs/fail/tick0677.json
2025-06-25 23:16:15,100 | ERROR   | Solver failed | status=4 | SQP it=1 | KKT=2.02e+02 | t=0.004s
2025-06-25 23:16:15,102 | ERROR   | Dump saved → debug_logs/fail/tick0678.json
2025-06-25 23:16:15,148 | ERROR   | Solver failed | status=4 | SQP it=1 | KKT=2.02e+02 | t=0.005s
2025-06-25 23:16:15,150 | ERROR   | Dump saved → debug_logs/fail/tick0679.json
2025-06-25 23:16:15,191 | ERROR   | Solver failed | status=4 | SQP it=1 | KKT=2.02e+02 | t=0.004s
2025-06-25 23:16:15,193 | ERROR   | Dump saved → debug_logs/fail/tick0680.json
2025-06-25 23:16:15,237 | ERROR   | Solver failed | status=4 | SQP it=1 | KKT=2.02e+02 | t=0.005s
2025-06-25 23:16:15,239 | ERROR   | Dump saved → debug_logs/fail/tick0681.json
2025-06-25 23:16:15,282 | ERROR   | Solver failed | status=4 | SQP it=1 | KKT=2.02e+02 | t=0.005s
2025-06-25 23:16:15,283 | ERROR   | Dump saved → debug_logs/fail/tick0682.json
2025-06-25 23:16:15,331 | ERROR   | Solver failed | status=4 | SQP it=1 | KKT=2.02e+02 | t=0.005s
2025-06-25 23:16:15,332 | ERROR   | Dump saved → debug_logs/fail/tick0683.json
2025-06-25 23:16:15,376 | ERROR   | Solver failed | status=4 | SQP it=1 | KKT=2.02e+02 | t=0.005s
2025-06-25 23:16:15,378 | ERROR   | Dump saved → debug_logs/fail/tick0684.json
2025-06-25 23:16:15,423 | ERROR   | Solver failed | status=4 | SQP it=1 | KKT=2.02e+02 | t=0.005s
2025-06-25 23:16:15,425 | ERROR   | Dump saved → debug_logs/fail/tick0685.json
2025-06-25 23:16:15,467 | ERROR   | Solver failed | status=4 | SQP it=1 | KKT=2.02e+02 | t=0.005s
2025-06-25 23:16:15,469 | ERROR   | Dump saved → debug_logs/fail/tick0686.json
2025-06-25 23:16:15,517 | ERROR   | Solver failed | status=4 | SQP it=1 | KKT=2.02e+02 | t=0.004s
2025-06-25 23:16:15,518 | ERROR   | Dump saved → debug_logs/fail/tick0687.json
2025-06-25 23:16:15,884 | ERROR   | Solver failed | status=4 | SQP it=23 | KKT=5.02e-08 | t=0.327s
2025-06-25 23:16:15,886 | ERROR   | Dump saved → debug_logs/fail/tick0688.json
2025-06-25 23:16:16,011 | ERROR   | Solver failed | status=4 | SQP it=1 | KKT=2.75e+02 | t=0.087s
2025-06-25 23:16:16,013 | ERROR   | Dump saved → debug_logs/fail/tick0689.json
2025-06-25 23:16:16,113 | ERROR   | Solver failed | status=4 | SQP it=1 | KKT=2.75e+02 | t=0.062s
2025-06-25 23:16:16,114 | ERROR   | Dump saved → debug_logs/fail/tick0690.json
2025-06-25 23:16:16,343 | ERROR   | Solver failed | status=4 | SQP it=1 | KKT=2.75e+02 | t=0.191s
2025-06-25 23:16:16,345 | ERROR   | Dump saved → debug_logs/fail/tick0691.json
2025-06-25 23:16:16,462 | ERROR   | Solver failed | status=4 | SQP it=1 | KKT=2.75e+02 | t=0.079s
2025-06-25 23:16:16,463 | ERROR   | Dump saved → debug_logs/fail/tick0692.json
2025-06-25 23:16:16,578 | ERROR   | Solver failed | status=4 | SQP it=1 | KKT=2.75e+02 | t=0.076s
2025-06-25 23:16:16,579 | ERROR   | Dump saved → debug_logs/fail/tick0693.json
2025-06-25 23:16:16,757 | ERROR   | Solver failed | status=4 | SQP it=1 | KKT=2.75e+02 | t=0.140s
2025-06-25 23:16:16,759 | ERROR   | Dump saved → debug_logs/fail/tick0694.json
2025-06-25 23:16:17,079 | ERROR   | Solver failed | status=4 | SQP it=1 | KKT=2.75e+02 | t=0.281s
2025-06-25 23:16:17,080 | ERROR   | Dump saved → debug_logs/fail/tick0695.json
2025-06-25 23:16:17,242 | ERROR   | Solver failed | status=4 | SQP it=1 | KKT=2.75e+02 | t=0.125s
2025-06-25 23:16:17,244 | ERROR   | Dump saved → debug_logs/fail/tick0696.json
2025-06-25 23:16:17,304 | ERROR   | Solver failed | status=4 | SQP it=1 | KKT=2.75e+02 | t=0.023s
2025-06-25 23:16:17,306 | ERROR   | Dump saved → debug_logs/fail/tick0697.json
2025-06-25 23:16:17,418 | ERROR   | Solver failed | status=4 | SQP it=1 | KKT=2.75e+02 | t=0.075s
2025-06-25 23:16:17,420 | ERROR   | Dump saved → debug_logs/fail/tick0698.json
2025-06-25 23:16:17,552 | ERROR   | Solver failed | status=4 | SQP it=1 | KKT=2.75e+02 | t=0.095s
2025-06-25 23:16:17,554 | ERROR   | Dump saved → debug_logs/fail/tick0699.json
2025-06-25 23:16:17,649 | ERROR   | Solver failed | status=4 | SQP it=1 | KKT=2.75e+02 | t=0.058s
2025-06-25 23:16:17,651 | ERROR   | Dump saved → debug_logs/fail/tick0700.json
2025-06-25 23:16:17,796 | ERROR   | Solver failed | status=4 | SQP it=1 | KKT=2.75e+02 | t=0.108s
2025-06-25 23:16:17,798 | ERROR   | Dump saved → debug_logs/fail/tick0701.json
2025-06-25 23:16:17,943 | ERROR   | Solver failed | status=4 | SQP it=1 | KKT=2.75e+02 | t=0.109s
2025-06-25 23:16:17,945 | ERROR   | Dump saved → debug_logs/fail/tick0702.json
