2025-06-26 14:41:14,071 | INFO    | ===== INITIAL STATE DUMP =====
2025-06-26 14:41:14,072 | DEBUG   | {
  "xcurrent": [
    1.089695930480957,
    1.4088244438171387,
    0.08456537127494812,
    0.0,
    0.0,
    0.0
  ],
  "params": {
    "QC": 10,
    "QC_GATE": 10,
    "QL": 40,
    "MU": 5,
    "DVTHETA_MAX": 1.5,
    "N": 15,
    "T_HORIZON": 0.8,
    "RAMP_TIME": 1.8,
    "BARRIER_WEIGHT": 10,
    "OBSTACLE_WEIGHT": 80,
    "TUNNEL_WIDTH": 0.5,
    "TUNNEL_WIDTH_GATE": 0.15,
    "NARROW_DIST": 0.7,
    "GATE_FLAT_DIST": 0.2,
    "Q_OMEGA": 2,
    "R_VTHETA": 1.0,
    "IN_GATE_RAMP_TIME": 0.3,
    "OUT_GATE_RAMP_TIME": 0.5,
    "OBSTACLE_RADIUS": 0.15
  },
  "box_lims": {
    "vtheta_max": 1.5,
    "dvtheta_max": 1.5
  }
}
2025-06-26 14:41:43,628 | ERROR   | Solver failed | status=2 | SQP it=1000 | KKT=6.54e-11 | t=1.479s
2025-06-26 14:41:43,630 | ERROR   | Dump saved → debug_logs/fail/tick0040.json
2025-06-26 14:41:45,518 | ERROR   | Solver failed | status=2 | SQP it=1000 | KKT=8.84e-08 | t=1.841s
2025-06-26 14:41:45,520 | ERROR   | Dump saved → debug_logs/fail/tick0041.json
2025-06-26 14:41:47,438 | ERROR   | Solver failed | status=2 | SQP it=1000 | KKT=2.79e-11 | t=1.877s
2025-06-26 14:41:47,439 | ERROR   | Dump saved → debug_logs/fail/tick0042.json
2025-06-26 14:41:49,485 | ERROR   | Solver failed | status=2 | SQP it=1000 | KKT=4.78e-08 | t=1.996s
2025-06-26 14:41:49,487 | ERROR   | Dump saved → debug_logs/fail/tick0043.json
2025-06-26 14:41:51,693 | ERROR   | Solver failed | status=2 | SQP it=1000 | KKT=4.39e-08 | t=2.159s
2025-06-26 14:41:51,695 | ERROR   | Dump saved → debug_logs/fail/tick0044.json
2025-06-26 14:41:53,954 | ERROR   | Solver failed | status=2 | SQP it=1000 | KKT=7.13e-08 | t=2.216s
2025-06-26 14:41:53,955 | ERROR   | Dump saved → debug_logs/fail/tick0045.json
2025-06-26 14:41:55,507 | ERROR   | Solver failed | status=2 | SQP it=1000 | KKT=1.40e-11 | t=1.508s
2025-06-26 14:41:55,509 | ERROR   | Dump saved → debug_logs/fail/tick0046.json
2025-06-26 14:42:27,505 | ERROR   | Solver failed | status=2 | SQP it=1000 | KKT=9.61e-10 | t=1.640s
2025-06-26 14:42:27,507 | ERROR   | Dump saved → debug_logs/fail/tick0047.json
2025-06-26 14:42:29,236 | ERROR   | Solver failed | status=2 | SQP it=1000 | KKT=1.18e-08 | t=1.689s
2025-06-26 14:42:29,238 | ERROR   | Dump saved → debug_logs/fail/tick0048.json
