2025-06-26 12:47:18,444 | INFO    | ===== INITIAL STATE DUMP =====
2025-06-26 12:47:18,444 | DEBUG   | {
  "xcurrent": [
    1.089695930480957,
    1.4088244438171387,
    0.08456537127494812,
    0.0,
    0.0,
    0.0
  ],
  "params": {
    "QC": 10,
    "QC_GATE": 50,
    "QL": 40,
    "MU": 10,
    "DVTHETA_MAX": 1.9,
    "N": 20,
    "T_HORIZON": 1.0,
    "RAMP_TIME": 1.8,
    "BARRIER_WEIGHT": 10,
    "TUNNEL_WIDTH": 0.4,
    "TUNNEL_WIDTH_GATE": 0.15,
    "NARROW_DIST": 0.7,
    "GATE_FLAT_DIST": 0.2,
    "Q_OMEGA": 2,
    "R_VTHETA": 1.0,
    "IN_GATE_RAMP_TIME": 0.3,
    "OUT_GATE_RAMP_TIME": 0.5,
    "REG_THRUST": 0.016,
    "REG_INPUTS": 0.1
  },
  "box_lims": {
    "vtheta_max": 1.9,
    "dvtheta_max": 1.9
  }
}
2025-06-26 12:47:20,148 | ERROR   | Solver failed | status=2 | SQP it=1000 | KKT=4.34e-08 | t=0.276s
2025-06-26 12:47:20,149 | ERROR   | Dump saved → debug_logs/fail/tick0005.json
2025-06-26 12:47:21,835 | ERROR   | Solver failed | status=1 | SQP it=37 | KKT=6.56e-10 | t=0.030s
2025-06-26 12:47:21,835 | ERROR   | Dump saved → debug_logs/fail/tick0104.json
2025-06-26 12:47:21,846 | ERROR   | Solver failed | status=1 | SQP it=0 | KKT=nan | t=0.000s
2025-06-26 12:47:21,846 | ERROR   | Dump saved → debug_logs/fail/tick0105.json
2025-06-26 12:47:21,856 | ERROR   | Solver failed | status=1 | SQP it=0 | KKT=nan | t=0.000s
2025-06-26 12:47:21,857 | ERROR   | Dump saved → debug_logs/fail/tick0106.json
2025-06-26 12:47:21,872 | ERROR   | Solver failed | status=1 | SQP it=0 | KKT=nan | t=0.000s
2025-06-26 12:47:21,873 | ERROR   | Dump saved → debug_logs/fail/tick0107.json
2025-06-26 12:47:21,889 | ERROR   | Solver failed | status=1 | SQP it=0 | KKT=nan | t=0.000s
2025-06-26 12:47:21,890 | ERROR   | Dump saved → debug_logs/fail/tick0108.json
2025-06-26 12:47:21,906 | ERROR   | Solver failed | status=1 | SQP it=0 | KKT=nan | t=0.000s
2025-06-26 12:47:21,906 | ERROR   | Dump saved → debug_logs/fail/tick0109.json
2025-06-26 12:47:21,922 | ERROR   | Solver failed | status=1 | SQP it=0 | KKT=nan | t=0.000s
2025-06-26 12:47:21,923 | ERROR   | Dump saved → debug_logs/fail/tick0110.json
2025-06-26 12:47:21,939 | ERROR   | Solver failed | status=1 | SQP it=0 | KKT=nan | t=0.000s
2025-06-26 12:47:21,940 | ERROR   | Dump saved → debug_logs/fail/tick0111.json
2025-06-26 12:47:21,956 | ERROR   | Solver failed | status=1 | SQP it=0 | KKT=nan | t=0.000s
2025-06-26 12:47:21,957 | ERROR   | Dump saved → debug_logs/fail/tick0112.json
2025-06-26 12:47:21,972 | ERROR   | Solver failed | status=1 | SQP it=0 | KKT=nan | t=0.000s
2025-06-26 12:47:21,973 | ERROR   | Dump saved → debug_logs/fail/tick0113.json
2025-06-26 12:47:21,989 | ERROR   | Solver failed | status=1 | SQP it=0 | KKT=nan | t=0.000s
2025-06-26 12:47:21,990 | ERROR   | Dump saved → debug_logs/fail/tick0114.json
2025-06-26 12:47:22,006 | ERROR   | Solver failed | status=1 | SQP it=0 | KKT=nan | t=0.000s
2025-06-26 12:47:22,006 | ERROR   | Dump saved → debug_logs/fail/tick0115.json
2025-06-26 12:47:22,022 | ERROR   | Solver failed | status=1 | SQP it=0 | KKT=nan | t=0.000s
2025-06-26 12:47:22,023 | ERROR   | Dump saved → debug_logs/fail/tick0116.json
2025-06-26 12:47:22,039 | ERROR   | Solver failed | status=1 | SQP it=0 | KKT=nan | t=0.000s
2025-06-26 12:47:22,040 | ERROR   | Dump saved → debug_logs/fail/tick0117.json
2025-06-26 12:47:22,056 | ERROR   | Solver failed | status=1 | SQP it=0 | KKT=nan | t=0.000s
2025-06-26 12:47:22,056 | ERROR   | Dump saved → debug_logs/fail/tick0118.json
2025-06-26 12:47:22,072 | ERROR   | Solver failed | status=1 | SQP it=0 | KKT=nan | t=0.000s
2025-06-26 12:47:22,073 | ERROR   | Dump saved → debug_logs/fail/tick0119.json
2025-06-26 12:47:22,089 | ERROR   | Solver failed | status=1 | SQP it=0 | KKT=nan | t=0.000s
2025-06-26 12:47:22,090 | ERROR   | Dump saved → debug_logs/fail/tick0120.json
2025-06-26 12:47:22,106 | ERROR   | Solver failed | status=1 | SQP it=0 | KKT=nan | t=0.000s
2025-06-26 12:47:22,106 | ERROR   | Dump saved → debug_logs/fail/tick0121.json
2025-06-26 12:47:22,122 | ERROR   | Solver failed | status=1 | SQP it=0 | KKT=nan | t=0.000s
2025-06-26 12:47:22,123 | ERROR   | Dump saved → debug_logs/fail/tick0122.json
2025-06-26 12:47:22,139 | ERROR   | Solver failed | status=1 | SQP it=0 | KKT=nan | t=0.000s
2025-06-26 12:47:22,139 | ERROR   | Dump saved → debug_logs/fail/tick0123.json
2025-06-26 12:47:22,156 | ERROR   | Solver failed | status=1 | SQP it=0 | KKT=nan | t=0.000s
2025-06-26 12:47:22,156 | ERROR   | Dump saved → debug_logs/fail/tick0124.json
2025-06-26 12:47:22,172 | ERROR   | Solver failed | status=1 | SQP it=0 | KKT=nan | t=0.000s
2025-06-26 12:47:22,173 | ERROR   | Dump saved → debug_logs/fail/tick0125.json
2025-06-26 12:47:22,189 | ERROR   | Solver failed | status=1 | SQP it=0 | KKT=nan | t=0.000s
2025-06-26 12:47:22,189 | ERROR   | Dump saved → debug_logs/fail/tick0126.json
2025-06-26 12:47:22,205 | ERROR   | Solver failed | status=1 | SQP it=0 | KKT=nan | t=0.000s
2025-06-26 12:47:22,206 | ERROR   | Dump saved → debug_logs/fail/tick0127.json
2025-06-26 12:47:22,222 | ERROR   | Solver failed | status=1 | SQP it=0 | KKT=nan | t=0.000s
2025-06-26 12:47:22,223 | ERROR   | Dump saved → debug_logs/fail/tick0128.json
2025-06-26 12:47:22,239 | ERROR   | Solver failed | status=1 | SQP it=0 | KKT=nan | t=0.000s
2025-06-26 12:47:22,239 | ERROR   | Dump saved → debug_logs/fail/tick0129.json
2025-06-26 12:47:22,256 | ERROR   | Solver failed | status=1 | SQP it=0 | KKT=nan | t=0.000s
2025-06-26 12:47:22,256 | ERROR   | Dump saved → debug_logs/fail/tick0130.json
2025-06-26 12:47:22,272 | ERROR   | Solver failed | status=1 | SQP it=0 | KKT=nan | t=0.000s
2025-06-26 12:47:22,273 | ERROR   | Dump saved → debug_logs/fail/tick0131.json
2025-06-26 12:47:22,289 | ERROR   | Solver failed | status=1 | SQP it=0 | KKT=nan | t=0.000s
2025-06-26 12:47:22,289 | ERROR   | Dump saved → debug_logs/fail/tick0132.json
2025-06-26 12:47:22,306 | ERROR   | Solver failed | status=1 | SQP it=0 | KKT=nan | t=0.000s
2025-06-26 12:47:22,306 | ERROR   | Dump saved → debug_logs/fail/tick0133.json
2025-06-26 12:47:22,322 | ERROR   | Solver failed | status=1 | SQP it=0 | KKT=nan | t=0.000s
2025-06-26 12:47:22,323 | ERROR   | Dump saved → debug_logs/fail/tick0134.json
2025-06-26 12:47:22,339 | ERROR   | Solver failed | status=1 | SQP it=0 | KKT=nan | t=0.000s
2025-06-26 12:47:22,339 | ERROR   | Dump saved → debug_logs/fail/tick0135.json
2025-06-26 12:47:22,356 | ERROR   | Solver failed | status=1 | SQP it=0 | KKT=nan | t=0.000s
2025-06-26 12:47:22,356 | ERROR   | Dump saved → debug_logs/fail/tick0136.json
2025-06-26 12:47:22,372 | ERROR   | Solver failed | status=1 | SQP it=0 | KKT=nan | t=0.000s
2025-06-26 12:47:22,373 | ERROR   | Dump saved → debug_logs/fail/tick0137.json
2025-06-26 12:47:22,389 | ERROR   | Solver failed | status=1 | SQP it=0 | KKT=nan | t=0.000s
2025-06-26 12:47:22,390 | ERROR   | Dump saved → debug_logs/fail/tick0138.json
2025-06-26 12:47:22,406 | ERROR   | Solver failed | status=1 | SQP it=0 | KKT=nan | t=0.000s
2025-06-26 12:47:22,406 | ERROR   | Dump saved → debug_logs/fail/tick0139.json
2025-06-26 12:47:22,422 | ERROR   | Solver failed | status=1 | SQP it=0 | KKT=nan | t=0.000s
2025-06-26 12:47:22,423 | ERROR   | Dump saved → debug_logs/fail/tick0140.json
2025-06-26 12:47:22,439 | ERROR   | Solver failed | status=1 | SQP it=0 | KKT=nan | t=0.000s
2025-06-26 12:47:22,439 | ERROR   | Dump saved → debug_logs/fail/tick0141.json
2025-06-26 12:47:22,456 | ERROR   | Solver failed | status=1 | SQP it=0 | KKT=nan | t=0.000s
2025-06-26 12:47:22,456 | ERROR   | Dump saved → debug_logs/fail/tick0142.json
2025-06-26 12:47:22,472 | ERROR   | Solver failed | status=1 | SQP it=0 | KKT=nan | t=0.000s
2025-06-26 12:47:22,473 | ERROR   | Dump saved → debug_logs/fail/tick0143.json
2025-06-26 12:47:22,489 | ERROR   | Solver failed | status=1 | SQP it=0 | KKT=nan | t=0.000s
2025-06-26 12:47:22,489 | ERROR   | Dump saved → debug_logs/fail/tick0144.json
2025-06-26 12:47:22,505 | ERROR   | Solver failed | status=1 | SQP it=0 | KKT=nan | t=0.000s
2025-06-26 12:47:22,506 | ERROR   | Dump saved → debug_logs/fail/tick0145.json
2025-06-26 12:47:22,522 | ERROR   | Solver failed | status=1 | SQP it=0 | KKT=nan | t=0.000s
2025-06-26 12:47:22,523 | ERROR   | Dump saved → debug_logs/fail/tick0146.json
2025-06-26 12:47:22,539 | ERROR   | Solver failed | status=1 | SQP it=0 | KKT=nan | t=0.000s
2025-06-26 12:47:22,539 | ERROR   | Dump saved → debug_logs/fail/tick0147.json
2025-06-26 12:47:22,556 | ERROR   | Solver failed | status=1 | SQP it=0 | KKT=nan | t=0.000s
2025-06-26 12:47:22,556 | ERROR   | Dump saved → debug_logs/fail/tick0148.json
2025-06-26 12:47:22,572 | ERROR   | Solver failed | status=1 | SQP it=0 | KKT=nan | t=0.000s
2025-06-26 12:47:22,573 | ERROR   | Dump saved → debug_logs/fail/tick0149.json
