2025-06-26 14:39:30,678 | INFO    | ===== INITIAL STATE DUMP =====
2025-06-26 14:39:30,678 | DEBUG   | {
  "xcurrent": [
    1.089695930480957,
    1.4088244438171387,
    0.08456537127494812,
    0.0,
    0.0,
    0.0
  ],
  "params": {
    "QC": 10,
    "QC_GATE": 10,
    "QL": 40,
    "MU": 5,
    "DVTHETA_MAX": 1.5,
    "N": 15,
    "T_HORIZON": 0.8,
    "RAMP_TIME": 1.8,
    "BARRIER_WEIGHT": 10,
    "OBSTACLE_WEIGHT": 80,
    "TUNNEL_WIDTH": 0.5,
    "TUNNEL_WIDTH_GATE": 0.15,
    "NARROW_DIST": 0.7,
    "GATE_FLAT_DIST": 0.2,
    "Q_OMEGA": 2,
    "R_VTHETA": 1.0,
    "IN_GATE_RAMP_TIME": 0.3,
    "OUT_GATE_RAMP_TIME": 0.5,
    "OBSTACLE_RADIUS": 0.15
  },
  "box_lims": {
    "vtheta_max": 1.5,
    "dvtheta_max": 1.5
  }
}
2025-06-26 14:39:47,838 | ERROR   | Solver failed | status=2 | SQP it=1000 | KKT=2.15e-14 | t=1.234s
2025-06-26 14:39:47,840 | ERROR   | Dump saved → debug_logs/fail/tick0118.json
