2025-06-26 11:45:40,743 | INFO    | ===== INITIAL STATE DUMP =====
2025-06-26 11:45:40,744 | DEBUG   | {
  "xcurrent": [
    1.0239835977554321,
    1.4319822788238525,
    0.07321062684059143,
    0.0003779428079724312,
    0.0026154874358326197,
    0.0029937573708593845
  ],
  "params": {
    "QC": 10,
    "QC_GATE": 50,
    "QL": 40,
    "MU": 10,
    "DVTHETA_MAX": 1.4,
    "N": 20,
    "T_HORIZON": 1.0,
    "RAMP_TIME": 1.8,
    "BARRIER_WEIGHT": 10,
    "TUNNEL_WIDTH": 0.4,
    "TUNNEL_WIDTH_GATE": 0.15,
    "NARROW_DIST": 0.7,
    "GATE_FLAT_DIST": 0.2,
    "Q_OMEGA": 2,
    "R_VTHETA": 1.0,
    "IN_GATE_RAMP_TIME": 0.3,
    "OUT_GATE_RAMP_TIME": 0.5
  },
  "box_lims": {
    "vtheta_max": 1.4,
    "dvtheta_max": 1.4
  }
}
2025-06-26 11:45:46,427 | ERROR   | Solver failed | status=4 | SQP it=8 | KKT=1.16e-13 | t=0.012s
2025-06-26 11:45:46,428 | ERROR   | Dump saved → debug_logs/fail/tick0282.json
2025-06-26 11:45:46,434 | ERROR   | Solver failed | status=4 | SQP it=1 | KKT=2.84e+03 | t=0.001s
2025-06-26 11:45:46,434 | ERROR   | Dump saved → debug_logs/fail/tick0283.json
2025-06-26 11:45:46,455 | ERROR   | Solver failed | status=4 | SQP it=1 | KKT=2.84e+03 | t=0.002s
2025-06-26 11:45:46,457 | ERROR   | Dump saved → debug_logs/fail/tick0284.json
2025-06-26 11:45:46,478 | ERROR   | Solver failed | status=4 | SQP it=1 | KKT=2.84e+03 | t=0.003s
2025-06-26 11:45:46,480 | ERROR   | Dump saved → debug_logs/fail/tick0285.json
2025-06-26 11:45:46,498 | ERROR   | Solver failed | status=4 | SQP it=1 | KKT=2.84e+03 | t=0.003s
2025-06-26 11:45:46,499 | ERROR   | Dump saved → debug_logs/fail/tick0286.json
2025-06-26 11:45:46,541 | ERROR   | Solver failed | status=1 | SQP it=22 | KKT=2.50e-08 | t=0.026s
2025-06-26 11:45:46,542 | ERROR   | Dump saved → debug_logs/fail/tick0287.json
2025-06-26 11:45:46,544 | ERROR   | Solver failed | status=1 | SQP it=0 | KKT=nan | t=0.000s
2025-06-26 11:45:46,544 | ERROR   | Dump saved → debug_logs/fail/tick0288.json
2025-06-26 11:45:46,565 | ERROR   | Solver failed | status=1 | SQP it=0 | KKT=nan | t=0.000s
2025-06-26 11:45:46,565 | ERROR   | Dump saved → debug_logs/fail/tick0289.json
2025-06-26 11:45:46,587 | ERROR   | Solver failed | status=1 | SQP it=0 | KKT=nan | t=0.000s
2025-06-26 11:45:46,589 | ERROR   | Dump saved → debug_logs/fail/tick0290.json
2025-06-26 11:45:46,609 | ERROR   | Solver failed | status=1 | SQP it=0 | KKT=nan | t=0.000s
2025-06-26 11:45:46,611 | ERROR   | Dump saved → debug_logs/fail/tick0291.json
2025-06-26 11:45:46,630 | ERROR   | Solver failed | status=1 | SQP it=0 | KKT=nan | t=0.001s
2025-06-26 11:45:46,632 | ERROR   | Dump saved → debug_logs/fail/tick0292.json
2025-06-26 11:45:46,650 | ERROR   | Solver failed | status=1 | SQP it=0 | KKT=nan | t=0.001s
2025-06-26 11:45:46,652 | ERROR   | Dump saved → debug_logs/fail/tick0293.json
2025-06-26 11:45:46,670 | ERROR   | Solver failed | status=1 | SQP it=0 | KKT=nan | t=0.001s
2025-06-26 11:45:46,672 | ERROR   | Dump saved → debug_logs/fail/tick0294.json
2025-06-26 11:45:46,691 | ERROR   | Solver failed | status=1 | SQP it=0 | KKT=nan | t=0.001s
2025-06-26 11:45:46,694 | ERROR   | Dump saved → debug_logs/fail/tick0295.json
2025-06-26 11:45:46,709 | ERROR   | Solver failed | status=1 | SQP it=0 | KKT=nan | t=0.001s
2025-06-26 11:45:46,712 | ERROR   | Dump saved → debug_logs/fail/tick0296.json
2025-06-26 11:45:46,730 | ERROR   | Solver failed | status=1 | SQP it=0 | KKT=nan | t=0.001s
2025-06-26 11:45:46,733 | ERROR   | Dump saved → debug_logs/fail/tick0297.json
2025-06-26 11:45:46,751 | ERROR   | Solver failed | status=1 | SQP it=0 | KKT=nan | t=0.001s
2025-06-26 11:45:46,753 | ERROR   | Dump saved → debug_logs/fail/tick0298.json
2025-06-26 11:45:46,771 | ERROR   | Solver failed | status=1 | SQP it=0 | KKT=nan | t=0.001s
2025-06-26 11:45:46,773 | ERROR   | Dump saved → debug_logs/fail/tick0299.json
2025-06-26 11:45:46,791 | ERROR   | Solver failed | status=1 | SQP it=0 | KKT=nan | t=0.001s
2025-06-26 11:45:46,793 | ERROR   | Dump saved → debug_logs/fail/tick0300.json
2025-06-26 11:45:46,810 | ERROR   | Solver failed | status=1 | SQP it=0 | KKT=nan | t=0.001s
2025-06-26 11:45:46,812 | ERROR   | Dump saved → debug_logs/fail/tick0301.json
2025-06-26 11:45:46,828 | ERROR   | Solver failed | status=1 | SQP it=0 | KKT=nan | t=0.000s
2025-06-26 11:45:46,829 | ERROR   | Dump saved → debug_logs/fail/tick0302.json
2025-06-26 11:45:46,849 | ERROR   | Solver failed | status=1 | SQP it=0 | KKT=nan | t=0.000s
2025-06-26 11:45:46,852 | ERROR   | Dump saved → debug_logs/fail/tick0303.json
2025-06-26 11:45:46,870 | ERROR   | Solver failed | status=1 | SQP it=0 | KKT=nan | t=0.001s
2025-06-26 11:45:46,872 | ERROR   | Dump saved → debug_logs/fail/tick0304.json
2025-06-26 11:45:46,892 | ERROR   | Solver failed | status=1 | SQP it=0 | KKT=nan | t=0.001s
2025-06-26 11:45:46,895 | ERROR   | Dump saved → debug_logs/fail/tick0305.json
2025-06-26 11:45:46,911 | ERROR   | Solver failed | status=1 | SQP it=0 | KKT=nan | t=0.001s
2025-06-26 11:45:46,913 | ERROR   | Dump saved → debug_logs/fail/tick0306.json
2025-06-26 11:45:47,013 | ERROR   | Solver failed | status=4 | SQP it=99 | KKT=1.07e-08 | t=0.084s
2025-06-26 11:45:47,014 | ERROR   | Dump saved → debug_logs/fail/tick0307.json
2025-06-26 11:45:47,278 | ERROR   | Solver failed | status=1 | SQP it=215 | KKT=2.34e-08 | t=0.140s
2025-06-26 11:45:47,279 | ERROR   | Dump saved → debug_logs/fail/tick0314.json
2025-06-26 11:45:47,281 | ERROR   | Solver failed | status=1 | SQP it=0 | KKT=nan | t=0.000s
2025-06-26 11:45:47,282 | ERROR   | Dump saved → debug_logs/fail/tick0315.json
2025-06-26 11:45:47,301 | ERROR   | Solver failed | status=1 | SQP it=0 | KKT=nan | t=0.000s
2025-06-26 11:45:47,301 | ERROR   | Dump saved → debug_logs/fail/tick0316.json
2025-06-26 11:45:47,322 | ERROR   | Solver failed | status=1 | SQP it=0 | KKT=nan | t=0.000s
2025-06-26 11:45:47,323 | ERROR   | Dump saved → debug_logs/fail/tick0317.json
2025-06-26 11:45:47,344 | ERROR   | Solver failed | status=1 | SQP it=0 | KKT=nan | t=0.000s
2025-06-26 11:45:47,345 | ERROR   | Dump saved → debug_logs/fail/tick0318.json
2025-06-26 11:45:47,365 | ERROR   | Solver failed | status=1 | SQP it=0 | KKT=nan | t=0.001s
2025-06-26 11:45:47,367 | ERROR   | Dump saved → debug_logs/fail/tick0319.json
2025-06-26 11:45:47,382 | ERROR   | Solver failed | status=1 | SQP it=0 | KKT=nan | t=0.000s
2025-06-26 11:45:47,383 | ERROR   | Dump saved → debug_logs/fail/tick0320.json
2025-06-26 11:45:47,402 | ERROR   | Solver failed | status=1 | SQP it=0 | KKT=nan | t=0.000s
2025-06-26 11:45:47,403 | ERROR   | Dump saved → debug_logs/fail/tick0321.json
2025-06-26 11:45:47,422 | ERROR   | Solver failed | status=1 | SQP it=0 | KKT=nan | t=0.000s
2025-06-26 11:45:47,423 | ERROR   | Dump saved → debug_logs/fail/tick0322.json
2025-06-26 11:45:47,444 | ERROR   | Solver failed | status=1 | SQP it=0 | KKT=nan | t=0.000s
2025-06-26 11:45:47,444 | ERROR   | Dump saved → debug_logs/fail/tick0323.json
2025-06-26 11:45:47,462 | ERROR   | Solver failed | status=1 | SQP it=0 | KKT=nan | t=0.000s
2025-06-26 11:45:47,463 | ERROR   | Dump saved → debug_logs/fail/tick0324.json
2025-06-26 11:45:47,482 | ERROR   | Solver failed | status=1 | SQP it=0 | KKT=nan | t=0.000s
2025-06-26 11:45:47,483 | ERROR   | Dump saved → debug_logs/fail/tick0325.json
2025-06-26 11:45:47,503 | ERROR   | Solver failed | status=1 | SQP it=0 | KKT=nan | t=0.000s
2025-06-26 11:45:47,504 | ERROR   | Dump saved → debug_logs/fail/tick0326.json
2025-06-26 11:45:47,523 | ERROR   | Solver failed | status=1 | SQP it=0 | KKT=nan | t=0.000s
2025-06-26 11:45:47,523 | ERROR   | Dump saved → debug_logs/fail/tick0327.json
2025-06-26 11:45:47,543 | ERROR   | Solver failed | status=1 | SQP it=0 | KKT=nan | t=0.000s
2025-06-26 11:45:47,544 | ERROR   | Dump saved → debug_logs/fail/tick0328.json
2025-06-26 11:45:47,563 | ERROR   | Solver failed | status=1 | SQP it=0 | KKT=nan | t=0.000s
2025-06-26 11:45:47,563 | ERROR   | Dump saved → debug_logs/fail/tick0329.json
2025-06-26 11:45:47,583 | ERROR   | Solver failed | status=1 | SQP it=0 | KKT=nan | t=0.000s
2025-06-26 11:45:47,583 | ERROR   | Dump saved → debug_logs/fail/tick0330.json
2025-06-26 11:45:47,603 | ERROR   | Solver failed | status=1 | SQP it=0 | KKT=nan | t=0.000s
2025-06-26 11:45:47,603 | ERROR   | Dump saved → debug_logs/fail/tick0331.json
2025-06-26 11:45:47,623 | ERROR   | Solver failed | status=1 | SQP it=0 | KKT=nan | t=0.000s
2025-06-26 11:45:47,624 | ERROR   | Dump saved → debug_logs/fail/tick0332.json
2025-06-26 11:45:47,643 | ERROR   | Solver failed | status=1 | SQP it=0 | KKT=nan | t=0.000s
2025-06-26 11:45:47,644 | ERROR   | Dump saved → debug_logs/fail/tick0333.json
2025-06-26 11:45:47,663 | ERROR   | Solver failed | status=1 | SQP it=0 | KKT=nan | t=0.000s
2025-06-26 11:45:47,664 | ERROR   | Dump saved → debug_logs/fail/tick0334.json
2025-06-26 11:45:47,684 | ERROR   | Solver failed | status=1 | SQP it=0 | KKT=nan | t=0.000s
2025-06-26 11:45:47,684 | ERROR   | Dump saved → debug_logs/fail/tick0335.json
2025-06-26 11:45:47,704 | ERROR   | Solver failed | status=1 | SQP it=0 | KKT=nan | t=0.000s
2025-06-26 11:45:47,705 | ERROR   | Dump saved → debug_logs/fail/tick0336.json
2025-06-26 11:45:47,723 | ERROR   | Solver failed | status=1 | SQP it=0 | KKT=nan | t=0.000s
2025-06-26 11:45:47,724 | ERROR   | Dump saved → debug_logs/fail/tick0337.json
2025-06-26 11:45:47,743 | ERROR   | Solver failed | status=1 | SQP it=0 | KKT=nan | t=0.000s
2025-06-26 11:45:47,744 | ERROR   | Dump saved → debug_logs/fail/tick0338.json
2025-06-26 11:45:47,763 | ERROR   | Solver failed | status=1 | SQP it=0 | KKT=nan | t=0.000s
2025-06-26 11:45:47,764 | ERROR   | Dump saved → debug_logs/fail/tick0339.json
2025-06-26 11:45:47,784 | ERROR   | Solver failed | status=1 | SQP it=0 | KKT=nan | t=0.000s
2025-06-26 11:45:47,784 | ERROR   | Dump saved → debug_logs/fail/tick0340.json
2025-06-26 11:45:47,804 | ERROR   | Solver failed | status=1 | SQP it=0 | KKT=nan | t=0.000s
2025-06-26 11:45:47,804 | ERROR   | Dump saved → debug_logs/fail/tick0341.json
2025-06-26 11:45:47,824 | ERROR   | Solver failed | status=1 | SQP it=0 | KKT=nan | t=0.000s
2025-06-26 11:45:47,824 | ERROR   | Dump saved → debug_logs/fail/tick0342.json
2025-06-26 11:45:47,844 | ERROR   | Solver failed | status=1 | SQP it=0 | KKT=nan | t=0.000s
2025-06-26 11:45:47,844 | ERROR   | Dump saved → debug_logs/fail/tick0343.json
2025-06-26 11:45:47,864 | ERROR   | Solver failed | status=1 | SQP it=0 | KKT=nan | t=0.000s
2025-06-26 11:45:47,865 | ERROR   | Dump saved → debug_logs/fail/tick0344.json
2025-06-26 11:45:47,884 | ERROR   | Solver failed | status=1 | SQP it=0 | KKT=nan | t=0.000s
2025-06-26 11:45:47,885 | ERROR   | Dump saved → debug_logs/fail/tick0345.json
2025-06-26 11:45:47,904 | ERROR   | Solver failed | status=1 | SQP it=0 | KKT=nan | t=0.000s
2025-06-26 11:45:47,905 | ERROR   | Dump saved → debug_logs/fail/tick0346.json
2025-06-26 11:45:47,925 | ERROR   | Solver failed | status=1 | SQP it=0 | KKT=nan | t=0.000s
2025-06-26 11:45:47,926 | ERROR   | Dump saved → debug_logs/fail/tick0347.json
2025-06-26 11:45:47,944 | ERROR   | Solver failed | status=1 | SQP it=0 | KKT=nan | t=0.000s
2025-06-26 11:45:47,945 | ERROR   | Dump saved → debug_logs/fail/tick0348.json
