2025-06-26 11:25:42,658 | INFO    | ===== INITIAL STATE DUMP =====
2025-06-26 11:25:42,658 | DEBUG   | {
  "xcurrent": [
    1.089695930480957,
    1.4088244438171387,
    0.08456537127494812,
    0.0,
    0.0,
    0.0
  ],
  "params": {
    "QC": 10,
    "QC_GATE": 50,
    "QL": 40,
    "MU": 10,
    "DVTHETA_MAX": 1.2,
    "N": 15,
    "T_HORIZON": 0.8,
    "RAMP_TIME": 1.8,
    "BARRIER_WEIGHT": 10,
    "TUNNEL_WIDTH": 0.5,
    "TUNNEL_WIDTH_GATE": 0.15,
    "NARROW_DIST": 0.7,
    "GATE_FLAT_DIST": 0.2,
    "Q_OMEGA": 2,
    "R_VTHETA": 1.0,
    "IN_GATE_RAMP_TIME": 0.3,
    "OUT_GATE_RAMP_TIME": 0.5
  },
  "box_lims": {
    "vtheta_max": 1.2,
    "dvtheta_max": 1.2
  }
}
2025-06-26 11:25:48,801 | ERROR   | Solver failed | status=2 | SQP it=1000 | KKT=2.31e-11 | t=0.454s
2025-06-26 11:25:48,801 | ERROR   | Dump saved → debug_logs/fail/tick0262.json
2025-06-26 11:25:49,683 | ERROR   | Solver failed | status=2 | SQP it=1000 | KKT=1.05e-11 | t=0.615s
2025-06-26 11:25:49,684 | ERROR   | Dump saved → debug_logs/fail/tick0271.json
2025-06-26 11:25:50,306 | ERROR   | Solver failed | status=2 | SQP it=1000 | KKT=6.09e-09 | t=0.612s
2025-06-26 11:25:50,307 | ERROR   | Dump saved → debug_logs/fail/tick0272.json
