2025-06-26 12:42:34,874 | INFO    | ===== INITIAL STATE DUMP =====
2025-06-26 12:42:34,874 | DEBUG   | {
  "xcurrent": [
    0.9919917583465576,
    1.5313280820846558,
    0.07358264923095703,
    -0.009661752730607986,
    -0.0022387218195945024,
    -0.00660477951169014
  ],
  "params": {
    "QC": 10,
    "QC_GATE": 50,
    "QL": 40,
    "MU": 10,
    "DVTHETA_MAX": 1.8,
    "N": 20,
    "T_HORIZON": 1.0,
    "RAMP_TIME": 1.8,
    "BARRIER_WEIGHT": 10,
    "TUNNEL_WIDTH": 0.4,
    "TUNNEL_WIDTH_GATE": 0.15,
    "NARROW_DIST": 0.7,
    "GATE_FLAT_DIST": 0.2,
    "Q_OMEGA": 2,
    "R_VTHETA": 1.0,
    "IN_GATE_RAMP_TIME": 0.3,
    "OUT_GATE_RAMP_TIME": 0.5,
    "REG_THRUST": 0.025,
    "REG_INPUTS": 0.13
  },
  "box_lims": {
    "vtheta_max": 1.8,
    "dvtheta_max": 1.8
  }
}
2025-06-26 12:42:37,546 | ERROR   | Solver failed | status=1 | SQP it=17 | KKT=5.34e-08 | t=0.012s
2025-06-26 12:42:37,547 | ERROR   | Dump saved → debug_logs/fail/tick0132.json
2025-06-26 12:42:37,554 | ERROR   | Solver failed | status=1 | SQP it=0 | KKT=nan | t=0.000s
2025-06-26 12:42:37,555 | ERROR   | Dump saved → debug_logs/fail/tick0133.json
2025-06-26 12:42:37,574 | ERROR   | Solver failed | status=1 | SQP it=0 | KKT=nan | t=0.000s
2025-06-26 12:42:37,575 | ERROR   | Dump saved → debug_logs/fail/tick0134.json
2025-06-26 12:42:37,594 | ERROR   | Solver failed | status=1 | SQP it=0 | KKT=nan | t=0.000s
2025-06-26 12:42:37,595 | ERROR   | Dump saved → debug_logs/fail/tick0135.json
2025-06-26 12:42:37,616 | ERROR   | Solver failed | status=1 | SQP it=0 | KKT=nan | t=0.000s
2025-06-26 12:42:37,617 | ERROR   | Dump saved → debug_logs/fail/tick0136.json
2025-06-26 12:42:37,635 | ERROR   | Solver failed | status=1 | SQP it=0 | KKT=nan | t=0.000s
2025-06-26 12:42:37,635 | ERROR   | Dump saved → debug_logs/fail/tick0137.json
2025-06-26 12:42:37,655 | ERROR   | Solver failed | status=1 | SQP it=0 | KKT=nan | t=0.000s
2025-06-26 12:42:37,655 | ERROR   | Dump saved → debug_logs/fail/tick0138.json
2025-06-26 12:42:37,675 | ERROR   | Solver failed | status=1 | SQP it=0 | KKT=nan | t=0.000s
2025-06-26 12:42:37,676 | ERROR   | Dump saved → debug_logs/fail/tick0139.json
2025-06-26 12:42:37,695 | ERROR   | Solver failed | status=1 | SQP it=0 | KKT=nan | t=0.001s
2025-06-26 12:42:37,696 | ERROR   | Dump saved → debug_logs/fail/tick0140.json
2025-06-26 12:42:37,715 | ERROR   | Solver failed | status=1 | SQP it=0 | KKT=nan | t=0.000s
2025-06-26 12:42:37,716 | ERROR   | Dump saved → debug_logs/fail/tick0141.json
2025-06-26 12:42:37,735 | ERROR   | Solver failed | status=1 | SQP it=0 | KKT=nan | t=0.000s
2025-06-26 12:42:37,736 | ERROR   | Dump saved → debug_logs/fail/tick0142.json
2025-06-26 12:42:37,755 | ERROR   | Solver failed | status=1 | SQP it=0 | KKT=nan | t=0.000s
2025-06-26 12:42:37,756 | ERROR   | Dump saved → debug_logs/fail/tick0143.json
2025-06-26 12:42:37,776 | ERROR   | Solver failed | status=1 | SQP it=0 | KKT=nan | t=0.000s
2025-06-26 12:42:37,777 | ERROR   | Dump saved → debug_logs/fail/tick0144.json
2025-06-26 12:42:37,796 | ERROR   | Solver failed | status=1 | SQP it=0 | KKT=nan | t=0.000s
2025-06-26 12:42:37,797 | ERROR   | Dump saved → debug_logs/fail/tick0145.json
2025-06-26 12:42:37,816 | ERROR   | Solver failed | status=1 | SQP it=0 | KKT=nan | t=0.000s
2025-06-26 12:42:37,817 | ERROR   | Dump saved → debug_logs/fail/tick0146.json
2025-06-26 12:42:37,837 | ERROR   | Solver failed | status=1 | SQP it=0 | KKT=nan | t=0.000s
2025-06-26 12:42:37,837 | ERROR   | Dump saved → debug_logs/fail/tick0147.json
2025-06-26 12:42:37,857 | ERROR   | Solver failed | status=1 | SQP it=0 | KKT=nan | t=0.000s
2025-06-26 12:42:37,858 | ERROR   | Dump saved → debug_logs/fail/tick0148.json
2025-06-26 12:42:37,876 | ERROR   | Solver failed | status=1 | SQP it=0 | KKT=nan | t=0.000s
2025-06-26 12:42:37,878 | ERROR   | Dump saved → debug_logs/fail/tick0149.json
2025-06-26 12:42:37,897 | ERROR   | Solver failed | status=1 | SQP it=0 | KKT=nan | t=0.000s
2025-06-26 12:42:37,897 | ERROR   | Dump saved → debug_logs/fail/tick0150.json
2025-06-26 12:42:37,917 | ERROR   | Solver failed | status=1 | SQP it=0 | KKT=nan | t=0.000s
2025-06-26 12:42:37,918 | ERROR   | Dump saved → debug_logs/fail/tick0151.json
2025-06-26 12:42:37,937 | ERROR   | Solver failed | status=1 | SQP it=0 | KKT=nan | t=0.000s
2025-06-26 12:42:37,938 | ERROR   | Dump saved → debug_logs/fail/tick0152.json
2025-06-26 12:42:37,957 | ERROR   | Solver failed | status=1 | SQP it=0 | KKT=nan | t=0.000s
2025-06-26 12:42:37,958 | ERROR   | Dump saved → debug_logs/fail/tick0153.json
2025-06-26 12:42:37,977 | ERROR   | Solver failed | status=1 | SQP it=0 | KKT=nan | t=0.000s
2025-06-26 12:42:37,978 | ERROR   | Dump saved → debug_logs/fail/tick0154.json
2025-06-26 12:42:37,997 | ERROR   | Solver failed | status=1 | SQP it=0 | KKT=nan | t=0.000s
2025-06-26 12:42:37,998 | ERROR   | Dump saved → debug_logs/fail/tick0155.json
2025-06-26 12:42:38,018 | ERROR   | Solver failed | status=1 | SQP it=0 | KKT=nan | t=0.000s
2025-06-26 12:42:38,018 | ERROR   | Dump saved → debug_logs/fail/tick0156.json
2025-06-26 12:42:38,038 | ERROR   | Solver failed | status=1 | SQP it=0 | KKT=nan | t=0.000s
2025-06-26 12:42:38,039 | ERROR   | Dump saved → debug_logs/fail/tick0157.json
2025-06-26 12:42:38,058 | ERROR   | Solver failed | status=1 | SQP it=0 | KKT=nan | t=0.000s
2025-06-26 12:42:38,059 | ERROR   | Dump saved → debug_logs/fail/tick0158.json
2025-06-26 12:42:38,078 | ERROR   | Solver failed | status=1 | SQP it=0 | KKT=nan | t=0.000s
2025-06-26 12:42:38,079 | ERROR   | Dump saved → debug_logs/fail/tick0159.json
2025-06-26 12:42:38,099 | ERROR   | Solver failed | status=1 | SQP it=0 | KKT=nan | t=0.000s
2025-06-26 12:42:38,099 | ERROR   | Dump saved → debug_logs/fail/tick0160.json
2025-06-26 12:42:38,119 | ERROR   | Solver failed | status=1 | SQP it=0 | KKT=nan | t=0.000s
2025-06-26 12:42:38,119 | ERROR   | Dump saved → debug_logs/fail/tick0161.json
2025-06-26 12:42:38,139 | ERROR   | Solver failed | status=1 | SQP it=0 | KKT=nan | t=0.000s
2025-06-26 12:42:38,139 | ERROR   | Dump saved → debug_logs/fail/tick0162.json
2025-06-26 12:42:38,159 | ERROR   | Solver failed | status=1 | SQP it=0 | KKT=nan | t=0.000s
2025-06-26 12:42:38,159 | ERROR   | Dump saved → debug_logs/fail/tick0163.json
2025-06-26 12:42:38,179 | ERROR   | Solver failed | status=1 | SQP it=0 | KKT=nan | t=0.000s
2025-06-26 12:42:38,180 | ERROR   | Dump saved → debug_logs/fail/tick0164.json
2025-06-26 12:42:38,199 | ERROR   | Solver failed | status=1 | SQP it=0 | KKT=nan | t=0.000s
2025-06-26 12:42:38,199 | ERROR   | Dump saved → debug_logs/fail/tick0165.json
2025-06-26 12:42:38,219 | ERROR   | Solver failed | status=1 | SQP it=0 | KKT=nan | t=0.000s
2025-06-26 12:42:38,220 | ERROR   | Dump saved → debug_logs/fail/tick0166.json
2025-06-26 12:42:38,239 | ERROR   | Solver failed | status=1 | SQP it=0 | KKT=nan | t=0.000s
2025-06-26 12:42:38,240 | ERROR   | Dump saved → debug_logs/fail/tick0167.json
2025-06-26 12:42:38,259 | ERROR   | Solver failed | status=1 | SQP it=0 | KKT=nan | t=0.000s
2025-06-26 12:42:38,260 | ERROR   | Dump saved → debug_logs/fail/tick0168.json
2025-06-26 12:42:38,279 | ERROR   | Solver failed | status=1 | SQP it=0 | KKT=nan | t=0.000s
2025-06-26 12:42:38,280 | ERROR   | Dump saved → debug_logs/fail/tick0169.json
2025-06-26 12:42:38,299 | ERROR   | Solver failed | status=1 | SQP it=0 | KKT=nan | t=0.000s
2025-06-26 12:42:38,300 | ERROR   | Dump saved → debug_logs/fail/tick0170.json
2025-06-26 12:42:38,319 | ERROR   | Solver failed | status=1 | SQP it=0 | KKT=nan | t=0.000s
2025-06-26 12:42:38,320 | ERROR   | Dump saved → debug_logs/fail/tick0171.json
2025-06-26 12:42:38,340 | ERROR   | Solver failed | status=1 | SQP it=0 | KKT=nan | t=0.000s
2025-06-26 12:42:38,340 | ERROR   | Dump saved → debug_logs/fail/tick0172.json
2025-06-26 12:42:38,360 | ERROR   | Solver failed | status=1 | SQP it=0 | KKT=nan | t=0.000s
2025-06-26 12:42:38,361 | ERROR   | Dump saved → debug_logs/fail/tick0173.json
2025-06-26 12:42:38,380 | ERROR   | Solver failed | status=1 | SQP it=0 | KKT=nan | t=0.000s
2025-06-26 12:42:38,381 | ERROR   | Dump saved → debug_logs/fail/tick0174.json
2025-06-26 12:42:38,400 | ERROR   | Solver failed | status=1 | SQP it=0 | KKT=nan | t=0.000s
2025-06-26 12:42:38,400 | ERROR   | Dump saved → debug_logs/fail/tick0175.json
2025-06-26 12:42:38,420 | ERROR   | Solver failed | status=1 | SQP it=0 | KKT=nan | t=0.000s
2025-06-26 12:42:38,421 | ERROR   | Dump saved → debug_logs/fail/tick0176.json
2025-06-26 12:42:38,440 | ERROR   | Solver failed | status=1 | SQP it=0 | KKT=nan | t=0.000s
2025-06-26 12:42:38,441 | ERROR   | Dump saved → debug_logs/fail/tick0177.json
2025-06-26 12:42:38,460 | ERROR   | Solver failed | status=1 | SQP it=0 | KKT=nan | t=0.000s
2025-06-26 12:42:38,461 | ERROR   | Dump saved → debug_logs/fail/tick0178.json
2025-06-26 12:42:38,480 | ERROR   | Solver failed | status=1 | SQP it=0 | KKT=nan | t=0.000s
2025-06-26 12:42:38,481 | ERROR   | Dump saved → debug_logs/fail/tick0179.json
2025-06-26 12:42:38,501 | ERROR   | Solver failed | status=1 | SQP it=0 | KKT=nan | t=0.000s
2025-06-26 12:42:38,502 | ERROR   | Dump saved → debug_logs/fail/tick0180.json
2025-06-26 12:42:38,521 | ERROR   | Solver failed | status=1 | SQP it=0 | KKT=nan | t=0.000s
2025-06-26 12:42:38,522 | ERROR   | Dump saved → debug_logs/fail/tick0181.json
2025-06-26 12:42:38,541 | ERROR   | Solver failed | status=1 | SQP it=0 | KKT=nan | t=0.000s
2025-06-26 12:42:38,542 | ERROR   | Dump saved → debug_logs/fail/tick0182.json
2025-06-26 12:42:38,561 | ERROR   | Solver failed | status=1 | SQP it=0 | KKT=nan | t=0.000s
2025-06-26 12:42:38,562 | ERROR   | Dump saved → debug_logs/fail/tick0183.json
2025-06-26 12:42:38,581 | ERROR   | Solver failed | status=1 | SQP it=0 | KKT=nan | t=0.000s
2025-06-26 12:42:38,582 | ERROR   | Dump saved → debug_logs/fail/tick0184.json
2025-06-26 12:42:38,601 | ERROR   | Solver failed | status=1 | SQP it=0 | KKT=nan | t=0.000s
2025-06-26 12:42:38,602 | ERROR   | Dump saved → debug_logs/fail/tick0185.json
2025-06-26 12:42:38,622 | ERROR   | Solver failed | status=1 | SQP it=0 | KKT=nan | t=0.000s
2025-06-26 12:42:38,622 | ERROR   | Dump saved → debug_logs/fail/tick0186.json
2025-06-26 12:42:38,642 | ERROR   | Solver failed | status=1 | SQP it=0 | KKT=nan | t=0.000s
2025-06-26 12:42:38,642 | ERROR   | Dump saved → debug_logs/fail/tick0187.json
2025-06-26 12:42:38,662 | ERROR   | Solver failed | status=1 | SQP it=0 | KKT=nan | t=0.000s
2025-06-26 12:42:38,662 | ERROR   | Dump saved → debug_logs/fail/tick0188.json
2025-06-26 12:42:38,682 | ERROR   | Solver failed | status=1 | SQP it=0 | KKT=nan | t=0.000s
2025-06-26 12:42:38,683 | ERROR   | Dump saved → debug_logs/fail/tick0189.json
2025-06-26 12:42:38,702 | ERROR   | Solver failed | status=1 | SQP it=0 | KKT=nan | t=0.000s
2025-06-26 12:42:38,703 | ERROR   | Dump saved → debug_logs/fail/tick0190.json
2025-06-26 12:42:38,723 | ERROR   | Solver failed | status=1 | SQP it=0 | KKT=nan | t=0.000s
2025-06-26 12:42:38,724 | ERROR   | Dump saved → debug_logs/fail/tick0191.json
2025-06-26 12:42:38,742 | ERROR   | Solver failed | status=1 | SQP it=0 | KKT=nan | t=0.000s
2025-06-26 12:42:38,743 | ERROR   | Dump saved → debug_logs/fail/tick0192.json
2025-06-26 12:42:38,762 | ERROR   | Solver failed | status=1 | SQP it=0 | KKT=nan | t=0.000s
2025-06-26 12:42:38,763 | ERROR   | Dump saved → debug_logs/fail/tick0193.json
2025-06-26 12:42:38,783 | ERROR   | Solver failed | status=1 | SQP it=0 | KKT=nan | t=0.000s
2025-06-26 12:42:38,784 | ERROR   | Dump saved → debug_logs/fail/tick0194.json
2025-06-26 12:42:38,803 | ERROR   | Solver failed | status=1 | SQP it=0 | KKT=nan | t=0.000s
2025-06-26 12:42:38,803 | ERROR   | Dump saved → debug_logs/fail/tick0195.json
2025-06-26 12:42:38,822 | ERROR   | Solver failed | status=1 | SQP it=0 | KKT=nan | t=0.000s
2025-06-26 12:42:38,823 | ERROR   | Dump saved → debug_logs/fail/tick0196.json
2025-06-26 12:42:38,843 | ERROR   | Solver failed | status=1 | SQP it=0 | KKT=nan | t=0.000s
2025-06-26 12:42:38,844 | ERROR   | Dump saved → debug_logs/fail/tick0197.json
2025-06-26 12:42:38,863 | ERROR   | Solver failed | status=1 | SQP it=0 | KKT=nan | t=0.000s
2025-06-26 12:42:38,863 | ERROR   | Dump saved → debug_logs/fail/tick0198.json
2025-06-26 12:42:38,883 | ERROR   | Solver failed | status=1 | SQP it=0 | KKT=nan | t=0.000s
2025-06-26 12:42:38,883 | ERROR   | Dump saved → debug_logs/fail/tick0199.json
2025-06-26 12:42:38,903 | ERROR   | Solver failed | status=1 | SQP it=0 | KKT=nan | t=0.000s
2025-06-26 12:42:38,904 | ERROR   | Dump saved → debug_logs/fail/tick0200.json
2025-06-26 12:42:38,923 | ERROR   | Solver failed | status=1 | SQP it=0 | KKT=nan | t=0.000s
2025-06-26 12:42:38,924 | ERROR   | Dump saved → debug_logs/fail/tick0201.json
2025-06-26 12:42:38,943 | ERROR   | Solver failed | status=1 | SQP it=0 | KKT=nan | t=0.000s
2025-06-26 12:42:38,944 | ERROR   | Dump saved → debug_logs/fail/tick0202.json
2025-06-26 12:42:38,963 | ERROR   | Solver failed | status=1 | SQP it=0 | KKT=nan | t=0.000s
2025-06-26 12:42:38,964 | ERROR   | Dump saved → debug_logs/fail/tick0203.json
2025-06-26 12:42:38,983 | ERROR   | Solver failed | status=1 | SQP it=0 | KKT=nan | t=0.000s
2025-06-26 12:42:38,984 | ERROR   | Dump saved → debug_logs/fail/tick0204.json
2025-06-26 12:42:39,003 | ERROR   | Solver failed | status=1 | SQP it=0 | KKT=nan | t=0.000s
2025-06-26 12:42:39,004 | ERROR   | Dump saved → debug_logs/fail/tick0205.json
2025-06-26 12:42:39,023 | ERROR   | Solver failed | status=1 | SQP it=0 | KKT=nan | t=0.000s
2025-06-26 12:42:39,024 | ERROR   | Dump saved → debug_logs/fail/tick0206.json
2025-06-26 12:42:39,043 | ERROR   | Solver failed | status=1 | SQP it=0 | KKT=nan | t=0.000s
2025-06-26 12:42:39,044 | ERROR   | Dump saved → debug_logs/fail/tick0207.json
2025-06-26 12:42:39,063 | ERROR   | Solver failed | status=1 | SQP it=0 | KKT=nan | t=0.000s
2025-06-26 12:42:39,064 | ERROR   | Dump saved → debug_logs/fail/tick0208.json
2025-06-26 12:42:39,083 | ERROR   | Solver failed | status=1 | SQP it=0 | KKT=nan | t=0.000s
2025-06-26 12:42:39,084 | ERROR   | Dump saved → debug_logs/fail/tick0209.json
2025-06-26 12:42:39,104 | ERROR   | Solver failed | status=1 | SQP it=0 | KKT=nan | t=0.000s
2025-06-26 12:42:39,104 | ERROR   | Dump saved → debug_logs/fail/tick0210.json
2025-06-26 12:42:39,124 | ERROR   | Solver failed | status=1 | SQP it=0 | KKT=nan | t=0.000s
2025-06-26 12:42:39,124 | ERROR   | Dump saved → debug_logs/fail/tick0211.json
2025-06-26 12:42:39,144 | ERROR   | Solver failed | status=1 | SQP it=0 | KKT=nan | t=0.000s
2025-06-26 12:42:39,144 | ERROR   | Dump saved → debug_logs/fail/tick0212.json
2025-06-26 12:42:39,164 | ERROR   | Solver failed | status=1 | SQP it=0 | KKT=nan | t=0.000s
2025-06-26 12:42:39,164 | ERROR   | Dump saved → debug_logs/fail/tick0213.json
2025-06-26 12:42:39,184 | ERROR   | Solver failed | status=1 | SQP it=0 | KKT=nan | t=0.000s
2025-06-26 12:42:39,184 | ERROR   | Dump saved → debug_logs/fail/tick0214.json
2025-06-26 12:42:39,204 | ERROR   | Solver failed | status=1 | SQP it=0 | KKT=nan | t=0.000s
2025-06-26 12:42:39,204 | ERROR   | Dump saved → debug_logs/fail/tick0215.json
2025-06-26 12:42:39,224 | ERROR   | Solver failed | status=1 | SQP it=0 | KKT=nan | t=0.000s
2025-06-26 12:42:39,224 | ERROR   | Dump saved → debug_logs/fail/tick0216.json
2025-06-26 12:42:39,244 | ERROR   | Solver failed | status=1 | SQP it=0 | KKT=nan | t=0.000s
2025-06-26 12:42:39,244 | ERROR   | Dump saved → debug_logs/fail/tick0217.json
2025-06-26 12:42:39,264 | ERROR   | Solver failed | status=1 | SQP it=0 | KKT=nan | t=0.000s
2025-06-26 12:42:39,264 | ERROR   | Dump saved → debug_logs/fail/tick0218.json
2025-06-26 12:42:39,284 | ERROR   | Solver failed | status=1 | SQP it=0 | KKT=nan | t=0.000s
2025-06-26 12:42:39,285 | ERROR   | Dump saved → debug_logs/fail/tick0219.json
2025-06-26 12:42:39,304 | ERROR   | Solver failed | status=1 | SQP it=0 | KKT=nan | t=0.000s
2025-06-26 12:42:39,305 | ERROR   | Dump saved → debug_logs/fail/tick0220.json
2025-06-26 12:42:39,324 | ERROR   | Solver failed | status=1 | SQP it=0 | KKT=nan | t=0.000s
2025-06-26 12:42:39,325 | ERROR   | Dump saved → debug_logs/fail/tick0221.json
2025-06-26 12:42:39,344 | ERROR   | Solver failed | status=1 | SQP it=0 | KKT=nan | t=0.000s
2025-06-26 12:42:39,345 | ERROR   | Dump saved → debug_logs/fail/tick0222.json
2025-06-26 12:42:39,364 | ERROR   | Solver failed | status=1 | SQP it=0 | KKT=nan | t=0.000s
2025-06-26 12:42:39,365 | ERROR   | Dump saved → debug_logs/fail/tick0223.json
