2025-06-12 14:22:55,543 | INFO    | ===== INITIAL STATE DUMP =====
2025-06-12 14:22:55,543 | DEBUG   | {
  "xcurrent": [
    0.972249448299408,
    1.5539666414260864,
    0.05066314712166786,
    -0.01676117815077305,
    -0.0013707278994843364,
    -0.007039066404104233
  ],
  "params": {
    "QC": 10,
    "QL": 80,
    "MU": 5,
    "DVTHETA_MAX": 1.0,
    "N": 20,
    "T_HORIZON": 1.2,
    "RAMP_TIME": 1.8,
    "BARRIER_WEIGHT": 10,
    "TUNNEL_WIDTH": 0.5,
    "TUNNEL_WIDTH_GATE": 0.2,
    "Q_OMEGA": 2,
    "R_VTHETA": 1.0,
    "IN_GATE_RAMP_TIME": 0.4,
    "OUT_GATE_RAMP_TIME": 3
  },
  "box_lims": {
    "vtheta_max": 1.0,
    "dvtheta_max": 1.0
  }
}
