2025-06-26 12:46:31,897 | INFO    | ===== INITIAL STATE DUMP =====
2025-06-26 12:46:31,897 | DEBUG   | {
  "xcurrent": [
    0.975814938545227,
    1.549515724182129,
    0.07394992560148239,
    0.0021210049744695425,
    0.00016342606977559626,
    0.002903689630329609
  ],
  "params": {
    "QC": 10,
    "QC_GATE": 50,
    "QL": 40,
    "MU": 10,
    "DVTHETA_MAX": 1.9,
    "N": 20,
    "T_HORIZON": 1.0,
    "RAMP_TIME": 1.8,
    "BARRIER_WEIGHT": 10,
    "TUNNEL_WIDTH": 0.4,
    "TUNNEL_WIDTH_GATE": 0.15,
    "NARROW_DIST": 0.7,
    "GATE_FLAT_DIST": 0.2,
    "Q_OMEGA": 2,
    "R_VTHETA": 1.0,
    "IN_GATE_RAMP_TIME": 0.3,
    "OUT_GATE_RAMP_TIME": 0.5,
    "REG_THRUST": 0.015,
    "REG_INPUTS": 0.08
  },
  "box_lims": {
    "vtheta_max": 1.9,
    "dvtheta_max": 1.9
  }
}
2025-06-26 12:46:35,994 | ERROR   | Solver failed | status=1 | SQP it=110 | KKT=5.03e-12 | t=0.105s
2025-06-26 12:46:35,995 | ERROR   | Dump saved → debug_logs/fail/tick0185.json
2025-06-26 12:46:35,998 | ERROR   | Solver failed | status=1 | SQP it=0 | KKT=nan | t=0.000s
2025-06-26 12:46:35,998 | ERROR   | Dump saved → debug_logs/fail/tick0186.json
2025-06-26 12:46:36,018 | ERROR   | Solver failed | status=1 | SQP it=0 | KKT=nan | t=0.000s
2025-06-26 12:46:36,019 | ERROR   | Dump saved → debug_logs/fail/tick0187.json
2025-06-26 12:46:36,038 | ERROR   | Solver failed | status=1 | SQP it=0 | KKT=nan | t=0.000s
2025-06-26 12:46:36,039 | ERROR   | Dump saved → debug_logs/fail/tick0188.json
2025-06-26 12:46:36,058 | ERROR   | Solver failed | status=1 | SQP it=0 | KKT=nan | t=0.000s
2025-06-26 12:46:36,059 | ERROR   | Dump saved → debug_logs/fail/tick0189.json
2025-06-26 12:46:36,078 | ERROR   | Solver failed | status=1 | SQP it=0 | KKT=nan | t=0.000s
2025-06-26 12:46:36,079 | ERROR   | Dump saved → debug_logs/fail/tick0190.json
2025-06-26 12:46:36,099 | ERROR   | Solver failed | status=1 | SQP it=0 | KKT=nan | t=0.000s
2025-06-26 12:46:36,099 | ERROR   | Dump saved → debug_logs/fail/tick0191.json
2025-06-26 12:46:36,118 | ERROR   | Solver failed | status=1 | SQP it=0 | KKT=nan | t=0.000s
2025-06-26 12:46:36,119 | ERROR   | Dump saved → debug_logs/fail/tick0192.json
2025-06-26 12:46:36,139 | ERROR   | Solver failed | status=1 | SQP it=0 | KKT=nan | t=0.000s
2025-06-26 12:46:36,139 | ERROR   | Dump saved → debug_logs/fail/tick0193.json
2025-06-26 12:46:36,159 | ERROR   | Solver failed | status=1 | SQP it=0 | KKT=nan | t=0.000s
2025-06-26 12:46:36,159 | ERROR   | Dump saved → debug_logs/fail/tick0194.json
2025-06-26 12:46:36,179 | ERROR   | Solver failed | status=1 | SQP it=0 | KKT=nan | t=0.000s
2025-06-26 12:46:36,179 | ERROR   | Dump saved → debug_logs/fail/tick0195.json
2025-06-26 12:46:36,199 | ERROR   | Solver failed | status=1 | SQP it=0 | KKT=nan | t=0.000s
2025-06-26 12:46:36,200 | ERROR   | Dump saved → debug_logs/fail/tick0196.json
2025-06-26 12:46:36,219 | ERROR   | Solver failed | status=1 | SQP it=0 | KKT=nan | t=0.000s
2025-06-26 12:46:36,220 | ERROR   | Dump saved → debug_logs/fail/tick0197.json
2025-06-26 12:46:36,473 | ERROR   | Solver failed | status=4 | SQP it=273 | KKT=9.70e-08 | t=0.234s
2025-06-26 12:46:36,473 | ERROR   | Dump saved → debug_logs/fail/tick0198.json
2025-06-26 12:46:36,558 | ERROR   | Solver failed | status=4 | SQP it=95 | KKT=7.68e-08 | t=0.082s
2025-06-26 12:46:36,559 | ERROR   | Dump saved → debug_logs/fail/tick0199.json
2025-06-26 12:46:36,673 | ERROR   | Solver failed | status=1 | SQP it=110 | KKT=6.57e-08 | t=0.111s
2025-06-26 12:46:36,674 | ERROR   | Dump saved → debug_logs/fail/tick0200.json
2025-06-26 12:46:36,677 | ERROR   | Solver failed | status=1 | SQP it=0 | KKT=nan | t=0.000s
2025-06-26 12:46:36,677 | ERROR   | Dump saved → debug_logs/fail/tick0201.json
2025-06-26 12:46:36,697 | ERROR   | Solver failed | status=1 | SQP it=0 | KKT=nan | t=0.000s
2025-06-26 12:46:36,698 | ERROR   | Dump saved → debug_logs/fail/tick0202.json
2025-06-26 12:46:36,717 | ERROR   | Solver failed | status=1 | SQP it=0 | KKT=nan | t=0.000s
2025-06-26 12:46:36,718 | ERROR   | Dump saved → debug_logs/fail/tick0203.json
2025-06-26 12:46:36,737 | ERROR   | Solver failed | status=1 | SQP it=0 | KKT=nan | t=0.000s
2025-06-26 12:46:36,738 | ERROR   | Dump saved → debug_logs/fail/tick0204.json
2025-06-26 12:46:36,757 | ERROR   | Solver failed | status=1 | SQP it=0 | KKT=nan | t=0.000s
2025-06-26 12:46:36,758 | ERROR   | Dump saved → debug_logs/fail/tick0205.json
2025-06-26 12:46:36,777 | ERROR   | Solver failed | status=1 | SQP it=0 | KKT=nan | t=0.000s
2025-06-26 12:46:36,778 | ERROR   | Dump saved → debug_logs/fail/tick0206.json
2025-06-26 12:46:36,797 | ERROR   | Solver failed | status=1 | SQP it=0 | KKT=nan | t=0.000s
2025-06-26 12:46:36,798 | ERROR   | Dump saved → debug_logs/fail/tick0207.json
2025-06-26 12:46:36,818 | ERROR   | Solver failed | status=1 | SQP it=0 | KKT=nan | t=0.000s
2025-06-26 12:46:36,818 | ERROR   | Dump saved → debug_logs/fail/tick0208.json
2025-06-26 12:46:36,838 | ERROR   | Solver failed | status=1 | SQP it=0 | KKT=nan | t=0.000s
2025-06-26 12:46:36,839 | ERROR   | Dump saved → debug_logs/fail/tick0209.json
2025-06-26 12:46:36,858 | ERROR   | Solver failed | status=1 | SQP it=0 | KKT=nan | t=0.000s
2025-06-26 12:46:36,859 | ERROR   | Dump saved → debug_logs/fail/tick0210.json
2025-06-26 12:46:36,878 | ERROR   | Solver failed | status=1 | SQP it=0 | KKT=nan | t=0.000s
2025-06-26 12:46:36,879 | ERROR   | Dump saved → debug_logs/fail/tick0211.json
2025-06-26 12:46:36,898 | ERROR   | Solver failed | status=1 | SQP it=0 | KKT=nan | t=0.000s
2025-06-26 12:46:36,898 | ERROR   | Dump saved → debug_logs/fail/tick0212.json
2025-06-26 12:46:36,918 | ERROR   | Solver failed | status=1 | SQP it=0 | KKT=nan | t=0.000s
2025-06-26 12:46:36,919 | ERROR   | Dump saved → debug_logs/fail/tick0213.json
2025-06-26 12:46:36,938 | ERROR   | Solver failed | status=1 | SQP it=0 | KKT=nan | t=0.000s
2025-06-26 12:46:36,939 | ERROR   | Dump saved → debug_logs/fail/tick0214.json
2025-06-26 12:46:36,958 | ERROR   | Solver failed | status=1 | SQP it=0 | KKT=nan | t=0.000s
2025-06-26 12:46:36,959 | ERROR   | Dump saved → debug_logs/fail/tick0215.json
2025-06-26 12:46:36,978 | ERROR   | Solver failed | status=1 | SQP it=0 | KKT=nan | t=0.000s
2025-06-26 12:46:36,979 | ERROR   | Dump saved → debug_logs/fail/tick0216.json
2025-06-26 12:46:36,998 | ERROR   | Solver failed | status=1 | SQP it=0 | KKT=nan | t=0.000s
2025-06-26 12:46:36,999 | ERROR   | Dump saved → debug_logs/fail/tick0217.json
2025-06-26 12:46:37,018 | ERROR   | Solver failed | status=1 | SQP it=0 | KKT=nan | t=0.000s
2025-06-26 12:46:37,019 | ERROR   | Dump saved → debug_logs/fail/tick0218.json
