2025-06-26 10:56:11,217 | INFO    | ===== INITIAL STATE DUMP =====
2025-06-26 10:56:11,217 | DEBUG   | {
  "xcurrent": [
    1.0143059492111206,
    1.560086965560913,
    0.07391313463449478,
    0.0003229985886719078,
    -0.0013972942251712084,
    0.0008017991203814745
  ],
  "params": {
    "QC": 10,
    "QC_GATE": 50,
    "QL": 40,
    "MU": 6,
    "DVTHETA_MAX": 1.0,
    "N": 20,
    "T_HORIZON": 1.0,
    "RAMP_TIME": 1.8,
    "BARRIER_WEIGHT": 10,
    "TUNNEL_WIDTH": 0.4,
    "TUNNEL_WIDTH_GATE": 0.1,
    "NARROW_DIST": 0.7,
    "Q_OMEGA": 2,
    "R_VTHETA": 1.0,
    "IN_GATE_RAMP_TIME": 0.3,
    "OUT_GATE_RAMP_TIME": 0.5
  },
  "box_lims": {
    "vtheta_max": 1.0,
    "dvtheta_max": 1.0
  }
}
