2025-06-26 12:15:48,255 | INFO    | ===== INITIAL STATE DUMP =====
2025-06-26 12:15:48,255 | DEBUG   | {
  "xcurrent": [
    1.089695930480957,
    1.4088244438171387,
    0.08456537127494812,
    0.0,
    0.0,
    0.0
  ],
  "params": {
    "QC": 10,
    "QC_GATE": 50,
    "QL": 40,
    "MU": 10,
    "DVTHETA_MAX": 1.6,
    "N": 20,
    "T_HORIZON": 1.0,
    "RAMP_TIME": 1.8,
    "BARRIER_WEIGHT": 10,
    "TUNNEL_WIDTH": 0.4,
    "TUNNEL_WIDTH_GATE": 0.15,
    "NARROW_DIST": 0.7,
    "GATE_FLAT_DIST": 0.2,
    "Q_OMEGA": 2,
    "R_VTHETA": 1.0,
    "IN_GATE_RAMP_TIME": 0.3,
    "OUT_GATE_RAMP_TIME": 0.5
  },
  "box_lims": {
    "vtheta_max": 1.6,
    "dvtheta_max": 1.6
  }
}
2025-06-26 12:15:58,251 | ERROR   | Solver failed | status=4 | SQP it=220 | KKT=6.31e-09 | t=0.179s
2025-06-26 12:15:58,251 | ERROR   | Dump saved → debug_logs/fail/tick0223.json
2025-06-26 12:15:58,259 | ERROR   | Solver failed | status=4 | SQP it=1 | KKT=5.49e+02 | t=0.001s
2025-06-26 12:15:58,260 | ERROR   | Dump saved → debug_logs/fail/tick0224.json
2025-06-26 12:15:58,273 | ERROR   | Solver failed | status=4 | SQP it=1 | KKT=5.49e+02 | t=0.001s
2025-06-26 12:15:58,273 | ERROR   | Dump saved → debug_logs/fail/tick0225.json
2025-06-26 12:15:58,731 | ERROR   | Solver failed | status=4 | SQP it=490 | KKT=2.50e-13 | t=0.443s
2025-06-26 12:15:58,732 | ERROR   | Dump saved → debug_logs/fail/tick0226.json
2025-06-26 12:15:58,741 | ERROR   | Solver failed | status=4 | SQP it=1 | KKT=7.24e+03 | t=0.001s
2025-06-26 12:15:58,741 | ERROR   | Dump saved → debug_logs/fail/tick0227.json
2025-06-26 12:15:58,756 | ERROR   | Solver failed | status=4 | SQP it=1 | KKT=7.24e+03 | t=0.001s
2025-06-26 12:15:58,756 | ERROR   | Dump saved → debug_logs/fail/tick0228.json
2025-06-26 12:15:59,167 | ERROR   | Solver failed | status=1 | SQP it=437 | KKT=1.72e-09 | t=0.395s
2025-06-26 12:15:59,167 | ERROR   | Dump saved → debug_logs/fail/tick0229.json
2025-06-26 12:15:59,175 | ERROR   | Solver failed | status=1 | SQP it=0 | KKT=nan | t=0.000s
2025-06-26 12:15:59,175 | ERROR   | Dump saved → debug_logs/fail/tick0230.json
2025-06-26 12:15:59,189 | ERROR   | Solver failed | status=1 | SQP it=0 | KKT=nan | t=0.000s
2025-06-26 12:15:59,189 | ERROR   | Dump saved → debug_logs/fail/tick0231.json
2025-06-26 12:15:59,205 | ERROR   | Solver failed | status=1 | SQP it=0 | KKT=nan | t=0.000s
2025-06-26 12:15:59,206 | ERROR   | Dump saved → debug_logs/fail/tick0232.json
2025-06-26 12:15:59,222 | ERROR   | Solver failed | status=1 | SQP it=0 | KKT=nan | t=0.000s
2025-06-26 12:15:59,222 | ERROR   | Dump saved → debug_logs/fail/tick0233.json
2025-06-26 12:15:59,239 | ERROR   | Solver failed | status=1 | SQP it=0 | KKT=nan | t=0.000s
2025-06-26 12:15:59,240 | ERROR   | Dump saved → debug_logs/fail/tick0234.json
2025-06-26 12:15:59,255 | ERROR   | Solver failed | status=1 | SQP it=0 | KKT=nan | t=0.000s
2025-06-26 12:15:59,256 | ERROR   | Dump saved → debug_logs/fail/tick0235.json
2025-06-26 12:15:59,272 | ERROR   | Solver failed | status=1 | SQP it=0 | KKT=nan | t=0.000s
2025-06-26 12:15:59,272 | ERROR   | Dump saved → debug_logs/fail/tick0236.json
2025-06-26 12:15:59,288 | ERROR   | Solver failed | status=1 | SQP it=0 | KKT=nan | t=0.000s
2025-06-26 12:15:59,289 | ERROR   | Dump saved → debug_logs/fail/tick0237.json
2025-06-26 12:15:59,306 | ERROR   | Solver failed | status=1 | SQP it=0 | KKT=nan | t=0.000s
2025-06-26 12:15:59,306 | ERROR   | Dump saved → debug_logs/fail/tick0238.json
2025-06-26 12:15:59,322 | ERROR   | Solver failed | status=1 | SQP it=0 | KKT=nan | t=0.000s
2025-06-26 12:15:59,322 | ERROR   | Dump saved → debug_logs/fail/tick0239.json
2025-06-26 12:15:59,339 | ERROR   | Solver failed | status=1 | SQP it=0 | KKT=nan | t=0.000s
2025-06-26 12:15:59,339 | ERROR   | Dump saved → debug_logs/fail/tick0240.json
2025-06-26 12:15:59,356 | ERROR   | Solver failed | status=1 | SQP it=0 | KKT=nan | t=0.000s
2025-06-26 12:15:59,356 | ERROR   | Dump saved → debug_logs/fail/tick0241.json
2025-06-26 12:15:59,373 | ERROR   | Solver failed | status=1 | SQP it=0 | KKT=nan | t=0.000s
2025-06-26 12:15:59,373 | ERROR   | Dump saved → debug_logs/fail/tick0242.json
2025-06-26 12:15:59,399 | ERROR   | Solver failed | status=1 | SQP it=7 | KKT=1.00e+00 | t=0.010s
2025-06-26 12:15:59,400 | ERROR   | Dump saved → debug_logs/fail/tick0243.json
2025-06-26 12:15:59,409 | ERROR   | Solver failed | status=1 | SQP it=0 | KKT=nan | t=0.000s
2025-06-26 12:15:59,409 | ERROR   | Dump saved → debug_logs/fail/tick0244.json
2025-06-26 12:15:59,422 | ERROR   | Solver failed | status=1 | SQP it=0 | KKT=nan | t=0.000s
2025-06-26 12:15:59,423 | ERROR   | Dump saved → debug_logs/fail/tick0245.json
2025-06-26 12:15:59,439 | ERROR   | Solver failed | status=1 | SQP it=0 | KKT=nan | t=0.000s
2025-06-26 12:15:59,440 | ERROR   | Dump saved → debug_logs/fail/tick0246.json
2025-06-26 12:15:59,455 | ERROR   | Solver failed | status=1 | SQP it=0 | KKT=nan | t=0.000s
2025-06-26 12:15:59,456 | ERROR   | Dump saved → debug_logs/fail/tick0247.json
2025-06-26 12:15:59,471 | ERROR   | Solver failed | status=1 | SQP it=0 | KKT=nan | t=0.000s
2025-06-26 12:15:59,472 | ERROR   | Dump saved → debug_logs/fail/tick0248.json
2025-06-26 12:15:59,488 | ERROR   | Solver failed | status=1 | SQP it=0 | KKT=nan | t=0.000s
2025-06-26 12:15:59,489 | ERROR   | Dump saved → debug_logs/fail/tick0249.json
2025-06-26 12:15:59,505 | ERROR   | Solver failed | status=1 | SQP it=0 | KKT=nan | t=0.000s
2025-06-26 12:15:59,506 | ERROR   | Dump saved → debug_logs/fail/tick0250.json
2025-06-26 12:15:59,522 | ERROR   | Solver failed | status=1 | SQP it=0 | KKT=nan | t=0.000s
2025-06-26 12:15:59,522 | ERROR   | Dump saved → debug_logs/fail/tick0251.json
2025-06-26 12:15:59,538 | ERROR   | Solver failed | status=1 | SQP it=0 | KKT=nan | t=0.000s
2025-06-26 12:15:59,539 | ERROR   | Dump saved → debug_logs/fail/tick0252.json
2025-06-26 12:15:59,555 | ERROR   | Solver failed | status=1 | SQP it=0 | KKT=nan | t=0.000s
2025-06-26 12:15:59,555 | ERROR   | Dump saved → debug_logs/fail/tick0253.json
2025-06-26 12:15:59,572 | ERROR   | Solver failed | status=1 | SQP it=0 | KKT=nan | t=0.000s
2025-06-26 12:15:59,573 | ERROR   | Dump saved → debug_logs/fail/tick0254.json
2025-06-26 12:15:59,588 | ERROR   | Solver failed | status=1 | SQP it=0 | KKT=nan | t=0.000s
2025-06-26 12:15:59,589 | ERROR   | Dump saved → debug_logs/fail/tick0255.json
