2025-06-26 10:41:25,178 | INFO    | ===== INITIAL STATE DUMP =====
2025-06-26 10:41:25,179 | DEBUG   | {
  "xcurrent": [
    1.089695930480957,
    1.4088244438171387,
    0.08456537127494812,
    0.0,
    0.0,
    0.0
  ],
  "params": {
    "QC": 10,
    "QC_GATE": 50,
    "QL": 40,
    "MU": 10,
    "DVTHETA_MAX": 1.0,
    "N": 20,
    "T_HORIZON": 1.0,
    "RAMP_TIME": 1.8,
    "BARRIER_WEIGHT": 10,
    "TUNNEL_WIDTH": 0.5,
    "TUNNEL_WIDTH_GATE": 0.1,
    "NARROW_DIST": 0.7,
    "Q_OMEGA": 2,
    "R_VTHETA": 1.0,
    "IN_GATE_RAMP_TIME": 0.3,
    "OUT_GATE_RAMP_TIME": 0.5
  },
  "box_lims": {
    "vtheta_max": 1.0,
    "dvtheta_max": 1.0
  }
}
2025-06-26 10:41:31,766 | ERROR   | Solver failed | status=1 | SQP it=61 | KKT=3.16e-11 | t=0.058s
2025-06-26 10:41:31,767 | ERROR   | Dump saved → debug_logs/fail/tick0311.json
2025-06-26 10:41:31,785 | ERROR   | Solver failed | status=1 | SQP it=5 | KKT=0.00e+00 | t=0.007s
2025-06-26 10:41:31,785 | ERROR   | Dump saved → debug_logs/fail/tick0312.json
2025-06-26 10:41:31,796 | ERROR   | Solver failed | status=1 | SQP it=0 | KKT=nan | t=0.000s
2025-06-26 10:41:31,797 | ERROR   | Dump saved → debug_logs/fail/tick0313.json
2025-06-26 10:41:31,808 | ERROR   | Solver failed | status=1 | SQP it=0 | KKT=nan | t=0.000s
2025-06-26 10:41:31,809 | ERROR   | Dump saved → debug_logs/fail/tick0314.json
2025-06-26 10:41:31,825 | ERROR   | Solver failed | status=1 | SQP it=0 | KKT=nan | t=0.000s
2025-06-26 10:41:31,825 | ERROR   | Dump saved → debug_logs/fail/tick0315.json
2025-06-26 10:41:31,842 | ERROR   | Solver failed | status=1 | SQP it=0 | KKT=nan | t=0.000s
2025-06-26 10:41:31,842 | ERROR   | Dump saved → debug_logs/fail/tick0316.json
2025-06-26 10:41:31,859 | ERROR   | Solver failed | status=1 | SQP it=0 | KKT=nan | t=0.000s
2025-06-26 10:41:31,860 | ERROR   | Dump saved → debug_logs/fail/tick0317.json
2025-06-26 10:41:31,875 | ERROR   | Solver failed | status=1 | SQP it=0 | KKT=nan | t=0.000s
2025-06-26 10:41:31,875 | ERROR   | Dump saved → debug_logs/fail/tick0318.json
2025-06-26 10:41:31,892 | ERROR   | Solver failed | status=1 | SQP it=0 | KKT=nan | t=0.000s
2025-06-26 10:41:31,892 | ERROR   | Dump saved → debug_logs/fail/tick0319.json
2025-06-26 10:41:31,908 | ERROR   | Solver failed | status=1 | SQP it=0 | KKT=nan | t=0.000s
2025-06-26 10:41:31,909 | ERROR   | Dump saved → debug_logs/fail/tick0320.json
2025-06-26 10:41:31,925 | ERROR   | Solver failed | status=1 | SQP it=0 | KKT=nan | t=0.000s
2025-06-26 10:41:31,926 | ERROR   | Dump saved → debug_logs/fail/tick0321.json
2025-06-26 10:41:31,941 | ERROR   | Solver failed | status=1 | SQP it=0 | KKT=nan | t=0.000s
2025-06-26 10:41:31,942 | ERROR   | Dump saved → debug_logs/fail/tick0322.json
2025-06-26 10:41:31,958 | ERROR   | Solver failed | status=1 | SQP it=0 | KKT=nan | t=0.000s
2025-06-26 10:41:31,959 | ERROR   | Dump saved → debug_logs/fail/tick0323.json
2025-06-26 10:41:31,975 | ERROR   | Solver failed | status=1 | SQP it=0 | KKT=nan | t=0.000s
2025-06-26 10:41:31,976 | ERROR   | Dump saved → debug_logs/fail/tick0324.json
2025-06-26 10:41:31,992 | ERROR   | Solver failed | status=1 | SQP it=0 | KKT=nan | t=0.000s
2025-06-26 10:41:31,992 | ERROR   | Dump saved → debug_logs/fail/tick0325.json
2025-06-26 10:41:32,009 | ERROR   | Solver failed | status=1 | SQP it=0 | KKT=nan | t=0.000s
2025-06-26 10:41:32,012 | ERROR   | Dump saved → debug_logs/fail/tick0326.json
2025-06-26 10:41:32,040 | ERROR   | Solver failed | status=1 | SQP it=0 | KKT=nan | t=0.000s
2025-06-26 10:41:32,040 | ERROR   | Dump saved → debug_logs/fail/tick0327.json
2025-06-26 10:41:32,058 | ERROR   | Solver failed | status=1 | SQP it=0 | KKT=nan | t=0.000s
2025-06-26 10:41:32,059 | ERROR   | Dump saved → debug_logs/fail/tick0328.json
2025-06-26 10:41:32,076 | ERROR   | Solver failed | status=1 | SQP it=2 | KKT=4.61e+02 | t=0.002s
2025-06-26 10:41:32,077 | ERROR   | Dump saved → debug_logs/fail/tick0329.json
2025-06-26 10:41:32,091 | ERROR   | Solver failed | status=1 | SQP it=0 | KKT=nan | t=0.000s
2025-06-26 10:41:32,092 | ERROR   | Dump saved → debug_logs/fail/tick0330.json
2025-06-26 10:41:32,108 | ERROR   | Solver failed | status=1 | SQP it=0 | KKT=nan | t=0.000s
2025-06-26 10:41:32,109 | ERROR   | Dump saved → debug_logs/fail/tick0331.json
2025-06-26 10:41:32,124 | ERROR   | Solver failed | status=1 | SQP it=0 | KKT=nan | t=0.000s
2025-06-26 10:41:32,125 | ERROR   | Dump saved → debug_logs/fail/tick0332.json
2025-06-26 10:41:32,142 | ERROR   | Solver failed | status=1 | SQP it=0 | KKT=nan | t=0.000s
2025-06-26 10:41:32,143 | ERROR   | Dump saved → debug_logs/fail/tick0333.json
2025-06-26 10:41:32,158 | ERROR   | Solver failed | status=1 | SQP it=0 | KKT=nan | t=0.000s
2025-06-26 10:41:32,158 | ERROR   | Dump saved → debug_logs/fail/tick0334.json
2025-06-26 10:41:32,174 | ERROR   | Solver failed | status=1 | SQP it=0 | KKT=nan | t=0.000s
2025-06-26 10:41:32,175 | ERROR   | Dump saved → debug_logs/fail/tick0335.json
2025-06-26 10:41:32,191 | ERROR   | Solver failed | status=1 | SQP it=0 | KKT=nan | t=0.000s
2025-06-26 10:41:32,192 | ERROR   | Dump saved → debug_logs/fail/tick0336.json
2025-06-26 10:41:32,208 | ERROR   | Solver failed | status=1 | SQP it=0 | KKT=nan | t=0.000s
2025-06-26 10:41:32,208 | ERROR   | Dump saved → debug_logs/fail/tick0337.json
2025-06-26 10:41:32,224 | ERROR   | Solver failed | status=1 | SQP it=0 | KKT=nan | t=0.000s
2025-06-26 10:41:32,225 | ERROR   | Dump saved → debug_logs/fail/tick0338.json
2025-06-26 10:41:32,241 | ERROR   | Solver failed | status=1 | SQP it=0 | KKT=nan | t=0.000s
2025-06-26 10:41:32,241 | ERROR   | Dump saved → debug_logs/fail/tick0339.json
2025-06-26 10:41:32,258 | ERROR   | Solver failed | status=1 | SQP it=0 | KKT=nan | t=0.000s
2025-06-26 10:41:32,258 | ERROR   | Dump saved → debug_logs/fail/tick0340.json
2025-06-26 10:41:32,274 | ERROR   | Solver failed | status=1 | SQP it=0 | KKT=nan | t=0.000s
2025-06-26 10:41:32,275 | ERROR   | Dump saved → debug_logs/fail/tick0341.json
2025-06-26 10:41:32,292 | ERROR   | Solver failed | status=1 | SQP it=0 | KKT=nan | t=0.000s
2025-06-26 10:41:32,292 | ERROR   | Dump saved → debug_logs/fail/tick0342.json
2025-06-26 10:41:32,308 | ERROR   | Solver failed | status=1 | SQP it=0 | KKT=nan | t=0.000s
2025-06-26 10:41:32,308 | ERROR   | Dump saved → debug_logs/fail/tick0343.json
2025-06-26 10:41:32,325 | ERROR   | Solver failed | status=1 | SQP it=0 | KKT=nan | t=0.000s
2025-06-26 10:41:32,325 | ERROR   | Dump saved → debug_logs/fail/tick0344.json
2025-06-26 10:41:32,341 | ERROR   | Solver failed | status=1 | SQP it=0 | KKT=nan | t=0.000s
2025-06-26 10:41:32,342 | ERROR   | Dump saved → debug_logs/fail/tick0345.json
2025-06-26 10:41:32,358 | ERROR   | Solver failed | status=1 | SQP it=0 | KKT=nan | t=0.000s
2025-06-26 10:41:32,359 | ERROR   | Dump saved → debug_logs/fail/tick0346.json
2025-06-26 10:41:32,374 | ERROR   | Solver failed | status=1 | SQP it=0 | KKT=nan | t=0.000s
2025-06-26 10:41:32,375 | ERROR   | Dump saved → debug_logs/fail/tick0347.json
2025-06-26 10:41:32,391 | ERROR   | Solver failed | status=1 | SQP it=0 | KKT=nan | t=0.000s
2025-06-26 10:41:32,391 | ERROR   | Dump saved → debug_logs/fail/tick0348.json
2025-06-26 10:41:32,408 | ERROR   | Solver failed | status=1 | SQP it=0 | KKT=nan | t=0.000s
2025-06-26 10:41:32,409 | ERROR   | Dump saved → debug_logs/fail/tick0349.json
2025-06-26 10:41:32,425 | ERROR   | Solver failed | status=1 | SQP it=0 | KKT=nan | t=0.000s
2025-06-26 10:41:32,425 | ERROR   | Dump saved → debug_logs/fail/tick0350.json
2025-06-26 10:41:32,441 | ERROR   | Solver failed | status=1 | SQP it=0 | KKT=nan | t=0.000s
2025-06-26 10:41:32,441 | ERROR   | Dump saved → debug_logs/fail/tick0351.json
2025-06-26 10:41:32,458 | ERROR   | Solver failed | status=1 | SQP it=0 | KKT=nan | t=0.000s
2025-06-26 10:41:32,458 | ERROR   | Dump saved → debug_logs/fail/tick0352.json
2025-06-26 10:41:32,475 | ERROR   | Solver failed | status=1 | SQP it=0 | KKT=nan | t=0.000s
2025-06-26 10:41:32,476 | ERROR   | Dump saved → debug_logs/fail/tick0353.json
