2025-06-25 23:07:23,032 | INFO    | ===== INITIAL STATE DUMP =====
2025-06-25 23:07:23,032 | DEBUG   | {
  "xcurrent": [
    1.089695930480957,
    1.4088244438171387,
    0.08456537127494812,
    0.0,
    0.0,
    0.0
  ],
  "params": {
    "QC": 10,
    "QC_GATE": 50,
    "QL": 40,
    "MU": 10,
    "DVTHETA_MAX": 1.7,
    "N": 15,
    "T_HORIZON": 0.8,
    "RAMP_TIME": 1.8,
    "BARRIER_WEIGHT": 10,
    "OBSTACLE_WEIGHT": 300,
    "TUNNEL_WIDTH": 0.5,
    "TUNNEL_WIDTH_GATE": 0.15,
    "NARROW_DIST": 0.7,
    "GATE_FLAT_DIST": 0.2,
    "Q_OMEGA": 2,
    "R_VTHETA": 1.0,
    "IN_GATE_RAMP_TIME": 0.3,
    "OUT_GATE_RAMP_TIME": 0.5,
    "OBSTACLE_RADIUS": 0.1
  },
  "box_lims": {
    "vtheta_max": 1.7,
    "dvtheta_max": 1.7
  }
}
2025-06-25 23:07:35,291 | ERROR   | Solver failed | status=4 | SQP it=126 | KKT=1.91e-08 | t=0.277s
2025-06-25 23:07:35,293 | ERROR   | Dump saved → debug_logs/fail/tick0076.json
2025-06-25 23:07:35,763 | ERROR   | Solver failed | status=4 | SQP it=34 | KKT=2.43e-08 | t=0.434s
2025-06-25 23:07:35,765 | ERROR   | Dump saved → debug_logs/fail/tick0077.json
2025-06-25 23:07:35,809 | ERROR   | Solver failed | status=4 | SQP it=1 | KKT=1.26e+02 | t=0.007s
2025-06-25 23:07:35,811 | ERROR   | Dump saved → debug_logs/fail/tick0078.json
2025-06-25 23:07:36,029 | ERROR   | Solver failed | status=4 | SQP it=1 | KKT=2.54e+01 | t=0.004s
2025-06-25 23:07:36,031 | ERROR   | Dump saved → debug_logs/fail/tick0081.json
2025-06-25 23:07:36,072 | ERROR   | Solver failed | status=4 | SQP it=1 | KKT=2.54e+01 | t=0.004s
2025-06-25 23:07:36,074 | ERROR   | Dump saved → debug_logs/fail/tick0082.json
2025-06-25 23:07:36,113 | ERROR   | Solver failed | status=4 | SQP it=1 | KKT=4.43e+01 | t=0.002s
2025-06-25 23:07:36,115 | ERROR   | Dump saved → debug_logs/fail/tick0083.json
2025-06-25 23:07:36,157 | ERROR   | Solver failed | status=4 | SQP it=1 | KKT=8.87e+00 | t=0.002s
2025-06-25 23:07:36,159 | ERROR   | Dump saved → debug_logs/fail/tick0084.json
2025-06-25 23:07:36,198 | ERROR   | Solver failed | status=4 | SQP it=1 | KKT=7.48e+00 | t=0.002s
2025-06-25 23:07:36,200 | ERROR   | Dump saved → debug_logs/fail/tick0085.json
2025-06-25 23:07:37,133 | ERROR   | Solver failed | status=4 | SQP it=7 | KKT=1.00e+00 | t=0.027s
2025-06-25 23:07:37,135 | ERROR   | Dump saved → debug_logs/fail/tick0086.json
2025-06-25 23:07:37,189 | ERROR   | Solver failed | status=4 | SQP it=9 | KKT=2.66e-15 | t=0.018s
2025-06-25 23:07:37,191 | ERROR   | Dump saved → debug_logs/fail/tick0087.json
2025-06-25 23:07:37,246 | ERROR   | Solver failed | status=4 | SQP it=7 | KKT=1.00e+00 | t=0.018s
2025-06-25 23:07:37,248 | ERROR   | Dump saved → debug_logs/fail/tick0088.json
2025-06-25 23:07:37,304 | ERROR   | Solver failed | status=4 | SQP it=10 | KKT=4.44e-16 | t=0.020s
2025-06-25 23:07:37,306 | ERROR   | Dump saved → debug_logs/fail/tick0089.json
2025-06-25 23:07:37,637 | ERROR   | Solver failed | status=4 | SQP it=6 | KKT=1.10e+01 | t=0.010s
2025-06-25 23:07:37,639 | ERROR   | Dump saved → debug_logs/fail/tick0092.json
