2025-06-26 10:39:33,896 | INFO    | ===== INITIAL STATE DUMP =====
2025-06-26 10:39:33,896 | DEBUG   | {
  "xcurrent": [
    1.089695930480957,
    1.4088244438171387,
    0.08456537127494812,
    0.0,
    0.0,
    0.0
  ],
  "params": {
    "QC": 10,
    "QC_GATE": 50,
    "QL": 40,
    "MU": 10,
    "DVTHETA_MAX": 1.0,
    "N": 20,
    "T_HORIZON": 1.0,
    "RAMP_TIME": 1.8,
    "BARRIER_WEIGHT": 10,
    "TUNNEL_WIDTH": 0.5,
    "TUNNEL_WIDTH_GATE": 0.1,
    "NARROW_DIST": 0.7,
    "Q_OMEGA": 2,
    "R_VTHETA": 1.0,
    "IN_GATE_RAMP_TIME": 0.3,
    "OUT_GATE_RAMP_TIME": 0.5
  },
  "box_lims": {
    "vtheta_max": 1.0,
    "dvtheta_max": 1.0
  }
}
2025-06-26 10:39:47,650 | ERROR   | Solver failed | status=2 | SQP it=1000 | KKT=8.15e-08 | t=0.624s
2025-06-26 10:39:47,651 | ERROR   | Dump saved → debug_logs/fail/tick0415.json
2025-06-26 10:39:48,048 | ERROR   | Solver failed | status=4 | SQP it=528 | KKT=2.91e-08 | t=0.386s
2025-06-26 10:39:48,049 | ERROR   | Dump saved → debug_logs/fail/tick0416.json
2025-06-26 10:39:48,063 | ERROR   | Solver failed | status=4 | SQP it=1 | KKT=5.98e+02 | t=0.003s
2025-06-26 10:39:48,064 | ERROR   | Dump saved → debug_logs/fail/tick0417.json
2025-06-26 10:39:48,219 | ERROR   | Solver failed | status=1 | SQP it=175 | KKT=9.15e-12 | t=0.144s
2025-06-26 10:39:48,219 | ERROR   | Dump saved → debug_logs/fail/tick0418.json
2025-06-26 10:39:48,231 | ERROR   | Solver failed | status=1 | SQP it=0 | KKT=nan | t=0.000s
2025-06-26 10:39:48,231 | ERROR   | Dump saved → debug_logs/fail/tick0419.json
2025-06-26 10:39:48,242 | ERROR   | Solver failed | status=1 | SQP it=0 | KKT=nan | t=0.000s
2025-06-26 10:39:48,243 | ERROR   | Dump saved → debug_logs/fail/tick0420.json
2025-06-26 10:39:48,258 | ERROR   | Solver failed | status=1 | SQP it=0 | KKT=nan | t=0.000s
2025-06-26 10:39:48,259 | ERROR   | Dump saved → debug_logs/fail/tick0421.json
2025-06-26 10:39:48,279 | ERROR   | Solver failed | status=1 | SQP it=0 | KKT=nan | t=0.000s
2025-06-26 10:39:48,280 | ERROR   | Dump saved → debug_logs/fail/tick0422.json
2025-06-26 10:39:48,311 | ERROR   | Solver failed | status=1 | SQP it=0 | KKT=nan | t=0.000s
2025-06-26 10:39:48,312 | ERROR   | Dump saved → debug_logs/fail/tick0423.json
2025-06-26 10:39:48,331 | ERROR   | Solver failed | status=1 | SQP it=0 | KKT=nan | t=0.000s
2025-06-26 10:39:48,332 | ERROR   | Dump saved → debug_logs/fail/tick0424.json
2025-06-26 10:39:48,343 | ERROR   | Solver failed | status=1 | SQP it=0 | KKT=nan | t=0.000s
2025-06-26 10:39:48,343 | ERROR   | Dump saved → debug_logs/fail/tick0425.json
2025-06-26 10:39:48,360 | ERROR   | Solver failed | status=1 | SQP it=0 | KKT=nan | t=0.000s
2025-06-26 10:39:48,360 | ERROR   | Dump saved → debug_logs/fail/tick0426.json
2025-06-26 10:39:48,379 | ERROR   | Solver failed | status=1 | SQP it=0 | KKT=nan | t=0.000s
2025-06-26 10:39:48,379 | ERROR   | Dump saved → debug_logs/fail/tick0427.json
2025-06-26 10:39:48,395 | ERROR   | Solver failed | status=1 | SQP it=0 | KKT=nan | t=0.000s
2025-06-26 10:39:48,396 | ERROR   | Dump saved → debug_logs/fail/tick0428.json
2025-06-26 10:39:48,412 | ERROR   | Solver failed | status=1 | SQP it=0 | KKT=nan | t=0.000s
2025-06-26 10:39:48,412 | ERROR   | Dump saved → debug_logs/fail/tick0429.json
2025-06-26 10:39:48,425 | ERROR   | Solver failed | status=1 | SQP it=0 | KKT=nan | t=0.000s
2025-06-26 10:39:48,426 | ERROR   | Dump saved → debug_logs/fail/tick0430.json
2025-06-26 10:39:48,444 | ERROR   | Solver failed | status=1 | SQP it=0 | KKT=nan | t=0.000s
2025-06-26 10:39:48,444 | ERROR   | Dump saved → debug_logs/fail/tick0431.json
2025-06-26 10:39:48,567 | ERROR   | Solver failed | status=4 | SQP it=125 | KKT=9.19e-08 | t=0.108s
2025-06-26 10:39:48,568 | ERROR   | Dump saved → debug_logs/fail/tick0432.json
2025-06-26 10:39:48,791 | ERROR   | Solver failed | status=1 | SQP it=242 | KKT=9.10e-08 | t=0.212s
2025-06-26 10:39:48,792 | ERROR   | Dump saved → debug_logs/fail/tick0433.json
2025-06-26 10:39:48,803 | ERROR   | Solver failed | status=1 | SQP it=0 | KKT=nan | t=0.000s
2025-06-26 10:39:48,804 | ERROR   | Dump saved → debug_logs/fail/tick0434.json
2025-06-26 10:39:48,814 | ERROR   | Solver failed | status=1 | SQP it=0 | KKT=nan | t=0.000s
2025-06-26 10:39:48,815 | ERROR   | Dump saved → debug_logs/fail/tick0435.json
2025-06-26 10:39:48,826 | ERROR   | Solver failed | status=1 | SQP it=0 | KKT=nan | t=0.000s
2025-06-26 10:39:48,827 | ERROR   | Dump saved → debug_logs/fail/tick0436.json
