2025-06-25 22:58:01,630 | INFO    | ===== INITIAL STATE DUMP =====
2025-06-25 22:58:01,631 | DEBUG   | {
  "xcurrent": [
    1.089695930480957,
    1.4088244438171387,
    0.08456537127494812,
    0.0,
    0.0,
    0.0
  ],
  "params": {
    "QC": 10,
    "QC_GATE": 50,
    "QL": 40,
    "MU": 10,
    "DVTHETA_MAX": 1.7,
    "N": 15,
    "T_HORIZON": 0.8,
    "RAMP_TIME": 1.8,
    "BARRIER_WEIGHT": 10,
    "OBSTACLE_WEIGHT": 1,
    "TUNNEL_WIDTH": 0.5,
    "TUNNEL_WIDTH_GATE": 0.15,
    "NARROW_DIST": 0.7,
    "GATE_FLAT_DIST": 0.2,
    "Q_OMEGA": 2,
    "R_VTHETA": 1.0,
    "IN_GATE_RAMP_TIME": 0.3,
    "OUT_GATE_RAMP_TIME": 0.5,
    "OBSTACLE_RADIUS": 0.1
  },
  "box_lims": {
    "vtheta_max": 1.7,
    "dvtheta_max": 1.7
  }
}
2025-06-25 22:58:01,638 | ERROR   | Solver failed | status=1 | SQP it=0 | KKT=nan | t=0.000s
2025-06-25 22:58:01,639 | ERROR   | Dump saved → debug_logs/fail/tick0000.json
2025-06-25 22:58:06,797 | ERROR   | Solver failed | status=1 | SQP it=0 | KKT=nan | t=0.000s
2025-06-25 22:58:06,798 | ERROR   | Dump saved → debug_logs/fail/tick0001.json
2025-06-25 22:58:06,841 | ERROR   | Solver failed | status=1 | SQP it=0 | KKT=nan | t=0.000s
2025-06-25 22:58:06,843 | ERROR   | Dump saved → debug_logs/fail/tick0002.json
2025-06-25 22:58:06,881 | ERROR   | Solver failed | status=1 | SQP it=0 | KKT=nan | t=0.000s
2025-06-25 22:58:06,883 | ERROR   | Dump saved → debug_logs/fail/tick0003.json
2025-06-25 22:58:06,923 | ERROR   | Solver failed | status=1 | SQP it=0 | KKT=nan | t=0.000s
2025-06-25 22:58:06,924 | ERROR   | Dump saved → debug_logs/fail/tick0004.json
2025-06-25 22:58:06,964 | ERROR   | Solver failed | status=1 | SQP it=0 | KKT=nan | t=0.000s
2025-06-25 22:58:06,965 | ERROR   | Dump saved → debug_logs/fail/tick0005.json
2025-06-25 22:58:07,005 | ERROR   | Solver failed | status=1 | SQP it=0 | KKT=nan | t=0.000s
2025-06-25 22:58:07,006 | ERROR   | Dump saved → debug_logs/fail/tick0006.json
2025-06-25 22:58:07,045 | ERROR   | Solver failed | status=1 | SQP it=0 | KKT=nan | t=0.000s
2025-06-25 22:58:07,046 | ERROR   | Dump saved → debug_logs/fail/tick0007.json
2025-06-25 22:58:07,085 | ERROR   | Solver failed | status=1 | SQP it=0 | KKT=nan | t=0.000s
2025-06-25 22:58:07,087 | ERROR   | Dump saved → debug_logs/fail/tick0008.json
2025-06-25 22:58:07,124 | ERROR   | Solver failed | status=1 | SQP it=0 | KKT=nan | t=0.000s
2025-06-25 22:58:07,125 | ERROR   | Dump saved → debug_logs/fail/tick0009.json
2025-06-25 22:58:07,163 | ERROR   | Solver failed | status=1 | SQP it=0 | KKT=nan | t=0.000s
2025-06-25 22:58:07,164 | ERROR   | Dump saved → debug_logs/fail/tick0010.json
2025-06-25 22:58:07,204 | ERROR   | Solver failed | status=1 | SQP it=0 | KKT=nan | t=0.000s
2025-06-25 22:58:07,205 | ERROR   | Dump saved → debug_logs/fail/tick0011.json
2025-06-25 22:58:07,243 | ERROR   | Solver failed | status=1 | SQP it=0 | KKT=nan | t=0.000s
2025-06-25 22:58:07,244 | ERROR   | Dump saved → debug_logs/fail/tick0012.json
2025-06-25 22:58:07,282 | ERROR   | Solver failed | status=1 | SQP it=0 | KKT=nan | t=0.000s
2025-06-25 22:58:07,284 | ERROR   | Dump saved → debug_logs/fail/tick0013.json
2025-06-25 22:58:07,324 | ERROR   | Solver failed | status=1 | SQP it=0 | KKT=nan | t=0.000s
2025-06-25 22:58:07,326 | ERROR   | Dump saved → debug_logs/fail/tick0014.json
2025-06-25 22:58:07,369 | ERROR   | Solver failed | status=1 | SQP it=0 | KKT=nan | t=0.000s
2025-06-25 22:58:07,370 | ERROR   | Dump saved → debug_logs/fail/tick0015.json
2025-06-25 22:58:07,413 | ERROR   | Solver failed | status=1 | SQP it=0 | KKT=nan | t=0.000s
2025-06-25 22:58:07,414 | ERROR   | Dump saved → debug_logs/fail/tick0016.json
2025-06-25 22:58:07,454 | ERROR   | Solver failed | status=1 | SQP it=0 | KKT=nan | t=0.000s
2025-06-25 22:58:07,456 | ERROR   | Dump saved → debug_logs/fail/tick0017.json
2025-06-25 22:58:07,495 | ERROR   | Solver failed | status=1 | SQP it=0 | KKT=nan | t=0.000s
2025-06-25 22:58:07,496 | ERROR   | Dump saved → debug_logs/fail/tick0018.json
