2025-06-26 11:42:19,706 | INFO    | ===== INITIAL STATE DUMP =====
2025-06-26 11:42:19,706 | DEBUG   | {
  "xcurrent": [
    1.0689619779586792,
    1.4067903757095337,
    0.07236289978027344,
    0.005543075036257505,
    0.001165806665085256,
    0.006985192187130451
  ],
  "params": {
    "QC": 10,
    "QC_GATE": 50,
    "QL": 40,
    "MU": 10,
    "DVTHETA_MAX": 1.4,
    "N": 20,
    "T_HORIZON": 1.0,
    "RAMP_TIME": 1.8,
    "BARRIER_WEIGHT": 10,
    "TUNNEL_WIDTH": 0.4,
    "TUNNEL_WIDTH_GATE": 0.15,
    "NARROW_DIST": 0.7,
    "GATE_FLAT_DIST": 0.2,
    "Q_OMEGA": 2,
    "R_VTHETA": 1.0,
    "IN_GATE_RAMP_TIME": 0.3,
    "OUT_GATE_RAMP_TIME": 0.5
  },
  "box_lims": {
    "vtheta_max": 1.4,
    "dvtheta_max": 1.4
  }
}
2025-06-26 11:42:25,287 | ERROR   | Solver failed | status=4 | SQP it=21 | KKT=4.38e-08 | t=0.018s
2025-06-26 11:42:25,288 | ERROR   | Dump saved → debug_logs/fail/tick0277.json
2025-06-26 11:42:25,292 | ERROR   | Solver failed | status=4 | SQP it=1 | KKT=2.36e+02 | t=0.001s
2025-06-26 11:42:25,293 | ERROR   | Dump saved → debug_logs/fail/tick0278.json
2025-06-26 11:42:25,312 | ERROR   | Solver failed | status=4 | SQP it=1 | KKT=2.36e+02 | t=0.001s
2025-06-26 11:42:25,313 | ERROR   | Dump saved → debug_logs/fail/tick0279.json
2025-06-26 11:42:25,333 | ERROR   | Solver failed | status=4 | SQP it=1 | KKT=2.36e+02 | t=0.001s
2025-06-26 11:42:25,333 | ERROR   | Dump saved → debug_logs/fail/tick0280.json
2025-06-26 11:42:25,577 | ERROR   | Solver failed | status=1 | SQP it=282 | KKT=3.03e-10 | t=0.224s
2025-06-26 11:42:25,577 | ERROR   | Dump saved → debug_logs/fail/tick0281.json
2025-06-26 11:42:25,579 | ERROR   | Solver failed | status=1 | SQP it=0 | KKT=nan | t=0.000s
2025-06-26 11:42:25,580 | ERROR   | Dump saved → debug_logs/fail/tick0282.json
2025-06-26 11:42:25,600 | ERROR   | Solver failed | status=1 | SQP it=0 | KKT=nan | t=0.000s
2025-06-26 11:42:25,600 | ERROR   | Dump saved → debug_logs/fail/tick0283.json
2025-06-26 11:42:25,621 | ERROR   | Solver failed | status=1 | SQP it=0 | KKT=nan | t=0.000s
2025-06-26 11:42:25,622 | ERROR   | Dump saved → debug_logs/fail/tick0284.json
2025-06-26 11:42:25,643 | ERROR   | Solver failed | status=1 | SQP it=0 | KKT=nan | t=0.000s
2025-06-26 11:42:25,644 | ERROR   | Dump saved → debug_logs/fail/tick0285.json
2025-06-26 11:42:25,665 | ERROR   | Solver failed | status=1 | SQP it=0 | KKT=nan | t=0.000s
2025-06-26 11:42:25,667 | ERROR   | Dump saved → debug_logs/fail/tick0286.json
2025-06-26 11:42:25,686 | ERROR   | Solver failed | status=1 | SQP it=0 | KKT=nan | t=0.001s
2025-06-26 11:42:25,688 | ERROR   | Dump saved → debug_logs/fail/tick0287.json
2025-06-26 11:42:25,706 | ERROR   | Solver failed | status=1 | SQP it=0 | KKT=nan | t=0.001s
2025-06-26 11:42:25,709 | ERROR   | Dump saved → debug_logs/fail/tick0288.json
2025-06-26 11:42:25,726 | ERROR   | Solver failed | status=1 | SQP it=0 | KKT=nan | t=0.001s
2025-06-26 11:42:25,728 | ERROR   | Dump saved → debug_logs/fail/tick0289.json
2025-06-26 11:42:25,747 | ERROR   | Solver failed | status=1 | SQP it=0 | KKT=nan | t=0.001s
2025-06-26 11:42:25,750 | ERROR   | Dump saved → debug_logs/fail/tick0290.json
2025-06-26 11:42:25,766 | ERROR   | Solver failed | status=1 | SQP it=0 | KKT=nan | t=0.001s
2025-06-26 11:42:25,769 | ERROR   | Dump saved → debug_logs/fail/tick0291.json
2025-06-26 11:42:25,787 | ERROR   | Solver failed | status=1 | SQP it=0 | KKT=nan | t=0.001s
2025-06-26 11:42:25,790 | ERROR   | Dump saved → debug_logs/fail/tick0292.json
2025-06-26 11:42:25,807 | ERROR   | Solver failed | status=1 | SQP it=0 | KKT=nan | t=0.001s
2025-06-26 11:42:25,809 | ERROR   | Dump saved → debug_logs/fail/tick0293.json
2025-06-26 11:42:25,827 | ERROR   | Solver failed | status=1 | SQP it=0 | KKT=nan | t=0.001s
2025-06-26 11:42:25,830 | ERROR   | Dump saved → debug_logs/fail/tick0294.json
2025-06-26 11:42:25,842 | ERROR   | Solver failed | status=1 | SQP it=0 | KKT=nan | t=0.000s
2025-06-26 11:42:25,842 | ERROR   | Dump saved → debug_logs/fail/tick0295.json
2025-06-26 11:42:25,862 | ERROR   | Solver failed | status=1 | SQP it=0 | KKT=nan | t=0.000s
2025-06-26 11:42:25,863 | ERROR   | Dump saved → debug_logs/fail/tick0296.json
2025-06-26 11:42:25,882 | ERROR   | Solver failed | status=1 | SQP it=0 | KKT=nan | t=0.000s
2025-06-26 11:42:25,883 | ERROR   | Dump saved → debug_logs/fail/tick0297.json
2025-06-26 11:42:25,902 | ERROR   | Solver failed | status=1 | SQP it=0 | KKT=nan | t=0.000s
2025-06-26 11:42:25,903 | ERROR   | Dump saved → debug_logs/fail/tick0298.json
2025-06-26 11:42:25,922 | ERROR   | Solver failed | status=1 | SQP it=0 | KKT=nan | t=0.000s
2025-06-26 11:42:25,923 | ERROR   | Dump saved → debug_logs/fail/tick0299.json
2025-06-26 11:42:25,942 | ERROR   | Solver failed | status=1 | SQP it=0 | KKT=nan | t=0.000s
2025-06-26 11:42:25,943 | ERROR   | Dump saved → debug_logs/fail/tick0300.json
2025-06-26 11:42:25,962 | ERROR   | Solver failed | status=1 | SQP it=0 | KKT=nan | t=0.000s
2025-06-26 11:42:25,963 | ERROR   | Dump saved → debug_logs/fail/tick0301.json
2025-06-26 11:42:25,982 | ERROR   | Solver failed | status=1 | SQP it=0 | KKT=nan | t=0.000s
2025-06-26 11:42:25,983 | ERROR   | Dump saved → debug_logs/fail/tick0302.json
2025-06-26 11:42:26,002 | ERROR   | Solver failed | status=1 | SQP it=0 | KKT=nan | t=0.000s
2025-06-26 11:42:26,003 | ERROR   | Dump saved → debug_logs/fail/tick0303.json
2025-06-26 11:42:26,023 | ERROR   | Solver failed | status=1 | SQP it=0 | KKT=nan | t=0.000s
2025-06-26 11:42:26,023 | ERROR   | Dump saved → debug_logs/fail/tick0304.json
2025-06-26 11:42:26,043 | ERROR   | Solver failed | status=1 | SQP it=0 | KKT=nan | t=0.000s
2025-06-26 11:42:26,043 | ERROR   | Dump saved → debug_logs/fail/tick0305.json
2025-06-26 11:42:26,063 | ERROR   | Solver failed | status=1 | SQP it=0 | KKT=nan | t=0.000s
2025-06-26 11:42:26,063 | ERROR   | Dump saved → debug_logs/fail/tick0306.json
2025-06-26 11:42:26,083 | ERROR   | Solver failed | status=1 | SQP it=0 | KKT=nan | t=0.000s
2025-06-26 11:42:26,083 | ERROR   | Dump saved → debug_logs/fail/tick0307.json
2025-06-26 11:42:26,103 | ERROR   | Solver failed | status=1 | SQP it=0 | KKT=nan | t=0.000s
2025-06-26 11:42:26,103 | ERROR   | Dump saved → debug_logs/fail/tick0308.json
2025-06-26 11:42:26,123 | ERROR   | Solver failed | status=1 | SQP it=0 | KKT=nan | t=0.000s
2025-06-26 11:42:26,123 | ERROR   | Dump saved → debug_logs/fail/tick0309.json
2025-06-26 11:42:26,143 | ERROR   | Solver failed | status=1 | SQP it=0 | KKT=nan | t=0.000s
2025-06-26 11:42:26,144 | ERROR   | Dump saved → debug_logs/fail/tick0310.json
2025-06-26 11:42:26,163 | ERROR   | Solver failed | status=1 | SQP it=0 | KKT=nan | t=0.000s
2025-06-26 11:42:26,164 | ERROR   | Dump saved → debug_logs/fail/tick0311.json
2025-06-26 11:42:26,183 | ERROR   | Solver failed | status=1 | SQP it=0 | KKT=nan | t=0.000s
2025-06-26 11:42:26,184 | ERROR   | Dump saved → debug_logs/fail/tick0312.json
2025-06-26 11:42:26,203 | ERROR   | Solver failed | status=1 | SQP it=0 | KKT=nan | t=0.000s
2025-06-26 11:42:26,204 | ERROR   | Dump saved → debug_logs/fail/tick0313.json
2025-06-26 11:42:26,223 | ERROR   | Solver failed | status=1 | SQP it=0 | KKT=nan | t=0.000s
2025-06-26 11:42:26,224 | ERROR   | Dump saved → debug_logs/fail/tick0314.json
2025-06-26 11:42:26,243 | ERROR   | Solver failed | status=1 | SQP it=0 | KKT=nan | t=0.000s
2025-06-26 11:42:26,244 | ERROR   | Dump saved → debug_logs/fail/tick0315.json
2025-06-26 11:42:26,263 | ERROR   | Solver failed | status=1 | SQP it=0 | KKT=nan | t=0.000s
2025-06-26 11:42:26,264 | ERROR   | Dump saved → debug_logs/fail/tick0316.json
2025-06-26 11:42:26,283 | ERROR   | Solver failed | status=1 | SQP it=0 | KKT=nan | t=0.000s
2025-06-26 11:42:26,284 | ERROR   | Dump saved → debug_logs/fail/tick0317.json
2025-06-26 11:42:26,303 | ERROR   | Solver failed | status=1 | SQP it=0 | KKT=nan | t=0.000s
2025-06-26 11:42:26,304 | ERROR   | Dump saved → debug_logs/fail/tick0318.json
2025-06-26 11:42:26,324 | ERROR   | Solver failed | status=1 | SQP it=0 | KKT=nan | t=0.000s
2025-06-26 11:42:26,324 | ERROR   | Dump saved → debug_logs/fail/tick0319.json
2025-06-26 11:42:26,344 | ERROR   | Solver failed | status=1 | SQP it=0 | KKT=nan | t=0.000s
2025-06-26 11:42:26,344 | ERROR   | Dump saved → debug_logs/fail/tick0320.json
2025-06-26 11:42:26,364 | ERROR   | Solver failed | status=1 | SQP it=0 | KKT=nan | t=0.000s
2025-06-26 11:42:26,364 | ERROR   | Dump saved → debug_logs/fail/tick0321.json
2025-06-26 11:42:26,384 | ERROR   | Solver failed | status=1 | SQP it=0 | KKT=nan | t=0.000s
2025-06-26 11:42:26,384 | ERROR   | Dump saved → debug_logs/fail/tick0322.json
2025-06-26 11:42:26,404 | ERROR   | Solver failed | status=1 | SQP it=0 | KKT=nan | t=0.000s
2025-06-26 11:42:26,404 | ERROR   | Dump saved → debug_logs/fail/tick0323.json
2025-06-26 11:42:26,424 | ERROR   | Solver failed | status=1 | SQP it=0 | KKT=nan | t=0.000s
2025-06-26 11:42:26,424 | ERROR   | Dump saved → debug_logs/fail/tick0324.json
2025-06-26 11:42:26,444 | ERROR   | Solver failed | status=1 | SQP it=0 | KKT=nan | t=0.000s
2025-06-26 11:42:26,445 | ERROR   | Dump saved → debug_logs/fail/tick0325.json
2025-06-26 11:42:26,464 | ERROR   | Solver failed | status=1 | SQP it=0 | KKT=nan | t=0.000s
2025-06-26 11:42:26,465 | ERROR   | Dump saved → debug_logs/fail/tick0326.json
2025-06-26 11:42:26,484 | ERROR   | Solver failed | status=1 | SQP it=0 | KKT=nan | t=0.000s
2025-06-26 11:42:26,485 | ERROR   | Dump saved → debug_logs/fail/tick0327.json
2025-06-26 11:42:26,504 | ERROR   | Solver failed | status=1 | SQP it=0 | KKT=nan | t=0.000s
2025-06-26 11:42:26,505 | ERROR   | Dump saved → debug_logs/fail/tick0328.json
2025-06-26 11:42:26,524 | ERROR   | Solver failed | status=1 | SQP it=0 | KKT=nan | t=0.000s
2025-06-26 11:42:26,525 | ERROR   | Dump saved → debug_logs/fail/tick0329.json
2025-06-26 11:42:26,544 | ERROR   | Solver failed | status=1 | SQP it=0 | KKT=nan | t=0.000s
2025-06-26 11:42:26,545 | ERROR   | Dump saved → debug_logs/fail/tick0330.json
2025-06-26 11:42:26,564 | ERROR   | Solver failed | status=1 | SQP it=0 | KKT=nan | t=0.000s
2025-06-26 11:42:26,565 | ERROR   | Dump saved → debug_logs/fail/tick0331.json
2025-06-26 11:42:26,584 | ERROR   | Solver failed | status=1 | SQP it=0 | KKT=nan | t=0.000s
2025-06-26 11:42:26,585 | ERROR   | Dump saved → debug_logs/fail/tick0332.json
2025-06-26 11:42:26,604 | ERROR   | Solver failed | status=1 | SQP it=0 | KKT=nan | t=0.000s
2025-06-26 11:42:26,605 | ERROR   | Dump saved → debug_logs/fail/tick0333.json
2025-06-26 11:42:26,624 | ERROR   | Solver failed | status=1 | SQP it=0 | KKT=nan | t=0.000s
2025-06-26 11:42:26,625 | ERROR   | Dump saved → debug_logs/fail/tick0334.json
2025-06-26 11:42:26,645 | ERROR   | Solver failed | status=1 | SQP it=0 | KKT=nan | t=0.000s
2025-06-26 11:42:26,645 | ERROR   | Dump saved → debug_logs/fail/tick0335.json
2025-06-26 11:42:26,665 | ERROR   | Solver failed | status=1 | SQP it=0 | KKT=nan | t=0.000s
2025-06-26 11:42:26,665 | ERROR   | Dump saved → debug_logs/fail/tick0336.json
2025-06-26 11:42:26,685 | ERROR   | Solver failed | status=1 | SQP it=0 | KKT=nan | t=0.000s
2025-06-26 11:42:26,685 | ERROR   | Dump saved → debug_logs/fail/tick0337.json
2025-06-26 11:42:26,705 | ERROR   | Solver failed | status=1 | SQP it=0 | KKT=nan | t=0.000s
2025-06-26 11:42:26,705 | ERROR   | Dump saved → debug_logs/fail/tick0338.json
2025-06-26 11:42:26,725 | ERROR   | Solver failed | status=1 | SQP it=0 | KKT=nan | t=0.000s
2025-06-26 11:42:26,726 | ERROR   | Dump saved → debug_logs/fail/tick0339.json
2025-06-26 11:42:26,745 | ERROR   | Solver failed | status=1 | SQP it=0 | KKT=nan | t=0.000s
2025-06-26 11:42:26,746 | ERROR   | Dump saved → debug_logs/fail/tick0340.json
2025-06-26 11:42:26,765 | ERROR   | Solver failed | status=1 | SQP it=0 | KKT=nan | t=0.000s
2025-06-26 11:42:26,766 | ERROR   | Dump saved → debug_logs/fail/tick0341.json
2025-06-26 11:42:26,785 | ERROR   | Solver failed | status=1 | SQP it=0 | KKT=nan | t=0.000s
2025-06-26 11:42:26,786 | ERROR   | Dump saved → debug_logs/fail/tick0342.json
2025-06-26 11:42:26,805 | ERROR   | Solver failed | status=1 | SQP it=0 | KKT=nan | t=0.000s
2025-06-26 11:42:26,806 | ERROR   | Dump saved → debug_logs/fail/tick0343.json
2025-06-26 11:42:26,825 | ERROR   | Solver failed | status=1 | SQP it=0 | KKT=nan | t=0.000s
2025-06-26 11:42:26,826 | ERROR   | Dump saved → debug_logs/fail/tick0344.json
2025-06-26 11:42:26,845 | ERROR   | Solver failed | status=1 | SQP it=0 | KKT=nan | t=0.000s
2025-06-26 11:42:26,846 | ERROR   | Dump saved → debug_logs/fail/tick0345.json
2025-06-26 11:42:26,865 | ERROR   | Solver failed | status=1 | SQP it=0 | KKT=nan | t=0.000s
2025-06-26 11:42:26,866 | ERROR   | Dump saved → debug_logs/fail/tick0346.json
2025-06-26 11:42:26,885 | ERROR   | Solver failed | status=1 | SQP it=0 | KKT=nan | t=0.000s
2025-06-26 11:42:26,886 | ERROR   | Dump saved → debug_logs/fail/tick0347.json
2025-06-26 11:42:26,906 | ERROR   | Solver failed | status=1 | SQP it=0 | KKT=nan | t=0.000s
2025-06-26 11:42:26,906 | ERROR   | Dump saved → debug_logs/fail/tick0348.json
2025-06-26 11:42:26,926 | ERROR   | Solver failed | status=1 | SQP it=0 | KKT=nan | t=0.000s
2025-06-26 11:42:26,926 | ERROR   | Dump saved → debug_logs/fail/tick0349.json
2025-06-26 11:42:26,946 | ERROR   | Solver failed | status=1 | SQP it=0 | KKT=nan | t=0.000s
2025-06-26 11:42:26,946 | ERROR   | Dump saved → debug_logs/fail/tick0350.json
2025-06-26 11:42:26,966 | ERROR   | Solver failed | status=1 | SQP it=0 | KKT=nan | t=0.000s
2025-06-26 11:42:26,966 | ERROR   | Dump saved → debug_logs/fail/tick0351.json
2025-06-26 11:42:26,986 | ERROR   | Solver failed | status=1 | SQP it=0 | KKT=nan | t=0.000s
2025-06-26 11:42:26,987 | ERROR   | Dump saved → debug_logs/fail/tick0352.json
2025-06-26 11:42:27,006 | ERROR   | Solver failed | status=1 | SQP it=0 | KKT=nan | t=0.000s
2025-06-26 11:42:27,007 | ERROR   | Dump saved → debug_logs/fail/tick0353.json
2025-06-26 11:42:27,026 | ERROR   | Solver failed | status=1 | SQP it=0 | KKT=nan | t=0.000s
2025-06-26 11:42:27,027 | ERROR   | Dump saved → debug_logs/fail/tick0354.json
2025-06-26 11:42:27,046 | ERROR   | Solver failed | status=1 | SQP it=0 | KKT=nan | t=0.000s
2025-06-26 11:42:27,047 | ERROR   | Dump saved → debug_logs/fail/tick0355.json
2025-06-26 11:42:27,066 | ERROR   | Solver failed | status=1 | SQP it=0 | KKT=nan | t=0.000s
2025-06-26 11:42:27,067 | ERROR   | Dump saved → debug_logs/fail/tick0356.json
2025-06-26 11:42:27,086 | ERROR   | Solver failed | status=1 | SQP it=0 | KKT=nan | t=0.000s
2025-06-26 11:42:27,087 | ERROR   | Dump saved → debug_logs/fail/tick0357.json
2025-06-26 11:42:27,106 | ERROR   | Solver failed | status=1 | SQP it=0 | KKT=nan | t=0.000s
2025-06-26 11:42:27,107 | ERROR   | Dump saved → debug_logs/fail/tick0358.json
2025-06-26 11:42:27,126 | ERROR   | Solver failed | status=1 | SQP it=0 | KKT=nan | t=0.000s
2025-06-26 11:42:27,127 | ERROR   | Dump saved → debug_logs/fail/tick0359.json
2025-06-26 11:42:27,146 | ERROR   | Solver failed | status=1 | SQP it=0 | KKT=nan | t=0.000s
2025-06-26 11:42:27,147 | ERROR   | Dump saved → debug_logs/fail/tick0360.json
2025-06-26 11:42:27,166 | ERROR   | Solver failed | status=1 | SQP it=0 | KKT=nan | t=0.000s
2025-06-26 11:42:27,167 | ERROR   | Dump saved → debug_logs/fail/tick0361.json
2025-06-26 11:42:27,186 | ERROR   | Solver failed | status=1 | SQP it=0 | KKT=nan | t=0.000s
2025-06-26 11:42:27,187 | ERROR   | Dump saved → debug_logs/fail/tick0362.json
2025-06-26 11:42:27,206 | ERROR   | Solver failed | status=1 | SQP it=0 | KKT=nan | t=0.000s
2025-06-26 11:42:27,207 | ERROR   | Dump saved → debug_logs/fail/tick0363.json
2025-06-26 11:42:27,227 | ERROR   | Solver failed | status=1 | SQP it=0 | KKT=nan | t=0.000s
2025-06-26 11:42:27,227 | ERROR   | Dump saved → debug_logs/fail/tick0364.json
2025-06-26 11:42:27,247 | ERROR   | Solver failed | status=1 | SQP it=0 | KKT=nan | t=0.000s
2025-06-26 11:42:27,247 | ERROR   | Dump saved → debug_logs/fail/tick0365.json
2025-06-26 11:42:27,267 | ERROR   | Solver failed | status=1 | SQP it=0 | KKT=nan | t=0.000s
2025-06-26 11:42:27,267 | ERROR   | Dump saved → debug_logs/fail/tick0366.json
2025-06-26 11:42:27,287 | ERROR   | Solver failed | status=1 | SQP it=0 | KKT=nan | t=0.000s
2025-06-26 11:42:27,287 | ERROR   | Dump saved → debug_logs/fail/tick0367.json
2025-06-26 11:42:27,307 | ERROR   | Solver failed | status=1 | SQP it=0 | KKT=nan | t=0.000s
2025-06-26 11:42:27,307 | ERROR   | Dump saved → debug_logs/fail/tick0368.json
2025-06-26 11:42:27,327 | ERROR   | Solver failed | status=1 | SQP it=0 | KKT=nan | t=0.000s
2025-06-26 11:42:27,328 | ERROR   | Dump saved → debug_logs/fail/tick0369.json
2025-06-26 11:42:27,347 | ERROR   | Solver failed | status=1 | SQP it=0 | KKT=nan | t=0.000s
2025-06-26 11:42:27,348 | ERROR   | Dump saved → debug_logs/fail/tick0370.json
2025-06-26 11:42:27,367 | ERROR   | Solver failed | status=1 | SQP it=0 | KKT=nan | t=0.000s
2025-06-26 11:42:27,368 | ERROR   | Dump saved → debug_logs/fail/tick0371.json
2025-06-26 11:42:27,387 | ERROR   | Solver failed | status=1 | SQP it=0 | KKT=nan | t=0.000s
2025-06-26 11:42:27,388 | ERROR   | Dump saved → debug_logs/fail/tick0372.json
2025-06-26 11:42:27,407 | ERROR   | Solver failed | status=1 | SQP it=0 | KKT=nan | t=0.000s
2025-06-26 11:42:27,408 | ERROR   | Dump saved → debug_logs/fail/tick0373.json
2025-06-26 11:42:27,427 | ERROR   | Solver failed | status=1 | SQP it=0 | KKT=nan | t=0.000s
2025-06-26 11:42:27,428 | ERROR   | Dump saved → debug_logs/fail/tick0374.json
2025-06-26 11:42:27,447 | ERROR   | Solver failed | status=1 | SQP it=0 | KKT=nan | t=0.000s
2025-06-26 11:42:27,448 | ERROR   | Dump saved → debug_logs/fail/tick0375.json
2025-06-26 11:42:27,467 | ERROR   | Solver failed | status=1 | SQP it=0 | KKT=nan | t=0.000s
2025-06-26 11:42:27,468 | ERROR   | Dump saved → debug_logs/fail/tick0376.json
2025-06-26 11:42:27,487 | ERROR   | Solver failed | status=1 | SQP it=0 | KKT=nan | t=0.000s
2025-06-26 11:42:27,488 | ERROR   | Dump saved → debug_logs/fail/tick0377.json
2025-06-26 11:42:27,507 | ERROR   | Solver failed | status=1 | SQP it=0 | KKT=nan | t=0.000s
2025-06-26 11:42:27,508 | ERROR   | Dump saved → debug_logs/fail/tick0378.json
2025-06-26 11:42:27,528 | ERROR   | Solver failed | status=1 | SQP it=0 | KKT=nan | t=0.000s
2025-06-26 11:42:27,528 | ERROR   | Dump saved → debug_logs/fail/tick0379.json
2025-06-26 11:42:27,548 | ERROR   | Solver failed | status=1 | SQP it=0 | KKT=nan | t=0.000s
2025-06-26 11:42:27,548 | ERROR   | Dump saved → debug_logs/fail/tick0380.json
2025-06-26 11:42:27,568 | ERROR   | Solver failed | status=1 | SQP it=0 | KKT=nan | t=0.000s
2025-06-26 11:42:27,569 | ERROR   | Dump saved → debug_logs/fail/tick0381.json
2025-06-26 11:42:27,588 | ERROR   | Solver failed | status=1 | SQP it=0 | KKT=nan | t=0.000s
2025-06-26 11:42:27,589 | ERROR   | Dump saved → debug_logs/fail/tick0382.json
2025-06-26 11:42:27,608 | ERROR   | Solver failed | status=1 | SQP it=0 | KKT=nan | t=0.000s
2025-06-26 11:42:27,609 | ERROR   | Dump saved → debug_logs/fail/tick0383.json
2025-06-26 11:42:27,628 | ERROR   | Solver failed | status=1 | SQP it=0 | KKT=nan | t=0.000s
2025-06-26 11:42:27,629 | ERROR   | Dump saved → debug_logs/fail/tick0384.json
2025-06-26 11:42:27,648 | ERROR   | Solver failed | status=1 | SQP it=0 | KKT=nan | t=0.000s
2025-06-26 11:42:27,649 | ERROR   | Dump saved → debug_logs/fail/tick0385.json
2025-06-26 11:42:27,668 | ERROR   | Solver failed | status=1 | SQP it=0 | KKT=nan | t=0.000s
2025-06-26 11:42:27,669 | ERROR   | Dump saved → debug_logs/fail/tick0386.json
2025-06-26 11:42:27,688 | ERROR   | Solver failed | status=1 | SQP it=0 | KKT=nan | t=0.000s
2025-06-26 11:42:27,689 | ERROR   | Dump saved → debug_logs/fail/tick0387.json
2025-06-26 11:42:27,708 | ERROR   | Solver failed | status=1 | SQP it=0 | KKT=nan | t=0.000s
2025-06-26 11:42:27,709 | ERROR   | Dump saved → debug_logs/fail/tick0388.json
2025-06-26 11:42:27,728 | ERROR   | Solver failed | status=1 | SQP it=0 | KKT=nan | t=0.000s
2025-06-26 11:42:27,729 | ERROR   | Dump saved → debug_logs/fail/tick0389.json
2025-06-26 11:42:27,748 | ERROR   | Solver failed | status=1 | SQP it=0 | KKT=nan | t=0.000s
2025-06-26 11:42:27,749 | ERROR   | Dump saved → debug_logs/fail/tick0390.json
2025-06-26 11:42:27,768 | ERROR   | Solver failed | status=1 | SQP it=0 | KKT=nan | t=0.000s
2025-06-26 11:42:27,769 | ERROR   | Dump saved → debug_logs/fail/tick0391.json
2025-06-26 11:42:27,788 | ERROR   | Solver failed | status=1 | SQP it=0 | KKT=nan | t=0.000s
2025-06-26 11:42:27,789 | ERROR   | Dump saved → debug_logs/fail/tick0392.json
2025-06-26 11:42:27,808 | ERROR   | Solver failed | status=1 | SQP it=0 | KKT=nan | t=0.000s
2025-06-26 11:42:27,809 | ERROR   | Dump saved → debug_logs/fail/tick0393.json
2025-06-26 11:42:27,829 | ERROR   | Solver failed | status=1 | SQP it=0 | KKT=nan | t=0.000s
2025-06-26 11:42:27,829 | ERROR   | Dump saved → debug_logs/fail/tick0394.json
2025-06-26 11:42:27,849 | ERROR   | Solver failed | status=1 | SQP it=0 | KKT=nan | t=0.000s
2025-06-26 11:42:27,849 | ERROR   | Dump saved → debug_logs/fail/tick0395.json
2025-06-26 11:42:27,869 | ERROR   | Solver failed | status=1 | SQP it=0 | KKT=nan | t=0.000s
2025-06-26 11:42:27,869 | ERROR   | Dump saved → debug_logs/fail/tick0396.json
2025-06-26 11:42:27,889 | ERROR   | Solver failed | status=1 | SQP it=0 | KKT=nan | t=0.000s
2025-06-26 11:42:27,889 | ERROR   | Dump saved → debug_logs/fail/tick0397.json
2025-06-26 11:42:27,909 | ERROR   | Solver failed | status=1 | SQP it=0 | KKT=nan | t=0.000s
2025-06-26 11:42:27,909 | ERROR   | Dump saved → debug_logs/fail/tick0398.json
2025-06-26 11:42:27,929 | ERROR   | Solver failed | status=1 | SQP it=0 | KKT=nan | t=0.000s
2025-06-26 11:42:27,930 | ERROR   | Dump saved → debug_logs/fail/tick0399.json
2025-06-26 11:42:27,949 | ERROR   | Solver failed | status=1 | SQP it=0 | KKT=nan | t=0.000s
2025-06-26 11:42:27,950 | ERROR   | Dump saved → debug_logs/fail/tick0400.json
2025-06-26 11:42:27,969 | ERROR   | Solver failed | status=1 | SQP it=0 | KKT=nan | t=0.000s
2025-06-26 11:42:27,970 | ERROR   | Dump saved → debug_logs/fail/tick0401.json
2025-06-26 11:42:27,989 | ERROR   | Solver failed | status=1 | SQP it=0 | KKT=nan | t=0.000s
2025-06-26 11:42:27,990 | ERROR   | Dump saved → debug_logs/fail/tick0402.json
2025-06-26 11:42:28,009 | ERROR   | Solver failed | status=1 | SQP it=0 | KKT=nan | t=0.000s
2025-06-26 11:42:28,010 | ERROR   | Dump saved → debug_logs/fail/tick0403.json
2025-06-26 11:42:28,029 | ERROR   | Solver failed | status=1 | SQP it=0 | KKT=nan | t=0.000s
2025-06-26 11:42:28,030 | ERROR   | Dump saved → debug_logs/fail/tick0404.json
2025-06-26 11:42:28,049 | ERROR   | Solver failed | status=1 | SQP it=0 | KKT=nan | t=0.000s
2025-06-26 11:42:28,050 | ERROR   | Dump saved → debug_logs/fail/tick0405.json
2025-06-26 11:42:28,069 | ERROR   | Solver failed | status=1 | SQP it=0 | KKT=nan | t=0.000s
2025-06-26 11:42:28,070 | ERROR   | Dump saved → debug_logs/fail/tick0406.json
2025-06-26 11:42:28,089 | ERROR   | Solver failed | status=1 | SQP it=0 | KKT=nan | t=0.000s
2025-06-26 11:42:28,090 | ERROR   | Dump saved → debug_logs/fail/tick0407.json
2025-06-26 11:42:28,110 | ERROR   | Solver failed | status=1 | SQP it=0 | KKT=nan | t=0.000s
2025-06-26 11:42:28,111 | ERROR   | Dump saved → debug_logs/fail/tick0408.json
2025-06-26 11:42:28,130 | ERROR   | Solver failed | status=1 | SQP it=0 | KKT=nan | t=0.000s
2025-06-26 11:42:28,131 | ERROR   | Dump saved → debug_logs/fail/tick0409.json
2025-06-26 11:42:28,150 | ERROR   | Solver failed | status=1 | SQP it=0 | KKT=nan | t=0.000s
2025-06-26 11:42:28,151 | ERROR   | Dump saved → debug_logs/fail/tick0410.json
2025-06-26 11:42:28,170 | ERROR   | Solver failed | status=1 | SQP it=0 | KKT=nan | t=0.000s
2025-06-26 11:42:28,171 | ERROR   | Dump saved → debug_logs/fail/tick0411.json
2025-06-26 11:42:28,190 | ERROR   | Solver failed | status=1 | SQP it=0 | KKT=nan | t=0.000s
2025-06-26 11:42:28,191 | ERROR   | Dump saved → debug_logs/fail/tick0412.json
2025-06-26 11:42:28,210 | ERROR   | Solver failed | status=1 | SQP it=0 | KKT=nan | t=0.000s
2025-06-26 11:42:28,211 | ERROR   | Dump saved → debug_logs/fail/tick0413.json
2025-06-26 11:42:28,230 | ERROR   | Solver failed | status=1 | SQP it=0 | KKT=nan | t=0.000s
2025-06-26 11:42:28,231 | ERROR   | Dump saved → debug_logs/fail/tick0414.json
2025-06-26 11:42:28,250 | ERROR   | Solver failed | status=1 | SQP it=0 | KKT=nan | t=0.000s
2025-06-26 11:42:28,251 | ERROR   | Dump saved → debug_logs/fail/tick0415.json
2025-06-26 11:42:28,270 | ERROR   | Solver failed | status=1 | SQP it=0 | KKT=nan | t=0.000s
2025-06-26 11:42:28,271 | ERROR   | Dump saved → debug_logs/fail/tick0416.json
2025-06-26 11:42:28,291 | ERROR   | Solver failed | status=1 | SQP it=0 | KKT=nan | t=0.000s
2025-06-26 11:42:28,291 | ERROR   | Dump saved → debug_logs/fail/tick0417.json
2025-06-26 11:42:28,311 | ERROR   | Solver failed | status=1 | SQP it=0 | KKT=nan | t=0.000s
2025-06-26 11:42:28,311 | ERROR   | Dump saved → debug_logs/fail/tick0418.json
2025-06-26 11:42:28,331 | ERROR   | Solver failed | status=1 | SQP it=0 | KKT=nan | t=0.000s
2025-06-26 11:42:28,331 | ERROR   | Dump saved → debug_logs/fail/tick0419.json
2025-06-26 11:42:28,351 | ERROR   | Solver failed | status=1 | SQP it=0 | KKT=nan | t=0.000s
2025-06-26 11:42:28,352 | ERROR   | Dump saved → debug_logs/fail/tick0420.json
2025-06-26 11:42:28,371 | ERROR   | Solver failed | status=1 | SQP it=0 | KKT=nan | t=0.000s
2025-06-26 11:42:28,371 | ERROR   | Dump saved → debug_logs/fail/tick0421.json
2025-06-26 11:42:28,391 | ERROR   | Solver failed | status=1 | SQP it=0 | KKT=nan | t=0.000s
2025-06-26 11:42:28,392 | ERROR   | Dump saved → debug_logs/fail/tick0422.json
2025-06-26 11:42:28,411 | ERROR   | Solver failed | status=1 | SQP it=0 | KKT=nan | t=0.000s
2025-06-26 11:42:28,412 | ERROR   | Dump saved → debug_logs/fail/tick0423.json
2025-06-26 11:42:28,431 | ERROR   | Solver failed | status=1 | SQP it=0 | KKT=nan | t=0.000s
2025-06-26 11:42:28,432 | ERROR   | Dump saved → debug_logs/fail/tick0424.json
2025-06-26 11:42:28,451 | ERROR   | Solver failed | status=1 | SQP it=0 | KKT=nan | t=0.000s
2025-06-26 11:42:28,452 | ERROR   | Dump saved → debug_logs/fail/tick0425.json
2025-06-26 11:42:28,471 | ERROR   | Solver failed | status=1 | SQP it=0 | KKT=nan | t=0.000s
2025-06-26 11:42:28,472 | ERROR   | Dump saved → debug_logs/fail/tick0426.json
2025-06-26 11:42:28,491 | ERROR   | Solver failed | status=1 | SQP it=0 | KKT=nan | t=0.000s
2025-06-26 11:42:28,492 | ERROR   | Dump saved → debug_logs/fail/tick0427.json
2025-06-26 11:42:28,512 | ERROR   | Solver failed | status=1 | SQP it=0 | KKT=nan | t=0.000s
2025-06-26 11:42:28,512 | ERROR   | Dump saved → debug_logs/fail/tick0428.json
2025-06-26 11:42:28,532 | ERROR   | Solver failed | status=1 | SQP it=0 | KKT=nan | t=0.000s
2025-06-26 11:42:28,533 | ERROR   | Dump saved → debug_logs/fail/tick0429.json
2025-06-26 11:42:28,552 | ERROR   | Solver failed | status=1 | SQP it=0 | KKT=nan | t=0.000s
2025-06-26 11:42:28,552 | ERROR   | Dump saved → debug_logs/fail/tick0430.json
2025-06-26 11:42:28,572 | ERROR   | Solver failed | status=1 | SQP it=0 | KKT=nan | t=0.000s
2025-06-26 11:42:28,573 | ERROR   | Dump saved → debug_logs/fail/tick0431.json
2025-06-26 11:42:28,593 | ERROR   | Solver failed | status=1 | SQP it=0 | KKT=nan | t=0.000s
2025-06-26 11:42:28,594 | ERROR   | Dump saved → debug_logs/fail/tick0432.json
2025-06-26 11:42:28,612 | ERROR   | Solver failed | status=1 | SQP it=0 | KKT=nan | t=0.000s
2025-06-26 11:42:28,614 | ERROR   | Dump saved → debug_logs/fail/tick0433.json
2025-06-26 11:42:28,632 | ERROR   | Solver failed | status=1 | SQP it=0 | KKT=nan | t=0.000s
2025-06-26 11:42:28,633 | ERROR   | Dump saved → debug_logs/fail/tick0434.json
2025-06-26 11:42:28,652 | ERROR   | Solver failed | status=1 | SQP it=0 | KKT=nan | t=0.000s
2025-06-26 11:42:28,653 | ERROR   | Dump saved → debug_logs/fail/tick0435.json
2025-06-26 11:42:28,672 | ERROR   | Solver failed | status=1 | SQP it=0 | KKT=nan | t=0.000s
2025-06-26 11:42:28,673 | ERROR   | Dump saved → debug_logs/fail/tick0436.json
2025-06-26 11:42:28,693 | ERROR   | Solver failed | status=1 | SQP it=0 | KKT=nan | t=0.000s
2025-06-26 11:42:28,693 | ERROR   | Dump saved → debug_logs/fail/tick0437.json
2025-06-26 11:42:28,713 | ERROR   | Solver failed | status=1 | SQP it=0 | KKT=nan | t=0.000s
2025-06-26 11:42:28,713 | ERROR   | Dump saved → debug_logs/fail/tick0438.json
2025-06-26 11:42:28,733 | ERROR   | Solver failed | status=1 | SQP it=0 | KKT=nan | t=0.000s
2025-06-26 11:42:28,733 | ERROR   | Dump saved → debug_logs/fail/tick0439.json
2025-06-26 11:42:28,753 | ERROR   | Solver failed | status=1 | SQP it=0 | KKT=nan | t=0.000s
2025-06-26 11:42:28,753 | ERROR   | Dump saved → debug_logs/fail/tick0440.json
2025-06-26 11:42:28,773 | ERROR   | Solver failed | status=1 | SQP it=0 | KKT=nan | t=0.000s
2025-06-26 11:42:28,773 | ERROR   | Dump saved → debug_logs/fail/tick0441.json
2025-06-26 11:42:28,793 | ERROR   | Solver failed | status=1 | SQP it=0 | KKT=nan | t=0.000s
2025-06-26 11:42:28,794 | ERROR   | Dump saved → debug_logs/fail/tick0442.json
2025-06-26 11:42:28,813 | ERROR   | Solver failed | status=1 | SQP it=0 | KKT=nan | t=0.000s
2025-06-26 11:42:28,814 | ERROR   | Dump saved → debug_logs/fail/tick0443.json
2025-06-26 11:42:28,833 | ERROR   | Solver failed | status=1 | SQP it=0 | KKT=nan | t=0.000s
2025-06-26 11:42:28,834 | ERROR   | Dump saved → debug_logs/fail/tick0444.json
2025-06-26 11:42:28,853 | ERROR   | Solver failed | status=1 | SQP it=0 | KKT=nan | t=0.000s
2025-06-26 11:42:28,854 | ERROR   | Dump saved → debug_logs/fail/tick0445.json
2025-06-26 11:42:28,874 | ERROR   | Solver failed | status=1 | SQP it=0 | KKT=nan | t=0.000s
2025-06-26 11:42:28,874 | ERROR   | Dump saved → debug_logs/fail/tick0446.json
2025-06-26 11:42:28,894 | ERROR   | Solver failed | status=1 | SQP it=0 | KKT=nan | t=0.000s
2025-06-26 11:42:28,894 | ERROR   | Dump saved → debug_logs/fail/tick0447.json
2025-06-26 11:42:28,914 | ERROR   | Solver failed | status=1 | SQP it=0 | KKT=nan | t=0.000s
2025-06-26 11:42:28,914 | ERROR   | Dump saved → debug_logs/fail/tick0448.json
2025-06-26 11:42:28,934 | ERROR   | Solver failed | status=1 | SQP it=0 | KKT=nan | t=0.000s
2025-06-26 11:42:28,935 | ERROR   | Dump saved → debug_logs/fail/tick0449.json
2025-06-26 11:42:28,954 | ERROR   | Solver failed | status=1 | SQP it=0 | KKT=nan | t=0.000s
2025-06-26 11:42:28,954 | ERROR   | Dump saved → debug_logs/fail/tick0450.json
2025-06-26 11:42:28,974 | ERROR   | Solver failed | status=1 | SQP it=0 | KKT=nan | t=0.000s
2025-06-26 11:42:28,975 | ERROR   | Dump saved → debug_logs/fail/tick0451.json
2025-06-26 11:42:28,994 | ERROR   | Solver failed | status=1 | SQP it=0 | KKT=nan | t=0.000s
2025-06-26 11:42:28,995 | ERROR   | Dump saved → debug_logs/fail/tick0452.json
2025-06-26 11:42:29,014 | ERROR   | Solver failed | status=1 | SQP it=0 | KKT=nan | t=0.000s
2025-06-26 11:42:29,015 | ERROR   | Dump saved → debug_logs/fail/tick0453.json
2025-06-26 11:42:29,034 | ERROR   | Solver failed | status=1 | SQP it=0 | KKT=nan | t=0.000s
2025-06-26 11:42:29,035 | ERROR   | Dump saved → debug_logs/fail/tick0454.json
2025-06-26 11:42:29,054 | ERROR   | Solver failed | status=1 | SQP it=0 | KKT=nan | t=0.000s
2025-06-26 11:42:29,055 | ERROR   | Dump saved → debug_logs/fail/tick0455.json
2025-06-26 11:42:29,074 | ERROR   | Solver failed | status=1 | SQP it=0 | KKT=nan | t=0.000s
2025-06-26 11:42:29,075 | ERROR   | Dump saved → debug_logs/fail/tick0456.json
2025-06-26 11:42:29,094 | ERROR   | Solver failed | status=1 | SQP it=0 | KKT=nan | t=0.000s
2025-06-26 11:42:29,095 | ERROR   | Dump saved → debug_logs/fail/tick0457.json
2025-06-26 11:42:29,114 | ERROR   | Solver failed | status=1 | SQP it=0 | KKT=nan | t=0.000s
2025-06-26 11:42:29,115 | ERROR   | Dump saved → debug_logs/fail/tick0458.json
2025-06-26 11:42:29,134 | ERROR   | Solver failed | status=1 | SQP it=0 | KKT=nan | t=0.000s
2025-06-26 11:42:29,135 | ERROR   | Dump saved → debug_logs/fail/tick0459.json
2025-06-26 11:42:29,154 | ERROR   | Solver failed | status=1 | SQP it=0 | KKT=nan | t=0.000s
2025-06-26 11:42:29,155 | ERROR   | Dump saved → debug_logs/fail/tick0460.json
2025-06-26 11:42:29,174 | ERROR   | Solver failed | status=1 | SQP it=0 | KKT=nan | t=0.000s
2025-06-26 11:42:29,175 | ERROR   | Dump saved → debug_logs/fail/tick0461.json
2025-06-26 11:42:29,194 | ERROR   | Solver failed | status=1 | SQP it=0 | KKT=nan | t=0.000s
2025-06-26 11:42:29,195 | ERROR   | Dump saved → debug_logs/fail/tick0462.json
2025-06-26 11:42:29,214 | ERROR   | Solver failed | status=1 | SQP it=0 | KKT=nan | t=0.000s
2025-06-26 11:42:29,215 | ERROR   | Dump saved → debug_logs/fail/tick0463.json
2025-06-26 11:42:29,235 | ERROR   | Solver failed | status=1 | SQP it=0 | KKT=nan | t=0.000s
2025-06-26 11:42:29,235 | ERROR   | Dump saved → debug_logs/fail/tick0464.json
2025-06-26 11:42:29,255 | ERROR   | Solver failed | status=1 | SQP it=0 | KKT=nan | t=0.000s
2025-06-26 11:42:29,255 | ERROR   | Dump saved → debug_logs/fail/tick0465.json
2025-06-26 11:42:29,275 | ERROR   | Solver failed | status=1 | SQP it=0 | KKT=nan | t=0.000s
2025-06-26 11:42:29,275 | ERROR   | Dump saved → debug_logs/fail/tick0466.json
2025-06-26 11:42:29,295 | ERROR   | Solver failed | status=1 | SQP it=0 | KKT=nan | t=0.000s
2025-06-26 11:42:29,295 | ERROR   | Dump saved → debug_logs/fail/tick0467.json
2025-06-26 11:42:29,315 | ERROR   | Solver failed | status=1 | SQP it=0 | KKT=nan | t=0.000s
2025-06-26 11:42:29,315 | ERROR   | Dump saved → debug_logs/fail/tick0468.json
2025-06-26 11:42:29,335 | ERROR   | Solver failed | status=1 | SQP it=0 | KKT=nan | t=0.000s
2025-06-26 11:42:29,336 | ERROR   | Dump saved → debug_logs/fail/tick0469.json
2025-06-26 11:42:29,355 | ERROR   | Solver failed | status=1 | SQP it=0 | KKT=nan | t=0.000s
2025-06-26 11:42:29,356 | ERROR   | Dump saved → debug_logs/fail/tick0470.json
2025-06-26 11:42:29,375 | ERROR   | Solver failed | status=1 | SQP it=0 | KKT=nan | t=0.000s
2025-06-26 11:42:29,376 | ERROR   | Dump saved → debug_logs/fail/tick0471.json
2025-06-26 11:42:29,395 | ERROR   | Solver failed | status=1 | SQP it=0 | KKT=nan | t=0.000s
2025-06-26 11:42:29,396 | ERROR   | Dump saved → debug_logs/fail/tick0472.json
2025-06-26 11:42:29,415 | ERROR   | Solver failed | status=1 | SQP it=0 | KKT=nan | t=0.000s
2025-06-26 11:42:29,416 | ERROR   | Dump saved → debug_logs/fail/tick0473.json
2025-06-26 11:42:29,436 | ERROR   | Solver failed | status=1 | SQP it=0 | KKT=nan | t=0.000s
2025-06-26 11:42:29,436 | ERROR   | Dump saved → debug_logs/fail/tick0474.json
2025-06-26 11:42:29,455 | ERROR   | Solver failed | status=1 | SQP it=0 | KKT=nan | t=0.000s
2025-06-26 11:42:29,456 | ERROR   | Dump saved → debug_logs/fail/tick0475.json
2025-06-26 11:42:29,475 | ERROR   | Solver failed | status=1 | SQP it=0 | KKT=nan | t=0.000s
2025-06-26 11:42:29,476 | ERROR   | Dump saved → debug_logs/fail/tick0476.json
2025-06-26 11:42:29,496 | ERROR   | Solver failed | status=1 | SQP it=0 | KKT=nan | t=0.000s
2025-06-26 11:42:29,496 | ERROR   | Dump saved → debug_logs/fail/tick0477.json
2025-06-26 11:42:29,517 | ERROR   | Solver failed | status=1 | SQP it=0 | KKT=nan | t=0.000s
2025-06-26 11:42:29,517 | ERROR   | Dump saved → debug_logs/fail/tick0478.json
2025-06-26 11:42:29,536 | ERROR   | Solver failed | status=1 | SQP it=0 | KKT=nan | t=0.000s
2025-06-26 11:42:29,537 | ERROR   | Dump saved → debug_logs/fail/tick0479.json
2025-06-26 11:42:29,556 | ERROR   | Solver failed | status=1 | SQP it=0 | KKT=nan | t=0.000s
2025-06-26 11:42:29,557 | ERROR   | Dump saved → debug_logs/fail/tick0480.json
2025-06-26 11:42:29,576 | ERROR   | Solver failed | status=1 | SQP it=0 | KKT=nan | t=0.000s
2025-06-26 11:42:29,577 | ERROR   | Dump saved → debug_logs/fail/tick0481.json
2025-06-26 11:42:29,596 | ERROR   | Solver failed | status=1 | SQP it=0 | KKT=nan | t=0.000s
2025-06-26 11:42:29,597 | ERROR   | Dump saved → debug_logs/fail/tick0482.json
2025-06-26 11:42:29,617 | ERROR   | Solver failed | status=1 | SQP it=0 | KKT=nan | t=0.000s
2025-06-26 11:42:29,618 | ERROR   | Dump saved → debug_logs/fail/tick0483.json
2025-06-26 11:42:29,636 | ERROR   | Solver failed | status=1 | SQP it=0 | KKT=nan | t=0.000s
2025-06-26 11:42:29,637 | ERROR   | Dump saved → debug_logs/fail/tick0484.json
2025-06-26 11:42:29,656 | ERROR   | Solver failed | status=1 | SQP it=0 | KKT=nan | t=0.000s
2025-06-26 11:42:29,657 | ERROR   | Dump saved → debug_logs/fail/tick0485.json
2025-06-26 11:42:29,677 | ERROR   | Solver failed | status=1 | SQP it=0 | KKT=nan | t=0.000s
2025-06-26 11:42:29,677 | ERROR   | Dump saved → debug_logs/fail/tick0486.json
2025-06-26 11:42:29,697 | ERROR   | Solver failed | status=1 | SQP it=0 | KKT=nan | t=0.000s
2025-06-26 11:42:29,698 | ERROR   | Dump saved → debug_logs/fail/tick0487.json
2025-06-26 11:42:29,717 | ERROR   | Solver failed | status=1 | SQP it=0 | KKT=nan | t=0.000s
2025-06-26 11:42:29,717 | ERROR   | Dump saved → debug_logs/fail/tick0488.json
2025-06-26 11:42:29,737 | ERROR   | Solver failed | status=1 | SQP it=0 | KKT=nan | t=0.000s
2025-06-26 11:42:29,737 | ERROR   | Dump saved → debug_logs/fail/tick0489.json
2025-06-26 11:42:29,757 | ERROR   | Solver failed | status=1 | SQP it=0 | KKT=nan | t=0.000s
2025-06-26 11:42:29,757 | ERROR   | Dump saved → debug_logs/fail/tick0490.json
2025-06-26 11:42:29,777 | ERROR   | Solver failed | status=1 | SQP it=0 | KKT=nan | t=0.000s
2025-06-26 11:42:29,778 | ERROR   | Dump saved → debug_logs/fail/tick0491.json
2025-06-26 11:42:29,797 | ERROR   | Solver failed | status=1 | SQP it=0 | KKT=nan | t=0.000s
2025-06-26 11:42:29,798 | ERROR   | Dump saved → debug_logs/fail/tick0492.json
2025-06-26 11:42:29,817 | ERROR   | Solver failed | status=1 | SQP it=0 | KKT=nan | t=0.000s
2025-06-26 11:42:29,818 | ERROR   | Dump saved → debug_logs/fail/tick0493.json
2025-06-26 11:42:29,837 | ERROR   | Solver failed | status=1 | SQP it=0 | KKT=nan | t=0.000s
2025-06-26 11:42:29,838 | ERROR   | Dump saved → debug_logs/fail/tick0494.json
2025-06-26 11:42:29,857 | ERROR   | Solver failed | status=1 | SQP it=0 | KKT=nan | t=0.000s
2025-06-26 11:42:29,858 | ERROR   | Dump saved → debug_logs/fail/tick0495.json
2025-06-26 11:42:29,877 | ERROR   | Solver failed | status=1 | SQP it=0 | KKT=nan | t=0.000s
2025-06-26 11:42:29,878 | ERROR   | Dump saved → debug_logs/fail/tick0496.json
2025-06-26 11:42:29,898 | ERROR   | Solver failed | status=1 | SQP it=0 | KKT=nan | t=0.000s
2025-06-26 11:42:29,899 | ERROR   | Dump saved → debug_logs/fail/tick0497.json
2025-06-26 11:42:29,918 | ERROR   | Solver failed | status=1 | SQP it=0 | KKT=nan | t=0.000s
2025-06-26 11:42:29,918 | ERROR   | Dump saved → debug_logs/fail/tick0498.json
2025-06-26 11:42:29,938 | ERROR   | Solver failed | status=1 | SQP it=0 | KKT=nan | t=0.000s
2025-06-26 11:42:29,938 | ERROR   | Dump saved → debug_logs/fail/tick0499.json
2025-06-26 11:42:29,958 | ERROR   | Solver failed | status=1 | SQP it=0 | KKT=nan | t=0.000s
2025-06-26 11:42:29,958 | ERROR   | Dump saved → debug_logs/fail/tick0500.json
2025-06-26 11:42:29,978 | ERROR   | Solver failed | status=1 | SQP it=0 | KKT=nan | t=0.000s
2025-06-26 11:42:29,978 | ERROR   | Dump saved → debug_logs/fail/tick0501.json
2025-06-26 11:42:29,998 | ERROR   | Solver failed | status=1 | SQP it=0 | KKT=nan | t=0.000s
2025-06-26 11:42:29,999 | ERROR   | Dump saved → debug_logs/fail/tick0502.json
2025-06-26 11:42:30,018 | ERROR   | Solver failed | status=1 | SQP it=0 | KKT=nan | t=0.000s
2025-06-26 11:42:30,019 | ERROR   | Dump saved → debug_logs/fail/tick0503.json
2025-06-26 11:42:30,038 | ERROR   | Solver failed | status=1 | SQP it=0 | KKT=nan | t=0.000s
2025-06-26 11:42:30,039 | ERROR   | Dump saved → debug_logs/fail/tick0504.json
2025-06-26 11:42:30,058 | ERROR   | Solver failed | status=1 | SQP it=0 | KKT=nan | t=0.000s
2025-06-26 11:42:30,059 | ERROR   | Dump saved → debug_logs/fail/tick0505.json
2025-06-26 11:42:30,078 | ERROR   | Solver failed | status=1 | SQP it=0 | KKT=nan | t=0.000s
2025-06-26 11:42:30,079 | ERROR   | Dump saved → debug_logs/fail/tick0506.json
2025-06-26 11:42:30,099 | ERROR   | Solver failed | status=1 | SQP it=0 | KKT=nan | t=0.000s
2025-06-26 11:42:30,099 | ERROR   | Dump saved → debug_logs/fail/tick0507.json
2025-06-26 11:42:30,119 | ERROR   | Solver failed | status=1 | SQP it=0 | KKT=nan | t=0.000s
2025-06-26 11:42:30,119 | ERROR   | Dump saved → debug_logs/fail/tick0508.json
2025-06-26 11:42:30,140 | ERROR   | Solver failed | status=1 | SQP it=0 | KKT=nan | t=0.000s
2025-06-26 11:42:30,142 | ERROR   | Dump saved → debug_logs/fail/tick0509.json
2025-06-26 11:42:30,158 | ERROR   | Solver failed | status=1 | SQP it=0 | KKT=nan | t=0.000s
2025-06-26 11:42:30,159 | ERROR   | Dump saved → debug_logs/fail/tick0510.json
2025-06-26 11:42:30,179 | ERROR   | Solver failed | status=1 | SQP it=0 | KKT=nan | t=0.000s
2025-06-26 11:42:30,180 | ERROR   | Dump saved → debug_logs/fail/tick0511.json
