2025-06-26 11:26:24,679 | INFO    | ===== INITIAL STATE DUMP =====
2025-06-26 11:26:24,679 | DEBUG   | {
  "xcurrent": [
    1.089695930480957,
    1.4088244438171387,
    0.08456537127494812,
    0.0,
    0.0,
    0.0
  ],
  "params": {
    "QC": 10,
    "QC_GATE": 50,
    "QL": 40,
    "MU": 10,
    "DVTHETA_MAX": 1.2,
    "N": 15,
    "T_HORIZON": 0.8,
    "RAMP_TIME": 1.8,
    "BARRIER_WEIGHT": 10,
    "TUNNEL_WIDTH": 0.4,
    "TUNNEL_WIDTH_GATE": 0.15,
    "NARROW_DIST": 0.7,
    "GATE_FLAT_DIST": 0.2,
    "Q_OMEGA": 2,
    "R_VTHETA": 1.0,
    "IN_GATE_RAMP_TIME": 0.3,
    "OUT_GATE_RAMP_TIME": 0.5
  },
  "box_lims": {
    "vtheta_max": 1.2,
    "dvtheta_max": 1.2
  }
}
2025-06-26 11:26:59,765 | ERROR   | Solver failed | status=2 | SQP it=1000 | KKT=3.70e-08 | t=0.468s
2025-06-26 11:26:59,772 | ERROR   | Dump saved → debug_logs/fail/tick0263.json
2025-06-26 11:27:01,071 | ERROR   | Solver failed | status=2 | SQP it=1000 | KKT=4.77e-10 | t=0.643s
2025-06-26 11:27:01,071 | ERROR   | Dump saved → debug_logs/fail/tick0271.json
