2025-06-26 12:44:41,164 | INFO    | ===== INITIAL STATE DUMP =====
2025-06-26 12:44:41,164 | DEBUG   | {
  "xcurrent": [
    1.0365853309631348,
    1.5279667377471924,
    0.07338699698448181,
    -0.004012784454971552,
    -0.0035195278469473124,
    -0.0023498607333749533
  ],
  "params": {
    "QC": 10,
    "QC_GATE": 50,
    "QL": 40,
    "MU": 10,
    "DVTHETA_MAX": 1.8,
    "N": 20,
    "T_HORIZON": 1.0,
    "RAMP_TIME": 1.8,
    "BARRIER_WEIGHT": 10,
    "TUNNEL_WIDTH": 0.4,
    "TUNNEL_WIDTH_GATE": 0.15,
    "NARROW_DIST": 0.7,
    "GATE_FLAT_DIST": 0.2,
    "Q_OMEGA": 2,
    "R_VTHETA": 1.0,
    "IN_GATE_RAMP_TIME": 0.3,
    "OUT_GATE_RAMP_TIME": 0.5,
    "REG_THRUST": 0.018,
    "REG_INPUTS": 0.1
  },
  "box_lims": {
    "vtheta_max": 1.8,
    "dvtheta_max": 1.8
  }
}
