2025-06-28 18:58:26,733 | INFO    | ===== INITIAL STATE DUMP =====
2025-06-28 18:58:26,733 | DEBUG   | {
  "xcurrent": [
    1.089695930480957,
    1.4088244438171387,
    0.08456537127494812,
    0.0,
    0.0,
    0.0
  ],
  "params": {
    "QC": 10,
    "QC_GATE": 50,
    "QL": 40,
    "MU": 10,
    "DVTHETA_MAX": 1.6,
    "N": 20,
    "T_HORIZON": 0.7,
    "RAMP_TIME": 0.9,
    "BARRIER_WEIGHT": 10,
    "OBSTACLE_WEIGHT": [
      300,
      300,
      300,
      300
    ],
    "OBSTACLE_RADIUS": 0.25,
    "TUNNEL_WIDTH": 0.4,
    "TUNNEL_WIDTH_GATE": 0.15,
    "NARROW_DIST": 0.6,
    "GATE_FLAT_DIST": 0.45,
    "Q_OMEGA": 2,
    "R_VTHETA": 1.0,
    "REG_THRUST": 0.05,
    "REG_INPUTS": 0.03
  },
  "box_lims": {
    "vtheta_max": 1.6,
    "dvtheta_max": 1.6
  }
}
2025-06-28 18:58:33,496 | ERROR   | Solver failed | status=2 | SQP it=1000 | KKT=2.83e-15 | t=0.461s
2025-06-28 18:58:33,497 | ERROR   | Dump saved → debug_logs/fail/tick0094.json
2025-06-28 18:58:58,183 | ERROR   | Solver failed | status=4 | SQP it=1 | KKT=3.45e+00 | t=0.003s
2025-06-28 18:58:58,185 | ERROR   | Dump saved → debug_logs/fail/tick0266.json
2025-06-28 18:58:59,814 | INFO    | ===== INITIAL STATE DUMP =====
2025-06-28 18:58:59,814 | DEBUG   | {
  "xcurrent": [
    0.9501074552536011,
    1.5979573726654053,
    0.07728273421525955,
    0.0,
    0.0,
    0.0
  ],
  "params": {
    "QC": 10,
    "QC_GATE": 50,
    "QL": 40,
    "MU": 10,
    "DVTHETA_MAX": 1.6,
    "N": 20,
    "T_HORIZON": 0.7,
    "RAMP_TIME": 0.9,
    "BARRIER_WEIGHT": 10,
    "OBSTACLE_WEIGHT": [
      300,
      300,
      300,
      300
    ],
    "OBSTACLE_RADIUS": 0.25,
    "TUNNEL_WIDTH": 0.4,
    "TUNNEL_WIDTH_GATE": 0.15,
    "NARROW_DIST": 0.6,
    "GATE_FLAT_DIST": 0.45,
    "Q_OMEGA": 2,
    "R_VTHETA": 1.0,
    "REG_THRUST": 0.05,
    "REG_INPUTS": 0.03
  },
  "box_lims": {
    "vtheta_max": 1.6,
    "dvtheta_max": 1.6
  }
}
2025-06-28 18:59:08,457 | ERROR   | Solver failed | status=4 | SQP it=2 | KKT=1.30e+01 | t=0.002s
2025-06-28 18:59:08,459 | ERROR   | Dump saved → debug_logs/fail/tick0276.json
2025-06-28 18:59:08,487 | ERROR   | Solver failed | status=4 | SQP it=1 | KKT=8.69e+00 | t=0.002s
2025-06-28 18:59:08,488 | ERROR   | Dump saved → debug_logs/fail/tick0277.json
2025-06-28 18:59:08,517 | ERROR   | Solver failed | status=4 | SQP it=1 | KKT=8.69e+00 | t=0.002s
2025-06-28 18:59:08,518 | ERROR   | Dump saved → debug_logs/fail/tick0278.json
2025-06-28 18:59:08,546 | ERROR   | Solver failed | status=4 | SQP it=1 | KKT=8.69e+00 | t=0.002s
2025-06-28 18:59:08,547 | ERROR   | Dump saved → debug_logs/fail/tick0279.json
2025-06-28 18:59:08,576 | ERROR   | Solver failed | status=4 | SQP it=1 | KKT=1.26e+01 | t=0.002s
2025-06-28 18:59:08,576 | ERROR   | Dump saved → debug_logs/fail/tick0280.json
2025-06-28 18:59:08,604 | ERROR   | Solver failed | status=4 | SQP it=1 | KKT=1.26e+01 | t=0.002s
2025-06-28 18:59:08,605 | ERROR   | Dump saved → debug_logs/fail/tick0281.json
2025-06-28 18:59:08,633 | ERROR   | Solver failed | status=4 | SQP it=1 | KKT=1.26e+01 | t=0.001s
2025-06-28 18:59:08,634 | ERROR   | Dump saved → debug_logs/fail/tick0282.json
2025-06-28 18:59:08,661 | ERROR   | Solver failed | status=4 | SQP it=1 | KKT=1.26e+01 | t=0.001s
2025-06-28 18:59:08,662 | ERROR   | Dump saved → debug_logs/fail/tick0283.json
2025-06-28 18:59:08,692 | ERROR   | Solver failed | status=4 | SQP it=1 | KKT=1.26e+01 | t=0.001s
2025-06-28 18:59:08,693 | ERROR   | Dump saved → debug_logs/fail/tick0284.json
2025-06-28 18:59:08,721 | ERROR   | Solver failed | status=4 | SQP it=1 | KKT=2.43e+01 | t=0.001s
2025-06-28 18:59:08,722 | ERROR   | Dump saved → debug_logs/fail/tick0285.json
2025-06-28 18:59:08,752 | ERROR   | Solver failed | status=4 | SQP it=1 | KKT=2.43e+01 | t=0.002s
2025-06-28 18:59:08,753 | ERROR   | Dump saved → debug_logs/fail/tick0286.json
2025-06-28 18:59:08,783 | ERROR   | Solver failed | status=4 | SQP it=1 | KKT=2.43e+01 | t=0.001s
2025-06-28 18:59:08,783 | ERROR   | Dump saved → debug_logs/fail/tick0287.json
2025-06-28 18:59:08,810 | ERROR   | Solver failed | status=4 | SQP it=1 | KKT=2.43e+01 | t=0.001s
2025-06-28 18:59:08,811 | ERROR   | Dump saved → debug_logs/fail/tick0288.json
2025-06-28 18:59:08,838 | ERROR   | Solver failed | status=4 | SQP it=1 | KKT=2.43e+01 | t=0.002s
2025-06-28 18:59:08,839 | ERROR   | Dump saved → debug_logs/fail/tick0289.json
2025-06-28 18:59:08,866 | ERROR   | Solver failed | status=4 | SQP it=1 | KKT=3.42e+01 | t=0.001s
2025-06-28 18:59:08,867 | ERROR   | Dump saved → debug_logs/fail/tick0290.json
2025-06-28 18:59:08,892 | ERROR   | Solver failed | status=4 | SQP it=1 | KKT=3.42e+01 | t=0.001s
2025-06-28 18:59:08,893 | ERROR   | Dump saved → debug_logs/fail/tick0291.json
2025-06-28 18:59:08,920 | ERROR   | Solver failed | status=4 | SQP it=1 | KKT=3.42e+01 | t=0.001s
2025-06-28 18:59:08,921 | ERROR   | Dump saved → debug_logs/fail/tick0292.json
2025-06-28 18:59:08,948 | ERROR   | Solver failed | status=4 | SQP it=1 | KKT=3.42e+01 | t=0.001s
2025-06-28 18:59:08,949 | ERROR   | Dump saved → debug_logs/fail/tick0293.json
2025-06-28 18:59:08,977 | ERROR   | Solver failed | status=4 | SQP it=1 | KKT=3.42e+01 | t=0.001s
2025-06-28 18:59:08,977 | ERROR   | Dump saved → debug_logs/fail/tick0294.json
2025-06-28 18:59:10,930 | ERROR   | Solver failed | status=2 | SQP it=1000 | KKT=1.65e-08 | t=0.654s
2025-06-28 18:59:10,932 | ERROR   | Dump saved → debug_logs/fail/tick0327.json
2025-06-28 18:59:11,223 | ERROR   | Solver failed | status=4 | SQP it=291 | KKT=8.50e-12 | t=0.263s
2025-06-28 18:59:11,224 | ERROR   | Dump saved → debug_logs/fail/tick0328.json
2025-06-28 18:59:11,369 | ERROR   | Solver failed | status=4 | SQP it=127 | KKT=2.75e-08 | t=0.118s
2025-06-28 18:59:11,370 | ERROR   | Dump saved → debug_logs/fail/tick0329.json
2025-06-28 18:59:11,395 | ERROR   | Solver failed | status=4 | SQP it=1 | KKT=7.49e+01 | t=0.001s
2025-06-28 18:59:11,396 | ERROR   | Dump saved → debug_logs/fail/tick0330.json
2025-06-28 18:59:11,605 | ERROR   | Solver failed | status=4 | SQP it=191 | KKT=2.02e-08 | t=0.183s
2025-06-28 18:59:11,606 | ERROR   | Dump saved → debug_logs/fail/tick0331.json
2025-06-28 18:59:11,703 | ERROR   | Solver failed | status=4 | SQP it=1 | KKT=7.26e+01 | t=0.070s
2025-06-28 18:59:11,704 | ERROR   | Dump saved → debug_logs/fail/tick0332.json
2025-06-28 18:59:11,741 | ERROR   | Solver failed | status=4 | SQP it=1 | KKT=7.25e+01 | t=0.011s
2025-06-28 18:59:11,742 | ERROR   | Dump saved → debug_logs/fail/tick0333.json
2025-06-28 18:59:12,723 | ERROR   | Solver failed | status=2 | SQP it=1000 | KKT=2.76e-09 | t=0.954s
2025-06-28 18:59:12,724 | ERROR   | Dump saved → debug_logs/fail/tick0334.json
2025-06-28 18:59:13,722 | ERROR   | Solver failed | status=2 | SQP it=1000 | KKT=4.43e-11 | t=0.970s
2025-06-28 18:59:13,723 | ERROR   | Dump saved → debug_logs/fail/tick0335.json
2025-06-28 18:59:14,568 | ERROR   | Solver failed | status=2 | SQP it=1000 | KKT=5.79e-08 | t=0.813s
2025-06-28 18:59:14,569 | ERROR   | Dump saved → debug_logs/fail/tick0336.json
2025-06-28 18:59:15,413 | ERROR   | Solver failed | status=2 | SQP it=1000 | KKT=1.81e-08 | t=0.808s
2025-06-28 18:59:15,413 | ERROR   | Dump saved → debug_logs/fail/tick0337.json
2025-06-28 18:59:16,150 | ERROR   | Solver failed | status=2 | SQP it=1000 | KKT=7.99e-08 | t=0.705s
2025-06-28 18:59:16,150 | ERROR   | Dump saved → debug_logs/fail/tick0338.json
2025-06-28 18:59:16,856 | ERROR   | Solver failed | status=2 | SQP it=1000 | KKT=1.26e-08 | t=0.674s
2025-06-28 18:59:16,857 | ERROR   | Dump saved → debug_logs/fail/tick0339.json
