2025-06-24 12:36:20,389 | INFO    | ===== INITIAL STATE DUMP =====
2025-06-24 12:36:20,389 | DEBUG   | {
  "xcurrent": [
    1.089695930480957,
    1.4088244438171387,
    0.08456537127494812,
    0.0,
    0.0,
    0.0
  ],
  "params": {
    "QC": 10,
    "QC_GATE": 50,
    "QL": 40,
    "MU": 10,
    "DVTHETA_MAX": 1.3,
    "N": 15,
    "T_HORIZON": 0.4,
    "RAMP_TIME": 1.8,
    "BARRIER_WEIGHT": 10,
    "TUNNEL_WIDTH": 0.5,
    "TUNNEL_WIDTH_GATE": 0.15,
    "NARROW_DIST": 0.7,
    "GATE_FLAT_DIST": 0.2,
    "Q_OMEGA": 2,
    "R_VTHETA": 1.0,
    "IN_GATE_RAMP_TIME": 0.3,
    "OUT_GATE_RAMP_TIME": 0.5,
    "OBS_MARGIN": 0.05,
    "OBS_NARROW_DIST": 0.5,
    "OBS_FLAT_DIST": 0.25
  },
  "box_lims": {
    "vtheta_max": 1.3,
    "dvtheta_max": 1.3
  }
}
2025-06-24 12:37:04,911 | INFO    | ===== INITIAL STATE DUMP =====
2025-06-24 12:37:04,911 | DEBUG   | {
  "xcurrent": [
    0.9418867230415344,
    1.5051227807998657,
    0.08547899127006531,
    0.0,
    0.0,
    0.0
  ],
  "params": {
    "QC": 10,
    "QC_GATE": 50,
    "QL": 40,
    "MU": 10,
    "DVTHETA_MAX": 1.3,
    "N": 15,
    "T_HORIZON": 0.4,
    "RAMP_TIME": 1.8,
    "BARRIER_WEIGHT": 10,
    "TUNNEL_WIDTH": 0.5,
    "TUNNEL_WIDTH_GATE": 0.15,
    "NARROW_DIST": 0.7,
    "GATE_FLAT_DIST": 0.2,
    "Q_OMEGA": 2,
    "R_VTHETA": 1.0,
    "IN_GATE_RAMP_TIME": 0.3,
    "OUT_GATE_RAMP_TIME": 0.5,
    "OBS_MARGIN": 0.05,
    "OBS_NARROW_DIST": 0.5,
    "OBS_FLAT_DIST": 0.25
  },
  "box_lims": {
    "vtheta_max": 1.3,
    "dvtheta_max": 1.3
  }
}
2025-06-24 12:37:20,816 | INFO    | ===== INITIAL STATE DUMP =====
2025-06-24 12:37:20,816 | DEBUG   | {
  "xcurrent": [
    1.0382928848266602,
    1.444100260734558,
    0.0887036845088005,
    0.0,
    0.0,
    0.0
  ],
  "params": {
    "QC": 10,
    "QC_GATE": 50,
    "QL": 40,
    "MU": 10,
    "DVTHETA_MAX": 1.3,
    "N": 15,
    "T_HORIZON": 0.4,
    "RAMP_TIME": 1.8,
    "BARRIER_WEIGHT": 10,
    "TUNNEL_WIDTH": 0.5,
    "TUNNEL_WIDTH_GATE": 0.15,
    "NARROW_DIST": 0.7,
    "GATE_FLAT_DIST": 0.2,
    "Q_OMEGA": 2,
    "R_VTHETA": 1.0,
    "IN_GATE_RAMP_TIME": 0.3,
    "OUT_GATE_RAMP_TIME": 0.5,
    "OBS_MARGIN": 0.05,
    "OBS_NARROW_DIST": 0.5,
    "OBS_FLAT_DIST": 0.25
  },
  "box_lims": {
    "vtheta_max": 1.3,
    "dvtheta_max": 1.3
  }
}
2025-06-24 12:37:39,598 | INFO    | ===== INITIAL STATE DUMP =====
2025-06-24 12:37:39,598 | DEBUG   | {
  "xcurrent": [
    1.058786392211914,
    1.4624497890472412,
    0.0804150179028511,
    0.0,
    0.0,
    0.0
  ],
  "params": {
    "QC": 10,
    "QC_GATE": 50,
    "QL": 40,
    "MU": 10,
    "DVTHETA_MAX": 1.3,
    "N": 15,
    "T_HORIZON": 0.4,
    "RAMP_TIME": 1.8,
    "BARRIER_WEIGHT": 10,
    "TUNNEL_WIDTH": 0.5,
    "TUNNEL_WIDTH_GATE": 0.15,
    "NARROW_DIST": 0.7,
    "GATE_FLAT_DIST": 0.2,
    "Q_OMEGA": 2,
    "R_VTHETA": 1.0,
    "IN_GATE_RAMP_TIME": 0.3,
    "OUT_GATE_RAMP_TIME": 0.5,
    "OBS_MARGIN": 0.05,
    "OBS_NARROW_DIST": 0.5,
    "OBS_FLAT_DIST": 0.25
  },
  "box_lims": {
    "vtheta_max": 1.3,
    "dvtheta_max": 1.3
  }
}
2025-06-24 12:37:46,891 | ERROR   | Solver failed | status=2 | SQP it=1000 | KKT=6.07e-08 | t=0.546s
2025-06-24 12:37:46,894 | ERROR   | Dump saved → debug_logs/fail/tick0211.json
2025-06-24 12:37:47,458 | ERROR   | Solver failed | status=2 | SQP it=1000 | KKT=4.66e-08 | t=0.536s
2025-06-24 12:37:47,461 | ERROR   | Dump saved → debug_logs/fail/tick0212.json
2025-06-24 12:37:48,027 | ERROR   | Solver failed | status=2 | SQP it=1000 | KKT=4.68e-08 | t=0.536s
2025-06-24 12:37:48,028 | ERROR   | Dump saved → debug_logs/fail/tick0213.json
2025-06-24 12:37:48,591 | ERROR   | Solver failed | status=2 | SQP it=1000 | KKT=4.88e-08 | t=0.536s
2025-06-24 12:37:48,593 | ERROR   | Dump saved → debug_logs/fail/tick0214.json
2025-06-24 12:37:49,161 | ERROR   | Solver failed | status=2 | SQP it=1000 | KKT=4.54e-08 | t=0.541s
2025-06-24 12:37:49,162 | ERROR   | Dump saved → debug_logs/fail/tick0215.json
2025-06-24 12:37:49,733 | ERROR   | Solver failed | status=2 | SQP it=1000 | KKT=6.80e-08 | t=0.543s
2025-06-24 12:37:49,735 | ERROR   | Dump saved → debug_logs/fail/tick0216.json
2025-06-24 12:37:50,306 | ERROR   | Solver failed | status=2 | SQP it=1000 | KKT=8.33e-08 | t=0.540s
2025-06-24 12:37:50,308 | ERROR   | Dump saved → debug_logs/fail/tick0217.json
2025-06-24 12:37:50,898 | ERROR   | Solver failed | status=2 | SQP it=1000 | KKT=6.97e-08 | t=0.561s
2025-06-24 12:37:50,898 | ERROR   | Dump saved → debug_logs/fail/tick0218.json
2025-06-24 12:37:51,485 | ERROR   | Solver failed | status=2 | SQP it=1000 | KKT=6.09e-08 | t=0.561s
2025-06-24 12:37:51,485 | ERROR   | Dump saved → debug_logs/fail/tick0219.json
2025-06-24 12:37:52,075 | ERROR   | Solver failed | status=2 | SQP it=1000 | KKT=6.04e-08 | t=0.560s
2025-06-24 12:37:52,075 | ERROR   | Dump saved → debug_logs/fail/tick0220.json
2025-06-24 12:37:52,684 | ERROR   | Solver failed | status=2 | SQP it=1000 | KKT=4.58e-08 | t=0.580s
2025-06-24 12:37:52,686 | ERROR   | Dump saved → debug_logs/fail/tick0221.json
2025-06-24 12:37:53,717 | ERROR   | Solver failed | status=2 | SQP it=1000 | KKT=1.87e-08 | t=0.517s
2025-06-24 12:37:53,719 | ERROR   | Dump saved → debug_logs/fail/tick0235.json
2025-06-24 12:37:54,290 | ERROR   | Solver failed | status=2 | SQP it=1000 | KKT=3.18e-08 | t=0.542s
2025-06-24 12:37:54,291 | ERROR   | Dump saved → debug_logs/fail/tick0236.json
2025-06-24 12:37:54,923 | ERROR   | Solver failed | status=2 | SQP it=1000 | KKT=6.98e-08 | t=0.600s
2025-06-24 12:37:54,924 | ERROR   | Dump saved → debug_logs/fail/tick0237.json
2025-06-24 12:37:55,568 | ERROR   | Solver failed | status=2 | SQP it=1000 | KKT=2.05e-08 | t=0.616s
2025-06-24 12:37:55,570 | ERROR   | Dump saved → debug_logs/fail/tick0238.json
2025-06-24 12:37:56,204 | ERROR   | Solver failed | status=2 | SQP it=1000 | KKT=1.52e-09 | t=0.602s
2025-06-24 12:37:56,205 | ERROR   | Dump saved → debug_logs/fail/tick0239.json
2025-06-24 12:37:56,888 | ERROR   | Solver failed | status=2 | SQP it=1000 | KKT=5.54e-09 | t=0.655s
2025-06-24 12:37:56,889 | ERROR   | Dump saved → debug_logs/fail/tick0240.json
2025-06-24 12:38:07,051 | INFO    | ===== INITIAL STATE DUMP =====
2025-06-24 12:38:07,051 | DEBUG   | {
  "xcurrent": [
    1.098891019821167,
    1.460450291633606,
    0.0790356770157814,
    0.0,
    0.0,
    0.0
  ],
  "params": {
    "QC": 10,
    "QC_GATE": 50,
    "QL": 40,
    "MU": 10,
    "DVTHETA_MAX": 1.3,
    "N": 15,
    "T_HORIZON": 0.4,
    "RAMP_TIME": 1.8,
    "BARRIER_WEIGHT": 10,
    "TUNNEL_WIDTH": 0.5,
    "TUNNEL_WIDTH_GATE": 0.15,
    "NARROW_DIST": 0.7,
    "GATE_FLAT_DIST": 0.2,
    "Q_OMEGA": 2,
    "R_VTHETA": 1.0,
    "IN_GATE_RAMP_TIME": 0.3,
    "OUT_GATE_RAMP_TIME": 0.5,
    "OBS_MARGIN": 0.05,
    "OBS_NARROW_DIST": 0.5,
    "OBS_FLAT_DIST": 0.25
  },
  "box_lims": {
    "vtheta_max": 1.3,
    "dvtheta_max": 1.3
  }
}
2025-06-24 12:38:13,693 | INFO    | ===== INITIAL STATE DUMP =====
2025-06-24 12:38:13,694 | DEBUG   | {
  "xcurrent": [
    0.9626330733299255,
    1.564850926399231,
    0.0713561624288559,
    0.0,
    0.0,
    0.0
  ],
  "params": {
    "QC": 10,
    "QC_GATE": 50,
    "QL": 40,
    "MU": 10,
    "DVTHETA_MAX": 1.3,
    "N": 15,
    "T_HORIZON": 0.4,
    "RAMP_TIME": 1.8,
    "BARRIER_WEIGHT": 10,
    "TUNNEL_WIDTH": 0.5,
    "TUNNEL_WIDTH_GATE": 0.15,
    "NARROW_DIST": 0.7,
    "GATE_FLAT_DIST": 0.2,
    "Q_OMEGA": 2,
    "R_VTHETA": 1.0,
    "IN_GATE_RAMP_TIME": 0.3,
    "OUT_GATE_RAMP_TIME": 0.5,
    "OBS_MARGIN": 0.05,
    "OBS_NARROW_DIST": 0.5,
    "OBS_FLAT_DIST": 0.25
  },
  "box_lims": {
    "vtheta_max": 1.3,
    "dvtheta_max": 1.3
  }
}
2025-06-24 12:38:23,750 | INFO    | ===== INITIAL STATE DUMP =====
2025-06-24 12:38:23,750 | DEBUG   | {
  "xcurrent": [
    0.9161376953125,
    1.5353147983551025,
    0.0877198725938797,
    0.0,
    0.0,
    0.0
  ],
  "params": {
    "QC": 10,
    "QC_GATE": 50,
    "QL": 40,
    "MU": 10,
    "DVTHETA_MAX": 1.3,
    "N": 15,
    "T_HORIZON": 0.4,
    "RAMP_TIME": 1.8,
    "BARRIER_WEIGHT": 10,
    "TUNNEL_WIDTH": 0.5,
    "TUNNEL_WIDTH_GATE": 0.15,
    "NARROW_DIST": 0.7,
    "GATE_FLAT_DIST": 0.2,
    "Q_OMEGA": 2,
    "R_VTHETA": 1.0,
    "IN_GATE_RAMP_TIME": 0.3,
    "OUT_GATE_RAMP_TIME": 0.5,
    "OBS_MARGIN": 0.05,
    "OBS_NARROW_DIST": 0.5,
    "OBS_FLAT_DIST": 0.25
  },
  "box_lims": {
    "vtheta_max": 1.3,
    "dvtheta_max": 1.3
  }
}
2025-06-24 12:38:30,613 | ERROR   | Solver failed | status=2 | SQP it=1000 | KKT=2.96e-08 | t=0.434s
2025-06-24 12:38:30,616 | ERROR   | Dump saved → debug_logs/fail/tick0203.json
2025-06-24 12:38:42,743 | INFO    | ===== INITIAL STATE DUMP =====
2025-06-24 12:38:42,743 | DEBUG   | {
  "xcurrent": [
    1.0681650638580322,
    1.4091414213180542,
    0.08234847337007523,
    0.0,
    0.0,
    0.0
  ],
  "params": {
    "QC": 10,
    "QC_GATE": 50,
    "QL": 40,
    "MU": 10,
    "DVTHETA_MAX": 1.3,
    "N": 15,
    "T_HORIZON": 0.4,
    "RAMP_TIME": 1.8,
    "BARRIER_WEIGHT": 10,
    "TUNNEL_WIDTH": 0.5,
    "TUNNEL_WIDTH_GATE": 0.15,
    "NARROW_DIST": 0.7,
    "GATE_FLAT_DIST": 0.2,
    "Q_OMEGA": 2,
    "R_VTHETA": 1.0,
    "IN_GATE_RAMP_TIME": 0.3,
    "OUT_GATE_RAMP_TIME": 0.5,
    "OBS_MARGIN": 0.05,
    "OBS_NARROW_DIST": 0.5,
    "OBS_FLAT_DIST": 0.25
  },
  "box_lims": {
    "vtheta_max": 1.3,
    "dvtheta_max": 1.3
  }
}
2025-06-24 12:38:55,527 | INFO    | ===== INITIAL STATE DUMP =====
2025-06-24 12:38:55,528 | DEBUG   | {
  "xcurrent": [
    1.0671789646148682,
    1.5395007133483887,
    0.07881569862365723,
    0.0,
    0.0,
    0.0
  ],
  "params": {
    "QC": 10,
    "QC_GATE": 50,
    "QL": 40,
    "MU": 10,
    "DVTHETA_MAX": 1.3,
    "N": 15,
    "T_HORIZON": 0.4,
    "RAMP_TIME": 1.8,
    "BARRIER_WEIGHT": 10,
    "TUNNEL_WIDTH": 0.5,
    "TUNNEL_WIDTH_GATE": 0.15,
    "NARROW_DIST": 0.7,
    "GATE_FLAT_DIST": 0.2,
    "Q_OMEGA": 2,
    "R_VTHETA": 1.0,
    "IN_GATE_RAMP_TIME": 0.3,
    "OUT_GATE_RAMP_TIME": 0.5,
    "OBS_MARGIN": 0.05,
    "OBS_NARROW_DIST": 0.5,
    "OBS_FLAT_DIST": 0.25
  },
  "box_lims": {
    "vtheta_max": 1.3,
    "dvtheta_max": 1.3
  }
}
2025-06-24 12:39:07,191 | INFO    | ===== INITIAL STATE DUMP =====
2025-06-24 12:39:07,191 | DEBUG   | {
  "xcurrent": [
    1.0572161674499512,
    1.5026670694351196,
    0.08167224377393723,
    0.0,
    0.0,
    0.0
  ],
  "params": {
    "QC": 10,
    "QC_GATE": 50,
    "QL": 40,
    "MU": 10,
    "DVTHETA_MAX": 1.3,
    "N": 15,
    "T_HORIZON": 0.4,
    "RAMP_TIME": 1.8,
    "BARRIER_WEIGHT": 10,
    "TUNNEL_WIDTH": 0.5,
    "TUNNEL_WIDTH_GATE": 0.15,
    "NARROW_DIST": 0.7,
    "GATE_FLAT_DIST": 0.2,
    "Q_OMEGA": 2,
    "R_VTHETA": 1.0,
    "IN_GATE_RAMP_TIME": 0.3,
    "OUT_GATE_RAMP_TIME": 0.5,
    "OBS_MARGIN": 0.05,
    "OBS_NARROW_DIST": 0.5,
    "OBS_FLAT_DIST": 0.25
  },
  "box_lims": {
    "vtheta_max": 1.3,
    "dvtheta_max": 1.3
  }
}
2025-06-24 12:39:12,565 | ERROR   | Solver failed | status=2 | SQP it=1000 | KKT=1.09e-08 | t=0.538s
2025-06-24 12:39:12,569 | ERROR   | Dump saved → debug_logs/fail/tick0148.json
2025-06-24 12:39:13,137 | ERROR   | Solver failed | status=2 | SQP it=1000 | KKT=3.07e-13 | t=0.536s
2025-06-24 12:39:13,138 | ERROR   | Dump saved → debug_logs/fail/tick0149.json
2025-06-24 12:39:13,686 | ERROR   | Solver failed | status=2 | SQP it=1000 | KKT=6.67e-09 | t=0.516s
2025-06-24 12:39:13,693 | ERROR   | Dump saved → debug_logs/fail/tick0150.json
2025-06-24 12:39:14,262 | ERROR   | Solver failed | status=2 | SQP it=1000 | KKT=2.71e-09 | t=0.538s
2025-06-24 12:39:14,262 | ERROR   | Dump saved → debug_logs/fail/tick0151.json
