2025-06-29 15:58:12,170 | INFO    | ===== INITIAL STATE DUMP =====
2025-06-29 15:58:12,171 | DEBUG   | {
  "xcurrent": [
    1.089695930480957,
    1.4088244438171387,
    0.08456537127494812,
    0.0,
    0.0,
    0.0
  ],
  "params": {
    "QC": 10,
    "QC_GATE": 50,
    "QL": 40,
    "MU": 10,
    "DVTHETA_MAX": 1.8,
    "N": 20,
    "T_HORIZON": 1.0,
    "RAMP_TIME": 1.8,
    "BARRIER_WEIGHT": 10,
    "TUNNEL_WIDTH": 0.4,
    "TUNNEL_WIDTH_GATE": 0.15,
    "NARROW_DIST": 0.7,
    "GATE_FLAT_DIST": 0.2,
    "Q_OMEGA": 2,
    "R_VTHETA": 1.0,
    "IN_GATE_RAMP_TIME": 0.3,
    "OUT_GATE_RAMP_TIME": 0.5,
    "REG_THRUST": 0.018,
    "REG_INPUTS": 0.1
  },
  "box_lims": {
    "vtheta_max": 1.8,
    "dvtheta_max": 1.8
  }
}
2025-06-29 15:58:21,533 | ERROR   | Solver failed | status=1 | SQP it=20 | KKT=1.65e-09 | t=0.019s
2025-06-29 15:58:21,535 | ERROR   | Dump saved → debug_logs/fail/tick0106.json
2025-06-29 15:58:21,561 | ERROR   | Solver failed | status=1 | SQP it=0 | KKT=nan | t=0.000s
2025-06-29 15:58:21,562 | ERROR   | Dump saved → debug_logs/fail/tick0107.json
2025-06-29 15:58:21,586 | ERROR   | Solver failed | status=1 | SQP it=0 | KKT=nan | t=0.000s
2025-06-29 15:58:21,586 | ERROR   | Dump saved → debug_logs/fail/tick0108.json
2025-06-29 15:58:21,611 | ERROR   | Solver failed | status=1 | SQP it=0 | KKT=nan | t=0.000s
2025-06-29 15:58:21,612 | ERROR   | Dump saved → debug_logs/fail/tick0109.json
2025-06-29 15:58:21,636 | ERROR   | Solver failed | status=1 | SQP it=0 | KKT=nan | t=0.000s
2025-06-29 15:58:21,637 | ERROR   | Dump saved → debug_logs/fail/tick0110.json
2025-06-29 15:58:21,661 | ERROR   | Solver failed | status=1 | SQP it=0 | KKT=nan | t=0.000s
2025-06-29 15:58:21,662 | ERROR   | Dump saved → debug_logs/fail/tick0111.json
2025-06-29 15:58:21,686 | ERROR   | Solver failed | status=1 | SQP it=0 | KKT=nan | t=0.000s
2025-06-29 15:58:21,687 | ERROR   | Dump saved → debug_logs/fail/tick0112.json
2025-06-29 15:58:21,712 | ERROR   | Solver failed | status=1 | SQP it=0 | KKT=nan | t=0.000s
2025-06-29 15:58:21,713 | ERROR   | Dump saved → debug_logs/fail/tick0113.json
2025-06-29 15:58:21,739 | ERROR   | Solver failed | status=1 | SQP it=0 | KKT=nan | t=0.000s
2025-06-29 15:58:21,740 | ERROR   | Dump saved → debug_logs/fail/tick0114.json
2025-06-29 15:58:21,764 | ERROR   | Solver failed | status=1 | SQP it=0 | KKT=nan | t=0.000s
2025-06-29 15:58:21,765 | ERROR   | Dump saved → debug_logs/fail/tick0115.json
2025-06-29 15:58:21,790 | ERROR   | Solver failed | status=1 | SQP it=0 | KKT=nan | t=0.000s
2025-06-29 15:58:21,791 | ERROR   | Dump saved → debug_logs/fail/tick0116.json
2025-06-29 15:58:21,817 | ERROR   | Solver failed | status=1 | SQP it=0 | KKT=nan | t=0.000s
2025-06-29 15:58:21,817 | ERROR   | Dump saved → debug_logs/fail/tick0117.json
2025-06-29 15:58:21,844 | ERROR   | Solver failed | status=1 | SQP it=0 | KKT=nan | t=0.000s
2025-06-29 15:58:21,845 | ERROR   | Dump saved → debug_logs/fail/tick0118.json
2025-06-29 15:58:21,870 | ERROR   | Solver failed | status=1 | SQP it=0 | KKT=nan | t=0.000s
2025-06-29 15:58:21,871 | ERROR   | Dump saved → debug_logs/fail/tick0119.json
2025-06-29 15:58:21,897 | ERROR   | Solver failed | status=1 | SQP it=0 | KKT=nan | t=0.000s
2025-06-29 15:58:21,897 | ERROR   | Dump saved → debug_logs/fail/tick0120.json
2025-06-29 15:58:21,925 | ERROR   | Solver failed | status=1 | SQP it=0 | KKT=nan | t=0.000s
2025-06-29 15:58:21,925 | ERROR   | Dump saved → debug_logs/fail/tick0121.json
2025-06-29 15:58:21,952 | ERROR   | Solver failed | status=1 | SQP it=0 | KKT=nan | t=0.000s
2025-06-29 15:58:21,953 | ERROR   | Dump saved → debug_logs/fail/tick0122.json
2025-06-29 15:58:21,981 | ERROR   | Solver failed | status=1 | SQP it=0 | KKT=nan | t=0.000s
2025-06-29 15:58:21,982 | ERROR   | Dump saved → debug_logs/fail/tick0123.json
2025-06-29 15:58:22,010 | ERROR   | Solver failed | status=1 | SQP it=0 | KKT=nan | t=0.000s
2025-06-29 15:58:22,011 | ERROR   | Dump saved → debug_logs/fail/tick0124.json
2025-06-29 15:58:22,042 | ERROR   | Solver failed | status=1 | SQP it=0 | KKT=nan | t=0.000s
2025-06-29 15:58:22,043 | ERROR   | Dump saved → debug_logs/fail/tick0125.json
2025-06-29 15:58:22,071 | ERROR   | Solver failed | status=1 | SQP it=0 | KKT=nan | t=0.000s
2025-06-29 15:58:22,071 | ERROR   | Dump saved → debug_logs/fail/tick0126.json
2025-06-29 15:58:22,099 | ERROR   | Solver failed | status=1 | SQP it=0 | KKT=nan | t=0.000s
2025-06-29 15:58:22,099 | ERROR   | Dump saved → debug_logs/fail/tick0127.json
2025-06-29 15:58:22,128 | ERROR   | Solver failed | status=1 | SQP it=0 | KKT=nan | t=0.000s
2025-06-29 15:58:22,128 | ERROR   | Dump saved → debug_logs/fail/tick0128.json
2025-06-29 15:58:22,159 | ERROR   | Solver failed | status=1 | SQP it=0 | KKT=nan | t=0.000s
2025-06-29 15:58:22,160 | ERROR   | Dump saved → debug_logs/fail/tick0129.json
2025-06-29 15:58:22,185 | ERROR   | Solver failed | status=1 | SQP it=0 | KKT=nan | t=0.000s
2025-06-29 15:58:22,186 | ERROR   | Dump saved → debug_logs/fail/tick0130.json
2025-06-29 15:58:22,211 | ERROR   | Solver failed | status=1 | SQP it=0 | KKT=nan | t=0.000s
2025-06-29 15:58:22,212 | ERROR   | Dump saved → debug_logs/fail/tick0131.json
2025-06-29 15:58:22,237 | ERROR   | Solver failed | status=1 | SQP it=0 | KKT=nan | t=0.000s
2025-06-29 15:58:22,238 | ERROR   | Dump saved → debug_logs/fail/tick0132.json
2025-06-29 15:58:22,263 | ERROR   | Solver failed | status=1 | SQP it=0 | KKT=nan | t=0.000s
2025-06-29 15:58:22,264 | ERROR   | Dump saved → debug_logs/fail/tick0133.json
2025-06-29 15:58:22,289 | ERROR   | Solver failed | status=1 | SQP it=0 | KKT=nan | t=0.000s
2025-06-29 15:58:22,290 | ERROR   | Dump saved → debug_logs/fail/tick0134.json
2025-06-29 15:58:22,315 | ERROR   | Solver failed | status=1 | SQP it=0 | KKT=nan | t=0.000s
2025-06-29 15:58:22,315 | ERROR   | Dump saved → debug_logs/fail/tick0135.json
2025-06-29 15:58:22,342 | ERROR   | Solver failed | status=1 | SQP it=0 | KKT=nan | t=0.000s
2025-06-29 15:58:22,343 | ERROR   | Dump saved → debug_logs/fail/tick0136.json
2025-06-29 15:58:22,367 | ERROR   | Solver failed | status=1 | SQP it=0 | KKT=nan | t=0.000s
2025-06-29 15:58:22,367 | ERROR   | Dump saved → debug_logs/fail/tick0137.json
2025-06-29 15:58:22,392 | ERROR   | Solver failed | status=1 | SQP it=0 | KKT=nan | t=0.000s
2025-06-29 15:58:22,393 | ERROR   | Dump saved → debug_logs/fail/tick0138.json
2025-06-29 15:58:22,418 | ERROR   | Solver failed | status=1 | SQP it=0 | KKT=nan | t=0.000s
2025-06-29 15:58:22,419 | ERROR   | Dump saved → debug_logs/fail/tick0139.json
2025-06-29 15:58:22,444 | ERROR   | Solver failed | status=1 | SQP it=0 | KKT=nan | t=0.000s
2025-06-29 15:58:22,445 | ERROR   | Dump saved → debug_logs/fail/tick0140.json
2025-06-29 15:58:22,471 | ERROR   | Solver failed | status=1 | SQP it=0 | KKT=nan | t=0.000s
2025-06-29 15:58:22,472 | ERROR   | Dump saved → debug_logs/fail/tick0141.json
2025-06-29 15:58:22,497 | ERROR   | Solver failed | status=1 | SQP it=0 | KKT=nan | t=0.000s
2025-06-29 15:58:22,498 | ERROR   | Dump saved → debug_logs/fail/tick0142.json
2025-06-29 15:58:22,526 | ERROR   | Solver failed | status=1 | SQP it=0 | KKT=nan | t=0.000s
2025-06-29 15:58:22,526 | ERROR   | Dump saved → debug_logs/fail/tick0143.json
2025-06-29 15:58:22,554 | ERROR   | Solver failed | status=1 | SQP it=0 | KKT=nan | t=0.000s
2025-06-29 15:58:22,554 | ERROR   | Dump saved → debug_logs/fail/tick0144.json
2025-06-29 15:58:22,582 | ERROR   | Solver failed | status=1 | SQP it=0 | KKT=nan | t=0.000s
2025-06-29 15:58:22,583 | ERROR   | Dump saved → debug_logs/fail/tick0145.json
2025-06-29 15:58:22,611 | ERROR   | Solver failed | status=1 | SQP it=0 | KKT=nan | t=0.000s
2025-06-29 15:58:22,612 | ERROR   | Dump saved → debug_logs/fail/tick0146.json
2025-06-29 15:58:22,641 | ERROR   | Solver failed | status=1 | SQP it=0 | KKT=nan | t=0.000s
2025-06-29 15:58:22,642 | ERROR   | Dump saved → debug_logs/fail/tick0147.json
2025-06-29 15:58:22,670 | ERROR   | Solver failed | status=1 | SQP it=0 | KKT=nan | t=0.000s
2025-06-29 15:58:22,670 | ERROR   | Dump saved → debug_logs/fail/tick0148.json
2025-06-29 15:58:22,699 | ERROR   | Solver failed | status=1 | SQP it=0 | KKT=nan | t=0.000s
2025-06-29 15:58:22,700 | ERROR   | Dump saved → debug_logs/fail/tick0149.json
2025-06-29 15:58:22,728 | ERROR   | Solver failed | status=1 | SQP it=0 | KKT=nan | t=0.000s
2025-06-29 15:58:22,728 | ERROR   | Dump saved → debug_logs/fail/tick0150.json
2025-06-29 15:58:22,759 | ERROR   | Solver failed | status=1 | SQP it=0 | KKT=nan | t=0.000s
2025-06-29 15:58:22,759 | ERROR   | Dump saved → debug_logs/fail/tick0151.json
2025-06-29 15:58:22,791 | ERROR   | Solver failed | status=1 | SQP it=0 | KKT=nan | t=0.000s
2025-06-29 15:58:22,792 | ERROR   | Dump saved → debug_logs/fail/tick0152.json
2025-06-29 15:58:22,817 | ERROR   | Solver failed | status=1 | SQP it=0 | KKT=nan | t=0.000s
2025-06-29 15:58:22,818 | ERROR   | Dump saved → debug_logs/fail/tick0153.json
2025-06-29 15:58:22,843 | ERROR   | Solver failed | status=1 | SQP it=0 | KKT=nan | t=0.000s
2025-06-29 15:58:22,844 | ERROR   | Dump saved → debug_logs/fail/tick0154.json
2025-06-29 15:58:22,869 | ERROR   | Solver failed | status=1 | SQP it=0 | KKT=nan | t=0.000s
2025-06-29 15:58:22,870 | ERROR   | Dump saved → debug_logs/fail/tick0155.json
2025-06-29 15:58:22,894 | ERROR   | Solver failed | status=1 | SQP it=0 | KKT=nan | t=0.000s
2025-06-29 15:58:22,895 | ERROR   | Dump saved → debug_logs/fail/tick0156.json
2025-06-29 15:58:22,920 | ERROR   | Solver failed | status=1 | SQP it=0 | KKT=nan | t=0.000s
2025-06-29 15:58:22,920 | ERROR   | Dump saved → debug_logs/fail/tick0157.json
2025-06-29 15:58:22,946 | ERROR   | Solver failed | status=1 | SQP it=0 | KKT=nan | t=0.000s
2025-06-29 15:58:22,946 | ERROR   | Dump saved → debug_logs/fail/tick0158.json
2025-06-29 15:58:22,974 | ERROR   | Solver failed | status=1 | SQP it=0 | KKT=nan | t=0.000s
2025-06-29 15:58:22,975 | ERROR   | Dump saved → debug_logs/fail/tick0159.json
2025-06-29 15:58:23,000 | ERROR   | Solver failed | status=1 | SQP it=0 | KKT=nan | t=0.000s
2025-06-29 15:58:23,000 | ERROR   | Dump saved → debug_logs/fail/tick0160.json
2025-06-29 15:58:23,026 | ERROR   | Solver failed | status=1 | SQP it=0 | KKT=nan | t=0.000s
2025-06-29 15:58:23,026 | ERROR   | Dump saved → debug_logs/fail/tick0161.json
2025-06-29 15:58:23,052 | ERROR   | Solver failed | status=1 | SQP it=0 | KKT=nan | t=0.000s
2025-06-29 15:58:23,053 | ERROR   | Dump saved → debug_logs/fail/tick0162.json
2025-06-29 15:58:23,079 | ERROR   | Solver failed | status=1 | SQP it=0 | KKT=nan | t=0.000s
2025-06-29 15:58:23,080 | ERROR   | Dump saved → debug_logs/fail/tick0163.json
2025-06-29 15:58:23,108 | ERROR   | Solver failed | status=1 | SQP it=0 | KKT=nan | t=0.000s
2025-06-29 15:58:23,109 | ERROR   | Dump saved → debug_logs/fail/tick0164.json
2025-06-29 15:58:23,135 | ERROR   | Solver failed | status=1 | SQP it=0 | KKT=nan | t=0.000s
2025-06-29 15:58:23,136 | ERROR   | Dump saved → debug_logs/fail/tick0165.json
2025-06-29 15:58:23,163 | ERROR   | Solver failed | status=1 | SQP it=0 | KKT=nan | t=0.000s
2025-06-29 15:58:23,164 | ERROR   | Dump saved → debug_logs/fail/tick0166.json
2025-06-29 15:58:23,192 | ERROR   | Solver failed | status=1 | SQP it=0 | KKT=nan | t=0.000s
2025-06-29 15:58:23,192 | ERROR   | Dump saved → debug_logs/fail/tick0167.json
2025-06-29 15:58:23,216 | ERROR   | Solver failed | status=1 | SQP it=0 | KKT=nan | t=0.000s
2025-06-29 15:58:23,217 | ERROR   | Dump saved → debug_logs/fail/tick0168.json
2025-06-29 15:58:23,243 | ERROR   | Solver failed | status=1 | SQP it=0 | KKT=nan | t=0.000s
2025-06-29 15:58:23,243 | ERROR   | Dump saved → debug_logs/fail/tick0169.json
2025-06-29 15:58:23,268 | ERROR   | Solver failed | status=1 | SQP it=0 | KKT=nan | t=0.000s
2025-06-29 15:58:23,269 | ERROR   | Dump saved → debug_logs/fail/tick0170.json
2025-06-29 15:58:23,293 | ERROR   | Solver failed | status=1 | SQP it=0 | KKT=nan | t=0.000s
2025-06-29 15:58:23,294 | ERROR   | Dump saved → debug_logs/fail/tick0171.json
2025-06-29 15:58:23,319 | ERROR   | Solver failed | status=1 | SQP it=0 | KKT=nan | t=0.000s
2025-06-29 15:58:23,320 | ERROR   | Dump saved → debug_logs/fail/tick0172.json
2025-06-29 15:58:23,345 | ERROR   | Solver failed | status=1 | SQP it=0 | KKT=nan | t=0.000s
2025-06-29 15:58:23,346 | ERROR   | Dump saved → debug_logs/fail/tick0173.json
2025-06-29 15:58:24,727 | INFO    | ===== INITIAL STATE DUMP =====
2025-06-29 15:58:24,727 | DEBUG   | {
  "xcurrent": [
    1.0415406227111816,
    1.4534343481063843,
    0.08428165316581726,
    0.0,
    0.0,
    0.0
  ],
  "params": {
    "QC": 10,
    "QC_GATE": 50,
    "QL": 40,
    "MU": 10,
    "DVTHETA_MAX": 1.8,
    "N": 20,
    "T_HORIZON": 1.0,
    "RAMP_TIME": 1.8,
    "BARRIER_WEIGHT": 10,
    "TUNNEL_WIDTH": 0.4,
    "TUNNEL_WIDTH_GATE": 0.15,
    "NARROW_DIST": 0.7,
    "GATE_FLAT_DIST": 0.2,
    "Q_OMEGA": 2,
    "R_VTHETA": 1.0,
    "IN_GATE_RAMP_TIME": 0.3,
    "OUT_GATE_RAMP_TIME": 0.5,
    "REG_THRUST": 0.018,
    "REG_INPUTS": 0.1
  },
  "box_lims": {
    "vtheta_max": 1.8,
    "dvtheta_max": 1.8
  }
}
