2025-06-29 08:18:20,096 | INFO    | ===== INITIAL STATE DUMP =====
2025-06-29 08:18:20,096 | DEBUG   | {
  "xcurrent": [
    1.089695930480957,
    1.4088244438171387,
    0.08456537127494812,
    0.0,
    0.0,
    0.0
  ],
  "params": {
    "QC": 10,
    "QC_GATE": 50,
    "QL": 40,
    "MU": 10,
    "DVTHETA_MAX": 1.6,
    "N": 20,
    "T_HORIZON": 0.7,
    "RAMP_TIME": 0.7,
    "BARRIER_WEIGHT": 10,
    "OBSTACLE_WEIGHT": [
      30,
      30,
      30,
      30
    ],
    "OBSTACLE_RADIUS": 0.15,
    "OBSTACLE_ALPHA": 30.0,
    "TUNNEL_WIDTH": 0.4,
    "TUNNEL_WIDTH_GATE": 0.15,
    "NARROW_DIST": 0.6,
    "GATE_FLAT_DIST": 0.45,
    "Q_OMEGA": 2,
    "R_VTHETA": 1.0,
    "REG_THRUST": 0.02,
    "REG_INPUTS": 0.8
  },
  "box_lims": {
    "vtheta_max": 1.6,
    "dvtheta_max": 1.6
  }
}
2025-06-29 08:18:20,103 | ERROR   | Solver failed | status=4 | SQP it=2 | KKT=1.67e+00 | t=0.002s
2025-06-29 08:18:20,104 | ERROR   | Dump saved → debug_logs/fail/tick0000.json
2025-06-29 08:18:21,217 | ERROR   | Solver failed | status=4 | SQP it=1 | KKT=3.69e+03 | t=0.000s
2025-06-29 08:18:21,218 | ERROR   | Dump saved → debug_logs/fail/tick0001.json
