2025-07-03 13:55:26,427 | INFO    | ===== INITIAL STATE DUMP =====
2025-07-03 13:55:26,427 | DEBUG   | {
  "xcurrent": [
    1.089695930480957,
    1.4088244438171387,
    0.08456537127494812,
    0.0,
    0.0,
    0.0
  ],
  "params": {
    "QC": 10,
    "QL": 40,
    "MU": 10,
    "DVTHETA_MAX": 1.0,
    "N": 20,
    "T_HORIZON": 0.7,
    "ALPHA_INTERP": 0.1,
    "RAMP_TIME": 1.8,
    "BW_RAMP": 1,
    "BARRIER_WEIGHT": 10,
    "TUNNEL_WIDTH": 0.4,
    "TUNNEL_WIDTH_GATE": 0.15,
    "NARROW_DIST": 0.7,
    "GATE_FLAT_DIST": 0.1,
    "R_VTHETA": 1.0,
    "REG_THRUST": 0.0001,
    "REG_INPUTS": 0.09
  },
  "box_lims": {
    "vtheta_max": 1.0,
    "dvtheta_max": 1.0
  }
}
2025-07-03 13:55:27,636 | ERROR   | Solver failed | status=2 | SQP it=1000 | KKT=5.81e-08 | t=0.271s
2025-07-03 13:55:27,638 | ERROR   | Dump saved → debug_logs/fail/tick0008.json
2025-07-03 13:55:27,936 | ERROR   | Solver failed | status=2 | SQP it=1000 | KKT=5.80e-08 | t=0.271s
2025-07-03 13:55:27,938 | ERROR   | Dump saved → debug_logs/fail/tick0013.json
2025-07-03 13:55:30,587 | INFO    | ===== INITIAL STATE DUMP =====
2025-07-03 13:55:30,587 | DEBUG   | {
  "xcurrent": [
    1.089695930480957,
    1.4088244438171387,
    0.08456537127494812,
    0.0,
    0.0,
    0.0
  ],
  "params": {
    "QC": 10,
    "QL": 40,
    "MU": 10,
    "DVTHETA_MAX": 1.0,
    "N": 20,
    "T_HORIZON": 0.7,
    "ALPHA_INTERP": 0.1,
    "RAMP_TIME": 1.8,
    "BW_RAMP": 1,
    "BARRIER_WEIGHT": 10,
    "TUNNEL_WIDTH": 0.4,
    "TUNNEL_WIDTH_GATE": 0.15,
    "NARROW_DIST": 0.7,
    "GATE_FLAT_DIST": 0.1,
    "R_VTHETA": 1.0,
    "REG_THRUST": 0.0001,
    "REG_INPUTS": 0.09
  },
  "box_lims": {
    "vtheta_max": 1.0,
    "dvtheta_max": 1.0
  }
}
2025-07-03 13:55:31,333 | ERROR   | Solver failed | status=2 | SQP it=1000 | KKT=5.81e-08 | t=0.274s
2025-07-03 13:55:31,334 | ERROR   | Dump saved → debug_logs/fail/tick0008.json
2025-07-03 13:55:31,634 | ERROR   | Solver failed | status=2 | SQP it=1000 | KKT=5.80e-08 | t=0.274s
2025-07-03 13:55:31,635 | ERROR   | Dump saved → debug_logs/fail/tick0013.json
