2025-06-15 19:31:21,740 | INFO    | ===== INITIAL STATE DUMP =====
2025-06-15 19:31:21,740 | DEBUG   | {
  "xcurrent": [
    1.089695930480957,
    1.4088244438171387,
    0.08456537127494812,
    0.0,
    0.0,
    0.0
  ],
  "params": {
    "QC": 10,
    "QC_GATE": 50,
    "QL": 80,
    "MU": 10,
    "DVTHETA_MAX": 1.9,
    "N": 15,
    "T_HORIZON": 0.8,
    "RAMP_TIME": 1.8,
    "BARRIER_WEIGHT": 10,
    "TUNNEL_WIDTH": 0.5,
    "TUNNEL_WIDTH_GATE": 0.1,
    "NARROW_DIST": 1,
    "Q_OMEGA": 2,
    "R_VTHETA": 1.0,
    "IN_GATE_RAMP_TIME": 0.1,
    "OUT_GATE_RAMP_TIME": 3
  },
  "box_lims": {
    "vtheta_max": 1.9,
    "dvtheta_max": 1.9
  }
}
2025-06-15 19:31:25,216 | INFO    | ===== INITIAL STATE DUMP =====
2025-06-15 19:31:25,216 | DEBUG   | {
  "xcurrent": [
    0.9770771861076355,
    1.400357723236084,
    0.07835225760936737,
    0.0,
    0.0,
    0.0
  ],
  "params": {
    "QC": 10,
    "QC_GATE": 50,
    "QL": 80,
    "MU": 10,
    "DVTHETA_MAX": 1.9,
    "N": 15,
    "T_HORIZON": 0.8,
    "RAMP_TIME": 1.8,
    "BARRIER_WEIGHT": 10,
    "TUNNEL_WIDTH": 0.5,
    "TUNNEL_WIDTH_GATE": 0.1,
    "NARROW_DIST": 1,
    "Q_OMEGA": 2,
    "R_VTHETA": 1.0,
    "IN_GATE_RAMP_TIME": 0.1,
    "OUT_GATE_RAMP_TIME": 3
  },
  "box_lims": {
    "vtheta_max": 1.9,
    "dvtheta_max": 1.9
  }
}
2025-06-15 19:31:27,932 | INFO    | ===== INITIAL STATE DUMP =====
2025-06-15 19:31:27,933 | DEBUG   | {
  "xcurrent": [
    0.961796224117279,
    1.5903400182724,
    0.08917388319969177,
    0.0,
    0.0,
    0.0
  ],
  "params": {
    "QC": 10,
    "QC_GATE": 50,
    "QL": 80,
    "MU": 10,
    "DVTHETA_MAX": 1.9,
    "N": 15,
    "T_HORIZON": 0.8,
    "RAMP_TIME": 1.8,
    "BARRIER_WEIGHT": 10,
    "TUNNEL_WIDTH": 0.5,
    "TUNNEL_WIDTH_GATE": 0.1,
    "NARROW_DIST": 1,
    "Q_OMEGA": 2,
    "R_VTHETA": 1.0,
    "IN_GATE_RAMP_TIME": 0.1,
    "OUT_GATE_RAMP_TIME": 3
  },
  "box_lims": {
    "vtheta_max": 1.9,
    "dvtheta_max": 1.9
  }
}
2025-06-15 19:31:30,756 | INFO    | ===== INITIAL STATE DUMP =====
2025-06-15 19:31:30,756 | DEBUG   | {
  "xcurrent": [
    1.058127522468567,
    1.45243239402771,
    0.08050553500652313,
    0.0,
    0.0,
    0.0
  ],
  "params": {
    "QC": 10,
    "QC_GATE": 50,
    "QL": 80,
    "MU": 10,
    "DVTHETA_MAX": 1.9,
    "N": 15,
    "T_HORIZON": 0.8,
    "RAMP_TIME": 1.8,
    "BARRIER_WEIGHT": 10,
    "TUNNEL_WIDTH": 0.5,
    "TUNNEL_WIDTH_GATE": 0.1,
    "NARROW_DIST": 1,
    "Q_OMEGA": 2,
    "R_VTHETA": 1.0,
    "IN_GATE_RAMP_TIME": 0.1,
    "OUT_GATE_RAMP_TIME": 3
  },
  "box_lims": {
    "vtheta_max": 1.9,
    "dvtheta_max": 1.9
  }
}
2025-06-15 19:31:33,064 | INFO    | ===== INITIAL STATE DUMP =====
2025-06-15 19:31:33,064 | DEBUG   | {
  "xcurrent": [
    0.9623264670372009,
    1.4369661808013916,
    0.07254114747047424,
    0.0,
    0.0,
    0.0
  ],
  "params": {
    "QC": 10,
    "QC_GATE": 50,
    "QL": 80,
    "MU": 10,
    "DVTHETA_MAX": 1.9,
    "N": 15,
    "T_HORIZON": 0.8,
    "RAMP_TIME": 1.8,
    "BARRIER_WEIGHT": 10,
    "TUNNEL_WIDTH": 0.5,
    "TUNNEL_WIDTH_GATE": 0.1,
    "NARROW_DIST": 1,
    "Q_OMEGA": 2,
    "R_VTHETA": 1.0,
    "IN_GATE_RAMP_TIME": 0.1,
    "OUT_GATE_RAMP_TIME": 3
  },
  "box_lims": {
    "vtheta_max": 1.9,
    "dvtheta_max": 1.9
  }
}
2025-06-15 19:31:34,690 | INFO    | ===== INITIAL STATE DUMP =====
2025-06-15 19:31:34,690 | DEBUG   | {
  "xcurrent": [
    0.9683879017829895,
    1.599800705909729,
    0.0703425332903862,
    0.0,
    0.0,
    0.0
  ],
  "params": {
    "QC": 10,
    "QC_GATE": 50,
    "QL": 80,
    "MU": 10,
    "DVTHETA_MAX": 1.9,
    "N": 15,
    "T_HORIZON": 0.8,
    "RAMP_TIME": 1.8,
    "BARRIER_WEIGHT": 10,
    "TUNNEL_WIDTH": 0.5,
    "TUNNEL_WIDTH_GATE": 0.1,
    "NARROW_DIST": 1,
    "Q_OMEGA": 2,
    "R_VTHETA": 1.0,
    "IN_GATE_RAMP_TIME": 0.1,
    "OUT_GATE_RAMP_TIME": 3
  },
  "box_lims": {
    "vtheta_max": 1.9,
    "dvtheta_max": 1.9
  }
}
2025-06-15 19:31:37,371 | INFO    | ===== INITIAL STATE DUMP =====
2025-06-15 19:31:37,371 | DEBUG   | {
  "xcurrent": [
    0.9479782581329346,
    1.523537278175354,
    0.07587842643260956,
    0.0,
    0.0,
    0.0
  ],
  "params": {
    "QC": 10,
    "QC_GATE": 50,
    "QL": 80,
    "MU": 10,
    "DVTHETA_MAX": 1.9,
    "N": 15,
    "T_HORIZON": 0.8,
    "RAMP_TIME": 1.8,
    "BARRIER_WEIGHT": 10,
    "TUNNEL_WIDTH": 0.5,
    "TUNNEL_WIDTH_GATE": 0.1,
    "NARROW_DIST": 1,
    "Q_OMEGA": 2,
    "R_VTHETA": 1.0,
    "IN_GATE_RAMP_TIME": 0.1,
    "OUT_GATE_RAMP_TIME": 3
  },
  "box_lims": {
    "vtheta_max": 1.9,
    "dvtheta_max": 1.9
  }
}
2025-06-15 19:31:38,081 | ERROR   | Solver failed | status=2 | SQP it=1000 | KKT=6.87e-11 | t=0.322s
2025-06-15 19:31:38,083 | ERROR   | Dump saved → debug_logs/fail/tick0091.json
2025-06-15 19:31:38,484 | ERROR   | Solver failed | status=2 | SQP it=1000 | KKT=8.69e-15 | t=0.398s
2025-06-15 19:31:38,484 | ERROR   | Dump saved → debug_logs/fail/tick0092.json
2025-06-15 19:31:38,969 | ERROR   | Solver failed | status=2 | SQP it=1000 | KKT=1.45e-08 | t=0.482s
2025-06-15 19:31:38,969 | ERROR   | Dump saved → debug_logs/fail/tick0093.json
2025-06-15 19:31:39,488 | ERROR   | Solver failed | status=2 | SQP it=1000 | KKT=2.04e-08 | t=0.516s
2025-06-15 19:31:39,488 | ERROR   | Dump saved → debug_logs/fail/tick0094.json
2025-06-15 19:31:40,008 | ERROR   | Solver failed | status=2 | SQP it=1000 | KKT=2.21e-08 | t=0.517s
2025-06-15 19:31:40,010 | ERROR   | Dump saved → debug_logs/fail/tick0095.json
2025-06-15 19:31:40,567 | ERROR   | Solver failed | status=2 | SQP it=1000 | KKT=3.35e-09 | t=0.555s
2025-06-15 19:31:40,568 | ERROR   | Dump saved → debug_logs/fail/tick0096.json
2025-06-15 19:31:41,106 | ERROR   | Solver failed | status=2 | SQP it=1000 | KKT=8.85e-09 | t=0.535s
2025-06-15 19:31:41,108 | ERROR   | Dump saved → debug_logs/fail/tick0097.json
2025-06-15 19:31:41,646 | ERROR   | Solver failed | status=2 | SQP it=1000 | KKT=1.67e-08 | t=0.536s
2025-06-15 19:31:41,647 | ERROR   | Dump saved → debug_logs/fail/tick0098.json
2025-06-15 19:31:42,204 | ERROR   | Solver failed | status=2 | SQP it=1000 | KKT=2.51e-09 | t=0.411s
2025-06-15 19:31:42,205 | ERROR   | Dump saved → debug_logs/fail/tick0111.json
2025-06-15 19:31:43,262 | ERROR   | Solver failed | status=2 | SQP it=1000 | KKT=5.79e-10 | t=0.443s
2025-06-15 19:31:43,264 | ERROR   | Dump saved → debug_logs/fail/tick0135.json
2025-06-15 19:31:43,724 | ERROR   | Solver failed | status=2 | SQP it=1000 | KKT=3.60e-09 | t=0.458s
2025-06-15 19:31:43,725 | ERROR   | Dump saved → debug_logs/fail/tick0136.json
2025-06-15 19:31:44,271 | ERROR   | Solver failed | status=2 | SQP it=1000 | KKT=1.93e-08 | t=0.438s
2025-06-15 19:31:44,272 | ERROR   | Dump saved → debug_logs/fail/tick0138.json
2025-06-15 19:31:45,630 | INFO    | ===== INITIAL STATE DUMP =====
2025-06-15 19:31:45,630 | DEBUG   | {
  "xcurrent": [
    0.9878454208374023,
    1.5866591930389404,
    0.08509106189012527,
    0.0,
    0.0,
    0.0
  ],
  "params": {
    "QC": 10,
    "QC_GATE": 50,
    "QL": 80,
    "MU": 10,
    "DVTHETA_MAX": 1.9,
    "N": 15,
    "T_HORIZON": 0.8,
    "RAMP_TIME": 1.8,
    "BARRIER_WEIGHT": 10,
    "TUNNEL_WIDTH": 0.5,
    "TUNNEL_WIDTH_GATE": 0.1,
    "NARROW_DIST": 1,
    "Q_OMEGA": 2,
    "R_VTHETA": 1.0,
    "IN_GATE_RAMP_TIME": 0.1,
    "OUT_GATE_RAMP_TIME": 3
  },
  "box_lims": {
    "vtheta_max": 1.9,
    "dvtheta_max": 1.9
  }
}
2025-06-15 19:31:47,102 | ERROR   | Solver failed | status=2 | SQP it=1000 | KKT=3.17e-10 | t=0.376s
2025-06-15 19:31:47,103 | ERROR   | Dump saved → debug_logs/fail/tick0173.json
2025-06-15 19:31:47,976 | ERROR   | Solver failed | status=2 | SQP it=1000 | KKT=9.68e-09 | t=0.652s
2025-06-15 19:31:47,978 | ERROR   | Dump saved → debug_logs/fail/tick0190.json
2025-06-15 19:31:48,634 | ERROR   | Solver failed | status=2 | SQP it=1000 | KKT=4.15e-10 | t=0.653s
2025-06-15 19:31:48,635 | ERROR   | Dump saved → debug_logs/fail/tick0191.json
2025-06-15 19:31:49,293 | ERROR   | Solver failed | status=2 | SQP it=1000 | KKT=3.58e-09 | t=0.655s
2025-06-15 19:31:49,296 | ERROR   | Dump saved → debug_logs/fail/tick0192.json
2025-06-15 19:31:49,954 | ERROR   | Solver failed | status=2 | SQP it=1000 | KKT=1.91e-12 | t=0.655s
2025-06-15 19:31:49,954 | ERROR   | Dump saved → debug_logs/fail/tick0193.json
2025-06-15 19:31:50,624 | ERROR   | Solver failed | status=2 | SQP it=1000 | KKT=2.73e-08 | t=0.667s
2025-06-15 19:31:50,625 | ERROR   | Dump saved → debug_logs/fail/tick0194.json
2025-06-15 19:31:51,303 | ERROR   | Solver failed | status=2 | SQP it=1000 | KKT=1.14e-10 | t=0.675s
2025-06-15 19:31:51,303 | ERROR   | Dump saved → debug_logs/fail/tick0195.json
2025-06-15 19:31:51,982 | ERROR   | Solver failed | status=2 | SQP it=1000 | KKT=7.42e-13 | t=0.676s
2025-06-15 19:31:51,982 | ERROR   | Dump saved → debug_logs/fail/tick0196.json
2025-06-15 19:31:52,670 | ERROR   | Solver failed | status=2 | SQP it=1000 | KKT=1.34e-10 | t=0.685s
2025-06-15 19:31:52,672 | ERROR   | Dump saved → debug_logs/fail/tick0197.json
2025-06-15 19:31:53,366 | ERROR   | Solver failed | status=2 | SQP it=1000 | KKT=3.55e-13 | t=0.691s
2025-06-15 19:31:53,367 | ERROR   | Dump saved → debug_logs/fail/tick0198.json
2025-06-15 19:31:54,081 | ERROR   | Solver failed | status=2 | SQP it=1000 | KKT=4.49e-08 | t=0.711s
2025-06-15 19:31:54,082 | ERROR   | Dump saved → debug_logs/fail/tick0199.json
2025-06-15 19:31:54,792 | ERROR   | Solver failed | status=2 | SQP it=1000 | KKT=1.45e-08 | t=0.708s
2025-06-15 19:31:54,793 | ERROR   | Dump saved → debug_logs/fail/tick0200.json
2025-06-15 19:31:55,532 | ERROR   | Solver failed | status=2 | SQP it=1000 | KKT=2.66e-09 | t=0.736s
2025-06-15 19:31:55,533 | ERROR   | Dump saved → debug_logs/fail/tick0201.json
2025-06-15 19:31:56,354 | ERROR   | Solver failed | status=2 | SQP it=1000 | KKT=1.57e-08 | t=0.819s
2025-06-15 19:31:56,355 | ERROR   | Dump saved → debug_logs/fail/tick0202.json
2025-06-15 19:31:57,095 | ERROR   | Solver failed | status=2 | SQP it=1000 | KKT=2.18e-08 | t=0.738s
2025-06-15 19:31:57,096 | ERROR   | Dump saved → debug_logs/fail/tick0203.json
2025-06-15 19:31:57,879 | ERROR   | Solver failed | status=2 | SQP it=1000 | KKT=2.73e-13 | t=0.780s
2025-06-15 19:31:57,880 | ERROR   | Dump saved → debug_logs/fail/tick0204.json
2025-06-15 19:31:58,645 | ERROR   | Solver failed | status=2 | SQP it=1000 | KKT=8.00e-08 | t=0.763s
2025-06-15 19:31:58,646 | ERROR   | Dump saved → debug_logs/fail/tick0205.json
2025-06-15 19:31:59,437 | ERROR   | Solver failed | status=2 | SQP it=1000 | KKT=1.08e-08 | t=0.788s
2025-06-15 19:31:59,437 | ERROR   | Dump saved → debug_logs/fail/tick0206.json
2025-06-15 19:32:00,219 | ERROR   | Solver failed | status=2 | SQP it=1000 | KKT=7.91e-10 | t=0.779s
2025-06-15 19:32:00,220 | ERROR   | Dump saved → debug_logs/fail/tick0207.json
2025-06-15 19:32:00,990 | ERROR   | Solver failed | status=2 | SQP it=1000 | KKT=2.41e-09 | t=0.768s
2025-06-15 19:32:00,990 | ERROR   | Dump saved → debug_logs/fail/tick0208.json
2025-06-15 19:32:01,783 | ERROR   | Solver failed | status=2 | SQP it=1000 | KKT=1.18e-09 | t=0.790s
2025-06-15 19:32:01,784 | ERROR   | Dump saved → debug_logs/fail/tick0209.json
2025-06-15 19:32:02,654 | ERROR   | Solver failed | status=2 | SQP it=1000 | KKT=6.97e-08 | t=0.867s
2025-06-15 19:32:02,654 | ERROR   | Dump saved → debug_logs/fail/tick0210.json
