2025-06-25 15:32:32,130 | INFO    | ===== INITIAL STATE DUMP =====
2025-06-25 15:32:32,130 | DEBUG   | {
  "xcurrent": [
    1.089695930480957,
    1.4088244438171387,
    0.08456537127494812,
    0.0,
    0.0,
    0.0
  ],
  "params": {
    "QC": 10,
    "QC_GATE": 50,
    "QL": 40,
    "MU": 10,
    "DVTHETA_MAX": 1.7,
    "N": 15,
    "T_HORIZON": 0.8,
    "RAMP_TIME": 1.8,
    "BARRIER_WEIGHT": 10,
    "TUNNEL_WIDTH": 0.5,
    "TUNNEL_WIDTH_GATE": 0.15,
    "NARROW_DIST": 0.7,
    "GATE_FLAT_DIST": 0.2,
    "Q_OMEGA": 2,
    "R_VTHETA": 1.0,
    "IN_GATE_RAMP_TIME": 0.3,
    "OUT_GATE_RAMP_TIME": 0.5
  },
  "box_lims": {
    "vtheta_max": 1.7,
    "dvtheta_max": 1.7
  }
}
2025-06-25 15:32:55,166 | ERROR   | Solver failed | status=2 | SQP it=1000 | KKT=2.64e-09 | t=0.693s
2025-06-25 15:32:55,168 | ERROR   | Dump saved → debug_logs/fail/tick0221.json
2025-06-25 15:32:55,857 | ERROR   | Solver failed | status=2 | SQP it=1000 | KKT=1.27e-08 | t=0.662s
2025-06-25 15:32:55,859 | ERROR   | Dump saved → debug_logs/fail/tick0222.json
2025-06-25 15:32:56,544 | ERROR   | Solver failed | status=2 | SQP it=1000 | KKT=2.44e-09 | t=0.658s
2025-06-25 15:32:56,544 | ERROR   | Dump saved → debug_logs/fail/tick0223.json
2025-06-25 15:32:57,243 | ERROR   | Solver failed | status=2 | SQP it=1000 | KKT=8.70e-09 | t=0.668s
2025-06-25 15:32:57,243 | ERROR   | Dump saved → debug_logs/fail/tick0224.json
2025-06-25 15:32:57,943 | ERROR   | Solver failed | status=2 | SQP it=1000 | KKT=2.19e-09 | t=0.674s
2025-06-25 15:32:57,944 | ERROR   | Dump saved → debug_logs/fail/tick0225.json
2025-06-25 15:32:59,132 | ERROR   | Solver failed | status=2 | SQP it=1000 | KKT=1.12e-09 | t=0.642s
2025-06-25 15:32:59,134 | ERROR   | Dump saved → debug_logs/fail/tick0241.json
2025-06-25 15:33:01,065 | ERROR   | Solver failed | status=2 | SQP it=1000 | KKT=3.28e-08 | t=0.458s
2025-06-25 15:33:01,065 | ERROR   | Dump saved → debug_logs/fail/tick0249.json
2025-06-25 15:33:01,745 | ERROR   | Solver failed | status=2 | SQP it=1000 | KKT=1.36e-11 | t=0.653s
2025-06-25 15:33:01,746 | ERROR   | Dump saved → debug_logs/fail/tick0250.json
2025-06-25 15:33:02,450 | ERROR   | Solver failed | status=2 | SQP it=1000 | KKT=5.59e-08 | t=0.676s
2025-06-25 15:33:02,451 | ERROR   | Dump saved → debug_logs/fail/tick0251.json
