2025-07-03 12:56:11,046 | INFO    | ===== INITIAL STATE DUMP =====
2025-07-03 12:56:11,046 | DEBUG   | {
  "xcurrent": [
    1.089695930480957,
    1.4088244438171387,
    0.08456537127494812,
    0.0,
    0.0,
    0.0
  ],
  "params": {
    "QC": 10,
    "QL": 40,
    "MU": 10,
    "DVTHETA_MAX": 1.0,
    "N": 20,
    "T_HORIZON": 0.7,
    "RAMP_TIME": 1.8,
    "BW_RAMP": 1,
    "BARRIER_WEIGHT": 100,
    "TUNNEL_WIDTH": 0.4,
    "TUNNEL_WIDTH_GATE": 0.15,
    "NARROW_DIST": 0.7,
    "GATE_FLAT_DIST": 0.1,
    "Q_OMEGA": 0,
    "R_VTHETA": 1.0,
    "REG_THRUST": 0.0001,
    "REG_INPUTS": 0.09
  },
  "box_lims": {
    "vtheta_max": 1.0,
    "dvtheta_max": 1.0
  }
}
2025-07-03 12:56:12,700 | ERROR   | Solver failed | status=2 | SQP it=1000 | KKT=5.82e-08 | t=0.272s
2025-07-03 12:56:12,701 | ERROR   | Dump saved → debug_logs/fail/tick0008.json
2025-07-03 12:56:13,119 | ERROR   | Solver failed | status=2 | SQP it=1000 | KKT=5.49e-08 | t=0.275s
2025-07-03 12:56:13,120 | ERROR   | Dump saved → debug_logs/fail/tick0013.json
2025-07-03 12:57:05,982 | INFO    | ===== INITIAL STATE DUMP =====
2025-07-03 12:57:05,982 | DEBUG   | {
  "xcurrent": [
    0.9092708826065063,
    1.5262396335601807,
    0.07578419893980026,
    0.0,
    0.0,
    0.0
  ],
  "params": {
    "QC": 10,
    "QL": 40,
    "MU": 10,
    "DVTHETA_MAX": 1.0,
    "N": 20,
    "T_HORIZON": 0.7,
    "RAMP_TIME": 1.8,
    "BW_RAMP": 1,
    "BARRIER_WEIGHT": 100,
    "TUNNEL_WIDTH": 0.4,
    "TUNNEL_WIDTH_GATE": 0.15,
    "NARROW_DIST": 0.7,
    "GATE_FLAT_DIST": 0.1,
    "Q_OMEGA": 0,
    "R_VTHETA": 1.0,
    "REG_THRUST": 0.0001,
    "REG_INPUTS": 0.09
  },
  "box_lims": {
    "vtheta_max": 1.0,
    "dvtheta_max": 1.0
  }
}
2025-07-03 12:57:55,927 | INFO    | ===== INITIAL STATE DUMP =====
2025-07-03 12:57:55,927 | DEBUG   | {
  "xcurrent": [
    1.0789365768432617,
    1.525505542755127,
    0.08973667770624161,
    0.0,
    0.0,
    0.0
  ],
  "params": {
    "QC": 10,
    "QL": 40,
    "MU": 10,
    "DVTHETA_MAX": 1.0,
    "N": 20,
    "T_HORIZON": 0.7,
    "RAMP_TIME": 1.8,
    "BW_RAMP": 1,
    "BARRIER_WEIGHT": 100,
    "TUNNEL_WIDTH": 0.4,
    "TUNNEL_WIDTH_GATE": 0.15,
    "NARROW_DIST": 0.7,
    "GATE_FLAT_DIST": 0.1,
    "Q_OMEGA": 0,
    "R_VTHETA": 1.0,
    "REG_THRUST": 0.0001,
    "REG_INPUTS": 0.09
  },
  "box_lims": {
    "vtheta_max": 1.0,
    "dvtheta_max": 1.0
  }
}
2025-07-03 12:58:02,436 | ERROR   | Solver failed | status=2 | SQP it=1000 | KKT=1.63e-08 | t=0.569s
2025-07-03 12:58:02,439 | ERROR   | Dump saved → debug_logs/fail/tick0413.json
2025-07-03 12:58:06,217 | INFO    | ===== INITIAL STATE DUMP =====
2025-07-03 12:58:06,218 | DEBUG   | {
  "xcurrent": [
    0.9559060335159302,
    1.4083043336868286,
    0.07076191902160645,
    0.0,
    0.0,
    0.0
  ],
  "params": {
    "QC": 10,
    "QL": 40,
    "MU": 10,
    "DVTHETA_MAX": 1.0,
    "N": 20,
    "T_HORIZON": 0.7,
    "RAMP_TIME": 1.8,
    "BW_RAMP": 1,
    "BARRIER_WEIGHT": 100,
    "TUNNEL_WIDTH": 0.4,
    "TUNNEL_WIDTH_GATE": 0.15,
    "NARROW_DIST": 0.7,
    "GATE_FLAT_DIST": 0.1,
    "Q_OMEGA": 0,
    "R_VTHETA": 1.0,
    "REG_THRUST": 0.0001,
    "REG_INPUTS": 0.09
  },
  "box_lims": {
    "vtheta_max": 1.0,
    "dvtheta_max": 1.0
  }
}
2025-07-03 12:58:07,004 | ERROR   | Solver failed | status=2 | SQP it=1000 | KKT=7.05e-08 | t=0.784s
2025-07-03 12:58:07,005 | ERROR   | Dump saved → debug_logs/fail/tick0000.json
