2025-06-29 17:01:01,501 | INFO    | ===== INITIAL STATE DUMP =====
2025-06-29 17:01:01,501 | DEBUG   | {
  "xcurrent": [
    1.089695930480957,
    1.4088244438171387,
    0.08456537127494812,
    0.0,
    0.0,
    0.0
  ],
  "params": {
    "QC": 10,
    "QL": 40,
    "MU": 10,
    "DVTHETA_MAX": 1.7,
    "N": 20,
    "T_HORIZON": 0.7,
    "RAMP_TIME": 1.8,
    "BW_RAMP": 0.3,
    "BARRIER_WEIGHT": 100,
    "TUNNEL_WIDTH": 0.4,
    "TUNNEL_WIDTH_GATE": 0.15,
    "NARROW_DIST": 0.7,
    "GATE_FLAT_DIST": 0.2,
    "Q_OMEGA": 2,
    "R_VTHETA": 1.0,
    "REG_THRUST": 0.018,
    "REG_INPUTS": 0.09
  },
  "box_lims": {
    "vtheta_max": 1.7,
    "dvtheta_max": 1.7
  }
}
2025-06-29 17:01:06,756 | ERROR   | Solver failed | status=2 | SQP it=1000 | KKT=8.97e-08 | t=0.566s
2025-06-29 17:01:06,757 | ERROR   | Dump saved → debug_logs/fail/tick0095.json
2025-06-29 17:01:14,063 | ERROR   | Solver failed | status=2 | SQP it=1000 | KKT=4.82e-11 | t=0.760s
2025-06-29 17:01:14,064 | ERROR   | Dump saved → debug_logs/fail/tick0117.json
