2025-06-28 19:38:12,653 | INFO    | ===== INITIAL STATE DUMP =====
2025-06-28 19:38:12,653 | DEBUG   | {
  "xcurrent": [
    1.089695930480957,
    1.4088244438171387,
    0.08456537127494812,
    0.0,
    0.0,
    0.0
  ],
  "params": {
    "QC": 10,
    "QC_GATE": 50,
    "QL": 40,
    "MU": 10,
    "DVTHETA_MAX": 1.6,
    "N": 20,
    "T_HORIZON": 0.7,
    "RAMP_TIME": 0.6,
    "BARRIER_WEIGHT": 10,
    "OBSTACLE_WEIGHT": [
      1,
      10,
      1,
      1
    ],
    "OBSTACLE_RADIUS": 0.2,
    "TUNNEL_WIDTH": 0.4,
    "TUNNEL_WIDTH_GATE": 0.15,
    "NARROW_DIST": 0.6,
    "GATE_FLAT_DIST": 0.45,
    "Q_OMEGA": 2,
    "R_VTHETA": 1.0,
    "REG_THRUST": 0.05,
    "REG_INPUTS": 0.03
  },
  "box_lims": {
    "vtheta_max": 1.6,
    "dvtheta_max": 1.6
  }
}
2025-06-28 19:38:32,520 | ERROR   | Solver failed | status=4 | SQP it=7 | KKT=1.00e+00 | t=0.007s
2025-06-28 19:38:32,522 | ERROR   | Dump saved → debug_logs/fail/tick0264.json
2025-06-28 19:38:34,199 | INFO    | ===== INITIAL STATE DUMP =====
2025-06-28 19:38:34,200 | DEBUG   | {
  "xcurrent": [
    0.9343903660774231,
    1.5307097434997559,
    0.07552007585763931,
    0.0,
    0.0,
    0.0
  ],
  "params": {
    "QC": 10,
    "QC_GATE": 50,
    "QL": 40,
    "MU": 10,
    "DVTHETA_MAX": 1.6,
    "N": 20,
    "T_HORIZON": 0.7,
    "RAMP_TIME": 0.6,
    "BARRIER_WEIGHT": 10,
    "OBSTACLE_WEIGHT": [
      1,
      10,
      1,
      1
    ],
    "OBSTACLE_RADIUS": 0.2,
    "TUNNEL_WIDTH": 0.4,
    "TUNNEL_WIDTH_GATE": 0.15,
    "NARROW_DIST": 0.6,
    "GATE_FLAT_DIST": 0.45,
    "Q_OMEGA": 2,
    "R_VTHETA": 1.0,
    "REG_THRUST": 0.05,
    "REG_INPUTS": 0.03
  },
  "box_lims": {
    "vtheta_max": 1.6,
    "dvtheta_max": 1.6
  }
}
2025-06-28 19:38:42,406 | INFO    | ===== INITIAL STATE DUMP =====
2025-06-28 19:38:42,407 | DEBUG   | {
  "xcurrent": [
    1.0888313055038452,
    1.4957879781723022,
    0.07537014782428741,
    0.0,
    0.0,
    0.0
  ],
  "params": {
    "QC": 10,
    "QC_GATE": 50,
    "QL": 40,
    "MU": 10,
    "DVTHETA_MAX": 1.6,
    "N": 20,
    "T_HORIZON": 0.7,
    "RAMP_TIME": 0.6,
    "BARRIER_WEIGHT": 10,
    "OBSTACLE_WEIGHT": [
      1,
      10,
      1,
      1
    ],
    "OBSTACLE_RADIUS": 0.2,
    "TUNNEL_WIDTH": 0.4,
    "TUNNEL_WIDTH_GATE": 0.15,
    "NARROW_DIST": 0.6,
    "GATE_FLAT_DIST": 0.45,
    "Q_OMEGA": 2,
    "R_VTHETA": 1.0,
    "REG_THRUST": 0.05,
    "REG_INPUTS": 0.03
  },
  "box_lims": {
    "vtheta_max": 1.6,
    "dvtheta_max": 1.6
  }
}
2025-06-28 19:38:54,147 | INFO    | ===== INITIAL STATE DUMP =====
2025-06-28 19:38:54,147 | DEBUG   | {
  "xcurrent": [
    1.059054970741272,
    1.5495587587356567,
    0.08318066596984863,
    0.0,
    0.0,
    0.0
  ],
  "params": {
    "QC": 10,
    "QC_GATE": 50,
    "QL": 40,
    "MU": 10,
    "DVTHETA_MAX": 1.6,
    "N": 20,
    "T_HORIZON": 0.7,
    "RAMP_TIME": 0.6,
    "BARRIER_WEIGHT": 10,
    "OBSTACLE_WEIGHT": [
      1,
      10,
      1,
      1
    ],
    "OBSTACLE_RADIUS": 0.2,
    "TUNNEL_WIDTH": 0.4,
    "TUNNEL_WIDTH_GATE": 0.15,
    "NARROW_DIST": 0.6,
    "GATE_FLAT_DIST": 0.45,
    "Q_OMEGA": 2,
    "R_VTHETA": 1.0,
    "REG_THRUST": 0.05,
    "REG_INPUTS": 0.03
  },
  "box_lims": {
    "vtheta_max": 1.6,
    "dvtheta_max": 1.6
  }
}
