2025-06-06 19:01:50,515 | INFO    | ===== INITIAL STATE DUMP =====
2025-06-06 19:01:50,515 | DEBUG   | {
  "xcurrent": [
    1.089695930480957,
    1.4088244438171387,
    0.08456537127494812,
    0.0,
    0.0,
    0.0
  ],
  "params": {
    "QC": 10,
    "QL": 80,
    "MU": 10,
    "DVTHETA_MAX": 2,
    "N": 20,
    "T_HORIZON": 1.5,
    "RAMP_TIME": 1.8,
    "BARRIER_WEIGHT": 10,
    "TUNNEL_WIDTH": 0.5,
    "TUNNEL_WIDTH_GATE": 0.15,
    "Q_OMEGA": 2,
    "R_VTHETA": 1.0,
    "IN_GATE_RAMP_TIME": 0.35,
    "OUT_GATE_RAMP_TIME": 3
  },
  "box_lims": {
    "vtheta_max": 2.0,
    "dvtheta_max": 2.0
  }
}
2025-06-06 19:01:55,066 | ERROR   | Solver failed | status=2 | SQP it=1000 | KKT=6.94e-13 | t=0.722s
2025-06-06 19:01:55,067 | ERROR   | Dump saved → debug_logs/fail/tick0064.json
2025-06-06 19:01:55,109 | ERROR   | Solver failed | status=1 | SQP it=19 | KKT=6.54e-13 | t=0.020s
2025-06-06 19:01:55,110 | ERROR   | Dump saved → debug_logs/fail/tick0065.json
2025-06-06 19:01:55,137 | ERROR   | Solver failed | status=1 | SQP it=0 | KKT=nan | t=0.000s
2025-06-06 19:01:55,138 | ERROR   | Dump saved → debug_logs/fail/tick0066.json
2025-06-06 19:01:55,161 | ERROR   | Solver failed | status=1 | SQP it=0 | KKT=nan | t=0.000s
2025-06-06 19:01:55,161 | ERROR   | Dump saved → debug_logs/fail/tick0067.json
2025-06-06 19:01:55,183 | ERROR   | Solver failed | status=1 | SQP it=0 | KKT=nan | t=0.000s
2025-06-06 19:01:55,183 | ERROR   | Dump saved → debug_logs/fail/tick0068.json
2025-06-06 19:01:55,209 | ERROR   | Solver failed | status=1 | SQP it=0 | KKT=nan | t=0.000s
2025-06-06 19:01:55,210 | ERROR   | Dump saved → debug_logs/fail/tick0069.json
2025-06-06 19:01:55,234 | ERROR   | Solver failed | status=1 | SQP it=0 | KKT=nan | t=0.000s
2025-06-06 19:01:55,235 | ERROR   | Dump saved → debug_logs/fail/tick0070.json
2025-06-06 19:01:55,259 | ERROR   | Solver failed | status=1 | SQP it=0 | KKT=nan | t=0.000s
2025-06-06 19:01:55,260 | ERROR   | Dump saved → debug_logs/fail/tick0071.json
2025-06-06 19:01:55,286 | ERROR   | Solver failed | status=1 | SQP it=0 | KKT=nan | t=0.000s
2025-06-06 19:01:55,287 | ERROR   | Dump saved → debug_logs/fail/tick0072.json
2025-06-06 19:01:55,310 | ERROR   | Solver failed | status=1 | SQP it=0 | KKT=nan | t=0.000s
2025-06-06 19:01:55,311 | ERROR   | Dump saved → debug_logs/fail/tick0073.json
2025-06-06 19:01:55,335 | ERROR   | Solver failed | status=1 | SQP it=0 | KKT=nan | t=0.000s
2025-06-06 19:01:55,336 | ERROR   | Dump saved → debug_logs/fail/tick0074.json
2025-06-06 19:01:55,359 | ERROR   | Solver failed | status=1 | SQP it=0 | KKT=nan | t=0.000s
2025-06-06 19:01:55,359 | ERROR   | Dump saved → debug_logs/fail/tick0075.json
2025-06-06 19:01:55,384 | ERROR   | Solver failed | status=1 | SQP it=0 | KKT=nan | t=0.000s
2025-06-06 19:01:55,385 | ERROR   | Dump saved → debug_logs/fail/tick0076.json
2025-06-06 19:01:55,409 | ERROR   | Solver failed | status=1 | SQP it=0 | KKT=nan | t=0.000s
2025-06-06 19:01:55,410 | ERROR   | Dump saved → debug_logs/fail/tick0077.json
2025-06-06 19:01:55,436 | ERROR   | Solver failed | status=1 | SQP it=0 | KKT=nan | t=0.000s
2025-06-06 19:01:55,437 | ERROR   | Dump saved → debug_logs/fail/tick0078.json
2025-06-06 19:01:55,463 | ERROR   | Solver failed | status=1 | SQP it=0 | KKT=nan | t=0.000s
2025-06-06 19:01:55,463 | ERROR   | Dump saved → debug_logs/fail/tick0079.json
2025-06-06 19:01:55,490 | ERROR   | Solver failed | status=1 | SQP it=0 | KKT=nan | t=0.000s
2025-06-06 19:01:55,490 | ERROR   | Dump saved → debug_logs/fail/tick0080.json
2025-06-06 19:01:55,518 | ERROR   | Solver failed | status=1 | SQP it=0 | KKT=nan | t=0.000s
2025-06-06 19:01:55,518 | ERROR   | Dump saved → debug_logs/fail/tick0081.json
2025-06-06 19:01:55,543 | ERROR   | Solver failed | status=1 | SQP it=0 | KKT=nan | t=0.000s
2025-06-06 19:01:55,544 | ERROR   | Dump saved → debug_logs/fail/tick0082.json
2025-06-06 19:01:55,570 | ERROR   | Solver failed | status=1 | SQP it=0 | KKT=nan | t=0.000s
2025-06-06 19:01:55,571 | ERROR   | Dump saved → debug_logs/fail/tick0083.json
2025-06-06 19:01:55,597 | ERROR   | Solver failed | status=1 | SQP it=0 | KKT=nan | t=0.000s
2025-06-06 19:01:55,598 | ERROR   | Dump saved → debug_logs/fail/tick0084.json
2025-06-06 19:01:55,624 | ERROR   | Solver failed | status=1 | SQP it=0 | KKT=nan | t=0.000s
2025-06-06 19:01:55,625 | ERROR   | Dump saved → debug_logs/fail/tick0085.json
2025-06-06 19:01:55,649 | ERROR   | Solver failed | status=1 | SQP it=0 | KKT=nan | t=0.000s
2025-06-06 19:01:55,650 | ERROR   | Dump saved → debug_logs/fail/tick0086.json
2025-06-06 19:01:55,673 | ERROR   | Solver failed | status=1 | SQP it=0 | KKT=nan | t=0.000s
2025-06-06 19:01:55,674 | ERROR   | Dump saved → debug_logs/fail/tick0087.json
2025-06-06 19:01:55,697 | ERROR   | Solver failed | status=1 | SQP it=0 | KKT=nan | t=0.000s
2025-06-06 19:01:55,698 | ERROR   | Dump saved → debug_logs/fail/tick0088.json
2025-06-06 19:01:55,721 | ERROR   | Solver failed | status=1 | SQP it=0 | KKT=nan | t=0.000s
2025-06-06 19:01:55,722 | ERROR   | Dump saved → debug_logs/fail/tick0089.json
2025-06-06 19:01:55,745 | ERROR   | Solver failed | status=1 | SQP it=0 | KKT=nan | t=0.000s
2025-06-06 19:01:55,746 | ERROR   | Dump saved → debug_logs/fail/tick0090.json
2025-06-06 19:01:55,770 | ERROR   | Solver failed | status=1 | SQP it=0 | KKT=nan | t=0.000s
2025-06-06 19:01:55,771 | ERROR   | Dump saved → debug_logs/fail/tick0091.json
2025-06-06 19:01:55,797 | ERROR   | Solver failed | status=1 | SQP it=0 | KKT=nan | t=0.000s
2025-06-06 19:01:55,797 | ERROR   | Dump saved → debug_logs/fail/tick0092.json
2025-06-06 19:01:55,822 | ERROR   | Solver failed | status=1 | SQP it=0 | KKT=nan | t=0.000s
2025-06-06 19:01:55,823 | ERROR   | Dump saved → debug_logs/fail/tick0093.json
2025-06-06 19:01:55,851 | ERROR   | Solver failed | status=1 | SQP it=0 | KKT=nan | t=0.000s
2025-06-06 19:01:55,851 | ERROR   | Dump saved → debug_logs/fail/tick0094.json
2025-06-06 19:01:55,877 | ERROR   | Solver failed | status=1 | SQP it=0 | KKT=nan | t=0.000s
2025-06-06 19:01:55,878 | ERROR   | Dump saved → debug_logs/fail/tick0095.json
2025-06-06 19:01:55,904 | ERROR   | Solver failed | status=1 | SQP it=0 | KKT=nan | t=0.000s
2025-06-06 19:01:55,905 | ERROR   | Dump saved → debug_logs/fail/tick0096.json
2025-06-06 19:01:55,931 | ERROR   | Solver failed | status=1 | SQP it=0 | KKT=nan | t=0.000s
2025-06-06 19:01:55,932 | ERROR   | Dump saved → debug_logs/fail/tick0097.json
2025-06-06 19:01:55,958 | ERROR   | Solver failed | status=1 | SQP it=0 | KKT=nan | t=0.000s
2025-06-06 19:01:55,959 | ERROR   | Dump saved → debug_logs/fail/tick0098.json
2025-06-06 19:01:55,983 | ERROR   | Solver failed | status=1 | SQP it=0 | KKT=nan | t=0.000s
2025-06-06 19:01:55,984 | ERROR   | Dump saved → debug_logs/fail/tick0099.json
2025-06-06 19:01:56,008 | ERROR   | Solver failed | status=1 | SQP it=0 | KKT=nan | t=0.000s
2025-06-06 19:01:56,009 | ERROR   | Dump saved → debug_logs/fail/tick0100.json
2025-06-06 19:01:56,032 | ERROR   | Solver failed | status=1 | SQP it=0 | KKT=nan | t=0.000s
2025-06-06 19:01:56,033 | ERROR   | Dump saved → debug_logs/fail/tick0101.json
2025-06-06 19:01:56,056 | ERROR   | Solver failed | status=1 | SQP it=0 | KKT=nan | t=0.000s
2025-06-06 19:01:56,056 | ERROR   | Dump saved → debug_logs/fail/tick0102.json
2025-06-06 19:01:56,080 | ERROR   | Solver failed | status=1 | SQP it=0 | KKT=nan | t=0.000s
2025-06-06 19:01:56,081 | ERROR   | Dump saved → debug_logs/fail/tick0103.json
2025-06-06 19:01:56,105 | ERROR   | Solver failed | status=1 | SQP it=0 | KKT=nan | t=0.000s
2025-06-06 19:01:56,106 | ERROR   | Dump saved → debug_logs/fail/tick0104.json
2025-06-06 19:01:56,130 | ERROR   | Solver failed | status=1 | SQP it=0 | KKT=nan | t=0.000s
2025-06-06 19:01:56,130 | ERROR   | Dump saved → debug_logs/fail/tick0105.json
2025-06-06 19:01:56,157 | ERROR   | Solver failed | status=1 | SQP it=0 | KKT=nan | t=0.000s
2025-06-06 19:01:56,158 | ERROR   | Dump saved → debug_logs/fail/tick0106.json
2025-06-06 19:01:56,185 | ERROR   | Solver failed | status=1 | SQP it=0 | KKT=nan | t=0.000s
2025-06-06 19:01:56,185 | ERROR   | Dump saved → debug_logs/fail/tick0107.json
2025-06-06 19:01:56,211 | ERROR   | Solver failed | status=1 | SQP it=0 | KKT=nan | t=0.000s
2025-06-06 19:01:56,212 | ERROR   | Dump saved → debug_logs/fail/tick0108.json
2025-06-06 19:01:56,237 | ERROR   | Solver failed | status=1 | SQP it=0 | KKT=nan | t=0.000s
2025-06-06 19:01:56,238 | ERROR   | Dump saved → debug_logs/fail/tick0109.json
2025-06-06 19:01:56,264 | ERROR   | Solver failed | status=1 | SQP it=0 | KKT=nan | t=0.000s
2025-06-06 19:01:56,265 | ERROR   | Dump saved → debug_logs/fail/tick0110.json
2025-06-06 19:01:56,291 | ERROR   | Solver failed | status=1 | SQP it=0 | KKT=nan | t=0.000s
2025-06-06 19:01:56,292 | ERROR   | Dump saved → debug_logs/fail/tick0111.json
2025-06-06 19:01:56,318 | ERROR   | Solver failed | status=1 | SQP it=0 | KKT=nan | t=0.000s
2025-06-06 19:01:56,319 | ERROR   | Dump saved → debug_logs/fail/tick0112.json
2025-06-06 19:01:56,345 | ERROR   | Solver failed | status=1 | SQP it=0 | KKT=nan | t=0.000s
2025-06-06 19:01:56,346 | ERROR   | Dump saved → debug_logs/fail/tick0113.json
2025-06-06 19:01:56,371 | ERROR   | Solver failed | status=1 | SQP it=0 | KKT=nan | t=0.000s
2025-06-06 19:01:56,372 | ERROR   | Dump saved → debug_logs/fail/tick0114.json
2025-06-06 19:01:56,397 | ERROR   | Solver failed | status=1 | SQP it=0 | KKT=nan | t=0.000s
2025-06-06 19:01:56,398 | ERROR   | Dump saved → debug_logs/fail/tick0115.json
2025-06-06 19:01:56,424 | ERROR   | Solver failed | status=1 | SQP it=0 | KKT=nan | t=0.000s
2025-06-06 19:01:56,424 | ERROR   | Dump saved → debug_logs/fail/tick0116.json
