2025-06-28 18:57:03,210 | INFO    | ===== INITIAL STATE DUMP =====
2025-06-28 18:57:03,211 | DEBUG   | {
  "xcurrent": [
    1.089695930480957,
    1.4088244438171387,
    0.08456537127494812,
    0.0,
    0.0,
    0.0
  ],
  "params": {
    "QC": 10,
    "QC_GATE": 50,
    "QL": 40,
    "MU": 10,
    "DVTHETA_MAX": 1.6,
    "N": 20,
    "T_HORIZON": 0.7,
    "RAMP_TIME": 0.7,
    "BARRIER_WEIGHT": 10,
    "OBSTACLE_WEIGHT": [
      300,
      300,
      300,
      300
    ],
    "OBSTACLE_RADIUS": 0.25,
    "TUNNEL_WIDTH": 0.4,
    "TUNNEL_WIDTH_GATE": 0.15,
    "NARROW_DIST": 0.6,
    "GATE_FLAT_DIST": 0.45,
    "Q_OMEGA": 2,
    "R_VTHETA": 1.0,
    "REG_THRUST": 0.05,
    "REG_INPUTS": 0.02
  },
  "box_lims": {
    "vtheta_max": 1.6,
    "dvtheta_max": 1.6
  }
}
2025-06-28 18:57:38,475 | ERROR   | Solver failed | status=4 | SQP it=6 | KKT=8.00e+00 | t=0.006s
2025-06-28 18:57:38,478 | ERROR   | Dump saved → debug_logs/fail/tick0246.json
2025-06-28 18:57:38,512 | ERROR   | Solver failed | status=4 | SQP it=2 | KKT=2.39e+01 | t=0.004s
2025-06-28 18:57:38,512 | ERROR   | Dump saved → debug_logs/fail/tick0247.json
2025-06-28 18:57:38,546 | ERROR   | Solver failed | status=4 | SQP it=1 | KKT=1.81e+01 | t=0.002s
2025-06-28 18:57:38,546 | ERROR   | Dump saved → debug_logs/fail/tick0248.json
2025-06-28 18:57:38,579 | ERROR   | Solver failed | status=4 | SQP it=1 | KKT=1.80e+01 | t=0.002s
2025-06-28 18:57:38,580 | ERROR   | Dump saved → debug_logs/fail/tick0249.json
2025-06-28 18:57:40,946 | ERROR   | Solver failed | status=4 | SQP it=6 | KKT=1.30e+01 | t=0.008s
2025-06-28 18:57:40,947 | ERROR   | Dump saved → debug_logs/fail/tick0259.json
2025-06-28 18:57:42,817 | INFO    | ===== INITIAL STATE DUMP =====
2025-06-28 18:57:42,817 | DEBUG   | {
  "xcurrent": [
    1.0864784717559814,
    1.4904203414916992,
    0.08651223033666611,
    0.0,
    0.0,
    0.0
  ],
  "params": {
    "QC": 10,
    "QC_GATE": 50,
    "QL": 40,
    "MU": 10,
    "DVTHETA_MAX": 1.6,
    "N": 20,
    "T_HORIZON": 0.7,
    "RAMP_TIME": 0.7,
    "BARRIER_WEIGHT": 10,
    "OBSTACLE_WEIGHT": [
      300,
      300,
      300,
      300
    ],
    "OBSTACLE_RADIUS": 0.25,
    "TUNNEL_WIDTH": 0.4,
    "TUNNEL_WIDTH_GATE": 0.15,
    "NARROW_DIST": 0.6,
    "GATE_FLAT_DIST": 0.45,
    "Q_OMEGA": 2,
    "R_VTHETA": 1.0,
    "REG_THRUST": 0.05,
    "REG_INPUTS": 0.02
  },
  "box_lims": {
    "vtheta_max": 1.6,
    "dvtheta_max": 1.6
  }
}
2025-06-28 18:57:54,013 | INFO    | ===== INITIAL STATE DUMP =====
2025-06-28 18:57:54,013 | DEBUG   | {
  "xcurrent": [
    1.0149645805358887,
    1.4579825401306152,
    0.0813564583659172,
    0.0,
    0.0,
    0.0
  ],
  "params": {
    "QC": 10,
    "QC_GATE": 50,
    "QL": 40,
    "MU": 10,
    "DVTHETA_MAX": 1.6,
    "N": 20,
    "T_HORIZON": 0.7,
    "RAMP_TIME": 0.7,
    "BARRIER_WEIGHT": 10,
    "OBSTACLE_WEIGHT": [
      300,
      300,
      300,
      300
    ],
    "OBSTACLE_RADIUS": 0.25,
    "TUNNEL_WIDTH": 0.4,
    "TUNNEL_WIDTH_GATE": 0.15,
    "NARROW_DIST": 0.6,
    "GATE_FLAT_DIST": 0.45,
    "Q_OMEGA": 2,
    "R_VTHETA": 1.0,
    "REG_THRUST": 0.05,
    "REG_INPUTS": 0.02
  },
  "box_lims": {
    "vtheta_max": 1.6,
    "dvtheta_max": 1.6
  }
}
2025-06-28 18:57:58,440 | INFO    | ===== INITIAL STATE DUMP =====
2025-06-28 18:57:58,440 | DEBUG   | {
  "xcurrent": [
    1.0037815570831299,
    1.4566043615341187,
    0.08783175051212311,
    0.0,
    0.0,
    0.0
  ],
  "params": {
    "QC": 10,
    "QC_GATE": 50,
    "QL": 40,
    "MU": 10,
    "DVTHETA_MAX": 1.6,
    "N": 20,
    "T_HORIZON": 0.7,
    "RAMP_TIME": 0.7,
    "BARRIER_WEIGHT": 10,
    "OBSTACLE_WEIGHT": [
      300,
      300,
      300,
      300
    ],
    "OBSTACLE_RADIUS": 0.25,
    "TUNNEL_WIDTH": 0.4,
    "TUNNEL_WIDTH_GATE": 0.15,
    "NARROW_DIST": 0.6,
    "GATE_FLAT_DIST": 0.45,
    "Q_OMEGA": 2,
    "R_VTHETA": 1.0,
    "REG_THRUST": 0.05,
    "REG_INPUTS": 0.02
  },
  "box_lims": {
    "vtheta_max": 1.6,
    "dvtheta_max": 1.6
  }
}
2025-06-28 18:58:06,556 | ERROR   | Solver failed | status=4 | SQP it=27 | KKT=4.06e-08 | t=0.020s
2025-06-28 18:58:06,557 | ERROR   | Dump saved → debug_logs/fail/tick0258.json
2025-06-28 18:58:06,587 | ERROR   | Solver failed | status=4 | SQP it=1 | KKT=2.98e+01 | t=0.001s
2025-06-28 18:58:06,588 | ERROR   | Dump saved → debug_logs/fail/tick0259.json
2025-06-28 18:58:06,617 | ERROR   | Solver failed | status=4 | SQP it=1 | KKT=2.98e+01 | t=0.001s
2025-06-28 18:58:06,618 | ERROR   | Dump saved → debug_logs/fail/tick0260.json
2025-06-28 18:58:08,457 | ERROR   | Solver failed | status=2 | SQP it=1000 | KKT=4.41e-08 | t=0.646s
2025-06-28 18:58:08,459 | ERROR   | Dump saved → debug_logs/fail/tick0286.json
2025-06-28 18:58:09,136 | ERROR   | Solver failed | status=2 | SQP it=1000 | KKT=3.01e-08 | t=0.648s
2025-06-28 18:58:09,136 | ERROR   | Dump saved → debug_logs/fail/tick0287.json
2025-06-28 18:58:09,898 | ERROR   | Solver failed | status=2 | SQP it=1000 | KKT=7.42e-08 | t=0.731s
2025-06-28 18:58:09,899 | ERROR   | Dump saved → debug_logs/fail/tick0288.json
2025-06-28 18:58:10,681 | ERROR   | Solver failed | status=2 | SQP it=1000 | KKT=5.32e-08 | t=0.753s
2025-06-28 18:58:10,681 | ERROR   | Dump saved → debug_logs/fail/tick0289.json
2025-06-28 18:58:11,459 | ERROR   | Solver failed | status=2 | SQP it=1000 | KKT=2.06e-08 | t=0.741s
2025-06-28 18:58:11,459 | ERROR   | Dump saved → debug_logs/fail/tick0290.json
2025-06-28 18:58:12,232 | ERROR   | Solver failed | status=2 | SQP it=1000 | KKT=6.36e-09 | t=0.746s
2025-06-28 18:58:12,233 | ERROR   | Dump saved → debug_logs/fail/tick0291.json
2025-06-28 18:58:12,894 | ERROR   | Solver failed | status=2 | SQP it=1000 | KKT=2.40e-08 | t=0.635s
2025-06-28 18:58:12,894 | ERROR   | Dump saved → debug_logs/fail/tick0292.json
2025-06-28 18:58:13,685 | ERROR   | Solver failed | status=2 | SQP it=1000 | KKT=3.38e-08 | t=0.763s
2025-06-28 18:58:13,686 | ERROR   | Dump saved → debug_logs/fail/tick0293.json
2025-06-28 18:58:14,511 | ERROR   | Solver failed | status=2 | SQP it=1000 | KKT=8.34e-09 | t=0.794s
2025-06-28 18:58:14,511 | ERROR   | Dump saved → debug_logs/fail/tick0294.json
2025-06-28 18:58:15,344 | ERROR   | Solver failed | status=2 | SQP it=1000 | KKT=1.41e-08 | t=0.805s
2025-06-28 18:58:15,345 | ERROR   | Dump saved → debug_logs/fail/tick0295.json
2025-06-28 18:58:16,236 | ERROR   | Solver failed | status=2 | SQP it=1000 | KKT=1.47e-08 | t=0.864s
2025-06-28 18:58:16,237 | ERROR   | Dump saved → debug_logs/fail/tick0296.json
2025-06-28 18:58:17,125 | ERROR   | Solver failed | status=2 | SQP it=1000 | KKT=2.86e-09 | t=0.856s
2025-06-28 18:58:17,126 | ERROR   | Dump saved → debug_logs/fail/tick0297.json
2025-06-28 18:58:17,993 | ERROR   | Solver failed | status=2 | SQP it=1000 | KKT=9.69e-08 | t=0.836s
2025-06-28 18:58:17,994 | ERROR   | Dump saved → debug_logs/fail/tick0298.json
2025-06-28 18:58:18,861 | ERROR   | Solver failed | status=2 | SQP it=1000 | KKT=7.21e-12 | t=0.834s
2025-06-28 18:58:18,862 | ERROR   | Dump saved → debug_logs/fail/tick0299.json
2025-06-28 18:58:19,682 | ERROR   | Solver failed | status=2 | SQP it=1000 | KKT=3.86e-08 | t=0.676s
2025-06-28 18:58:19,683 | ERROR   | Dump saved → debug_logs/fail/tick0303.json
2025-06-28 18:58:21,651 | ERROR   | Solver failed | status=2 | SQP it=1000 | KKT=3.59e-08 | t=0.600s
2025-06-28 18:58:21,652 | ERROR   | Dump saved → debug_logs/fail/tick0339.json
