2025-06-06 16:02:16,595 | INFO    | ===== INITIAL STATE DUMP =====
2025-06-06 16:02:16,595 | DEBUG   | {
  "xcurrent": [
    1.089695930480957,
    1.4088244438171387,
    0.08456537127494812,
    0.0,
    0.0,
    0.0
  ],
  "params": {
    "QC": 10,
    "QL": 80,
    "MU": 10,
    "DVTHETA_MAX": 1.2,
    "N": 20,
    "T_HORIZON": 1.05,
    "RAMP_TIME": 1.8,
    "BARRIER_WEIGHT": 10,
    "TUNNEL_WIDTH": 0.25,
    "Q_OMEGA": 2,
    "R_VTHETA": 1.0,
    "GATE_RAMP_TIME": 2
  },
  "box_lims": {
    "vtheta_max": 1.2,
    "dvtheta_max": 1.2
  }
}
2025-06-06 16:02:19,041 | ERROR   | Solver failed | status=2 | SQP it=1000 | KKT=7.88e-08 | t=0.383s
2025-06-06 16:02:19,041 | ERROR   | Dump saved → debug_logs/fail/tick0033.json
2025-06-06 16:02:21,490 | ERROR   | Solver failed | status=1 | SQP it=102 | KKT=1.64e-10 | t=0.095s
2025-06-06 16:02:21,490 | ERROR   | Dump saved → debug_logs/fail/tick0117.json
2025-06-06 16:02:21,517 | ERROR   | Solver failed | status=4 | SQP it=1 | KKT=1.33e+02 | t=0.000s
2025-06-06 16:02:21,518 | ERROR   | Dump saved → debug_logs/fail/tick0118.json
2025-06-06 16:02:21,541 | ERROR   | Solver failed | status=4 | SQP it=1 | KKT=1.33e+02 | t=0.000s
2025-06-06 16:02:21,542 | ERROR   | Dump saved → debug_logs/fail/tick0119.json
2025-06-06 16:02:21,563 | ERROR   | Solver failed | status=4 | SQP it=1 | KKT=1.33e+02 | t=0.000s
2025-06-06 16:02:21,563 | ERROR   | Dump saved → debug_logs/fail/tick0120.json
2025-06-06 16:02:21,587 | ERROR   | Solver failed | status=4 | SQP it=1 | KKT=1.33e+02 | t=0.000s
2025-06-06 16:02:21,587 | ERROR   | Dump saved → debug_logs/fail/tick0121.json
2025-06-06 16:02:21,610 | ERROR   | Solver failed | status=4 | SQP it=1 | KKT=1.33e+02 | t=0.000s
2025-06-06 16:02:21,611 | ERROR   | Dump saved → debug_logs/fail/tick0122.json
2025-06-06 16:02:21,635 | ERROR   | Solver failed | status=4 | SQP it=1 | KKT=1.33e+02 | t=0.000s
2025-06-06 16:02:21,636 | ERROR   | Dump saved → debug_logs/fail/tick0123.json
2025-06-06 16:02:21,659 | ERROR   | Solver failed | status=4 | SQP it=1 | KKT=1.33e+02 | t=0.000s
2025-06-06 16:02:21,659 | ERROR   | Dump saved → debug_logs/fail/tick0124.json
2025-06-06 16:02:21,683 | ERROR   | Solver failed | status=4 | SQP it=1 | KKT=1.33e+02 | t=0.000s
2025-06-06 16:02:21,684 | ERROR   | Dump saved → debug_logs/fail/tick0125.json
2025-06-06 16:02:21,707 | ERROR   | Solver failed | status=4 | SQP it=1 | KKT=1.33e+02 | t=0.000s
2025-06-06 16:02:21,708 | ERROR   | Dump saved → debug_logs/fail/tick0126.json
2025-06-06 16:02:21,733 | ERROR   | Solver failed | status=4 | SQP it=1 | KKT=1.33e+02 | t=0.000s
2025-06-06 16:02:21,734 | ERROR   | Dump saved → debug_logs/fail/tick0127.json
2025-06-06 16:02:21,758 | ERROR   | Solver failed | status=4 | SQP it=1 | KKT=1.33e+02 | t=0.000s
2025-06-06 16:02:21,759 | ERROR   | Dump saved → debug_logs/fail/tick0128.json
2025-06-06 16:02:21,784 | ERROR   | Solver failed | status=4 | SQP it=1 | KKT=1.33e+02 | t=0.000s
2025-06-06 16:02:21,784 | ERROR   | Dump saved → debug_logs/fail/tick0129.json
2025-06-06 16:02:21,809 | ERROR   | Solver failed | status=4 | SQP it=1 | KKT=1.33e+02 | t=0.000s
2025-06-06 16:02:21,810 | ERROR   | Dump saved → debug_logs/fail/tick0130.json
2025-06-06 16:02:21,836 | ERROR   | Solver failed | status=4 | SQP it=1 | KKT=1.33e+02 | t=0.000s
2025-06-06 16:02:21,837 | ERROR   | Dump saved → debug_logs/fail/tick0131.json
2025-06-06 16:02:21,862 | ERROR   | Solver failed | status=4 | SQP it=1 | KKT=1.33e+02 | t=0.000s
2025-06-06 16:02:21,863 | ERROR   | Dump saved → debug_logs/fail/tick0132.json
2025-06-06 16:02:21,889 | ERROR   | Solver failed | status=4 | SQP it=1 | KKT=1.33e+02 | t=0.000s
2025-06-06 16:02:21,890 | ERROR   | Dump saved → debug_logs/fail/tick0133.json
2025-06-06 16:02:21,917 | ERROR   | Solver failed | status=4 | SQP it=1 | KKT=1.33e+02 | t=0.000s
2025-06-06 16:02:21,917 | ERROR   | Dump saved → debug_logs/fail/tick0134.json
2025-06-06 16:02:21,944 | ERROR   | Solver failed | status=4 | SQP it=1 | KKT=1.33e+02 | t=0.000s
2025-06-06 16:02:21,945 | ERROR   | Dump saved → debug_logs/fail/tick0135.json
2025-06-06 16:02:21,971 | ERROR   | Solver failed | status=4 | SQP it=1 | KKT=1.33e+02 | t=0.000s
2025-06-06 16:02:21,972 | ERROR   | Dump saved → debug_logs/fail/tick0136.json
2025-06-06 16:02:21,996 | ERROR   | Solver failed | status=4 | SQP it=1 | KKT=1.33e+02 | t=0.000s
2025-06-06 16:02:21,996 | ERROR   | Dump saved → debug_logs/fail/tick0137.json
2025-06-06 16:02:22,021 | ERROR   | Solver failed | status=4 | SQP it=1 | KKT=1.33e+02 | t=0.000s
2025-06-06 16:02:22,022 | ERROR   | Dump saved → debug_logs/fail/tick0138.json
2025-06-06 16:02:22,046 | ERROR   | Solver failed | status=4 | SQP it=1 | KKT=1.33e+02 | t=0.000s
2025-06-06 16:02:22,046 | ERROR   | Dump saved → debug_logs/fail/tick0139.json
2025-06-06 16:02:22,070 | ERROR   | Solver failed | status=4 | SQP it=1 | KKT=1.33e+02 | t=0.000s
2025-06-06 16:02:22,070 | ERROR   | Dump saved → debug_logs/fail/tick0140.json
2025-06-06 16:02:22,094 | ERROR   | Solver failed | status=4 | SQP it=1 | KKT=1.33e+02 | t=0.000s
2025-06-06 16:02:22,095 | ERROR   | Dump saved → debug_logs/fail/tick0141.json
2025-06-06 16:02:22,119 | ERROR   | Solver failed | status=4 | SQP it=1 | KKT=1.33e+02 | t=0.000s
2025-06-06 16:02:22,120 | ERROR   | Dump saved → debug_logs/fail/tick0142.json
2025-06-06 16:02:22,144 | ERROR   | Solver failed | status=4 | SQP it=1 | KKT=1.33e+02 | t=0.000s
2025-06-06 16:02:22,145 | ERROR   | Dump saved → debug_logs/fail/tick0143.json
2025-06-06 16:02:22,170 | ERROR   | Solver failed | status=4 | SQP it=1 | KKT=1.33e+02 | t=0.000s
2025-06-06 16:02:22,171 | ERROR   | Dump saved → debug_logs/fail/tick0144.json
2025-06-06 16:02:22,196 | ERROR   | Solver failed | status=4 | SQP it=1 | KKT=1.33e+02 | t=0.000s
2025-06-06 16:02:22,197 | ERROR   | Dump saved → debug_logs/fail/tick0145.json
2025-06-06 16:02:22,223 | ERROR   | Solver failed | status=4 | SQP it=1 | KKT=1.33e+02 | t=0.000s
2025-06-06 16:02:22,223 | ERROR   | Dump saved → debug_logs/fail/tick0146.json
2025-06-06 16:02:22,250 | ERROR   | Solver failed | status=4 | SQP it=1 | KKT=1.33e+02 | t=0.000s
2025-06-06 16:02:22,251 | ERROR   | Dump saved → debug_logs/fail/tick0147.json
2025-06-06 16:02:22,277 | ERROR   | Solver failed | status=4 | SQP it=1 | KKT=1.33e+02 | t=0.000s
2025-06-06 16:02:22,278 | ERROR   | Dump saved → debug_logs/fail/tick0148.json
2025-06-06 16:02:22,305 | ERROR   | Solver failed | status=4 | SQP it=1 | KKT=1.33e+02 | t=0.000s
2025-06-06 16:02:22,306 | ERROR   | Dump saved → debug_logs/fail/tick0149.json
2025-06-06 16:02:22,333 | ERROR   | Solver failed | status=4 | SQP it=1 | KKT=1.33e+02 | t=0.000s
2025-06-06 16:02:22,334 | ERROR   | Dump saved → debug_logs/fail/tick0150.json
2025-06-06 16:02:22,361 | ERROR   | Solver failed | status=4 | SQP it=1 | KKT=1.33e+02 | t=0.000s
2025-06-06 16:02:22,362 | ERROR   | Dump saved → debug_logs/fail/tick0151.json
2025-06-06 16:02:22,388 | ERROR   | Solver failed | status=4 | SQP it=1 | KKT=1.33e+02 | t=0.000s
2025-06-06 16:02:22,389 | ERROR   | Dump saved → debug_logs/fail/tick0152.json
2025-06-06 16:02:22,416 | ERROR   | Solver failed | status=4 | SQP it=1 | KKT=1.33e+02 | t=0.000s
2025-06-06 16:02:22,417 | ERROR   | Dump saved → debug_logs/fail/tick0153.json
2025-06-06 16:02:22,444 | ERROR   | Solver failed | status=4 | SQP it=1 | KKT=1.33e+02 | t=0.000s
2025-06-06 16:02:22,445 | ERROR   | Dump saved → debug_logs/fail/tick0154.json
2025-06-06 16:02:22,472 | ERROR   | Solver failed | status=4 | SQP it=1 | KKT=1.33e+02 | t=0.000s
2025-06-06 16:02:22,472 | ERROR   | Dump saved → debug_logs/fail/tick0155.json
2025-06-06 16:02:22,496 | ERROR   | Solver failed | status=4 | SQP it=1 | KKT=1.33e+02 | t=0.000s
2025-06-06 16:02:22,496 | ERROR   | Dump saved → debug_logs/fail/tick0156.json
2025-06-06 16:02:22,521 | ERROR   | Solver failed | status=4 | SQP it=1 | KKT=1.33e+02 | t=0.000s
2025-06-06 16:02:22,522 | ERROR   | Dump saved → debug_logs/fail/tick0157.json
2025-06-06 16:02:22,546 | ERROR   | Solver failed | status=4 | SQP it=1 | KKT=1.33e+02 | t=0.000s
2025-06-06 16:02:22,546 | ERROR   | Dump saved → debug_logs/fail/tick0158.json
2025-06-06 16:02:22,569 | ERROR   | Solver failed | status=4 | SQP it=1 | KKT=1.33e+02 | t=0.000s
2025-06-06 16:02:22,570 | ERROR   | Dump saved → debug_logs/fail/tick0159.json
2025-06-06 16:02:22,597 | ERROR   | Solver failed | status=4 | SQP it=1 | KKT=1.33e+02 | t=0.000s
2025-06-06 16:02:22,597 | ERROR   | Dump saved → debug_logs/fail/tick0160.json
2025-06-06 16:02:22,622 | ERROR   | Solver failed | status=4 | SQP it=1 | KKT=1.33e+02 | t=0.000s
2025-06-06 16:02:22,623 | ERROR   | Dump saved → debug_logs/fail/tick0161.json
2025-06-06 16:02:22,649 | ERROR   | Solver failed | status=4 | SQP it=1 | KKT=1.33e+02 | t=0.000s
2025-06-06 16:02:22,650 | ERROR   | Dump saved → debug_logs/fail/tick0162.json
