2025-06-28 18:25:15,785 | INFO    | ===== INITIAL STATE DUMP =====
2025-06-28 18:25:15,786 | DEBUG   | {
  "xcurrent": [
    1.089695930480957,
    1.4088244438171387,
    0.08456537127494812,
    0.0,
    0.0,
    0.0
  ],
  "params": {
    "QC": 10,
    "QC_GATE": 50,
    "QL": 40,
    "MU": 10,
    "DVTHETA_MAX": 1.4,
    "N": 20,
    "T_HORIZON": 0.9,
    "RAMP_TIME": 0.5,
    "BARRIER_WEIGHT": 10,
    "OBSTACLE_WEIGHT": [
      50,
      100,
      70,
      30
    ],
    "OBSTACLE_RADIUS": 0.25,
    "TUNNEL_WIDTH": 0.5,
    "TUNNEL_WIDTH_GATE": 0.15,
    "NARROW_DIST": 0.3,
    "GATE_FLAT_DIST": 0.2,
    "Q_OMEGA": 2,
    "R_VTHETA": 1.0,
    "REG_THRUST": 0.008,
    "REG_INPUTS": 0.01
  },
  "box_lims": {
    "vtheta_max": 1.4,
    "dvtheta_max": 1.4
  }
}
2025-06-28 18:25:29,425 | ERROR   | Solver failed | status=2 | SQP it=1000 | KKT=6.52e-08 | t=0.546s
2025-06-28 18:25:29,426 | ERROR   | Dump saved → debug_logs/fail/tick0105.json
2025-06-28 18:25:34,859 | ERROR   | Solver failed | status=2 | SQP it=1000 | KKT=3.48e-09 | t=1.223s
2025-06-28 18:25:34,859 | ERROR   | Dump saved → debug_logs/fail/tick0123.json
2025-06-28 18:25:35,807 | ERROR   | Solver failed | status=4 | SQP it=923 | KKT=1.61e-10 | t=0.916s
2025-06-28 18:25:35,807 | ERROR   | Dump saved → debug_logs/fail/tick0124.json
2025-06-28 18:25:35,840 | ERROR   | Solver failed | status=4 | SQP it=1 | KKT=4.06e+02 | t=0.002s
2025-06-28 18:25:35,841 | ERROR   | Dump saved → debug_logs/fail/tick0125.json
2025-06-28 18:25:35,867 | ERROR   | Solver failed | status=4 | SQP it=1 | KKT=4.06e+02 | t=0.003s
2025-06-28 18:25:35,868 | ERROR   | Dump saved → debug_logs/fail/tick0126.json
2025-06-28 18:25:35,898 | ERROR   | Solver failed | status=4 | SQP it=1 | KKT=4.06e+02 | t=0.003s
2025-06-28 18:25:35,899 | ERROR   | Dump saved → debug_logs/fail/tick0127.json
2025-06-28 18:25:35,927 | ERROR   | Solver failed | status=4 | SQP it=1 | KKT=4.06e+02 | t=0.004s
2025-06-28 18:25:35,927 | ERROR   | Dump saved → debug_logs/fail/tick0128.json
2025-06-28 18:25:35,955 | ERROR   | Solver failed | status=4 | SQP it=1 | KKT=4.06e+02 | t=0.003s
2025-06-28 18:25:35,956 | ERROR   | Dump saved → debug_logs/fail/tick0129.json
2025-06-28 18:25:35,983 | ERROR   | Solver failed | status=4 | SQP it=1 | KKT=4.06e+02 | t=0.002s
2025-06-28 18:25:35,983 | ERROR   | Dump saved → debug_logs/fail/tick0130.json
2025-06-28 18:25:36,011 | ERROR   | Solver failed | status=4 | SQP it=1 | KKT=4.06e+02 | t=0.003s
2025-06-28 18:25:36,012 | ERROR   | Dump saved → debug_logs/fail/tick0131.json
2025-06-28 18:25:36,044 | ERROR   | Solver failed | status=4 | SQP it=1 | KKT=4.06e+02 | t=0.007s
2025-06-28 18:25:36,045 | ERROR   | Dump saved → debug_logs/fail/tick0132.json
2025-06-28 18:25:36,072 | ERROR   | Solver failed | status=4 | SQP it=1 | KKT=4.06e+02 | t=0.003s
2025-06-28 18:25:36,072 | ERROR   | Dump saved → debug_logs/fail/tick0133.json
2025-06-28 18:25:36,101 | ERROR   | Solver failed | status=4 | SQP it=1 | KKT=4.06e+02 | t=0.004s
2025-06-28 18:25:36,102 | ERROR   | Dump saved → debug_logs/fail/tick0134.json
2025-06-28 18:25:36,134 | ERROR   | Solver failed | status=4 | SQP it=1 | KKT=4.06e+02 | t=0.004s
2025-06-28 18:25:36,135 | ERROR   | Dump saved → debug_logs/fail/tick0135.json
2025-06-28 18:25:36,166 | ERROR   | Solver failed | status=4 | SQP it=1 | KKT=4.06e+02 | t=0.004s
2025-06-28 18:25:36,167 | ERROR   | Dump saved → debug_logs/fail/tick0136.json
2025-06-28 18:25:36,200 | ERROR   | Solver failed | status=4 | SQP it=1 | KKT=4.06e+02 | t=0.005s
2025-06-28 18:25:36,201 | ERROR   | Dump saved → debug_logs/fail/tick0137.json
2025-06-28 18:25:36,232 | ERROR   | Solver failed | status=4 | SQP it=1 | KKT=4.06e+02 | t=0.003s
2025-06-28 18:25:36,232 | ERROR   | Dump saved → debug_logs/fail/tick0138.json
2025-06-28 18:25:36,265 | ERROR   | Solver failed | status=4 | SQP it=1 | KKT=4.06e+02 | t=0.003s
2025-06-28 18:25:36,266 | ERROR   | Dump saved → debug_logs/fail/tick0139.json
2025-06-28 18:25:36,292 | ERROR   | Solver failed | status=4 | SQP it=1 | KKT=4.06e+02 | t=0.003s
2025-06-28 18:25:36,293 | ERROR   | Dump saved → debug_logs/fail/tick0140.json
2025-06-28 18:25:36,334 | ERROR   | Solver failed | status=4 | SQP it=16 | KKT=1.78e-13 | t=0.018s
2025-06-28 18:25:36,335 | ERROR   | Dump saved → debug_logs/fail/tick0141.json
2025-06-28 18:25:36,361 | ERROR   | Solver failed | status=4 | SQP it=1 | KKT=3.50e+02 | t=0.000s
2025-06-28 18:25:36,361 | ERROR   | Dump saved → debug_logs/fail/tick0142.json
2025-06-28 18:25:36,387 | ERROR   | Solver failed | status=4 | SQP it=1 | KKT=3.50e+02 | t=0.000s
2025-06-28 18:25:36,388 | ERROR   | Dump saved → debug_logs/fail/tick0143.json
2025-06-28 18:25:36,413 | ERROR   | Solver failed | status=4 | SQP it=1 | KKT=3.50e+02 | t=0.000s
2025-06-28 18:25:36,414 | ERROR   | Dump saved → debug_logs/fail/tick0144.json
2025-06-28 18:25:36,438 | ERROR   | Solver failed | status=4 | SQP it=1 | KKT=3.50e+02 | t=0.000s
2025-06-28 18:25:36,439 | ERROR   | Dump saved → debug_logs/fail/tick0145.json
2025-06-28 18:25:36,465 | ERROR   | Solver failed | status=4 | SQP it=1 | KKT=3.50e+02 | t=0.000s
2025-06-28 18:25:36,465 | ERROR   | Dump saved → debug_logs/fail/tick0146.json
2025-06-28 18:25:36,492 | ERROR   | Solver failed | status=4 | SQP it=1 | KKT=3.50e+02 | t=0.000s
2025-06-28 18:25:36,492 | ERROR   | Dump saved → debug_logs/fail/tick0147.json
2025-06-28 18:25:36,520 | ERROR   | Solver failed | status=4 | SQP it=1 | KKT=3.50e+02 | t=0.000s
2025-06-28 18:25:36,520 | ERROR   | Dump saved → debug_logs/fail/tick0148.json
2025-06-28 18:25:36,547 | ERROR   | Solver failed | status=4 | SQP it=1 | KKT=3.50e+02 | t=0.000s
2025-06-28 18:25:36,548 | ERROR   | Dump saved → debug_logs/fail/tick0149.json
2025-06-28 18:25:36,576 | ERROR   | Solver failed | status=4 | SQP it=1 | KKT=3.50e+02 | t=0.000s
2025-06-28 18:25:36,576 | ERROR   | Dump saved → debug_logs/fail/tick0150.json
2025-06-28 18:25:36,604 | ERROR   | Solver failed | status=4 | SQP it=1 | KKT=3.50e+02 | t=0.000s
2025-06-28 18:25:36,604 | ERROR   | Dump saved → debug_logs/fail/tick0151.json
2025-06-28 18:25:36,631 | ERROR   | Solver failed | status=4 | SQP it=1 | KKT=3.50e+02 | t=0.000s
2025-06-28 18:25:36,632 | ERROR   | Dump saved → debug_logs/fail/tick0152.json
2025-06-28 18:25:36,662 | ERROR   | Solver failed | status=4 | SQP it=1 | KKT=3.50e+02 | t=0.000s
2025-06-28 18:25:36,663 | ERROR   | Dump saved → debug_logs/fail/tick0153.json
2025-06-28 18:25:36,687 | ERROR   | Solver failed | status=4 | SQP it=1 | KKT=3.50e+02 | t=0.000s
2025-06-28 18:25:36,688 | ERROR   | Dump saved → debug_logs/fail/tick0154.json
2025-06-28 18:25:36,711 | ERROR   | Solver failed | status=4 | SQP it=1 | KKT=3.50e+02 | t=0.000s
2025-06-28 18:25:36,711 | ERROR   | Dump saved → debug_logs/fail/tick0155.json
2025-06-28 18:25:36,737 | ERROR   | Solver failed | status=4 | SQP it=1 | KKT=3.50e+02 | t=0.000s
2025-06-28 18:25:36,737 | ERROR   | Dump saved → debug_logs/fail/tick0156.json
2025-06-28 18:25:36,763 | ERROR   | Solver failed | status=4 | SQP it=1 | KKT=3.50e+02 | t=0.000s
2025-06-28 18:25:36,763 | ERROR   | Dump saved → debug_logs/fail/tick0157.json
2025-06-28 18:25:36,789 | ERROR   | Solver failed | status=4 | SQP it=1 | KKT=3.50e+02 | t=0.000s
2025-06-28 18:25:36,789 | ERROR   | Dump saved → debug_logs/fail/tick0158.json
2025-06-28 18:25:36,815 | ERROR   | Solver failed | status=4 | SQP it=1 | KKT=3.50e+02 | t=0.000s
2025-06-28 18:25:36,816 | ERROR   | Dump saved → debug_logs/fail/tick0159.json
2025-06-28 18:25:36,842 | ERROR   | Solver failed | status=4 | SQP it=1 | KKT=3.50e+02 | t=0.000s
2025-06-28 18:25:36,842 | ERROR   | Dump saved → debug_logs/fail/tick0160.json
2025-06-28 18:25:36,867 | ERROR   | Solver failed | status=4 | SQP it=1 | KKT=3.50e+02 | t=0.000s
2025-06-28 18:25:36,867 | ERROR   | Dump saved → debug_logs/fail/tick0161.json
2025-06-28 18:25:36,892 | ERROR   | Solver failed | status=4 | SQP it=1 | KKT=3.50e+02 | t=0.000s
2025-06-28 18:25:36,892 | ERROR   | Dump saved → debug_logs/fail/tick0162.json
2025-06-28 18:25:36,919 | ERROR   | Solver failed | status=4 | SQP it=1 | KKT=3.50e+02 | t=0.000s
2025-06-28 18:25:36,920 | ERROR   | Dump saved → debug_logs/fail/tick0163.json
2025-06-28 18:25:36,946 | ERROR   | Solver failed | status=4 | SQP it=1 | KKT=3.50e+02 | t=0.000s
2025-06-28 18:25:36,947 | ERROR   | Dump saved → debug_logs/fail/tick0164.json
2025-06-28 18:25:36,974 | ERROR   | Solver failed | status=4 | SQP it=1 | KKT=3.50e+02 | t=0.000s
2025-06-28 18:25:36,974 | ERROR   | Dump saved → debug_logs/fail/tick0165.json
2025-06-28 18:25:37,001 | ERROR   | Solver failed | status=4 | SQP it=1 | KKT=3.50e+02 | t=0.000s
2025-06-28 18:25:37,002 | ERROR   | Dump saved → debug_logs/fail/tick0166.json
2025-06-28 18:25:37,029 | ERROR   | Solver failed | status=4 | SQP it=1 | KKT=3.50e+02 | t=0.000s
2025-06-28 18:25:37,030 | ERROR   | Dump saved → debug_logs/fail/tick0167.json
2025-06-28 18:25:38,691 | INFO    | ===== INITIAL STATE DUMP =====
2025-06-28 18:25:38,691 | DEBUG   | {
  "xcurrent": [
    0.9787871837615967,
    1.5215460062026978,
    0.08949590474367142,
    0.0,
    0.0,
    0.0
  ],
  "params": {
    "QC": 10,
    "QC_GATE": 50,
    "QL": 40,
    "MU": 10,
    "DVTHETA_MAX": 1.4,
    "N": 20,
    "T_HORIZON": 0.9,
    "RAMP_TIME": 0.5,
    "BARRIER_WEIGHT": 10,
    "OBSTACLE_WEIGHT": [
      50,
      100,
      70,
      30
    ],
    "OBSTACLE_RADIUS": 0.25,
    "TUNNEL_WIDTH": 0.5,
    "TUNNEL_WIDTH_GATE": 0.15,
    "NARROW_DIST": 0.3,
    "GATE_FLAT_DIST": 0.2,
    "Q_OMEGA": 2,
    "R_VTHETA": 1.0,
    "REG_THRUST": 0.008,
    "REG_INPUTS": 0.01
  },
  "box_lims": {
    "vtheta_max": 1.4,
    "dvtheta_max": 1.4
  }
}
2025-06-28 18:25:54,082 | INFO    | ===== INITIAL STATE DUMP =====
2025-06-28 18:25:54,082 | DEBUG   | {
  "xcurrent": [
    0.963085949420929,
    1.4273958206176758,
    0.07682164013385773,
    0.0,
    0.0,
    0.0
  ],
  "params": {
    "QC": 10,
    "QC_GATE": 50,
    "QL": 40,
    "MU": 10,
    "DVTHETA_MAX": 1.4,
    "N": 20,
    "T_HORIZON": 0.9,
    "RAMP_TIME": 0.5,
    "BARRIER_WEIGHT": 10,
    "OBSTACLE_WEIGHT": [
      50,
      100,
      70,
      30
    ],
    "OBSTACLE_RADIUS": 0.25,
    "TUNNEL_WIDTH": 0.5,
    "TUNNEL_WIDTH_GATE": 0.15,
    "NARROW_DIST": 0.3,
    "GATE_FLAT_DIST": 0.2,
    "Q_OMEGA": 2,
    "R_VTHETA": 1.0,
    "REG_THRUST": 0.008,
    "REG_INPUTS": 0.01
  },
  "box_lims": {
    "vtheta_max": 1.4,
    "dvtheta_max": 1.4
  }
}
2025-06-28 18:25:57,265 | ERROR   | Solver failed | status=1 | SQP it=112 | KKT=5.52e-09 | t=0.112s
2025-06-28 18:25:57,266 | ERROR   | Dump saved → debug_logs/fail/tick0101.json
2025-06-28 18:25:57,295 | ERROR   | Solver failed | status=1 | SQP it=0 | KKT=nan | t=0.000s
2025-06-28 18:25:57,295 | ERROR   | Dump saved → debug_logs/fail/tick0102.json
2025-06-28 18:25:57,321 | ERROR   | Solver failed | status=1 | SQP it=0 | KKT=nan | t=0.000s
2025-06-28 18:25:57,321 | ERROR   | Dump saved → debug_logs/fail/tick0103.json
2025-06-28 18:25:57,343 | ERROR   | Solver failed | status=1 | SQP it=0 | KKT=nan | t=0.000s
2025-06-28 18:25:57,344 | ERROR   | Dump saved → debug_logs/fail/tick0104.json
2025-06-28 18:25:57,368 | ERROR   | Solver failed | status=1 | SQP it=0 | KKT=nan | t=0.000s
2025-06-28 18:25:57,368 | ERROR   | Dump saved → debug_logs/fail/tick0105.json
2025-06-28 18:25:57,391 | ERROR   | Solver failed | status=1 | SQP it=0 | KKT=nan | t=0.000s
2025-06-28 18:25:57,392 | ERROR   | Dump saved → debug_logs/fail/tick0106.json
2025-06-28 18:25:57,416 | ERROR   | Solver failed | status=1 | SQP it=0 | KKT=nan | t=0.000s
2025-06-28 18:25:57,417 | ERROR   | Dump saved → debug_logs/fail/tick0107.json
2025-06-28 18:25:57,444 | ERROR   | Solver failed | status=1 | SQP it=0 | KKT=nan | t=0.000s
2025-06-28 18:25:57,445 | ERROR   | Dump saved → debug_logs/fail/tick0108.json
2025-06-28 18:25:57,472 | ERROR   | Solver failed | status=1 | SQP it=0 | KKT=nan | t=0.000s
2025-06-28 18:25:57,473 | ERROR   | Dump saved → debug_logs/fail/tick0109.json
2025-06-28 18:25:57,499 | ERROR   | Solver failed | status=1 | SQP it=0 | KKT=nan | t=0.000s
2025-06-28 18:25:57,500 | ERROR   | Dump saved → debug_logs/fail/tick0110.json
2025-06-28 18:25:57,528 | ERROR   | Solver failed | status=4 | SQP it=1 | KKT=5.17e+02 | t=0.000s
2025-06-28 18:25:57,529 | ERROR   | Dump saved → debug_logs/fail/tick0111.json
2025-06-28 18:25:57,552 | ERROR   | Solver failed | status=4 | SQP it=1 | KKT=5.17e+02 | t=0.000s
2025-06-28 18:25:57,553 | ERROR   | Dump saved → debug_logs/fail/tick0112.json
2025-06-28 18:25:57,579 | ERROR   | Solver failed | status=4 | SQP it=1 | KKT=5.17e+02 | t=0.000s
2025-06-28 18:25:57,580 | ERROR   | Dump saved → debug_logs/fail/tick0113.json
2025-06-28 18:25:57,605 | ERROR   | Solver failed | status=4 | SQP it=1 | KKT=5.44e+02 | t=0.000s
2025-06-28 18:25:57,606 | ERROR   | Dump saved → debug_logs/fail/tick0114.json
2025-06-28 18:25:57,632 | ERROR   | Solver failed | status=4 | SQP it=1 | KKT=5.44e+02 | t=0.000s
2025-06-28 18:25:57,632 | ERROR   | Dump saved → debug_logs/fail/tick0115.json
2025-06-28 18:25:57,658 | ERROR   | Solver failed | status=4 | SQP it=1 | KKT=5.44e+02 | t=0.000s
2025-06-28 18:25:57,659 | ERROR   | Dump saved → debug_logs/fail/tick0116.json
2025-06-28 18:25:57,683 | ERROR   | Solver failed | status=4 | SQP it=1 | KKT=5.44e+02 | t=0.000s
2025-06-28 18:25:57,684 | ERROR   | Dump saved → debug_logs/fail/tick0117.json
2025-06-28 18:25:57,714 | ERROR   | Solver failed | status=4 | SQP it=1 | KKT=5.40e+02 | t=0.000s
2025-06-28 18:25:57,714 | ERROR   | Dump saved → debug_logs/fail/tick0118.json
2025-06-28 18:25:57,739 | ERROR   | Solver failed | status=4 | SQP it=1 | KKT=5.40e+02 | t=0.000s
2025-06-28 18:25:57,740 | ERROR   | Dump saved → debug_logs/fail/tick0119.json
2025-06-28 18:25:57,766 | ERROR   | Solver failed | status=4 | SQP it=1 | KKT=5.40e+02 | t=0.000s
2025-06-28 18:25:57,767 | ERROR   | Dump saved → debug_logs/fail/tick0120.json
2025-06-28 18:25:57,792 | ERROR   | Solver failed | status=4 | SQP it=1 | KKT=5.40e+02 | t=0.000s
2025-06-28 18:25:57,793 | ERROR   | Dump saved → debug_logs/fail/tick0121.json
2025-06-28 18:25:57,819 | ERROR   | Solver failed | status=4 | SQP it=1 | KKT=5.40e+02 | t=0.000s
2025-06-28 18:25:57,820 | ERROR   | Dump saved → debug_logs/fail/tick0122.json
2025-06-28 18:25:57,847 | ERROR   | Solver failed | status=4 | SQP it=1 | KKT=5.40e+02 | t=0.000s
2025-06-28 18:25:57,848 | ERROR   | Dump saved → debug_logs/fail/tick0123.json
2025-06-28 18:25:57,875 | ERROR   | Solver failed | status=4 | SQP it=1 | KKT=5.36e+02 | t=0.000s
2025-06-28 18:25:57,876 | ERROR   | Dump saved → debug_logs/fail/tick0124.json
2025-06-28 18:25:57,902 | ERROR   | Solver failed | status=4 | SQP it=1 | KKT=5.36e+02 | t=0.000s
2025-06-28 18:25:57,902 | ERROR   | Dump saved → debug_logs/fail/tick0125.json
2025-06-28 18:25:57,940 | ERROR   | Solver failed | status=4 | SQP it=1 | KKT=5.36e+02 | t=0.000s
2025-06-28 18:25:57,941 | ERROR   | Dump saved → debug_logs/fail/tick0126.json
2025-06-28 18:25:57,969 | ERROR   | Solver failed | status=4 | SQP it=1 | KKT=5.36e+02 | t=0.000s
2025-06-28 18:25:57,970 | ERROR   | Dump saved → debug_logs/fail/tick0127.json
2025-06-28 18:25:57,996 | ERROR   | Solver failed | status=4 | SQP it=1 | KKT=5.36e+02 | t=0.000s
2025-06-28 18:25:57,996 | ERROR   | Dump saved → debug_logs/fail/tick0128.json
2025-06-28 18:25:58,038 | ERROR   | Solver failed | status=4 | SQP it=1 | KKT=5.36e+02 | t=0.000s
2025-06-28 18:25:58,039 | ERROR   | Dump saved → debug_logs/fail/tick0129.json
2025-06-28 18:25:58,066 | ERROR   | Solver failed | status=4 | SQP it=1 | KKT=5.36e+02 | t=0.000s
2025-06-28 18:25:58,067 | ERROR   | Dump saved → debug_logs/fail/tick0130.json
2025-06-28 18:25:58,094 | ERROR   | Solver failed | status=4 | SQP it=1 | KKT=5.37e+02 | t=0.000s
2025-06-28 18:25:58,095 | ERROR   | Dump saved → debug_logs/fail/tick0131.json
2025-06-28 18:25:58,118 | ERROR   | Solver failed | status=4 | SQP it=1 | KKT=5.37e+02 | t=0.000s
2025-06-28 18:25:58,119 | ERROR   | Dump saved → debug_logs/fail/tick0132.json
2025-06-28 18:25:58,146 | ERROR   | Solver failed | status=4 | SQP it=1 | KKT=5.37e+02 | t=0.000s
2025-06-28 18:25:58,147 | ERROR   | Dump saved → debug_logs/fail/tick0133.json
2025-06-28 18:25:58,170 | ERROR   | Solver failed | status=4 | SQP it=1 | KKT=5.37e+02 | t=0.000s
2025-06-28 18:25:58,171 | ERROR   | Dump saved → debug_logs/fail/tick0134.json
2025-06-28 18:25:58,197 | ERROR   | Solver failed | status=4 | SQP it=1 | KKT=5.37e+02 | t=0.000s
2025-06-28 18:25:58,197 | ERROR   | Dump saved → debug_logs/fail/tick0135.json
2025-06-28 18:25:58,224 | ERROR   | Solver failed | status=4 | SQP it=1 | KKT=5.37e+02 | t=0.000s
2025-06-28 18:25:58,224 | ERROR   | Dump saved → debug_logs/fail/tick0136.json
2025-06-28 18:25:58,249 | ERROR   | Solver failed | status=4 | SQP it=1 | KKT=5.37e+02 | t=0.000s
2025-06-28 18:25:58,250 | ERROR   | Dump saved → debug_logs/fail/tick0137.json
2025-06-28 18:25:58,275 | ERROR   | Solver failed | status=4 | SQP it=1 | KKT=5.37e+02 | t=0.000s
2025-06-28 18:25:58,275 | ERROR   | Dump saved → debug_logs/fail/tick0138.json
2025-06-28 18:25:58,299 | ERROR   | Solver failed | status=4 | SQP it=1 | KKT=5.37e+02 | t=0.000s
2025-06-28 18:25:58,299 | ERROR   | Dump saved → debug_logs/fail/tick0139.json
2025-06-28 18:25:58,325 | ERROR   | Solver failed | status=4 | SQP it=1 | KKT=5.37e+02 | t=0.000s
2025-06-28 18:25:58,326 | ERROR   | Dump saved → debug_logs/fail/tick0140.json
2025-06-28 18:25:58,351 | ERROR   | Solver failed | status=4 | SQP it=1 | KKT=5.37e+02 | t=0.000s
2025-06-28 18:25:58,352 | ERROR   | Dump saved → debug_logs/fail/tick0141.json
2025-06-28 18:25:58,378 | ERROR   | Solver failed | status=4 | SQP it=1 | KKT=5.37e+02 | t=0.000s
2025-06-28 18:25:58,379 | ERROR   | Dump saved → debug_logs/fail/tick0142.json
2025-06-28 18:25:59,981 | INFO    | ===== INITIAL STATE DUMP =====
2025-06-28 18:25:59,981 | DEBUG   | {
  "xcurrent": [
    1.0183933973312378,
    1.5982086658477783,
    0.07050184160470963,
    0.0,
    0.0,
    0.0
  ],
  "params": {
    "QC": 10,
    "QC_GATE": 50,
    "QL": 40,
    "MU": 10,
    "DVTHETA_MAX": 1.4,
    "N": 20,
    "T_HORIZON": 0.9,
    "RAMP_TIME": 0.5,
    "BARRIER_WEIGHT": 10,
    "OBSTACLE_WEIGHT": [
      50,
      100,
      70,
      30
    ],
    "OBSTACLE_RADIUS": 0.25,
    "TUNNEL_WIDTH": 0.5,
    "TUNNEL_WIDTH_GATE": 0.15,
    "NARROW_DIST": 0.3,
    "GATE_FLAT_DIST": 0.2,
    "Q_OMEGA": 2,
    "R_VTHETA": 1.0,
    "REG_THRUST": 0.008,
    "REG_INPUTS": 0.01
  },
  "box_lims": {
    "vtheta_max": 1.4,
    "dvtheta_max": 1.4
  }
}
