2025-06-28 18:53:21,928 | INFO    | ===== INITIAL STATE DUMP =====
2025-06-28 18:53:21,928 | DEBUG   | {
  "xcurrent": [
    1.089695930480957,
    1.4088244438171387,
    0.08456537127494812,
    0.0,
    0.0,
    0.0
  ],
  "params": {
    "QC": 10,
    "QC_GATE": 50,
    "QL": 40,
    "MU": 10,
    "DVTHETA_MAX": 1.6,
    "N": 20,
    "T_HORIZON": 0.7,
    "RAMP_TIME": 0.5,
    "BARRIER_WEIGHT": 10,
    "OBSTACLE_WEIGHT": [
      200,
      300,
      200,
      100
    ],
    "OBSTACLE_RADIUS": 0.2,
    "TUNNEL_WIDTH": 0.4,
    "TUNNEL_WIDTH_GATE": 0.2,
    "NARROW_DIST": 0.6,
    "GATE_FLAT_DIST": 0.4,
    "Q_OMEGA": 2,
    "R_VTHETA": 1.0,
    "REG_THRUST": 0.05,
    "REG_INPUTS": 0.02
  },
  "box_lims": {
    "vtheta_max": 1.6,
    "dvtheta_max": 1.6
  }
}
2025-06-28 18:53:54,227 | ERROR   | Solver failed | status=4 | SQP it=9 | KKT=4.44e-16 | t=0.008s
2025-06-28 18:53:54,230 | ERROR   | Dump saved → debug_logs/fail/tick0243.json
2025-06-28 18:53:54,261 | ERROR   | Solver failed | status=4 | SQP it=1 | KKT=1.15e+00 | t=0.002s
2025-06-28 18:53:54,262 | ERROR   | Dump saved → debug_logs/fail/tick0244.json
2025-06-28 18:53:54,292 | ERROR   | Solver failed | status=4 | SQP it=1 | KKT=1.37e+00 | t=0.001s
2025-06-28 18:53:54,293 | ERROR   | Dump saved → debug_logs/fail/tick0245.json
