2025-07-03 12:44:09,229 | INFO    | ===== INITIAL STATE DUMP =====
2025-07-03 12:44:09,229 | DEBUG   | {
  "xcurrent": [
    1.089695930480957,
    1.4088244438171387,
    0.08456537127494812,
    0.0,
    0.0,
    0.0
  ],
  "params": {
    "QC": 10,
    "QL": 40,
    "MU": 10,
    "DVTHETA_MAX": 1.0,
    "N": 20,
    "T_HORIZON": 0.7,
    "RAMP_TIME": 1.8,
    "BW_RAMP": 1,
    "BARRIER_WEIGHT": 100,
    "TUNNEL_WIDTH": 0.4,
    "TUNNEL_WIDTH_GATE": 0.15,
    "NARROW_DIST": 0.7,
    "GATE_FLAT_DIST": 0.1,
    "Q_OMEGA": 0,
    "R_VTHETA": 1.0,
    "REG_THRUST": 0.0001,
    "REG_INPUTS": 0.09
  },
  "box_lims": {
    "vtheta_max": 1.0,
    "dvtheta_max": 1.0
  }
}
2025-07-03 12:44:10,872 | ERROR   | Solver failed | status=2 | SQP it=1000 | KKT=5.82e-08 | t=0.274s
2025-07-03 12:44:10,872 | ERROR   | Dump saved → debug_logs/fail/tick0008.json
2025-07-03 12:44:11,305 | ERROR   | Solver failed | status=2 | SQP it=1000 | KKT=5.49e-08 | t=0.272s
2025-07-03 12:44:11,308 | ERROR   | Dump saved → debug_logs/fail/tick0013.json
2025-07-03 12:44:26,988 | INFO    | ===== INITIAL STATE DUMP =====
2025-07-03 12:44:26,988 | DEBUG   | {
  "xcurrent": [
    1.0577173233032227,
    1.455078363418579,
    0.07263592630624771,
    0.0,
    0.0,
    0.0
  ],
  "params": {
    "QC": 10,
    "QL": 40,
    "MU": 10,
    "DVTHETA_MAX": 1.0,
    "N": 20,
    "T_HORIZON": 0.7,
    "RAMP_TIME": 1.8,
    "BW_RAMP": 1,
    "BARRIER_WEIGHT": 100,
    "TUNNEL_WIDTH": 0.4,
    "TUNNEL_WIDTH_GATE": 0.15,
    "NARROW_DIST": 0.7,
    "GATE_FLAT_DIST": 0.1,
    "Q_OMEGA": 0,
    "R_VTHETA": 1.0,
    "REG_THRUST": 0.0001,
    "REG_INPUTS": 0.09
  },
  "box_lims": {
    "vtheta_max": 1.0,
    "dvtheta_max": 1.0
  }
}
2025-07-03 12:44:31,057 | ERROR   | Solver failed | status=2 | SQP it=1000 | KKT=9.53e-08 | t=0.459s
2025-07-03 12:44:31,058 | ERROR   | Dump saved → debug_logs/fail/tick0108.json
2025-07-03 12:44:31,585 | ERROR   | Solver failed | status=2 | SQP it=1000 | KKT=7.22e-11 | t=0.465s
2025-07-03 12:44:31,585 | ERROR   | Dump saved → debug_logs/fail/tick0110.json
2025-07-03 12:45:11,793 | ERROR   | Solver failed | status=2 | SQP it=1000 | KKT=8.63e-09 | t=0.571s
2025-07-03 12:45:11,793 | ERROR   | Dump saved → debug_logs/fail/tick0691.json
2025-07-03 12:45:15,299 | INFO    | ===== INITIAL STATE DUMP =====
2025-07-03 12:45:15,299 | DEBUG   | {
  "xcurrent": [
    0.9794419407844543,
    1.5015770196914673,
    0.08891142904758453,
    0.0,
    0.0,
    0.0
  ],
  "params": {
    "QC": 10,
    "QL": 40,
    "MU": 10,
    "DVTHETA_MAX": 1.0,
    "N": 20,
    "T_HORIZON": 0.7,
    "RAMP_TIME": 1.8,
    "BW_RAMP": 1,
    "BARRIER_WEIGHT": 100,
    "TUNNEL_WIDTH": 0.4,
    "TUNNEL_WIDTH_GATE": 0.15,
    "NARROW_DIST": 0.7,
    "GATE_FLAT_DIST": 0.1,
    "Q_OMEGA": 0,
    "R_VTHETA": 1.0,
    "REG_THRUST": 0.0001,
    "REG_INPUTS": 0.09
  },
  "box_lims": {
    "vtheta_max": 1.0,
    "dvtheta_max": 1.0
  }
}
2025-07-03 12:45:16,001 | ERROR   | Solver failed | status=2 | SQP it=1000 | KKT=4.06e-08 | t=0.698s
2025-07-03 12:45:16,002 | ERROR   | Dump saved → debug_logs/fail/tick0000.json
