2025-06-28 18:14:33,350 | INFO    | ===== INITIAL STATE DUMP =====
2025-06-28 18:14:33,351 | DEBUG   | {
  "xcurrent": [
    1.089695930480957,
    1.4088244438171387,
    0.08456537127494812,
    0.0,
    0.0,
    0.0
  ],
  "params": {
    "QC": 10,
    "QC_GATE": 50,
    "QL": 40,
    "MU": 10,
    "DVTHETA_MAX": 1.4,
    "N": 20,
    "T_HORIZON": 0.9,
    "RAMP_TIME": 0.5,
    "BARRIER_WEIGHT": 10,
    "OBSTACLE_WEIGHT": [
      50,
      200,
      100,
      30
    ],
    "OBSTACLE_RADIUS": 0.2,
    "TUNNEL_WIDTH": 0.4,
    "TUNNEL_WIDTH_GATE": 0.2,
    "NARROW_DIST": 0.5,
    "GATE_FLAT_DIST": 0.3,
    "Q_OMEGA": 2,
    "R_VTHETA": 1.0,
    "REG_THRUST": 0.008,
    "REG_INPUTS": 0.03
  },
  "box_lims": {
    "vtheta_max": 1.4,
    "dvtheta_max": 1.4
  }
}
2025-06-28 18:14:34,040 | ERROR   | Solver failed | status=2 | SQP it=1000 | KKT=2.53e-08 | t=0.686s
2025-06-28 18:14:34,041 | ERROR   | Dump saved → debug_logs/fail/tick0000.json
