2025-06-06 16:49:35,820 | INFO    | ===== INITIAL STATE DUMP =====
2025-06-06 16:49:35,820 | DEBUG   | {
  "xcurrent": [
    1.089695930480957,
    1.4088244438171387,
    0.08456537127494812,
    0.0,
    0.0,
    0.0
  ],
  "params": {
    "QC": 10,
    "QL": 80,
    "MU": 10,
    "DVTHETA_MAX": 1.3,
    "N": 20,
    "T_HORIZON": 1.05,
    "RAMP_TIME": 1.8,
    "BARRIER_WEIGHT": 10,
    "TUNNEL_WIDTH": 0.5,
    "TUNNEL_WIDTH_GATE": 0.15,
    "Q_OMEGA": 2,
    "R_VTHETA": 1.0,
    "GATE_RAMP_TIME": 0.1
  },
  "box_lims": {
    "vtheta_max": 1.3,
    "dvtheta_max": 1.3
  }
}
2025-06-06 16:49:40,386 | ERROR   | Solver failed | status=1 | SQP it=135 | KKT=7.06e-08 | t=0.135s
2025-06-06 16:49:40,387 | ERROR   | Dump saved → debug_logs/fail/tick0092.json
2025-06-06 16:49:40,416 | ERROR   | Solver failed | status=1 | SQP it=0 | KKT=nan | t=0.000s
2025-06-06 16:49:40,416 | ERROR   | Dump saved → debug_logs/fail/tick0093.json
2025-06-06 16:49:40,440 | ERROR   | Solver failed | status=1 | SQP it=0 | KKT=nan | t=0.000s
2025-06-06 16:49:40,441 | ERROR   | Dump saved → debug_logs/fail/tick0094.json
2025-06-06 16:49:40,465 | ERROR   | Solver failed | status=1 | SQP it=0 | KKT=nan | t=0.000s
2025-06-06 16:49:40,465 | ERROR   | Dump saved → debug_logs/fail/tick0095.json
