2025-06-30 18:19:53,213 | INFO    | ===== INITIAL STATE DUMP =====
2025-06-30 18:19:53,213 | DEBUG   | {
  "xcurrent": [
    1.089695930480957,
    1.4088244438171387,
    0.08456537127494812,
    0.0,
    0.0,
    0.0
  ],
  "params": {
    "QC": 10,
    "QL": 40,
    "MU": 10,
    "DVTHETA_MAX": 1.0,
    "N": 20,
    "T_HORIZON": 0.7,
    "RAMP_TIME": 1.8,
    "BW_RAMP": 1,
    "BARRIER_WEIGHT": 100,
    "TUNNEL_WIDTH": 0.4,
    "TUNNEL_WIDTH_GATE": 0.15,
    "NARROW_DIST": 0.7,
    "GATE_FLAT_DIST": 0.1,
    "Q_OMEGA": 2,
    "R_VTHETA": 1.0,
    "REG_THRUST": 0.018,
    "REG_INPUTS": 0.09
  },
  "box_lims": {
    "vtheta_max": 1.0,
    "dvtheta_max": 1.0
  }
}
2025-06-30 18:20:27,034 | INFO    | ===== INITIAL STATE DUMP =====
2025-06-30 18:20:27,035 | DEBUG   | {
  "xcurrent": [
    1.092421054840088,
    1.525104284286499,
    0.08837263286113739,
    0.0,
    0.0,
    0.0
  ],
  "params": {
    "QC": 10,
    "QL": 40,
    "MU": 10,
    "DVTHETA_MAX": 1.0,
    "N": 20,
    "T_HORIZON": 0.7,
    "RAMP_TIME": 1.8,
    "BW_RAMP": 1,
    "BARRIER_WEIGHT": 100,
    "TUNNEL_WIDTH": 0.4,
    "TUNNEL_WIDTH_GATE": 0.15,
    "NARROW_DIST": 0.7,
    "GATE_FLAT_DIST": 0.1,
    "Q_OMEGA": 2,
    "R_VTHETA": 1.0,
    "REG_THRUST": 0.018,
    "REG_INPUTS": 0.09
  },
  "box_lims": {
    "vtheta_max": 1.0,
    "dvtheta_max": 1.0
  }
}
2025-06-30 18:20:50,003 | INFO    | ===== INITIAL STATE DUMP =====
2025-06-30 18:20:50,004 | DEBUG   | {
  "xcurrent": [
    1.0748076438903809,
    1.5107648372650146,
    0.0821434035897255,
    0.0,
    0.0,
    0.0
  ],
  "params": {
    "QC": 10,
    "QL": 40,
    "MU": 10,
    "DVTHETA_MAX": 1.0,
    "N": 20,
    "T_HORIZON": 0.7,
    "RAMP_TIME": 1.8,
    "BW_RAMP": 1,
    "BARRIER_WEIGHT": 100,
    "TUNNEL_WIDTH": 0.4,
    "TUNNEL_WIDTH_GATE": 0.15,
    "NARROW_DIST": 0.7,
    "GATE_FLAT_DIST": 0.1,
    "Q_OMEGA": 2,
    "R_VTHETA": 1.0,
    "REG_THRUST": 0.018,
    "REG_INPUTS": 0.09
  },
  "box_lims": {
    "vtheta_max": 1.0,
    "dvtheta_max": 1.0
  }
}
2025-06-30 18:21:45,365 | INFO    | ===== INITIAL STATE DUMP =====
2025-06-30 18:21:45,365 | DEBUG   | {
  "xcurrent": [
    1.0803619623184204,
    1.410991907119751,
    0.08795148134231567,
    0.0,
    0.0,
    0.0
  ],
  "params": {
    "QC": 10,
    "QL": 40,
    "MU": 10,
    "DVTHETA_MAX": 1.0,
    "N": 20,
    "T_HORIZON": 0.7,
    "RAMP_TIME": 1.8,
    "BW_RAMP": 1,
    "BARRIER_WEIGHT": 100,
    "TUNNEL_WIDTH": 0.4,
    "TUNNEL_WIDTH_GATE": 0.15,
    "NARROW_DIST": 0.7,
    "GATE_FLAT_DIST": 0.1,
    "Q_OMEGA": 2,
    "R_VTHETA": 1.0,
    "REG_THRUST": 0.018,
    "REG_INPUTS": 0.09
  },
  "box_lims": {
    "vtheta_max": 1.0,
    "dvtheta_max": 1.0
  }
}
2025-06-30 18:22:06,395 | INFO    | ===== INITIAL STATE DUMP =====
2025-06-30 18:22:06,395 | DEBUG   | {
  "xcurrent": [
    1.0345083475112915,
    1.5066899061203003,
    0.072677381336689,
    0.0,
    0.0,
    0.0
  ],
  "params": {
    "QC": 10,
    "QL": 40,
    "MU": 10,
    "DVTHETA_MAX": 1.0,
    "N": 20,
    "T_HORIZON": 0.7,
    "RAMP_TIME": 1.8,
    "BW_RAMP": 1,
    "BARRIER_WEIGHT": 100,
    "TUNNEL_WIDTH": 0.4,
    "TUNNEL_WIDTH_GATE": 0.15,
    "NARROW_DIST": 0.7,
    "GATE_FLAT_DIST": 0.1,
    "Q_OMEGA": 2,
    "R_VTHETA": 1.0,
    "REG_THRUST": 0.018,
    "REG_INPUTS": 0.09
  },
  "box_lims": {
    "vtheta_max": 1.0,
    "dvtheta_max": 1.0
  }
}
