2025-06-28 18:46:32,849 | INFO    | ===== INITIAL STATE DUMP =====
2025-06-28 18:46:32,850 | DEBUG   | {
  "xcurrent": [
    1.089695930480957,
    1.4088244438171387,
    0.08456537127494812,
    0.0,
    0.0,
    0.0
  ],
  "params": {
    "QC": 10,
    "QC_GATE": 50,
    "QL": 40,
    "MU": 10,
    "DVTHETA_MAX": 1.0,
    "N": 20,
    "T_HORIZON": 0.5,
    "RAMP_TIME": 0.5,
    "BARRIER_WEIGHT": 10,
    "OBSTACLE_WEIGHT": [
      300,
      300,
      200,
      100
    ],
    "OBSTACLE_RADIUS": 0.2,
    "TUNNEL_WIDTH": 0.5,
    "TUNNEL_WIDTH_GATE": 0.15,
    "NARROW_DIST": 0.5,
    "GATE_FLAT_DIST": 0.3,
    "Q_OMEGA": 2,
    "R_VTHETA": 1.0,
    "REG_THRUST": 0.008,
    "REG_INPUTS": 0.02
  },
  "box_lims": {
    "vtheta_max": 1.0,
    "dvtheta_max": 1.0
  }
}
2025-06-28 18:46:39,316 | ERROR   | Solver failed | status=4 | SQP it=1 | KKT=1.53e+00 | t=0.004s
2025-06-28 18:46:39,317 | ERROR   | Dump saved → debug_logs/fail/tick0090.json
2025-06-28 18:46:39,349 | ERROR   | Solver failed | status=4 | SQP it=1 | KKT=1.53e+00 | t=0.002s
2025-06-28 18:46:39,349 | ERROR   | Dump saved → debug_logs/fail/tick0091.json
2025-06-28 18:46:39,381 | ERROR   | Solver failed | status=4 | SQP it=1 | KKT=1.53e+00 | t=0.002s
2025-06-28 18:46:39,382 | ERROR   | Dump saved → debug_logs/fail/tick0092.json
2025-06-28 18:46:39,415 | ERROR   | Solver failed | status=4 | SQP it=1 | KKT=1.53e+00 | t=0.002s
2025-06-28 18:46:39,415 | ERROR   | Dump saved → debug_logs/fail/tick0093.json
2025-06-28 18:46:39,442 | ERROR   | Solver failed | status=4 | SQP it=1 | KKT=1.53e+00 | t=0.001s
2025-06-28 18:46:39,443 | ERROR   | Dump saved → debug_logs/fail/tick0094.json
2025-06-28 18:46:39,469 | ERROR   | Solver failed | status=4 | SQP it=1 | KKT=1.57e+00 | t=0.002s
2025-06-28 18:46:39,470 | ERROR   | Dump saved → debug_logs/fail/tick0095.json
2025-06-28 18:46:39,498 | ERROR   | Solver failed | status=4 | SQP it=1 | KKT=1.57e+00 | t=0.001s
2025-06-28 18:46:39,499 | ERROR   | Dump saved → debug_logs/fail/tick0096.json
2025-06-28 18:46:39,526 | ERROR   | Solver failed | status=4 | SQP it=1 | KKT=1.57e+00 | t=0.001s
2025-06-28 18:46:39,527 | ERROR   | Dump saved → debug_logs/fail/tick0097.json
2025-06-28 18:46:39,555 | ERROR   | Solver failed | status=4 | SQP it=1 | KKT=1.57e+00 | t=0.001s
2025-06-28 18:46:39,556 | ERROR   | Dump saved → debug_logs/fail/tick0098.json
2025-06-28 18:46:39,584 | ERROR   | Solver failed | status=4 | SQP it=1 | KKT=1.63e+00 | t=0.002s
2025-06-28 18:46:39,585 | ERROR   | Dump saved → debug_logs/fail/tick0099.json
2025-06-28 18:46:39,614 | ERROR   | Solver failed | status=4 | SQP it=1 | KKT=1.63e+00 | t=0.001s
2025-06-28 18:46:39,614 | ERROR   | Dump saved → debug_logs/fail/tick0100.json
2025-06-28 18:46:39,643 | ERROR   | Solver failed | status=4 | SQP it=1 | KKT=1.63e+00 | t=0.002s
2025-06-28 18:46:39,644 | ERROR   | Dump saved → debug_logs/fail/tick0101.json
2025-06-28 18:46:39,672 | ERROR   | Solver failed | status=4 | SQP it=1 | KKT=1.63e+00 | t=0.002s
2025-06-28 18:46:39,673 | ERROR   | Dump saved → debug_logs/fail/tick0102.json
2025-06-28 18:46:39,700 | ERROR   | Solver failed | status=4 | SQP it=1 | KKT=1.69e+00 | t=0.002s
2025-06-28 18:46:39,701 | ERROR   | Dump saved → debug_logs/fail/tick0103.json
2025-06-28 18:46:39,730 | ERROR   | Solver failed | status=4 | SQP it=1 | KKT=1.69e+00 | t=0.001s
2025-06-28 18:46:39,731 | ERROR   | Dump saved → debug_logs/fail/tick0104.json
2025-06-28 18:46:39,759 | ERROR   | Solver failed | status=4 | SQP it=1 | KKT=1.69e+00 | t=0.002s
2025-06-28 18:46:39,760 | ERROR   | Dump saved → debug_logs/fail/tick0105.json
2025-06-28 18:46:39,791 | ERROR   | Solver failed | status=4 | SQP it=1 | KKT=1.69e+00 | t=0.002s
2025-06-28 18:46:39,792 | ERROR   | Dump saved → debug_logs/fail/tick0106.json
2025-06-28 18:47:21,067 | INFO    | ===== INITIAL STATE DUMP =====
2025-06-28 18:47:21,067 | DEBUG   | {
  "xcurrent": [
    0.933729887008667,
    1.5742450952529907,
    0.07613906264305115,
    0.0,
    0.0,
    0.0
  ],
  "params": {
    "QC": 10,
    "QC_GATE": 50,
    "QL": 40,
    "MU": 10,
    "DVTHETA_MAX": 1.0,
    "N": 20,
    "T_HORIZON": 0.5,
    "RAMP_TIME": 0.5,
    "BARRIER_WEIGHT": 10,
    "OBSTACLE_WEIGHT": [
      300,
      300,
      200,
      100
    ],
    "OBSTACLE_RADIUS": 0.2,
    "TUNNEL_WIDTH": 0.5,
    "TUNNEL_WIDTH_GATE": 0.15,
    "NARROW_DIST": 0.5,
    "GATE_FLAT_DIST": 0.3,
    "Q_OMEGA": 2,
    "R_VTHETA": 1.0,
    "REG_THRUST": 0.008,
    "REG_INPUTS": 0.02
  },
  "box_lims": {
    "vtheta_max": 1.0,
    "dvtheta_max": 1.0
  }
}
2025-06-28 18:47:42,206 | INFO    | ===== INITIAL STATE DUMP =====
2025-06-28 18:47:42,207 | DEBUG   | {
  "xcurrent": [
    1.0810705423355103,
    1.4946844577789307,
    0.08121591806411743,
    0.0,
    0.0,
    0.0
  ],
  "params": {
    "QC": 10,
    "QC_GATE": 50,
    "QL": 40,
    "MU": 10,
    "DVTHETA_MAX": 1.0,
    "N": 20,
    "T_HORIZON": 0.5,
    "RAMP_TIME": 0.5,
    "BARRIER_WEIGHT": 10,
    "OBSTACLE_WEIGHT": [
      300,
      300,
      200,
      100
    ],
    "OBSTACLE_RADIUS": 0.2,
    "TUNNEL_WIDTH": 0.5,
    "TUNNEL_WIDTH_GATE": 0.15,
    "NARROW_DIST": 0.5,
    "GATE_FLAT_DIST": 0.3,
    "Q_OMEGA": 2,
    "R_VTHETA": 1.0,
    "REG_THRUST": 0.008,
    "REG_INPUTS": 0.02
  },
  "box_lims": {
    "vtheta_max": 1.0,
    "dvtheta_max": 1.0
  }
}
2025-06-28 18:47:50,872 | ERROR   | Solver failed | status=4 | SQP it=2 | KKT=1.40e-01 | t=0.001s
2025-06-28 18:47:50,874 | ERROR   | Dump saved → debug_logs/fail/tick0277.json
2025-06-28 18:47:50,902 | ERROR   | Solver failed | status=4 | SQP it=1 | KKT=5.78e-01 | t=0.001s
2025-06-28 18:47:50,903 | ERROR   | Dump saved → debug_logs/fail/tick0278.json
2025-06-28 18:47:50,932 | ERROR   | Solver failed | status=4 | SQP it=1 | KKT=5.78e-01 | t=0.001s
2025-06-28 18:47:50,933 | ERROR   | Dump saved → debug_logs/fail/tick0279.json
2025-06-28 18:47:50,964 | ERROR   | Solver failed | status=4 | SQP it=1 | KKT=5.78e-01 | t=0.001s
2025-06-28 18:47:50,964 | ERROR   | Dump saved → debug_logs/fail/tick0280.json
2025-06-28 18:47:50,990 | ERROR   | Solver failed | status=4 | SQP it=1 | KKT=4.47e-01 | t=0.001s
2025-06-28 18:47:50,991 | ERROR   | Dump saved → debug_logs/fail/tick0281.json
2025-06-28 18:47:51,017 | ERROR   | Solver failed | status=4 | SQP it=1 | KKT=4.47e-01 | t=0.001s
2025-06-28 18:47:51,017 | ERROR   | Dump saved → debug_logs/fail/tick0282.json
2025-06-28 18:47:51,043 | ERROR   | Solver failed | status=4 | SQP it=1 | KKT=4.47e-01 | t=0.001s
2025-06-28 18:47:51,044 | ERROR   | Dump saved → debug_logs/fail/tick0283.json
2025-06-28 18:47:51,071 | ERROR   | Solver failed | status=4 | SQP it=1 | KKT=4.47e-01 | t=0.001s
2025-06-28 18:47:51,071 | ERROR   | Dump saved → debug_logs/fail/tick0284.json
2025-06-28 18:47:51,100 | ERROR   | Solver failed | status=4 | SQP it=1 | KKT=4.47e-01 | t=0.003s
2025-06-28 18:47:51,101 | ERROR   | Dump saved → debug_logs/fail/tick0285.json
2025-06-28 18:47:51,126 | ERROR   | Solver failed | status=4 | SQP it=1 | KKT=3.28e-01 | t=0.001s
2025-06-28 18:47:51,127 | ERROR   | Dump saved → debug_logs/fail/tick0286.json
2025-06-28 18:47:51,155 | ERROR   | Solver failed | status=4 | SQP it=1 | KKT=3.28e-01 | t=0.002s
2025-06-28 18:47:51,155 | ERROR   | Dump saved → debug_logs/fail/tick0287.json
2025-06-28 18:47:51,183 | ERROR   | Solver failed | status=4 | SQP it=1 | KKT=3.28e-01 | t=0.002s
2025-06-28 18:47:51,184 | ERROR   | Dump saved → debug_logs/fail/tick0288.json
2025-06-28 18:47:51,213 | ERROR   | Solver failed | status=4 | SQP it=1 | KKT=3.28e-01 | t=0.002s
2025-06-28 18:47:51,214 | ERROR   | Dump saved → debug_logs/fail/tick0289.json
2025-06-28 18:47:51,243 | ERROR   | Solver failed | status=4 | SQP it=1 | KKT=3.28e-01 | t=0.002s
2025-06-28 18:47:51,243 | ERROR   | Dump saved → debug_logs/fail/tick0290.json
2025-06-28 18:47:51,272 | ERROR   | Solver failed | status=4 | SQP it=1 | KKT=3.28e-01 | t=0.001s
2025-06-28 18:47:51,273 | ERROR   | Dump saved → debug_logs/fail/tick0291.json
2025-06-28 18:47:51,301 | ERROR   | Solver failed | status=4 | SQP it=1 | KKT=4.21e-01 | t=0.001s
2025-06-28 18:47:51,302 | ERROR   | Dump saved → debug_logs/fail/tick0292.json
2025-06-28 18:47:51,331 | ERROR   | Solver failed | status=4 | SQP it=1 | KKT=4.21e-01 | t=0.001s
2025-06-28 18:47:51,332 | ERROR   | Dump saved → debug_logs/fail/tick0293.json
2025-06-28 18:47:51,364 | ERROR   | Solver failed | status=4 | SQP it=1 | KKT=4.21e-01 | t=0.001s
2025-06-28 18:47:51,364 | ERROR   | Dump saved → debug_logs/fail/tick0294.json
2025-06-28 18:47:51,389 | ERROR   | Solver failed | status=4 | SQP it=1 | KKT=4.21e-01 | t=0.001s
2025-06-28 18:47:51,390 | ERROR   | Dump saved → debug_logs/fail/tick0295.json
2025-06-28 18:47:51,416 | ERROR   | Solver failed | status=4 | SQP it=1 | KKT=4.21e-01 | t=0.001s
2025-06-28 18:47:51,417 | ERROR   | Dump saved → debug_logs/fail/tick0296.json
2025-06-28 18:47:51,443 | ERROR   | Solver failed | status=4 | SQP it=1 | KKT=4.21e-01 | t=0.001s
2025-06-28 18:47:51,444 | ERROR   | Dump saved → debug_logs/fail/tick0297.json
2025-06-28 18:47:51,471 | ERROR   | Solver failed | status=4 | SQP it=1 | KKT=4.21e-01 | t=0.001s
2025-06-28 18:47:51,472 | ERROR   | Dump saved → debug_logs/fail/tick0298.json
2025-06-28 18:47:51,499 | ERROR   | Solver failed | status=4 | SQP it=1 | KKT=4.21e-01 | t=0.001s
2025-06-28 18:47:51,500 | ERROR   | Dump saved → debug_logs/fail/tick0299.json
2025-06-28 18:47:51,525 | ERROR   | Solver failed | status=4 | SQP it=1 | KKT=5.51e-01 | t=0.001s
2025-06-28 18:47:51,526 | ERROR   | Dump saved → debug_logs/fail/tick0300.json
2025-06-28 18:47:51,551 | ERROR   | Solver failed | status=4 | SQP it=1 | KKT=5.51e-01 | t=0.001s
2025-06-28 18:47:51,552 | ERROR   | Dump saved → debug_logs/fail/tick0301.json
2025-06-28 18:47:51,579 | ERROR   | Solver failed | status=4 | SQP it=1 | KKT=5.51e-01 | t=0.001s
2025-06-28 18:47:51,580 | ERROR   | Dump saved → debug_logs/fail/tick0302.json
2025-06-28 18:47:51,607 | ERROR   | Solver failed | status=4 | SQP it=1 | KKT=5.51e-01 | t=0.001s
2025-06-28 18:47:51,607 | ERROR   | Dump saved → debug_logs/fail/tick0303.json
2025-06-28 18:47:51,636 | ERROR   | Solver failed | status=4 | SQP it=1 | KKT=5.51e-01 | t=0.001s
2025-06-28 18:47:51,636 | ERROR   | Dump saved → debug_logs/fail/tick0304.json
2025-06-28 18:47:51,661 | ERROR   | Solver failed | status=4 | SQP it=1 | KKT=5.51e-01 | t=0.001s
2025-06-28 18:47:51,661 | ERROR   | Dump saved → debug_logs/fail/tick0305.json
2025-06-28 18:47:51,685 | ERROR   | Solver failed | status=4 | SQP it=1 | KKT=5.51e-01 | t=0.001s
2025-06-28 18:47:51,686 | ERROR   | Dump saved → debug_logs/fail/tick0306.json
2025-06-28 18:47:53,529 | ERROR   | Solver failed | status=2 | SQP it=1000 | KKT=3.95e-08 | t=0.592s
2025-06-28 18:47:53,530 | ERROR   | Dump saved → debug_logs/fail/tick0339.json
2025-06-28 18:47:54,446 | ERROR   | Solver failed | status=2 | SQP it=1000 | KKT=1.72e-08 | t=0.885s
2025-06-28 18:47:54,446 | ERROR   | Dump saved → debug_logs/fail/tick0340.json
2025-06-28 18:47:55,286 | ERROR   | Solver failed | status=2 | SQP it=1000 | KKT=5.55e-09 | t=0.812s
2025-06-28 18:47:55,286 | ERROR   | Dump saved → debug_logs/fail/tick0341.json
2025-06-28 18:47:56,120 | ERROR   | Solver failed | status=2 | SQP it=1000 | KKT=6.08e-08 | t=0.806s
2025-06-28 18:47:56,121 | ERROR   | Dump saved → debug_logs/fail/tick0342.json
2025-06-28 18:47:57,005 | ERROR   | Solver failed | status=2 | SQP it=1000 | KKT=2.99e-08 | t=0.857s
2025-06-28 18:47:57,006 | ERROR   | Dump saved → debug_logs/fail/tick0343.json
2025-06-28 18:47:57,906 | ERROR   | Solver failed | status=2 | SQP it=1000 | KKT=3.05e-08 | t=0.873s
2025-06-28 18:47:57,907 | ERROR   | Dump saved → debug_logs/fail/tick0344.json
2025-06-28 18:47:58,845 | ERROR   | Solver failed | status=2 | SQP it=1000 | KKT=9.06e-08 | t=0.909s
2025-06-28 18:47:58,846 | ERROR   | Dump saved → debug_logs/fail/tick0345.json
