2025-07-03 12:55:00,235 | INFO    | ===== INITIAL STATE DUMP =====
2025-07-03 12:55:00,235 | DEBUG   | {
  "xcurrent": [
    1.089695930480957,
    1.4088244438171387,
    0.08456537127494812,
    0.0,
    0.0,
    0.0
  ],
  "params": {
    "QC": 10,
    "QL": 40,
    "MU": 10,
    "DVTHETA_MAX": 1.0,
    "N": 20,
    "T_HORIZON": 0.7,
    "RAMP_TIME": 1.8,
    "BW_RAMP": 1,
    "BARRIER_WEIGHT": 100,
    "TUNNEL_WIDTH": 0.4,
    "TUNNEL_WIDTH_GATE": 0.15,
    "NARROW_DIST": 0.7,
    "GATE_FLAT_DIST": 0.1,
    "Q_OMEGA": 0,
    "R_VTHETA": 1.0,
    "REG_THRUST": 0.0001,
    "REG_INPUTS": 0.09
  },
  "box_lims": {
    "vtheta_max": 1.0,
    "dvtheta_max": 1.0
  }
}
2025-07-03 12:55:01,861 | ERROR   | Solver failed | status=2 | SQP it=1000 | KKT=5.82e-08 | t=0.272s
2025-07-03 12:55:01,861 | ERROR   | Dump saved → debug_logs/fail/tick0008.json
2025-07-03 12:55:02,271 | ERROR   | Solver failed | status=2 | SQP it=1000 | KKT=5.49e-08 | t=0.274s
2025-07-03 12:55:02,272 | ERROR   | Dump saved → debug_logs/fail/tick0013.json
2025-07-03 12:55:10,116 | ERROR   | Solver failed | status=2 | SQP it=1000 | KKT=3.33e-09 | t=0.511s
2025-07-03 12:55:10,118 | ERROR   | Dump saved → debug_logs/fail/tick0148.json
2025-07-03 12:55:10,710 | ERROR   | Solver failed | status=2 | SQP it=1000 | KKT=9.89e-09 | t=0.565s
2025-07-03 12:55:10,711 | ERROR   | Dump saved → debug_logs/fail/tick0149.json
2025-07-03 12:55:11,337 | ERROR   | Solver failed | status=2 | SQP it=1000 | KKT=6.39e-08 | t=0.565s
2025-07-03 12:55:11,338 | ERROR   | Dump saved → debug_logs/fail/tick0151.json
2025-07-03 12:55:11,993 | ERROR   | Solver failed | status=2 | SQP it=1000 | KKT=3.50e-08 | t=0.625s
2025-07-03 12:55:11,993 | ERROR   | Dump saved → debug_logs/fail/tick0152.json
