2025-06-15 19:52:08,808 | INFO    | ===== INITIAL STATE DUMP =====
2025-06-15 19:52:08,808 | DEBUG   | {
  "xcurrent": [
    1.089695930480957,
    1.4088244438171387,
    0.08456537127494812,
    0.0,
    0.0,
    0.0
  ],
  "params": {
    "QC": 10,
    "QC_GATE": 50,
    "QL": 40,
    "MU": 10,
    "DVTHETA_MAX": 1.7,
    "N": 15,
    "T_HORIZON": 0.8,
    "RAMP_TIME": 1.8,
    "BARRIER_WEIGHT": 10,
    "TUNNEL_WIDTH": 0.5,
    "TUNNEL_WIDTH_GATE": 0.1,
    "NARROW_DIST": 0.7,
    "Q_OMEGA": 2,
    "R_VTHETA": 1.0,
    "IN_GATE_RAMP_TIME": 0.3,
    "OUT_GATE_RAMP_TIME": 0.5
  },
  "box_lims": {
    "vtheta_max": 1.7,
    "dvtheta_max": 1.7
  }
}
2025-06-15 19:52:12,338 | INFO    | ===== INITIAL STATE DUMP =====
2025-06-15 19:52:12,338 | DEBUG   | {
  "xcurrent": [
    0.9333558678627014,
    1.478758692741394,
    0.07146802544593811,
    0.0,
    0.0,
    0.0
  ],
  "params": {
    "QC": 10,
    "QC_GATE": 50,
    "QL": 40,
    "MU": 10,
    "DVTHETA_MAX": 1.7,
    "N": 15,
    "T_HORIZON": 0.8,
    "RAMP_TIME": 1.8,
    "BARRIER_WEIGHT": 10,
    "TUNNEL_WIDTH": 0.5,
    "TUNNEL_WIDTH_GATE": 0.1,
    "NARROW_DIST": 0.7,
    "Q_OMEGA": 2,
    "R_VTHETA": 1.0,
    "IN_GATE_RAMP_TIME": 0.3,
    "OUT_GATE_RAMP_TIME": 0.5
  },
  "box_lims": {
    "vtheta_max": 1.7,
    "dvtheta_max": 1.7
  }
}
2025-06-15 19:52:15,123 | INFO    | ===== INITIAL STATE DUMP =====
2025-06-15 19:52:15,123 | DEBUG   | {
  "xcurrent": [
    1.0099643468856812,
    1.5026625394821167,
    0.08683386445045471,
    0.0,
    0.0,
    0.0
  ],
  "params": {
    "QC": 10,
    "QC_GATE": 50,
    "QL": 40,
    "MU": 10,
    "DVTHETA_MAX": 1.7,
    "N": 15,
    "T_HORIZON": 0.8,
    "RAMP_TIME": 1.8,
    "BARRIER_WEIGHT": 10,
    "TUNNEL_WIDTH": 0.5,
    "TUNNEL_WIDTH_GATE": 0.1,
    "NARROW_DIST": 0.7,
    "Q_OMEGA": 2,
    "R_VTHETA": 1.0,
    "IN_GATE_RAMP_TIME": 0.3,
    "OUT_GATE_RAMP_TIME": 0.5
  },
  "box_lims": {
    "vtheta_max": 1.7,
    "dvtheta_max": 1.7
  }
}
2025-06-15 19:52:17,850 | INFO    | ===== INITIAL STATE DUMP =====
2025-06-15 19:52:17,850 | DEBUG   | {
  "xcurrent": [
    0.9817528128623962,
    1.52695894241333,
    0.08664360642433167,
    0.0,
    0.0,
    0.0
  ],
  "params": {
    "QC": 10,
    "QC_GATE": 50,
    "QL": 40,
    "MU": 10,
    "DVTHETA_MAX": 1.7,
    "N": 15,
    "T_HORIZON": 0.8,
    "RAMP_TIME": 1.8,
    "BARRIER_WEIGHT": 10,
    "TUNNEL_WIDTH": 0.5,
    "TUNNEL_WIDTH_GATE": 0.1,
    "NARROW_DIST": 0.7,
    "Q_OMEGA": 2,
    "R_VTHETA": 1.0,
    "IN_GATE_RAMP_TIME": 0.3,
    "OUT_GATE_RAMP_TIME": 0.5
  },
  "box_lims": {
    "vtheta_max": 1.7,
    "dvtheta_max": 1.7
  }
}
2025-06-15 19:52:20,540 | INFO    | ===== INITIAL STATE DUMP =====
2025-06-15 19:52:20,540 | DEBUG   | {
  "xcurrent": [
    0.953601598739624,
    1.4453154802322388,
    0.0738636702299118,
    0.0,
    0.0,
    0.0
  ],
  "params": {
    "QC": 10,
    "QC_GATE": 50,
    "QL": 40,
    "MU": 10,
    "DVTHETA_MAX": 1.7,
    "N": 15,
    "T_HORIZON": 0.8,
    "RAMP_TIME": 1.8,
    "BARRIER_WEIGHT": 10,
    "TUNNEL_WIDTH": 0.5,
    "TUNNEL_WIDTH_GATE": 0.1,
    "NARROW_DIST": 0.7,
    "Q_OMEGA": 2,
    "R_VTHETA": 1.0,
    "IN_GATE_RAMP_TIME": 0.3,
    "OUT_GATE_RAMP_TIME": 0.5
  },
  "box_lims": {
    "vtheta_max": 1.7,
    "dvtheta_max": 1.7
  }
}
2025-06-15 19:52:22,901 | INFO    | ===== INITIAL STATE DUMP =====
2025-06-15 19:52:22,901 | DEBUG   | {
  "xcurrent": [
    1.017151951789856,
    1.4800658226013184,
    0.07841290533542633,
    0.0,
    0.0,
    0.0
  ],
  "params": {
    "QC": 10,
    "QC_GATE": 50,
    "QL": 40,
    "MU": 10,
    "DVTHETA_MAX": 1.7,
    "N": 15,
    "T_HORIZON": 0.8,
    "RAMP_TIME": 1.8,
    "BARRIER_WEIGHT": 10,
    "TUNNEL_WIDTH": 0.5,
    "TUNNEL_WIDTH_GATE": 0.1,
    "NARROW_DIST": 0.7,
    "Q_OMEGA": 2,
    "R_VTHETA": 1.0,
    "IN_GATE_RAMP_TIME": 0.3,
    "OUT_GATE_RAMP_TIME": 0.5
  },
  "box_lims": {
    "vtheta_max": 1.7,
    "dvtheta_max": 1.7
  }
}
2025-06-15 19:52:25,750 | INFO    | ===== INITIAL STATE DUMP =====
2025-06-15 19:52:25,750 | DEBUG   | {
  "xcurrent": [
    0.9715969562530518,
    1.5516754388809204,
    0.07692087441682816,
    0.0,
    0.0,
    0.0
  ],
  "params": {
    "QC": 10,
    "QC_GATE": 50,
    "QL": 40,
    "MU": 10,
    "DVTHETA_MAX": 1.7,
    "N": 15,
    "T_HORIZON": 0.8,
    "RAMP_TIME": 1.8,
    "BARRIER_WEIGHT": 10,
    "TUNNEL_WIDTH": 0.5,
    "TUNNEL_WIDTH_GATE": 0.1,
    "NARROW_DIST": 0.7,
    "Q_OMEGA": 2,
    "R_VTHETA": 1.0,
    "IN_GATE_RAMP_TIME": 0.3,
    "OUT_GATE_RAMP_TIME": 0.5
  },
  "box_lims": {
    "vtheta_max": 1.7,
    "dvtheta_max": 1.7
  }
}
2025-06-15 19:52:28,511 | INFO    | ===== INITIAL STATE DUMP =====
2025-06-15 19:52:28,511 | DEBUG   | {
  "xcurrent": [
    1.048840045928955,
    1.4665803909301758,
    0.07256307452917099,
    0.0,
    0.0,
    0.0
  ],
  "params": {
    "QC": 10,
    "QC_GATE": 50,
    "QL": 40,
    "MU": 10,
    "DVTHETA_MAX": 1.7,
    "N": 15,
    "T_HORIZON": 0.8,
    "RAMP_TIME": 1.8,
    "BARRIER_WEIGHT": 10,
    "TUNNEL_WIDTH": 0.5,
    "TUNNEL_WIDTH_GATE": 0.1,
    "NARROW_DIST": 0.7,
    "Q_OMEGA": 2,
    "R_VTHETA": 1.0,
    "IN_GATE_RAMP_TIME": 0.3,
    "OUT_GATE_RAMP_TIME": 0.5
  },
  "box_lims": {
    "vtheta_max": 1.7,
    "dvtheta_max": 1.7
  }
}
2025-06-15 19:52:31,301 | INFO    | ===== INITIAL STATE DUMP =====
2025-06-15 19:52:31,301 | DEBUG   | {
  "xcurrent": [
    0.9073214530944824,
    1.4609334468841553,
    0.07837316393852234,
    0.0,
    0.0,
    0.0
  ],
  "params": {
    "QC": 10,
    "QC_GATE": 50,
    "QL": 40,
    "MU": 10,
    "DVTHETA_MAX": 1.7,
    "N": 15,
    "T_HORIZON": 0.8,
    "RAMP_TIME": 1.8,
    "BARRIER_WEIGHT": 10,
    "TUNNEL_WIDTH": 0.5,
    "TUNNEL_WIDTH_GATE": 0.1,
    "NARROW_DIST": 0.7,
    "Q_OMEGA": 2,
    "R_VTHETA": 1.0,
    "IN_GATE_RAMP_TIME": 0.3,
    "OUT_GATE_RAMP_TIME": 0.5
  },
  "box_lims": {
    "vtheta_max": 1.7,
    "dvtheta_max": 1.7
  }
}
2025-06-15 19:52:34,052 | INFO    | ===== INITIAL STATE DUMP =====
2025-06-15 19:52:34,052 | DEBUG   | {
  "xcurrent": [
    0.9301037192344666,
    1.5151540040969849,
    0.0804109275341034,
    0.0,
    0.0,
    0.0
  ],
  "params": {
    "QC": 10,
    "QC_GATE": 50,
    "QL": 40,
    "MU": 10,
    "DVTHETA_MAX": 1.7,
    "N": 15,
    "T_HORIZON": 0.8,
    "RAMP_TIME": 1.8,
    "BARRIER_WEIGHT": 10,
    "TUNNEL_WIDTH": 0.5,
    "TUNNEL_WIDTH_GATE": 0.1,
    "NARROW_DIST": 0.7,
    "Q_OMEGA": 2,
    "R_VTHETA": 1.0,
    "IN_GATE_RAMP_TIME": 0.3,
    "OUT_GATE_RAMP_TIME": 0.5
  },
  "box_lims": {
    "vtheta_max": 1.7,
    "dvtheta_max": 1.7
  }
}
2025-06-15 19:52:34,255 | ERROR   | Solver failed | status=2 | SQP it=1000 | KKT=9.14e-08 | t=0.162s
2025-06-15 19:52:34,256 | ERROR   | Dump saved → debug_logs/fail/tick0010.json
