2025-06-28 18:11:40,577 | INFO    | ===== INITIAL STATE DUMP =====
2025-06-28 18:11:40,577 | DEBUG   | {
  "xcurrent": [
    1.089695930480957,
    1.4088244438171387,
    0.08456537127494812,
    0.0,
    0.0,
    0.0
  ],
  "params": {
    "QC": 10,
    "QC_GATE": 50,
    "QL": 40,
    "MU": 10,
    "DVTHETA_MAX": 1.4,
    "N": 20,
    "T_HORIZON": 0.9,
    "RAMP_TIME": 0.5,
    "BARRIER_WEIGHT": 10,
    "OBSTACLE_WEIGHT": [
      50,
      200,
      100,
      30
    ],
    "OBSTACLE_RADIUS": 0.2,
    "TUNNEL_WIDTH": 0.4,
    "TUNNEL_WIDTH_GATE": 0.2,
    "NARROW_DIST": 0.5,
    "GATE_FLAT_DIST": 0.3,
    "Q_OMEGA": 2,
    "R_VTHETA": 1.0,
    "REG_THRUST": 0.008,
    "REG_INPUTS": 0.01
  },
  "box_lims": {
    "vtheta_max": 1.4,
    "dvtheta_max": 1.4
  }
}
2025-06-28 18:11:41,270 | ERROR   | Solver failed | status=2 | SQP it=1000 | KKT=4.09e-08 | t=0.689s
2025-06-28 18:11:41,271 | ERROR   | Dump saved → debug_logs/fail/tick0000.json
2025-06-28 18:11:48,549 | INFO    | ===== INITIAL STATE DUMP =====
2025-06-28 18:11:48,549 | DEBUG   | {
  "xcurrent": [
    1.0873581171035767,
    1.4410548210144043,
    0.07768131792545319,
    0.0,
    0.0,
    0.0
  ],
  "params": {
    "QC": 10,
    "QC_GATE": 50,
    "QL": 40,
    "MU": 10,
    "DVTHETA_MAX": 1.4,
    "N": 20,
    "T_HORIZON": 0.9,
    "RAMP_TIME": 0.5,
    "BARRIER_WEIGHT": 10,
    "OBSTACLE_WEIGHT": [
      50,
      200,
      100,
      30
    ],
    "OBSTACLE_RADIUS": 0.2,
    "TUNNEL_WIDTH": 0.4,
    "TUNNEL_WIDTH_GATE": 0.2,
    "NARROW_DIST": 0.5,
    "GATE_FLAT_DIST": 0.3,
    "Q_OMEGA": 2,
    "R_VTHETA": 1.0,
    "REG_THRUST": 0.008,
    "REG_INPUTS": 0.01
  },
  "box_lims": {
    "vtheta_max": 1.4,
    "dvtheta_max": 1.4
  }
}
2025-06-28 18:12:03,079 | INFO    | ===== INITIAL STATE DUMP =====
2025-06-28 18:12:03,079 | DEBUG   | {
  "xcurrent": [
    0.9237088561058044,
    1.5378906726837158,
    0.07653935253620148,
    0.0,
    0.0,
    0.0
  ],
  "params": {
    "QC": 10,
    "QC_GATE": 50,
    "QL": 40,
    "MU": 10,
    "DVTHETA_MAX": 1.4,
    "N": 20,
    "T_HORIZON": 0.9,
    "RAMP_TIME": 0.5,
    "BARRIER_WEIGHT": 10,
    "OBSTACLE_WEIGHT": [
      50,
      200,
      100,
      30
    ],
    "OBSTACLE_RADIUS": 0.2,
    "TUNNEL_WIDTH": 0.4,
    "TUNNEL_WIDTH_GATE": 0.2,
    "NARROW_DIST": 0.5,
    "GATE_FLAT_DIST": 0.3,
    "Q_OMEGA": 2,
    "R_VTHETA": 1.0,
    "REG_THRUST": 0.008,
    "REG_INPUTS": 0.01
  },
  "box_lims": {
    "vtheta_max": 1.4,
    "dvtheta_max": 1.4
  }
}
2025-06-28 18:12:13,030 | ERROR   | Solver failed | status=2 | SQP it=1000 | KKT=1.27e-08 | t=0.602s
2025-06-28 18:12:13,032 | ERROR   | Dump saved → debug_logs/fail/tick0253.json
2025-06-28 18:12:13,712 | ERROR   | Solver failed | status=2 | SQP it=1000 | KKT=1.33e-10 | t=0.648s
2025-06-28 18:12:13,713 | ERROR   | Dump saved → debug_logs/fail/tick0254.json
2025-06-28 18:12:14,425 | ERROR   | Solver failed | status=2 | SQP it=1000 | KKT=6.61e-09 | t=0.686s
2025-06-28 18:12:14,426 | ERROR   | Dump saved → debug_logs/fail/tick0255.json
2025-06-28 18:12:15,162 | ERROR   | Solver failed | status=2 | SQP it=1000 | KKT=1.77e-09 | t=0.705s
2025-06-28 18:12:15,163 | ERROR   | Dump saved → debug_logs/fail/tick0256.json
2025-06-28 18:12:15,986 | ERROR   | Solver failed | status=1 | SQP it=607 | KKT=7.99e-08 | t=0.792s
2025-06-28 18:12:15,987 | ERROR   | Dump saved → debug_logs/fail/tick0257.json
2025-06-28 18:12:16,015 | ERROR   | Solver failed | status=1 | SQP it=0 | KKT=nan | t=0.000s
2025-06-28 18:12:16,016 | ERROR   | Dump saved → debug_logs/fail/tick0258.json
2025-06-28 18:12:16,038 | ERROR   | Solver failed | status=1 | SQP it=0 | KKT=nan | t=0.000s
2025-06-28 18:12:16,039 | ERROR   | Dump saved → debug_logs/fail/tick0259.json
2025-06-28 18:12:16,063 | ERROR   | Solver failed | status=1 | SQP it=0 | KKT=nan | t=0.000s
2025-06-28 18:12:16,063 | ERROR   | Dump saved → debug_logs/fail/tick0260.json
2025-06-28 18:12:16,087 | ERROR   | Solver failed | status=1 | SQP it=0 | KKT=nan | t=0.000s
2025-06-28 18:12:16,088 | ERROR   | Dump saved → debug_logs/fail/tick0261.json
2025-06-28 18:12:16,113 | ERROR   | Solver failed | status=1 | SQP it=0 | KKT=nan | t=0.000s
2025-06-28 18:12:16,114 | ERROR   | Dump saved → debug_logs/fail/tick0262.json
2025-06-28 18:12:16,143 | ERROR   | Solver failed | status=4 | SQP it=1 | KKT=1.52e+02 | t=0.000s
2025-06-28 18:12:16,144 | ERROR   | Dump saved → debug_logs/fail/tick0263.json
2025-06-28 18:12:16,169 | ERROR   | Solver failed | status=4 | SQP it=1 | KKT=1.52e+02 | t=0.000s
2025-06-28 18:12:16,169 | ERROR   | Dump saved → debug_logs/fail/tick0264.json
2025-06-28 18:12:16,194 | ERROR   | Solver failed | status=1 | SQP it=0 | KKT=nan | t=0.000s
2025-06-28 18:12:16,195 | ERROR   | Dump saved → debug_logs/fail/tick0265.json
2025-06-28 18:12:16,220 | ERROR   | Solver failed | status=1 | SQP it=0 | KKT=nan | t=0.000s
2025-06-28 18:12:16,220 | ERROR   | Dump saved → debug_logs/fail/tick0266.json
2025-06-28 18:12:16,245 | ERROR   | Solver failed | status=1 | SQP it=0 | KKT=nan | t=0.000s
2025-06-28 18:12:16,246 | ERROR   | Dump saved → debug_logs/fail/tick0267.json
2025-06-28 18:12:16,271 | ERROR   | Solver failed | status=1 | SQP it=0 | KKT=nan | t=0.000s
2025-06-28 18:12:16,272 | ERROR   | Dump saved → debug_logs/fail/tick0268.json
2025-06-28 18:12:16,296 | ERROR   | Solver failed | status=1 | SQP it=0 | KKT=nan | t=0.000s
2025-06-28 18:12:16,297 | ERROR   | Dump saved → debug_logs/fail/tick0269.json
2025-06-28 18:12:16,321 | ERROR   | Solver failed | status=1 | SQP it=0 | KKT=nan | t=0.000s
2025-06-28 18:12:16,322 | ERROR   | Dump saved → debug_logs/fail/tick0270.json
2025-06-28 18:12:16,347 | ERROR   | Solver failed | status=1 | SQP it=0 | KKT=nan | t=0.000s
2025-06-28 18:12:16,348 | ERROR   | Dump saved → debug_logs/fail/tick0271.json
2025-06-28 18:12:16,372 | ERROR   | Solver failed | status=1 | SQP it=0 | KKT=nan | t=0.000s
2025-06-28 18:12:16,373 | ERROR   | Dump saved → debug_logs/fail/tick0272.json
2025-06-28 18:12:16,399 | ERROR   | Solver failed | status=1 | SQP it=0 | KKT=nan | t=0.000s
2025-06-28 18:12:16,399 | ERROR   | Dump saved → debug_logs/fail/tick0273.json
2025-06-28 18:12:16,428 | ERROR   | Solver failed | status=1 | SQP it=0 | KKT=nan | t=0.000s
2025-06-28 18:12:16,429 | ERROR   | Dump saved → debug_logs/fail/tick0274.json
2025-06-28 18:12:16,454 | ERROR   | Solver failed | status=1 | SQP it=0 | KKT=nan | t=0.000s
2025-06-28 18:12:16,455 | ERROR   | Dump saved → debug_logs/fail/tick0275.json
2025-06-28 18:12:16,482 | ERROR   | Solver failed | status=1 | SQP it=0 | KKT=nan | t=0.000s
2025-06-28 18:12:16,483 | ERROR   | Dump saved → debug_logs/fail/tick0276.json
2025-06-28 18:12:16,512 | ERROR   | Solver failed | status=1 | SQP it=0 | KKT=nan | t=0.000s
2025-06-28 18:12:16,513 | ERROR   | Dump saved → debug_logs/fail/tick0277.json
2025-06-28 18:12:16,540 | ERROR   | Solver failed | status=1 | SQP it=0 | KKT=nan | t=0.000s
2025-06-28 18:12:16,541 | ERROR   | Dump saved → debug_logs/fail/tick0278.json
2025-06-28 18:12:16,568 | ERROR   | Solver failed | status=1 | SQP it=0 | KKT=nan | t=0.000s
2025-06-28 18:12:16,569 | ERROR   | Dump saved → debug_logs/fail/tick0279.json
2025-06-28 18:12:16,596 | ERROR   | Solver failed | status=1 | SQP it=0 | KKT=nan | t=0.000s
2025-06-28 18:12:16,597 | ERROR   | Dump saved → debug_logs/fail/tick0280.json
2025-06-28 18:12:16,623 | ERROR   | Solver failed | status=1 | SQP it=0 | KKT=nan | t=0.000s
2025-06-28 18:12:16,624 | ERROR   | Dump saved → debug_logs/fail/tick0281.json
2025-06-28 18:12:16,648 | ERROR   | Solver failed | status=1 | SQP it=0 | KKT=nan | t=0.000s
2025-06-28 18:12:16,649 | ERROR   | Dump saved → debug_logs/fail/tick0282.json
2025-06-28 18:12:16,672 | ERROR   | Solver failed | status=1 | SQP it=0 | KKT=nan | t=0.000s
2025-06-28 18:12:16,673 | ERROR   | Dump saved → debug_logs/fail/tick0283.json
2025-06-28 18:12:16,697 | ERROR   | Solver failed | status=1 | SQP it=0 | KKT=nan | t=0.000s
2025-06-28 18:12:16,697 | ERROR   | Dump saved → debug_logs/fail/tick0284.json
2025-06-28 18:12:16,722 | ERROR   | Solver failed | status=1 | SQP it=0 | KKT=nan | t=0.000s
2025-06-28 18:12:16,723 | ERROR   | Dump saved → debug_logs/fail/tick0285.json
2025-06-28 18:12:16,747 | ERROR   | Solver failed | status=1 | SQP it=0 | KKT=nan | t=0.000s
2025-06-28 18:12:16,748 | ERROR   | Dump saved → debug_logs/fail/tick0286.json
2025-06-28 18:12:16,772 | ERROR   | Solver failed | status=1 | SQP it=0 | KKT=nan | t=0.000s
2025-06-28 18:12:16,774 | ERROR   | Dump saved → debug_logs/fail/tick0287.json
2025-06-28 18:12:16,797 | ERROR   | Solver failed | status=1 | SQP it=0 | KKT=nan | t=0.000s
2025-06-28 18:12:16,798 | ERROR   | Dump saved → debug_logs/fail/tick0288.json
2025-06-28 18:12:16,821 | ERROR   | Solver failed | status=1 | SQP it=0 | KKT=nan | t=0.000s
2025-06-28 18:12:16,822 | ERROR   | Dump saved → debug_logs/fail/tick0289.json
2025-06-28 18:12:16,846 | ERROR   | Solver failed | status=1 | SQP it=0 | KKT=nan | t=0.000s
2025-06-28 18:12:16,847 | ERROR   | Dump saved → debug_logs/fail/tick0290.json
2025-06-28 18:12:16,871 | ERROR   | Solver failed | status=1 | SQP it=0 | KKT=nan | t=0.000s
2025-06-28 18:12:16,872 | ERROR   | Dump saved → debug_logs/fail/tick0291.json
2025-06-28 18:12:16,896 | ERROR   | Solver failed | status=1 | SQP it=0 | KKT=nan | t=0.000s
2025-06-28 18:12:16,896 | ERROR   | Dump saved → debug_logs/fail/tick0292.json
2025-06-28 18:12:16,921 | ERROR   | Solver failed | status=1 | SQP it=0 | KKT=nan | t=0.000s
2025-06-28 18:12:16,922 | ERROR   | Dump saved → debug_logs/fail/tick0293.json
2025-06-28 18:12:16,950 | ERROR   | Solver failed | status=1 | SQP it=0 | KKT=nan | t=0.000s
2025-06-28 18:12:16,951 | ERROR   | Dump saved → debug_logs/fail/tick0294.json
2025-06-28 18:12:16,981 | ERROR   | Solver failed | status=1 | SQP it=0 | KKT=nan | t=0.000s
2025-06-28 18:12:16,982 | ERROR   | Dump saved → debug_logs/fail/tick0295.json
2025-06-28 18:12:17,023 | ERROR   | Solver failed | status=1 | SQP it=0 | KKT=nan | t=0.000s
2025-06-28 18:12:17,024 | ERROR   | Dump saved → debug_logs/fail/tick0296.json
2025-06-28 18:12:18,680 | INFO    | ===== INITIAL STATE DUMP =====
2025-06-28 18:12:18,680 | DEBUG   | {
  "xcurrent": [
    0.9332853555679321,
    1.4916205406188965,
    0.07440731674432755,
    0.0,
    0.0,
    0.0
  ],
  "params": {
    "QC": 10,
    "QC_GATE": 50,
    "QL": 40,
    "MU": 10,
    "DVTHETA_MAX": 1.4,
    "N": 20,
    "T_HORIZON": 0.9,
    "RAMP_TIME": 0.5,
    "BARRIER_WEIGHT": 10,
    "OBSTACLE_WEIGHT": [
      50,
      200,
      100,
      30
    ],
    "OBSTACLE_RADIUS": 0.2,
    "TUNNEL_WIDTH": 0.4,
    "TUNNEL_WIDTH_GATE": 0.2,
    "NARROW_DIST": 0.5,
    "GATE_FLAT_DIST": 0.3,
    "Q_OMEGA": 2,
    "R_VTHETA": 1.0,
    "REG_THRUST": 0.008,
    "REG_INPUTS": 0.01
  },
  "box_lims": {
    "vtheta_max": 1.4,
    "dvtheta_max": 1.4
  }
}
