2025-06-06 16:09:31,463 | INFO    | ===== INITIAL STATE DUMP =====
2025-06-06 16:09:31,463 | DEBUG   | {
  "xcurrent": [
    1.089695930480957,
    1.4088244438171387,
    0.08456537127494812,
    0.0,
    0.0,
    0.0
  ],
  "params": {
    "QC": 10,
    "QL": 80,
    "MU": 10,
    "DVTHETA_MAX": 1.4,
    "N": 20,
    "T_HORIZON": 1.05,
    "RAMP_TIME": 1.8,
    "BARRIER_WEIGHT": 10,
    "TUNNEL_WIDTH": 0.25,
    "Q_OMEGA": 2,
    "R_VTHETA": 1.0,
    "GATE_RAMP_TIME": 0.1
  },
  "box_lims": {
    "vtheta_max": 1.4,
    "dvtheta_max": 1.4
  }
}
2025-06-06 16:09:40,493 | ERROR   | Solver failed | status=4 | SQP it=60 | KKT=1.66e-08 | t=0.050s
2025-06-06 16:09:40,496 | ERROR   | Dump saved → debug_logs/fail/tick0274.json
2025-06-06 16:09:40,714 | ERROR   | Solver failed | status=1 | SQP it=204 | KKT=7.30e-09 | t=0.190s
2025-06-06 16:09:40,714 | ERROR   | Dump saved → debug_logs/fail/tick0275.json
2025-06-06 16:09:40,742 | ERROR   | Solver failed | status=1 | SQP it=0 | KKT=nan | t=0.000s
2025-06-06 16:09:40,743 | ERROR   | Dump saved → debug_logs/fail/tick0276.json
2025-06-06 16:09:40,764 | ERROR   | Solver failed | status=1 | SQP it=0 | KKT=nan | t=0.000s
2025-06-06 16:09:40,765 | ERROR   | Dump saved → debug_logs/fail/tick0277.json
2025-06-06 16:09:40,785 | ERROR   | Solver failed | status=1 | SQP it=0 | KKT=nan | t=0.000s
2025-06-06 16:09:40,786 | ERROR   | Dump saved → debug_logs/fail/tick0278.json
2025-06-06 16:09:40,806 | ERROR   | Solver failed | status=1 | SQP it=0 | KKT=nan | t=0.000s
2025-06-06 16:09:40,807 | ERROR   | Dump saved → debug_logs/fail/tick0279.json
2025-06-06 16:09:40,829 | ERROR   | Solver failed | status=1 | SQP it=0 | KKT=nan | t=0.000s
2025-06-06 16:09:40,829 | ERROR   | Dump saved → debug_logs/fail/tick0280.json
2025-06-06 16:09:40,855 | ERROR   | Solver failed | status=1 | SQP it=0 | KKT=nan | t=0.000s
2025-06-06 16:09:40,855 | ERROR   | Dump saved → debug_logs/fail/tick0281.json
2025-06-06 16:09:40,879 | ERROR   | Solver failed | status=1 | SQP it=0 | KKT=nan | t=0.000s
2025-06-06 16:09:40,880 | ERROR   | Dump saved → debug_logs/fail/tick0282.json
2025-06-06 16:09:40,905 | ERROR   | Solver failed | status=1 | SQP it=0 | KKT=nan | t=0.000s
2025-06-06 16:09:40,905 | ERROR   | Dump saved → debug_logs/fail/tick0283.json
2025-06-06 16:09:40,932 | ERROR   | Solver failed | status=1 | SQP it=0 | KKT=nan | t=0.000s
2025-06-06 16:09:40,933 | ERROR   | Dump saved → debug_logs/fail/tick0284.json
2025-06-06 16:09:40,957 | ERROR   | Solver failed | status=1 | SQP it=0 | KKT=nan | t=0.000s
2025-06-06 16:09:40,958 | ERROR   | Dump saved → debug_logs/fail/tick0285.json
2025-06-06 16:09:40,982 | ERROR   | Solver failed | status=1 | SQP it=0 | KKT=nan | t=0.000s
2025-06-06 16:09:40,982 | ERROR   | Dump saved → debug_logs/fail/tick0286.json
2025-06-06 16:09:41,007 | ERROR   | Solver failed | status=1 | SQP it=0 | KKT=nan | t=0.000s
2025-06-06 16:09:41,007 | ERROR   | Dump saved → debug_logs/fail/tick0287.json
2025-06-06 16:09:41,032 | ERROR   | Solver failed | status=1 | SQP it=0 | KKT=nan | t=0.000s
2025-06-06 16:09:41,033 | ERROR   | Dump saved → debug_logs/fail/tick0288.json
2025-06-06 16:09:41,057 | ERROR   | Solver failed | status=1 | SQP it=0 | KKT=nan | t=0.000s
2025-06-06 16:09:41,058 | ERROR   | Dump saved → debug_logs/fail/tick0289.json
2025-06-06 16:09:41,082 | ERROR   | Solver failed | status=1 | SQP it=0 | KKT=nan | t=0.000s
2025-06-06 16:09:41,083 | ERROR   | Dump saved → debug_logs/fail/tick0290.json
2025-06-06 16:09:41,107 | ERROR   | Solver failed | status=1 | SQP it=0 | KKT=nan | t=0.000s
2025-06-06 16:09:41,108 | ERROR   | Dump saved → debug_logs/fail/tick0291.json
2025-06-06 16:09:41,132 | ERROR   | Solver failed | status=1 | SQP it=0 | KKT=nan | t=0.000s
2025-06-06 16:09:41,132 | ERROR   | Dump saved → debug_logs/fail/tick0292.json
2025-06-06 16:09:41,157 | ERROR   | Solver failed | status=1 | SQP it=0 | KKT=nan | t=0.000s
2025-06-06 16:09:41,158 | ERROR   | Dump saved → debug_logs/fail/tick0293.json
2025-06-06 16:09:41,184 | ERROR   | Solver failed | status=1 | SQP it=0 | KKT=nan | t=0.000s
2025-06-06 16:09:41,185 | ERROR   | Dump saved → debug_logs/fail/tick0294.json
