2025-06-28 18:54:29,031 | INFO    | ===== INITIAL STATE DUMP =====
2025-06-28 18:54:29,031 | DEBUG   | {
  "xcurrent": [
    1.089695930480957,
    1.4088244438171387,
    0.08456537127494812,
    0.0,
    0.0,
    0.0
  ],
  "params": {
    "QC": 10,
    "QC_GATE": 50,
    "QL": 40,
    "MU": 10,
    "DVTHETA_MAX": 1.6,
    "N": 20,
    "T_HORIZON": 0.7,
    "RAMP_TIME": 0.7,
    "BARRIER_WEIGHT": 10,
    "OBSTACLE_WEIGHT": [
      200,
      300,
      200,
      100
    ],
    "OBSTACLE_RADIUS": 0.2,
    "TUNNEL_WIDTH": 0.4,
    "TUNNEL_WIDTH_GATE": 0.2,
    "NARROW_DIST": 0.6,
    "GATE_FLAT_DIST": 0.4,
    "Q_OMEGA": 2,
    "R_VTHETA": 1.0,
    "REG_THRUST": 0.05,
    "REG_INPUTS": 0.02
  },
  "box_lims": {
    "vtheta_max": 1.6,
    "dvtheta_max": 1.6
  }
}
2025-06-28 18:54:54,848 | ERROR   | Solver failed | status=4 | SQP it=20 | KKT=3.21e-08 | t=0.175s
2025-06-28 18:54:54,850 | ERROR   | Dump saved → debug_logs/fail/tick0259.json
2025-06-28 18:54:56,475 | INFO    | ===== INITIAL STATE DUMP =====
2025-06-28 18:54:56,475 | DEBUG   | {
  "xcurrent": [
    1.0864784717559814,
    1.4904203414916992,
    0.08651223033666611,
    0.0,
    0.0,
    0.0
  ],
  "params": {
    "QC": 10,
    "QC_GATE": 50,
    "QL": 40,
    "MU": 10,
    "DVTHETA_MAX": 1.6,
    "N": 20,
    "T_HORIZON": 0.7,
    "RAMP_TIME": 0.7,
    "BARRIER_WEIGHT": 10,
    "OBSTACLE_WEIGHT": [
      200,
      300,
      200,
      100
    ],
    "OBSTACLE_RADIUS": 0.2,
    "TUNNEL_WIDTH": 0.4,
    "TUNNEL_WIDTH_GATE": 0.2,
    "NARROW_DIST": 0.6,
    "GATE_FLAT_DIST": 0.4,
    "Q_OMEGA": 2,
    "R_VTHETA": 1.0,
    "REG_THRUST": 0.05,
    "REG_INPUTS": 0.02
  },
  "box_lims": {
    "vtheta_max": 1.6,
    "dvtheta_max": 1.6
  }
}
2025-06-28 18:55:06,204 | ERROR   | Solver failed | status=4 | SQP it=46 | KKT=5.00e-09 | t=0.037s
2025-06-28 18:55:06,206 | ERROR   | Dump saved → debug_logs/fail/tick0252.json
2025-06-28 18:55:06,237 | ERROR   | Solver failed | status=4 | SQP it=1 | KKT=1.70e-01 | t=0.002s
2025-06-28 18:55:06,238 | ERROR   | Dump saved → debug_logs/fail/tick0253.json
2025-06-28 18:55:06,268 | ERROR   | Solver failed | status=4 | SQP it=1 | KKT=1.70e-01 | t=0.002s
2025-06-28 18:55:06,269 | ERROR   | Dump saved → debug_logs/fail/tick0254.json
2025-06-28 18:55:06,295 | ERROR   | Solver failed | status=4 | SQP it=1 | KKT=1.70e-01 | t=0.002s
2025-06-28 18:55:06,296 | ERROR   | Dump saved → debug_logs/fail/tick0255.json
2025-06-28 18:55:06,321 | ERROR   | Solver failed | status=4 | SQP it=1 | KKT=1.70e-01 | t=0.001s
2025-06-28 18:55:06,321 | ERROR   | Dump saved → debug_logs/fail/tick0256.json
2025-06-28 18:55:06,351 | ERROR   | Solver failed | status=4 | SQP it=1 | KKT=1.70e-01 | t=0.004s
2025-06-28 18:55:06,352 | ERROR   | Dump saved → debug_logs/fail/tick0257.json
2025-06-28 18:55:06,382 | ERROR   | Solver failed | status=4 | SQP it=1 | KKT=1.70e-01 | t=0.004s
2025-06-28 18:55:06,382 | ERROR   | Dump saved → debug_logs/fail/tick0258.json
2025-06-28 18:55:06,412 | ERROR   | Solver failed | status=4 | SQP it=1 | KKT=1.70e-01 | t=0.004s
2025-06-28 18:55:06,413 | ERROR   | Dump saved → debug_logs/fail/tick0259.json
2025-06-28 18:55:06,440 | ERROR   | Solver failed | status=4 | SQP it=1 | KKT=1.70e-01 | t=0.002s
2025-06-28 18:55:06,441 | ERROR   | Dump saved → debug_logs/fail/tick0260.json
2025-06-28 18:55:06,469 | ERROR   | Solver failed | status=4 | SQP it=1 | KKT=1.70e-01 | t=0.003s
2025-06-28 18:55:06,469 | ERROR   | Dump saved → debug_logs/fail/tick0261.json
2025-06-28 18:55:06,497 | ERROR   | Solver failed | status=4 | SQP it=1 | KKT=1.70e-01 | t=0.003s
2025-06-28 18:55:06,498 | ERROR   | Dump saved → debug_logs/fail/tick0262.json
2025-06-28 18:55:06,525 | ERROR   | Solver failed | status=4 | SQP it=1 | KKT=1.70e-01 | t=0.003s
2025-06-28 18:55:06,526 | ERROR   | Dump saved → debug_logs/fail/tick0263.json
2025-06-28 18:55:06,555 | ERROR   | Solver failed | status=4 | SQP it=1 | KKT=1.70e-01 | t=0.003s
2025-06-28 18:55:06,556 | ERROR   | Dump saved → debug_logs/fail/tick0264.json
2025-06-28 18:55:06,585 | ERROR   | Solver failed | status=4 | SQP it=1 | KKT=1.70e-01 | t=0.002s
2025-06-28 18:55:06,586 | ERROR   | Dump saved → debug_logs/fail/tick0265.json
2025-06-28 18:55:09,706 | INFO    | ===== INITIAL STATE DUMP =====
2025-06-28 18:55:09,706 | DEBUG   | {
  "xcurrent": [
    0.9338029026985168,
    1.4146442413330078,
    0.08394012600183487,
    0.0,
    0.0,
    0.0
  ],
  "params": {
    "QC": 10,
    "QC_GATE": 50,
    "QL": 40,
    "MU": 10,
    "DVTHETA_MAX": 1.6,
    "N": 20,
    "T_HORIZON": 0.7,
    "RAMP_TIME": 0.7,
    "BARRIER_WEIGHT": 10,
    "OBSTACLE_WEIGHT": [
      200,
      300,
      200,
      100
    ],
    "OBSTACLE_RADIUS": 0.2,
    "TUNNEL_WIDTH": 0.4,
    "TUNNEL_WIDTH_GATE": 0.2,
    "NARROW_DIST": 0.6,
    "GATE_FLAT_DIST": 0.4,
    "Q_OMEGA": 2,
    "R_VTHETA": 1.0,
    "REG_THRUST": 0.05,
    "REG_INPUTS": 0.02
  },
  "box_lims": {
    "vtheta_max": 1.6,
    "dvtheta_max": 1.6
  }
}
2025-06-28 18:55:22,868 | INFO    | ===== INITIAL STATE DUMP =====
2025-06-28 18:55:22,868 | DEBUG   | {
  "xcurrent": [
    1.0695701837539673,
    1.4653962850570679,
    0.07814046740531921,
    0.0,
    0.0,
    0.0
  ],
  "params": {
    "QC": 10,
    "QC_GATE": 50,
    "QL": 40,
    "MU": 10,
    "DVTHETA_MAX": 1.6,
    "N": 20,
    "T_HORIZON": 0.7,
    "RAMP_TIME": 0.7,
    "BARRIER_WEIGHT": 10,
    "OBSTACLE_WEIGHT": [
      200,
      300,
      200,
      100
    ],
    "OBSTACLE_RADIUS": 0.2,
    "TUNNEL_WIDTH": 0.4,
    "TUNNEL_WIDTH_GATE": 0.2,
    "NARROW_DIST": 0.6,
    "GATE_FLAT_DIST": 0.4,
    "Q_OMEGA": 2,
    "R_VTHETA": 1.0,
    "REG_THRUST": 0.05,
    "REG_INPUTS": 0.02
  },
  "box_lims": {
    "vtheta_max": 1.6,
    "dvtheta_max": 1.6
  }
}
2025-06-28 18:55:28,585 | ERROR   | Solver failed | status=4 | SQP it=23 | KKT=4.28e-08 | t=0.033s
2025-06-28 18:55:28,588 | ERROR   | Dump saved → debug_logs/fail/tick0182.json
2025-06-28 18:55:28,625 | ERROR   | Solver failed | status=4 | SQP it=1 | KKT=1.03e+02 | t=0.008s
2025-06-28 18:55:28,626 | ERROR   | Dump saved → debug_logs/fail/tick0183.json
2025-06-28 18:55:28,671 | ERROR   | Solver failed | status=4 | SQP it=1 | KKT=1.03e+02 | t=0.017s
2025-06-28 18:55:28,671 | ERROR   | Dump saved → debug_logs/fail/tick0184.json
2025-06-28 18:55:28,711 | ERROR   | Solver failed | status=4 | SQP it=1 | KKT=1.03e+02 | t=0.011s
2025-06-28 18:55:28,712 | ERROR   | Dump saved → debug_logs/fail/tick0185.json
2025-06-28 18:55:28,749 | ERROR   | Solver failed | status=4 | SQP it=1 | KKT=1.03e+02 | t=0.010s
2025-06-28 18:55:28,750 | ERROR   | Dump saved → debug_logs/fail/tick0186.json
2025-06-28 18:55:28,789 | ERROR   | Solver failed | status=4 | SQP it=1 | KKT=1.03e+02 | t=0.011s
2025-06-28 18:55:28,789 | ERROR   | Dump saved → debug_logs/fail/tick0187.json
2025-06-28 18:55:31,553 | ERROR   | Solver failed | status=2 | SQP it=1000 | KKT=1.84e-08 | t=0.594s
2025-06-28 18:55:31,554 | ERROR   | Dump saved → debug_logs/fail/tick0248.json
2025-06-28 18:55:32,212 | ERROR   | Solver failed | status=2 | SQP it=1000 | KKT=3.02e-08 | t=0.622s
2025-06-28 18:55:32,214 | ERROR   | Dump saved → debug_logs/fail/tick0249.json
2025-06-28 18:55:32,888 | ERROR   | Solver failed | status=2 | SQP it=1000 | KKT=8.23e-08 | t=0.647s
2025-06-28 18:55:32,890 | ERROR   | Dump saved → debug_logs/fail/tick0250.json
2025-06-28 18:55:33,490 | ERROR   | Solver failed | status=2 | SQP it=1000 | KKT=7.40e-10 | t=0.572s
2025-06-28 18:55:33,492 | ERROR   | Dump saved → debug_logs/fail/tick0251.json
2025-06-28 18:55:34,931 | ERROR   | Solver failed | status=2 | SQP it=1000 | KKT=1.29e-12 | t=0.600s
2025-06-28 18:55:34,932 | ERROR   | Dump saved → debug_logs/fail/tick0271.json
2025-06-28 18:55:35,579 | ERROR   | Solver failed | status=2 | SQP it=1000 | KKT=6.71e-08 | t=0.620s
2025-06-28 18:55:35,579 | ERROR   | Dump saved → debug_logs/fail/tick0272.json
2025-06-28 18:55:36,255 | ERROR   | Solver failed | status=2 | SQP it=1000 | KKT=7.54e-08 | t=0.648s
2025-06-28 18:55:36,256 | ERROR   | Dump saved → debug_logs/fail/tick0273.json
2025-06-28 18:55:36,308 | ERROR   | Solver failed | status=4 | SQP it=11 | KKT=2.22e-09 | t=0.022s
2025-06-28 18:55:36,309 | ERROR   | Dump saved → debug_logs/fail/tick0274.json
2025-06-28 18:55:37,065 | ERROR   | Solver failed | status=4 | SQP it=854 | KKT=1.59e-08 | t=0.729s
2025-06-28 18:55:37,066 | ERROR   | Dump saved → debug_logs/fail/tick0275.json
2025-06-28 18:55:38,063 | ERROR   | Solver failed | status=2 | SQP it=1000 | KKT=1.33e-08 | t=0.961s
2025-06-28 18:55:38,064 | ERROR   | Dump saved → debug_logs/fail/tick0276.json
2025-06-28 18:55:38,375 | ERROR   | Solver failed | status=4 | SQP it=237 | KKT=1.78e-09 | t=0.282s
2025-06-28 18:55:38,377 | ERROR   | Dump saved → debug_logs/fail/tick0277.json
2025-06-28 18:55:38,428 | ERROR   | Solver failed | status=4 | SQP it=1 | KKT=1.24e+02 | t=0.024s
2025-06-28 18:55:38,428 | ERROR   | Dump saved → debug_logs/fail/tick0278.json
2025-06-28 18:55:38,933 | ERROR   | Solver failed | status=4 | SQP it=369 | KKT=9.83e-11 | t=0.480s
2025-06-28 18:55:38,934 | ERROR   | Dump saved → debug_logs/fail/tick0279.json
2025-06-28 18:55:39,184 | ERROR   | Solver failed | status=4 | SQP it=219 | KKT=8.98e-08 | t=0.225s
2025-06-28 18:55:39,185 | ERROR   | Dump saved → debug_logs/fail/tick0280.json
2025-06-28 18:55:40,346 | ERROR   | Solver failed | status=2 | SQP it=1000 | KKT=2.17e-08 | t=1.136s
2025-06-28 18:55:40,347 | ERROR   | Dump saved → debug_logs/fail/tick0281.json
2025-06-28 18:55:40,561 | ERROR   | Solver failed | status=4 | SQP it=187 | KKT=6.34e-09 | t=0.187s
2025-06-28 18:55:40,561 | ERROR   | Dump saved → debug_logs/fail/tick0282.json
2025-06-28 18:55:40,593 | ERROR   | Solver failed | status=4 | SQP it=1 | KKT=7.69e+01 | t=0.002s
2025-06-28 18:55:40,594 | ERROR   | Dump saved → debug_logs/fail/tick0283.json
2025-06-28 18:55:40,619 | ERROR   | Solver failed | status=4 | SQP it=1 | KKT=7.69e+01 | t=0.003s
2025-06-28 18:55:40,619 | ERROR   | Dump saved → debug_logs/fail/tick0284.json
2025-06-28 18:55:40,651 | ERROR   | Solver failed | status=4 | SQP it=1 | KKT=7.69e+01 | t=0.003s
2025-06-28 18:55:40,652 | ERROR   | Dump saved → debug_logs/fail/tick0285.json
2025-06-28 18:55:40,678 | ERROR   | Solver failed | status=4 | SQP it=1 | KKT=7.69e+01 | t=0.001s
2025-06-28 18:55:40,679 | ERROR   | Dump saved → debug_logs/fail/tick0286.json
2025-06-28 18:55:40,707 | ERROR   | Solver failed | status=4 | SQP it=1 | KKT=7.69e+01 | t=0.002s
2025-06-28 18:55:40,707 | ERROR   | Dump saved → debug_logs/fail/tick0287.json
2025-06-28 18:55:42,347 | INFO    | ===== INITIAL STATE DUMP =====
2025-06-28 18:55:42,347 | DEBUG   | {
  "xcurrent": [
    1.0439801216125488,
    1.470921516418457,
    0.07705073058605194,
    0.0,
    0.0,
    0.0
  ],
  "params": {
    "QC": 10,
    "QC_GATE": 50,
    "QL": 40,
    "MU": 10,
    "DVTHETA_MAX": 1.6,
    "N": 20,
    "T_HORIZON": 0.7,
    "RAMP_TIME": 0.7,
    "BARRIER_WEIGHT": 10,
    "OBSTACLE_WEIGHT": [
      200,
      300,
      200,
      100
    ],
    "OBSTACLE_RADIUS": 0.2,
    "TUNNEL_WIDTH": 0.4,
    "TUNNEL_WIDTH_GATE": 0.2,
    "NARROW_DIST": 0.6,
    "GATE_FLAT_DIST": 0.4,
    "Q_OMEGA": 2,
    "R_VTHETA": 1.0,
    "REG_THRUST": 0.05,
    "REG_INPUTS": 0.02
  },
  "box_lims": {
    "vtheta_max": 1.6,
    "dvtheta_max": 1.6
  }
}
2025-06-28 18:55:46,909 | INFO    | ===== INITIAL STATE DUMP =====
2025-06-28 18:55:46,910 | DEBUG   | {
  "xcurrent": [
    1.0473456382751465,
    1.5693836212158203,
    0.08958215266466141,
    0.0,
    0.0,
    0.0
  ],
  "params": {
    "QC": 10,
    "QC_GATE": 50,
    "QL": 40,
    "MU": 10,
    "DVTHETA_MAX": 1.6,
    "N": 20,
    "T_HORIZON": 0.7,
    "RAMP_TIME": 0.7,
    "BARRIER_WEIGHT": 10,
    "OBSTACLE_WEIGHT": [
      200,
      300,
      200,
      100
    ],
    "OBSTACLE_RADIUS": 0.2,
    "TUNNEL_WIDTH": 0.4,
    "TUNNEL_WIDTH_GATE": 0.2,
    "NARROW_DIST": 0.6,
    "GATE_FLAT_DIST": 0.4,
    "Q_OMEGA": 2,
    "R_VTHETA": 1.0,
    "REG_THRUST": 0.05,
    "REG_INPUTS": 0.02
  },
  "box_lims": {
    "vtheta_max": 1.6,
    "dvtheta_max": 1.6
  }
}
2025-06-28 18:55:51,487 | INFO    | ===== INITIAL STATE DUMP =====
2025-06-28 18:55:51,487 | DEBUG   | {
  "xcurrent": [
    1.0667394399642944,
    1.581677794456482,
    0.07248696684837341,
    0.0,
    0.0,
    0.0
  ],
  "params": {
    "QC": 10,
    "QC_GATE": 50,
    "QL": 40,
    "MU": 10,
    "DVTHETA_MAX": 1.6,
    "N": 20,
    "T_HORIZON": 0.7,
    "RAMP_TIME": 0.7,
    "BARRIER_WEIGHT": 10,
    "OBSTACLE_WEIGHT": [
      200,
      300,
      200,
      100
    ],
    "OBSTACLE_RADIUS": 0.2,
    "TUNNEL_WIDTH": 0.4,
    "TUNNEL_WIDTH_GATE": 0.2,
    "NARROW_DIST": 0.6,
    "GATE_FLAT_DIST": 0.4,
    "Q_OMEGA": 2,
    "R_VTHETA": 1.0,
    "REG_THRUST": 0.05,
    "REG_INPUTS": 0.02
  },
  "box_lims": {
    "vtheta_max": 1.6,
    "dvtheta_max": 1.6
  }
}
2025-06-28 18:55:55,834 | INFO    | ===== INITIAL STATE DUMP =====
2025-06-28 18:55:55,834 | DEBUG   | {
  "xcurrent": [
    1.0986064672470093,
    1.5891653299331665,
    0.0716608390212059,
    0.0,
    0.0,
    0.0
  ],
  "params": {
    "QC": 10,
    "QC_GATE": 50,
    "QL": 40,
    "MU": 10,
    "DVTHETA_MAX": 1.6,
    "N": 20,
    "T_HORIZON": 0.7,
    "RAMP_TIME": 0.7,
    "BARRIER_WEIGHT": 10,
    "OBSTACLE_WEIGHT": [
      200,
      300,
      200,
      100
    ],
    "OBSTACLE_RADIUS": 0.2,
    "TUNNEL_WIDTH": 0.4,
    "TUNNEL_WIDTH_GATE": 0.2,
    "NARROW_DIST": 0.6,
    "GATE_FLAT_DIST": 0.4,
    "Q_OMEGA": 2,
    "R_VTHETA": 1.0,
    "REG_THRUST": 0.05,
    "REG_INPUTS": 0.02
  },
  "box_lims": {
    "vtheta_max": 1.6,
    "dvtheta_max": 1.6
  }
}
2025-06-28 18:56:00,504 | INFO    | ===== INITIAL STATE DUMP =====
2025-06-28 18:56:00,504 | DEBUG   | {
  "xcurrent": [
    0.9736403822898865,
    1.4059474468231201,
    0.08096923679113388,
    0.0,
    0.0,
    0.0
  ],
  "params": {
    "QC": 10,
    "QC_GATE": 50,
    "QL": 40,
    "MU": 10,
    "DVTHETA_MAX": 1.6,
    "N": 20,
    "T_HORIZON": 0.7,
    "RAMP_TIME": 0.7,
    "BARRIER_WEIGHT": 10,
    "OBSTACLE_WEIGHT": [
      200,
      300,
      200,
      100
    ],
    "OBSTACLE_RADIUS": 0.2,
    "TUNNEL_WIDTH": 0.4,
    "TUNNEL_WIDTH_GATE": 0.2,
    "NARROW_DIST": 0.6,
    "GATE_FLAT_DIST": 0.4,
    "Q_OMEGA": 2,
    "R_VTHETA": 1.0,
    "REG_THRUST": 0.05,
    "REG_INPUTS": 0.02
  },
  "box_lims": {
    "vtheta_max": 1.6,
    "dvtheta_max": 1.6
  }
}
2025-06-28 18:56:09,904 | ERROR   | Solver failed | status=4 | SQP it=2 | KKT=1.18e+01 | t=0.002s
2025-06-28 18:56:09,906 | ERROR   | Dump saved → debug_logs/fail/tick0298.json
2025-06-28 18:56:09,934 | ERROR   | Solver failed | status=4 | SQP it=1 | KKT=7.29e-01 | t=0.001s
2025-06-28 18:56:09,935 | ERROR   | Dump saved → debug_logs/fail/tick0299.json
2025-06-28 18:56:09,962 | ERROR   | Solver failed | status=4 | SQP it=1 | KKT=7.29e-01 | t=0.001s
2025-06-28 18:56:09,963 | ERROR   | Dump saved → debug_logs/fail/tick0300.json
2025-06-28 18:56:09,989 | ERROR   | Solver failed | status=4 | SQP it=1 | KKT=7.29e-01 | t=0.001s
2025-06-28 18:56:09,990 | ERROR   | Dump saved → debug_logs/fail/tick0301.json
2025-06-28 18:56:10,017 | ERROR   | Solver failed | status=4 | SQP it=1 | KKT=7.29e-01 | t=0.001s
2025-06-28 18:56:10,018 | ERROR   | Dump saved → debug_logs/fail/tick0302.json
2025-06-28 18:56:14,027 | INFO    | ===== INITIAL STATE DUMP =====
2025-06-28 18:56:14,028 | DEBUG   | {
  "xcurrent": [
    1.0239965915679932,
    1.4657715559005737,
    0.08691132813692093,
    0.0,
    0.0,
    0.0
  ],
  "params": {
    "QC": 10,
    "QC_GATE": 50,
    "QL": 40,
    "MU": 10,
    "DVTHETA_MAX": 1.6,
    "N": 20,
    "T_HORIZON": 0.7,
    "RAMP_TIME": 0.7,
    "BARRIER_WEIGHT": 10,
    "OBSTACLE_WEIGHT": [
      200,
      300,
      200,
      100
    ],
    "OBSTACLE_RADIUS": 0.2,
    "TUNNEL_WIDTH": 0.4,
    "TUNNEL_WIDTH_GATE": 0.2,
    "NARROW_DIST": 0.6,
    "GATE_FLAT_DIST": 0.4,
    "Q_OMEGA": 2,
    "R_VTHETA": 1.0,
    "REG_THRUST": 0.05,
    "REG_INPUTS": 0.02
  },
  "box_lims": {
    "vtheta_max": 1.6,
    "dvtheta_max": 1.6
  }
}
