2025-06-25 14:09:13,759 | INFO    | ===== INITIAL STATE DUMP =====
2025-06-25 14:09:13,759 | DEBUG   | {
  "xcurrent": [
    1.089695930480957,
    1.4088244438171387,
    0.08456537127494812,
    0.0,
    0.0,
    0.0
  ],
  "params": {
    "QC": 10,
    "QC_GATE": 50,
    "QL": 40,
    "MU": 10,
    "DVTHETA_MAX": 1.7,
    "N": 15,
    "T_HORIZON": 0.8,
    "RAMP_TIME": 1.8,
    "BARRIER_WEIGHT": 10,
    "TUNNEL_WIDTH": 0.5,
    "TUNNEL_WIDTH_GATE": 0.15,
    "NARROW_DIST": 0.7,
    "GATE_FLAT_DIST": 0.2,
    "Q_OMEGA": 2,
    "R_VTHETA": 1.0,
    "IN_GATE_RAMP_TIME": 0.3,
    "OUT_GATE_RAMP_TIME": 0.5
  },
  "box_lims": {
    "vtheta_max": 1.7,
    "dvtheta_max": 1.7
  }
}
2025-06-25 14:09:22,681 | ERROR   | Solver failed | status=2 | SQP it=1000 | KKT=1.12e-08 | t=0.462s
2025-06-25 14:09:22,682 | ERROR   | Dump saved → debug_logs/fail/tick0041.json
2025-06-25 14:09:23,124 | ERROR   | Solver failed | status=2 | SQP it=1000 | KKT=9.10e-08 | t=0.418s
2025-06-25 14:09:23,125 | ERROR   | Dump saved → debug_logs/fail/tick0042.json
2025-06-25 14:09:28,496 | INFO    | ===== INITIAL STATE DUMP =====
2025-06-25 14:09:28,496 | DEBUG   | {
  "xcurrent": [
    1.0746018886566162,
    1.4415370225906372,
    0.07033200562000275,
    0.0,
    0.0,
    0.0
  ],
  "params": {
    "QC": 10,
    "QC_GATE": 50,
    "QL": 40,
    "MU": 10,
    "DVTHETA_MAX": 1.7,
    "N": 15,
    "T_HORIZON": 0.8,
    "RAMP_TIME": 1.8,
    "BARRIER_WEIGHT": 10,
    "TUNNEL_WIDTH": 0.5,
    "TUNNEL_WIDTH_GATE": 0.15,
    "NARROW_DIST": 0.7,
    "GATE_FLAT_DIST": 0.2,
    "Q_OMEGA": 2,
    "R_VTHETA": 1.0,
    "IN_GATE_RAMP_TIME": 0.3,
    "OUT_GATE_RAMP_TIME": 0.5
  },
  "box_lims": {
    "vtheta_max": 1.7,
    "dvtheta_max": 1.7
  }
}
2025-06-25 14:09:32,826 | ERROR   | Solver failed | status=2 | SQP it=1000 | KKT=6.14e-08 | t=0.527s
2025-06-25 14:09:32,828 | ERROR   | Dump saved → debug_logs/fail/tick0073.json
2025-06-25 14:09:34,797 | INFO    | ===== INITIAL STATE DUMP =====
2025-06-25 14:09:34,797 | DEBUG   | {
  "xcurrent": [
    0.9501963257789612,
    1.4074106216430664,
    0.07175962626934052,
    0.0,
    0.0,
    0.0
  ],
  "params": {
    "QC": 10,
    "QC_GATE": 50,
    "QL": 40,
    "MU": 10,
    "DVTHETA_MAX": 1.7,
    "N": 15,
    "T_HORIZON": 0.8,
    "RAMP_TIME": 1.8,
    "BARRIER_WEIGHT": 10,
    "TUNNEL_WIDTH": 0.5,
    "TUNNEL_WIDTH_GATE": 0.15,
    "NARROW_DIST": 0.7,
    "GATE_FLAT_DIST": 0.2,
    "Q_OMEGA": 2,
    "R_VTHETA": 1.0,
    "IN_GATE_RAMP_TIME": 0.3,
    "OUT_GATE_RAMP_TIME": 0.5
  },
  "box_lims": {
    "vtheta_max": 1.7,
    "dvtheta_max": 1.7
  }
}
