2025-06-10 14:30:55,813 | INFO    | ===== INITIAL STATE DUMP =====
2025-06-10 14:30:55,814 | DEBUG   | {
  "xcurrent": [
    1.0,
    1.5,
    0.07000000029802322,
    0.0,
    0.0,
    0.0
  ],
  "params": {
    "QC": 10,
    "QL": 80,
    "MU": 10,
    "DVTHETA_MAX": 1.8,
    "N": 20,
    "T_HORIZON": 1.05,
    "RAMP_TIME": 1.8,
    "BARRIER_WEIGHT": 10,
    "TUNNEL_WIDTH": 0.25,
    "Q_OMEGA": 2,
    "R_VTHETA": 1.0
  },
  "box_lims": {
    "vtheta_max": 1.8,
    "dvtheta_max": 1.8
  }
}
2025-06-10 14:32:34,446 | ERROR   | Solver failed | status=1 | SQP it=61 | KKT=1.20e-08 | t=0.075s
2025-06-10 14:32:34,448 | ERROR   | Dump saved → debug_logs/fail/tick0231.json
2025-06-10 14:32:34,472 | ERROR   | Solver failed | status=1 | SQP it=0 | KKT=nan | t=0.000s
2025-06-10 14:32:34,473 | ERROR   | Dump saved → debug_logs/fail/tick0232.json
2025-06-10 14:32:36,399 | ERROR   | Solver failed | status=1 | SQP it=0 | KKT=nan | t=0.000s
2025-06-10 14:32:36,402 | ERROR   | Dump saved → debug_logs/fail/tick0233.json
2025-06-10 14:32:36,447 | ERROR   | Solver failed | status=1 | SQP it=0 | KKT=nan | t=0.000s
2025-06-10 14:32:36,448 | ERROR   | Dump saved → debug_logs/fail/tick0234.json
2025-06-10 14:32:36,482 | ERROR   | Solver failed | status=1 | SQP it=0 | KKT=nan | t=0.000s
2025-06-10 14:32:36,483 | ERROR   | Dump saved → debug_logs/fail/tick0235.json
2025-06-10 14:32:36,515 | ERROR   | Solver failed | status=1 | SQP it=0 | KKT=nan | t=0.000s
2025-06-10 14:32:36,516 | ERROR   | Dump saved → debug_logs/fail/tick0236.json
2025-06-10 14:32:37,603 | ERROR   | Solver failed | status=1 | SQP it=0 | KKT=nan | t=0.000s
2025-06-10 14:32:37,606 | ERROR   | Dump saved → debug_logs/fail/tick0237.json
2025-06-10 14:32:37,650 | ERROR   | Solver failed | status=1 | SQP it=0 | KKT=nan | t=0.000s
2025-06-10 14:32:37,651 | ERROR   | Dump saved → debug_logs/fail/tick0238.json
2025-06-10 14:32:37,686 | ERROR   | Solver failed | status=1 | SQP it=0 | KKT=nan | t=0.000s
2025-06-10 14:32:37,687 | ERROR   | Dump saved → debug_logs/fail/tick0239.json
2025-06-10 14:32:37,718 | ERROR   | Solver failed | status=1 | SQP it=0 | KKT=nan | t=0.000s
2025-06-10 14:32:37,719 | ERROR   | Dump saved → debug_logs/fail/tick0240.json
2025-06-10 14:32:37,751 | ERROR   | Solver failed | status=1 | SQP it=0 | KKT=nan | t=0.000s
2025-06-10 14:32:37,752 | ERROR   | Dump saved → debug_logs/fail/tick0241.json
2025-06-10 14:32:37,784 | ERROR   | Solver failed | status=1 | SQP it=0 | KKT=nan | t=0.000s
2025-06-10 14:32:37,785 | ERROR   | Dump saved → debug_logs/fail/tick0242.json
2025-06-10 14:32:37,816 | ERROR   | Solver failed | status=1 | SQP it=0 | KKT=nan | t=0.000s
2025-06-10 14:32:37,818 | ERROR   | Dump saved → debug_logs/fail/tick0243.json
2025-06-10 14:32:37,849 | ERROR   | Solver failed | status=1 | SQP it=0 | KKT=nan | t=0.000s
2025-06-10 14:32:37,850 | ERROR   | Dump saved → debug_logs/fail/tick0244.json
2025-06-10 14:32:37,882 | ERROR   | Solver failed | status=1 | SQP it=0 | KKT=nan | t=0.000s
2025-06-10 14:32:37,883 | ERROR   | Dump saved → debug_logs/fail/tick0245.json
2025-06-10 14:32:37,911 | ERROR   | Solver failed | status=1 | SQP it=0 | KKT=nan | t=0.000s
2025-06-10 14:32:37,912 | ERROR   | Dump saved → debug_logs/fail/tick0246.json
2025-06-10 14:32:37,943 | ERROR   | Solver failed | status=1 | SQP it=0 | KKT=nan | t=0.000s
2025-06-10 14:32:37,943 | ERROR   | Dump saved → debug_logs/fail/tick0247.json
2025-06-10 14:32:37,970 | ERROR   | Solver failed | status=1 | SQP it=0 | KKT=nan | t=0.000s
2025-06-10 14:32:37,971 | ERROR   | Dump saved → debug_logs/fail/tick0248.json
2025-06-10 14:32:37,998 | ERROR   | Solver failed | status=1 | SQP it=0 | KKT=nan | t=0.000s
2025-06-10 14:32:37,999 | ERROR   | Dump saved → debug_logs/fail/tick0249.json
2025-06-10 14:32:38,027 | ERROR   | Solver failed | status=1 | SQP it=0 | KKT=nan | t=0.000s
2025-06-10 14:32:38,028 | ERROR   | Dump saved → debug_logs/fail/tick0250.json
2025-06-10 14:32:38,060 | ERROR   | Solver failed | status=1 | SQP it=0 | KKT=nan | t=0.000s
2025-06-10 14:32:38,061 | ERROR   | Dump saved → debug_logs/fail/tick0251.json
2025-06-10 14:32:38,089 | ERROR   | Solver failed | status=1 | SQP it=0 | KKT=nan | t=0.000s
2025-06-10 14:32:38,090 | ERROR   | Dump saved → debug_logs/fail/tick0252.json
2025-06-10 14:32:38,117 | ERROR   | Solver failed | status=1 | SQP it=0 | KKT=nan | t=0.000s
2025-06-10 14:32:38,118 | ERROR   | Dump saved → debug_logs/fail/tick0253.json
2025-06-10 14:32:38,146 | ERROR   | Solver failed | status=1 | SQP it=0 | KKT=nan | t=0.000s
2025-06-10 14:32:38,147 | ERROR   | Dump saved → debug_logs/fail/tick0254.json
2025-06-10 14:32:38,178 | ERROR   | Solver failed | status=1 | SQP it=0 | KKT=nan | t=0.000s
2025-06-10 14:32:38,178 | ERROR   | Dump saved → debug_logs/fail/tick0255.json
2025-06-10 14:32:38,211 | ERROR   | Solver failed | status=1 | SQP it=0 | KKT=nan | t=0.000s
2025-06-10 14:32:38,212 | ERROR   | Dump saved → debug_logs/fail/tick0256.json
2025-06-10 14:32:38,245 | ERROR   | Solver failed | status=1 | SQP it=0 | KKT=nan | t=0.000s
2025-06-10 14:32:38,246 | ERROR   | Dump saved → debug_logs/fail/tick0257.json
2025-06-10 14:32:38,278 | ERROR   | Solver failed | status=1 | SQP it=0 | KKT=nan | t=0.000s
2025-06-10 14:32:38,279 | ERROR   | Dump saved → debug_logs/fail/tick0258.json
2025-06-10 14:32:38,313 | ERROR   | Solver failed | status=1 | SQP it=0 | KKT=nan | t=0.000s
2025-06-10 14:32:38,314 | ERROR   | Dump saved → debug_logs/fail/tick0259.json
2025-06-10 14:32:38,347 | ERROR   | Solver failed | status=1 | SQP it=0 | KKT=nan | t=0.000s
2025-06-10 14:32:38,348 | ERROR   | Dump saved → debug_logs/fail/tick0260.json
2025-06-10 14:32:38,377 | ERROR   | Solver failed | status=1 | SQP it=0 | KKT=nan | t=0.000s
2025-06-10 14:32:38,378 | ERROR   | Dump saved → debug_logs/fail/tick0261.json
2025-06-10 14:32:38,405 | ERROR   | Solver failed | status=1 | SQP it=0 | KKT=nan | t=0.000s
2025-06-10 14:32:38,406 | ERROR   | Dump saved → debug_logs/fail/tick0262.json
2025-06-10 14:32:38,433 | ERROR   | Solver failed | status=1 | SQP it=0 | KKT=nan | t=0.000s
2025-06-10 14:32:38,434 | ERROR   | Dump saved → debug_logs/fail/tick0263.json
2025-06-10 14:32:38,461 | ERROR   | Solver failed | status=1 | SQP it=0 | KKT=nan | t=0.000s
2025-06-10 14:32:38,462 | ERROR   | Dump saved → debug_logs/fail/tick0264.json
2025-06-10 14:32:38,494 | ERROR   | Solver failed | status=1 | SQP it=0 | KKT=nan | t=0.000s
2025-06-10 14:32:38,495 | ERROR   | Dump saved → debug_logs/fail/tick0265.json
2025-06-10 14:32:38,522 | ERROR   | Solver failed | status=1 | SQP it=0 | KKT=nan | t=0.000s
2025-06-10 14:32:38,523 | ERROR   | Dump saved → debug_logs/fail/tick0266.json
2025-06-10 14:32:38,550 | ERROR   | Solver failed | status=1 | SQP it=0 | KKT=nan | t=0.000s
2025-06-10 14:32:38,551 | ERROR   | Dump saved → debug_logs/fail/tick0267.json
2025-06-10 14:32:38,579 | ERROR   | Solver failed | status=1 | SQP it=0 | KKT=nan | t=0.000s
2025-06-10 14:32:38,579 | ERROR   | Dump saved → debug_logs/fail/tick0268.json
2025-06-10 14:32:38,608 | ERROR   | Solver failed | status=1 | SQP it=0 | KKT=nan | t=0.000s
2025-06-10 14:32:38,609 | ERROR   | Dump saved → debug_logs/fail/tick0269.json
2025-06-10 14:32:38,638 | ERROR   | Solver failed | status=1 | SQP it=0 | KKT=nan | t=0.000s
2025-06-10 14:32:38,639 | ERROR   | Dump saved → debug_logs/fail/tick0270.json
2025-06-10 14:32:38,667 | ERROR   | Solver failed | status=1 | SQP it=0 | KKT=nan | t=0.000s
2025-06-10 14:32:38,668 | ERROR   | Dump saved → debug_logs/fail/tick0271.json
2025-06-10 14:32:38,697 | ERROR   | Solver failed | status=1 | SQP it=0 | KKT=nan | t=0.000s
2025-06-10 14:32:38,698 | ERROR   | Dump saved → debug_logs/fail/tick0272.json
2025-06-10 14:32:38,730 | ERROR   | Solver failed | status=1 | SQP it=0 | KKT=nan | t=0.000s
2025-06-10 14:32:38,731 | ERROR   | Dump saved → debug_logs/fail/tick0273.json
2025-06-10 14:32:38,763 | ERROR   | Solver failed | status=1 | SQP it=0 | KKT=nan | t=0.000s
2025-06-10 14:32:38,764 | ERROR   | Dump saved → debug_logs/fail/tick0274.json
2025-06-10 14:32:38,797 | ERROR   | Solver failed | status=1 | SQP it=0 | KKT=nan | t=0.000s
2025-06-10 14:32:38,798 | ERROR   | Dump saved → debug_logs/fail/tick0275.json
2025-06-10 14:32:38,830 | ERROR   | Solver failed | status=1 | SQP it=0 | KKT=nan | t=0.000s
2025-06-10 14:32:38,831 | ERROR   | Dump saved → debug_logs/fail/tick0276.json
2025-06-10 14:32:38,860 | ERROR   | Solver failed | status=1 | SQP it=0 | KKT=nan | t=0.000s
2025-06-10 14:32:38,861 | ERROR   | Dump saved → debug_logs/fail/tick0277.json
2025-06-10 14:32:38,889 | ERROR   | Solver failed | status=1 | SQP it=0 | KKT=nan | t=0.000s
2025-06-10 14:32:38,890 | ERROR   | Dump saved → debug_logs/fail/tick0278.json
2025-06-10 14:32:38,917 | ERROR   | Solver failed | status=1 | SQP it=0 | KKT=nan | t=0.000s
2025-06-10 14:32:38,918 | ERROR   | Dump saved → debug_logs/fail/tick0279.json
2025-06-10 14:32:38,944 | ERROR   | Solver failed | status=1 | SQP it=0 | KKT=nan | t=0.000s
2025-06-10 14:32:38,945 | ERROR   | Dump saved → debug_logs/fail/tick0280.json
2025-06-10 14:32:38,972 | ERROR   | Solver failed | status=1 | SQP it=0 | KKT=nan | t=0.000s
2025-06-10 14:32:38,973 | ERROR   | Dump saved → debug_logs/fail/tick0281.json
2025-06-10 14:32:39,000 | ERROR   | Solver failed | status=1 | SQP it=0 | KKT=nan | t=0.000s
2025-06-10 14:32:39,001 | ERROR   | Dump saved → debug_logs/fail/tick0282.json
2025-06-10 14:32:39,028 | ERROR   | Solver failed | status=1 | SQP it=0 | KKT=nan | t=0.000s
2025-06-10 14:32:39,029 | ERROR   | Dump saved → debug_logs/fail/tick0283.json
2025-06-10 14:32:39,060 | ERROR   | Solver failed | status=1 | SQP it=0 | KKT=nan | t=0.000s
2025-06-10 14:32:39,061 | ERROR   | Dump saved → debug_logs/fail/tick0284.json
2025-06-10 14:32:39,088 | ERROR   | Solver failed | status=1 | SQP it=0 | KKT=nan | t=0.000s
2025-06-10 14:32:39,089 | ERROR   | Dump saved → debug_logs/fail/tick0285.json
2025-06-10 14:32:39,117 | ERROR   | Solver failed | status=1 | SQP it=0 | KKT=nan | t=0.000s
2025-06-10 14:32:39,118 | ERROR   | Dump saved → debug_logs/fail/tick0286.json
2025-06-10 14:32:39,147 | ERROR   | Solver failed | status=1 | SQP it=0 | KKT=nan | t=0.000s
2025-06-10 14:32:39,148 | ERROR   | Dump saved → debug_logs/fail/tick0287.json
2025-06-10 14:32:39,179 | ERROR   | Solver failed | status=1 | SQP it=0 | KKT=nan | t=0.000s
2025-06-10 14:32:39,180 | ERROR   | Dump saved → debug_logs/fail/tick0288.json
2025-06-10 14:32:39,213 | ERROR   | Solver failed | status=1 | SQP it=0 | KKT=nan | t=0.000s
2025-06-10 14:32:39,214 | ERROR   | Dump saved → debug_logs/fail/tick0289.json
2025-06-10 14:32:40,720 | INFO    | ===== INITIAL STATE DUMP =====
2025-06-10 14:32:40,720 | DEBUG   | {
  "xcurrent": [
    1.0,
    1.5,
    0.07000000029802322,
    0.0,
    0.0,
    0.0
  ],
  "params": {
    "QC": 10,
    "QL": 80,
    "MU": 10,
    "DVTHETA_MAX": 1.8,
    "N": 20,
    "T_HORIZON": 1.05,
    "RAMP_TIME": 1.8,
    "BARRIER_WEIGHT": 10,
    "TUNNEL_WIDTH": 0.25,
    "Q_OMEGA": 2,
    "R_VTHETA": 1.0
  },
  "box_lims": {
    "vtheta_max": 1.8,
    "dvtheta_max": 1.8
  }
}
