2025-06-10 16:23:24,956 | INFO    | ===== INITIAL STATE DUMP =====
2025-06-10 16:23:24,956 | DEBUG   | {
  "xcurrent": [
    1.089695930480957,
    1.4088244438171387,
    0.08456537127494812,
    0.0,
    0.0,
    0.0
  ],
  "params": {
    "QC": 10,
    "QL": 80,
    "MU": 10,
    "DVTHETA_MAX": 1.9,
    "N": 20,
    "T_HORIZON": 1.5,
    "RAMP_TIME": 1.8,
    "BARRIER_WEIGHT": 10,
    "TUNNEL_WIDTH": 0.5,
    "TUNNEL_WIDTH_GATE": 0.2,
    "Q_OMEGA": 2,
    "R_VTHETA": 1.0,
    "IN_GATE_RAMP_TIME": 0.4,
    "OUT_GATE_RAMP_TIME": 3
  },
  "box_lims": {
    "vtheta_max": 1.9,
    "dvtheta_max": 1.9
  }
}
2025-06-10 16:23:35,161 | INFO    | ===== INITIAL STATE DUMP =====
2025-06-10 16:23:35,162 | DEBUG   | {
  "xcurrent": [
    1.0078709125518799,
    1.495231032371521,
    0.08211961388587952,
    0.0,
    0.0,
    0.0
  ],
  "params": {
    "QC": 10,
    "QL": 80,
    "MU": 10,
    "DVTHETA_MAX": 1.9,
    "N": 20,
    "T_HORIZON": 1.5,
    "RAMP_TIME": 1.8,
    "BARRIER_WEIGHT": 10,
    "TUNNEL_WIDTH": 0.5,
    "TUNNEL_WIDTH_GATE": 0.2,
    "Q_OMEGA": 2,
    "R_VTHETA": 1.0,
    "IN_GATE_RAMP_TIME": 0.4,
    "OUT_GATE_RAMP_TIME": 3
  },
  "box_lims": {
    "vtheta_max": 1.9,
    "dvtheta_max": 1.9
  }
}
2025-06-10 16:23:36,894 | ERROR   | Solver failed | status=1 | SQP it=1 | KKT=1.05e+02 | t=0.001s
2025-06-10 16:23:36,896 | ERROR   | Dump saved → debug_logs/fail/tick0060.json
2025-06-10 16:23:36,924 | ERROR   | Solver failed | status=1 | SQP it=0 | KKT=nan | t=0.000s
2025-06-10 16:23:36,925 | ERROR   | Dump saved → debug_logs/fail/tick0061.json
2025-06-10 16:23:36,952 | ERROR   | Solver failed | status=1 | SQP it=0 | KKT=nan | t=0.000s
2025-06-10 16:23:36,953 | ERROR   | Dump saved → debug_logs/fail/tick0062.json
2025-06-10 16:23:36,981 | ERROR   | Solver failed | status=1 | SQP it=0 | KKT=nan | t=0.000s
2025-06-10 16:23:36,982 | ERROR   | Dump saved → debug_logs/fail/tick0063.json
2025-06-10 16:23:37,006 | ERROR   | Solver failed | status=1 | SQP it=0 | KKT=nan | t=0.000s
2025-06-10 16:23:37,006 | ERROR   | Dump saved → debug_logs/fail/tick0064.json
2025-06-10 16:23:37,030 | ERROR   | Solver failed | status=1 | SQP it=0 | KKT=nan | t=0.000s
2025-06-10 16:23:37,031 | ERROR   | Dump saved → debug_logs/fail/tick0065.json
2025-06-10 16:23:37,056 | ERROR   | Solver failed | status=1 | SQP it=0 | KKT=nan | t=0.000s
2025-06-10 16:23:37,056 | ERROR   | Dump saved → debug_logs/fail/tick0066.json
2025-06-10 16:23:37,081 | ERROR   | Solver failed | status=1 | SQP it=0 | KKT=nan | t=0.000s
2025-06-10 16:23:37,081 | ERROR   | Dump saved → debug_logs/fail/tick0067.json
2025-06-10 16:23:37,105 | ERROR   | Solver failed | status=1 | SQP it=0 | KKT=nan | t=0.000s
2025-06-10 16:23:37,106 | ERROR   | Dump saved → debug_logs/fail/tick0068.json
2025-06-10 16:23:37,130 | ERROR   | Solver failed | status=1 | SQP it=0 | KKT=nan | t=0.000s
2025-06-10 16:23:37,131 | ERROR   | Dump saved → debug_logs/fail/tick0069.json
2025-06-10 16:23:37,155 | ERROR   | Solver failed | status=1 | SQP it=0 | KKT=nan | t=0.000s
2025-06-10 16:23:37,155 | ERROR   | Dump saved → debug_logs/fail/tick0070.json
2025-06-10 16:23:37,179 | ERROR   | Solver failed | status=1 | SQP it=0 | KKT=nan | t=0.000s
2025-06-10 16:23:37,180 | ERROR   | Dump saved → debug_logs/fail/tick0071.json
2025-06-10 16:23:37,204 | ERROR   | Solver failed | status=1 | SQP it=0 | KKT=nan | t=0.000s
2025-06-10 16:23:37,205 | ERROR   | Dump saved → debug_logs/fail/tick0072.json
2025-06-10 16:23:37,230 | ERROR   | Solver failed | status=1 | SQP it=0 | KKT=nan | t=0.000s
2025-06-10 16:23:37,231 | ERROR   | Dump saved → debug_logs/fail/tick0073.json
2025-06-10 16:23:37,256 | ERROR   | Solver failed | status=1 | SQP it=0 | KKT=nan | t=0.000s
2025-06-10 16:23:37,257 | ERROR   | Dump saved → debug_logs/fail/tick0074.json
2025-06-10 16:23:37,284 | ERROR   | Solver failed | status=1 | SQP it=0 | KKT=nan | t=0.000s
2025-06-10 16:23:37,285 | ERROR   | Dump saved → debug_logs/fail/tick0075.json
2025-06-10 16:23:37,311 | ERROR   | Solver failed | status=1 | SQP it=0 | KKT=nan | t=0.000s
2025-06-10 16:23:37,312 | ERROR   | Dump saved → debug_logs/fail/tick0076.json
2025-06-10 16:23:37,338 | ERROR   | Solver failed | status=4 | SQP it=1 | KKT=4.07e+02 | t=0.000s
2025-06-10 16:23:37,339 | ERROR   | Dump saved → debug_logs/fail/tick0077.json
2025-06-10 16:23:37,368 | ERROR   | Solver failed | status=4 | SQP it=1 | KKT=4.07e+02 | t=0.000s
2025-06-10 16:23:37,369 | ERROR   | Dump saved → debug_logs/fail/tick0078.json
2025-06-10 16:23:37,395 | ERROR   | Solver failed | status=1 | SQP it=0 | KKT=nan | t=0.000s
2025-06-10 16:23:37,396 | ERROR   | Dump saved → debug_logs/fail/tick0079.json
2025-06-10 16:23:37,423 | ERROR   | Solver failed | status=1 | SQP it=0 | KKT=nan | t=0.000s
2025-06-10 16:23:37,423 | ERROR   | Dump saved → debug_logs/fail/tick0080.json
2025-06-10 16:23:37,452 | ERROR   | Solver failed | status=1 | SQP it=0 | KKT=nan | t=0.000s
2025-06-10 16:23:37,453 | ERROR   | Dump saved → debug_logs/fail/tick0081.json
2025-06-10 16:23:37,477 | ERROR   | Solver failed | status=1 | SQP it=0 | KKT=nan | t=0.000s
2025-06-10 16:23:37,477 | ERROR   | Dump saved → debug_logs/fail/tick0082.json
2025-06-10 16:23:37,501 | ERROR   | Solver failed | status=1 | SQP it=0 | KKT=nan | t=0.000s
2025-06-10 16:23:37,502 | ERROR   | Dump saved → debug_logs/fail/tick0083.json
2025-06-10 16:23:37,526 | ERROR   | Solver failed | status=1 | SQP it=0 | KKT=nan | t=0.000s
2025-06-10 16:23:37,527 | ERROR   | Dump saved → debug_logs/fail/tick0084.json
2025-06-10 16:23:37,552 | ERROR   | Solver failed | status=1 | SQP it=0 | KKT=nan | t=0.000s
2025-06-10 16:23:37,552 | ERROR   | Dump saved → debug_logs/fail/tick0085.json
2025-06-10 16:23:37,576 | ERROR   | Solver failed | status=1 | SQP it=0 | KKT=nan | t=0.000s
2025-06-10 16:23:37,577 | ERROR   | Dump saved → debug_logs/fail/tick0086.json
2025-06-10 16:23:37,601 | ERROR   | Solver failed | status=1 | SQP it=0 | KKT=nan | t=0.000s
2025-06-10 16:23:37,602 | ERROR   | Dump saved → debug_logs/fail/tick0087.json
2025-06-10 16:23:37,626 | ERROR   | Solver failed | status=1 | SQP it=0 | KKT=nan | t=0.000s
2025-06-10 16:23:37,626 | ERROR   | Dump saved → debug_logs/fail/tick0088.json
2025-06-10 16:23:37,651 | ERROR   | Solver failed | status=1 | SQP it=0 | KKT=nan | t=0.000s
2025-06-10 16:23:37,652 | ERROR   | Dump saved → debug_logs/fail/tick0089.json
2025-06-10 16:23:37,675 | ERROR   | Solver failed | status=1 | SQP it=0 | KKT=nan | t=0.000s
2025-06-10 16:23:37,676 | ERROR   | Dump saved → debug_logs/fail/tick0090.json
2025-06-10 16:23:37,702 | ERROR   | Solver failed | status=1 | SQP it=0 | KKT=nan | t=0.000s
2025-06-10 16:23:37,703 | ERROR   | Dump saved → debug_logs/fail/tick0091.json
2025-06-10 16:23:37,727 | ERROR   | Solver failed | status=1 | SQP it=0 | KKT=nan | t=0.000s
2025-06-10 16:23:37,728 | ERROR   | Dump saved → debug_logs/fail/tick0092.json
2025-06-10 16:23:37,753 | ERROR   | Solver failed | status=1 | SQP it=0 | KKT=nan | t=0.000s
2025-06-10 16:23:37,754 | ERROR   | Dump saved → debug_logs/fail/tick0093.json
2025-06-10 16:23:37,780 | ERROR   | Solver failed | status=1 | SQP it=0 | KKT=nan | t=0.000s
2025-06-10 16:23:37,780 | ERROR   | Dump saved → debug_logs/fail/tick0094.json
2025-06-10 16:23:39,163 | INFO    | ===== INITIAL STATE DUMP =====
2025-06-10 16:23:39,163 | DEBUG   | {
  "xcurrent": [
    0.9775404334068298,
    1.4384428262710571,
    0.08196964114904404,
    0.0,
    0.0,
    0.0
  ],
  "params": {
    "QC": 10,
    "QL": 80,
    "MU": 10,
    "DVTHETA_MAX": 1.9,
    "N": 20,
    "T_HORIZON": 1.5,
    "RAMP_TIME": 1.8,
    "BARRIER_WEIGHT": 10,
    "TUNNEL_WIDTH": 0.5,
    "TUNNEL_WIDTH_GATE": 0.2,
    "Q_OMEGA": 2,
    "R_VTHETA": 1.0,
    "IN_GATE_RAMP_TIME": 0.4,
    "OUT_GATE_RAMP_TIME": 3
  },
  "box_lims": {
    "vtheta_max": 1.9,
    "dvtheta_max": 1.9
  }
}
