2025-06-06 18:59:52,111 | INFO    | ===== INITIAL STATE DUMP =====
2025-06-06 18:59:52,111 | DEBUG   | {
  "xcurrent": [
    1.089695930480957,
    1.4088244438171387,
    0.08456537127494812,
    0.0,
    0.0,
    0.0
  ],
  "params": {
    "QC": 10,
    "QL": 80,
    "MU": 10,
    "DVTHETA_MAX": 2,
    "N": 20,
    "T_HORIZON": 1.5,
    "RAMP_TIME": 1.8,
    "BARRIER_WEIGHT": 10,
    "TUNNEL_WIDTH": 0.5,
    "TUNNEL_WIDTH_GATE": 0.2,
    "Q_OMEGA": 2,
    "R_VTHETA": 1.0,
    "IN_GATE_RAMP_TIME": 0.2,
    "OUT_GATE_RAMP_TIME": 3
  },
  "box_lims": {
    "vtheta_max": 2.0,
    "dvtheta_max": 2.0
  }
}
2025-06-06 18:59:55,755 | ERROR   | Solver failed | status=1 | SQP it=75 | KKT=6.19e-12 | t=0.067s
2025-06-06 18:59:55,756 | ERROR   | Dump saved → debug_logs/fail/tick0064.json
2025-06-06 18:59:55,779 | ERROR   | Solver failed | status=1 | SQP it=0 | KKT=nan | t=0.000s
2025-06-06 18:59:55,780 | ERROR   | Dump saved → debug_logs/fail/tick0065.json
2025-06-06 18:59:55,805 | ERROR   | Solver failed | status=1 | SQP it=0 | KKT=nan | t=0.000s
2025-06-06 18:59:55,805 | ERROR   | Dump saved → debug_logs/fail/tick0066.json
2025-06-06 18:59:55,831 | ERROR   | Solver failed | status=1 | SQP it=0 | KKT=nan | t=0.000s
2025-06-06 18:59:55,831 | ERROR   | Dump saved → debug_logs/fail/tick0067.json
2025-06-06 18:59:55,858 | ERROR   | Solver failed | status=1 | SQP it=0 | KKT=nan | t=0.000s
2025-06-06 18:59:55,858 | ERROR   | Dump saved → debug_logs/fail/tick0068.json
2025-06-06 18:59:55,885 | ERROR   | Solver failed | status=1 | SQP it=0 | KKT=nan | t=0.000s
2025-06-06 18:59:55,886 | ERROR   | Dump saved → debug_logs/fail/tick0069.json
2025-06-06 18:59:55,911 | ERROR   | Solver failed | status=1 | SQP it=0 | KKT=nan | t=0.000s
2025-06-06 18:59:55,912 | ERROR   | Dump saved → debug_logs/fail/tick0070.json
2025-06-06 18:59:55,939 | ERROR   | Solver failed | status=1 | SQP it=0 | KKT=nan | t=0.000s
2025-06-06 18:59:55,940 | ERROR   | Dump saved → debug_logs/fail/tick0071.json
2025-06-06 18:59:55,966 | ERROR   | Solver failed | status=1 | SQP it=0 | KKT=nan | t=0.000s
2025-06-06 18:59:55,967 | ERROR   | Dump saved → debug_logs/fail/tick0072.json
2025-06-06 18:59:55,994 | ERROR   | Solver failed | status=1 | SQP it=0 | KKT=nan | t=0.000s
2025-06-06 18:59:55,994 | ERROR   | Dump saved → debug_logs/fail/tick0073.json
2025-06-06 18:59:56,020 | ERROR   | Solver failed | status=1 | SQP it=0 | KKT=nan | t=0.000s
2025-06-06 18:59:56,021 | ERROR   | Dump saved → debug_logs/fail/tick0074.json
2025-06-06 18:59:56,047 | ERROR   | Solver failed | status=1 | SQP it=0 | KKT=nan | t=0.000s
2025-06-06 18:59:56,047 | ERROR   | Dump saved → debug_logs/fail/tick0075.json
2025-06-06 18:59:56,071 | ERROR   | Solver failed | status=1 | SQP it=0 | KKT=nan | t=0.000s
2025-06-06 18:59:56,071 | ERROR   | Dump saved → debug_logs/fail/tick0076.json
2025-06-06 18:59:56,096 | ERROR   | Solver failed | status=1 | SQP it=0 | KKT=nan | t=0.000s
2025-06-06 18:59:56,097 | ERROR   | Dump saved → debug_logs/fail/tick0077.json
2025-06-06 18:59:56,120 | ERROR   | Solver failed | status=1 | SQP it=0 | KKT=nan | t=0.000s
2025-06-06 18:59:56,121 | ERROR   | Dump saved → debug_logs/fail/tick0078.json
2025-06-06 18:59:56,143 | ERROR   | Solver failed | status=1 | SQP it=0 | KKT=nan | t=0.000s
2025-06-06 18:59:56,144 | ERROR   | Dump saved → debug_logs/fail/tick0079.json
2025-06-06 18:59:56,168 | ERROR   | Solver failed | status=1 | SQP it=0 | KKT=nan | t=0.000s
2025-06-06 18:59:56,168 | ERROR   | Dump saved → debug_logs/fail/tick0080.json
2025-06-06 18:59:56,192 | ERROR   | Solver failed | status=1 | SQP it=0 | KKT=nan | t=0.000s
2025-06-06 18:59:56,193 | ERROR   | Dump saved → debug_logs/fail/tick0081.json
2025-06-06 18:59:56,978 | ERROR   | Solver failed | status=1 | SQP it=0 | KKT=nan | t=0.000s
2025-06-06 18:59:56,980 | ERROR   | Dump saved → debug_logs/fail/tick0082.json
2025-06-06 18:59:57,021 | ERROR   | Solver failed | status=1 | SQP it=0 | KKT=nan | t=0.000s
2025-06-06 18:59:57,022 | ERROR   | Dump saved → debug_logs/fail/tick0083.json
2025-06-06 18:59:57,052 | ERROR   | Solver failed | status=1 | SQP it=0 | KKT=nan | t=0.000s
2025-06-06 18:59:57,054 | ERROR   | Dump saved → debug_logs/fail/tick0084.json
2025-06-06 18:59:57,081 | ERROR   | Solver failed | status=1 | SQP it=0 | KKT=nan | t=0.000s
2025-06-06 18:59:57,082 | ERROR   | Dump saved → debug_logs/fail/tick0085.json
2025-06-06 18:59:57,108 | ERROR   | Solver failed | status=1 | SQP it=0 | KKT=nan | t=0.000s
2025-06-06 18:59:57,109 | ERROR   | Dump saved → debug_logs/fail/tick0086.json
2025-06-06 18:59:57,135 | ERROR   | Solver failed | status=1 | SQP it=0 | KKT=nan | t=0.000s
2025-06-06 18:59:57,136 | ERROR   | Dump saved → debug_logs/fail/tick0087.json
2025-06-06 18:59:57,161 | ERROR   | Solver failed | status=1 | SQP it=0 | KKT=nan | t=0.000s
2025-06-06 18:59:57,163 | ERROR   | Dump saved → debug_logs/fail/tick0088.json
2025-06-06 18:59:57,192 | ERROR   | Solver failed | status=1 | SQP it=0 | KKT=nan | t=0.000s
2025-06-06 18:59:57,193 | ERROR   | Dump saved → debug_logs/fail/tick0089.json
2025-06-06 18:59:57,221 | ERROR   | Solver failed | status=1 | SQP it=0 | KKT=nan | t=0.000s
2025-06-06 18:59:57,222 | ERROR   | Dump saved → debug_logs/fail/tick0090.json
2025-06-06 18:59:57,250 | ERROR   | Solver failed | status=1 | SQP it=0 | KKT=nan | t=0.000s
2025-06-06 18:59:57,251 | ERROR   | Dump saved → debug_logs/fail/tick0091.json
2025-06-06 18:59:57,279 | ERROR   | Solver failed | status=1 | SQP it=0 | KKT=nan | t=0.000s
2025-06-06 18:59:57,280 | ERROR   | Dump saved → debug_logs/fail/tick0092.json
2025-06-06 18:59:57,307 | ERROR   | Solver failed | status=1 | SQP it=0 | KKT=nan | t=0.000s
2025-06-06 18:59:57,308 | ERROR   | Dump saved → debug_logs/fail/tick0093.json
2025-06-06 18:59:57,335 | ERROR   | Solver failed | status=1 | SQP it=0 | KKT=nan | t=0.000s
2025-06-06 18:59:57,336 | ERROR   | Dump saved → debug_logs/fail/tick0094.json
2025-06-06 18:59:57,360 | ERROR   | Solver failed | status=1 | SQP it=0 | KKT=nan | t=0.000s
2025-06-06 18:59:57,361 | ERROR   | Dump saved → debug_logs/fail/tick0095.json
2025-06-06 18:59:57,385 | ERROR   | Solver failed | status=1 | SQP it=0 | KKT=nan | t=0.000s
2025-06-06 18:59:57,386 | ERROR   | Dump saved → debug_logs/fail/tick0096.json
2025-06-06 18:59:57,410 | ERROR   | Solver failed | status=1 | SQP it=0 | KKT=nan | t=0.000s
2025-06-06 18:59:57,411 | ERROR   | Dump saved → debug_logs/fail/tick0097.json
2025-06-06 18:59:57,435 | ERROR   | Solver failed | status=1 | SQP it=0 | KKT=nan | t=0.000s
2025-06-06 18:59:57,436 | ERROR   | Dump saved → debug_logs/fail/tick0098.json
2025-06-06 18:59:57,462 | ERROR   | Solver failed | status=1 | SQP it=0 | KKT=nan | t=0.000s
2025-06-06 18:59:57,463 | ERROR   | Dump saved → debug_logs/fail/tick0099.json
2025-06-06 18:59:57,487 | ERROR   | Solver failed | status=1 | SQP it=0 | KKT=nan | t=0.000s
2025-06-06 18:59:57,488 | ERROR   | Dump saved → debug_logs/fail/tick0100.json
2025-06-06 18:59:57,513 | ERROR   | Solver failed | status=1 | SQP it=0 | KKT=nan | t=0.000s
2025-06-06 18:59:57,513 | ERROR   | Dump saved → debug_logs/fail/tick0101.json
2025-06-06 18:59:57,538 | ERROR   | Solver failed | status=1 | SQP it=0 | KKT=nan | t=0.000s
2025-06-06 18:59:57,538 | ERROR   | Dump saved → debug_logs/fail/tick0102.json
2025-06-06 18:59:57,566 | ERROR   | Solver failed | status=1 | SQP it=0 | KKT=nan | t=0.000s
2025-06-06 18:59:57,567 | ERROR   | Dump saved → debug_logs/fail/tick0103.json
2025-06-06 18:59:57,593 | ERROR   | Solver failed | status=1 | SQP it=0 | KKT=nan | t=0.000s
2025-06-06 18:59:57,594 | ERROR   | Dump saved → debug_logs/fail/tick0104.json
2025-06-06 18:59:57,619 | ERROR   | Solver failed | status=1 | SQP it=0 | KKT=nan | t=0.000s
2025-06-06 18:59:57,620 | ERROR   | Dump saved → debug_logs/fail/tick0105.json
2025-06-06 18:59:57,647 | ERROR   | Solver failed | status=1 | SQP it=0 | KKT=nan | t=0.000s
2025-06-06 18:59:57,647 | ERROR   | Dump saved → debug_logs/fail/tick0106.json
2025-06-06 18:59:57,674 | ERROR   | Solver failed | status=1 | SQP it=0 | KKT=nan | t=0.000s
2025-06-06 18:59:57,675 | ERROR   | Dump saved → debug_logs/fail/tick0107.json
2025-06-06 18:59:57,708 | ERROR   | Solver failed | status=1 | SQP it=0 | KKT=nan | t=0.000s
2025-06-06 18:59:57,709 | ERROR   | Dump saved → debug_logs/fail/tick0108.json
2025-06-06 18:59:57,742 | ERROR   | Solver failed | status=1 | SQP it=0 | KKT=nan | t=0.000s
2025-06-06 18:59:57,743 | ERROR   | Dump saved → debug_logs/fail/tick0109.json
2025-06-06 18:59:57,788 | ERROR   | Solver failed | status=1 | SQP it=0 | KKT=nan | t=0.000s
2025-06-06 18:59:57,789 | ERROR   | Dump saved → debug_logs/fail/tick0110.json
2025-06-06 18:59:57,821 | ERROR   | Solver failed | status=1 | SQP it=0 | KKT=nan | t=0.000s
2025-06-06 18:59:57,821 | ERROR   | Dump saved → debug_logs/fail/tick0111.json
2025-06-06 18:59:57,854 | ERROR   | Solver failed | status=1 | SQP it=0 | KKT=nan | t=0.000s
2025-06-06 18:59:57,855 | ERROR   | Dump saved → debug_logs/fail/tick0112.json
2025-06-06 18:59:57,887 | ERROR   | Solver failed | status=1 | SQP it=0 | KKT=nan | t=0.000s
2025-06-06 18:59:57,888 | ERROR   | Dump saved → debug_logs/fail/tick0113.json
2025-06-06 18:59:57,919 | ERROR   | Solver failed | status=1 | SQP it=0 | KKT=nan | t=0.000s
2025-06-06 18:59:57,920 | ERROR   | Dump saved → debug_logs/fail/tick0114.json
2025-06-06 18:59:57,954 | ERROR   | Solver failed | status=1 | SQP it=0 | KKT=nan | t=0.000s
2025-06-06 18:59:57,955 | ERROR   | Dump saved → debug_logs/fail/tick0115.json
2025-06-06 18:59:57,987 | ERROR   | Solver failed | status=1 | SQP it=0 | KKT=nan | t=0.000s
2025-06-06 18:59:57,988 | ERROR   | Dump saved → debug_logs/fail/tick0116.json
