2025-06-28 10:48:25,632 | INFO    | ===== INITIAL STATE DUMP =====
2025-06-28 10:48:25,632 | DEBUG   | {
  "xcurrent": [
    1.089695930480957,
    1.4088244438171387,
    0.08456537127494812,
    0.0,
    0.0,
    0.0
  ],
  "params": {
    "QC": 10,
    "QC_GATE": 50,
    "QL": 40,
    "MU": 10,
    "DVTHETA_MAX": 1.8,
    "N": 20,
    "T_HORIZON": 1.0,
    "RAMP_TIME": 1.8,
    "BARRIER_WEIGHT": 10,
    "TUNNEL_WIDTH": 0.4,
    "TUNNEL_WIDTH_GATE": 0.15,
    "NARROW_DIST": 0.7,
    "GATE_FLAT_DIST": 0.2,
    "Q_OMEGA": 2,
    "R_VTHETA": 1.0,
    "IN_GATE_RAMP_TIME": 0.3,
    "OUT_GATE_RAMP_TIME": 0.5,
    "REG_THRUST": 0.018,
    "REG_INPUTS": 0.05
  },
  "box_lims": {
    "vtheta_max": 1.8,
    "dvtheta_max": 1.8
  }
}
2025-06-28 10:48:34,331 | ERROR   | Solver failed | status=1 | SQP it=24 | KKT=8.38e-08 | t=0.023s
2025-06-28 10:48:34,331 | ERROR   | Dump saved → debug_logs/fail/tick0101.json
2025-06-28 10:48:34,357 | ERROR   | Solver failed | status=1 | SQP it=0 | KKT=nan | t=0.000s
2025-06-28 10:48:34,357 | ERROR   | Dump saved → debug_logs/fail/tick0102.json
2025-06-28 10:48:34,385 | ERROR   | Solver failed | status=1 | SQP it=0 | KKT=nan | t=0.000s
2025-06-28 10:48:34,385 | ERROR   | Dump saved → debug_logs/fail/tick0103.json
2025-06-28 10:48:34,412 | ERROR   | Solver failed | status=1 | SQP it=0 | KKT=nan | t=0.000s
2025-06-28 10:48:34,413 | ERROR   | Dump saved → debug_logs/fail/tick0104.json
2025-06-28 10:48:34,441 | ERROR   | Solver failed | status=1 | SQP it=0 | KKT=nan | t=0.000s
2025-06-28 10:48:34,442 | ERROR   | Dump saved → debug_logs/fail/tick0105.json
2025-06-28 10:48:34,468 | ERROR   | Solver failed | status=1 | SQP it=0 | KKT=nan | t=0.000s
2025-06-28 10:48:34,468 | ERROR   | Dump saved → debug_logs/fail/tick0106.json
2025-06-28 10:48:34,493 | ERROR   | Solver failed | status=1 | SQP it=0 | KKT=nan | t=0.000s
2025-06-28 10:48:34,494 | ERROR   | Dump saved → debug_logs/fail/tick0107.json
2025-06-28 10:48:34,518 | ERROR   | Solver failed | status=1 | SQP it=0 | KKT=nan | t=0.000s
2025-06-28 10:48:34,519 | ERROR   | Dump saved → debug_logs/fail/tick0108.json
2025-06-28 10:48:34,542 | ERROR   | Solver failed | status=1 | SQP it=0 | KKT=nan | t=0.000s
2025-06-28 10:48:34,542 | ERROR   | Dump saved → debug_logs/fail/tick0109.json
2025-06-28 10:48:34,566 | ERROR   | Solver failed | status=1 | SQP it=0 | KKT=nan | t=0.000s
2025-06-28 10:48:34,567 | ERROR   | Dump saved → debug_logs/fail/tick0110.json
2025-06-28 10:48:34,591 | ERROR   | Solver failed | status=1 | SQP it=0 | KKT=nan | t=0.000s
2025-06-28 10:48:34,592 | ERROR   | Dump saved → debug_logs/fail/tick0111.json
2025-06-28 10:48:34,615 | ERROR   | Solver failed | status=1 | SQP it=0 | KKT=nan | t=0.000s
2025-06-28 10:48:34,616 | ERROR   | Dump saved → debug_logs/fail/tick0112.json
2025-06-28 10:48:34,640 | ERROR   | Solver failed | status=1 | SQP it=0 | KKT=nan | t=0.000s
2025-06-28 10:48:34,640 | ERROR   | Dump saved → debug_logs/fail/tick0113.json
2025-06-28 10:48:34,664 | ERROR   | Solver failed | status=1 | SQP it=0 | KKT=nan | t=0.000s
2025-06-28 10:48:34,665 | ERROR   | Dump saved → debug_logs/fail/tick0114.json
2025-06-28 10:48:34,690 | ERROR   | Solver failed | status=1 | SQP it=0 | KKT=nan | t=0.000s
2025-06-28 10:48:34,690 | ERROR   | Dump saved → debug_logs/fail/tick0115.json
2025-06-28 10:48:34,714 | ERROR   | Solver failed | status=1 | SQP it=0 | KKT=nan | t=0.000s
2025-06-28 10:48:34,715 | ERROR   | Dump saved → debug_logs/fail/tick0116.json
2025-06-28 10:48:34,740 | ERROR   | Solver failed | status=1 | SQP it=0 | KKT=nan | t=0.000s
2025-06-28 10:48:34,741 | ERROR   | Dump saved → debug_logs/fail/tick0117.json
2025-06-28 10:48:34,765 | ERROR   | Solver failed | status=1 | SQP it=0 | KKT=nan | t=0.000s
2025-06-28 10:48:34,765 | ERROR   | Dump saved → debug_logs/fail/tick0118.json
2025-06-28 10:48:34,791 | ERROR   | Solver failed | status=1 | SQP it=0 | KKT=nan | t=0.000s
2025-06-28 10:48:34,791 | ERROR   | Dump saved → debug_logs/fail/tick0119.json
2025-06-28 10:48:34,817 | ERROR   | Solver failed | status=1 | SQP it=0 | KKT=nan | t=0.000s
2025-06-28 10:48:34,817 | ERROR   | Dump saved → debug_logs/fail/tick0120.json
2025-06-28 10:48:34,843 | ERROR   | Solver failed | status=1 | SQP it=0 | KKT=nan | t=0.000s
2025-06-28 10:48:34,843 | ERROR   | Dump saved → debug_logs/fail/tick0121.json
2025-06-28 10:48:34,873 | ERROR   | Solver failed | status=1 | SQP it=0 | KKT=nan | t=0.000s
2025-06-28 10:48:34,874 | ERROR   | Dump saved → debug_logs/fail/tick0122.json
2025-06-28 10:48:34,900 | ERROR   | Solver failed | status=1 | SQP it=0 | KKT=nan | t=0.000s
2025-06-28 10:48:34,900 | ERROR   | Dump saved → debug_logs/fail/tick0123.json
2025-06-28 10:48:34,927 | ERROR   | Solver failed | status=1 | SQP it=0 | KKT=nan | t=0.000s
2025-06-28 10:48:34,927 | ERROR   | Dump saved → debug_logs/fail/tick0124.json
2025-06-28 10:48:34,957 | ERROR   | Solver failed | status=1 | SQP it=0 | KKT=nan | t=0.000s
2025-06-28 10:48:34,958 | ERROR   | Dump saved → debug_logs/fail/tick0125.json
2025-06-28 10:48:34,984 | ERROR   | Solver failed | status=1 | SQP it=0 | KKT=nan | t=0.000s
2025-06-28 10:48:34,985 | ERROR   | Dump saved → debug_logs/fail/tick0126.json
2025-06-28 10:48:35,007 | ERROR   | Solver failed | status=1 | SQP it=0 | KKT=nan | t=0.000s
2025-06-28 10:48:35,008 | ERROR   | Dump saved → debug_logs/fail/tick0127.json
2025-06-28 10:48:35,031 | ERROR   | Solver failed | status=1 | SQP it=0 | KKT=nan | t=0.000s
2025-06-28 10:48:35,031 | ERROR   | Dump saved → debug_logs/fail/tick0128.json
2025-06-28 10:48:35,057 | ERROR   | Solver failed | status=1 | SQP it=0 | KKT=nan | t=0.000s
2025-06-28 10:48:35,057 | ERROR   | Dump saved → debug_logs/fail/tick0129.json
2025-06-28 10:48:35,080 | ERROR   | Solver failed | status=1 | SQP it=0 | KKT=nan | t=0.000s
2025-06-28 10:48:35,081 | ERROR   | Dump saved → debug_logs/fail/tick0130.json
2025-06-28 10:48:35,107 | ERROR   | Solver failed | status=1 | SQP it=0 | KKT=nan | t=0.000s
2025-06-28 10:48:35,107 | ERROR   | Dump saved → debug_logs/fail/tick0131.json
2025-06-28 10:48:35,130 | ERROR   | Solver failed | status=1 | SQP it=0 | KKT=nan | t=0.000s
2025-06-28 10:48:35,131 | ERROR   | Dump saved → debug_logs/fail/tick0132.json
2025-06-28 10:48:35,157 | ERROR   | Solver failed | status=1 | SQP it=0 | KKT=nan | t=0.000s
2025-06-28 10:48:35,158 | ERROR   | Dump saved → debug_logs/fail/tick0133.json
2025-06-28 10:48:35,181 | ERROR   | Solver failed | status=1 | SQP it=0 | KKT=nan | t=0.000s
2025-06-28 10:48:35,182 | ERROR   | Dump saved → debug_logs/fail/tick0134.json
2025-06-28 10:48:35,207 | ERROR   | Solver failed | status=1 | SQP it=0 | KKT=nan | t=0.000s
2025-06-28 10:48:35,207 | ERROR   | Dump saved → debug_logs/fail/tick0135.json
2025-06-28 10:48:35,231 | ERROR   | Solver failed | status=1 | SQP it=0 | KKT=nan | t=0.000s
2025-06-28 10:48:35,232 | ERROR   | Dump saved → debug_logs/fail/tick0136.json
2025-06-28 10:48:35,257 | ERROR   | Solver failed | status=1 | SQP it=0 | KKT=nan | t=0.000s
2025-06-28 10:48:35,257 | ERROR   | Dump saved → debug_logs/fail/tick0137.json
2025-06-28 10:48:35,282 | ERROR   | Solver failed | status=1 | SQP it=0 | KKT=nan | t=0.000s
2025-06-28 10:48:35,283 | ERROR   | Dump saved → debug_logs/fail/tick0138.json
2025-06-28 10:48:35,308 | ERROR   | Solver failed | status=1 | SQP it=0 | KKT=nan | t=0.000s
2025-06-28 10:48:35,308 | ERROR   | Dump saved → debug_logs/fail/tick0139.json
2025-06-28 10:48:35,334 | ERROR   | Solver failed | status=1 | SQP it=0 | KKT=nan | t=0.000s
2025-06-28 10:48:35,335 | ERROR   | Dump saved → debug_logs/fail/tick0140.json
2025-06-28 10:48:35,361 | ERROR   | Solver failed | status=1 | SQP it=0 | KKT=nan | t=0.000s
2025-06-28 10:48:35,361 | ERROR   | Dump saved → debug_logs/fail/tick0141.json
2025-06-28 10:48:35,390 | ERROR   | Solver failed | status=1 | SQP it=0 | KKT=nan | t=0.000s
2025-06-28 10:48:35,391 | ERROR   | Dump saved → debug_logs/fail/tick0142.json
2025-06-28 10:48:35,417 | ERROR   | Solver failed | status=1 | SQP it=0 | KKT=nan | t=0.000s
2025-06-28 10:48:35,417 | ERROR   | Dump saved → debug_logs/fail/tick0143.json
2025-06-28 10:48:35,440 | ERROR   | Solver failed | status=1 | SQP it=0 | KKT=nan | t=0.000s
2025-06-28 10:48:35,440 | ERROR   | Dump saved → debug_logs/fail/tick0144.json
2025-06-28 10:48:35,464 | ERROR   | Solver failed | status=1 | SQP it=0 | KKT=nan | t=0.000s
2025-06-28 10:48:35,464 | ERROR   | Dump saved → debug_logs/fail/tick0145.json
2025-06-28 10:48:35,490 | ERROR   | Solver failed | status=1 | SQP it=0 | KKT=nan | t=0.000s
2025-06-28 10:48:35,491 | ERROR   | Dump saved → debug_logs/fail/tick0146.json
2025-06-28 10:48:35,514 | ERROR   | Solver failed | status=1 | SQP it=0 | KKT=nan | t=0.000s
2025-06-28 10:48:35,514 | ERROR   | Dump saved → debug_logs/fail/tick0147.json
2025-06-28 10:48:35,539 | ERROR   | Solver failed | status=1 | SQP it=0 | KKT=nan | t=0.000s
2025-06-28 10:48:35,540 | ERROR   | Dump saved → debug_logs/fail/tick0148.json
2025-06-28 10:48:35,564 | ERROR   | Solver failed | status=1 | SQP it=0 | KKT=nan | t=0.000s
2025-06-28 10:48:35,564 | ERROR   | Dump saved → debug_logs/fail/tick0149.json
2025-06-28 10:48:35,589 | ERROR   | Solver failed | status=1 | SQP it=0 | KKT=nan | t=0.000s
2025-06-28 10:48:35,590 | ERROR   | Dump saved → debug_logs/fail/tick0150.json
2025-06-28 10:48:35,614 | ERROR   | Solver failed | status=1 | SQP it=0 | KKT=nan | t=0.000s
2025-06-28 10:48:35,614 | ERROR   | Dump saved → debug_logs/fail/tick0151.json
2025-06-28 10:48:35,639 | ERROR   | Solver failed | status=1 | SQP it=0 | KKT=nan | t=0.000s
2025-06-28 10:48:35,640 | ERROR   | Dump saved → debug_logs/fail/tick0152.json
2025-06-28 10:48:35,664 | ERROR   | Solver failed | status=1 | SQP it=0 | KKT=nan | t=0.000s
2025-06-28 10:48:35,665 | ERROR   | Dump saved → debug_logs/fail/tick0153.json
2025-06-28 10:48:35,690 | ERROR   | Solver failed | status=1 | SQP it=0 | KKT=nan | t=0.000s
2025-06-28 10:48:35,691 | ERROR   | Dump saved → debug_logs/fail/tick0154.json
2025-06-28 10:48:35,715 | ERROR   | Solver failed | status=1 | SQP it=0 | KKT=nan | t=0.000s
2025-06-28 10:48:35,716 | ERROR   | Dump saved → debug_logs/fail/tick0155.json
2025-06-28 10:48:35,741 | ERROR   | Solver failed | status=1 | SQP it=0 | KKT=nan | t=0.000s
2025-06-28 10:48:35,742 | ERROR   | Dump saved → debug_logs/fail/tick0156.json
2025-06-28 10:48:35,768 | ERROR   | Solver failed | status=1 | SQP it=0 | KKT=nan | t=0.000s
2025-06-28 10:48:35,768 | ERROR   | Dump saved → debug_logs/fail/tick0157.json
2025-06-28 10:48:35,793 | ERROR   | Solver failed | status=1 | SQP it=0 | KKT=nan | t=0.000s
2025-06-28 10:48:35,794 | ERROR   | Dump saved → debug_logs/fail/tick0158.json
2025-06-28 10:48:35,824 | ERROR   | Solver failed | status=1 | SQP it=0 | KKT=nan | t=0.000s
2025-06-28 10:48:35,824 | ERROR   | Dump saved → debug_logs/fail/tick0159.json
2025-06-28 10:48:35,850 | ERROR   | Solver failed | status=1 | SQP it=0 | KKT=nan | t=0.000s
2025-06-28 10:48:35,851 | ERROR   | Dump saved → debug_logs/fail/tick0160.json
2025-06-28 10:48:35,874 | ERROR   | Solver failed | status=1 | SQP it=0 | KKT=nan | t=0.000s
2025-06-28 10:48:35,874 | ERROR   | Dump saved → debug_logs/fail/tick0161.json
2025-06-28 10:48:35,898 | ERROR   | Solver failed | status=1 | SQP it=0 | KKT=nan | t=0.000s
2025-06-28 10:48:35,899 | ERROR   | Dump saved → debug_logs/fail/tick0162.json
2025-06-28 10:48:35,923 | ERROR   | Solver failed | status=1 | SQP it=0 | KKT=nan | t=0.000s
2025-06-28 10:48:35,924 | ERROR   | Dump saved → debug_logs/fail/tick0163.json
2025-06-28 10:48:35,947 | ERROR   | Solver failed | status=1 | SQP it=0 | KKT=nan | t=0.000s
2025-06-28 10:48:35,948 | ERROR   | Dump saved → debug_logs/fail/tick0164.json
