2025-06-28 10:47:41,518 | INFO    | ===== INITIAL STATE DUMP =====
2025-06-28 10:47:41,518 | DEBUG   | {
  "xcurrent": [
    1.089695930480957,
    1.4088244438171387,
    0.08456537127494812,
    0.0,
    0.0,
    0.0
  ],
  "params": {
    "QC": 10,
    "QC_GATE": 50,
    "QL": 40,
    "MU": 10,
    "DVTHETA_MAX": 1.8,
    "N": 20,
    "T_HORIZON": 1.0,
    "RAMP_TIME": 1.8,
    "BARRIER_WEIGHT": 10,
    "TUNNEL_WIDTH": 0.4,
    "TUNNEL_WIDTH_GATE": 0.15,
    "NARROW_DIST": 0.7,
    "GATE_FLAT_DIST": 0.2,
    "Q_OMEGA": 2,
    "R_VTHETA": 1.0,
    "IN_GATE_RAMP_TIME": 0.3,
    "OUT_GATE_RAMP_TIME": 0.5,
    "REG_THRUST": 0.018,
    "REG_INPUTS": 0.1
  },
  "box_lims": {
    "vtheta_max": 1.8,
    "dvtheta_max": 1.8
  }
}
2025-06-28 10:47:50,419 | ERROR   | Solver failed | status=1 | SQP it=20 | KKT=1.65e-09 | t=0.025s
2025-06-28 10:47:50,423 | ERROR   | Dump saved → debug_logs/fail/tick0106.json
2025-06-28 10:47:50,449 | ERROR   | Solver failed | status=1 | SQP it=0 | KKT=nan | t=0.000s
2025-06-28 10:47:50,449 | ERROR   | Dump saved → debug_logs/fail/tick0107.json
2025-06-28 10:47:50,478 | ERROR   | Solver failed | status=1 | SQP it=0 | KKT=nan | t=0.000s
2025-06-28 10:47:50,480 | ERROR   | Dump saved → debug_logs/fail/tick0108.json
2025-06-28 10:47:50,507 | ERROR   | Solver failed | status=1 | SQP it=0 | KKT=nan | t=0.000s
2025-06-28 10:47:50,509 | ERROR   | Dump saved → debug_logs/fail/tick0109.json
2025-06-28 10:47:50,540 | ERROR   | Solver failed | status=1 | SQP it=0 | KKT=nan | t=0.000s
2025-06-28 10:47:50,541 | ERROR   | Dump saved → debug_logs/fail/tick0110.json
2025-06-28 10:47:50,565 | ERROR   | Solver failed | status=1 | SQP it=0 | KKT=nan | t=0.000s
2025-06-28 10:47:50,566 | ERROR   | Dump saved → debug_logs/fail/tick0111.json
2025-06-28 10:47:50,592 | ERROR   | Solver failed | status=1 | SQP it=0 | KKT=nan | t=0.000s
2025-06-28 10:47:50,593 | ERROR   | Dump saved → debug_logs/fail/tick0112.json
2025-06-28 10:47:50,618 | ERROR   | Solver failed | status=1 | SQP it=0 | KKT=nan | t=0.000s
2025-06-28 10:47:50,619 | ERROR   | Dump saved → debug_logs/fail/tick0113.json
2025-06-28 10:47:50,644 | ERROR   | Solver failed | status=1 | SQP it=0 | KKT=nan | t=0.000s
2025-06-28 10:47:50,645 | ERROR   | Dump saved → debug_logs/fail/tick0114.json
2025-06-28 10:47:50,673 | ERROR   | Solver failed | status=1 | SQP it=0 | KKT=nan | t=0.000s
2025-06-28 10:47:50,674 | ERROR   | Dump saved → debug_logs/fail/tick0115.json
2025-06-28 10:47:50,699 | ERROR   | Solver failed | status=1 | SQP it=0 | KKT=nan | t=0.000s
2025-06-28 10:47:50,699 | ERROR   | Dump saved → debug_logs/fail/tick0116.json
2025-06-28 10:47:50,725 | ERROR   | Solver failed | status=1 | SQP it=0 | KKT=nan | t=0.000s
2025-06-28 10:47:50,726 | ERROR   | Dump saved → debug_logs/fail/tick0117.json
2025-06-28 10:47:50,751 | ERROR   | Solver failed | status=1 | SQP it=0 | KKT=nan | t=0.000s
2025-06-28 10:47:50,752 | ERROR   | Dump saved → debug_logs/fail/tick0118.json
2025-06-28 10:47:50,777 | ERROR   | Solver failed | status=1 | SQP it=0 | KKT=nan | t=0.000s
2025-06-28 10:47:50,778 | ERROR   | Dump saved → debug_logs/fail/tick0119.json
2025-06-28 10:47:50,806 | ERROR   | Solver failed | status=1 | SQP it=0 | KKT=nan | t=0.000s
2025-06-28 10:47:50,807 | ERROR   | Dump saved → debug_logs/fail/tick0120.json
2025-06-28 10:47:50,834 | ERROR   | Solver failed | status=1 | SQP it=0 | KKT=nan | t=0.000s
2025-06-28 10:47:50,835 | ERROR   | Dump saved → debug_logs/fail/tick0121.json
2025-06-28 10:47:50,864 | ERROR   | Solver failed | status=1 | SQP it=0 | KKT=nan | t=0.000s
2025-06-28 10:47:50,865 | ERROR   | Dump saved → debug_logs/fail/tick0122.json
2025-06-28 10:47:50,892 | ERROR   | Solver failed | status=1 | SQP it=0 | KKT=nan | t=0.000s
2025-06-28 10:47:50,893 | ERROR   | Dump saved → debug_logs/fail/tick0123.json
2025-06-28 10:47:50,924 | ERROR   | Solver failed | status=1 | SQP it=0 | KKT=nan | t=0.000s
2025-06-28 10:47:50,924 | ERROR   | Dump saved → debug_logs/fail/tick0124.json
2025-06-28 10:47:50,951 | ERROR   | Solver failed | status=1 | SQP it=0 | KKT=nan | t=0.000s
2025-06-28 10:47:50,952 | ERROR   | Dump saved → debug_logs/fail/tick0125.json
2025-06-28 10:47:50,975 | ERROR   | Solver failed | status=1 | SQP it=0 | KKT=nan | t=0.000s
2025-06-28 10:47:50,976 | ERROR   | Dump saved → debug_logs/fail/tick0126.json
2025-06-28 10:47:50,999 | ERROR   | Solver failed | status=1 | SQP it=0 | KKT=nan | t=0.000s
2025-06-28 10:47:51,000 | ERROR   | Dump saved → debug_logs/fail/tick0127.json
2025-06-28 10:47:51,024 | ERROR   | Solver failed | status=1 | SQP it=0 | KKT=nan | t=0.000s
2025-06-28 10:47:51,025 | ERROR   | Dump saved → debug_logs/fail/tick0128.json
2025-06-28 10:47:51,050 | ERROR   | Solver failed | status=1 | SQP it=0 | KKT=nan | t=0.000s
2025-06-28 10:47:51,051 | ERROR   | Dump saved → debug_logs/fail/tick0129.json
2025-06-28 10:47:51,075 | ERROR   | Solver failed | status=1 | SQP it=0 | KKT=nan | t=0.000s
2025-06-28 10:47:51,076 | ERROR   | Dump saved → debug_logs/fail/tick0130.json
2025-06-28 10:47:51,100 | ERROR   | Solver failed | status=1 | SQP it=0 | KKT=nan | t=0.000s
2025-06-28 10:47:51,100 | ERROR   | Dump saved → debug_logs/fail/tick0131.json
2025-06-28 10:47:51,126 | ERROR   | Solver failed | status=1 | SQP it=0 | KKT=nan | t=0.000s
2025-06-28 10:47:51,126 | ERROR   | Dump saved → debug_logs/fail/tick0132.json
2025-06-28 10:47:51,151 | ERROR   | Solver failed | status=1 | SQP it=0 | KKT=nan | t=0.000s
2025-06-28 10:47:51,152 | ERROR   | Dump saved → debug_logs/fail/tick0133.json
2025-06-28 10:47:51,176 | ERROR   | Solver failed | status=1 | SQP it=0 | KKT=nan | t=0.000s
2025-06-28 10:47:51,177 | ERROR   | Dump saved → debug_logs/fail/tick0134.json
2025-06-28 10:47:51,201 | ERROR   | Solver failed | status=1 | SQP it=0 | KKT=nan | t=0.000s
2025-06-28 10:47:51,202 | ERROR   | Dump saved → debug_logs/fail/tick0135.json
2025-06-28 10:47:51,227 | ERROR   | Solver failed | status=1 | SQP it=0 | KKT=nan | t=0.000s
2025-06-28 10:47:51,228 | ERROR   | Dump saved → debug_logs/fail/tick0136.json
2025-06-28 10:47:51,257 | ERROR   | Solver failed | status=1 | SQP it=0 | KKT=nan | t=0.000s
2025-06-28 10:47:51,258 | ERROR   | Dump saved → debug_logs/fail/tick0137.json
2025-06-28 10:47:51,284 | ERROR   | Solver failed | status=1 | SQP it=0 | KKT=nan | t=0.000s
2025-06-28 10:47:51,285 | ERROR   | Dump saved → debug_logs/fail/tick0138.json
2025-06-28 10:47:51,311 | ERROR   | Solver failed | status=1 | SQP it=0 | KKT=nan | t=0.000s
2025-06-28 10:47:51,312 | ERROR   | Dump saved → debug_logs/fail/tick0139.json
2025-06-28 10:47:51,341 | ERROR   | Solver failed | status=1 | SQP it=0 | KKT=nan | t=0.000s
2025-06-28 10:47:51,342 | ERROR   | Dump saved → debug_logs/fail/tick0140.json
2025-06-28 10:47:51,368 | ERROR   | Solver failed | status=1 | SQP it=0 | KKT=nan | t=0.000s
2025-06-28 10:47:51,368 | ERROR   | Dump saved → debug_logs/fail/tick0141.json
2025-06-28 10:47:51,392 | ERROR   | Solver failed | status=1 | SQP it=0 | KKT=nan | t=0.000s
2025-06-28 10:47:51,393 | ERROR   | Dump saved → debug_logs/fail/tick0142.json
2025-06-28 10:47:51,416 | ERROR   | Solver failed | status=1 | SQP it=0 | KKT=nan | t=0.000s
2025-06-28 10:47:51,417 | ERROR   | Dump saved → debug_logs/fail/tick0143.json
2025-06-28 10:47:51,441 | ERROR   | Solver failed | status=1 | SQP it=0 | KKT=nan | t=0.000s
2025-06-28 10:47:51,441 | ERROR   | Dump saved → debug_logs/fail/tick0144.json
2025-06-28 10:47:51,465 | ERROR   | Solver failed | status=1 | SQP it=0 | KKT=nan | t=0.000s
2025-06-28 10:47:51,466 | ERROR   | Dump saved → debug_logs/fail/tick0145.json
2025-06-28 10:47:51,491 | ERROR   | Solver failed | status=1 | SQP it=0 | KKT=nan | t=0.000s
2025-06-28 10:47:51,492 | ERROR   | Dump saved → debug_logs/fail/tick0146.json
2025-06-28 10:47:51,516 | ERROR   | Solver failed | status=1 | SQP it=0 | KKT=nan | t=0.000s
2025-06-28 10:47:51,517 | ERROR   | Dump saved → debug_logs/fail/tick0147.json
2025-06-28 10:47:51,541 | ERROR   | Solver failed | status=1 | SQP it=0 | KKT=nan | t=0.000s
2025-06-28 10:47:51,542 | ERROR   | Dump saved → debug_logs/fail/tick0148.json
2025-06-28 10:47:51,567 | ERROR   | Solver failed | status=1 | SQP it=0 | KKT=nan | t=0.000s
2025-06-28 10:47:51,568 | ERROR   | Dump saved → debug_logs/fail/tick0149.json
2025-06-28 10:47:51,592 | ERROR   | Solver failed | status=1 | SQP it=0 | KKT=nan | t=0.000s
2025-06-28 10:47:51,593 | ERROR   | Dump saved → debug_logs/fail/tick0150.json
2025-06-28 10:47:51,618 | ERROR   | Solver failed | status=1 | SQP it=0 | KKT=nan | t=0.000s
2025-06-28 10:47:51,619 | ERROR   | Dump saved → debug_logs/fail/tick0151.json
2025-06-28 10:47:51,645 | ERROR   | Solver failed | status=1 | SQP it=0 | KKT=nan | t=0.000s
2025-06-28 10:47:51,646 | ERROR   | Dump saved → debug_logs/fail/tick0152.json
2025-06-28 10:47:51,673 | ERROR   | Solver failed | status=1 | SQP it=0 | KKT=nan | t=0.000s
2025-06-28 10:47:51,674 | ERROR   | Dump saved → debug_logs/fail/tick0153.json
2025-06-28 10:47:51,700 | ERROR   | Solver failed | status=1 | SQP it=0 | KKT=nan | t=0.000s
2025-06-28 10:47:51,701 | ERROR   | Dump saved → debug_logs/fail/tick0154.json
2025-06-28 10:47:51,727 | ERROR   | Solver failed | status=1 | SQP it=0 | KKT=nan | t=0.000s
2025-06-28 10:47:51,727 | ERROR   | Dump saved → debug_logs/fail/tick0155.json
2025-06-28 10:47:51,757 | ERROR   | Solver failed | status=1 | SQP it=0 | KKT=nan | t=0.000s
2025-06-28 10:47:51,758 | ERROR   | Dump saved → debug_logs/fail/tick0156.json
2025-06-28 10:47:51,784 | ERROR   | Solver failed | status=1 | SQP it=0 | KKT=nan | t=0.000s
2025-06-28 10:47:51,785 | ERROR   | Dump saved → debug_logs/fail/tick0157.json
2025-06-28 10:47:51,809 | ERROR   | Solver failed | status=1 | SQP it=0 | KKT=nan | t=0.000s
2025-06-28 10:47:51,810 | ERROR   | Dump saved → debug_logs/fail/tick0158.json
2025-06-28 10:47:51,834 | ERROR   | Solver failed | status=1 | SQP it=0 | KKT=nan | t=0.000s
2025-06-28 10:47:51,835 | ERROR   | Dump saved → debug_logs/fail/tick0159.json
2025-06-28 10:47:51,860 | ERROR   | Solver failed | status=1 | SQP it=0 | KKT=nan | t=0.000s
2025-06-28 10:47:51,860 | ERROR   | Dump saved → debug_logs/fail/tick0160.json
2025-06-28 10:47:51,885 | ERROR   | Solver failed | status=1 | SQP it=0 | KKT=nan | t=0.000s
2025-06-28 10:47:51,886 | ERROR   | Dump saved → debug_logs/fail/tick0161.json
2025-06-28 10:47:51,910 | ERROR   | Solver failed | status=1 | SQP it=0 | KKT=nan | t=0.000s
2025-06-28 10:47:51,911 | ERROR   | Dump saved → debug_logs/fail/tick0162.json
2025-06-28 10:47:51,935 | ERROR   | Solver failed | status=1 | SQP it=0 | KKT=nan | t=0.000s
2025-06-28 10:47:51,936 | ERROR   | Dump saved → debug_logs/fail/tick0163.json
2025-06-28 10:47:51,964 | ERROR   | Solver failed | status=1 | SQP it=0 | KKT=nan | t=0.000s
2025-06-28 10:47:51,964 | ERROR   | Dump saved → debug_logs/fail/tick0164.json
2025-06-28 10:47:51,989 | ERROR   | Solver failed | status=1 | SQP it=0 | KKT=nan | t=0.000s
2025-06-28 10:47:51,989 | ERROR   | Dump saved → debug_logs/fail/tick0165.json
2025-06-28 10:47:52,014 | ERROR   | Solver failed | status=1 | SQP it=0 | KKT=nan | t=0.000s
2025-06-28 10:47:52,015 | ERROR   | Dump saved → debug_logs/fail/tick0166.json
2025-06-28 10:47:52,040 | ERROR   | Solver failed | status=1 | SQP it=0 | KKT=nan | t=0.000s
2025-06-28 10:47:52,041 | ERROR   | Dump saved → debug_logs/fail/tick0167.json
2025-06-28 10:47:52,066 | ERROR   | Solver failed | status=1 | SQP it=0 | KKT=nan | t=0.000s
2025-06-28 10:47:52,067 | ERROR   | Dump saved → debug_logs/fail/tick0168.json
2025-06-28 10:47:52,093 | ERROR   | Solver failed | status=1 | SQP it=0 | KKT=nan | t=0.000s
2025-06-28 10:47:52,094 | ERROR   | Dump saved → debug_logs/fail/tick0169.json
2025-06-28 10:47:52,123 | ERROR   | Solver failed | status=1 | SQP it=0 | KKT=nan | t=0.000s
2025-06-28 10:47:52,124 | ERROR   | Dump saved → debug_logs/fail/tick0170.json
2025-06-28 10:47:52,151 | ERROR   | Solver failed | status=1 | SQP it=0 | KKT=nan | t=0.000s
2025-06-28 10:47:52,151 | ERROR   | Dump saved → debug_logs/fail/tick0171.json
2025-06-28 10:47:52,178 | ERROR   | Solver failed | status=1 | SQP it=0 | KKT=nan | t=0.000s
2025-06-28 10:47:52,179 | ERROR   | Dump saved → debug_logs/fail/tick0172.json
2025-06-28 10:47:52,207 | ERROR   | Solver failed | status=1 | SQP it=0 | KKT=nan | t=0.000s
2025-06-28 10:47:52,207 | ERROR   | Dump saved → debug_logs/fail/tick0173.json
