2025-06-06 17:47:02,532 | INFO    | ===== INITIAL STATE DUMP =====
2025-06-06 17:47:02,532 | DEBUG   | {
  "xcurrent": [
    1.089695930480957,
    1.4088244438171387,
    0.08456537127494812,
    0.0,
    0.0,
    0.0
  ],
  "params": {
    "QC": 10,
    "QL": 80,
    "MU": 10,
    "DVTHETA_MAX": 1.5,
    "N": 20,
    "T_HORIZON": 1.05,
    "RAMP_TIME": 1.8,
    "BARRIER_WEIGHT": 10,
    "TUNNEL_WIDTH": 0.45,
    "TUNNEL_WIDTH_GATE": 0.25,
    "Q_OMEGA": 2,
    "R_VTHETA": 1.0,
    "IN_GATE_RAMP_TIME": 0.4,
    "OUT_GATE_RAMP_TIME": 0.4
  },
  "box_lims": {
    "vtheta_max": 1.5,
    "dvtheta_max": 1.5
  }
}
2025-06-06 17:47:13,380 | ERROR   | Solver failed | status=2 | SQP it=50 | KKT=6.93e-08 | t=0.019s
2025-06-06 17:47:13,381 | ERROR   | Dump saved → debug_logs/fail/tick0314.json
2025-06-06 17:47:13,425 | ERROR   | Solver failed | status=2 | SQP it=50 | KKT=9.84e-08 | t=0.019s
2025-06-06 17:47:13,426 | ERROR   | Dump saved → debug_logs/fail/tick0315.json
2025-06-06 17:47:13,470 | ERROR   | Solver failed | status=2 | SQP it=50 | KKT=5.64e-08 | t=0.019s
2025-06-06 17:47:13,470 | ERROR   | Dump saved → debug_logs/fail/tick0316.json
