2025-06-28 18:23:56,236 | INFO    | ===== INITIAL STATE DUMP =====
2025-06-28 18:23:56,237 | DEBUG   | {
  "xcurrent": [
    1.089695930480957,
    1.4088244438171387,
    0.08456537127494812,
    0.0,
    0.0,
    0.0
  ],
  "params": {
    "QC": 10,
    "QC_GATE": 50,
    "QL": 40,
    "MU": 10,
    "DVTHETA_MAX": 1.4,
    "N": 20,
    "T_HORIZON": 0.9,
    "RAMP_TIME": 0.5,
    "BARRIER_WEIGHT": 10,
    "OBSTACLE_WEIGHT": [
      50,
      100,
      70,
      30
    ],
    "OBSTACLE_RADIUS": 0.25,
    "TUNNEL_WIDTH": 0.5,
    "TUNNEL_WIDTH_GATE": 0.15,
    "NARROW_DIST": 0.3,
    "GATE_FLAT_DIST": 0.2,
    "Q_OMEGA": 2,
    "R_VTHETA": 1.0,
    "REG_THRUST": 0.008,
    "REG_INPUTS": 0.01
  },
  "box_lims": {
    "vtheta_max": 1.4,
    "dvtheta_max": 1.4
  }
}
2025-06-28 18:24:23,693 | ERROR   | Solver failed | status=2 | SQP it=1000 | KKT=6.52e-08 | t=0.543s
2025-06-28 18:24:23,695 | ERROR   | Dump saved → debug_logs/fail/tick0105.json
2025-06-28 18:24:28,336 | ERROR   | Solver failed | status=2 | SQP it=1000 | KKT=3.48e-09 | t=1.226s
2025-06-28 18:24:28,338 | ERROR   | Dump saved → debug_logs/fail/tick0123.json
2025-06-28 18:24:29,307 | ERROR   | Solver failed | status=4 | SQP it=923 | KKT=1.61e-10 | t=0.928s
2025-06-28 18:24:29,309 | ERROR   | Dump saved → debug_logs/fail/tick0124.json
