2025-06-12 13:51:48,884 | INFO    | ===== INITIAL STATE DUMP =====
2025-06-12 13:51:48,884 | DEBUG   | {
  "xcurrent": [
    1.089695930480957,
    1.4088244438171387,
    0.08456537127494812,
    0.0,
    0.0,
    0.0
  ],
  "params": {
    "QC": 10,
    "QL": 80,
    "MU": 10,
    "DVTHETA_MAX": 1.85,
    "N": 20,
    "T_HORIZON": 1.05,
    "RAMP_TIME": 1.8,
    "BARRIER_WEIGHT": 10,
    "TUNNEL_WIDTH": 0.2,
    "Q_OMEGA": 2,
    "R_VTHETA": 1.0
  },
  "box_lims": {
    "vtheta_max": 1.85,
    "dvtheta_max": 1.85
  }
}
