2025-06-06 18:03:40,427 | INFO    | ===== INITIAL STATE DUMP =====
2025-06-06 18:03:40,428 | DEBUG   | {
  "xcurrent": [
    1.089695930480957,
    1.4088244438171387,
    0.08456537127494812,
    0.0,
    0.0,
    0.0
  ],
  "params": {
    "QC": 10,
    "QL": 80,
    "MU": 10,
    "DVTHETA_MAX": 1.5,
    "N": 20,
    "T_HORIZON": 1.05,
    "RAMP_TIME": 1.8,
    "BARRIER_WEIGHT": 10,
    "TUNNEL_WIDTH": 0.45,
    "TUNNEL_WIDTH_GATE": 0.25,
    "Q_OMEGA": 2,
    "R_VTHETA": 1.0,
    "IN_GATE_RAMP_TIME": 0.4,
    "OUT_GATE_RAMP_TIME": 0.4
  },
  "box_lims": {
    "vtheta_max": 1.5,
    "dvtheta_max": 1.5
  }
}
2025-06-06 18:03:44,045 | ERROR   | Solver failed | status=2 | SQP it=50 | KKT=1.13e-08 | t=0.032s
2025-06-06 18:03:44,046 | ERROR   | Dump saved → debug_logs/fail/tick0086.json
2025-06-06 18:03:44,112 | ERROR   | Solver failed | status=2 | SQP it=50 | KKT=4.59e-08 | t=0.038s
2025-06-06 18:03:44,113 | ERROR   | Dump saved → debug_logs/fail/tick0087.json
2025-06-06 18:03:44,184 | ERROR   | Solver failed | status=2 | SQP it=50 | KKT=6.87e-09 | t=0.043s
2025-06-06 18:03:44,185 | ERROR   | Dump saved → debug_logs/fail/tick0088.json
2025-06-06 18:03:44,212 | ERROR   | Solver failed | status=1 | SQP it=2 | KKT=9.35e+02 | t=0.002s
2025-06-06 18:03:44,213 | ERROR   | Dump saved → debug_logs/fail/tick0089.json
2025-06-06 18:03:44,235 | ERROR   | Solver failed | status=1 | SQP it=0 | KKT=nan | t=0.000s
2025-06-06 18:03:44,236 | ERROR   | Dump saved → debug_logs/fail/tick0090.json
2025-06-06 18:03:44,262 | ERROR   | Solver failed | status=1 | SQP it=0 | KKT=nan | t=0.000s
2025-06-06 18:03:44,262 | ERROR   | Dump saved → debug_logs/fail/tick0091.json
2025-06-06 18:03:44,287 | ERROR   | Solver failed | status=1 | SQP it=0 | KKT=nan | t=0.000s
2025-06-06 18:03:44,288 | ERROR   | Dump saved → debug_logs/fail/tick0092.json
2025-06-06 18:03:44,312 | ERROR   | Solver failed | status=1 | SQP it=0 | KKT=nan | t=0.000s
2025-06-06 18:03:44,313 | ERROR   | Dump saved → debug_logs/fail/tick0093.json
2025-06-06 18:03:44,338 | ERROR   | Solver failed | status=1 | SQP it=0 | KKT=nan | t=0.000s
2025-06-06 18:03:44,338 | ERROR   | Dump saved → debug_logs/fail/tick0094.json
2025-06-06 18:03:44,363 | ERROR   | Solver failed | status=1 | SQP it=0 | KKT=nan | t=0.000s
2025-06-06 18:03:44,363 | ERROR   | Dump saved → debug_logs/fail/tick0095.json
2025-06-06 18:03:44,387 | ERROR   | Solver failed | status=1 | SQP it=0 | KKT=nan | t=0.000s
2025-06-06 18:03:44,388 | ERROR   | Dump saved → debug_logs/fail/tick0096.json
2025-06-06 18:03:44,413 | ERROR   | Solver failed | status=1 | SQP it=0 | KKT=nan | t=0.000s
2025-06-06 18:03:44,414 | ERROR   | Dump saved → debug_logs/fail/tick0097.json
2025-06-06 18:03:44,439 | ERROR   | Solver failed | status=1 | SQP it=0 | KKT=nan | t=0.000s
2025-06-06 18:03:44,440 | ERROR   | Dump saved → debug_logs/fail/tick0098.json
2025-06-06 18:03:44,464 | ERROR   | Solver failed | status=1 | SQP it=0 | KKT=nan | t=0.000s
2025-06-06 18:03:44,465 | ERROR   | Dump saved → debug_logs/fail/tick0099.json
