2025-06-28 17:27:47,733 | INFO    | ===== INITIAL STATE DUMP =====
2025-06-28 17:27:47,733 | DEBUG   | {
  "xcurrent": [
    1.089695930480957,
    1.4088244438171387,
    0.08456537127494812,
    0.0,
    0.0,
    0.0
  ],
  "params": {
    "QC": 10,
    "QC_GATE": 50,
    "QL": 40,
    "MU": 10,
    "DVTHETA_MAX": 1.6,
    "N": 25,
    "T_HORIZON": 0.8,
    "RAMP_TIME": 0.7,
    "BARRIER_WEIGHT": 10,
    "OBSTACLE_WEIGHT": [
      20,
      150,
      80,
      10
    ],
    "OBSTACLE_RADIUS": 0.2,
    "TUNNEL_WIDTH": 0.4,
    "TUNNEL_WIDTH_GATE": 0.2,
    "NARROW_DIST": 0.5,
    "GATE_FLAT_DIST": 0.3,
    "Q_OMEGA": 2,
    "R_VTHETA": 1.0,
    "REG_THRUST": 0.01,
    "REG_INPUTS": 0.005
  },
  "box_lims": {
    "vtheta_max": 1.6,
    "dvtheta_max": 1.6
  }
}
2025-06-28 17:28:04,000 | ERROR   | Solver failed | status=4 | SQP it=3 | KKT=6.26e-01 | t=0.016s
2025-06-28 17:28:04,004 | ERROR   | Dump saved → debug_logs/fail/tick0084.json
2025-06-28 17:28:04,046 | ERROR   | Solver failed | status=4 | SQP it=1 | KKT=2.58e+00 | t=0.005s
2025-06-28 17:28:04,047 | ERROR   | Dump saved → debug_logs/fail/tick0085.json
2025-06-28 17:28:04,083 | ERROR   | Solver failed | status=4 | SQP it=1 | KKT=4.15e+00 | t=0.003s
2025-06-28 17:28:04,084 | ERROR   | Dump saved → debug_logs/fail/tick0086.json
2025-06-28 17:28:07,548 | ERROR   | Solver failed | status=2 | SQP it=1000 | KKT=1.26e-08 | t=0.750s
2025-06-28 17:28:07,551 | ERROR   | Dump saved → debug_logs/fail/tick0132.json
2025-06-28 17:28:08,496 | ERROR   | Solver failed | status=2 | SQP it=1000 | KKT=5.72e-08 | t=0.916s
2025-06-28 17:28:08,497 | ERROR   | Dump saved → debug_logs/fail/tick0133.json
