2025-06-10 16:23:50,151 | INFO    | ===== INITIAL STATE DUMP =====
2025-06-10 16:23:50,151 | DEBUG   | {
  "xcurrent": [
    1.089695930480957,
    1.4088244438171387,
    0.08456537127494812,
    0.0,
    0.0,
    0.0
  ],
  "params": {
    "QC": 10,
    "QL": 80,
    "MU": 10,
    "DVTHETA_MAX": 1.9,
    "N": 20,
    "T_HORIZON": 1.5,
    "RAMP_TIME": 1.8,
    "BARRIER_WEIGHT": 10,
    "TUNNEL_WIDTH": 0.5,
    "TUNNEL_WIDTH_GATE": 0.2,
    "Q_OMEGA": 2,
    "R_VTHETA": 1.0,
    "IN_GATE_RAMP_TIME": 0.4,
    "OUT_GATE_RAMP_TIME": 3
  },
  "box_lims": {
    "vtheta_max": 1.9,
    "dvtheta_max": 1.9
  }
}
2025-06-10 16:24:00,437 | INFO    | ===== INITIAL STATE DUMP =====
2025-06-10 16:24:00,437 | DEBUG   | {
  "xcurrent": [
    1.0078709125518799,
    1.495231032371521,
    0.08211961388587952,
    0.0,
    0.0,
    0.0
  ],
  "params": {
    "QC": 10,
    "QL": 80,
    "MU": 10,
    "DVTHETA_MAX": 1.9,
    "N": 20,
    "T_HORIZON": 1.5,
    "RAMP_TIME": 1.8,
    "BARRIER_WEIGHT": 10,
    "TUNNEL_WIDTH": 0.5,
    "TUNNEL_WIDTH_GATE": 0.2,
    "Q_OMEGA": 2,
    "R_VTHETA": 1.0,
    "IN_GATE_RAMP_TIME": 0.4,
    "OUT_GATE_RAMP_TIME": 3
  },
  "box_lims": {
    "vtheta_max": 1.9,
    "dvtheta_max": 1.9
  }
}
2025-06-10 16:24:02,180 | ERROR   | Solver failed | status=1 | SQP it=1 | KKT=1.05e+02 | t=0.001s
2025-06-10 16:24:02,181 | ERROR   | Dump saved → debug_logs/fail/tick0060.json
2025-06-10 16:24:02,207 | ERROR   | Solver failed | status=1 | SQP it=0 | KKT=nan | t=0.000s
2025-06-10 16:24:02,208 | ERROR   | Dump saved → debug_logs/fail/tick0061.json
2025-06-10 16:24:02,235 | ERROR   | Solver failed | status=1 | SQP it=0 | KKT=nan | t=0.000s
2025-06-10 16:24:02,236 | ERROR   | Dump saved → debug_logs/fail/tick0062.json
2025-06-10 16:24:02,262 | ERROR   | Solver failed | status=1 | SQP it=0 | KKT=nan | t=0.000s
2025-06-10 16:24:02,262 | ERROR   | Dump saved → debug_logs/fail/tick0063.json
2025-06-10 16:24:02,290 | ERROR   | Solver failed | status=1 | SQP it=0 | KKT=nan | t=0.000s
2025-06-10 16:24:02,290 | ERROR   | Dump saved → debug_logs/fail/tick0064.json
2025-06-10 16:24:02,318 | ERROR   | Solver failed | status=1 | SQP it=0 | KKT=nan | t=0.000s
2025-06-10 16:24:02,319 | ERROR   | Dump saved → debug_logs/fail/tick0065.json
2025-06-10 16:24:02,343 | ERROR   | Solver failed | status=1 | SQP it=0 | KKT=nan | t=0.000s
2025-06-10 16:24:02,343 | ERROR   | Dump saved → debug_logs/fail/tick0066.json
2025-06-10 16:24:02,367 | ERROR   | Solver failed | status=1 | SQP it=0 | KKT=nan | t=0.000s
2025-06-10 16:24:02,368 | ERROR   | Dump saved → debug_logs/fail/tick0067.json
2025-06-10 16:24:02,392 | ERROR   | Solver failed | status=1 | SQP it=0 | KKT=nan | t=0.000s
2025-06-10 16:24:02,392 | ERROR   | Dump saved → debug_logs/fail/tick0068.json
2025-06-10 16:24:02,417 | ERROR   | Solver failed | status=1 | SQP it=0 | KKT=nan | t=0.000s
2025-06-10 16:24:02,418 | ERROR   | Dump saved → debug_logs/fail/tick0069.json
2025-06-10 16:24:02,441 | ERROR   | Solver failed | status=1 | SQP it=0 | KKT=nan | t=0.000s
2025-06-10 16:24:02,442 | ERROR   | Dump saved → debug_logs/fail/tick0070.json
2025-06-10 16:24:02,466 | ERROR   | Solver failed | status=1 | SQP it=0 | KKT=nan | t=0.000s
2025-06-10 16:24:02,466 | ERROR   | Dump saved → debug_logs/fail/tick0071.json
2025-06-10 16:24:02,490 | ERROR   | Solver failed | status=1 | SQP it=0 | KKT=nan | t=0.000s
2025-06-10 16:24:02,491 | ERROR   | Dump saved → debug_logs/fail/tick0072.json
2025-06-10 16:24:02,517 | ERROR   | Solver failed | status=1 | SQP it=0 | KKT=nan | t=0.000s
2025-06-10 16:24:02,518 | ERROR   | Dump saved → debug_logs/fail/tick0073.json
2025-06-10 16:24:02,542 | ERROR   | Solver failed | status=1 | SQP it=0 | KKT=nan | t=0.000s
2025-06-10 16:24:02,543 | ERROR   | Dump saved → debug_logs/fail/tick0074.json
2025-06-10 16:24:02,568 | ERROR   | Solver failed | status=1 | SQP it=0 | KKT=nan | t=0.000s
2025-06-10 16:24:02,569 | ERROR   | Dump saved → debug_logs/fail/tick0075.json
2025-06-10 16:24:02,594 | ERROR   | Solver failed | status=1 | SQP it=0 | KKT=nan | t=0.000s
2025-06-10 16:24:02,594 | ERROR   | Dump saved → debug_logs/fail/tick0076.json
2025-06-10 16:24:02,620 | ERROR   | Solver failed | status=4 | SQP it=1 | KKT=4.07e+02 | t=0.000s
2025-06-10 16:24:02,621 | ERROR   | Dump saved → debug_logs/fail/tick0077.json
2025-06-10 16:24:02,646 | ERROR   | Solver failed | status=4 | SQP it=1 | KKT=4.07e+02 | t=0.000s
2025-06-10 16:24:02,647 | ERROR   | Dump saved → debug_logs/fail/tick0078.json
2025-06-10 16:24:02,673 | ERROR   | Solver failed | status=1 | SQP it=0 | KKT=nan | t=0.000s
2025-06-10 16:24:02,674 | ERROR   | Dump saved → debug_logs/fail/tick0079.json
2025-06-10 16:24:02,702 | ERROR   | Solver failed | status=1 | SQP it=0 | KKT=nan | t=0.000s
2025-06-10 16:24:02,703 | ERROR   | Dump saved → debug_logs/fail/tick0080.json
2025-06-10 16:24:02,729 | ERROR   | Solver failed | status=1 | SQP it=0 | KKT=nan | t=0.000s
2025-06-10 16:24:02,729 | ERROR   | Dump saved → debug_logs/fail/tick0081.json
2025-06-10 16:24:02,756 | ERROR   | Solver failed | status=1 | SQP it=0 | KKT=nan | t=0.000s
2025-06-10 16:24:02,757 | ERROR   | Dump saved → debug_logs/fail/tick0082.json
2025-06-10 16:24:02,784 | ERROR   | Solver failed | status=1 | SQP it=0 | KKT=nan | t=0.000s
2025-06-10 16:24:02,785 | ERROR   | Dump saved → debug_logs/fail/tick0083.json
2025-06-10 16:24:02,812 | ERROR   | Solver failed | status=1 | SQP it=0 | KKT=nan | t=0.000s
2025-06-10 16:24:02,813 | ERROR   | Dump saved → debug_logs/fail/tick0084.json
2025-06-10 16:24:02,839 | ERROR   | Solver failed | status=1 | SQP it=0 | KKT=nan | t=0.000s
2025-06-10 16:24:02,840 | ERROR   | Dump saved → debug_logs/fail/tick0085.json
2025-06-10 16:24:02,869 | ERROR   | Solver failed | status=1 | SQP it=0 | KKT=nan | t=0.000s
2025-06-10 16:24:02,870 | ERROR   | Dump saved → debug_logs/fail/tick0086.json
2025-06-10 16:24:02,894 | ERROR   | Solver failed | status=1 | SQP it=0 | KKT=nan | t=0.000s
2025-06-10 16:24:02,894 | ERROR   | Dump saved → debug_logs/fail/tick0087.json
2025-06-10 16:24:02,919 | ERROR   | Solver failed | status=1 | SQP it=0 | KKT=nan | t=0.000s
2025-06-10 16:24:02,919 | ERROR   | Dump saved → debug_logs/fail/tick0088.json
2025-06-10 16:24:02,943 | ERROR   | Solver failed | status=1 | SQP it=0 | KKT=nan | t=0.000s
2025-06-10 16:24:02,944 | ERROR   | Dump saved → debug_logs/fail/tick0089.json
2025-06-10 16:24:02,968 | ERROR   | Solver failed | status=1 | SQP it=0 | KKT=nan | t=0.000s
2025-06-10 16:24:02,969 | ERROR   | Dump saved → debug_logs/fail/tick0090.json
2025-06-10 16:24:02,994 | ERROR   | Solver failed | status=1 | SQP it=0 | KKT=nan | t=0.000s
2025-06-10 16:24:02,994 | ERROR   | Dump saved → debug_logs/fail/tick0091.json
2025-06-10 16:24:03,018 | ERROR   | Solver failed | status=1 | SQP it=0 | KKT=nan | t=0.000s
2025-06-10 16:24:03,019 | ERROR   | Dump saved → debug_logs/fail/tick0092.json
2025-06-10 16:24:03,043 | ERROR   | Solver failed | status=1 | SQP it=0 | KKT=nan | t=0.000s
2025-06-10 16:24:03,044 | ERROR   | Dump saved → debug_logs/fail/tick0093.json
2025-06-10 16:24:03,069 | ERROR   | Solver failed | status=1 | SQP it=0 | KKT=nan | t=0.000s
2025-06-10 16:24:03,069 | ERROR   | Dump saved → debug_logs/fail/tick0094.json
2025-06-10 16:24:04,449 | INFO    | ===== INITIAL STATE DUMP =====
2025-06-10 16:24:04,449 | DEBUG   | {
  "xcurrent": [
    0.9775404334068298,
    1.4384428262710571,
    0.08196964114904404,
    0.0,
    0.0,
    0.0
  ],
  "params": {
    "QC": 10,
    "QL": 80,
    "MU": 10,
    "DVTHETA_MAX": 1.9,
    "N": 20,
    "T_HORIZON": 1.5,
    "RAMP_TIME": 1.8,
    "BARRIER_WEIGHT": 10,
    "TUNNEL_WIDTH": 0.5,
    "TUNNEL_WIDTH_GATE": 0.2,
    "Q_OMEGA": 2,
    "R_VTHETA": 1.0,
    "IN_GATE_RAMP_TIME": 0.4,
    "OUT_GATE_RAMP_TIME": 3
  },
  "box_lims": {
    "vtheta_max": 1.9,
    "dvtheta_max": 1.9
  }
}
