2025-06-28 18:35:17,972 | INFO    | ===== INITIAL STATE DUMP =====
2025-06-28 18:35:17,972 | DEBUG   | {
  "xcurrent": [
    1.089695930480957,
    1.4088244438171387,
    0.08456537127494812,
    0.0,
    0.0,
    0.0
  ],
  "params": {
    "QC": 10,
    "QC_GATE": 50,
    "QL": 40,
    "MU": 10,
    "DVTHETA_MAX": 1.4,
    "N": 20,
    "T_HORIZON": 0.9,
    "RAMP_TIME": 0.5,
    "BARRIER_WEIGHT": 10,
    "OBSTACLE_WEIGHT": [
      50,
      100,
      70,
      30
    ],
    "OBSTACLE_RADIUS": 0.25,
    "TUNNEL_WIDTH": 0.5,
    "TUNNEL_WIDTH_GATE": 0.15,
    "NARROW_DIST": 0.3,
    "GATE_FLAT_DIST": 0.2,
    "TUNNEL_ALIGN_THRESH": 0.3,
    "Q_OMEGA": 2,
    "R_VTHETA": 1.0,
    "REG_THRUST": 0.008,
    "REG_INPUTS": 0.01
  },
  "box_lims": {
    "vtheta_max": 1.4,
    "dvtheta_max": 1.4
  }
}
2025-06-28 18:35:28,522 | ERROR   | Solver failed | status=2 | SQP it=1000 | KKT=1.21e-08 | t=0.704s
2025-06-28 18:35:28,523 | ERROR   | Dump saved → debug_logs/fail/tick0148.json
2025-06-28 18:35:29,314 | ERROR   | Solver failed | status=2 | SQP it=1000 | KKT=1.64e-10 | t=0.764s
2025-06-28 18:35:29,315 | ERROR   | Dump saved → debug_logs/fail/tick0149.json
2025-06-28 18:35:30,097 | ERROR   | Solver failed | status=2 | SQP it=1000 | KKT=5.44e-11 | t=0.754s
2025-06-28 18:35:30,098 | ERROR   | Dump saved → debug_logs/fail/tick0150.json
2025-06-28 18:35:31,300 | ERROR   | Solver failed | status=2 | SQP it=1000 | KKT=5.58e-09 | t=1.178s
2025-06-28 18:35:31,301 | ERROR   | Dump saved → debug_logs/fail/tick0151.json
2025-06-28 18:35:31,801 | ERROR   | Solver failed | status=4 | SQP it=465 | KKT=7.18e-08 | t=0.464s
2025-06-28 18:35:31,802 | ERROR   | Dump saved → debug_logs/fail/tick0152.json
2025-06-28 18:35:31,870 | ERROR   | Solver failed | status=4 | SQP it=1 | KKT=2.51e+02 | t=0.002s
2025-06-28 18:35:31,871 | ERROR   | Dump saved → debug_logs/fail/tick0153.json
2025-06-28 18:35:32,895 | ERROR   | Solver failed | status=2 | SQP it=1000 | KKT=4.55e-11 | t=0.996s
2025-06-28 18:35:32,896 | ERROR   | Dump saved → debug_logs/fail/tick0154.json
2025-06-28 18:35:33,020 | ERROR   | Solver failed | status=1 | SQP it=98 | KKT=2.70e-09 | t=0.093s
2025-06-28 18:35:33,021 | ERROR   | Dump saved → debug_logs/fail/tick0155.json
2025-06-28 18:35:33,047 | ERROR   | Solver failed | status=1 | SQP it=0 | KKT=nan | t=0.000s
2025-06-28 18:35:33,047 | ERROR   | Dump saved → debug_logs/fail/tick0156.json
2025-06-28 18:35:33,071 | ERROR   | Solver failed | status=1 | SQP it=0 | KKT=nan | t=0.000s
2025-06-28 18:35:33,072 | ERROR   | Dump saved → debug_logs/fail/tick0157.json
2025-06-28 18:35:33,095 | ERROR   | Solver failed | status=1 | SQP it=0 | KKT=nan | t=0.000s
2025-06-28 18:35:33,096 | ERROR   | Dump saved → debug_logs/fail/tick0158.json
2025-06-28 18:35:33,120 | ERROR   | Solver failed | status=1 | SQP it=0 | KKT=nan | t=0.000s
2025-06-28 18:35:33,121 | ERROR   | Dump saved → debug_logs/fail/tick0159.json
2025-06-28 18:35:33,146 | ERROR   | Solver failed | status=1 | SQP it=0 | KKT=nan | t=0.000s
2025-06-28 18:35:33,147 | ERROR   | Dump saved → debug_logs/fail/tick0160.json
2025-06-28 18:35:33,171 | ERROR   | Solver failed | status=1 | SQP it=0 | KKT=nan | t=0.000s
2025-06-28 18:35:33,172 | ERROR   | Dump saved → debug_logs/fail/tick0161.json
2025-06-28 18:35:33,197 | ERROR   | Solver failed | status=1 | SQP it=0 | KKT=nan | t=0.000s
2025-06-28 18:35:33,197 | ERROR   | Dump saved → debug_logs/fail/tick0162.json
2025-06-28 18:35:33,225 | ERROR   | Solver failed | status=1 | SQP it=0 | KKT=nan | t=0.000s
2025-06-28 18:35:33,226 | ERROR   | Dump saved → debug_logs/fail/tick0163.json
2025-06-28 18:35:33,251 | ERROR   | Solver failed | status=1 | SQP it=0 | KKT=nan | t=0.000s
2025-06-28 18:35:33,252 | ERROR   | Dump saved → debug_logs/fail/tick0164.json
2025-06-28 18:35:33,277 | ERROR   | Solver failed | status=1 | SQP it=0 | KKT=nan | t=0.000s
2025-06-28 18:35:33,277 | ERROR   | Dump saved → debug_logs/fail/tick0165.json
2025-06-28 18:35:33,304 | ERROR   | Solver failed | status=4 | SQP it=1 | KKT=1.28e+02 | t=0.000s
2025-06-28 18:35:33,305 | ERROR   | Dump saved → debug_logs/fail/tick0166.json
2025-06-28 18:35:33,330 | ERROR   | Solver failed | status=4 | SQP it=1 | KKT=1.28e+02 | t=0.000s
2025-06-28 18:35:33,331 | ERROR   | Dump saved → debug_logs/fail/tick0167.json
2025-06-28 18:35:33,360 | ERROR   | Solver failed | status=4 | SQP it=1 | KKT=1.28e+02 | t=0.000s
2025-06-28 18:35:33,361 | ERROR   | Dump saved → debug_logs/fail/tick0168.json
2025-06-28 18:35:33,389 | ERROR   | Solver failed | status=4 | SQP it=1 | KKT=1.28e+02 | t=0.000s
2025-06-28 18:35:33,392 | ERROR   | Dump saved → debug_logs/fail/tick0169.json
2025-06-28 18:35:33,420 | ERROR   | Solver failed | status=4 | SQP it=1 | KKT=1.28e+02 | t=0.000s
2025-06-28 18:35:33,422 | ERROR   | Dump saved → debug_logs/fail/tick0170.json
2025-06-28 18:35:33,451 | ERROR   | Solver failed | status=4 | SQP it=1 | KKT=1.28e+02 | t=0.000s
2025-06-28 18:35:33,452 | ERROR   | Dump saved → debug_logs/fail/tick0171.json
2025-06-28 18:35:33,481 | ERROR   | Solver failed | status=4 | SQP it=1 | KKT=1.28e+02 | t=0.000s
2025-06-28 18:35:33,482 | ERROR   | Dump saved → debug_logs/fail/tick0172.json
2025-06-28 18:35:33,511 | ERROR   | Solver failed | status=4 | SQP it=1 | KKT=1.28e+02 | t=0.000s
2025-06-28 18:35:33,512 | ERROR   | Dump saved → debug_logs/fail/tick0173.json
2025-06-28 18:35:33,541 | ERROR   | Solver failed | status=4 | SQP it=1 | KKT=1.28e+02 | t=0.000s
2025-06-28 18:35:33,542 | ERROR   | Dump saved → debug_logs/fail/tick0174.json
2025-06-28 18:35:33,569 | ERROR   | Solver failed | status=4 | SQP it=1 | KKT=1.28e+02 | t=0.000s
2025-06-28 18:35:33,570 | ERROR   | Dump saved → debug_logs/fail/tick0175.json
2025-06-28 18:35:35,298 | INFO    | ===== INITIAL STATE DUMP =====
2025-06-28 18:35:35,298 | DEBUG   | {
  "xcurrent": [
    0.9956966042518616,
    1.4567142724990845,
    0.08788059651851654,
    0.0,
    0.0,
    0.0
  ],
  "params": {
    "QC": 10,
    "QC_GATE": 50,
    "QL": 40,
    "MU": 10,
    "DVTHETA_MAX": 1.4,
    "N": 20,
    "T_HORIZON": 0.9,
    "RAMP_TIME": 0.5,
    "BARRIER_WEIGHT": 10,
    "OBSTACLE_WEIGHT": [
      50,
      100,
      70,
      30
    ],
    "OBSTACLE_RADIUS": 0.25,
    "TUNNEL_WIDTH": 0.5,
    "TUNNEL_WIDTH_GATE": 0.15,
    "NARROW_DIST": 0.3,
    "GATE_FLAT_DIST": 0.2,
    "TUNNEL_ALIGN_THRESH": 0.3,
    "Q_OMEGA": 2,
    "R_VTHETA": 1.0,
    "REG_THRUST": 0.008,
    "REG_INPUTS": 0.01
  },
  "box_lims": {
    "vtheta_max": 1.4,
    "dvtheta_max": 1.4
  }
}
2025-06-28 18:35:48,607 | INFO    | ===== INITIAL STATE DUMP =====
2025-06-28 18:35:48,608 | DEBUG   | {
  "xcurrent": [
    1.0990740060806274,
    1.5403106212615967,
    0.08377130329608917,
    0.0,
    0.0,
    0.0
  ],
  "params": {
    "QC": 10,
    "QC_GATE": 50,
    "QL": 40,
    "MU": 10,
    "DVTHETA_MAX": 1.4,
    "N": 20,
    "T_HORIZON": 0.9,
    "RAMP_TIME": 0.5,
    "BARRIER_WEIGHT": 10,
    "OBSTACLE_WEIGHT": [
      50,
      100,
      70,
      30
    ],
    "OBSTACLE_RADIUS": 0.25,
    "TUNNEL_WIDTH": 0.5,
    "TUNNEL_WIDTH_GATE": 0.15,
    "NARROW_DIST": 0.3,
    "GATE_FLAT_DIST": 0.2,
    "TUNNEL_ALIGN_THRESH": 0.3,
    "Q_OMEGA": 2,
    "R_VTHETA": 1.0,
    "REG_THRUST": 0.008,
    "REG_INPUTS": 0.01
  },
  "box_lims": {
    "vtheta_max": 1.4,
    "dvtheta_max": 1.4
  }
}
2025-06-28 18:35:55,339 | INFO    | ===== INITIAL STATE DUMP =====
2025-06-28 18:35:55,339 | DEBUG   | {
  "xcurrent": [
    0.9102470278739929,
    1.5647112131118774,
    0.08913364261388779,
    0.0,
    0.0,
    0.0
  ],
  "params": {
    "QC": 10,
    "QC_GATE": 50,
    "QL": 40,
    "MU": 10,
    "DVTHETA_MAX": 1.4,
    "N": 20,
    "T_HORIZON": 0.9,
    "RAMP_TIME": 0.5,
    "BARRIER_WEIGHT": 10,
    "OBSTACLE_WEIGHT": [
      50,
      100,
      70,
      30
    ],
    "OBSTACLE_RADIUS": 0.25,
    "TUNNEL_WIDTH": 0.5,
    "TUNNEL_WIDTH_GATE": 0.15,
    "NARROW_DIST": 0.3,
    "GATE_FLAT_DIST": 0.2,
    "TUNNEL_ALIGN_THRESH": 0.3,
    "Q_OMEGA": 2,
    "R_VTHETA": 1.0,
    "REG_THRUST": 0.008,
    "REG_INPUTS": 0.01
  },
  "box_lims": {
    "vtheta_max": 1.4,
    "dvtheta_max": 1.4
  }
}
2025-06-28 18:36:08,773 | INFO    | ===== INITIAL STATE DUMP =====
2025-06-28 18:36:08,774 | DEBUG   | {
  "xcurrent": [
    0.9112851619720459,
    1.544765830039978,
    0.08966828882694244,
    0.0,
    0.0,
    0.0
  ],
  "params": {
    "QC": 10,
    "QC_GATE": 50,
    "QL": 40,
    "MU": 10,
    "DVTHETA_MAX": 1.4,
    "N": 20,
    "T_HORIZON": 0.9,
    "RAMP_TIME": 0.5,
    "BARRIER_WEIGHT": 10,
    "OBSTACLE_WEIGHT": [
      50,
      100,
      70,
      30
    ],
    "OBSTACLE_RADIUS": 0.25,
    "TUNNEL_WIDTH": 0.5,
    "TUNNEL_WIDTH_GATE": 0.15,
    "NARROW_DIST": 0.3,
    "GATE_FLAT_DIST": 0.2,
    "TUNNEL_ALIGN_THRESH": 0.3,
    "Q_OMEGA": 2,
    "R_VTHETA": 1.0,
    "REG_THRUST": 0.008,
    "REG_INPUTS": 0.01
  },
  "box_lims": {
    "vtheta_max": 1.4,
    "dvtheta_max": 1.4
  }
}
2025-06-28 18:36:21,252 | INFO    | ===== INITIAL STATE DUMP =====
2025-06-28 18:36:21,253 | DEBUG   | {
  "xcurrent": [
    0.973771333694458,
    1.4638773202896118,
    0.08837606757879257,
    0.0,
    0.0,
    0.0
  ],
  "params": {
    "QC": 10,
    "QC_GATE": 50,
    "QL": 40,
    "MU": 10,
    "DVTHETA_MAX": 1.4,
    "N": 20,
    "T_HORIZON": 0.9,
    "RAMP_TIME": 0.5,
    "BARRIER_WEIGHT": 10,
    "OBSTACLE_WEIGHT": [
      50,
      100,
      70,
      30
    ],
    "OBSTACLE_RADIUS": 0.25,
    "TUNNEL_WIDTH": 0.5,
    "TUNNEL_WIDTH_GATE": 0.15,
    "NARROW_DIST": 0.3,
    "GATE_FLAT_DIST": 0.2,
    "TUNNEL_ALIGN_THRESH": 0.3,
    "Q_OMEGA": 2,
    "R_VTHETA": 1.0,
    "REG_THRUST": 0.008,
    "REG_INPUTS": 0.01
  },
  "box_lims": {
    "vtheta_max": 1.4,
    "dvtheta_max": 1.4
  }
}
2025-06-28 18:36:29,748 | ERROR   | Solver failed | status=1 | SQP it=53 | KKT=8.20e-11 | t=0.057s
2025-06-28 18:36:29,750 | ERROR   | Dump saved → debug_logs/fail/tick0274.json
2025-06-28 18:36:29,780 | ERROR   | Solver failed | status=1 | SQP it=0 | KKT=nan | t=0.000s
2025-06-28 18:36:29,781 | ERROR   | Dump saved → debug_logs/fail/tick0275.json
2025-06-28 18:36:29,818 | ERROR   | Solver failed | status=1 | SQP it=0 | KKT=nan | t=0.000s
2025-06-28 18:36:29,819 | ERROR   | Dump saved → debug_logs/fail/tick0276.json
2025-06-28 18:36:29,847 | ERROR   | Solver failed | status=1 | SQP it=0 | KKT=nan | t=0.000s
2025-06-28 18:36:29,848 | ERROR   | Dump saved → debug_logs/fail/tick0277.json
2025-06-28 18:36:29,876 | ERROR   | Solver failed | status=1 | SQP it=0 | KKT=nan | t=0.000s
2025-06-28 18:36:29,877 | ERROR   | Dump saved → debug_logs/fail/tick0278.json
2025-06-28 18:36:29,904 | ERROR   | Solver failed | status=1 | SQP it=0 | KKT=nan | t=0.000s
2025-06-28 18:36:29,904 | ERROR   | Dump saved → debug_logs/fail/tick0279.json
2025-06-28 18:36:29,932 | ERROR   | Solver failed | status=4 | SQP it=1 | KKT=8.80e+02 | t=0.000s
2025-06-28 18:36:29,932 | ERROR   | Dump saved → debug_logs/fail/tick0280.json
2025-06-28 18:36:29,961 | ERROR   | Solver failed | status=4 | SQP it=1 | KKT=8.80e+02 | t=0.000s
2025-06-28 18:36:29,961 | ERROR   | Dump saved → debug_logs/fail/tick0281.json
2025-06-28 18:36:29,992 | ERROR   | Solver failed | status=4 | SQP it=1 | KKT=8.80e+02 | t=0.000s
2025-06-28 18:36:29,992 | ERROR   | Dump saved → debug_logs/fail/tick0282.json
2025-06-28 18:36:30,021 | ERROR   | Solver failed | status=4 | SQP it=1 | KKT=8.80e+02 | t=0.000s
2025-06-28 18:36:30,022 | ERROR   | Dump saved → debug_logs/fail/tick0283.json
2025-06-28 18:36:30,051 | ERROR   | Solver failed | status=4 | SQP it=1 | KKT=8.80e+02 | t=0.000s
2025-06-28 18:36:30,052 | ERROR   | Dump saved → debug_logs/fail/tick0284.json
2025-06-28 18:36:30,081 | ERROR   | Solver failed | status=4 | SQP it=1 | KKT=8.80e+02 | t=0.000s
2025-06-28 18:36:30,081 | ERROR   | Dump saved → debug_logs/fail/tick0285.json
2025-06-28 18:36:30,110 | ERROR   | Solver failed | status=4 | SQP it=1 | KKT=8.80e+02 | t=0.000s
2025-06-28 18:36:30,111 | ERROR   | Dump saved → debug_logs/fail/tick0286.json
2025-06-28 18:36:30,137 | ERROR   | Solver failed | status=4 | SQP it=1 | KKT=8.80e+02 | t=0.000s
2025-06-28 18:36:30,137 | ERROR   | Dump saved → debug_logs/fail/tick0287.json
2025-06-28 18:36:30,160 | ERROR   | Solver failed | status=4 | SQP it=1 | KKT=8.80e+02 | t=0.000s
2025-06-28 18:36:30,161 | ERROR   | Dump saved → debug_logs/fail/tick0288.json
2025-06-28 18:36:30,184 | ERROR   | Solver failed | status=4 | SQP it=1 | KKT=8.80e+02 | t=0.000s
2025-06-28 18:36:30,184 | ERROR   | Dump saved → debug_logs/fail/tick0289.json
2025-06-28 18:36:30,210 | ERROR   | Solver failed | status=4 | SQP it=1 | KKT=8.80e+02 | t=0.000s
2025-06-28 18:36:30,211 | ERROR   | Dump saved → debug_logs/fail/tick0290.json
2025-06-28 18:36:30,236 | ERROR   | Solver failed | status=4 | SQP it=1 | KKT=8.80e+02 | t=0.000s
2025-06-28 18:36:30,237 | ERROR   | Dump saved → debug_logs/fail/tick0291.json
2025-06-28 18:36:30,263 | ERROR   | Solver failed | status=4 | SQP it=1 | KKT=8.80e+02 | t=0.000s
2025-06-28 18:36:30,264 | ERROR   | Dump saved → debug_logs/fail/tick0292.json
2025-06-28 18:36:30,289 | ERROR   | Solver failed | status=4 | SQP it=1 | KKT=8.80e+02 | t=0.000s
2025-06-28 18:36:30,290 | ERROR   | Dump saved → debug_logs/fail/tick0293.json
2025-06-28 18:36:30,316 | ERROR   | Solver failed | status=4 | SQP it=1 | KKT=8.80e+02 | t=0.000s
2025-06-28 18:36:30,316 | ERROR   | Dump saved → debug_logs/fail/tick0294.json
2025-06-28 18:36:30,343 | ERROR   | Solver failed | status=4 | SQP it=1 | KKT=8.80e+02 | t=0.000s
2025-06-28 18:36:30,344 | ERROR   | Dump saved → debug_logs/fail/tick0295.json
2025-06-28 18:36:30,370 | ERROR   | Solver failed | status=4 | SQP it=1 | KKT=8.80e+02 | t=0.000s
2025-06-28 18:36:30,371 | ERROR   | Dump saved → debug_logs/fail/tick0296.json
2025-06-28 18:36:30,396 | ERROR   | Solver failed | status=4 | SQP it=1 | KKT=8.80e+02 | t=0.000s
2025-06-28 18:36:30,397 | ERROR   | Dump saved → debug_logs/fail/tick0297.json
2025-06-28 18:36:30,425 | ERROR   | Solver failed | status=4 | SQP it=1 | KKT=8.80e+02 | t=0.000s
2025-06-28 18:36:30,426 | ERROR   | Dump saved → debug_logs/fail/tick0298.json
2025-06-28 18:36:30,454 | ERROR   | Solver failed | status=4 | SQP it=1 | KKT=8.80e+02 | t=0.000s
2025-06-28 18:36:30,455 | ERROR   | Dump saved → debug_logs/fail/tick0299.json
2025-06-28 18:36:30,483 | ERROR   | Solver failed | status=4 | SQP it=1 | KKT=8.80e+02 | t=0.000s
2025-06-28 18:36:30,484 | ERROR   | Dump saved → debug_logs/fail/tick0300.json
2025-06-28 18:36:30,513 | ERROR   | Solver failed | status=4 | SQP it=1 | KKT=8.80e+02 | t=0.000s
2025-06-28 18:36:30,514 | ERROR   | Dump saved → debug_logs/fail/tick0301.json
2025-06-28 18:36:30,543 | ERROR   | Solver failed | status=4 | SQP it=1 | KKT=8.80e+02 | t=0.000s
2025-06-28 18:36:30,545 | ERROR   | Dump saved → debug_logs/fail/tick0302.json
2025-06-28 18:36:30,575 | ERROR   | Solver failed | status=4 | SQP it=1 | KKT=8.80e+02 | t=0.000s
2025-06-28 18:36:30,575 | ERROR   | Dump saved → debug_logs/fail/tick0303.json
2025-06-28 18:36:30,601 | ERROR   | Solver failed | status=4 | SQP it=1 | KKT=8.80e+02 | t=0.000s
2025-06-28 18:36:30,601 | ERROR   | Dump saved → debug_logs/fail/tick0304.json
2025-06-28 18:36:30,626 | ERROR   | Solver failed | status=4 | SQP it=1 | KKT=8.80e+02 | t=0.000s
2025-06-28 18:36:30,628 | ERROR   | Dump saved → debug_logs/fail/tick0305.json
2025-06-28 18:36:30,655 | ERROR   | Solver failed | status=4 | SQP it=1 | KKT=8.81e+02 | t=0.000s
2025-06-28 18:36:30,656 | ERROR   | Dump saved → debug_logs/fail/tick0306.json
2025-06-28 18:36:30,683 | ERROR   | Solver failed | status=4 | SQP it=1 | KKT=8.81e+02 | t=0.000s
2025-06-28 18:36:30,683 | ERROR   | Dump saved → debug_logs/fail/tick0307.json
2025-06-28 18:36:30,710 | ERROR   | Solver failed | status=4 | SQP it=1 | KKT=8.81e+02 | t=0.000s
2025-06-28 18:36:30,711 | ERROR   | Dump saved → debug_logs/fail/tick0308.json
2025-06-28 18:36:30,738 | ERROR   | Solver failed | status=4 | SQP it=1 | KKT=8.81e+02 | t=0.000s
2025-06-28 18:36:30,739 | ERROR   | Dump saved → debug_logs/fail/tick0309.json
2025-06-28 18:36:30,765 | ERROR   | Solver failed | status=4 | SQP it=1 | KKT=8.81e+02 | t=0.000s
2025-06-28 18:36:30,765 | ERROR   | Dump saved → debug_logs/fail/tick0310.json
2025-06-28 18:36:30,792 | ERROR   | Solver failed | status=4 | SQP it=1 | KKT=8.81e+02 | t=0.000s
2025-06-28 18:36:30,793 | ERROR   | Dump saved → debug_logs/fail/tick0311.json
2025-06-28 18:36:30,820 | ERROR   | Solver failed | status=4 | SQP it=1 | KKT=8.81e+02 | t=0.000s
2025-06-28 18:36:30,821 | ERROR   | Dump saved → debug_logs/fail/tick0312.json
2025-06-28 18:36:30,848 | ERROR   | Solver failed | status=4 | SQP it=1 | KKT=8.81e+02 | t=0.000s
2025-06-28 18:36:30,849 | ERROR   | Dump saved → debug_logs/fail/tick0313.json
2025-06-28 18:36:30,877 | ERROR   | Solver failed | status=4 | SQP it=1 | KKT=8.81e+02 | t=0.000s
2025-06-28 18:36:30,879 | ERROR   | Dump saved → debug_logs/fail/tick0314.json
2025-06-28 18:36:30,907 | ERROR   | Solver failed | status=4 | SQP it=1 | KKT=8.81e+02 | t=0.000s
2025-06-28 18:36:30,908 | ERROR   | Dump saved → debug_logs/fail/tick0315.json
2025-06-28 18:36:30,935 | ERROR   | Solver failed | status=4 | SQP it=1 | KKT=8.81e+02 | t=0.000s
2025-06-28 18:36:30,935 | ERROR   | Dump saved → debug_logs/fail/tick0316.json
2025-06-28 18:36:30,963 | ERROR   | Solver failed | status=4 | SQP it=1 | KKT=8.81e+02 | t=0.000s
2025-06-28 18:36:30,964 | ERROR   | Dump saved → debug_logs/fail/tick0317.json
2025-06-28 18:36:30,992 | ERROR   | Solver failed | status=4 | SQP it=1 | KKT=8.82e+02 | t=0.000s
2025-06-28 18:36:30,993 | ERROR   | Dump saved → debug_logs/fail/tick0318.json
2025-06-28 18:36:31,019 | ERROR   | Solver failed | status=4 | SQP it=1 | KKT=8.82e+02 | t=0.000s
2025-06-28 18:36:31,019 | ERROR   | Dump saved → debug_logs/fail/tick0319.json
2025-06-28 18:36:31,045 | ERROR   | Solver failed | status=4 | SQP it=1 | KKT=8.82e+02 | t=0.000s
2025-06-28 18:36:31,046 | ERROR   | Dump saved → debug_logs/fail/tick0320.json
2025-06-28 18:36:31,072 | ERROR   | Solver failed | status=4 | SQP it=1 | KKT=8.82e+02 | t=0.000s
2025-06-28 18:36:31,072 | ERROR   | Dump saved → debug_logs/fail/tick0321.json
2025-06-28 18:36:31,098 | ERROR   | Solver failed | status=4 | SQP it=1 | KKT=8.82e+02 | t=0.000s
2025-06-28 18:36:31,098 | ERROR   | Dump saved → debug_logs/fail/tick0322.json
2025-06-28 18:36:31,122 | ERROR   | Solver failed | status=4 | SQP it=1 | KKT=8.82e+02 | t=0.000s
2025-06-28 18:36:31,123 | ERROR   | Dump saved → debug_logs/fail/tick0323.json
2025-06-28 18:36:31,149 | ERROR   | Solver failed | status=4 | SQP it=1 | KKT=8.82e+02 | t=0.000s
2025-06-28 18:36:31,149 | ERROR   | Dump saved → debug_logs/fail/tick0324.json
2025-06-28 18:36:31,176 | ERROR   | Solver failed | status=4 | SQP it=1 | KKT=8.82e+02 | t=0.000s
2025-06-28 18:36:31,177 | ERROR   | Dump saved → debug_logs/fail/tick0325.json
2025-06-28 18:36:31,203 | ERROR   | Solver failed | status=4 | SQP it=1 | KKT=8.82e+02 | t=0.000s
2025-06-28 18:36:31,204 | ERROR   | Dump saved → debug_logs/fail/tick0326.json
2025-06-28 18:36:31,229 | ERROR   | Solver failed | status=4 | SQP it=1 | KKT=8.82e+02 | t=0.000s
2025-06-28 18:36:31,232 | ERROR   | Dump saved → debug_logs/fail/tick0327.json
2025-06-28 18:36:31,259 | ERROR   | Solver failed | status=4 | SQP it=1 | KKT=8.82e+02 | t=0.000s
2025-06-28 18:36:31,259 | ERROR   | Dump saved → debug_logs/fail/tick0328.json
2025-06-28 18:36:31,285 | ERROR   | Solver failed | status=4 | SQP it=1 | KKT=8.82e+02 | t=0.000s
2025-06-28 18:36:31,286 | ERROR   | Dump saved → debug_logs/fail/tick0329.json
2025-06-28 18:36:31,314 | ERROR   | Solver failed | status=4 | SQP it=1 | KKT=8.82e+02 | t=0.000s
2025-06-28 18:36:31,314 | ERROR   | Dump saved → debug_logs/fail/tick0330.json
2025-06-28 18:36:31,343 | ERROR   | Solver failed | status=4 | SQP it=1 | KKT=8.82e+02 | t=0.000s
2025-06-28 18:36:31,343 | ERROR   | Dump saved → debug_logs/fail/tick0331.json
2025-06-28 18:36:31,370 | ERROR   | Solver failed | status=4 | SQP it=1 | KKT=8.82e+02 | t=0.000s
2025-06-28 18:36:31,372 | ERROR   | Dump saved → debug_logs/fail/tick0332.json
2025-06-28 18:36:31,399 | ERROR   | Solver failed | status=4 | SQP it=1 | KKT=8.82e+02 | t=0.000s
2025-06-28 18:36:31,400 | ERROR   | Dump saved → debug_logs/fail/tick0333.json
2025-06-28 18:36:31,427 | ERROR   | Solver failed | status=4 | SQP it=1 | KKT=8.82e+02 | t=0.000s
2025-06-28 18:36:31,428 | ERROR   | Dump saved → debug_logs/fail/tick0334.json
2025-06-28 18:36:31,457 | ERROR   | Solver failed | status=4 | SQP it=1 | KKT=8.82e+02 | t=0.000s
2025-06-28 18:36:31,457 | ERROR   | Dump saved → debug_logs/fail/tick0335.json
2025-06-28 18:36:31,486 | ERROR   | Solver failed | status=4 | SQP it=1 | KKT=8.82e+02 | t=0.000s
2025-06-28 18:36:31,487 | ERROR   | Dump saved → debug_logs/fail/tick0336.json
2025-06-28 18:36:31,516 | ERROR   | Solver failed | status=4 | SQP it=1 | KKT=8.82e+02 | t=0.000s
2025-06-28 18:36:31,516 | ERROR   | Dump saved → debug_logs/fail/tick0337.json
2025-06-28 18:36:31,545 | ERROR   | Solver failed | status=4 | SQP it=1 | KKT=8.84e+02 | t=0.000s
2025-06-28 18:36:31,546 | ERROR   | Dump saved → debug_logs/fail/tick0338.json
2025-06-28 18:36:31,575 | ERROR   | Solver failed | status=4 | SQP it=1 | KKT=8.84e+02 | t=0.000s
2025-06-28 18:36:31,576 | ERROR   | Dump saved → debug_logs/fail/tick0339.json
2025-06-28 18:36:31,601 | ERROR   | Solver failed | status=4 | SQP it=1 | KKT=8.84e+02 | t=0.000s
2025-06-28 18:36:31,602 | ERROR   | Dump saved → debug_logs/fail/tick0340.json
2025-06-28 18:36:31,628 | ERROR   | Solver failed | status=4 | SQP it=1 | KKT=8.84e+02 | t=0.000s
2025-06-28 18:36:31,628 | ERROR   | Dump saved → debug_logs/fail/tick0341.json
2025-06-28 18:36:31,651 | ERROR   | Solver failed | status=4 | SQP it=1 | KKT=8.84e+02 | t=0.000s
2025-06-28 18:36:31,652 | ERROR   | Dump saved → debug_logs/fail/tick0342.json
2025-06-28 18:36:31,675 | ERROR   | Solver failed | status=4 | SQP it=1 | KKT=8.84e+02 | t=0.000s
2025-06-28 18:36:31,676 | ERROR   | Dump saved → debug_logs/fail/tick0343.json
2025-06-28 18:36:31,702 | ERROR   | Solver failed | status=4 | SQP it=1 | KKT=8.84e+02 | t=0.000s
2025-06-28 18:36:31,703 | ERROR   | Dump saved → debug_logs/fail/tick0344.json
2025-06-28 18:36:31,729 | ERROR   | Solver failed | status=4 | SQP it=1 | KKT=8.84e+02 | t=0.000s
2025-06-28 18:36:31,729 | ERROR   | Dump saved → debug_logs/fail/tick0345.json
2025-06-28 18:36:31,754 | ERROR   | Solver failed | status=4 | SQP it=1 | KKT=8.84e+02 | t=0.000s
2025-06-28 18:36:31,755 | ERROR   | Dump saved → debug_logs/fail/tick0346.json
2025-06-28 18:36:31,781 | ERROR   | Solver failed | status=4 | SQP it=1 | KKT=8.84e+02 | t=0.000s
2025-06-28 18:36:31,781 | ERROR   | Dump saved → debug_logs/fail/tick0347.json
2025-06-28 18:36:31,808 | ERROR   | Solver failed | status=4 | SQP it=1 | KKT=8.84e+02 | t=0.000s
2025-06-28 18:36:31,808 | ERROR   | Dump saved → debug_logs/fail/tick0348.json
2025-06-28 18:36:31,834 | ERROR   | Solver failed | status=4 | SQP it=1 | KKT=8.84e+02 | t=0.000s
2025-06-28 18:36:31,835 | ERROR   | Dump saved → debug_logs/fail/tick0349.json
2025-06-28 18:36:31,861 | ERROR   | Solver failed | status=4 | SQP it=1 | KKT=8.84e+02 | t=0.000s
2025-06-28 18:36:31,861 | ERROR   | Dump saved → debug_logs/fail/tick0350.json
2025-06-28 18:36:31,889 | ERROR   | Solver failed | status=4 | SQP it=1 | KKT=8.84e+02 | t=0.000s
2025-06-28 18:36:31,890 | ERROR   | Dump saved → debug_logs/fail/tick0351.json
2025-06-28 18:36:31,917 | ERROR   | Solver failed | status=4 | SQP it=1 | KKT=8.84e+02 | t=0.000s
2025-06-28 18:36:31,918 | ERROR   | Dump saved → debug_logs/fail/tick0352.json
2025-06-28 18:36:31,946 | ERROR   | Solver failed | status=4 | SQP it=1 | KKT=8.84e+02 | t=0.000s
2025-06-28 18:36:31,947 | ERROR   | Dump saved → debug_logs/fail/tick0353.json
2025-06-28 18:36:31,976 | ERROR   | Solver failed | status=4 | SQP it=1 | KKT=8.84e+02 | t=0.000s
2025-06-28 18:36:31,977 | ERROR   | Dump saved → debug_logs/fail/tick0354.json
2025-06-28 18:36:32,006 | ERROR   | Solver failed | status=4 | SQP it=1 | KKT=8.84e+02 | t=0.000s
2025-06-28 18:36:32,007 | ERROR   | Dump saved → debug_logs/fail/tick0355.json
2025-06-28 18:36:32,031 | ERROR   | Solver failed | status=4 | SQP it=1 | KKT=8.84e+02 | t=0.000s
2025-06-28 18:36:32,032 | ERROR   | Dump saved → debug_logs/fail/tick0356.json
2025-06-28 18:36:32,060 | ERROR   | Solver failed | status=4 | SQP it=1 | KKT=8.84e+02 | t=0.000s
2025-06-28 18:36:32,060 | ERROR   | Dump saved → debug_logs/fail/tick0357.json
2025-06-28 18:36:32,086 | ERROR   | Solver failed | status=4 | SQP it=1 | KKT=8.84e+02 | t=0.000s
2025-06-28 18:36:32,087 | ERROR   | Dump saved → debug_logs/fail/tick0358.json
2025-06-28 18:36:32,112 | ERROR   | Solver failed | status=4 | SQP it=1 | KKT=8.84e+02 | t=0.000s
2025-06-28 18:36:32,113 | ERROR   | Dump saved → debug_logs/fail/tick0359.json
2025-06-28 18:36:32,139 | ERROR   | Solver failed | status=4 | SQP it=1 | KKT=8.84e+02 | t=0.000s
2025-06-28 18:36:32,139 | ERROR   | Dump saved → debug_logs/fail/tick0360.json
2025-06-28 18:36:32,164 | ERROR   | Solver failed | status=4 | SQP it=1 | KKT=8.84e+02 | t=0.000s
2025-06-28 18:36:32,165 | ERROR   | Dump saved → debug_logs/fail/tick0361.json
2025-06-28 18:36:32,191 | ERROR   | Solver failed | status=4 | SQP it=1 | KKT=8.84e+02 | t=0.000s
2025-06-28 18:36:32,192 | ERROR   | Dump saved → debug_logs/fail/tick0362.json
2025-06-28 18:36:32,218 | ERROR   | Solver failed | status=4 | SQP it=1 | KKT=8.84e+02 | t=0.000s
2025-06-28 18:36:32,221 | ERROR   | Dump saved → debug_logs/fail/tick0363.json
2025-06-28 18:36:32,248 | ERROR   | Solver failed | status=4 | SQP it=1 | KKT=8.84e+02 | t=0.000s
2025-06-28 18:36:32,249 | ERROR   | Dump saved → debug_logs/fail/tick0364.json
2025-06-28 18:36:32,275 | ERROR   | Solver failed | status=4 | SQP it=1 | KKT=8.84e+02 | t=0.000s
2025-06-28 18:36:32,276 | ERROR   | Dump saved → debug_logs/fail/tick0365.json
2025-06-28 18:36:32,302 | ERROR   | Solver failed | status=4 | SQP it=1 | KKT=8.84e+02 | t=0.000s
2025-06-28 18:36:32,303 | ERROR   | Dump saved → debug_logs/fail/tick0366.json
2025-06-28 18:36:32,330 | ERROR   | Solver failed | status=4 | SQP it=1 | KKT=8.84e+02 | t=0.000s
2025-06-28 18:36:32,330 | ERROR   | Dump saved → debug_logs/fail/tick0367.json
2025-06-28 18:36:32,360 | ERROR   | Solver failed | status=4 | SQP it=1 | KKT=8.84e+02 | t=0.000s
2025-06-28 18:36:32,360 | ERROR   | Dump saved → debug_logs/fail/tick0368.json
2025-06-28 18:36:32,388 | ERROR   | Solver failed | status=4 | SQP it=1 | KKT=8.84e+02 | t=0.000s
2025-06-28 18:36:32,390 | ERROR   | Dump saved → debug_logs/fail/tick0369.json
2025-06-28 18:36:33,974 | INFO    | ===== INITIAL STATE DUMP =====
2025-06-28 18:36:33,974 | DEBUG   | {
  "xcurrent": [
    0.9185205101966858,
    1.5289829969406128,
    0.07147929817438126,
    0.0,
    0.0,
    0.0
  ],
  "params": {
    "QC": 10,
    "QC_GATE": 50,
    "QL": 40,
    "MU": 10,
    "DVTHETA_MAX": 1.4,
    "N": 20,
    "T_HORIZON": 0.9,
    "RAMP_TIME": 0.5,
    "BARRIER_WEIGHT": 10,
    "OBSTACLE_WEIGHT": [
      50,
      100,
      70,
      30
    ],
    "OBSTACLE_RADIUS": 0.25,
    "TUNNEL_WIDTH": 0.5,
    "TUNNEL_WIDTH_GATE": 0.15,
    "NARROW_DIST": 0.3,
    "GATE_FLAT_DIST": 0.2,
    "TUNNEL_ALIGN_THRESH": 0.3,
    "Q_OMEGA": 2,
    "R_VTHETA": 1.0,
    "REG_THRUST": 0.008,
    "REG_INPUTS": 0.01
  },
  "box_lims": {
    "vtheta_max": 1.4,
    "dvtheta_max": 1.4
  }
}
2025-06-28 18:36:34,351 | ERROR   | Solver failed | status=2 | SQP it=1000 | KKT=6.79e-08 | t=0.277s
2025-06-28 18:36:34,353 | ERROR   | Dump saved → debug_logs/fail/tick0003.json
2025-06-28 18:36:44,037 | ERROR   | Solver failed | status=2 | SQP it=1000 | KKT=7.27e-08 | t=0.727s
2025-06-28 18:36:44,039 | ERROR   | Dump saved → debug_logs/fail/tick0293.json
2025-06-28 18:36:45,107 | ERROR   | Solver failed | status=2 | SQP it=1000 | KKT=9.33e-11 | t=1.038s
2025-06-28 18:36:45,107 | ERROR   | Dump saved → debug_logs/fail/tick0294.json
2025-06-28 18:36:45,150 | ERROR   | Solver failed | status=4 | SQP it=4 | KKT=9.33e-11 | t=0.005s
2025-06-28 18:36:45,151 | ERROR   | Dump saved → debug_logs/fail/tick0295.json
2025-06-28 18:36:45,569 | ERROR   | Solver failed | status=4 | SQP it=392 | KKT=6.05e-08 | t=0.392s
2025-06-28 18:36:45,569 | ERROR   | Dump saved → debug_logs/fail/tick0296.json
