2025-06-28 18:48:51,778 | INFO    | ===== INITIAL STATE DUMP =====
2025-06-28 18:48:51,779 | DEBUG   | {
  "xcurrent": [
    1.089695930480957,
    1.4088244438171387,
    0.08456537127494812,
    0.0,
    0.0,
    0.0
  ],
  "params": {
    "QC": 10,
    "QC_GATE": 50,
    "QL": 40,
    "MU": 10,
    "DVTHETA_MAX": 1.6,
    "N": 20,
    "T_HORIZON": 0.5,
    "RAMP_TIME": 0.5,
    "BARRIER_WEIGHT": 10,
    "OBSTACLE_WEIGHT": [
      300,
      300,
      200,
      100
    ],
    "OBSTACLE_RADIUS": 0.2,
    "TUNNEL_WIDTH": 0.5,
    "TUNNEL_WIDTH_GATE": 0.3,
    "NARROW_DIST": 0.5,
    "GATE_FLAT_DIST": 0.3,
    "Q_OMEGA": 2,
    "R_VTHETA": 1.0,
    "REG_THRUST": 0.05,
    "REG_INPUTS": 0.01
  },
  "box_lims": {
    "vtheta_max": 1.6,
    "dvtheta_max": 1.6
  }
}
2025-06-28 18:48:57,054 | ERROR   | Solver failed | status=4 | SQP it=1 | KKT=1.79e+00 | t=0.004s
2025-06-28 18:48:57,056 | ERROR   | Dump saved → debug_logs/fail/tick0070.json
2025-06-28 18:48:57,084 | ERROR   | Solver failed | status=4 | SQP it=1 | KKT=1.83e+00 | t=0.001s
2025-06-28 18:48:57,085 | ERROR   | Dump saved → debug_logs/fail/tick0071.json
2025-06-28 18:48:57,114 | ERROR   | Solver failed | status=4 | SQP it=1 | KKT=1.83e+00 | t=0.002s
2025-06-28 18:48:57,115 | ERROR   | Dump saved → debug_logs/fail/tick0072.json
2025-06-28 18:48:57,148 | ERROR   | Solver failed | status=4 | SQP it=1 | KKT=1.83e+00 | t=0.001s
2025-06-28 18:48:57,148 | ERROR   | Dump saved → debug_logs/fail/tick0073.json
2025-06-28 18:48:57,178 | ERROR   | Solver failed | status=4 | SQP it=1 | KKT=1.89e+00 | t=0.002s
2025-06-28 18:48:57,179 | ERROR   | Dump saved → debug_logs/fail/tick0074.json
2025-06-28 18:48:57,207 | ERROR   | Solver failed | status=4 | SQP it=1 | KKT=1.89e+00 | t=0.002s
2025-06-28 18:48:57,208 | ERROR   | Dump saved → debug_logs/fail/tick0075.json
2025-06-28 18:49:14,530 | INFO    | ===== INITIAL STATE DUMP =====
2025-06-28 18:49:14,530 | DEBUG   | {
  "xcurrent": [
    0.9316399097442627,
    1.5823289155960083,
    0.07859853655099869,
    0.0,
    0.0,
    0.0
  ],
  "params": {
    "QC": 10,
    "QC_GATE": 50,
    "QL": 40,
    "MU": 10,
    "DVTHETA_MAX": 1.6,
    "N": 20,
    "T_HORIZON": 0.5,
    "RAMP_TIME": 0.5,
    "BARRIER_WEIGHT": 10,
    "OBSTACLE_WEIGHT": [
      300,
      300,
      200,
      100
    ],
    "OBSTACLE_RADIUS": 0.2,
    "TUNNEL_WIDTH": 0.5,
    "TUNNEL_WIDTH_GATE": 0.3,
    "NARROW_DIST": 0.5,
    "GATE_FLAT_DIST": 0.3,
    "Q_OMEGA": 2,
    "R_VTHETA": 1.0,
    "REG_THRUST": 0.05,
    "REG_INPUTS": 0.01
  },
  "box_lims": {
    "vtheta_max": 1.6,
    "dvtheta_max": 1.6
  }
}
