2025-06-06 16:54:36,055 | INFO    | ===== INITIAL STATE DUMP =====
2025-06-06 16:54:36,056 | DEBUG   | {
  "xcurrent": [
    1.089695930480957,
    1.4088244438171387,
    0.08456537127494812,
    0.0,
    0.0,
    0.0
  ],
  "params": {
    "QC": 10,
    "QL": 80,
    "MU": 10,
    "DVTHETA_MAX": 1.3,
    "N": 20,
    "T_HORIZON": 1.05,
    "RAMP_TIME": 1.8,
    "BARRIER_WEIGHT": 10,
    "TUNNEL_WIDTH": 0.4,
    "TUNNEL_WIDTH_GATE": 0.25,
    "Q_OMEGA": 2,
    "R_VTHETA": 1.0,
    "GATE_RAMP_TIME": 0.4
  },
  "box_lims": {
    "vtheta_max": 1.3,
    "dvtheta_max": 1.3
  }
}
2025-06-06 16:55:14,811 | ERROR   | Solver failed | status=1 | SQP it=12 | KKT=1.41e-08 | t=0.018s
2025-06-06 16:55:14,812 | ERROR   | Dump saved → debug_logs/fail/tick0326.json
2025-06-06 16:55:14,840 | ERROR   | Solver failed | status=1 | SQP it=0 | KKT=nan | t=0.000s
2025-06-06 16:55:14,840 | ERROR   | Dump saved → debug_logs/fail/tick0327.json
2025-06-06 16:55:14,868 | ERROR   | Solver failed | status=1 | SQP it=0 | KKT=nan | t=0.000s
2025-06-06 16:55:14,868 | ERROR   | Dump saved → debug_logs/fail/tick0328.json
2025-06-06 16:55:14,897 | ERROR   | Solver failed | status=1 | SQP it=0 | KKT=nan | t=0.000s
2025-06-06 16:55:14,898 | ERROR   | Dump saved → debug_logs/fail/tick0329.json
2025-06-06 16:55:14,926 | ERROR   | Solver failed | status=1 | SQP it=0 | KKT=nan | t=0.000s
2025-06-06 16:55:14,926 | ERROR   | Dump saved → debug_logs/fail/tick0330.json
2025-06-06 16:55:16,605 | ERROR   | Solver failed | status=1 | SQP it=0 | KKT=nan | t=0.000s
2025-06-06 16:55:16,608 | ERROR   | Dump saved → debug_logs/fail/tick0331.json
2025-06-06 16:55:16,651 | ERROR   | Solver failed | status=1 | SQP it=0 | KKT=nan | t=0.000s
2025-06-06 16:55:16,652 | ERROR   | Dump saved → debug_logs/fail/tick0332.json
2025-06-06 16:55:16,683 | ERROR   | Solver failed | status=1 | SQP it=0 | KKT=nan | t=0.000s
2025-06-06 16:55:16,684 | ERROR   | Dump saved → debug_logs/fail/tick0333.json
2025-06-06 16:55:16,713 | ERROR   | Solver failed | status=1 | SQP it=0 | KKT=nan | t=0.000s
2025-06-06 16:55:16,714 | ERROR   | Dump saved → debug_logs/fail/tick0334.json
2025-06-06 16:55:16,743 | ERROR   | Solver failed | status=1 | SQP it=0 | KKT=nan | t=0.000s
2025-06-06 16:55:16,744 | ERROR   | Dump saved → debug_logs/fail/tick0335.json
2025-06-06 16:55:16,773 | ERROR   | Solver failed | status=1 | SQP it=0 | KKT=nan | t=0.000s
2025-06-06 16:55:16,774 | ERROR   | Dump saved → debug_logs/fail/tick0336.json
2025-06-06 16:55:16,802 | ERROR   | Solver failed | status=1 | SQP it=0 | KKT=nan | t=0.000s
2025-06-06 16:55:16,803 | ERROR   | Dump saved → debug_logs/fail/tick0337.json
2025-06-06 16:55:16,831 | ERROR   | Solver failed | status=1 | SQP it=0 | KKT=nan | t=0.000s
2025-06-06 16:55:16,832 | ERROR   | Dump saved → debug_logs/fail/tick0338.json
2025-06-06 16:55:16,861 | ERROR   | Solver failed | status=1 | SQP it=0 | KKT=nan | t=0.000s
2025-06-06 16:55:16,861 | ERROR   | Dump saved → debug_logs/fail/tick0339.json
2025-06-06 16:55:16,890 | ERROR   | Solver failed | status=1 | SQP it=0 | KKT=nan | t=0.000s
2025-06-06 16:55:16,890 | ERROR   | Dump saved → debug_logs/fail/tick0340.json
2025-06-06 16:55:16,915 | ERROR   | Solver failed | status=1 | SQP it=0 | KKT=nan | t=0.000s
2025-06-06 16:55:16,916 | ERROR   | Dump saved → debug_logs/fail/tick0341.json
2025-06-06 16:55:16,941 | ERROR   | Solver failed | status=1 | SQP it=0 | KKT=nan | t=0.000s
2025-06-06 16:55:16,941 | ERROR   | Dump saved → debug_logs/fail/tick0342.json
2025-06-06 16:55:16,966 | ERROR   | Solver failed | status=1 | SQP it=0 | KKT=nan | t=0.000s
2025-06-06 16:55:16,966 | ERROR   | Dump saved → debug_logs/fail/tick0343.json
2025-06-06 16:55:16,992 | ERROR   | Solver failed | status=1 | SQP it=0 | KKT=nan | t=0.000s
2025-06-06 16:55:16,993 | ERROR   | Dump saved → debug_logs/fail/tick0344.json
2025-06-06 16:55:17,017 | ERROR   | Solver failed | status=1 | SQP it=0 | KKT=nan | t=0.000s
2025-06-06 16:55:17,018 | ERROR   | Dump saved → debug_logs/fail/tick0345.json
2025-06-06 16:55:17,043 | ERROR   | Solver failed | status=1 | SQP it=0 | KKT=nan | t=0.000s
2025-06-06 16:55:17,043 | ERROR   | Dump saved → debug_logs/fail/tick0346.json
2025-06-06 16:55:17,068 | ERROR   | Solver failed | status=1 | SQP it=0 | KKT=nan | t=0.000s
2025-06-06 16:55:17,069 | ERROR   | Dump saved → debug_logs/fail/tick0347.json
2025-06-06 16:55:17,095 | ERROR   | Solver failed | status=1 | SQP it=0 | KKT=nan | t=0.000s
2025-06-06 16:55:17,096 | ERROR   | Dump saved → debug_logs/fail/tick0348.json
2025-06-06 16:55:17,122 | ERROR   | Solver failed | status=1 | SQP it=0 | KKT=nan | t=0.000s
2025-06-06 16:55:17,123 | ERROR   | Dump saved → debug_logs/fail/tick0349.json
2025-06-06 16:55:17,149 | ERROR   | Solver failed | status=1 | SQP it=0 | KKT=nan | t=0.000s
2025-06-06 16:55:17,150 | ERROR   | Dump saved → debug_logs/fail/tick0350.json
2025-06-06 16:55:17,177 | ERROR   | Solver failed | status=1 | SQP it=0 | KKT=nan | t=0.000s
2025-06-06 16:55:17,178 | ERROR   | Dump saved → debug_logs/fail/tick0351.json
2025-06-06 16:55:17,205 | ERROR   | Solver failed | status=1 | SQP it=0 | KKT=nan | t=0.000s
2025-06-06 16:55:17,206 | ERROR   | Dump saved → debug_logs/fail/tick0352.json
2025-06-06 16:55:17,233 | ERROR   | Solver failed | status=1 | SQP it=0 | KKT=nan | t=0.000s
2025-06-06 16:55:17,233 | ERROR   | Dump saved → debug_logs/fail/tick0353.json
2025-06-06 16:55:17,260 | ERROR   | Solver failed | status=1 | SQP it=0 | KKT=nan | t=0.000s
2025-06-06 16:55:17,261 | ERROR   | Dump saved → debug_logs/fail/tick0354.json
2025-06-06 16:55:17,287 | ERROR   | Solver failed | status=1 | SQP it=0 | KKT=nan | t=0.000s
2025-06-06 16:55:17,287 | ERROR   | Dump saved → debug_logs/fail/tick0355.json
2025-06-06 16:55:17,314 | ERROR   | Solver failed | status=1 | SQP it=0 | KKT=nan | t=0.000s
2025-06-06 16:55:17,315 | ERROR   | Dump saved → debug_logs/fail/tick0356.json
2025-06-06 16:55:17,342 | ERROR   | Solver failed | status=1 | SQP it=0 | KKT=nan | t=0.000s
2025-06-06 16:55:17,343 | ERROR   | Dump saved → debug_logs/fail/tick0357.json
2025-06-06 16:55:17,369 | ERROR   | Solver failed | status=1 | SQP it=0 | KKT=nan | t=0.000s
2025-06-06 16:55:17,370 | ERROR   | Dump saved → debug_logs/fail/tick0358.json
2025-06-06 16:55:17,394 | ERROR   | Solver failed | status=1 | SQP it=0 | KKT=nan | t=0.000s
2025-06-06 16:55:17,394 | ERROR   | Dump saved → debug_logs/fail/tick0359.json
2025-06-06 16:55:17,417 | ERROR   | Solver failed | status=1 | SQP it=0 | KKT=nan | t=0.000s
2025-06-06 16:55:17,418 | ERROR   | Dump saved → debug_logs/fail/tick0360.json
2025-06-06 16:55:17,442 | ERROR   | Solver failed | status=1 | SQP it=0 | KKT=nan | t=0.000s
2025-06-06 16:55:17,443 | ERROR   | Dump saved → debug_logs/fail/tick0361.json
2025-06-06 16:55:17,468 | ERROR   | Solver failed | status=1 | SQP it=0 | KKT=nan | t=0.000s
2025-06-06 16:55:17,468 | ERROR   | Dump saved → debug_logs/fail/tick0362.json
2025-06-06 16:55:17,495 | ERROR   | Solver failed | status=1 | SQP it=0 | KKT=nan | t=0.000s
2025-06-06 16:55:17,496 | ERROR   | Dump saved → debug_logs/fail/tick0363.json
2025-06-06 16:55:17,521 | ERROR   | Solver failed | status=1 | SQP it=0 | KKT=nan | t=0.000s
2025-06-06 16:55:17,522 | ERROR   | Dump saved → debug_logs/fail/tick0364.json
2025-06-06 16:55:17,547 | ERROR   | Solver failed | status=1 | SQP it=0 | KKT=nan | t=0.000s
2025-06-06 16:55:17,548 | ERROR   | Dump saved → debug_logs/fail/tick0365.json
