2025-06-15 19:04:51,385 | INFO    | ===== INITIAL STATE DUMP =====
2025-06-15 19:04:51,385 | DEBUG   | {
  "xcurrent": [
    1.089695930480957,
    1.4088244438171387,
    0.08456537127494812,
    0.0,
    0.0,
    0.0
  ],
  "params": {
    "QC": 10,
    "QL": 80,
    "MU": 10,
    "DVTHETA_MAX": 1.9,
    "N": 20,
    "T_HORIZON": 1.2,
    "RAMP_TIME": 1.8,
    "BARRIER_WEIGHT": 10,
    "TUNNEL_WIDTH": 0.5,
    "TUNNEL_WIDTH_GATE": 0.1,
    "NARROW_DIST": 1.5,
    "Q_OMEGA": 2,
    "R_VTHETA": 1.0,
    "IN_GATE_RAMP_TIME": 0.1,
    "OUT_GATE_RAMP_TIME": 3
  },
  "box_lims": {
    "vtheta_max": 1.9,
    "dvtheta_max": 1.9
  }
}
2025-06-15 19:04:56,193 | INFO    | ===== INITIAL STATE DUMP =====
2025-06-15 19:04:56,193 | DEBUG   | {
  "xcurrent": [
    1.032991886138916,
    1.5715376138687134,
    0.07275685667991638,
    0.0,
    0.0,
    0.0
  ],
  "params": {
    "QC": 10,
    "QL": 80,
    "MU": 10,
    "DVTHETA_MAX": 1.9,
    "N": 20,
    "T_HORIZON": 1.2,
    "RAMP_TIME": 1.8,
    "BARRIER_WEIGHT": 10,
    "TUNNEL_WIDTH": 0.5,
    "TUNNEL_WIDTH_GATE": 0.1,
    "NARROW_DIST": 1.5,
    "Q_OMEGA": 2,
    "R_VTHETA": 1.0,
    "IN_GATE_RAMP_TIME": 0.1,
    "OUT_GATE_RAMP_TIME": 3
  },
  "box_lims": {
    "vtheta_max": 1.9,
    "dvtheta_max": 1.9
  }
}
2025-06-15 19:04:58,269 | ERROR   | Solver failed | status=1 | SQP it=28 | KKT=2.97e-09 | t=0.027s
2025-06-15 19:04:58,269 | ERROR   | Dump saved → debug_logs/fail/tick0070.json
2025-06-15 19:04:58,295 | ERROR   | Solver failed | status=1 | SQP it=0 | KKT=nan | t=0.000s
2025-06-15 19:04:58,295 | ERROR   | Dump saved → debug_logs/fail/tick0071.json
2025-06-15 19:04:58,322 | ERROR   | Solver failed | status=1 | SQP it=0 | KKT=nan | t=0.000s
2025-06-15 19:04:58,322 | ERROR   | Dump saved → debug_logs/fail/tick0072.json
2025-06-15 19:04:58,348 | ERROR   | Solver failed | status=4 | SQP it=1 | KKT=6.99e+02 | t=0.000s
2025-06-15 19:04:58,349 | ERROR   | Dump saved → debug_logs/fail/tick0073.json
2025-06-15 19:04:58,375 | ERROR   | Solver failed | status=4 | SQP it=1 | KKT=6.99e+02 | t=0.000s
2025-06-15 19:04:58,376 | ERROR   | Dump saved → debug_logs/fail/tick0074.json
2025-06-15 19:04:58,402 | ERROR   | Solver failed | status=1 | SQP it=0 | KKT=nan | t=0.000s
2025-06-15 19:04:58,403 | ERROR   | Dump saved → debug_logs/fail/tick0075.json
2025-06-15 19:04:58,428 | ERROR   | Solver failed | status=1 | SQP it=0 | KKT=nan | t=0.000s
2025-06-15 19:04:58,429 | ERROR   | Dump saved → debug_logs/fail/tick0076.json
2025-06-15 19:04:58,456 | ERROR   | Solver failed | status=1 | SQP it=0 | KKT=nan | t=0.000s
2025-06-15 19:04:58,457 | ERROR   | Dump saved → debug_logs/fail/tick0077.json
2025-06-15 19:04:58,483 | ERROR   | Solver failed | status=1 | SQP it=0 | KKT=nan | t=0.000s
2025-06-15 19:04:58,484 | ERROR   | Dump saved → debug_logs/fail/tick0078.json
2025-06-15 19:04:58,511 | ERROR   | Solver failed | status=1 | SQP it=0 | KKT=nan | t=0.000s
2025-06-15 19:04:58,511 | ERROR   | Dump saved → debug_logs/fail/tick0079.json
2025-06-15 19:04:58,538 | ERROR   | Solver failed | status=1 | SQP it=0 | KKT=nan | t=0.000s
2025-06-15 19:04:58,538 | ERROR   | Dump saved → debug_logs/fail/tick0080.json
2025-06-15 19:04:58,562 | ERROR   | Solver failed | status=1 | SQP it=0 | KKT=nan | t=0.000s
2025-06-15 19:04:58,562 | ERROR   | Dump saved → debug_logs/fail/tick0081.json
2025-06-15 19:04:59,969 | INFO    | ===== INITIAL STATE DUMP =====
2025-06-15 19:04:59,969 | DEBUG   | {
  "xcurrent": [
    0.9857577085494995,
    1.5778659582138062,
    0.08024738729000092,
    0.0,
    0.0,
    0.0
  ],
  "params": {
    "QC": 10,
    "QL": 80,
    "MU": 10,
    "DVTHETA_MAX": 1.9,
    "N": 20,
    "T_HORIZON": 1.2,
    "RAMP_TIME": 1.8,
    "BARRIER_WEIGHT": 10,
    "TUNNEL_WIDTH": 0.5,
    "TUNNEL_WIDTH_GATE": 0.1,
    "NARROW_DIST": 1.5,
    "Q_OMEGA": 2,
    "R_VTHETA": 1.0,
    "IN_GATE_RAMP_TIME": 0.1,
    "OUT_GATE_RAMP_TIME": 3
  },
  "box_lims": {
    "vtheta_max": 1.9,
    "dvtheta_max": 1.9
  }
}
