2025-06-28 15:30:05,860 | INFO    | ===== INITIAL STATE DUMP =====
2025-06-28 15:30:05,860 | DEBUG   | {
  "xcurrent": [
    1.089695930480957,
    1.4088244438171387,
    0.08456537127494812,
    0.0,
    0.0,
    0.0
  ],
  "params": {
    "QC": 10,
    "QC_GATE": 50,
    "QL": 40,
    "MU": 10,
    "DVTHETA_MAX": 1.0,
    "N": 20,
    "T_HORIZON": 0.8,
    "RAMP_TIME": 0.6,
    "BARRIER_WEIGHT": 10,
    "OBSTACLE_WEIGHT": 80,
    "OBSTACLE_RADIUS": 0.3,
    "TUNNEL_WIDTH": 0.4,
    "TUNNEL_WIDTH_GATE": 0.15,
    "NARROW_DIST": 0.6,
    "GATE_FLAT_DIST": 0.3,
    "Q_OMEGA": 2,
    "R_VTHETA": 1.0,
    "REG_THRUST": 0.018,
    "REG_INPUTS": 0.1
  },
  "box_lims": {
    "vtheta_max": 1.0,
    "dvtheta_max": 1.0
  }
}
2025-06-28 15:30:09,264 | ERROR   | Solver failed | status=4 | SQP it=1 | KKT=5.84e-01 | t=0.001s
2025-06-28 15:30:09,265 | ERROR   | Dump saved → debug_logs/fail/tick0071.json
2025-06-28 15:30:09,294 | ERROR   | Solver failed | status=4 | SQP it=1 | KKT=5.84e-01 | t=0.001s
2025-06-28 15:30:09,295 | ERROR   | Dump saved → debug_logs/fail/tick0072.json
2025-06-28 15:30:09,323 | ERROR   | Solver failed | status=4 | SQP it=1 | KKT=5.84e-01 | t=0.001s
2025-06-28 15:30:09,324 | ERROR   | Dump saved → debug_logs/fail/tick0073.json
2025-06-28 15:30:09,355 | ERROR   | Solver failed | status=4 | SQP it=1 | KKT=5.84e-01 | t=0.001s
2025-06-28 15:30:09,356 | ERROR   | Dump saved → debug_logs/fail/tick0074.json
2025-06-28 15:30:09,439 | ERROR   | Solver failed | status=4 | SQP it=59 | KKT=3.71e-09 | t=0.054s
2025-06-28 15:30:09,439 | ERROR   | Dump saved → debug_logs/fail/tick0075.json
2025-06-28 15:30:09,471 | ERROR   | Solver failed | status=4 | SQP it=1 | KKT=7.38e+00 | t=0.001s
2025-06-28 15:30:09,471 | ERROR   | Dump saved → debug_logs/fail/tick0076.json
2025-06-28 15:30:09,505 | ERROR   | Solver failed | status=4 | SQP it=1 | KKT=7.38e+00 | t=0.002s
2025-06-28 15:30:09,505 | ERROR   | Dump saved → debug_logs/fail/tick0077.json
2025-06-28 15:30:09,538 | ERROR   | Solver failed | status=4 | SQP it=1 | KKT=7.38e+00 | t=0.002s
2025-06-28 15:30:09,539 | ERROR   | Dump saved → debug_logs/fail/tick0078.json
