2025-06-28 18:51:58,160 | INFO    | ===== INITIAL STATE DUMP =====
2025-06-28 18:51:58,160 | DEBUG   | {
  "xcurrent": [
    1.089695930480957,
    1.4088244438171387,
    0.08456537127494812,
    0.0,
    0.0,
    0.0
  ],
  "params": {
    "QC": 10,
    "QC_GATE": 50,
    "QL": 40,
    "MU": 10,
    "DVTHETA_MAX": 1.6,
    "N": 20,
    "T_HORIZON": 0.7,
    "RAMP_TIME": 0.5,
    "BARRIER_WEIGHT": 10,
    "OBSTACLE_WEIGHT": [
      200,
      300,
      200,
      100
    ],
    "OBSTACLE_RADIUS": 0.2,
    "TUNNEL_WIDTH": 0.4,
    "TUNNEL_WIDTH_GATE": 0.2,
    "NARROW_DIST": 0.5,
    "GATE_FLAT_DIST": 0.3,
    "Q_OMEGA": 2,
    "R_VTHETA": 1.0,
    "REG_THRUST": 0.05,
    "REG_INPUTS": 0.03
  },
  "box_lims": {
    "vtheta_max": 1.6,
    "dvtheta_max": 1.6
  }
}
2025-06-28 18:52:14,390 | ERROR   | Solver failed | status=4 | SQP it=13 | KKT=3.72e-09 | t=0.010s
2025-06-28 18:52:14,392 | ERROR   | Dump saved → debug_logs/fail/tick0247.json
2025-06-28 18:52:14,423 | ERROR   | Solver failed | status=4 | SQP it=1 | KKT=2.36e+00 | t=0.001s
2025-06-28 18:52:14,424 | ERROR   | Dump saved → debug_logs/fail/tick0248.json
2025-06-28 18:52:17,944 | ERROR   | Solver failed | status=4 | SQP it=1 | KKT=1.54e+00 | t=0.001s
2025-06-28 18:52:17,945 | ERROR   | Dump saved → debug_logs/fail/tick0261.json
2025-06-28 18:52:19,607 | INFO    | ===== INITIAL STATE DUMP =====
2025-06-28 18:52:19,607 | DEBUG   | {
  "xcurrent": [
    1.0078709125518799,
    1.495231032371521,
    0.08211961388587952,
    0.0,
    0.0,
    0.0
  ],
  "params": {
    "QC": 10,
    "QC_GATE": 50,
    "QL": 40,
    "MU": 10,
    "DVTHETA_MAX": 1.6,
    "N": 20,
    "T_HORIZON": 0.7,
    "RAMP_TIME": 0.5,
    "BARRIER_WEIGHT": 10,
    "OBSTACLE_WEIGHT": [
      200,
      300,
      200,
      100
    ],
    "OBSTACLE_RADIUS": 0.2,
    "TUNNEL_WIDTH": 0.4,
    "TUNNEL_WIDTH_GATE": 0.2,
    "NARROW_DIST": 0.5,
    "GATE_FLAT_DIST": 0.3,
    "Q_OMEGA": 2,
    "R_VTHETA": 1.0,
    "REG_THRUST": 0.05,
    "REG_INPUTS": 0.03
  },
  "box_lims": {
    "vtheta_max": 1.6,
    "dvtheta_max": 1.6
  }
}
