2025-06-15 19:39:38,944 | INFO    | ===== INITIAL STATE DUMP =====
2025-06-15 19:39:38,945 | DEBUG   | {
  "xcurrent": [
    1.089695930480957,
    1.4088244438171387,
    0.08456537127494812,
    0.0,
    0.0,
    0.0
  ],
  "params": {
    "QC": 10,
    "QC_GATE": 100,
    "QL": 40,
    "MU": 10,
    "DVTHETA_MAX": 1.9,
    "N": 15,
    "T_HORIZON": 0.8,
    "RAMP_TIME": 1.8,
    "BARRIER_WEIGHT": 10,
    "TUNNEL_WIDTH": 0.5,
    "TUNNEL_WIDTH_GATE": 0.1,
    "NARROW_DIST": 1,
    "Q_OMEGA": 2,
    "R_VTHETA": 1.0,
    "IN_GATE_RAMP_TIME": 0.1,
    "OUT_GATE_RAMP_TIME": 3
  },
  "box_lims": {
    "vtheta_max": 1.9,
    "dvtheta_max": 1.9
  }
}
2025-06-15 19:40:19,854 | INFO    | ===== INITIAL STATE DUMP =====
2025-06-15 19:40:19,855 | DEBUG   | {
  "xcurrent": [
    0.9716238975524902,
    1.492460012435913,
    0.08390974253416061,
    0.0,
    0.0,
    0.0
  ],
  "params": {
    "QC": 10,
    "QC_GATE": 100,
    "QL": 40,
    "MU": 10,
    "DVTHETA_MAX": 1.9,
    "N": 15,
    "T_HORIZON": 0.8,
    "RAMP_TIME": 1.8,
    "BARRIER_WEIGHT": 10,
    "TUNNEL_WIDTH": 0.5,
    "TUNNEL_WIDTH_GATE": 0.1,
    "NARROW_DIST": 1,
    "Q_OMEGA": 2,
    "R_VTHETA": 1.0,
    "IN_GATE_RAMP_TIME": 0.1,
    "OUT_GATE_RAMP_TIME": 3
  },
  "box_lims": {
    "vtheta_max": 1.9,
    "dvtheta_max": 1.9
  }
}
