2025-06-08 22:34:48,001 | INFO    | ===== INITIAL STATE DUMP =====
2025-06-08 22:34:48,002 | DEBUG   | {
  "xcurrent": [
    1.089695930480957,
    1.4088244438171387,
    0.08456537127494812,
    0.0,
    0.0,
    0.0
  ],
  "params": {
    "QC": 10,
    "QL": 80,
    "MU": 10,
    "DVTHETA_MAX": 1.0,
    "N": 20,
    "T_HORIZON": 1.5,
    "RAMP_TIME": 1.8,
    "BARRIER_WEIGHT": 10,
    "TUNNEL_WIDTH": 0.4,
    "TUNNEL_WIDTH_GATE": 0.25,
    "Q_OMEGA": 2,
    "R_VTHETA": 1.0,
    "IN_GATE_RAMP_TIME": 0.4,
    "OUT_GATE_RAMP_TIME": 3
  },
  "box_lims": {
    "vtheta_max": 1.0,
    "dvtheta_max": 1.0
  }
}
2025-06-08 22:35:10,657 | ERROR   | Solver failed | status=1 | SQP it=40 | KKT=1.35e-08 | t=0.038s
2025-06-08 22:35:10,658 | ERROR   | Dump saved → debug_logs/fail/tick0122.json
2025-06-08 22:35:10,690 | ERROR   | Solver failed | status=1 | SQP it=0 | KKT=nan | t=0.000s
2025-06-08 22:35:10,691 | ERROR   | Dump saved → debug_logs/fail/tick0123.json
2025-06-08 22:35:18,583 | ERROR   | Solver failed | status=1 | SQP it=0 | KKT=nan | t=0.000s
2025-06-08 22:35:18,585 | ERROR   | Dump saved → debug_logs/fail/tick0124.json
2025-06-08 22:35:18,634 | ERROR   | Solver failed | status=1 | SQP it=0 | KKT=nan | t=0.000s
2025-06-08 22:35:18,635 | ERROR   | Dump saved → debug_logs/fail/tick0125.json
2025-06-08 22:35:18,666 | ERROR   | Solver failed | status=1 | SQP it=0 | KKT=nan | t=0.000s
2025-06-08 22:35:18,667 | ERROR   | Dump saved → debug_logs/fail/tick0126.json
2025-06-08 22:35:21,989 | ERROR   | Solver failed | status=1 | SQP it=0 | KKT=nan | t=0.001s
2025-06-08 22:35:21,991 | ERROR   | Dump saved → debug_logs/fail/tick0127.json
2025-06-08 22:35:22,040 | ERROR   | Solver failed | status=1 | SQP it=0 | KKT=nan | t=0.000s
2025-06-08 22:35:22,041 | ERROR   | Dump saved → debug_logs/fail/tick0128.json
2025-06-08 22:35:22,075 | ERROR   | Solver failed | status=1 | SQP it=0 | KKT=nan | t=0.000s
2025-06-08 22:35:22,076 | ERROR   | Dump saved → debug_logs/fail/tick0129.json
2025-06-08 22:35:22,110 | ERROR   | Solver failed | status=1 | SQP it=0 | KKT=nan | t=0.000s
2025-06-08 22:35:22,111 | ERROR   | Dump saved → debug_logs/fail/tick0130.json
2025-06-08 22:35:22,144 | ERROR   | Solver failed | status=1 | SQP it=0 | KKT=nan | t=0.000s
2025-06-08 22:35:22,145 | ERROR   | Dump saved → debug_logs/fail/tick0131.json
2025-06-08 22:35:22,178 | ERROR   | Solver failed | status=1 | SQP it=0 | KKT=nan | t=0.000s
2025-06-08 22:35:22,179 | ERROR   | Dump saved → debug_logs/fail/tick0132.json
2025-06-08 22:35:22,211 | ERROR   | Solver failed | status=1 | SQP it=0 | KKT=nan | t=0.000s
2025-06-08 22:35:22,212 | ERROR   | Dump saved → debug_logs/fail/tick0133.json
2025-06-08 22:35:22,244 | ERROR   | Solver failed | status=1 | SQP it=0 | KKT=nan | t=0.000s
2025-06-08 22:35:22,245 | ERROR   | Dump saved → debug_logs/fail/tick0134.json
2025-06-08 22:35:22,277 | ERROR   | Solver failed | status=1 | SQP it=0 | KKT=nan | t=0.000s
2025-06-08 22:35:22,279 | ERROR   | Dump saved → debug_logs/fail/tick0135.json
2025-06-08 22:35:22,312 | ERROR   | Solver failed | status=1 | SQP it=0 | KKT=nan | t=0.000s
2025-06-08 22:35:22,313 | ERROR   | Dump saved → debug_logs/fail/tick0136.json
2025-06-08 22:35:22,345 | ERROR   | Solver failed | status=1 | SQP it=0 | KKT=nan | t=0.000s
2025-06-08 22:35:22,345 | ERROR   | Dump saved → debug_logs/fail/tick0137.json
2025-06-08 22:35:22,380 | ERROR   | Solver failed | status=1 | SQP it=0 | KKT=nan | t=0.000s
2025-06-08 22:35:22,381 | ERROR   | Dump saved → debug_logs/fail/tick0138.json
