2025-06-06 19:03:05,356 | INFO    | ===== INITIAL STATE DUMP =====
2025-06-06 19:03:05,356 | DEBUG   | {
  "xcurrent": [
    1.089695930480957,
    1.4088244438171387,
    0.08456537127494812,
    0.0,
    0.0,
    0.0
  ],
  "params": {
    "QC": 10,
    "QL": 80,
    "MU": 10,
    "DVTHETA_MAX": 2,
    "N": 30,
    "T_HORIZON": 1.5,
    "RAMP_TIME": 1.8,
    "BARRIER_WEIGHT": 10,
    "TUNNEL_WIDTH": 0.5,
    "TUNNEL_WIDTH_GATE": 0.2,
    "Q_OMEGA": 2,
    "R_VTHETA": 1.0,
    "IN_GATE_RAMP_TIME": 0.4,
    "OUT_GATE_RAMP_TIME": 3
  },
  "box_lims": {
    "vtheta_max": 2.0,
    "dvtheta_max": 2.0
  }
}
2025-06-06 19:03:09,357 | ERROR   | Solver failed | status=2 | SQP it=1000 | KKT=6.44e-11 | t=0.655s
2025-06-06 19:03:09,358 | ERROR   | Dump saved → debug_logs/fail/tick0070.json
2025-06-06 19:03:10,351 | ERROR   | Solver failed | status=4 | SQP it=836 | KKT=7.09e-08 | t=0.964s
2025-06-06 19:03:10,352 | ERROR   | Dump saved → debug_logs/fail/tick0071.json
2025-06-06 19:03:10,383 | ERROR   | Solver failed | status=4 | SQP it=1 | KKT=5.57e+01 | t=0.001s
2025-06-06 19:03:10,383 | ERROR   | Dump saved → debug_logs/fail/tick0072.json
2025-06-06 19:03:10,459 | ERROR   | Solver failed | status=1 | SQP it=39 | KKT=7.35e-09 | t=0.053s
2025-06-06 19:03:10,460 | ERROR   | Dump saved → debug_logs/fail/tick0073.json
2025-06-06 19:03:10,487 | ERROR   | Solver failed | status=1 | SQP it=0 | KKT=nan | t=0.000s
2025-06-06 19:03:10,488 | ERROR   | Dump saved → debug_logs/fail/tick0074.json
2025-06-06 19:03:10,510 | ERROR   | Solver failed | status=1 | SQP it=0 | KKT=nan | t=0.000s
2025-06-06 19:03:10,511 | ERROR   | Dump saved → debug_logs/fail/tick0075.json
2025-06-06 19:03:10,536 | ERROR   | Solver failed | status=1 | SQP it=0 | KKT=nan | t=0.000s
2025-06-06 19:03:10,536 | ERROR   | Dump saved → debug_logs/fail/tick0076.json
2025-06-06 19:03:10,560 | ERROR   | Solver failed | status=1 | SQP it=0 | KKT=nan | t=0.000s
2025-06-06 19:03:10,561 | ERROR   | Dump saved → debug_logs/fail/tick0077.json
2025-06-06 19:03:10,586 | ERROR   | Solver failed | status=1 | SQP it=0 | KKT=nan | t=0.000s
2025-06-06 19:03:10,587 | ERROR   | Dump saved → debug_logs/fail/tick0078.json
2025-06-06 19:03:10,612 | ERROR   | Solver failed | status=1 | SQP it=0 | KKT=nan | t=0.000s
2025-06-06 19:03:10,613 | ERROR   | Dump saved → debug_logs/fail/tick0079.json
2025-06-06 19:03:10,639 | ERROR   | Solver failed | status=1 | SQP it=0 | KKT=nan | t=0.000s
2025-06-06 19:03:10,640 | ERROR   | Dump saved → debug_logs/fail/tick0080.json
2025-06-06 19:03:10,665 | ERROR   | Solver failed | status=1 | SQP it=0 | KKT=nan | t=0.000s
2025-06-06 19:03:10,666 | ERROR   | Dump saved → debug_logs/fail/tick0081.json
2025-06-06 19:03:10,692 | ERROR   | Solver failed | status=1 | SQP it=0 | KKT=nan | t=0.000s
2025-06-06 19:03:10,693 | ERROR   | Dump saved → debug_logs/fail/tick0082.json
2025-06-06 19:03:10,720 | ERROR   | Solver failed | status=1 | SQP it=0 | KKT=nan | t=0.000s
2025-06-06 19:03:10,721 | ERROR   | Dump saved → debug_logs/fail/tick0083.json
2025-06-06 19:03:10,748 | ERROR   | Solver failed | status=1 | SQP it=0 | KKT=nan | t=0.000s
2025-06-06 19:03:10,749 | ERROR   | Dump saved → debug_logs/fail/tick0084.json
2025-06-06 19:03:10,777 | ERROR   | Solver failed | status=1 | SQP it=0 | KKT=nan | t=0.000s
2025-06-06 19:03:10,778 | ERROR   | Dump saved → debug_logs/fail/tick0085.json
2025-06-06 19:03:10,806 | ERROR   | Solver failed | status=1 | SQP it=0 | KKT=nan | t=0.000s
2025-06-06 19:03:10,807 | ERROR   | Dump saved → debug_logs/fail/tick0086.json
2025-06-06 19:03:10,838 | ERROR   | Solver failed | status=1 | SQP it=0 | KKT=nan | t=0.000s
2025-06-06 19:03:10,839 | ERROR   | Dump saved → debug_logs/fail/tick0087.json
2025-06-06 19:03:10,865 | ERROR   | Solver failed | status=1 | SQP it=0 | KKT=nan | t=0.000s
2025-06-06 19:03:10,866 | ERROR   | Dump saved → debug_logs/fail/tick0088.json
2025-06-06 19:03:10,892 | ERROR   | Solver failed | status=1 | SQP it=0 | KKT=nan | t=0.000s
2025-06-06 19:03:10,892 | ERROR   | Dump saved → debug_logs/fail/tick0089.json
2025-06-06 19:03:10,920 | ERROR   | Solver failed | status=1 | SQP it=0 | KKT=nan | t=0.000s
2025-06-06 19:03:10,920 | ERROR   | Dump saved → debug_logs/fail/tick0090.json
2025-06-06 19:03:10,947 | ERROR   | Solver failed | status=1 | SQP it=0 | KKT=nan | t=0.000s
2025-06-06 19:03:10,947 | ERROR   | Dump saved → debug_logs/fail/tick0091.json
2025-06-06 19:03:10,973 | ERROR   | Solver failed | status=1 | SQP it=0 | KKT=nan | t=0.000s
2025-06-06 19:03:10,973 | ERROR   | Dump saved → debug_logs/fail/tick0092.json
2025-06-06 19:03:10,999 | ERROR   | Solver failed | status=1 | SQP it=0 | KKT=nan | t=0.000s
2025-06-06 19:03:11,000 | ERROR   | Dump saved → debug_logs/fail/tick0093.json
2025-06-06 19:03:11,026 | ERROR   | Solver failed | status=1 | SQP it=0 | KKT=nan | t=0.000s
2025-06-06 19:03:11,027 | ERROR   | Dump saved → debug_logs/fail/tick0094.json
2025-06-06 19:03:11,053 | ERROR   | Solver failed | status=1 | SQP it=0 | KKT=nan | t=0.000s
2025-06-06 19:03:11,054 | ERROR   | Dump saved → debug_logs/fail/tick0095.json
2025-06-06 19:03:11,081 | ERROR   | Solver failed | status=1 | SQP it=0 | KKT=nan | t=0.000s
2025-06-06 19:03:11,081 | ERROR   | Dump saved → debug_logs/fail/tick0096.json
2025-06-06 19:03:11,110 | ERROR   | Solver failed | status=1 | SQP it=0 | KKT=nan | t=0.000s
2025-06-06 19:03:11,110 | ERROR   | Dump saved → debug_logs/fail/tick0097.json
2025-06-06 19:03:11,138 | ERROR   | Solver failed | status=1 | SQP it=0 | KKT=nan | t=0.000s
2025-06-06 19:03:11,139 | ERROR   | Dump saved → debug_logs/fail/tick0098.json
2025-06-06 19:03:11,169 | ERROR   | Solver failed | status=1 | SQP it=0 | KKT=nan | t=0.000s
2025-06-06 19:03:11,169 | ERROR   | Dump saved → debug_logs/fail/tick0099.json
2025-06-06 19:03:11,195 | ERROR   | Solver failed | status=1 | SQP it=0 | KKT=nan | t=0.000s
2025-06-06 19:03:11,196 | ERROR   | Dump saved → debug_logs/fail/tick0100.json
2025-06-06 19:03:11,220 | ERROR   | Solver failed | status=1 | SQP it=0 | KKT=nan | t=0.000s
2025-06-06 19:03:11,221 | ERROR   | Dump saved → debug_logs/fail/tick0101.json
2025-06-06 19:03:11,246 | ERROR   | Solver failed | status=1 | SQP it=0 | KKT=nan | t=0.000s
2025-06-06 19:03:11,247 | ERROR   | Dump saved → debug_logs/fail/tick0102.json
2025-06-06 19:03:11,273 | ERROR   | Solver failed | status=1 | SQP it=0 | KKT=nan | t=0.000s
2025-06-06 19:03:11,273 | ERROR   | Dump saved → debug_logs/fail/tick0103.json
2025-06-06 19:03:11,298 | ERROR   | Solver failed | status=1 | SQP it=0 | KKT=nan | t=0.000s
2025-06-06 19:03:11,299 | ERROR   | Dump saved → debug_logs/fail/tick0104.json
2025-06-06 19:03:11,324 | ERROR   | Solver failed | status=1 | SQP it=0 | KKT=nan | t=0.000s
2025-06-06 19:03:11,325 | ERROR   | Dump saved → debug_logs/fail/tick0105.json
2025-06-06 19:03:11,352 | ERROR   | Solver failed | status=1 | SQP it=0 | KKT=nan | t=0.000s
2025-06-06 19:03:11,352 | ERROR   | Dump saved → debug_logs/fail/tick0106.json
2025-06-06 19:03:11,378 | ERROR   | Solver failed | status=1 | SQP it=0 | KKT=nan | t=0.000s
2025-06-06 19:03:11,379 | ERROR   | Dump saved → debug_logs/fail/tick0107.json
2025-06-06 19:03:11,405 | ERROR   | Solver failed | status=1 | SQP it=0 | KKT=nan | t=0.000s
2025-06-06 19:03:11,406 | ERROR   | Dump saved → debug_logs/fail/tick0108.json
2025-06-06 19:03:11,432 | ERROR   | Solver failed | status=1 | SQP it=0 | KKT=nan | t=0.000s
2025-06-06 19:03:11,433 | ERROR   | Dump saved → debug_logs/fail/tick0109.json
2025-06-06 19:03:11,460 | ERROR   | Solver failed | status=1 | SQP it=0 | KKT=nan | t=0.000s
2025-06-06 19:03:11,461 | ERROR   | Dump saved → debug_logs/fail/tick0110.json
2025-06-06 19:03:11,489 | ERROR   | Solver failed | status=1 | SQP it=0 | KKT=nan | t=0.000s
2025-06-06 19:03:11,489 | ERROR   | Dump saved → debug_logs/fail/tick0111.json
2025-06-06 19:03:11,514 | ERROR   | Solver failed | status=1 | SQP it=0 | KKT=nan | t=0.000s
2025-06-06 19:03:11,515 | ERROR   | Dump saved → debug_logs/fail/tick0112.json
2025-06-06 19:03:11,541 | ERROR   | Solver failed | status=1 | SQP it=0 | KKT=nan | t=0.000s
2025-06-06 19:03:11,542 | ERROR   | Dump saved → debug_logs/fail/tick0113.json
2025-06-06 19:03:11,566 | ERROR   | Solver failed | status=1 | SQP it=0 | KKT=nan | t=0.000s
2025-06-06 19:03:11,566 | ERROR   | Dump saved → debug_logs/fail/tick0114.json
2025-06-06 19:03:11,592 | ERROR   | Solver failed | status=1 | SQP it=0 | KKT=nan | t=0.000s
2025-06-06 19:03:11,593 | ERROR   | Dump saved → debug_logs/fail/tick0115.json
2025-06-06 19:03:11,619 | ERROR   | Solver failed | status=1 | SQP it=0 | KKT=nan | t=0.000s
2025-06-06 19:03:11,619 | ERROR   | Dump saved → debug_logs/fail/tick0116.json
2025-06-06 19:03:11,645 | ERROR   | Solver failed | status=1 | SQP it=0 | KKT=nan | t=0.000s
2025-06-06 19:03:11,646 | ERROR   | Dump saved → debug_logs/fail/tick0117.json
2025-06-06 19:03:11,671 | ERROR   | Solver failed | status=1 | SQP it=0 | KKT=nan | t=0.000s
2025-06-06 19:03:11,672 | ERROR   | Dump saved → debug_logs/fail/tick0118.json
