2025-06-29 11:18:35,944 | INFO    | ===== INITIAL STATE DUMP =====
2025-06-29 11:18:35,944 | DEBUG   | {
  "xcurrent": [
    1.089695930480957,
    1.4088244438171387,
    0.08456537127494812,
    0.0,
    0.0,
    0.0
  ],
  "params": {
    "QC": 10,
    "QC_GATE": 50,
    "QL": 40,
    "MU": 10,
    "DVTHETA_MAX": 1.6,
    "N": 20,
    "T_HORIZON": 0.7,
    "RAMP_TIME": 0.1,
    "BARRIER_WEIGHT": 10,
    "TUNNEL_WIDTH": 0.4,
    "TUNNEL_WIDTH_GATE": 0.15,
    "NARROW_DIST": 0.6,
    "GATE_FLAT_DIST": 0.45,
    "Q_OMEGA": 2,
    "R_VTHETA": 1.0,
    "REG_THRUST": 0.02,
    "REG_INPUTS": 0.05
  },
  "box_lims": {
    "vtheta_max": 1.6,
    "dvtheta_max": 1.6
  }
}
2025-06-29 11:18:48,683 | INFO    | ===== INITIAL STATE DUMP =====
2025-06-29 11:18:48,683 | DEBUG   | {
  "xcurrent": [
    0.9319533705711365,
    1.4672023057937622,
    0.08784396201372147,
    0.0,
    0.0,
    0.0
  ],
  "params": {
    "QC": 10,
    "QC_GATE": 50,
    "QL": 40,
    "MU": 10,
    "DVTHETA_MAX": 1.6,
    "N": 20,
    "T_HORIZON": 0.7,
    "RAMP_TIME": 0.1,
    "BARRIER_WEIGHT": 10,
    "TUNNEL_WIDTH": 0.4,
    "TUNNEL_WIDTH_GATE": 0.15,
    "NARROW_DIST": 0.6,
    "GATE_FLAT_DIST": 0.45,
    "Q_OMEGA": 2,
    "R_VTHETA": 1.0,
    "REG_THRUST": 0.02,
    "REG_INPUTS": 0.05
  },
  "box_lims": {
    "vtheta_max": 1.6,
    "dvtheta_max": 1.6
  }
}
2025-06-29 11:18:54,485 | INFO    | ===== INITIAL STATE DUMP =====
2025-06-29 11:18:54,486 | DEBUG   | {
  "xcurrent": [
    1.0147979259490967,
    1.5186753273010254,
    0.08824077993631363,
    0.0,
    0.0,
    0.0
  ],
  "params": {
    "QC": 10,
    "QC_GATE": 50,
    "QL": 40,
    "MU": 10,
    "DVTHETA_MAX": 1.6,
    "N": 20,
    "T_HORIZON": 0.7,
    "RAMP_TIME": 0.1,
    "BARRIER_WEIGHT": 10,
    "TUNNEL_WIDTH": 0.4,
    "TUNNEL_WIDTH_GATE": 0.15,
    "NARROW_DIST": 0.6,
    "GATE_FLAT_DIST": 0.45,
    "Q_OMEGA": 2,
    "R_VTHETA": 1.0,
    "REG_THRUST": 0.02,
    "REG_INPUTS": 0.05
  },
  "box_lims": {
    "vtheta_max": 1.6,
    "dvtheta_max": 1.6
  }
}
2025-06-29 11:19:11,020 | INFO    | ===== INITIAL STATE DUMP =====
2025-06-29 11:19:11,020 | DEBUG   | {
  "xcurrent": [
    1.0611997842788696,
    1.5479731559753418,
    0.0700310543179512,
    0.0,
    0.0,
    0.0
  ],
  "params": {
    "QC": 10,
    "QC_GATE": 50,
    "QL": 40,
    "MU": 10,
    "DVTHETA_MAX": 1.6,
    "N": 20,
    "T_HORIZON": 0.7,
    "RAMP_TIME": 0.1,
    "BARRIER_WEIGHT": 10,
    "TUNNEL_WIDTH": 0.4,
    "TUNNEL_WIDTH_GATE": 0.15,
    "NARROW_DIST": 0.6,
    "GATE_FLAT_DIST": 0.45,
    "Q_OMEGA": 2,
    "R_VTHETA": 1.0,
    "REG_THRUST": 0.02,
    "REG_INPUTS": 0.05
  },
  "box_lims": {
    "vtheta_max": 1.6,
    "dvtheta_max": 1.6
  }
}
2025-06-29 11:19:25,038 | INFO    | ===== INITIAL STATE DUMP =====
2025-06-29 11:19:25,038 | DEBUG   | {
  "xcurrent": [
    1.0532437562942505,
    1.4535597562789917,
    0.08557184040546417,
    0.0,
    0.0,
    0.0
  ],
  "params": {
    "QC": 10,
    "QC_GATE": 50,
    "QL": 40,
    "MU": 10,
    "DVTHETA_MAX": 1.6,
    "N": 20,
    "T_HORIZON": 0.7,
    "RAMP_TIME": 0.1,
    "BARRIER_WEIGHT": 10,
    "TUNNEL_WIDTH": 0.4,
    "TUNNEL_WIDTH_GATE": 0.15,
    "NARROW_DIST": 0.6,
    "GATE_FLAT_DIST": 0.45,
    "Q_OMEGA": 2,
    "R_VTHETA": 1.0,
    "REG_THRUST": 0.02,
    "REG_INPUTS": 0.05
  },
  "box_lims": {
    "vtheta_max": 1.6,
    "dvtheta_max": 1.6
  }
}
2025-06-29 11:19:28,785 | INFO    | ===== INITIAL STATE DUMP =====
2025-06-29 11:19:28,786 | DEBUG   | {
  "xcurrent": [
    1.0450313091278076,
    1.4115698337554932,
    0.08893504738807678,
    0.0,
    0.0,
    0.0
  ],
  "params": {
    "QC": 10,
    "QC_GATE": 50,
    "QL": 40,
    "MU": 10,
    "DVTHETA_MAX": 1.6,
    "N": 20,
    "T_HORIZON": 0.7,
    "RAMP_TIME": 0.1,
    "BARRIER_WEIGHT": 10,
    "TUNNEL_WIDTH": 0.4,
    "TUNNEL_WIDTH_GATE": 0.15,
    "NARROW_DIST": 0.6,
    "GATE_FLAT_DIST": 0.45,
    "Q_OMEGA": 2,
    "R_VTHETA": 1.0,
    "REG_THRUST": 0.02,
    "REG_INPUTS": 0.05
  },
  "box_lims": {
    "vtheta_max": 1.6,
    "dvtheta_max": 1.6
  }
}
2025-06-29 11:19:38,772 | ERROR   | Solver failed | status=2 | SQP it=1000 | KKT=9.27e-10 | t=0.747s
2025-06-29 11:19:38,774 | ERROR   | Dump saved → debug_logs/fail/tick0305.json
2025-06-29 11:19:39,597 | ERROR   | Solver failed | status=2 | SQP it=1000 | KKT=9.43e-12 | t=0.797s
2025-06-29 11:19:39,599 | ERROR   | Dump saved → debug_logs/fail/tick0306.json
2025-06-29 11:19:40,263 | ERROR   | Solver failed | status=2 | SQP it=1000 | KKT=6.86e-10 | t=0.636s
2025-06-29 11:19:40,264 | ERROR   | Dump saved → debug_logs/fail/tick0307.json
2025-06-29 11:19:40,926 | ERROR   | Solver failed | status=2 | SQP it=1000 | KKT=7.45e-09 | t=0.634s
2025-06-29 11:19:40,927 | ERROR   | Dump saved → debug_logs/fail/tick0308.json
2025-06-29 11:19:41,752 | ERROR   | Solver failed | status=2 | SQP it=1000 | KKT=5.24e-12 | t=0.795s
2025-06-29 11:19:41,752 | ERROR   | Dump saved → debug_logs/fail/tick0309.json
2025-06-29 11:19:43,121 | INFO    | ===== INITIAL STATE DUMP =====
2025-06-29 11:19:43,122 | DEBUG   | {
  "xcurrent": [
    1.048858880996704,
    1.5489299297332764,
    0.08341018855571747,
    0.0,
    0.0,
    0.0
  ],
  "params": {
    "QC": 10,
    "QC_GATE": 50,
    "QL": 40,
    "MU": 10,
    "DVTHETA_MAX": 1.6,
    "N": 20,
    "T_HORIZON": 0.7,
    "RAMP_TIME": 0.1,
    "BARRIER_WEIGHT": 10,
    "TUNNEL_WIDTH": 0.4,
    "TUNNEL_WIDTH_GATE": 0.15,
    "NARROW_DIST": 0.6,
    "GATE_FLAT_DIST": 0.45,
    "Q_OMEGA": 2,
    "R_VTHETA": 1.0,
    "REG_THRUST": 0.02,
    "REG_INPUTS": 0.05
  },
  "box_lims": {
    "vtheta_max": 1.6,
    "dvtheta_max": 1.6
  }
}
2025-06-29 11:19:56,449 | INFO    | ===== INITIAL STATE DUMP =====
2025-06-29 11:19:56,449 | DEBUG   | {
  "xcurrent": [
    0.9802837371826172,
    1.5324487686157227,
    0.08672910183668137,
    0.0,
    0.0,
    0.0
  ],
  "params": {
    "QC": 10,
    "QC_GATE": 50,
    "QL": 40,
    "MU": 10,
    "DVTHETA_MAX": 1.6,
    "N": 20,
    "T_HORIZON": 0.7,
    "RAMP_TIME": 0.1,
    "BARRIER_WEIGHT": 10,
    "TUNNEL_WIDTH": 0.4,
    "TUNNEL_WIDTH_GATE": 0.15,
    "NARROW_DIST": 0.6,
    "GATE_FLAT_DIST": 0.45,
    "Q_OMEGA": 2,
    "R_VTHETA": 1.0,
    "REG_THRUST": 0.02,
    "REG_INPUTS": 0.05
  },
  "box_lims": {
    "vtheta_max": 1.6,
    "dvtheta_max": 1.6
  }
}
2025-06-29 11:20:01,320 | INFO    | ===== INITIAL STATE DUMP =====
2025-06-29 11:20:01,320 | DEBUG   | {
  "xcurrent": [
    1.0917524099349976,
    1.5823746919631958,
    0.07282179594039917,
    0.0,
    0.0,
    0.0
  ],
  "params": {
    "QC": 10,
    "QC_GATE": 50,
    "QL": 40,
    "MU": 10,
    "DVTHETA_MAX": 1.6,
    "N": 20,
    "T_HORIZON": 0.7,
    "RAMP_TIME": 0.1,
    "BARRIER_WEIGHT": 10,
    "TUNNEL_WIDTH": 0.4,
    "TUNNEL_WIDTH_GATE": 0.15,
    "NARROW_DIST": 0.6,
    "GATE_FLAT_DIST": 0.45,
    "Q_OMEGA": 2,
    "R_VTHETA": 1.0,
    "REG_THRUST": 0.02,
    "REG_INPUTS": 0.05
  },
  "box_lims": {
    "vtheta_max": 1.6,
    "dvtheta_max": 1.6
  }
}
2025-06-29 11:20:12,871 | ERROR   | Solver failed | status=2 | SQP it=1000 | KKT=6.67e-10 | t=0.571s
2025-06-29 11:20:12,874 | ERROR   | Dump saved → debug_logs/fail/tick0358.json
2025-06-29 11:20:15,715 | INFO    | ===== INITIAL STATE DUMP =====
2025-06-29 11:20:15,715 | DEBUG   | {
  "xcurrent": [
    0.9228819608688354,
    1.4920350313186646,
    0.08293189853429794,
    0.0,
    0.0,
    0.0
  ],
  "params": {
    "QC": 10,
    "QC_GATE": 50,
    "QL": 40,
    "MU": 10,
    "DVTHETA_MAX": 1.6,
    "N": 20,
    "T_HORIZON": 0.7,
    "RAMP_TIME": 0.1,
    "BARRIER_WEIGHT": 10,
    "TUNNEL_WIDTH": 0.4,
    "TUNNEL_WIDTH_GATE": 0.15,
    "NARROW_DIST": 0.6,
    "GATE_FLAT_DIST": 0.45,
    "Q_OMEGA": 2,
    "R_VTHETA": 1.0,
    "REG_THRUST": 0.02,
    "REG_INPUTS": 0.05
  },
  "box_lims": {
    "vtheta_max": 1.6,
    "dvtheta_max": 1.6
  }
}
