2025-06-25 15:33:23,115 | INFO    | ===== INITIAL STATE DUMP =====
2025-06-25 15:33:23,116 | DEBUG   | {
  "xcurrent": [
    1.089695930480957,
    1.4088244438171387,
    0.08456537127494812,
    0.0,
    0.0,
    0.0
  ],
  "params": {
    "QC": 10,
    "QC_GATE": 50,
    "QL": 40,
    "MU": 10,
    "DVTHETA_MAX": 1.7,
    "N": 15,
    "T_HORIZON": 0.8,
    "RAMP_TIME": 1.8,
    "BARRIER_WEIGHT": 10,
    "TUNNEL_WIDTH": 0.5,
    "TUNNEL_WIDTH_GATE": 0.15,
    "NARROW_DIST": 0.7,
    "GATE_FLAT_DIST": 0.2,
    "Q_OMEGA": 2,
    "R_VTHETA": 1.0,
    "IN_GATE_RAMP_TIME": 0.3,
    "OUT_GATE_RAMP_TIME": 0.5
  },
  "box_lims": {
    "vtheta_max": 1.7,
    "dvtheta_max": 1.7
  }
}
2025-06-25 15:33:35,863 | ERROR   | Solver failed | status=2 | SQP it=1000 | KKT=8.51e-08 | t=0.438s
2025-06-25 15:33:35,863 | ERROR   | Dump saved → debug_logs/fail/tick0260.json
2025-06-25 15:33:36,431 | ERROR   | Solver failed | status=2 | SQP it=1000 | KKT=3.32e-10 | t=0.538s
2025-06-25 15:33:36,431 | ERROR   | Dump saved → debug_logs/fail/tick0261.json
2025-06-25 15:33:36,962 | ERROR   | Solver failed | status=2 | SQP it=1000 | KKT=5.51e-09 | t=0.504s
2025-06-25 15:33:36,963 | ERROR   | Dump saved → debug_logs/fail/tick0262.json
2025-06-25 15:33:37,527 | ERROR   | Solver failed | status=2 | SQP it=1000 | KKT=1.03e-09 | t=0.537s
2025-06-25 15:33:37,528 | ERROR   | Dump saved → debug_logs/fail/tick0263.json
2025-06-25 15:33:38,095 | ERROR   | Solver failed | status=2 | SQP it=1000 | KKT=2.85e-09 | t=0.538s
2025-06-25 15:33:38,095 | ERROR   | Dump saved → debug_logs/fail/tick0264.json
2025-06-25 15:33:38,627 | ERROR   | Solver failed | status=2 | SQP it=1000 | KKT=3.91e-09 | t=0.507s
2025-06-25 15:33:38,627 | ERROR   | Dump saved → debug_logs/fail/tick0265.json
2025-06-25 15:33:39,269 | ERROR   | Solver failed | status=2 | SQP it=1000 | KKT=6.75e-11 | t=0.614s
2025-06-25 15:33:39,270 | ERROR   | Dump saved → debug_logs/fail/tick0266.json
2025-06-25 15:33:39,802 | ERROR   | Solver failed | status=2 | SQP it=1000 | KKT=4.00e-08 | t=0.501s
2025-06-25 15:33:39,802 | ERROR   | Dump saved → debug_logs/fail/tick0267.json
