2025-06-28 17:47:54,690 | INFO    | ===== INITIAL STATE DUMP =====
2025-06-28 17:47:54,691 | DEBUG   | {
  "xcurrent": [
    1.089695930480957,
    1.4088244438171387,
    0.08456537127494812,
    0.0,
    0.0,
    0.0
  ],
  "params": {
    "QC": 10,
    "QC_GATE": 50,
    "QL": 40,
    "MU": 10,
    "DVTHETA_MAX": 1.6,
    "N": 25,
    "T_HORIZON": 0.8,
    "RAMP_TIME": 0.5,
    "BARRIER_WEIGHT": 10,
    "OBSTACLE_WEIGHT": [
      20,
      200,
      80,
      10
    ],
    "OBSTACLE_RADIUS": 0.2,
    "TUNNEL_WIDTH": 0.4,
    "TUNNEL_WIDTH_GATE": 0.2,
    "NARROW_DIST": 0.5,
    "GATE_FLAT_DIST": 0.3,
    "Q_OMEGA": 2,
    "R_VTHETA": 1.0,
    "REG_THRUST": 0.01,
    "REG_INPUTS": 0.005
  },
  "box_lims": {
    "vtheta_max": 1.6,
    "dvtheta_max": 1.6
  }
}
2025-06-28 17:48:06,359 | ERROR   | Solver failed | status=2 | SQP it=1000 | KKT=4.89e-09 | t=0.888s
2025-06-28 17:48:06,361 | ERROR   | Dump saved → debug_logs/fail/tick0135.json
2025-06-28 17:48:07,355 | ERROR   | Solver failed | status=2 | SQP it=1000 | KKT=2.83e-12 | t=0.963s
2025-06-28 17:48:07,356 | ERROR   | Dump saved → debug_logs/fail/tick0136.json
2025-06-28 17:48:08,191 | ERROR   | Solver failed | status=2 | SQP it=1000 | KKT=6.21e-09 | t=0.753s
2025-06-28 17:48:08,192 | ERROR   | Dump saved → debug_logs/fail/tick0138.json
2025-06-28 17:48:09,012 | ERROR   | Solver failed | status=2 | SQP it=1000 | KKT=1.70e-08 | t=0.789s
2025-06-28 17:48:09,013 | ERROR   | Dump saved → debug_logs/fail/tick0139.json
2025-06-28 17:48:09,925 | ERROR   | Solver failed | status=2 | SQP it=1000 | KKT=4.75e-09 | t=0.881s
2025-06-28 17:48:09,926 | ERROR   | Dump saved → debug_logs/fail/tick0140.json
2025-06-28 17:48:10,876 | ERROR   | Solver failed | status=2 | SQP it=1000 | KKT=1.04e-08 | t=0.919s
2025-06-28 17:48:10,877 | ERROR   | Dump saved → debug_logs/fail/tick0141.json
2025-06-28 17:48:11,874 | ERROR   | Solver failed | status=2 | SQP it=1000 | KKT=1.86e-10 | t=0.967s
2025-06-28 17:48:11,875 | ERROR   | Dump saved → debug_logs/fail/tick0142.json
2025-06-28 17:48:11,921 | ERROR   | Solver failed | status=4 | SQP it=13 | KKT=1.88e-09 | t=0.016s
2025-06-28 17:48:11,921 | ERROR   | Dump saved → debug_logs/fail/tick0143.json
2025-06-28 17:48:12,482 | ERROR   | Solver failed | status=4 | SQP it=237 | KKT=4.96e-09 | t=0.534s
2025-06-28 17:48:12,483 | ERROR   | Dump saved → debug_logs/fail/tick0144.json
