2025-06-28 16:40:01,453 | INFO    | ===== INITIAL STATE DUMP =====
2025-06-28 16:40:01,453 | DEBUG   | {
  "xcurrent": [
    1.089695930480957,
    1.4088244438171387,
    0.08456537127494812,
    0.0,
    0.0,
    0.0
  ],
  "params": {
    "QC": 10,
    "QC_GATE": 50,
    "QL": 40,
    "MU": 10,
    "DVTHETA_MAX": 1.0,
    "N": 25,
    "T_HORIZON": 1.3,
    "RAMP_TIME": 0.6,
    "BARRIER_WEIGHT": 10,
    "OBSTACLE_WEIGHT": 80,
    "OBSTACLE_RADIUS": 0.3,
    "TUNNEL_WIDTH": 0.5,
    "TUNNEL_WIDTH_GATE": 0.3,
    "NARROW_DIST": 0.4,
    "GATE_FLAT_DIST": 0.2,
    "GATE_SWITCH_ALIGN": 0.4,
    "GATE_SWITCH_DIST": 1.2,
    "Q_OMEGA": 2,
    "R_VTHETA": 1.0,
    "REG_THRUST": 0.018,
    "REG_INPUTS": 0.01
  },
  "box_lims": {
    "vtheta_max": 1.0,
    "dvtheta_max": 1.0
  }
}
2025-06-28 16:40:18,883 | ERROR   | Solver failed | status=4 | SQP it=1 | KKT=1.72e+00 | t=0.002s
2025-06-28 16:40:18,885 | ERROR   | Dump saved → debug_logs/fail/tick0068.json
2025-06-28 16:40:18,916 | ERROR   | Solver failed | status=4 | SQP it=1 | KKT=1.70e+00 | t=0.002s
2025-06-28 16:40:18,917 | ERROR   | Dump saved → debug_logs/fail/tick0069.json
2025-06-28 16:40:18,950 | ERROR   | Solver failed | status=4 | SQP it=1 | KKT=1.70e+00 | t=0.002s
2025-06-28 16:40:18,951 | ERROR   | Dump saved → debug_logs/fail/tick0070.json
2025-06-28 16:40:19,746 | ERROR   | Solver failed | status=4 | SQP it=1 | KKT=1.70e+00 | t=0.007s
2025-06-28 16:40:19,749 | ERROR   | Dump saved → debug_logs/fail/tick0071.json
2025-06-28 16:40:19,796 | ERROR   | Solver failed | status=4 | SQP it=1 | KKT=1.70e+00 | t=0.003s
2025-06-28 16:40:19,797 | ERROR   | Dump saved → debug_logs/fail/tick0072.json
2025-06-28 16:40:19,832 | ERROR   | Solver failed | status=4 | SQP it=1 | KKT=1.83e+00 | t=0.002s
2025-06-28 16:40:19,833 | ERROR   | Dump saved → debug_logs/fail/tick0073.json
2025-06-28 16:40:19,865 | ERROR   | Solver failed | status=4 | SQP it=1 | KKT=1.83e+00 | t=0.002s
2025-06-28 16:40:19,866 | ERROR   | Dump saved → debug_logs/fail/tick0074.json
2025-06-28 16:40:19,898 | ERROR   | Solver failed | status=4 | SQP it=1 | KKT=1.83e+00 | t=0.002s
2025-06-28 16:40:19,899 | ERROR   | Dump saved → debug_logs/fail/tick0075.json
2025-06-28 16:40:19,928 | ERROR   | Solver failed | status=4 | SQP it=1 | KKT=1.83e+00 | t=0.002s
2025-06-28 16:40:19,929 | ERROR   | Dump saved → debug_logs/fail/tick0076.json
2025-06-28 16:40:20,186 | ERROR   | Solver failed | status=1 | SQP it=24 | KKT=3.16e-08 | t=0.229s
2025-06-28 16:40:20,187 | ERROR   | Dump saved → debug_logs/fail/tick0077.json
2025-06-28 16:40:20,216 | ERROR   | Solver failed | status=1 | SQP it=0 | KKT=nan | t=0.000s
2025-06-28 16:40:20,217 | ERROR   | Dump saved → debug_logs/fail/tick0078.json
2025-06-28 16:40:21,921 | ERROR   | Solver failed | status=1 | SQP it=0 | KKT=nan | t=0.001s
2025-06-28 16:40:21,925 | ERROR   | Dump saved → debug_logs/fail/tick0079.json
2025-06-28 16:40:21,975 | ERROR   | Solver failed | status=1 | SQP it=0 | KKT=nan | t=0.000s
2025-06-28 16:40:21,976 | ERROR   | Dump saved → debug_logs/fail/tick0080.json
2025-06-28 16:40:22,007 | ERROR   | Solver failed | status=1 | SQP it=0 | KKT=nan | t=0.000s
2025-06-28 16:40:22,008 | ERROR   | Dump saved → debug_logs/fail/tick0081.json
2025-06-28 16:40:22,038 | ERROR   | Solver failed | status=1 | SQP it=0 | KKT=nan | t=0.000s
2025-06-28 16:40:22,039 | ERROR   | Dump saved → debug_logs/fail/tick0082.json
2025-06-28 16:40:22,068 | ERROR   | Solver failed | status=1 | SQP it=0 | KKT=nan | t=0.000s
2025-06-28 16:40:22,070 | ERROR   | Dump saved → debug_logs/fail/tick0083.json
2025-06-28 16:40:22,099 | ERROR   | Solver failed | status=1 | SQP it=0 | KKT=nan | t=0.000s
2025-06-28 16:40:22,100 | ERROR   | Dump saved → debug_logs/fail/tick0084.json
2025-06-28 16:40:22,130 | ERROR   | Solver failed | status=1 | SQP it=0 | KKT=nan | t=0.000s
2025-06-28 16:40:22,131 | ERROR   | Dump saved → debug_logs/fail/tick0085.json
2025-06-28 16:40:22,162 | ERROR   | Solver failed | status=1 | SQP it=0 | KKT=nan | t=0.000s
2025-06-28 16:40:22,162 | ERROR   | Dump saved → debug_logs/fail/tick0086.json
2025-06-28 16:40:22,192 | ERROR   | Solver failed | status=1 | SQP it=0 | KKT=nan | t=0.000s
2025-06-28 16:40:22,194 | ERROR   | Dump saved → debug_logs/fail/tick0087.json
2025-06-28 16:40:22,225 | ERROR   | Solver failed | status=1 | SQP it=0 | KKT=nan | t=0.000s
2025-06-28 16:40:22,225 | ERROR   | Dump saved → debug_logs/fail/tick0088.json
2025-06-28 16:40:22,254 | ERROR   | Solver failed | status=4 | SQP it=1 | KKT=1.53e+03 | t=0.000s
2025-06-28 16:40:22,255 | ERROR   | Dump saved → debug_logs/fail/tick0089.json
2025-06-28 16:40:22,283 | ERROR   | Solver failed | status=4 | SQP it=1 | KKT=1.53e+03 | t=0.000s
2025-06-28 16:40:22,284 | ERROR   | Dump saved → debug_logs/fail/tick0090.json
2025-06-28 16:40:22,312 | ERROR   | Solver failed | status=4 | SQP it=1 | KKT=1.53e+03 | t=0.000s
2025-06-28 16:40:22,313 | ERROR   | Dump saved → debug_logs/fail/tick0091.json
2025-06-28 16:40:22,341 | ERROR   | Solver failed | status=4 | SQP it=1 | KKT=1.53e+03 | t=0.000s
2025-06-28 16:40:22,342 | ERROR   | Dump saved → debug_logs/fail/tick0092.json
2025-06-28 16:40:22,370 | ERROR   | Solver failed | status=4 | SQP it=1 | KKT=1.53e+03 | t=0.000s
2025-06-28 16:40:22,371 | ERROR   | Dump saved → debug_logs/fail/tick0093.json
2025-06-28 16:40:22,399 | ERROR   | Solver failed | status=4 | SQP it=1 | KKT=1.53e+03 | t=0.000s
2025-06-28 16:40:22,400 | ERROR   | Dump saved → debug_logs/fail/tick0094.json
2025-06-28 16:40:22,428 | ERROR   | Solver failed | status=4 | SQP it=1 | KKT=1.53e+03 | t=0.000s
2025-06-28 16:40:22,429 | ERROR   | Dump saved → debug_logs/fail/tick0095.json
2025-06-28 16:40:22,457 | ERROR   | Solver failed | status=4 | SQP it=1 | KKT=1.53e+03 | t=0.000s
2025-06-28 16:40:22,457 | ERROR   | Dump saved → debug_logs/fail/tick0096.json
2025-06-28 16:40:22,487 | ERROR   | Solver failed | status=4 | SQP it=1 | KKT=1.53e+03 | t=0.000s
2025-06-28 16:40:22,487 | ERROR   | Dump saved → debug_logs/fail/tick0097.json
2025-06-28 16:40:22,516 | ERROR   | Solver failed | status=4 | SQP it=1 | KKT=1.53e+03 | t=0.000s
2025-06-28 16:40:22,517 | ERROR   | Dump saved → debug_logs/fail/tick0098.json
2025-06-28 16:40:22,547 | ERROR   | Solver failed | status=1 | SQP it=0 | KKT=nan | t=0.000s
2025-06-28 16:40:22,548 | ERROR   | Dump saved → debug_logs/fail/tick0099.json
2025-06-28 16:40:22,578 | ERROR   | Solver failed | status=1 | SQP it=0 | KKT=nan | t=0.000s
2025-06-28 16:40:22,579 | ERROR   | Dump saved → debug_logs/fail/tick0100.json
2025-06-28 16:40:22,609 | ERROR   | Solver failed | status=1 | SQP it=0 | KKT=nan | t=0.000s
2025-06-28 16:40:22,609 | ERROR   | Dump saved → debug_logs/fail/tick0101.json
2025-06-28 16:40:22,639 | ERROR   | Solver failed | status=1 | SQP it=0 | KKT=nan | t=0.000s
2025-06-28 16:40:22,640 | ERROR   | Dump saved → debug_logs/fail/tick0102.json
2025-06-28 16:40:22,672 | ERROR   | Solver failed | status=1 | SQP it=0 | KKT=nan | t=0.000s
2025-06-28 16:40:22,673 | ERROR   | Dump saved → debug_logs/fail/tick0103.json
2025-06-28 16:40:22,703 | ERROR   | Solver failed | status=1 | SQP it=0 | KKT=nan | t=0.000s
2025-06-28 16:40:22,704 | ERROR   | Dump saved → debug_logs/fail/tick0104.json
