2025-06-08 22:37:16,325 | INFO    | ===== INITIAL STATE DUMP =====
2025-06-08 22:37:16,326 | DEBUG   | {
  "xcurrent": [
    1.089695930480957,
    1.4088244438171387,
    0.08456537127494812,
    0.0,
    0.0,
    0.0
  ],
  "params": {
    "QC": 10,
    "QL": 80,
    "MU": 10,
    "DVTHETA_MAX": 1.0,
    "N": 20,
    "T_HORIZON": 1.5,
    "RAMP_TIME": 1.8,
    "BARRIER_WEIGHT": 10,
    "TUNNEL_WIDTH": 0.4,
    "TUNNEL_WIDTH_GATE": 0.25,
    "Q_OMEGA": 2,
    "R_VTHETA": 1.0,
    "IN_GATE_RAMP_TIME": 0.4,
    "OUT_GATE_RAMP_TIME": 3
  },
  "box_lims": {
    "vtheta_max": 1.0,
    "dvtheta_max": 1.0
  }
}
2025-06-08 22:37:19,500 | ERROR   | Solver failed | status=1 | SQP it=5 | KKT=0.00e+00 | t=0.005s
2025-06-08 22:37:19,501 | ERROR   | Dump saved → debug_logs/fail/tick0068.json
2025-06-08 22:37:19,527 | ERROR   | Solver failed | status=1 | SQP it=0 | KKT=nan | t=0.000s
2025-06-08 22:37:19,528 | ERROR   | Dump saved → debug_logs/fail/tick0069.json
2025-06-08 22:37:19,558 | ERROR   | Solver failed | status=1 | SQP it=0 | KKT=nan | t=0.000s
2025-06-08 22:37:19,559 | ERROR   | Dump saved → debug_logs/fail/tick0070.json
2025-06-08 22:37:19,584 | ERROR   | Solver failed | status=1 | SQP it=0 | KKT=nan | t=0.000s
2025-06-08 22:37:19,585 | ERROR   | Dump saved → debug_logs/fail/tick0071.json
2025-06-08 22:37:19,612 | ERROR   | Solver failed | status=1 | SQP it=0 | KKT=nan | t=0.000s
2025-06-08 22:37:19,612 | ERROR   | Dump saved → debug_logs/fail/tick0072.json
2025-06-08 22:37:19,639 | ERROR   | Solver failed | status=1 | SQP it=0 | KKT=nan | t=0.000s
2025-06-08 22:37:19,639 | ERROR   | Dump saved → debug_logs/fail/tick0073.json
2025-06-08 22:37:19,663 | ERROR   | Solver failed | status=1 | SQP it=0 | KKT=nan | t=0.000s
2025-06-08 22:37:19,664 | ERROR   | Dump saved → debug_logs/fail/tick0074.json
2025-06-08 22:37:19,695 | ERROR   | Solver failed | status=1 | SQP it=0 | KKT=nan | t=0.000s
2025-06-08 22:37:19,695 | ERROR   | Dump saved → debug_logs/fail/tick0075.json
2025-06-08 22:37:19,722 | ERROR   | Solver failed | status=1 | SQP it=0 | KKT=nan | t=0.000s
2025-06-08 22:37:19,723 | ERROR   | Dump saved → debug_logs/fail/tick0076.json
2025-06-08 22:37:19,754 | ERROR   | Solver failed | status=1 | SQP it=0 | KKT=nan | t=0.000s
2025-06-08 22:37:19,754 | ERROR   | Dump saved → debug_logs/fail/tick0077.json
2025-06-08 22:37:19,782 | ERROR   | Solver failed | status=1 | SQP it=0 | KKT=nan | t=0.000s
2025-06-08 22:37:19,783 | ERROR   | Dump saved → debug_logs/fail/tick0078.json
2025-06-08 22:37:19,816 | ERROR   | Solver failed | status=1 | SQP it=0 | KKT=nan | t=0.000s
2025-06-08 22:37:19,816 | ERROR   | Dump saved → debug_logs/fail/tick0079.json
2025-06-08 22:37:19,847 | ERROR   | Solver failed | status=1 | SQP it=0 | KKT=nan | t=0.000s
2025-06-08 22:37:19,848 | ERROR   | Dump saved → debug_logs/fail/tick0080.json
2025-06-08 22:37:19,877 | ERROR   | Solver failed | status=1 | SQP it=0 | KKT=nan | t=0.000s
2025-06-08 22:37:19,878 | ERROR   | Dump saved → debug_logs/fail/tick0081.json
2025-06-08 22:37:19,908 | ERROR   | Solver failed | status=1 | SQP it=0 | KKT=nan | t=0.000s
2025-06-08 22:37:19,909 | ERROR   | Dump saved → debug_logs/fail/tick0082.json
2025-06-08 22:37:19,934 | ERROR   | Solver failed | status=1 | SQP it=0 | KKT=nan | t=0.000s
2025-06-08 22:37:19,934 | ERROR   | Dump saved → debug_logs/fail/tick0083.json
2025-06-08 22:37:19,961 | ERROR   | Solver failed | status=1 | SQP it=0 | KKT=nan | t=0.000s
2025-06-08 22:37:19,962 | ERROR   | Dump saved → debug_logs/fail/tick0084.json
2025-06-08 22:37:19,988 | ERROR   | Solver failed | status=1 | SQP it=0 | KKT=nan | t=0.000s
2025-06-08 22:37:19,988 | ERROR   | Dump saved → debug_logs/fail/tick0085.json
2025-06-08 22:37:20,014 | ERROR   | Solver failed | status=1 | SQP it=0 | KKT=nan | t=0.000s
2025-06-08 22:37:20,015 | ERROR   | Dump saved → debug_logs/fail/tick0086.json
2025-06-08 22:37:20,046 | ERROR   | Solver failed | status=1 | SQP it=0 | KKT=nan | t=0.000s
2025-06-08 22:37:20,046 | ERROR   | Dump saved → debug_logs/fail/tick0087.json
2025-06-08 22:37:20,077 | ERROR   | Solver failed | status=1 | SQP it=0 | KKT=nan | t=0.000s
2025-06-08 22:37:20,077 | ERROR   | Dump saved → debug_logs/fail/tick0088.json
2025-06-08 22:37:20,107 | ERROR   | Solver failed | status=1 | SQP it=0 | KKT=nan | t=0.000s
2025-06-08 22:37:20,108 | ERROR   | Dump saved → debug_logs/fail/tick0089.json
2025-06-08 22:37:20,134 | ERROR   | Solver failed | status=1 | SQP it=0 | KKT=nan | t=0.000s
2025-06-08 22:37:20,134 | ERROR   | Dump saved → debug_logs/fail/tick0090.json
2025-06-08 22:37:20,162 | ERROR   | Solver failed | status=1 | SQP it=0 | KKT=nan | t=0.000s
2025-06-08 22:37:20,162 | ERROR   | Dump saved → debug_logs/fail/tick0091.json
2025-06-08 22:37:20,194 | ERROR   | Solver failed | status=1 | SQP it=0 | KKT=nan | t=0.000s
2025-06-08 22:37:20,195 | ERROR   | Dump saved → debug_logs/fail/tick0092.json
2025-06-08 22:37:20,225 | ERROR   | Solver failed | status=1 | SQP it=0 | KKT=nan | t=0.000s
2025-06-08 22:37:20,226 | ERROR   | Dump saved → debug_logs/fail/tick0093.json
2025-06-08 22:37:20,258 | ERROR   | Solver failed | status=1 | SQP it=0 | KKT=nan | t=0.000s
2025-06-08 22:37:20,258 | ERROR   | Dump saved → debug_logs/fail/tick0094.json
2025-06-08 22:37:20,286 | ERROR   | Solver failed | status=1 | SQP it=0 | KKT=nan | t=0.000s
2025-06-08 22:37:20,287 | ERROR   | Dump saved → debug_logs/fail/tick0095.json
2025-06-08 22:37:20,315 | ERROR   | Solver failed | status=1 | SQP it=0 | KKT=nan | t=0.000s
2025-06-08 22:37:20,316 | ERROR   | Dump saved → debug_logs/fail/tick0096.json
2025-06-08 22:37:20,349 | ERROR   | Solver failed | status=1 | SQP it=0 | KKT=nan | t=0.000s
2025-06-08 22:37:20,349 | ERROR   | Dump saved → debug_logs/fail/tick0097.json
2025-06-08 22:37:20,378 | ERROR   | Solver failed | status=1 | SQP it=0 | KKT=nan | t=0.000s
2025-06-08 22:37:20,379 | ERROR   | Dump saved → debug_logs/fail/tick0098.json
2025-06-08 22:37:20,411 | ERROR   | Solver failed | status=1 | SQP it=0 | KKT=nan | t=0.000s
2025-06-08 22:37:20,411 | ERROR   | Dump saved → debug_logs/fail/tick0099.json
2025-06-08 22:37:20,438 | ERROR   | Solver failed | status=1 | SQP it=0 | KKT=nan | t=0.000s
2025-06-08 22:37:20,438 | ERROR   | Dump saved → debug_logs/fail/tick0100.json
2025-06-08 22:37:20,464 | ERROR   | Solver failed | status=1 | SQP it=0 | KKT=nan | t=0.000s
2025-06-08 22:37:20,465 | ERROR   | Dump saved → debug_logs/fail/tick0101.json
2025-06-08 22:37:20,496 | ERROR   | Solver failed | status=1 | SQP it=0 | KKT=nan | t=0.000s
2025-06-08 22:37:20,496 | ERROR   | Dump saved → debug_logs/fail/tick0102.json
