2025-06-06 15:56:36,484 | INFO    | ===== INITIAL STATE DUMP =====
2025-06-06 15:56:36,484 | DEBUG   | {
  "xcurrent": [
    1.089695930480957,
    1.4088244438171387,
    0.08456537127494812,
    0.0,
    0.0,
    0.0
  ],
  "params": {
    "QC": 10,
    "QL": 80,
    "MU": 10,
    "DVTHETA_MAX": 1.2,
    "N": 20,
    "T_HORIZON": 1.05,
    "RAMP_TIME": 1.8,
    "BARRIER_WEIGHT": 10,
    "TUNNEL_WIDTH": 0.25,
    "Q_OMEGA": 2,
    "R_VTHETA": 1.0,
    "GATE_RAMP_TIME": 0.5
  },
  "box_lims": {
    "vtheta_max": 1.2,
    "dvtheta_max": 1.2
  }
}
2025-06-06 15:56:40,512 | ERROR   | Solver failed | status=2 | SQP it=1000 | KKT=7.88e-08 | t=0.383s
2025-06-06 15:56:40,513 | ERROR   | Dump saved → debug_logs/fail/tick0033.json
