2025-07-03 12:20:51,958 | INFO    | ===== INITIAL STATE DUMP =====
2025-07-03 12:20:51,958 | DEBUG   | {
  "xcurrent": [
    1.089695930480957,
    1.4088244438171387,
    0.08456537127494812,
    0.0,
    0.0,
    0.0
  ],
  "params": {
    "QC": 10,
    "QL": 40,
    "MU": 10,
    "DVTHETA_MAX": 1.0,
    "N": 20,
    "T_HORIZON": 0.7,
    "RAMP_TIME": 1.8,
    "BW_RAMP": 1,
    "BARRIER_WEIGHT": 100,
    "TUNNEL_WIDTH": 0.4,
    "TUNNEL_WIDTH_GATE": 0.15,
    "NARROW_DIST": 0.7,
    "GATE_FLAT_DIST": 0.1,
    "Q_OMEGA": 0,
    "R_VTHETA": 1.0,
    "REG_THRUST": 0.0001,
    "REG_INPUTS": 0.09
  },
  "box_lims": {
    "vtheta_max": 1.0,
    "dvtheta_max": 1.0
  }
}
2025-07-03 12:20:53,766 | ERROR   | Solver failed | status=2 | SQP it=1000 | KKT=6.20e-08 | t=0.272s
2025-07-03 12:20:53,767 | ERROR   | Dump saved → debug_logs/fail/tick0014.json
2025-07-03 12:21:07,290 | INFO    | ===== INITIAL STATE DUMP =====
2025-07-03 12:21:07,291 | DEBUG   | {
  "xcurrent": [
    1.0496498346328735,
    1.492522120475769,
    0.07982796430587769,
    0.0,
    0.0,
    0.0
  ],
  "params": {
    "QC": 10,
    "QL": 40,
    "MU": 10,
    "DVTHETA_MAX": 1.0,
    "N": 20,
    "T_HORIZON": 0.7,
    "RAMP_TIME": 1.8,
    "BW_RAMP": 1,
    "BARRIER_WEIGHT": 100,
    "TUNNEL_WIDTH": 0.4,
    "TUNNEL_WIDTH_GATE": 0.15,
    "NARROW_DIST": 0.7,
    "GATE_FLAT_DIST": 0.1,
    "Q_OMEGA": 0,
    "R_VTHETA": 1.0,
    "REG_THRUST": 0.0001,
    "REG_INPUTS": 0.09
  },
  "box_lims": {
    "vtheta_max": 1.0,
    "dvtheta_max": 1.0
  }
}
2025-07-03 12:21:11,449 | ERROR   | Solver failed | status=2 | SQP it=1000 | KKT=6.87e-11 | t=0.463s
2025-07-03 12:21:11,450 | ERROR   | Dump saved → debug_logs/fail/tick0116.json
2025-07-03 12:21:12,443 | ERROR   | Solver failed | status=2 | SQP it=1000 | KKT=9.87e-08 | t=0.464s
2025-07-03 12:21:12,444 | ERROR   | Dump saved → debug_logs/fail/tick0133.json
2025-07-03 12:21:14,895 | ERROR   | Solver failed | status=2 | SQP it=1000 | KKT=5.71e-11 | t=0.459s
2025-07-03 12:21:14,897 | ERROR   | Dump saved → debug_logs/fail/tick0194.json
2025-07-03 12:21:15,418 | ERROR   | Solver failed | status=2 | SQP it=1000 | KKT=5.91e-11 | t=0.459s
2025-07-03 12:21:15,420 | ERROR   | Dump saved → debug_logs/fail/tick0196.json
2025-07-03 12:21:37,118 | INFO    | ===== INITIAL STATE DUMP =====
2025-07-03 12:21:37,118 | DEBUG   | {
  "xcurrent": [
    0.9790511727333069,
    1.535434365272522,
    0.07626025378704071,
    0.0,
    0.0,
    0.0
  ],
  "params": {
    "QC": 10,
    "QL": 40,
    "MU": 10,
    "DVTHETA_MAX": 1.0,
    "N": 20,
    "T_HORIZON": 0.7,
    "RAMP_TIME": 1.8,
    "BW_RAMP": 1,
    "BARRIER_WEIGHT": 100,
    "TUNNEL_WIDTH": 0.4,
    "TUNNEL_WIDTH_GATE": 0.15,
    "NARROW_DIST": 0.7,
    "GATE_FLAT_DIST": 0.1,
    "Q_OMEGA": 0,
    "R_VTHETA": 1.0,
    "REG_THRUST": 0.0001,
    "REG_INPUTS": 0.09
  },
  "box_lims": {
    "vtheta_max": 1.0,
    "dvtheta_max": 1.0
  }
}
