2025-06-29 09:17:27,603 | INFO    | ===== INITIAL STATE DUMP =====
2025-06-29 09:17:27,603 | DEBUG   | {
  "xcurrent": [
    1.089695930480957,
    1.4088244438171387,
    0.08456537127494812,
    0.0,
    0.0,
    0.0
  ],
  "params": {
    "QC": 10,
    "QC_GATE": 50,
    "QL": 40,
    "MU": 10,
    "DVTHETA_MAX": 1.6,
    "N": 20,
    "T_HORIZON": 0.7,
    "RAMP_TIME": 0.7,
    "BARRIER_WEIGHT": 10,
    "TUNNEL_WIDTH": 0.4,
    "TUNNEL_WIDTH_GATE": 0.15,
    "NARROW_DIST": 0.6,
    "GATE_FLAT_DIST": 0.45,
    "Q_OMEGA": 2,
    "R_VTHETA": 1.0,
    "REG_THRUST": 0.02,
    "REG_INPUTS": 0.8
  },
  "box_lims": {
    "vtheta_max": 1.6,
    "dvtheta_max": 1.6
  }
}
2025-06-29 09:17:39,221 | ERROR   | Solver failed | status=2 | SQP it=1000 | KKT=7.38e-15 | t=0.511s
2025-06-29 09:17:39,223 | ERROR   | Dump saved → debug_logs/fail/tick0065.json
2025-06-29 09:17:57,847 | INFO    | ===== INITIAL STATE DUMP =====
2025-06-29 09:17:57,847 | DEBUG   | {
  "xcurrent": [
    0.9319533705711365,
    1.4672023057937622,
    0.08784396201372147,
    0.0,
    0.0,
    0.0
  ],
  "params": {
    "QC": 10,
    "QC_GATE": 50,
    "QL": 40,
    "MU": 10,
    "DVTHETA_MAX": 1.6,
    "N": 20,
    "T_HORIZON": 0.7,
    "RAMP_TIME": 0.7,
    "BARRIER_WEIGHT": 10,
    "TUNNEL_WIDTH": 0.4,
    "TUNNEL_WIDTH_GATE": 0.15,
    "NARROW_DIST": 0.6,
    "GATE_FLAT_DIST": 0.45,
    "Q_OMEGA": 2,
    "R_VTHETA": 1.0,
    "REG_THRUST": 0.02,
    "REG_INPUTS": 0.8
  },
  "box_lims": {
    "vtheta_max": 1.6,
    "dvtheta_max": 1.6
  }
}
2025-06-29 09:18:02,899 | ERROR   | Solver failed | status=2 | SQP it=1000 | KKT=5.82e-10 | t=0.582s
2025-06-29 09:18:02,901 | ERROR   | Dump saved → debug_logs/fail/tick0131.json
2025-06-29 09:18:03,498 | ERROR   | Solver failed | status=2 | SQP it=1000 | KKT=1.76e-08 | t=0.566s
2025-06-29 09:18:03,500 | ERROR   | Dump saved → debug_logs/fail/tick0132.json
2025-06-29 09:18:06,191 | ERROR   | Solver failed | status=2 | SQP it=1000 | KKT=8.30e-09 | t=0.622s
2025-06-29 09:18:06,194 | ERROR   | Dump saved → debug_logs/fail/tick0191.json
2025-06-29 09:18:06,809 | ERROR   | Solver failed | status=2 | SQP it=1000 | KKT=7.57e-08 | t=0.586s
2025-06-29 09:18:06,809 | ERROR   | Dump saved → debug_logs/fail/tick0192.json
2025-06-29 09:18:09,977 | INFO    | ===== INITIAL STATE DUMP =====
2025-06-29 09:18:09,977 | DEBUG   | {
  "xcurrent": [
    0.9009243249893188,
    1.5066622495651245,
    0.07270664721727371,
    0.0,
    0.0,
    0.0
  ],
  "params": {
    "QC": 10,
    "QC_GATE": 50,
    "QL": 40,
    "MU": 10,
    "DVTHETA_MAX": 1.6,
    "N": 20,
    "T_HORIZON": 0.7,
    "RAMP_TIME": 0.7,
    "BARRIER_WEIGHT": 10,
    "TUNNEL_WIDTH": 0.4,
    "TUNNEL_WIDTH_GATE": 0.15,
    "NARROW_DIST": 0.6,
    "GATE_FLAT_DIST": 0.45,
    "Q_OMEGA": 2,
    "R_VTHETA": 1.0,
    "REG_THRUST": 0.02,
    "REG_INPUTS": 0.8
  },
  "box_lims": {
    "vtheta_max": 1.6,
    "dvtheta_max": 1.6
  }
}
2025-06-29 09:18:10,965 | ERROR   | Solver failed | status=2 | SQP it=1000 | KKT=3.56e-08 | t=0.645s
2025-06-29 09:18:10,968 | ERROR   | Dump saved → debug_logs/fail/tick0011.json
2025-06-29 09:18:21,317 | INFO    | ===== INITIAL STATE DUMP =====
2025-06-29 09:18:21,317 | DEBUG   | {
  "xcurrent": [
    0.9837838411331177,
    1.540727138519287,
    0.07938732206821442,
    0.0,
    0.0,
    0.0
  ],
  "params": {
    "QC": 10,
    "QC_GATE": 50,
    "QL": 40,
    "MU": 10,
    "DVTHETA_MAX": 1.6,
    "N": 20,
    "T_HORIZON": 0.7,
    "RAMP_TIME": 0.7,
    "BARRIER_WEIGHT": 10,
    "TUNNEL_WIDTH": 0.4,
    "TUNNEL_WIDTH_GATE": 0.15,
    "NARROW_DIST": 0.6,
    "GATE_FLAT_DIST": 0.45,
    "Q_OMEGA": 2,
    "R_VTHETA": 1.0,
    "REG_THRUST": 0.02,
    "REG_INPUTS": 0.8
  },
  "box_lims": {
    "vtheta_max": 1.6,
    "dvtheta_max": 1.6
  }
}
2025-06-29 09:18:27,077 | INFO    | ===== INITIAL STATE DUMP =====
2025-06-29 09:18:27,078 | DEBUG   | {
  "xcurrent": [
    1.0254793167114258,
    1.5221256017684937,
    0.07002798467874527,
    0.0,
    0.0,
    0.0
  ],
  "params": {
    "QC": 10,
    "QC_GATE": 50,
    "QL": 40,
    "MU": 10,
    "DVTHETA_MAX": 1.6,
    "N": 20,
    "T_HORIZON": 0.7,
    "RAMP_TIME": 0.7,
    "BARRIER_WEIGHT": 10,
    "TUNNEL_WIDTH": 0.4,
    "TUNNEL_WIDTH_GATE": 0.15,
    "NARROW_DIST": 0.6,
    "GATE_FLAT_DIST": 0.45,
    "Q_OMEGA": 2,
    "R_VTHETA": 1.0,
    "REG_THRUST": 0.02,
    "REG_INPUTS": 0.8
  },
  "box_lims": {
    "vtheta_max": 1.6,
    "dvtheta_max": 1.6
  }
}
