2025-06-29 17:13:29,165 | INFO    | ===== INITIAL STATE DUMP =====
2025-06-29 17:13:29,165 | DEBUG   | {
  "xcurrent": [
    1.089695930480957,
    1.4088244438171387,
    0.08456537127494812,
    0.0,
    0.0,
    0.0
  ],
  "params": {
    "QC": 10,
    "QL": 40,
    "MU": 10,
    "DVTHETA_MAX": 1.0,
    "N": 20,
    "T_HORIZON": 0.7,
    "RAMP_TIME": 1.8,
    "BW_RAMP": 1,
    "BARRIER_WEIGHT": 100,
    "TUNNEL_WIDTH": 0.4,
    "TUNNEL_WIDTH_GATE": 0.15,
    "NARROW_DIST": 0.7,
    "GATE_FLAT_DIST": 0.1,
    "Q_OMEGA": 2,
    "R_VTHETA": 1.0,
    "REG_THRUST": 0.018,
    "REG_INPUTS": 0.09
  },
  "box_lims": {
    "vtheta_max": 1.0,
    "dvtheta_max": 1.0
  }
}
2025-06-29 17:13:38,237 | ERROR   | Solver failed | status=2 | SQP it=1000 | KKT=3.62e-12 | t=0.565s
2025-06-29 17:13:38,239 | ERROR   | Dump saved → debug_logs/fail/tick0121.json
2025-06-29 17:13:39,025 | ERROR   | Solver failed | status=2 | SQP it=1000 | KKT=8.96e-09 | t=0.674s
2025-06-29 17:13:39,025 | ERROR   | Dump saved → debug_logs/fail/tick0123.json
2025-06-29 17:13:39,878 | ERROR   | Solver failed | status=2 | SQP it=1000 | KKT=2.21e-08 | t=0.824s
2025-06-29 17:13:39,879 | ERROR   | Dump saved → debug_logs/fail/tick0124.json
2025-06-29 17:13:40,999 | ERROR   | Solver failed | status=2 | SQP it=1000 | KKT=1.51e-11 | t=1.092s
2025-06-29 17:13:41,000 | ERROR   | Dump saved → debug_logs/fail/tick0125.json
