2025-06-29 08:04:15,569 | INFO    | ===== INITIAL STATE DUMP =====
2025-06-29 08:04:15,569 | DEBUG   | {
  "xcurrent": [
    1.089695930480957,
    1.4088244438171387,
    0.08456537127494812,
    0.0,
    0.0,
    0.0
  ],
  "params": {
    "QC": 10,
    "QC_GATE": 50,
    "QL": 40,
    "MU": 10,
    "DVTHETA_MAX": 1.6,
    "N": 20,
    "T_HORIZON": 0.7,
    "RAMP_TIME": 0.7,
    "BARRIER_WEIGHT": 10,
    "OBSTACLE_WEIGHT": [
      30,
      30,
      30,
      30
    ],
    "OBSTACLE_RADIUS": 0.15,
    "OBSTACLE_ALPHA": 30.0,
    "TUNNEL_WIDTH": 0.4,
    "TUNNEL_WIDTH_GATE": 0.15,
    "NARROW_DIST": 0.6,
    "GATE_FLAT_DIST": 0.45,
    "Q_OMEGA": 2,
    "R_VTHETA": 1.0,
    "REG_THRUST": 0.02,
    "REG_INPUTS": 0.8
  },
  "box_lims": {
    "vtheta_max": 1.6,
    "dvtheta_max": 1.6
  }
}
2025-06-29 08:04:28,169 | ERROR   | Solver failed | status=2 | SQP it=1000 | KKT=8.12e-12 | t=0.513s
2025-06-29 08:04:28,170 | ERROR   | Dump saved → debug_logs/fail/tick0130.json
