2025-06-29 16:41:46,928 | INFO    | ===== INITIAL STATE DUMP =====
2025-06-29 16:41:46,929 | DEBUG   | {
  "xcurrent": [
    1.089695930480957,
    1.4088244438171387,
    0.08456537127494812,
    0.0,
    0.0,
    0.0
  ],
  "params": {
    "QC": 10,
    "QL": 40,
    "MU": 10,
    "DVTHETA_MAX": 1.7,
    "N": 20,
    "T_HORIZON": 1.0,
    "RAMP_TIME": 1.8,
    "BW_RAMP": 0.3,
    "BARRIER_WEIGHT": 10,
    "TUNNEL_WIDTH": 0.4,
    "TUNNEL_WIDTH_GATE": 0.15,
    "NARROW_DIST": 0.7,
    "GATE_FLAT_DIST": 0.2,
    "Q_OMEGA": 2,
    "R_VTHETA": 1.0,
    "IN_GATE_RAMP_TIME": 0.3,
    "OUT_GATE_RAMP_TIME": 0.5,
    "REG_THRUST": 0.018,
    "REG_INPUTS": 0.1
  },
  "box_lims": {
    "vtheta_max": 1.7,
    "dvtheta_max": 1.7
  }
}
2025-06-29 16:42:24,271 | INFO    | ===== INITIAL STATE DUMP =====
2025-06-29 16:42:24,271 | DEBUG   | {
  "xcurrent": [
    0.9654344320297241,
    1.44087553024292,
    0.07791860401630402,
    0.0,
    0.0,
    0.0
  ],
  "params": {
    "QC": 10,
    "QL": 40,
    "MU": 10,
    "DVTHETA_MAX": 1.7,
    "N": 20,
    "T_HORIZON": 1.0,
    "RAMP_TIME": 1.8,
    "BW_RAMP": 0.3,
    "BARRIER_WEIGHT": 10,
    "TUNNEL_WIDTH": 0.4,
    "TUNNEL_WIDTH_GATE": 0.15,
    "NARROW_DIST": 0.7,
    "GATE_FLAT_DIST": 0.2,
    "Q_OMEGA": 2,
    "R_VTHETA": 1.0,
    "IN_GATE_RAMP_TIME": 0.3,
    "OUT_GATE_RAMP_TIME": 0.5,
    "REG_THRUST": 0.018,
    "REG_INPUTS": 0.1
  },
  "box_lims": {
    "vtheta_max": 1.7,
    "dvtheta_max": 1.7
  }
}
2025-06-29 16:42:27,175 | ERROR   | Solver failed | status=4 | SQP it=107 | KKT=6.89e-08 | t=0.099s
2025-06-29 16:42:27,175 | ERROR   | Dump saved → debug_logs/fail/tick0094.json
2025-06-29 16:42:27,201 | ERROR   | Solver failed | status=4 | SQP it=1 | KKT=3.65e+02 | t=0.000s
2025-06-29 16:42:27,202 | ERROR   | Dump saved → debug_logs/fail/tick0095.json
2025-06-29 16:42:27,226 | ERROR   | Solver failed | status=4 | SQP it=1 | KKT=3.62e+02 | t=0.000s
2025-06-29 16:42:27,227 | ERROR   | Dump saved → debug_logs/fail/tick0096.json
2025-06-29 16:42:27,251 | ERROR   | Solver failed | status=4 | SQP it=1 | KKT=3.62e+02 | t=0.000s
2025-06-29 16:42:27,252 | ERROR   | Dump saved → debug_logs/fail/tick0097.json
2025-06-29 16:42:27,277 | ERROR   | Solver failed | status=4 | SQP it=1 | KKT=3.62e+02 | t=0.000s
2025-06-29 16:42:27,278 | ERROR   | Dump saved → debug_logs/fail/tick0098.json
2025-06-29 16:42:27,301 | ERROR   | Solver failed | status=4 | SQP it=1 | KKT=3.62e+02 | t=0.000s
2025-06-29 16:42:27,302 | ERROR   | Dump saved → debug_logs/fail/tick0099.json
2025-06-29 16:42:27,327 | ERROR   | Solver failed | status=4 | SQP it=1 | KKT=3.65e+02 | t=0.000s
2025-06-29 16:42:27,328 | ERROR   | Dump saved → debug_logs/fail/tick0100.json
2025-06-29 16:42:27,355 | ERROR   | Solver failed | status=4 | SQP it=1 | KKT=3.65e+02 | t=0.000s
2025-06-29 16:42:27,356 | ERROR   | Dump saved → debug_logs/fail/tick0101.json
2025-06-29 16:42:27,380 | ERROR   | Solver failed | status=4 | SQP it=1 | KKT=3.61e+02 | t=0.000s
2025-06-29 16:42:27,381 | ERROR   | Dump saved → debug_logs/fail/tick0102.json
2025-06-29 16:42:27,406 | ERROR   | Solver failed | status=4 | SQP it=1 | KKT=3.61e+02 | t=0.000s
2025-06-29 16:42:27,407 | ERROR   | Dump saved → debug_logs/fail/tick0103.json
2025-06-29 16:42:27,431 | ERROR   | Solver failed | status=4 | SQP it=1 | KKT=3.47e+02 | t=0.000s
2025-06-29 16:42:27,432 | ERROR   | Dump saved → debug_logs/fail/tick0104.json
2025-06-29 16:42:27,457 | ERROR   | Solver failed | status=4 | SQP it=1 | KKT=3.47e+02 | t=0.000s
2025-06-29 16:42:27,458 | ERROR   | Dump saved → debug_logs/fail/tick0105.json
2025-06-29 16:42:27,484 | ERROR   | Solver failed | status=4 | SQP it=1 | KKT=3.47e+02 | t=0.000s
2025-06-29 16:42:27,484 | ERROR   | Dump saved → debug_logs/fail/tick0106.json
2025-06-29 16:42:27,510 | ERROR   | Solver failed | status=4 | SQP it=1 | KKT=3.49e+02 | t=0.000s
2025-06-29 16:42:27,511 | ERROR   | Dump saved → debug_logs/fail/tick0107.json
2025-06-29 16:42:27,539 | ERROR   | Solver failed | status=4 | SQP it=1 | KKT=3.49e+02 | t=0.000s
2025-06-29 16:42:27,539 | ERROR   | Dump saved → debug_logs/fail/tick0108.json
2025-06-29 16:42:27,565 | ERROR   | Solver failed | status=4 | SQP it=1 | KKT=3.49e+02 | t=0.000s
2025-06-29 16:42:27,566 | ERROR   | Dump saved → debug_logs/fail/tick0109.json
2025-06-29 16:42:27,593 | ERROR   | Solver failed | status=4 | SQP it=1 | KKT=3.49e+02 | t=0.000s
2025-06-29 16:42:27,594 | ERROR   | Dump saved → debug_logs/fail/tick0110.json
2025-06-29 16:42:27,622 | ERROR   | Solver failed | status=4 | SQP it=1 | KKT=3.48e+02 | t=0.000s
2025-06-29 16:42:27,623 | ERROR   | Dump saved → debug_logs/fail/tick0111.json
2025-06-29 16:42:27,647 | ERROR   | Solver failed | status=4 | SQP it=1 | KKT=3.48e+02 | t=0.000s
2025-06-29 16:42:27,647 | ERROR   | Dump saved → debug_logs/fail/tick0112.json
2025-06-29 16:42:27,672 | ERROR   | Solver failed | status=4 | SQP it=1 | KKT=3.48e+02 | t=0.000s
2025-06-29 16:42:27,673 | ERROR   | Dump saved → debug_logs/fail/tick0113.json
2025-06-29 16:42:27,697 | ERROR   | Solver failed | status=4 | SQP it=1 | KKT=3.48e+02 | t=0.000s
2025-06-29 16:42:27,698 | ERROR   | Dump saved → debug_logs/fail/tick0114.json
2025-06-29 16:42:27,722 | ERROR   | Solver failed | status=4 | SQP it=1 | KKT=3.43e+02 | t=0.000s
2025-06-29 16:42:27,723 | ERROR   | Dump saved → debug_logs/fail/tick0115.json
2025-06-29 16:42:27,748 | ERROR   | Solver failed | status=4 | SQP it=1 | KKT=3.43e+02 | t=0.000s
2025-06-29 16:42:27,748 | ERROR   | Dump saved → debug_logs/fail/tick0116.json
2025-06-29 16:42:27,773 | ERROR   | Solver failed | status=4 | SQP it=1 | KKT=3.51e+02 | t=0.000s
2025-06-29 16:42:27,774 | ERROR   | Dump saved → debug_logs/fail/tick0117.json
2025-06-29 16:42:27,798 | ERROR   | Solver failed | status=4 | SQP it=1 | KKT=3.51e+02 | t=0.000s
2025-06-29 16:42:27,799 | ERROR   | Dump saved → debug_logs/fail/tick0118.json
2025-06-29 16:42:27,823 | ERROR   | Solver failed | status=4 | SQP it=1 | KKT=3.56e+02 | t=0.000s
2025-06-29 16:42:27,824 | ERROR   | Dump saved → debug_logs/fail/tick0119.json
2025-06-29 16:42:27,849 | ERROR   | Solver failed | status=4 | SQP it=1 | KKT=3.61e+02 | t=0.000s
2025-06-29 16:42:27,850 | ERROR   | Dump saved → debug_logs/fail/tick0120.json
2025-06-29 16:42:27,876 | ERROR   | Solver failed | status=4 | SQP it=1 | KKT=3.61e+02 | t=0.000s
2025-06-29 16:42:27,876 | ERROR   | Dump saved → debug_logs/fail/tick0121.json
2025-06-29 16:42:27,906 | ERROR   | Solver failed | status=4 | SQP it=1 | KKT=3.64e+02 | t=0.000s
2025-06-29 16:42:27,907 | ERROR   | Dump saved → debug_logs/fail/tick0122.json
2025-06-29 16:42:27,931 | ERROR   | Solver failed | status=4 | SQP it=1 | KKT=3.64e+02 | t=0.000s
2025-06-29 16:42:27,932 | ERROR   | Dump saved → debug_logs/fail/tick0123.json
2025-06-29 16:42:27,959 | ERROR   | Solver failed | status=4 | SQP it=1 | KKT=3.66e+02 | t=0.000s
2025-06-29 16:42:27,959 | ERROR   | Dump saved → debug_logs/fail/tick0124.json
2025-06-29 16:42:27,989 | ERROR   | Solver failed | status=4 | SQP it=1 | KKT=3.66e+02 | t=0.000s
2025-06-29 16:42:27,990 | ERROR   | Dump saved → debug_logs/fail/tick0125.json
2025-06-29 16:42:28,016 | ERROR   | Solver failed | status=4 | SQP it=1 | KKT=3.50e+02 | t=0.000s
2025-06-29 16:42:28,016 | ERROR   | Dump saved → debug_logs/fail/tick0126.json
2025-06-29 16:42:28,044 | ERROR   | Solver failed | status=4 | SQP it=1 | KKT=3.51e+02 | t=0.000s
2025-06-29 16:42:28,045 | ERROR   | Dump saved → debug_logs/fail/tick0127.json
2025-06-29 16:42:28,072 | ERROR   | Solver failed | status=4 | SQP it=1 | KKT=3.51e+02 | t=0.000s
2025-06-29 16:42:28,073 | ERROR   | Dump saved → debug_logs/fail/tick0128.json
2025-06-29 16:42:28,100 | ERROR   | Solver failed | status=4 | SQP it=1 | KKT=3.51e+02 | t=0.000s
2025-06-29 16:42:28,101 | ERROR   | Dump saved → debug_logs/fail/tick0129.json
2025-06-29 16:42:28,128 | ERROR   | Solver failed | status=4 | SQP it=1 | KKT=3.51e+02 | t=0.000s
2025-06-29 16:42:28,129 | ERROR   | Dump saved → debug_logs/fail/tick0130.json
2025-06-29 16:42:28,156 | ERROR   | Solver failed | status=4 | SQP it=1 | KKT=3.51e+02 | t=0.000s
2025-06-29 16:42:28,157 | ERROR   | Dump saved → debug_logs/fail/tick0131.json
2025-06-29 16:42:28,184 | ERROR   | Solver failed | status=4 | SQP it=1 | KKT=3.51e+02 | t=0.000s
2025-06-29 16:42:28,185 | ERROR   | Dump saved → debug_logs/fail/tick0132.json
2025-06-29 16:42:28,212 | ERROR   | Solver failed | status=4 | SQP it=1 | KKT=3.51e+02 | t=0.000s
2025-06-29 16:42:28,213 | ERROR   | Dump saved → debug_logs/fail/tick0133.json
2025-06-29 16:42:28,240 | ERROR   | Solver failed | status=4 | SQP it=1 | KKT=3.51e+02 | t=0.000s
2025-06-29 16:42:28,241 | ERROR   | Dump saved → debug_logs/fail/tick0134.json
2025-06-29 16:42:28,268 | ERROR   | Solver failed | status=4 | SQP it=1 | KKT=3.51e+02 | t=0.000s
2025-06-29 16:42:28,269 | ERROR   | Dump saved → debug_logs/fail/tick0135.json
2025-06-29 16:42:28,293 | ERROR   | Solver failed | status=4 | SQP it=1 | KKT=3.51e+02 | t=0.000s
2025-06-29 16:42:28,293 | ERROR   | Dump saved → debug_logs/fail/tick0136.json
2025-06-29 16:42:28,318 | ERROR   | Solver failed | status=4 | SQP it=1 | KKT=3.51e+02 | t=0.000s
2025-06-29 16:42:28,319 | ERROR   | Dump saved → debug_logs/fail/tick0137.json
2025-06-29 16:42:28,344 | ERROR   | Solver failed | status=4 | SQP it=1 | KKT=3.51e+02 | t=0.000s
2025-06-29 16:42:28,344 | ERROR   | Dump saved → debug_logs/fail/tick0138.json
2025-06-29 16:42:28,372 | ERROR   | Solver failed | status=4 | SQP it=1 | KKT=3.51e+02 | t=0.000s
2025-06-29 16:42:28,373 | ERROR   | Dump saved → debug_logs/fail/tick0139.json
2025-06-29 16:42:28,397 | ERROR   | Solver failed | status=4 | SQP it=1 | KKT=3.51e+02 | t=0.000s
2025-06-29 16:42:28,398 | ERROR   | Dump saved → debug_logs/fail/tick0140.json
2025-06-29 16:42:28,422 | ERROR   | Solver failed | status=4 | SQP it=1 | KKT=3.51e+02 | t=0.000s
2025-06-29 16:42:28,423 | ERROR   | Dump saved → debug_logs/fail/tick0141.json
2025-06-29 16:42:28,448 | ERROR   | Solver failed | status=4 | SQP it=1 | KKT=3.51e+02 | t=0.000s
2025-06-29 16:42:28,449 | ERROR   | Dump saved → debug_logs/fail/tick0142.json
2025-06-29 16:42:28,474 | ERROR   | Solver failed | status=4 | SQP it=1 | KKT=3.51e+02 | t=0.000s
2025-06-29 16:42:28,475 | ERROR   | Dump saved → debug_logs/fail/tick0143.json
2025-06-29 16:42:29,840 | INFO    | ===== INITIAL STATE DUMP =====
2025-06-29 16:42:29,840 | DEBUG   | {
  "xcurrent": [
    0.9491944313049316,
    1.4998458623886108,
    0.08003470301628113,
    0.0,
    0.0,
    0.0
  ],
  "params": {
    "QC": 10,
    "QL": 40,
    "MU": 10,
    "DVTHETA_MAX": 1.7,
    "N": 20,
    "T_HORIZON": 1.0,
    "RAMP_TIME": 1.8,
    "BW_RAMP": 0.3,
    "BARRIER_WEIGHT": 10,
    "TUNNEL_WIDTH": 0.4,
    "TUNNEL_WIDTH_GATE": 0.15,
    "NARROW_DIST": 0.7,
    "GATE_FLAT_DIST": 0.2,
    "Q_OMEGA": 2,
    "R_VTHETA": 1.0,
    "IN_GATE_RAMP_TIME": 0.3,
    "OUT_GATE_RAMP_TIME": 0.5,
    "REG_THRUST": 0.018,
    "REG_INPUTS": 0.1
  },
  "box_lims": {
    "vtheta_max": 1.7,
    "dvtheta_max": 1.7
  }
}
2025-06-29 16:42:34,093 | ERROR   | Solver failed | status=1 | SQP it=25 | KKT=4.04e-08 | t=0.025s
2025-06-29 16:42:34,094 | ERROR   | Dump saved → debug_logs/fail/tick0132.json
2025-06-29 16:42:34,122 | ERROR   | Solver failed | status=1 | SQP it=0 | KKT=nan | t=0.000s
2025-06-29 16:42:34,123 | ERROR   | Dump saved → debug_logs/fail/tick0133.json
2025-06-29 16:42:34,150 | ERROR   | Solver failed | status=1 | SQP it=0 | KKT=nan | t=0.000s
2025-06-29 16:42:34,150 | ERROR   | Dump saved → debug_logs/fail/tick0134.json
2025-06-29 16:42:34,178 | ERROR   | Solver failed | status=1 | SQP it=0 | KKT=nan | t=0.000s
2025-06-29 16:42:34,179 | ERROR   | Dump saved → debug_logs/fail/tick0135.json
2025-06-29 16:42:34,206 | ERROR   | Solver failed | status=1 | SQP it=0 | KKT=nan | t=0.000s
2025-06-29 16:42:34,207 | ERROR   | Dump saved → debug_logs/fail/tick0136.json
2025-06-29 16:42:34,234 | ERROR   | Solver failed | status=1 | SQP it=0 | KKT=nan | t=0.000s
2025-06-29 16:42:34,235 | ERROR   | Dump saved → debug_logs/fail/tick0137.json
2025-06-29 16:42:34,263 | ERROR   | Solver failed | status=1 | SQP it=0 | KKT=nan | t=0.000s
2025-06-29 16:42:34,264 | ERROR   | Dump saved → debug_logs/fail/tick0138.json
2025-06-29 16:42:34,292 | ERROR   | Solver failed | status=1 | SQP it=0 | KKT=nan | t=0.000s
2025-06-29 16:42:34,293 | ERROR   | Dump saved → debug_logs/fail/tick0139.json
2025-06-29 16:42:34,322 | ERROR   | Solver failed | status=1 | SQP it=0 | KKT=nan | t=0.000s
2025-06-29 16:42:34,322 | ERROR   | Dump saved → debug_logs/fail/tick0140.json
2025-06-29 16:42:34,347 | ERROR   | Solver failed | status=1 | SQP it=0 | KKT=nan | t=0.000s
2025-06-29 16:42:34,347 | ERROR   | Dump saved → debug_logs/fail/tick0141.json
2025-06-29 16:42:34,371 | ERROR   | Solver failed | status=1 | SQP it=0 | KKT=nan | t=0.000s
2025-06-29 16:42:34,372 | ERROR   | Dump saved → debug_logs/fail/tick0142.json
2025-06-29 16:42:34,396 | ERROR   | Solver failed | status=1 | SQP it=0 | KKT=nan | t=0.000s
2025-06-29 16:42:34,397 | ERROR   | Dump saved → debug_logs/fail/tick0143.json
2025-06-29 16:42:34,422 | ERROR   | Solver failed | status=1 | SQP it=0 | KKT=nan | t=0.000s
2025-06-29 16:42:34,422 | ERROR   | Dump saved → debug_logs/fail/tick0144.json
2025-06-29 16:42:34,447 | ERROR   | Solver failed | status=1 | SQP it=0 | KKT=nan | t=0.000s
2025-06-29 16:42:34,448 | ERROR   | Dump saved → debug_logs/fail/tick0145.json
2025-06-29 16:42:34,473 | ERROR   | Solver failed | status=1 | SQP it=0 | KKT=nan | t=0.000s
2025-06-29 16:42:34,474 | ERROR   | Dump saved → debug_logs/fail/tick0146.json
2025-06-29 16:42:34,498 | ERROR   | Solver failed | status=1 | SQP it=0 | KKT=nan | t=0.000s
2025-06-29 16:42:34,499 | ERROR   | Dump saved → debug_logs/fail/tick0147.json
2025-06-29 16:42:34,524 | ERROR   | Solver failed | status=1 | SQP it=0 | KKT=nan | t=0.000s
2025-06-29 16:42:34,525 | ERROR   | Dump saved → debug_logs/fail/tick0148.json
2025-06-29 16:42:34,550 | ERROR   | Solver failed | status=1 | SQP it=0 | KKT=nan | t=0.000s
2025-06-29 16:42:34,551 | ERROR   | Dump saved → debug_logs/fail/tick0149.json
2025-06-29 16:42:34,575 | ERROR   | Solver failed | status=1 | SQP it=0 | KKT=nan | t=0.000s
2025-06-29 16:42:34,576 | ERROR   | Dump saved → debug_logs/fail/tick0150.json
2025-06-29 16:42:34,606 | ERROR   | Solver failed | status=1 | SQP it=0 | KKT=nan | t=0.000s
2025-06-29 16:42:34,606 | ERROR   | Dump saved → debug_logs/fail/tick0151.json
2025-06-29 16:42:34,632 | ERROR   | Solver failed | status=1 | SQP it=0 | KKT=nan | t=0.000s
2025-06-29 16:42:34,633 | ERROR   | Dump saved → debug_logs/fail/tick0152.json
2025-06-29 16:42:34,659 | ERROR   | Solver failed | status=1 | SQP it=0 | KKT=nan | t=0.000s
2025-06-29 16:42:34,660 | ERROR   | Dump saved → debug_logs/fail/tick0153.json
2025-06-29 16:42:34,690 | ERROR   | Solver failed | status=1 | SQP it=0 | KKT=nan | t=0.000s
2025-06-29 16:42:34,690 | ERROR   | Dump saved → debug_logs/fail/tick0154.json
2025-06-29 16:42:34,717 | ERROR   | Solver failed | status=1 | SQP it=0 | KKT=nan | t=0.000s
2025-06-29 16:42:34,717 | ERROR   | Dump saved → debug_logs/fail/tick0155.json
2025-06-29 16:42:34,744 | ERROR   | Solver failed | status=1 | SQP it=0 | KKT=nan | t=0.000s
2025-06-29 16:42:34,745 | ERROR   | Dump saved → debug_logs/fail/tick0156.json
2025-06-29 16:42:34,772 | ERROR   | Solver failed | status=1 | SQP it=0 | KKT=nan | t=0.000s
2025-06-29 16:42:34,773 | ERROR   | Dump saved → debug_logs/fail/tick0157.json
2025-06-29 16:42:34,800 | ERROR   | Solver failed | status=1 | SQP it=0 | KKT=nan | t=0.000s
2025-06-29 16:42:34,800 | ERROR   | Dump saved → debug_logs/fail/tick0158.json
2025-06-29 16:42:34,828 | ERROR   | Solver failed | status=1 | SQP it=0 | KKT=nan | t=0.000s
2025-06-29 16:42:34,828 | ERROR   | Dump saved → debug_logs/fail/tick0159.json
2025-06-29 16:42:34,856 | ERROR   | Solver failed | status=1 | SQP it=0 | KKT=nan | t=0.000s
2025-06-29 16:42:34,857 | ERROR   | Dump saved → debug_logs/fail/tick0160.json
2025-06-29 16:42:34,880 | ERROR   | Solver failed | status=1 | SQP it=0 | KKT=nan | t=0.000s
2025-06-29 16:42:34,881 | ERROR   | Dump saved → debug_logs/fail/tick0161.json
2025-06-29 16:42:34,906 | ERROR   | Solver failed | status=1 | SQP it=0 | KKT=nan | t=0.000s
2025-06-29 16:42:34,906 | ERROR   | Dump saved → debug_logs/fail/tick0162.json
2025-06-29 16:42:34,930 | ERROR   | Solver failed | status=1 | SQP it=0 | KKT=nan | t=0.000s
2025-06-29 16:42:34,931 | ERROR   | Dump saved → debug_logs/fail/tick0163.json
2025-06-29 16:42:34,956 | ERROR   | Solver failed | status=1 | SQP it=0 | KKT=nan | t=0.000s
2025-06-29 16:42:34,956 | ERROR   | Dump saved → debug_logs/fail/tick0164.json
2025-06-29 16:42:34,981 | ERROR   | Solver failed | status=1 | SQP it=0 | KKT=nan | t=0.000s
2025-06-29 16:42:34,981 | ERROR   | Dump saved → debug_logs/fail/tick0165.json
2025-06-29 16:42:35,006 | ERROR   | Solver failed | status=1 | SQP it=0 | KKT=nan | t=0.000s
2025-06-29 16:42:35,007 | ERROR   | Dump saved → debug_logs/fail/tick0166.json
2025-06-29 16:42:35,031 | ERROR   | Solver failed | status=1 | SQP it=0 | KKT=nan | t=0.000s
2025-06-29 16:42:35,032 | ERROR   | Dump saved → debug_logs/fail/tick0167.json
2025-06-29 16:42:35,056 | ERROR   | Solver failed | status=1 | SQP it=0 | KKT=nan | t=0.000s
2025-06-29 16:42:35,057 | ERROR   | Dump saved → debug_logs/fail/tick0168.json
2025-06-29 16:42:35,082 | ERROR   | Solver failed | status=1 | SQP it=0 | KKT=nan | t=0.000s
2025-06-29 16:42:35,083 | ERROR   | Dump saved → debug_logs/fail/tick0169.json
2025-06-29 16:42:35,108 | ERROR   | Solver failed | status=1 | SQP it=0 | KKT=nan | t=0.000s
2025-06-29 16:42:35,109 | ERROR   | Dump saved → debug_logs/fail/tick0170.json
2025-06-29 16:42:35,135 | ERROR   | Solver failed | status=1 | SQP it=0 | KKT=nan | t=0.000s
2025-06-29 16:42:35,135 | ERROR   | Dump saved → debug_logs/fail/tick0171.json
2025-06-29 16:42:35,161 | ERROR   | Solver failed | status=1 | SQP it=0 | KKT=nan | t=0.000s
2025-06-29 16:42:35,161 | ERROR   | Dump saved → debug_logs/fail/tick0172.json
2025-06-29 16:42:35,190 | ERROR   | Solver failed | status=1 | SQP it=0 | KKT=nan | t=0.000s
2025-06-29 16:42:35,190 | ERROR   | Dump saved → debug_logs/fail/tick0173.json
2025-06-29 16:42:35,216 | ERROR   | Solver failed | status=1 | SQP it=0 | KKT=nan | t=0.000s
2025-06-29 16:42:35,217 | ERROR   | Dump saved → debug_logs/fail/tick0174.json
2025-06-29 16:42:35,244 | ERROR   | Solver failed | status=1 | SQP it=0 | KKT=nan | t=0.000s
2025-06-29 16:42:35,245 | ERROR   | Dump saved → debug_logs/fail/tick0175.json
2025-06-29 16:42:35,272 | ERROR   | Solver failed | status=1 | SQP it=0 | KKT=nan | t=0.000s
2025-06-29 16:42:35,273 | ERROR   | Dump saved → debug_logs/fail/tick0176.json
2025-06-29 16:42:35,297 | ERROR   | Solver failed | status=1 | SQP it=0 | KKT=nan | t=0.000s
2025-06-29 16:42:35,298 | ERROR   | Dump saved → debug_logs/fail/tick0177.json
2025-06-29 16:42:35,322 | ERROR   | Solver failed | status=1 | SQP it=0 | KKT=nan | t=0.000s
2025-06-29 16:42:35,323 | ERROR   | Dump saved → debug_logs/fail/tick0178.json
2025-06-29 16:42:35,347 | ERROR   | Solver failed | status=1 | SQP it=0 | KKT=nan | t=0.000s
2025-06-29 16:42:35,348 | ERROR   | Dump saved → debug_logs/fail/tick0179.json
2025-06-29 16:42:35,372 | ERROR   | Solver failed | status=1 | SQP it=0 | KKT=nan | t=0.000s
2025-06-29 16:42:35,373 | ERROR   | Dump saved → debug_logs/fail/tick0180.json
2025-06-29 16:42:35,397 | ERROR   | Solver failed | status=1 | SQP it=0 | KKT=nan | t=0.000s
2025-06-29 16:42:35,398 | ERROR   | Dump saved → debug_logs/fail/tick0181.json
2025-06-29 16:42:35,423 | ERROR   | Solver failed | status=1 | SQP it=0 | KKT=nan | t=0.000s
2025-06-29 16:42:35,423 | ERROR   | Dump saved → debug_logs/fail/tick0182.json
2025-06-29 16:42:35,448 | ERROR   | Solver failed | status=1 | SQP it=0 | KKT=nan | t=0.000s
2025-06-29 16:42:35,449 | ERROR   | Dump saved → debug_logs/fail/tick0183.json
2025-06-29 16:42:35,473 | ERROR   | Solver failed | status=1 | SQP it=0 | KKT=nan | t=0.000s
2025-06-29 16:42:35,474 | ERROR   | Dump saved → debug_logs/fail/tick0184.json
2025-06-29 16:42:35,498 | ERROR   | Solver failed | status=1 | SQP it=0 | KKT=nan | t=0.000s
2025-06-29 16:42:35,499 | ERROR   | Dump saved → debug_logs/fail/tick0185.json
2025-06-29 16:42:35,525 | ERROR   | Solver failed | status=1 | SQP it=0 | KKT=nan | t=0.000s
2025-06-29 16:42:35,525 | ERROR   | Dump saved → debug_logs/fail/tick0186.json
2025-06-29 16:42:35,551 | ERROR   | Solver failed | status=1 | SQP it=0 | KKT=nan | t=0.000s
2025-06-29 16:42:35,551 | ERROR   | Dump saved → debug_logs/fail/tick0187.json
2025-06-29 16:42:36,917 | INFO    | ===== INITIAL STATE DUMP =====
2025-06-29 16:42:36,917 | DEBUG   | {
  "xcurrent": [
    1.0394504070281982,
    1.5837620496749878,
    0.07859178632497787,
    0.0,
    0.0,
    0.0
  ],
  "params": {
    "QC": 10,
    "QL": 40,
    "MU": 10,
    "DVTHETA_MAX": 1.7,
    "N": 20,
    "T_HORIZON": 1.0,
    "RAMP_TIME": 1.8,
    "BW_RAMP": 0.3,
    "BARRIER_WEIGHT": 10,
    "TUNNEL_WIDTH": 0.4,
    "TUNNEL_WIDTH_GATE": 0.15,
    "NARROW_DIST": 0.7,
    "GATE_FLAT_DIST": 0.2,
    "Q_OMEGA": 2,
    "R_VTHETA": 1.0,
    "IN_GATE_RAMP_TIME": 0.3,
    "OUT_GATE_RAMP_TIME": 0.5,
    "REG_THRUST": 0.018,
    "REG_INPUTS": 0.1
  },
  "box_lims": {
    "vtheta_max": 1.7,
    "dvtheta_max": 1.7
  }
}
2025-06-29 16:42:40,043 | ERROR   | Solver failed | status=1 | SQP it=31 | KKT=3.54e-08 | t=0.035s
2025-06-29 16:42:40,044 | ERROR   | Dump saved → debug_logs/fail/tick0101.json
2025-06-29 16:42:40,069 | ERROR   | Solver failed | status=1 | SQP it=0 | KKT=nan | t=0.000s
2025-06-29 16:42:40,070 | ERROR   | Dump saved → debug_logs/fail/tick0102.json
2025-06-29 16:42:40,095 | ERROR   | Solver failed | status=1 | SQP it=0 | KKT=nan | t=0.000s
2025-06-29 16:42:40,095 | ERROR   | Dump saved → debug_logs/fail/tick0103.json
2025-06-29 16:42:40,121 | ERROR   | Solver failed | status=1 | SQP it=0 | KKT=nan | t=0.000s
2025-06-29 16:42:40,122 | ERROR   | Dump saved → debug_logs/fail/tick0104.json
2025-06-29 16:42:40,147 | ERROR   | Solver failed | status=1 | SQP it=0 | KKT=nan | t=0.000s
2025-06-29 16:42:40,148 | ERROR   | Dump saved → debug_logs/fail/tick0105.json
2025-06-29 16:42:40,172 | ERROR   | Solver failed | status=1 | SQP it=0 | KKT=nan | t=0.000s
2025-06-29 16:42:40,173 | ERROR   | Dump saved → debug_logs/fail/tick0106.json
2025-06-29 16:42:40,198 | ERROR   | Solver failed | status=1 | SQP it=0 | KKT=nan | t=0.000s
2025-06-29 16:42:40,199 | ERROR   | Dump saved → debug_logs/fail/tick0107.json
2025-06-29 16:42:40,225 | ERROR   | Solver failed | status=1 | SQP it=0 | KKT=nan | t=0.000s
2025-06-29 16:42:40,226 | ERROR   | Dump saved → debug_logs/fail/tick0108.json
2025-06-29 16:42:40,255 | ERROR   | Solver failed | status=1 | SQP it=0 | KKT=nan | t=0.000s
2025-06-29 16:42:40,256 | ERROR   | Dump saved → debug_logs/fail/tick0109.json
2025-06-29 16:42:40,283 | ERROR   | Solver failed | status=1 | SQP it=0 | KKT=nan | t=0.000s
2025-06-29 16:42:40,284 | ERROR   | Dump saved → debug_logs/fail/tick0110.json
2025-06-29 16:42:40,311 | ERROR   | Solver failed | status=1 | SQP it=0 | KKT=nan | t=0.000s
2025-06-29 16:42:40,312 | ERROR   | Dump saved → debug_logs/fail/tick0111.json
2025-06-29 16:42:40,339 | ERROR   | Solver failed | status=1 | SQP it=0 | KKT=nan | t=0.000s
2025-06-29 16:42:40,340 | ERROR   | Dump saved → debug_logs/fail/tick0112.json
2025-06-29 16:42:40,368 | ERROR   | Solver failed | status=4 | SQP it=1 | KKT=3.62e+02 | t=0.000s
2025-06-29 16:42:40,368 | ERROR   | Dump saved → debug_logs/fail/tick0113.json
2025-06-29 16:42:40,393 | ERROR   | Solver failed | status=4 | SQP it=1 | KKT=3.62e+02 | t=0.000s
2025-06-29 16:42:40,393 | ERROR   | Dump saved → debug_logs/fail/tick0114.json
2025-06-29 16:42:40,418 | ERROR   | Solver failed | status=4 | SQP it=1 | KKT=3.62e+02 | t=0.000s
2025-06-29 16:42:40,419 | ERROR   | Dump saved → debug_logs/fail/tick0115.json
2025-06-29 16:42:40,443 | ERROR   | Solver failed | status=4 | SQP it=1 | KKT=3.57e+02 | t=0.000s
2025-06-29 16:42:40,444 | ERROR   | Dump saved → debug_logs/fail/tick0116.json
2025-06-29 16:42:40,468 | ERROR   | Solver failed | status=4 | SQP it=1 | KKT=3.57e+02 | t=0.000s
2025-06-29 16:42:40,469 | ERROR   | Dump saved → debug_logs/fail/tick0117.json
2025-06-29 16:42:40,493 | ERROR   | Solver failed | status=4 | SQP it=1 | KKT=3.58e+02 | t=0.000s
2025-06-29 16:42:40,493 | ERROR   | Dump saved → debug_logs/fail/tick0118.json
2025-06-29 16:42:40,518 | ERROR   | Solver failed | status=4 | SQP it=1 | KKT=3.58e+02 | t=0.000s
2025-06-29 16:42:40,519 | ERROR   | Dump saved → debug_logs/fail/tick0119.json
2025-06-29 16:42:40,544 | ERROR   | Solver failed | status=4 | SQP it=1 | KKT=3.25e+02 | t=0.000s
2025-06-29 16:42:40,544 | ERROR   | Dump saved → debug_logs/fail/tick0120.json
2025-06-29 16:42:40,572 | ERROR   | Solver failed | status=4 | SQP it=1 | KKT=3.25e+02 | t=0.000s
2025-06-29 16:42:40,573 | ERROR   | Dump saved → debug_logs/fail/tick0121.json
2025-06-29 16:42:40,597 | ERROR   | Solver failed | status=4 | SQP it=1 | KKT=3.25e+02 | t=0.000s
2025-06-29 16:42:40,598 | ERROR   | Dump saved → debug_logs/fail/tick0122.json
2025-06-29 16:42:40,623 | ERROR   | Solver failed | status=4 | SQP it=1 | KKT=3.25e+02 | t=0.000s
2025-06-29 16:42:40,624 | ERROR   | Dump saved → debug_logs/fail/tick0123.json
2025-06-29 16:42:40,649 | ERROR   | Solver failed | status=4 | SQP it=1 | KKT=3.25e+02 | t=0.000s
2025-06-29 16:42:40,650 | ERROR   | Dump saved → debug_logs/fail/tick0124.json
2025-06-29 16:42:40,675 | ERROR   | Solver failed | status=4 | SQP it=1 | KKT=3.23e+02 | t=0.000s
2025-06-29 16:42:40,676 | ERROR   | Dump saved → debug_logs/fail/tick0125.json
2025-06-29 16:42:40,706 | ERROR   | Solver failed | status=4 | SQP it=1 | KKT=3.23e+02 | t=0.000s
2025-06-29 16:42:40,707 | ERROR   | Dump saved → debug_logs/fail/tick0126.json
2025-06-29 16:42:40,733 | ERROR   | Solver failed | status=4 | SQP it=1 | KKT=3.23e+02 | t=0.000s
2025-06-29 16:42:40,733 | ERROR   | Dump saved → debug_logs/fail/tick0127.json
2025-06-29 16:42:40,761 | ERROR   | Solver failed | status=4 | SQP it=1 | KKT=3.23e+02 | t=0.000s
2025-06-29 16:42:40,761 | ERROR   | Dump saved → debug_logs/fail/tick0128.json
2025-06-29 16:42:40,789 | ERROR   | Solver failed | status=4 | SQP it=1 | KKT=3.23e+02 | t=0.000s
2025-06-29 16:42:40,790 | ERROR   | Dump saved → debug_logs/fail/tick0129.json
2025-06-29 16:42:40,814 | ERROR   | Solver failed | status=4 | SQP it=1 | KKT=3.23e+02 | t=0.000s
2025-06-29 16:42:40,815 | ERROR   | Dump saved → debug_logs/fail/tick0130.json
2025-06-29 16:42:40,840 | ERROR   | Solver failed | status=4 | SQP it=1 | KKT=3.21e+02 | t=0.000s
2025-06-29 16:42:40,841 | ERROR   | Dump saved → debug_logs/fail/tick0131.json
2025-06-29 16:42:40,865 | ERROR   | Solver failed | status=4 | SQP it=1 | KKT=3.21e+02 | t=0.000s
2025-06-29 16:42:40,865 | ERROR   | Dump saved → debug_logs/fail/tick0132.json
2025-06-29 16:42:40,890 | ERROR   | Solver failed | status=4 | SQP it=1 | KKT=3.21e+02 | t=0.000s
2025-06-29 16:42:40,891 | ERROR   | Dump saved → debug_logs/fail/tick0133.json
2025-06-29 16:42:40,916 | ERROR   | Solver failed | status=4 | SQP it=1 | KKT=3.21e+02 | t=0.000s
2025-06-29 16:42:40,916 | ERROR   | Dump saved → debug_logs/fail/tick0134.json
2025-06-29 16:42:40,941 | ERROR   | Solver failed | status=4 | SQP it=1 | KKT=3.21e+02 | t=0.000s
2025-06-29 16:42:40,942 | ERROR   | Dump saved → debug_logs/fail/tick0135.json
2025-06-29 16:42:40,966 | ERROR   | Solver failed | status=4 | SQP it=1 | KKT=3.21e+02 | t=0.000s
2025-06-29 16:42:40,967 | ERROR   | Dump saved → debug_logs/fail/tick0136.json
2025-06-29 16:42:40,991 | ERROR   | Solver failed | status=4 | SQP it=1 | KKT=3.21e+02 | t=0.000s
2025-06-29 16:42:40,992 | ERROR   | Dump saved → debug_logs/fail/tick0137.json
2025-06-29 16:42:41,018 | ERROR   | Solver failed | status=4 | SQP it=1 | KKT=3.21e+02 | t=0.000s
2025-06-29 16:42:41,019 | ERROR   | Dump saved → debug_logs/fail/tick0138.json
2025-06-29 16:42:41,045 | ERROR   | Solver failed | status=4 | SQP it=1 | KKT=3.19e+02 | t=0.000s
2025-06-29 16:42:41,045 | ERROR   | Dump saved → debug_logs/fail/tick0139.json
2025-06-29 16:42:41,073 | ERROR   | Solver failed | status=4 | SQP it=1 | KKT=3.19e+02 | t=0.000s
2025-06-29 16:42:41,074 | ERROR   | Dump saved → debug_logs/fail/tick0140.json
2025-06-29 16:42:41,100 | ERROR   | Solver failed | status=4 | SQP it=1 | KKT=3.19e+02 | t=0.000s
2025-06-29 16:42:41,100 | ERROR   | Dump saved → debug_logs/fail/tick0141.json
2025-06-29 16:42:41,127 | ERROR   | Solver failed | status=4 | SQP it=1 | KKT=3.19e+02 | t=0.000s
2025-06-29 16:42:41,127 | ERROR   | Dump saved → debug_logs/fail/tick0142.json
2025-06-29 16:42:41,156 | ERROR   | Solver failed | status=4 | SQP it=1 | KKT=3.19e+02 | t=0.000s
2025-06-29 16:42:41,157 | ERROR   | Dump saved → debug_logs/fail/tick0143.json
2025-06-29 16:42:41,184 | ERROR   | Solver failed | status=4 | SQP it=1 | KKT=3.19e+02 | t=0.000s
2025-06-29 16:42:41,184 | ERROR   | Dump saved → debug_logs/fail/tick0144.json
2025-06-29 16:42:41,212 | ERROR   | Solver failed | status=4 | SQP it=1 | KKT=3.19e+02 | t=0.000s
2025-06-29 16:42:41,213 | ERROR   | Dump saved → debug_logs/fail/tick0145.json
2025-06-29 16:42:41,241 | ERROR   | Solver failed | status=4 | SQP it=1 | KKT=3.19e+02 | t=0.000s
2025-06-29 16:42:41,242 | ERROR   | Dump saved → debug_logs/fail/tick0146.json
2025-06-29 16:42:41,272 | ERROR   | Solver failed | status=4 | SQP it=1 | KKT=3.19e+02 | t=0.000s
2025-06-29 16:42:41,273 | ERROR   | Dump saved → debug_logs/fail/tick0147.json
2025-06-29 16:42:41,297 | ERROR   | Solver failed | status=4 | SQP it=1 | KKT=3.19e+02 | t=0.000s
2025-06-29 16:42:41,297 | ERROR   | Dump saved → debug_logs/fail/tick0148.json
2025-06-29 16:42:41,322 | ERROR   | Solver failed | status=4 | SQP it=1 | KKT=3.13e+02 | t=0.000s
2025-06-29 16:42:41,323 | ERROR   | Dump saved → debug_logs/fail/tick0149.json
2025-06-29 16:42:41,347 | ERROR   | Solver failed | status=4 | SQP it=1 | KKT=3.13e+02 | t=0.000s
2025-06-29 16:42:41,348 | ERROR   | Dump saved → debug_logs/fail/tick0150.json
2025-06-29 16:42:41,372 | ERROR   | Solver failed | status=4 | SQP it=1 | KKT=3.13e+02 | t=0.000s
2025-06-29 16:42:41,373 | ERROR   | Dump saved → debug_logs/fail/tick0151.json
2025-06-29 16:42:41,397 | ERROR   | Solver failed | status=4 | SQP it=1 | KKT=3.13e+02 | t=0.000s
2025-06-29 16:42:41,397 | ERROR   | Dump saved → debug_logs/fail/tick0152.json
2025-06-29 16:42:41,422 | ERROR   | Solver failed | status=4 | SQP it=1 | KKT=3.13e+02 | t=0.000s
2025-06-29 16:42:41,423 | ERROR   | Dump saved → debug_logs/fail/tick0153.json
2025-06-29 16:42:41,448 | ERROR   | Solver failed | status=4 | SQP it=1 | KKT=3.13e+02 | t=0.000s
2025-06-29 16:42:41,448 | ERROR   | Dump saved → debug_logs/fail/tick0154.json
2025-06-29 16:42:41,474 | ERROR   | Solver failed | status=4 | SQP it=1 | KKT=3.13e+02 | t=0.000s
2025-06-29 16:42:41,474 | ERROR   | Dump saved → debug_logs/fail/tick0155.json
2025-06-29 16:42:41,499 | ERROR   | Solver failed | status=4 | SQP it=1 | KKT=3.13e+02 | t=0.000s
2025-06-29 16:42:41,500 | ERROR   | Dump saved → debug_logs/fail/tick0156.json
2025-06-29 16:42:41,524 | ERROR   | Solver failed | status=4 | SQP it=1 | KKT=3.13e+02 | t=0.000s
2025-06-29 16:42:41,525 | ERROR   | Dump saved → debug_logs/fail/tick0157.json
2025-06-29 16:42:41,552 | ERROR   | Solver failed | status=4 | SQP it=1 | KKT=3.13e+02 | t=0.000s
2025-06-29 16:42:41,552 | ERROR   | Dump saved → debug_logs/fail/tick0158.json
2025-06-29 16:42:41,579 | ERROR   | Solver failed | status=4 | SQP it=1 | KKT=3.13e+02 | t=0.000s
2025-06-29 16:42:41,579 | ERROR   | Dump saved → debug_logs/fail/tick0159.json
2025-06-29 16:42:41,606 | ERROR   | Solver failed | status=4 | SQP it=1 | KKT=3.13e+02 | t=0.000s
2025-06-29 16:42:41,606 | ERROR   | Dump saved → debug_logs/fail/tick0160.json
2025-06-29 16:42:41,633 | ERROR   | Solver failed | status=4 | SQP it=1 | KKT=3.13e+02 | t=0.000s
2025-06-29 16:42:41,634 | ERROR   | Dump saved → debug_logs/fail/tick0161.json
2025-06-29 16:42:41,660 | ERROR   | Solver failed | status=4 | SQP it=1 | KKT=3.13e+02 | t=0.000s
2025-06-29 16:42:41,661 | ERROR   | Dump saved → debug_logs/fail/tick0162.json
2025-06-29 16:42:41,689 | ERROR   | Solver failed | status=4 | SQP it=1 | KKT=3.13e+02 | t=0.000s
2025-06-29 16:42:41,690 | ERROR   | Dump saved → debug_logs/fail/tick0163.json
2025-06-29 16:42:41,714 | ERROR   | Solver failed | status=4 | SQP it=1 | KKT=3.13e+02 | t=0.000s
2025-06-29 16:42:41,714 | ERROR   | Dump saved → debug_logs/fail/tick0164.json
2025-06-29 16:42:41,739 | ERROR   | Solver failed | status=4 | SQP it=1 | KKT=3.13e+02 | t=0.000s
2025-06-29 16:42:41,740 | ERROR   | Dump saved → debug_logs/fail/tick0165.json
2025-06-29 16:42:41,764 | ERROR   | Solver failed | status=4 | SQP it=1 | KKT=3.13e+02 | t=0.000s
2025-06-29 16:42:41,765 | ERROR   | Dump saved → debug_logs/fail/tick0166.json
2025-06-29 16:42:41,789 | ERROR   | Solver failed | status=4 | SQP it=1 | KKT=3.13e+02 | t=0.000s
2025-06-29 16:42:41,790 | ERROR   | Dump saved → debug_logs/fail/tick0167.json
2025-06-29 16:42:41,815 | ERROR   | Solver failed | status=4 | SQP it=1 | KKT=3.13e+02 | t=0.000s
2025-06-29 16:42:41,816 | ERROR   | Dump saved → debug_logs/fail/tick0168.json
2025-06-29 16:42:41,840 | ERROR   | Solver failed | status=4 | SQP it=1 | KKT=3.13e+02 | t=0.000s
2025-06-29 16:42:41,841 | ERROR   | Dump saved → debug_logs/fail/tick0169.json
2025-06-29 16:42:41,866 | ERROR   | Solver failed | status=4 | SQP it=1 | KKT=3.13e+02 | t=0.000s
2025-06-29 16:42:41,867 | ERROR   | Dump saved → debug_logs/fail/tick0170.json
2025-06-29 16:42:41,892 | ERROR   | Solver failed | status=4 | SQP it=1 | KKT=3.13e+02 | t=0.000s
2025-06-29 16:42:41,892 | ERROR   | Dump saved → debug_logs/fail/tick0171.json
2025-06-29 16:42:41,918 | ERROR   | Solver failed | status=4 | SQP it=1 | KKT=3.13e+02 | t=0.000s
2025-06-29 16:42:41,919 | ERROR   | Dump saved → debug_logs/fail/tick0172.json
2025-06-29 16:42:43,298 | INFO    | ===== INITIAL STATE DUMP =====
2025-06-29 16:42:43,299 | DEBUG   | {
  "xcurrent": [
    0.9535456299781799,
    1.5069242715835571,
    0.0716252326965332,
    0.0,
    0.0,
    0.0
  ],
  "params": {
    "QC": 10,
    "QL": 40,
    "MU": 10,
    "DVTHETA_MAX": 1.7,
    "N": 20,
    "T_HORIZON": 1.0,
    "RAMP_TIME": 1.8,
    "BW_RAMP": 0.3,
    "BARRIER_WEIGHT": 10,
    "TUNNEL_WIDTH": 0.4,
    "TUNNEL_WIDTH_GATE": 0.15,
    "NARROW_DIST": 0.7,
    "GATE_FLAT_DIST": 0.2,
    "Q_OMEGA": 2,
    "R_VTHETA": 1.0,
    "IN_GATE_RAMP_TIME": 0.3,
    "OUT_GATE_RAMP_TIME": 0.5,
    "REG_THRUST": 0.018,
    "REG_INPUTS": 0.1
  },
  "box_lims": {
    "vtheta_max": 1.7,
    "dvtheta_max": 1.7
  }
}
2025-06-29 16:42:46,388 | ERROR   | Solver failed | status=1 | SQP it=20 | KKT=2.02e-08 | t=0.018s
2025-06-29 16:42:46,388 | ERROR   | Dump saved → debug_logs/fail/tick0096.json
2025-06-29 16:42:46,414 | ERROR   | Solver failed | status=1 | SQP it=0 | KKT=nan | t=0.000s
2025-06-29 16:42:46,415 | ERROR   | Dump saved → debug_logs/fail/tick0097.json
2025-06-29 16:42:46,442 | ERROR   | Solver failed | status=1 | SQP it=0 | KKT=nan | t=0.000s
2025-06-29 16:42:46,442 | ERROR   | Dump saved → debug_logs/fail/tick0098.json
2025-06-29 16:42:46,473 | ERROR   | Solver failed | status=1 | SQP it=0 | KKT=nan | t=0.000s
2025-06-29 16:42:46,474 | ERROR   | Dump saved → debug_logs/fail/tick0099.json
2025-06-29 16:42:46,501 | ERROR   | Solver failed | status=1 | SQP it=0 | KKT=nan | t=0.000s
2025-06-29 16:42:46,502 | ERROR   | Dump saved → debug_logs/fail/tick0100.json
2025-06-29 16:42:46,529 | ERROR   | Solver failed | status=1 | SQP it=0 | KKT=nan | t=0.000s
2025-06-29 16:42:46,530 | ERROR   | Dump saved → debug_logs/fail/tick0101.json
2025-06-29 16:42:46,557 | ERROR   | Solver failed | status=1 | SQP it=0 | KKT=nan | t=0.000s
2025-06-29 16:42:46,558 | ERROR   | Dump saved → debug_logs/fail/tick0102.json
2025-06-29 16:42:46,585 | ERROR   | Solver failed | status=1 | SQP it=0 | KKT=nan | t=0.000s
2025-06-29 16:42:46,586 | ERROR   | Dump saved → debug_logs/fail/tick0103.json
2025-06-29 16:42:46,618 | ERROR   | Solver failed | status=1 | SQP it=0 | KKT=nan | t=0.000s
2025-06-29 16:42:46,618 | ERROR   | Dump saved → debug_logs/fail/tick0104.json
2025-06-29 16:42:46,651 | ERROR   | Solver failed | status=1 | SQP it=0 | KKT=nan | t=0.000s
2025-06-29 16:42:46,652 | ERROR   | Dump saved → debug_logs/fail/tick0105.json
2025-06-29 16:42:46,685 | ERROR   | Solver failed | status=1 | SQP it=0 | KKT=nan | t=0.000s
2025-06-29 16:42:46,685 | ERROR   | Dump saved → debug_logs/fail/tick0106.json
2025-06-29 16:42:46,717 | ERROR   | Solver failed | status=1 | SQP it=0 | KKT=nan | t=0.000s
2025-06-29 16:42:46,718 | ERROR   | Dump saved → debug_logs/fail/tick0107.json
2025-06-29 16:42:46,743 | ERROR   | Solver failed | status=4 | SQP it=1 | KKT=2.12e+02 | t=0.000s
2025-06-29 16:42:46,744 | ERROR   | Dump saved → debug_logs/fail/tick0108.json
2025-06-29 16:42:46,772 | ERROR   | Solver failed | status=4 | SQP it=1 | KKT=2.12e+02 | t=0.000s
2025-06-29 16:42:46,773 | ERROR   | Dump saved → debug_logs/fail/tick0109.json
2025-06-29 16:42:46,801 | ERROR   | Solver failed | status=4 | SQP it=1 | KKT=2.13e+02 | t=0.000s
2025-06-29 16:42:46,802 | ERROR   | Dump saved → debug_logs/fail/tick0110.json
2025-06-29 16:42:46,827 | ERROR   | Solver failed | status=4 | SQP it=1 | KKT=2.13e+02 | t=0.000s
2025-06-29 16:42:46,828 | ERROR   | Dump saved → debug_logs/fail/tick0111.json
2025-06-29 16:42:46,855 | ERROR   | Solver failed | status=4 | SQP it=1 | KKT=2.12e+02 | t=0.000s
2025-06-29 16:42:46,856 | ERROR   | Dump saved → debug_logs/fail/tick0112.json
2025-06-29 16:42:46,883 | ERROR   | Solver failed | status=4 | SQP it=1 | KKT=2.12e+02 | t=0.000s
2025-06-29 16:42:46,884 | ERROR   | Dump saved → debug_logs/fail/tick0113.json
2025-06-29 16:42:46,911 | ERROR   | Solver failed | status=4 | SQP it=1 | KKT=2.12e+02 | t=0.000s
2025-06-29 16:42:46,912 | ERROR   | Dump saved → debug_logs/fail/tick0114.json
2025-06-29 16:42:46,939 | ERROR   | Solver failed | status=4 | SQP it=1 | KKT=1.85e+02 | t=0.000s
2025-06-29 16:42:46,939 | ERROR   | Dump saved → debug_logs/fail/tick0115.json
2025-06-29 16:42:46,968 | ERROR   | Solver failed | status=4 | SQP it=1 | KKT=2.09e+02 | t=0.000s
2025-06-29 16:42:46,969 | ERROR   | Dump saved → debug_logs/fail/tick0116.json
2025-06-29 16:42:46,995 | ERROR   | Solver failed | status=4 | SQP it=1 | KKT=2.15e+02 | t=0.000s
2025-06-29 16:42:46,996 | ERROR   | Dump saved → debug_logs/fail/tick0117.json
2025-06-29 16:42:47,024 | ERROR   | Solver failed | status=1 | SQP it=0 | KKT=nan | t=0.000s
2025-06-29 16:42:47,024 | ERROR   | Dump saved → debug_logs/fail/tick0118.json
2025-06-29 16:42:47,052 | ERROR   | Solver failed | status=1 | SQP it=0 | KKT=nan | t=0.000s
2025-06-29 16:42:47,052 | ERROR   | Dump saved → debug_logs/fail/tick0119.json
2025-06-29 16:42:47,084 | ERROR   | Solver failed | status=1 | SQP it=0 | KKT=nan | t=0.000s
2025-06-29 16:42:47,085 | ERROR   | Dump saved → debug_logs/fail/tick0120.json
2025-06-29 16:42:47,112 | ERROR   | Solver failed | status=1 | SQP it=0 | KKT=nan | t=0.000s
2025-06-29 16:42:47,113 | ERROR   | Dump saved → debug_logs/fail/tick0121.json
2025-06-29 16:42:47,142 | ERROR   | Solver failed | status=1 | SQP it=0 | KKT=nan | t=0.000s
2025-06-29 16:42:47,142 | ERROR   | Dump saved → debug_logs/fail/tick0122.json
2025-06-29 16:42:47,168 | ERROR   | Solver failed | status=1 | SQP it=0 | KKT=nan | t=0.000s
2025-06-29 16:42:47,168 | ERROR   | Dump saved → debug_logs/fail/tick0123.json
2025-06-29 16:42:47,192 | ERROR   | Solver failed | status=1 | SQP it=0 | KKT=nan | t=0.000s
2025-06-29 16:42:47,193 | ERROR   | Dump saved → debug_logs/fail/tick0124.json
2025-06-29 16:42:47,217 | ERROR   | Solver failed | status=1 | SQP it=0 | KKT=nan | t=0.000s
2025-06-29 16:42:47,218 | ERROR   | Dump saved → debug_logs/fail/tick0125.json
2025-06-29 16:42:47,244 | ERROR   | Solver failed | status=1 | SQP it=0 | KKT=nan | t=0.000s
2025-06-29 16:42:47,245 | ERROR   | Dump saved → debug_logs/fail/tick0126.json
2025-06-29 16:42:47,272 | ERROR   | Solver failed | status=1 | SQP it=0 | KKT=nan | t=0.000s
2025-06-29 16:42:47,273 | ERROR   | Dump saved → debug_logs/fail/tick0127.json
2025-06-29 16:42:47,301 | ERROR   | Solver failed | status=1 | SQP it=0 | KKT=nan | t=0.000s
2025-06-29 16:42:47,301 | ERROR   | Dump saved → debug_logs/fail/tick0128.json
2025-06-29 16:42:47,327 | ERROR   | Solver failed | status=1 | SQP it=0 | KKT=nan | t=0.000s
2025-06-29 16:42:47,328 | ERROR   | Dump saved → debug_logs/fail/tick0129.json
2025-06-29 16:42:47,356 | ERROR   | Solver failed | status=1 | SQP it=0 | KKT=nan | t=0.000s
2025-06-29 16:42:47,357 | ERROR   | Dump saved → debug_logs/fail/tick0130.json
2025-06-29 16:42:47,381 | ERROR   | Solver failed | status=1 | SQP it=0 | KKT=nan | t=0.000s
2025-06-29 16:42:47,382 | ERROR   | Dump saved → debug_logs/fail/tick0131.json
2025-06-29 16:42:47,408 | ERROR   | Solver failed | status=1 | SQP it=0 | KKT=nan | t=0.000s
2025-06-29 16:42:47,409 | ERROR   | Dump saved → debug_logs/fail/tick0132.json
2025-06-29 16:42:47,434 | ERROR   | Solver failed | status=1 | SQP it=0 | KKT=nan | t=0.000s
2025-06-29 16:42:47,435 | ERROR   | Dump saved → debug_logs/fail/tick0133.json
2025-06-29 16:42:48,811 | INFO    | ===== INITIAL STATE DUMP =====
2025-06-29 16:42:48,812 | DEBUG   | {
  "xcurrent": [
    1.0841596126556396,
    1.4556081295013428,
    0.0791262835264206,
    0.0,
    0.0,
    0.0
  ],
  "params": {
    "QC": 10,
    "QL": 40,
    "MU": 10,
    "DVTHETA_MAX": 1.7,
    "N": 20,
    "T_HORIZON": 1.0,
    "RAMP_TIME": 1.8,
    "BW_RAMP": 0.3,
    "BARRIER_WEIGHT": 10,
    "TUNNEL_WIDTH": 0.4,
    "TUNNEL_WIDTH_GATE": 0.15,
    "NARROW_DIST": 0.7,
    "GATE_FLAT_DIST": 0.2,
    "Q_OMEGA": 2,
    "R_VTHETA": 1.0,
    "IN_GATE_RAMP_TIME": 0.3,
    "OUT_GATE_RAMP_TIME": 0.5,
    "REG_THRUST": 0.018,
    "REG_INPUTS": 0.1
  },
  "box_lims": {
    "vtheta_max": 1.7,
    "dvtheta_max": 1.7
  }
}
2025-06-29 16:42:49,578 | ERROR   | Solver failed | status=2 | SQP it=1000 | KKT=4.28e-08 | t=0.764s
2025-06-29 16:42:49,582 | ERROR   | Dump saved → debug_logs/fail/tick0000.json
