2025-06-25 15:42:56,533 | INFO    | ===== INITIAL STATE DUMP =====
2025-06-25 15:42:56,534 | DEBUG   | {
  "xcurrent": [
    1.089695930480957,
    1.4088244438171387,
    0.08456537127494812,
    0.0,
    0.0,
    0.0
  ],
  "params": {
    "QC": 10,
    "QC_GATE": 50,
    "QL": 40,
    "MU": 10,
    "DVTHETA_MAX": 1.7,
    "N": 15,
    "T_HORIZON": 0.8,
    "RAMP_TIME": 1.8,
    "BARRIER_WEIGHT": 10,
    "TUNNEL_WIDTH": 0.5,
    "TUNNEL_WIDTH_GATE": 0.15,
    "NARROW_DIST": 0.7,
    "GATE_FLAT_DIST": 0.2,
    "Q_OMEGA": 2,
    "R_VTHETA": 1.0,
    "IN_GATE_RAMP_TIME": 0.3,
    "OUT_GATE_RAMP_TIME": 0.5
  },
  "box_lims": {
    "vtheta_max": 1.7,
    "dvtheta_max": 1.7
  }
}
2025-06-25 15:43:15,188 | INFO    | ===== INITIAL STATE DUMP =====
2025-06-25 15:43:15,188 | DEBUG   | {
  "xcurrent": [
    1.0936769247055054,
    1.4891141653060913,
    0.07114263623952866,
    0.0,
    0.0,
    0.0
  ],
  "params": {
    "QC": 10,
    "QC_GATE": 50,
    "QL": 40,
    "MU": 10,
    "DVTHETA_MAX": 1.7,
    "N": 15,
    "T_HORIZON": 0.8,
    "RAMP_TIME": 1.8,
    "BARRIER_WEIGHT": 10,
    "TUNNEL_WIDTH": 0.5,
    "TUNNEL_WIDTH_GATE": 0.15,
    "NARROW_DIST": 0.7,
    "GATE_FLAT_DIST": 0.2,
    "Q_OMEGA": 2,
    "R_VTHETA": 1.0,
    "IN_GATE_RAMP_TIME": 0.3,
    "OUT_GATE_RAMP_TIME": 0.5
  },
  "box_lims": {
    "vtheta_max": 1.7,
    "dvtheta_max": 1.7
  }
}
2025-06-25 15:43:18,412 | ERROR   | Solver failed | status=2 | SQP it=1000 | KKT=1.61e-08 | t=0.363s
2025-06-25 15:43:18,414 | ERROR   | Dump saved → debug_logs/fail/tick0101.json
2025-06-25 15:43:20,241 | INFO    | ===== INITIAL STATE DUMP =====
2025-06-25 15:43:20,242 | DEBUG   | {
  "xcurrent": [
    1.0209063291549683,
    1.4155184030532837,
    0.0748618021607399,
    0.0,
    0.0,
    0.0
  ],
  "params": {
    "QC": 10,
    "QC_GATE": 50,
    "QL": 40,
    "MU": 10,
    "DVTHETA_MAX": 1.7,
    "N": 15,
    "T_HORIZON": 0.8,
    "RAMP_TIME": 1.8,
    "BARRIER_WEIGHT": 10,
    "TUNNEL_WIDTH": 0.5,
    "TUNNEL_WIDTH_GATE": 0.15,
    "NARROW_DIST": 0.7,
    "GATE_FLAT_DIST": 0.2,
    "Q_OMEGA": 2,
    "R_VTHETA": 1.0,
    "IN_GATE_RAMP_TIME": 0.3,
    "OUT_GATE_RAMP_TIME": 0.5
  },
  "box_lims": {
    "vtheta_max": 1.7,
    "dvtheta_max": 1.7
  }
}
2025-06-25 15:43:23,399 | ERROR   | Solver failed | status=2 | SQP it=1000 | KKT=8.52e-08 | t=0.362s
2025-06-25 15:43:23,402 | ERROR   | Dump saved → debug_logs/fail/tick0097.json
2025-06-25 15:43:23,923 | ERROR   | Solver failed | status=2 | SQP it=1000 | KKT=2.79e-08 | t=0.409s
2025-06-25 15:43:23,924 | ERROR   | Dump saved → debug_logs/fail/tick0101.json
