2025-06-08 22:29:46,499 | INFO    | ===== INITIAL STATE DUMP =====
2025-06-08 22:29:46,499 | DEBUG   | {
  "xcurrent": [
    1.089695930480957,
    1.4088244438171387,
    0.08456537127494812,
    0.0,
    0.0,
    0.0
  ],
  "params": {
    "QC": 10,
    "QL": 80,
    "MU": 10,
    "DVTHETA_MAX": 1.0,
    "N": 20,
    "T_HORIZON": 1.5,
    "RAMP_TIME": 1.8,
    "BARRIER_WEIGHT": 10,
    "TUNNEL_WIDTH": 0.4,
    "TUNNEL_WIDTH_GATE": 0.25,
    "Q_OMEGA": 2,
    "R_VTHETA": 1.0,
    "IN_GATE_RAMP_TIME": 0.4,
    "OUT_GATE_RAMP_TIME": 3
  },
  "box_lims": {
    "vtheta_max": 1.0,
    "dvtheta_max": 1.0
  }
}
2025-06-08 22:29:59,144 | ERROR   | Solver failed | status=1 | SQP it=5 | KKT=0.00e+00 | t=0.006s
2025-06-08 22:29:59,145 | ERROR   | Dump saved → debug_logs/fail/tick0068.json
2025-06-08 22:29:59,178 | ERROR   | Solver failed | status=1 | SQP it=0 | KKT=nan | t=0.000s
2025-06-08 22:29:59,179 | ERROR   | Dump saved → debug_logs/fail/tick0069.json
2025-06-08 22:29:59,206 | ERROR   | Solver failed | status=1 | SQP it=0 | KKT=nan | t=0.000s
2025-06-08 22:29:59,207 | ERROR   | Dump saved → debug_logs/fail/tick0070.json
