2025-06-30 18:36:48,423 | INFO    | ===== INITIAL STATE DUMP =====
2025-06-30 18:36:48,424 | DEBUG   | {
  "xcurrent": [
    1.089695930480957,
    1.4088244438171387,
    0.08456537127494812,
    0.0,
    0.0,
    0.0
  ],
  "params": {
    "QC": 10,
    "QL": 40,
    "MU": 10,
    "DVTHETA_MAX": 1.0,
    "N": 20,
    "T_HORIZON": 0.7,
    "RAMP_TIME": 1.8,
    "BW_RAMP": 1,
    "BARRIER_WEIGHT": 100,
    "TUNNEL_WIDTH": 0.4,
    "TUNNEL_WIDTH_GATE": 0.15,
    "NARROW_DIST": 0.7,
    "GATE_FLAT_DIST": 0.1,
    "Q_OMEGA": 0,
    "R_VTHETA": 1.0,
    "REG_THRUST": 1e-06,
    "REG_INPUTS": 0.09
  },
  "box_lims": {
    "vtheta_max": 1.0,
    "dvtheta_max": 1.0
  }
}
2025-06-30 18:36:48,467 | ERROR   | Solver failed | status=4 | SQP it=49 | KKT=9.24e-08 | t=0.040s
2025-06-30 18:36:48,468 | ERROR   | Dump saved → debug_logs/fail/tick0000.json
2025-06-30 18:36:49,634 | ERROR   | Solver failed | status=4 | SQP it=132 | KKT=4.86e-08 | t=0.082s
2025-06-30 18:36:49,635 | ERROR   | Dump saved → debug_logs/fail/tick0001.json
