2025-06-28 20:21:07,000 | INFO    | ===== INITIAL STATE DUMP =====
2025-06-28 20:21:07,000 | DEBUG   | {
  "xcurrent": [
    1.089695930480957,
    1.4088244438171387,
    0.08456537127494812,
    0.0,
    0.0,
    0.0
  ],
  "params": {
    "QC": 10,
    "QC_GATE": 50,
    "QL": 40,
    "MU": 10,
    "DVTHETA_MAX": 1.6,
    "N": 20,
    "T_HORIZON": 0.7,
    "RAMP_TIME": 0.7,
    "BARRIER_WEIGHT": 10,
    "OBSTACLE_WEIGHT": [
      10,
      100,
      10,
      10
    ],
    "OBSTACLE_RADIUS": 0.3,
    "OBSTACLE_ALPHA": 100.0,
    "TUNNEL_WIDTH": 0.4,
    "TUNNEL_WIDTH_GATE": 0.15,
    "NARROW_DIST": 0.6,
    "GATE_FLAT_DIST": 0.45,
    "Q_OMEGA": 2,
    "R_VTHETA": 1.0,
    "REG_THRUST": 0.02,
    "REG_INPUTS": 0.8
  },
  "box_lims": {
    "vtheta_max": 1.6,
    "dvtheta_max": 1.6
  }
}
2025-06-28 20:21:28,453 | INFO    | ===== INITIAL STATE DUMP =====
2025-06-28 20:21:28,454 | DEBUG   | {
  "xcurrent": [
    1.0869777202606201,
    1.4610648155212402,
    0.08122343569993973,
    0.0,
    0.0,
    0.0
  ],
  "params": {
    "QC": 10,
    "QC_GATE": 50,
    "QL": 40,
    "MU": 10,
    "DVTHETA_MAX": 1.6,
    "N": 20,
    "T_HORIZON": 0.7,
    "RAMP_TIME": 0.7,
    "BARRIER_WEIGHT": 10,
    "OBSTACLE_WEIGHT": [
      10,
      100,
      10,
      10
    ],
    "OBSTACLE_RADIUS": 0.3,
    "OBSTACLE_ALPHA": 100.0,
    "TUNNEL_WIDTH": 0.4,
    "TUNNEL_WIDTH_GATE": 0.15,
    "NARROW_DIST": 0.6,
    "GATE_FLAT_DIST": 0.45,
    "Q_OMEGA": 2,
    "R_VTHETA": 1.0,
    "REG_THRUST": 0.02,
    "REG_INPUTS": 0.8
  },
  "box_lims": {
    "vtheta_max": 1.6,
    "dvtheta_max": 1.6
  }
}
2025-06-28 20:21:34,012 | INFO    | ===== INITIAL STATE DUMP =====
2025-06-28 20:21:34,013 | DEBUG   | {
  "xcurrent": [
    0.9185207486152649,
    1.5193489789962769,
    0.07354234158992767,
    0.0,
    0.0,
    0.0
  ],
  "params": {
    "QC": 10,
    "QC_GATE": 50,
    "QL": 40,
    "MU": 10,
    "DVTHETA_MAX": 1.6,
    "N": 20,
    "T_HORIZON": 0.7,
    "RAMP_TIME": 0.7,
    "BARRIER_WEIGHT": 10,
    "OBSTACLE_WEIGHT": [
      10,
      100,
      10,
      10
    ],
    "OBSTACLE_RADIUS": 0.3,
    "OBSTACLE_ALPHA": 100.0,
    "TUNNEL_WIDTH": 0.4,
    "TUNNEL_WIDTH_GATE": 0.15,
    "NARROW_DIST": 0.6,
    "GATE_FLAT_DIST": 0.45,
    "Q_OMEGA": 2,
    "R_VTHETA": 1.0,
    "REG_THRUST": 0.02,
    "REG_INPUTS": 0.8
  },
  "box_lims": {
    "vtheta_max": 1.6,
    "dvtheta_max": 1.6
  }
}
2025-06-28 20:21:38,699 | ERROR   | Solver failed | status=2 | SQP it=1000 | KKT=4.98e-15 | t=0.547s
2025-06-28 20:21:38,700 | ERROR   | Dump saved → debug_logs/fail/tick0115.json
2025-06-28 20:21:39,319 | ERROR   | Solver failed | status=2 | SQP it=1000 | KKT=2.48e-11 | t=0.579s
2025-06-28 20:21:39,320 | ERROR   | Dump saved → debug_logs/fail/tick0116.json
2025-06-28 20:21:39,897 | ERROR   | Solver failed | status=2 | SQP it=1000 | KKT=1.12e-11 | t=0.545s
2025-06-28 20:21:39,898 | ERROR   | Dump saved → debug_logs/fail/tick0117.json
2025-06-28 20:21:40,500 | ERROR   | Solver failed | status=2 | SQP it=1000 | KKT=1.12e-12 | t=0.565s
2025-06-28 20:21:40,501 | ERROR   | Dump saved → debug_logs/fail/tick0118.json
2025-06-28 20:21:41,109 | ERROR   | Solver failed | status=2 | SQP it=1000 | KKT=1.14e-11 | t=0.573s
2025-06-28 20:21:41,109 | ERROR   | Dump saved → debug_logs/fail/tick0119.json
2025-06-28 20:21:41,712 | ERROR   | Solver failed | status=2 | SQP it=1000 | KKT=2.61e-12 | t=0.559s
2025-06-28 20:21:41,712 | ERROR   | Dump saved → debug_logs/fail/tick0120.json
2025-06-28 20:21:43,830 | INFO    | ===== INITIAL STATE DUMP =====
2025-06-28 20:21:43,830 | DEBUG   | {
  "xcurrent": [
    0.9025107026100159,
    1.558644413948059,
    0.08376073837280273,
    0.0,
    0.0,
    0.0
  ],
  "params": {
    "QC": 10,
    "QC_GATE": 50,
    "QL": 40,
    "MU": 10,
    "DVTHETA_MAX": 1.6,
    "N": 20,
    "T_HORIZON": 0.7,
    "RAMP_TIME": 0.7,
    "BARRIER_WEIGHT": 10,
    "OBSTACLE_WEIGHT": [
      10,
      100,
      10,
      10
    ],
    "OBSTACLE_RADIUS": 0.3,
    "OBSTACLE_ALPHA": 100.0,
    "TUNNEL_WIDTH": 0.4,
    "TUNNEL_WIDTH_GATE": 0.15,
    "NARROW_DIST": 0.6,
    "GATE_FLAT_DIST": 0.45,
    "Q_OMEGA": 2,
    "R_VTHETA": 1.0,
    "REG_THRUST": 0.02,
    "REG_INPUTS": 0.8
  },
  "box_lims": {
    "vtheta_max": 1.6,
    "dvtheta_max": 1.6
  }
}
2025-06-28 20:21:49,575 | INFO    | ===== INITIAL STATE DUMP =====
2025-06-28 20:21:49,576 | DEBUG   | {
  "xcurrent": [
    1.0457662343978882,
    1.5076212882995605,
    0.08569300174713135,
    0.0,
    0.0,
    0.0
  ],
  "params": {
    "QC": 10,
    "QC_GATE": 50,
    "QL": 40,
    "MU": 10,
    "DVTHETA_MAX": 1.6,
    "N": 20,
    "T_HORIZON": 0.7,
    "RAMP_TIME": 0.7,
    "BARRIER_WEIGHT": 10,
    "OBSTACLE_WEIGHT": [
      10,
      100,
      10,
      10
    ],
    "OBSTACLE_RADIUS": 0.3,
    "OBSTACLE_ALPHA": 100.0,
    "TUNNEL_WIDTH": 0.4,
    "TUNNEL_WIDTH_GATE": 0.15,
    "NARROW_DIST": 0.6,
    "GATE_FLAT_DIST": 0.45,
    "Q_OMEGA": 2,
    "R_VTHETA": 1.0,
    "REG_THRUST": 0.02,
    "REG_INPUTS": 0.8
  },
  "box_lims": {
    "vtheta_max": 1.6,
    "dvtheta_max": 1.6
  }
}
2025-06-28 20:21:54,817 | INFO    | ===== INITIAL STATE DUMP =====
2025-06-28 20:21:54,818 | DEBUG   | {
  "xcurrent": [
    1.0553739070892334,
    1.5268207788467407,
    0.08845227211713791,
    0.0,
    0.0,
    0.0
  ],
  "params": {
    "QC": 10,
    "QC_GATE": 50,
    "QL": 40,
    "MU": 10,
    "DVTHETA_MAX": 1.6,
    "N": 20,
    "T_HORIZON": 0.7,
    "RAMP_TIME": 0.7,
    "BARRIER_WEIGHT": 10,
    "OBSTACLE_WEIGHT": [
      10,
      100,
      10,
      10
    ],
    "OBSTACLE_RADIUS": 0.3,
    "OBSTACLE_ALPHA": 100.0,
    "TUNNEL_WIDTH": 0.4,
    "TUNNEL_WIDTH_GATE": 0.15,
    "NARROW_DIST": 0.6,
    "GATE_FLAT_DIST": 0.45,
    "Q_OMEGA": 2,
    "R_VTHETA": 1.0,
    "REG_THRUST": 0.02,
    "REG_INPUTS": 0.8
  },
  "box_lims": {
    "vtheta_max": 1.6,
    "dvtheta_max": 1.6
  }
}
2025-06-28 20:22:02,431 | INFO    | ===== INITIAL STATE DUMP =====
2025-06-28 20:22:02,431 | DEBUG   | {
  "xcurrent": [
    1.0826609134674072,
    1.483515977859497,
    0.08019985258579254,
    0.0,
    0.0,
    0.0
  ],
  "params": {
    "QC": 10,
    "QC_GATE": 50,
    "QL": 40,
    "MU": 10,
    "DVTHETA_MAX": 1.6,
    "N": 20,
    "T_HORIZON": 0.7,
    "RAMP_TIME": 0.7,
    "BARRIER_WEIGHT": 10,
    "OBSTACLE_WEIGHT": [
      10,
      100,
      10,
      10
    ],
    "OBSTACLE_RADIUS": 0.3,
    "OBSTACLE_ALPHA": 100.0,
    "TUNNEL_WIDTH": 0.4,
    "TUNNEL_WIDTH_GATE": 0.15,
    "NARROW_DIST": 0.6,
    "GATE_FLAT_DIST": 0.45,
    "Q_OMEGA": 2,
    "R_VTHETA": 1.0,
    "REG_THRUST": 0.02,
    "REG_INPUTS": 0.8
  },
  "box_lims": {
    "vtheta_max": 1.6,
    "dvtheta_max": 1.6
  }
}
