2025-06-06 18:07:57,539 | INFO    | ===== INITIAL STATE DUMP =====
2025-06-06 18:07:57,539 | DEBUG   | {
  "xcurrent": [
    1.089695930480957,
    1.4088244438171387,
    0.08456537127494812,
    0.0,
    0.0,
    0.0
  ],
  "params": {
    "QC": 10,
    "QL": 80,
    "MU": 10,
    "DVTHETA_MAX": 1.0,
    "N": 20,
    "T_HORIZON": 1.05,
    "RAMP_TIME": 1.8,
    "BARRIER_WEIGHT": 10,
    "TUNNEL_WIDTH": 0.45,
    "TUNNEL_WIDTH_GATE": 0.25,
    "Q_OMEGA": 2,
    "R_VTHETA": 1.0,
    "IN_GATE_RAMP_TIME": 0.4,
    "OUT_GATE_RAMP_TIME": 0.4
  },
  "box_lims": {
    "vtheta_max": 1.0,
    "dvtheta_max": 1.0
  }
}
2025-06-06 18:08:02,119 | INFO    | ===== INITIAL STATE DUMP =====
2025-06-06 18:08:02,119 | DEBUG   | {
  "xcurrent": [
    1.069083571434021,
    1.5977306365966797,
    0.0714726597070694,
    0.0,
    0.0,
    0.0
  ],
  "params": {
    "QC": 10,
    "QL": 80,
    "MU": 10,
    "DVTHETA_MAX": 1.0,
    "N": 20,
    "T_HORIZON": 1.05,
    "RAMP_TIME": 1.8,
    "BARRIER_WEIGHT": 10,
    "TUNNEL_WIDTH": 0.45,
    "TUNNEL_WIDTH_GATE": 0.25,
    "Q_OMEGA": 2,
    "R_VTHETA": 1.0,
    "IN_GATE_RAMP_TIME": 0.4,
    "OUT_GATE_RAMP_TIME": 0.4
  },
  "box_lims": {
    "vtheta_max": 1.0,
    "dvtheta_max": 1.0
  }
}
2025-06-06 18:08:02,659 | ERROR   | Solver failed | status=1 | SQP it=49 | KKT=1.61e-08 | t=0.049s
2025-06-06 18:08:02,660 | ERROR   | Dump saved → debug_logs/fail/tick0106.json
2025-06-06 18:08:02,663 | ERROR   | Solver failed | status=1 | SQP it=0 | KKT=nan | t=0.000s
2025-06-06 18:08:02,664 | ERROR   | Dump saved → debug_logs/fail/tick0107.json
2025-06-06 18:08:02,666 | ERROR   | Solver failed | status=1 | SQP it=0 | KKT=nan | t=0.000s
2025-06-06 18:08:02,667 | ERROR   | Dump saved → debug_logs/fail/tick0108.json
2025-06-06 18:08:02,669 | ERROR   | Solver failed | status=1 | SQP it=0 | KKT=nan | t=0.000s
2025-06-06 18:08:02,670 | ERROR   | Dump saved → debug_logs/fail/tick0109.json
2025-06-06 18:08:02,672 | ERROR   | Solver failed | status=1 | SQP it=0 | KKT=nan | t=0.000s
2025-06-06 18:08:02,673 | ERROR   | Dump saved → debug_logs/fail/tick0110.json
2025-06-06 18:08:02,675 | ERROR   | Solver failed | status=1 | SQP it=0 | KKT=nan | t=0.000s
2025-06-06 18:08:02,676 | ERROR   | Dump saved → debug_logs/fail/tick0111.json
2025-06-06 18:08:02,678 | ERROR   | Solver failed | status=1 | SQP it=0 | KKT=nan | t=0.000s
2025-06-06 18:08:02,679 | ERROR   | Dump saved → debug_logs/fail/tick0112.json
2025-06-06 18:08:02,681 | ERROR   | Solver failed | status=1 | SQP it=0 | KKT=nan | t=0.000s
2025-06-06 18:08:02,682 | ERROR   | Dump saved → debug_logs/fail/tick0113.json
2025-06-06 18:08:02,684 | ERROR   | Solver failed | status=1 | SQP it=0 | KKT=nan | t=0.000s
2025-06-06 18:08:02,685 | ERROR   | Dump saved → debug_logs/fail/tick0114.json
2025-06-06 18:08:02,687 | ERROR   | Solver failed | status=1 | SQP it=0 | KKT=nan | t=0.000s
2025-06-06 18:08:02,688 | ERROR   | Dump saved → debug_logs/fail/tick0115.json
2025-06-06 18:08:02,690 | ERROR   | Solver failed | status=1 | SQP it=0 | KKT=nan | t=0.000s
2025-06-06 18:08:02,691 | ERROR   | Dump saved → debug_logs/fail/tick0116.json
2025-06-06 18:08:02,693 | ERROR   | Solver failed | status=1 | SQP it=0 | KKT=nan | t=0.000s
2025-06-06 18:08:02,694 | ERROR   | Dump saved → debug_logs/fail/tick0117.json
2025-06-06 18:08:02,696 | ERROR   | Solver failed | status=1 | SQP it=0 | KKT=nan | t=0.000s
2025-06-06 18:08:02,697 | ERROR   | Dump saved → debug_logs/fail/tick0118.json
2025-06-06 18:08:02,699 | ERROR   | Solver failed | status=1 | SQP it=0 | KKT=nan | t=0.000s
2025-06-06 18:08:02,699 | ERROR   | Dump saved → debug_logs/fail/tick0119.json
2025-06-06 18:08:02,702 | ERROR   | Solver failed | status=1 | SQP it=0 | KKT=nan | t=0.000s
2025-06-06 18:08:02,702 | ERROR   | Dump saved → debug_logs/fail/tick0120.json
2025-06-06 18:08:02,705 | ERROR   | Solver failed | status=1 | SQP it=0 | KKT=nan | t=0.000s
2025-06-06 18:08:02,705 | ERROR   | Dump saved → debug_logs/fail/tick0121.json
2025-06-06 18:08:02,708 | ERROR   | Solver failed | status=1 | SQP it=0 | KKT=nan | t=0.000s
2025-06-06 18:08:02,708 | ERROR   | Dump saved → debug_logs/fail/tick0122.json
2025-06-06 18:08:02,711 | ERROR   | Solver failed | status=1 | SQP it=0 | KKT=nan | t=0.000s
2025-06-06 18:08:02,711 | ERROR   | Dump saved → debug_logs/fail/tick0123.json
2025-06-06 18:08:02,714 | ERROR   | Solver failed | status=1 | SQP it=0 | KKT=nan | t=0.000s
2025-06-06 18:08:02,715 | ERROR   | Dump saved → debug_logs/fail/tick0124.json
2025-06-06 18:08:02,717 | ERROR   | Solver failed | status=1 | SQP it=0 | KKT=nan | t=0.000s
2025-06-06 18:08:02,717 | ERROR   | Dump saved → debug_logs/fail/tick0125.json
2025-06-06 18:08:02,720 | ERROR   | Solver failed | status=1 | SQP it=0 | KKT=nan | t=0.000s
2025-06-06 18:08:02,720 | ERROR   | Dump saved → debug_logs/fail/tick0126.json
2025-06-06 18:08:02,723 | ERROR   | Solver failed | status=1 | SQP it=0 | KKT=nan | t=0.000s
2025-06-06 18:08:02,723 | ERROR   | Dump saved → debug_logs/fail/tick0127.json
2025-06-06 18:08:02,726 | ERROR   | Solver failed | status=1 | SQP it=0 | KKT=nan | t=0.000s
2025-06-06 18:08:02,726 | ERROR   | Dump saved → debug_logs/fail/tick0128.json
2025-06-06 18:08:02,729 | ERROR   | Solver failed | status=1 | SQP it=0 | KKT=nan | t=0.000s
2025-06-06 18:08:02,729 | ERROR   | Dump saved → debug_logs/fail/tick0129.json
2025-06-06 18:08:02,732 | ERROR   | Solver failed | status=1 | SQP it=0 | KKT=nan | t=0.000s
2025-06-06 18:08:02,734 | ERROR   | Dump saved → debug_logs/fail/tick0130.json
2025-06-06 18:08:02,737 | ERROR   | Solver failed | status=1 | SQP it=0 | KKT=nan | t=0.000s
2025-06-06 18:08:02,738 | ERROR   | Dump saved → debug_logs/fail/tick0131.json
2025-06-06 18:08:02,740 | ERROR   | Solver failed | status=1 | SQP it=0 | KKT=nan | t=0.000s
2025-06-06 18:08:02,742 | ERROR   | Dump saved → debug_logs/fail/tick0132.json
2025-06-06 18:08:02,744 | ERROR   | Solver failed | status=1 | SQP it=0 | KKT=nan | t=0.000s
2025-06-06 18:08:02,745 | ERROR   | Dump saved → debug_logs/fail/tick0133.json
2025-06-06 18:08:02,747 | ERROR   | Solver failed | status=1 | SQP it=0 | KKT=nan | t=0.000s
2025-06-06 18:08:02,748 | ERROR   | Dump saved → debug_logs/fail/tick0134.json
2025-06-06 18:08:02,750 | ERROR   | Solver failed | status=1 | SQP it=0 | KKT=nan | t=0.000s
2025-06-06 18:08:02,750 | ERROR   | Dump saved → debug_logs/fail/tick0135.json
2025-06-06 18:08:02,753 | ERROR   | Solver failed | status=1 | SQP it=0 | KKT=nan | t=0.000s
2025-06-06 18:08:02,753 | ERROR   | Dump saved → debug_logs/fail/tick0136.json
2025-06-06 18:08:02,756 | ERROR   | Solver failed | status=1 | SQP it=0 | KKT=nan | t=0.000s
2025-06-06 18:08:02,756 | ERROR   | Dump saved → debug_logs/fail/tick0137.json
2025-06-06 18:08:02,759 | ERROR   | Solver failed | status=1 | SQP it=0 | KKT=nan | t=0.000s
2025-06-06 18:08:02,759 | ERROR   | Dump saved → debug_logs/fail/tick0138.json
2025-06-06 18:08:02,762 | ERROR   | Solver failed | status=1 | SQP it=0 | KKT=nan | t=0.000s
2025-06-06 18:08:02,762 | ERROR   | Dump saved → debug_logs/fail/tick0139.json
2025-06-06 18:08:02,765 | ERROR   | Solver failed | status=1 | SQP it=0 | KKT=nan | t=0.000s
2025-06-06 18:08:02,765 | ERROR   | Dump saved → debug_logs/fail/tick0140.json
2025-06-06 18:08:02,767 | ERROR   | Solver failed | status=1 | SQP it=0 | KKT=nan | t=0.000s
2025-06-06 18:08:02,768 | ERROR   | Dump saved → debug_logs/fail/tick0141.json
2025-06-06 18:08:02,770 | ERROR   | Solver failed | status=1 | SQP it=0 | KKT=nan | t=0.000s
2025-06-06 18:08:02,771 | ERROR   | Dump saved → debug_logs/fail/tick0142.json
2025-06-06 18:08:02,773 | ERROR   | Solver failed | status=1 | SQP it=0 | KKT=nan | t=0.000s
2025-06-06 18:08:02,774 | ERROR   | Dump saved → debug_logs/fail/tick0143.json
2025-06-06 18:08:02,776 | ERROR   | Solver failed | status=1 | SQP it=0 | KKT=nan | t=0.000s
2025-06-06 18:08:02,777 | ERROR   | Dump saved → debug_logs/fail/tick0144.json
2025-06-06 18:08:02,779 | ERROR   | Solver failed | status=1 | SQP it=0 | KKT=nan | t=0.000s
2025-06-06 18:08:02,780 | ERROR   | Dump saved → debug_logs/fail/tick0145.json
2025-06-06 18:08:04,082 | INFO    | ===== INITIAL STATE DUMP =====
2025-06-06 18:08:04,082 | DEBUG   | {
  "xcurrent": [
    0.9215375781059265,
    1.5907132625579834,
    0.08297748863697052,
    0.0,
    0.0,
    0.0
  ],
  "params": {
    "QC": 10,
    "QL": 80,
    "MU": 10,
    "DVTHETA_MAX": 1.0,
    "N": 20,
    "T_HORIZON": 1.05,
    "RAMP_TIME": 1.8,
    "BARRIER_WEIGHT": 10,
    "TUNNEL_WIDTH": 0.45,
    "TUNNEL_WIDTH_GATE": 0.25,
    "Q_OMEGA": 2,
    "R_VTHETA": 1.0,
    "IN_GATE_RAMP_TIME": 0.4,
    "OUT_GATE_RAMP_TIME": 0.4
  },
  "box_lims": {
    "vtheta_max": 1.0,
    "dvtheta_max": 1.0
  }
}
2025-06-06 18:08:07,769 | INFO    | ===== INITIAL STATE DUMP =====
2025-06-06 18:08:07,769 | DEBUG   | {
  "xcurrent": [
    1.0180506706237793,
    1.557309865951538,
    0.07603659480810165,
    0.0,
    0.0,
    0.0
  ],
  "params": {
    "QC": 10,
    "QL": 80,
    "MU": 10,
    "DVTHETA_MAX": 1.0,
    "N": 20,
    "T_HORIZON": 1.05,
    "RAMP_TIME": 1.8,
    "BARRIER_WEIGHT": 10,
    "TUNNEL_WIDTH": 0.45,
    "TUNNEL_WIDTH_GATE": 0.25,
    "Q_OMEGA": 2,
    "R_VTHETA": 1.0,
    "IN_GATE_RAMP_TIME": 0.4,
    "OUT_GATE_RAMP_TIME": 0.4
  },
  "box_lims": {
    "vtheta_max": 1.0,
    "dvtheta_max": 1.0
  }
}
2025-06-06 18:08:11,513 | INFO    | ===== INITIAL STATE DUMP =====
2025-06-06 18:08:11,513 | DEBUG   | {
  "xcurrent": [
    0.9094258546829224,
    1.5643584728240967,
    0.07386869937181473,
    0.0,
    0.0,
    0.0
  ],
  "params": {
    "QC": 10,
    "QL": 80,
    "MU": 10,
    "DVTHETA_MAX": 1.0,
    "N": 20,
    "T_HORIZON": 1.05,
    "RAMP_TIME": 1.8,
    "BARRIER_WEIGHT": 10,
    "TUNNEL_WIDTH": 0.45,
    "TUNNEL_WIDTH_GATE": 0.25,
    "Q_OMEGA": 2,
    "R_VTHETA": 1.0,
    "IN_GATE_RAMP_TIME": 0.4,
    "OUT_GATE_RAMP_TIME": 0.4
  },
  "box_lims": {
    "vtheta_max": 1.0,
    "dvtheta_max": 1.0
  }
}
2025-06-06 18:08:15,397 | INFO    | ===== INITIAL STATE DUMP =====
2025-06-06 18:08:15,397 | DEBUG   | {
  "xcurrent": [
    1.0132546424865723,
    1.5272213220596313,
    0.08788499236106873,
    0.0,
    0.0,
    0.0
  ],
  "params": {
    "QC": 10,
    "QL": 80,
    "MU": 10,
    "DVTHETA_MAX": 1.0,
    "N": 20,
    "T_HORIZON": 1.05,
    "RAMP_TIME": 1.8,
    "BARRIER_WEIGHT": 10,
    "TUNNEL_WIDTH": 0.45,
    "TUNNEL_WIDTH_GATE": 0.25,
    "Q_OMEGA": 2,
    "R_VTHETA": 1.0,
    "IN_GATE_RAMP_TIME": 0.4,
    "OUT_GATE_RAMP_TIME": 0.4
  },
  "box_lims": {
    "vtheta_max": 1.0,
    "dvtheta_max": 1.0
  }
}
2025-06-06 18:08:16,331 | ERROR   | Solver failed | status=2 | SQP it=50 | KKT=4.72e-10 | t=0.022s
2025-06-06 18:08:16,334 | ERROR   | Dump saved → debug_logs/fail/tick0186.json
2025-06-06 18:08:16,373 | ERROR   | Solver failed | status=2 | SQP it=50 | KKT=5.36e-08 | t=0.037s
2025-06-06 18:08:16,374 | ERROR   | Dump saved → debug_logs/fail/tick0187.json
2025-06-06 18:08:16,416 | ERROR   | Solver failed | status=2 | SQP it=50 | KKT=4.02e-08 | t=0.040s
2025-06-06 18:08:16,417 | ERROR   | Dump saved → debug_logs/fail/tick0188.json
2025-06-06 18:08:16,462 | ERROR   | Solver failed | status=2 | SQP it=50 | KKT=1.16e-08 | t=0.042s
2025-06-06 18:08:16,462 | ERROR   | Dump saved → debug_logs/fail/tick0189.json
2025-06-06 18:08:16,510 | ERROR   | Solver failed | status=2 | SQP it=50 | KKT=2.17e-08 | t=0.045s
2025-06-06 18:08:16,510 | ERROR   | Dump saved → debug_logs/fail/tick0190.json
2025-06-06 18:08:16,541 | ERROR   | Solver failed | status=1 | SQP it=29 | KKT=3.12e-09 | t=0.029s
2025-06-06 18:08:16,542 | ERROR   | Dump saved → debug_logs/fail/tick0191.json
2025-06-06 18:08:16,545 | ERROR   | Solver failed | status=1 | SQP it=0 | KKT=nan | t=0.000s
2025-06-06 18:08:16,545 | ERROR   | Dump saved → debug_logs/fail/tick0192.json
2025-06-06 18:08:16,548 | ERROR   | Solver failed | status=1 | SQP it=0 | KKT=nan | t=0.000s
2025-06-06 18:08:16,548 | ERROR   | Dump saved → debug_logs/fail/tick0193.json
2025-06-06 18:08:16,550 | ERROR   | Solver failed | status=1 | SQP it=0 | KKT=nan | t=0.000s
2025-06-06 18:08:16,551 | ERROR   | Dump saved → debug_logs/fail/tick0194.json
2025-06-06 18:08:16,554 | ERROR   | Solver failed | status=1 | SQP it=0 | KKT=nan | t=0.000s
2025-06-06 18:08:16,554 | ERROR   | Dump saved → debug_logs/fail/tick0195.json
2025-06-06 18:08:16,556 | ERROR   | Solver failed | status=1 | SQP it=0 | KKT=nan | t=0.000s
2025-06-06 18:08:16,557 | ERROR   | Dump saved → debug_logs/fail/tick0196.json
2025-06-06 18:08:16,559 | ERROR   | Solver failed | status=1 | SQP it=0 | KKT=nan | t=0.000s
2025-06-06 18:08:16,560 | ERROR   | Dump saved → debug_logs/fail/tick0197.json
2025-06-06 18:08:16,562 | ERROR   | Solver failed | status=1 | SQP it=0 | KKT=nan | t=0.000s
2025-06-06 18:08:16,563 | ERROR   | Dump saved → debug_logs/fail/tick0198.json
2025-06-06 18:08:16,565 | ERROR   | Solver failed | status=1 | SQP it=0 | KKT=nan | t=0.000s
2025-06-06 18:08:16,566 | ERROR   | Dump saved → debug_logs/fail/tick0199.json
2025-06-06 18:08:16,568 | ERROR   | Solver failed | status=1 | SQP it=0 | KKT=nan | t=0.000s
2025-06-06 18:08:16,569 | ERROR   | Dump saved → debug_logs/fail/tick0200.json
2025-06-06 18:08:16,571 | ERROR   | Solver failed | status=1 | SQP it=0 | KKT=nan | t=0.000s
2025-06-06 18:08:16,572 | ERROR   | Dump saved → debug_logs/fail/tick0201.json
2025-06-06 18:08:16,574 | ERROR   | Solver failed | status=1 | SQP it=0 | KKT=nan | t=0.000s
2025-06-06 18:08:16,575 | ERROR   | Dump saved → debug_logs/fail/tick0202.json
2025-06-06 18:08:16,577 | ERROR   | Solver failed | status=1 | SQP it=0 | KKT=nan | t=0.000s
2025-06-06 18:08:16,578 | ERROR   | Dump saved → debug_logs/fail/tick0203.json
2025-06-06 18:08:16,580 | ERROR   | Solver failed | status=1 | SQP it=0 | KKT=nan | t=0.000s
2025-06-06 18:08:16,580 | ERROR   | Dump saved → debug_logs/fail/tick0204.json
2025-06-06 18:08:16,583 | ERROR   | Solver failed | status=1 | SQP it=0 | KKT=nan | t=0.000s
2025-06-06 18:08:16,583 | ERROR   | Dump saved → debug_logs/fail/tick0205.json
2025-06-06 18:08:16,586 | ERROR   | Solver failed | status=1 | SQP it=0 | KKT=nan | t=0.000s
2025-06-06 18:08:16,586 | ERROR   | Dump saved → debug_logs/fail/tick0206.json
2025-06-06 18:08:16,589 | ERROR   | Solver failed | status=1 | SQP it=0 | KKT=nan | t=0.000s
2025-06-06 18:08:16,589 | ERROR   | Dump saved → debug_logs/fail/tick0207.json
2025-06-06 18:08:16,592 | ERROR   | Solver failed | status=1 | SQP it=0 | KKT=nan | t=0.000s
2025-06-06 18:08:16,592 | ERROR   | Dump saved → debug_logs/fail/tick0208.json
2025-06-06 18:08:16,595 | ERROR   | Solver failed | status=1 | SQP it=0 | KKT=nan | t=0.000s
2025-06-06 18:08:16,595 | ERROR   | Dump saved → debug_logs/fail/tick0209.json
2025-06-06 18:08:16,598 | ERROR   | Solver failed | status=1 | SQP it=0 | KKT=nan | t=0.000s
2025-06-06 18:08:16,598 | ERROR   | Dump saved → debug_logs/fail/tick0210.json
2025-06-06 18:08:16,601 | ERROR   | Solver failed | status=1 | SQP it=0 | KKT=nan | t=0.000s
2025-06-06 18:08:16,602 | ERROR   | Dump saved → debug_logs/fail/tick0211.json
2025-06-06 18:08:16,604 | ERROR   | Solver failed | status=1 | SQP it=0 | KKT=nan | t=0.000s
2025-06-06 18:08:16,604 | ERROR   | Dump saved → debug_logs/fail/tick0212.json
2025-06-06 18:08:16,607 | ERROR   | Solver failed | status=1 | SQP it=0 | KKT=nan | t=0.000s
2025-06-06 18:08:16,607 | ERROR   | Dump saved → debug_logs/fail/tick0213.json
2025-06-06 18:08:16,610 | ERROR   | Solver failed | status=1 | SQP it=0 | KKT=nan | t=0.000s
2025-06-06 18:08:16,610 | ERROR   | Dump saved → debug_logs/fail/tick0214.json
2025-06-06 18:08:16,612 | ERROR   | Solver failed | status=1 | SQP it=0 | KKT=nan | t=0.000s
2025-06-06 18:08:16,613 | ERROR   | Dump saved → debug_logs/fail/tick0215.json
2025-06-06 18:08:16,615 | ERROR   | Solver failed | status=1 | SQP it=0 | KKT=nan | t=0.000s
2025-06-06 18:08:16,616 | ERROR   | Dump saved → debug_logs/fail/tick0216.json
2025-06-06 18:08:16,618 | ERROR   | Solver failed | status=1 | SQP it=0 | KKT=nan | t=0.000s
2025-06-06 18:08:16,619 | ERROR   | Dump saved → debug_logs/fail/tick0217.json
2025-06-06 18:08:16,621 | ERROR   | Solver failed | status=1 | SQP it=0 | KKT=nan | t=0.000s
2025-06-06 18:08:16,621 | ERROR   | Dump saved → debug_logs/fail/tick0218.json
2025-06-06 18:08:16,624 | ERROR   | Solver failed | status=1 | SQP it=0 | KKT=nan | t=0.000s
2025-06-06 18:08:16,624 | ERROR   | Dump saved → debug_logs/fail/tick0219.json
2025-06-06 18:08:16,627 | ERROR   | Solver failed | status=1 | SQP it=0 | KKT=nan | t=0.000s
2025-06-06 18:08:16,627 | ERROR   | Dump saved → debug_logs/fail/tick0220.json
2025-06-06 18:08:16,630 | ERROR   | Solver failed | status=1 | SQP it=0 | KKT=nan | t=0.000s
2025-06-06 18:08:16,630 | ERROR   | Dump saved → debug_logs/fail/tick0221.json
2025-06-06 18:08:16,633 | ERROR   | Solver failed | status=1 | SQP it=0 | KKT=nan | t=0.000s
2025-06-06 18:08:16,633 | ERROR   | Dump saved → debug_logs/fail/tick0222.json
2025-06-06 18:08:16,635 | ERROR   | Solver failed | status=1 | SQP it=0 | KKT=nan | t=0.000s
2025-06-06 18:08:16,636 | ERROR   | Dump saved → debug_logs/fail/tick0223.json
2025-06-06 18:08:16,638 | ERROR   | Solver failed | status=1 | SQP it=0 | KKT=nan | t=0.000s
2025-06-06 18:08:16,639 | ERROR   | Dump saved → debug_logs/fail/tick0224.json
2025-06-06 18:08:16,641 | ERROR   | Solver failed | status=1 | SQP it=0 | KKT=nan | t=0.000s
2025-06-06 18:08:16,642 | ERROR   | Dump saved → debug_logs/fail/tick0225.json
2025-06-06 18:08:16,644 | ERROR   | Solver failed | status=1 | SQP it=0 | KKT=nan | t=0.000s
2025-06-06 18:08:16,645 | ERROR   | Dump saved → debug_logs/fail/tick0226.json
2025-06-06 18:08:16,647 | ERROR   | Solver failed | status=1 | SQP it=0 | KKT=nan | t=0.000s
2025-06-06 18:08:16,648 | ERROR   | Dump saved → debug_logs/fail/tick0227.json
2025-06-06 18:08:16,650 | ERROR   | Solver failed | status=1 | SQP it=0 | KKT=nan | t=0.000s
2025-06-06 18:08:16,651 | ERROR   | Dump saved → debug_logs/fail/tick0228.json
2025-06-06 18:08:16,653 | ERROR   | Solver failed | status=1 | SQP it=0 | KKT=nan | t=0.000s
2025-06-06 18:08:16,654 | ERROR   | Dump saved → debug_logs/fail/tick0229.json
2025-06-06 18:08:16,656 | ERROR   | Solver failed | status=1 | SQP it=0 | KKT=nan | t=0.000s
2025-06-06 18:08:16,657 | ERROR   | Dump saved → debug_logs/fail/tick0230.json
2025-06-06 18:08:16,659 | ERROR   | Solver failed | status=1 | SQP it=0 | KKT=nan | t=0.000s
2025-06-06 18:08:16,660 | ERROR   | Dump saved → debug_logs/fail/tick0231.json
2025-06-06 18:08:16,662 | ERROR   | Solver failed | status=1 | SQP it=0 | KKT=nan | t=0.000s
2025-06-06 18:08:16,663 | ERROR   | Dump saved → debug_logs/fail/tick0232.json
2025-06-06 18:08:16,665 | ERROR   | Solver failed | status=1 | SQP it=0 | KKT=nan | t=0.000s
2025-06-06 18:08:16,665 | ERROR   | Dump saved → debug_logs/fail/tick0233.json
2025-06-06 18:08:16,668 | ERROR   | Solver failed | status=1 | SQP it=0 | KKT=nan | t=0.000s
2025-06-06 18:08:16,668 | ERROR   | Dump saved → debug_logs/fail/tick0234.json
2025-06-06 18:08:16,671 | ERROR   | Solver failed | status=1 | SQP it=0 | KKT=nan | t=0.000s
2025-06-06 18:08:16,671 | ERROR   | Dump saved → debug_logs/fail/tick0235.json
2025-06-06 18:08:16,673 | ERROR   | Solver failed | status=1 | SQP it=0 | KKT=nan | t=0.000s
2025-06-06 18:08:16,674 | ERROR   | Dump saved → debug_logs/fail/tick0236.json
2025-06-06 18:08:16,676 | ERROR   | Solver failed | status=1 | SQP it=0 | KKT=nan | t=0.000s
2025-06-06 18:08:16,677 | ERROR   | Dump saved → debug_logs/fail/tick0237.json
2025-06-06 18:08:16,679 | ERROR   | Solver failed | status=1 | SQP it=0 | KKT=nan | t=0.000s
2025-06-06 18:08:16,680 | ERROR   | Dump saved → debug_logs/fail/tick0238.json
2025-06-06 18:08:16,682 | ERROR   | Solver failed | status=1 | SQP it=0 | KKT=nan | t=0.000s
2025-06-06 18:08:16,683 | ERROR   | Dump saved → debug_logs/fail/tick0239.json
2025-06-06 18:08:16,685 | ERROR   | Solver failed | status=1 | SQP it=0 | KKT=nan | t=0.000s
2025-06-06 18:08:16,686 | ERROR   | Dump saved → debug_logs/fail/tick0240.json
2025-06-06 18:08:16,688 | ERROR   | Solver failed | status=1 | SQP it=0 | KKT=nan | t=0.000s
2025-06-06 18:08:16,689 | ERROR   | Dump saved → debug_logs/fail/tick0241.json
2025-06-06 18:08:16,691 | ERROR   | Solver failed | status=1 | SQP it=0 | KKT=nan | t=0.000s
2025-06-06 18:08:16,692 | ERROR   | Dump saved → debug_logs/fail/tick0242.json
2025-06-06 18:08:16,694 | ERROR   | Solver failed | status=1 | SQP it=0 | KKT=nan | t=0.000s
2025-06-06 18:08:16,695 | ERROR   | Dump saved → debug_logs/fail/tick0243.json
2025-06-06 18:08:16,697 | ERROR   | Solver failed | status=1 | SQP it=0 | KKT=nan | t=0.000s
2025-06-06 18:08:16,698 | ERROR   | Dump saved → debug_logs/fail/tick0244.json
2025-06-06 18:08:16,700 | ERROR   | Solver failed | status=1 | SQP it=0 | KKT=nan | t=0.000s
2025-06-06 18:08:16,700 | ERROR   | Dump saved → debug_logs/fail/tick0245.json
2025-06-06 18:08:16,703 | ERROR   | Solver failed | status=1 | SQP it=0 | KKT=nan | t=0.000s
2025-06-06 18:08:16,703 | ERROR   | Dump saved → debug_logs/fail/tick0246.json
2025-06-06 18:08:16,706 | ERROR   | Solver failed | status=1 | SQP it=0 | KKT=nan | t=0.000s
2025-06-06 18:08:16,706 | ERROR   | Dump saved → debug_logs/fail/tick0247.json
2025-06-06 18:08:16,708 | ERROR   | Solver failed | status=1 | SQP it=0 | KKT=nan | t=0.000s
2025-06-06 18:08:16,709 | ERROR   | Dump saved → debug_logs/fail/tick0248.json
2025-06-06 18:08:16,711 | ERROR   | Solver failed | status=1 | SQP it=0 | KKT=nan | t=0.000s
2025-06-06 18:08:16,712 | ERROR   | Dump saved → debug_logs/fail/tick0249.json
2025-06-06 18:08:16,714 | ERROR   | Solver failed | status=1 | SQP it=0 | KKT=nan | t=0.000s
2025-06-06 18:08:16,715 | ERROR   | Dump saved → debug_logs/fail/tick0250.json
2025-06-06 18:08:16,717 | ERROR   | Solver failed | status=1 | SQP it=0 | KKT=nan | t=0.000s
2025-06-06 18:08:16,717 | ERROR   | Dump saved → debug_logs/fail/tick0251.json
2025-06-06 18:08:16,720 | ERROR   | Solver failed | status=1 | SQP it=0 | KKT=nan | t=0.000s
2025-06-06 18:08:16,720 | ERROR   | Dump saved → debug_logs/fail/tick0252.json
2025-06-06 18:08:16,723 | ERROR   | Solver failed | status=1 | SQP it=0 | KKT=nan | t=0.000s
2025-06-06 18:08:16,723 | ERROR   | Dump saved → debug_logs/fail/tick0253.json
2025-06-06 18:08:16,726 | ERROR   | Solver failed | status=1 | SQP it=0 | KKT=nan | t=0.000s
2025-06-06 18:08:16,726 | ERROR   | Dump saved → debug_logs/fail/tick0254.json
2025-06-06 18:08:18,164 | INFO    | ===== INITIAL STATE DUMP =====
2025-06-06 18:08:18,164 | DEBUG   | {
  "xcurrent": [
    1.0095248222351074,
    1.5680928230285645,
    0.07885748893022537,
    0.0,
    0.0,
    0.0
  ],
  "params": {
    "QC": 10,
    "QL": 80,
    "MU": 10,
    "DVTHETA_MAX": 1.0,
    "N": 20,
    "T_HORIZON": 1.05,
    "RAMP_TIME": 1.8,
    "BARRIER_WEIGHT": 10,
    "TUNNEL_WIDTH": 0.45,
    "TUNNEL_WIDTH_GATE": 0.25,
    "Q_OMEGA": 2,
    "R_VTHETA": 1.0,
    "IN_GATE_RAMP_TIME": 0.4,
    "OUT_GATE_RAMP_TIME": 0.4
  },
  "box_lims": {
    "vtheta_max": 1.0,
    "dvtheta_max": 1.0
  }
}
2025-06-06 18:08:21,805 | INFO    | ===== INITIAL STATE DUMP =====
2025-06-06 18:08:21,805 | DEBUG   | {
  "xcurrent": [
    0.9789772033691406,
    1.4065723419189453,
    0.08746936172246933,
    0.0,
    0.0,
    0.0
  ],
  "params": {
    "QC": 10,
    "QL": 80,
    "MU": 10,
    "DVTHETA_MAX": 1.0,
    "N": 20,
    "T_HORIZON": 1.05,
    "RAMP_TIME": 1.8,
    "BARRIER_WEIGHT": 10,
    "TUNNEL_WIDTH": 0.45,
    "TUNNEL_WIDTH_GATE": 0.25,
    "Q_OMEGA": 2,
    "R_VTHETA": 1.0,
    "IN_GATE_RAMP_TIME": 0.4,
    "OUT_GATE_RAMP_TIME": 0.4
  },
  "box_lims": {
    "vtheta_max": 1.0,
    "dvtheta_max": 1.0
  }
}
2025-06-06 18:08:25,358 | INFO    | ===== INITIAL STATE DUMP =====
2025-06-06 18:08:25,358 | DEBUG   | {
  "xcurrent": [
    0.9278767704963684,
    1.4845975637435913,
    0.07775226980447769,
    0.0,
    0.0,
    0.0
  ],
  "params": {
    "QC": 10,
    "QL": 80,
    "MU": 10,
    "DVTHETA_MAX": 1.0,
    "N": 20,
    "T_HORIZON": 1.05,
    "RAMP_TIME": 1.8,
    "BARRIER_WEIGHT": 10,
    "TUNNEL_WIDTH": 0.45,
    "TUNNEL_WIDTH_GATE": 0.25,
    "Q_OMEGA": 2,
    "R_VTHETA": 1.0,
    "IN_GATE_RAMP_TIME": 0.4,
    "OUT_GATE_RAMP_TIME": 0.4
  },
  "box_lims": {
    "vtheta_max": 1.0,
    "dvtheta_max": 1.0
  }
}
2025-06-06 18:08:29,115 | INFO    | ===== INITIAL STATE DUMP =====
2025-06-06 18:08:29,115 | DEBUG   | {
  "xcurrent": [
    1.0917681455612183,
    1.492964744567871,
    0.07664187997579575,
    0.0,
    0.0,
    0.0
  ],
  "params": {
    "QC": 10,
    "QL": 80,
    "MU": 10,
    "DVTHETA_MAX": 1.0,
    "N": 20,
    "T_HORIZON": 1.05,
    "RAMP_TIME": 1.8,
    "BARRIER_WEIGHT": 10,
    "TUNNEL_WIDTH": 0.45,
    "TUNNEL_WIDTH_GATE": 0.25,
    "Q_OMEGA": 2,
    "R_VTHETA": 1.0,
    "IN_GATE_RAMP_TIME": 0.4,
    "OUT_GATE_RAMP_TIME": 0.4
  },
  "box_lims": {
    "vtheta_max": 1.0,
    "dvtheta_max": 1.0
  }
}
