2025-06-06 16:09:50,961 | INFO    | ===== INITIAL STATE DUMP =====
2025-06-06 16:09:50,961 | DEBUG   | {
  "xcurrent": [
    1.089695930480957,
    1.4088244438171387,
    0.08456537127494812,
    0.0,
    0.0,
    0.0
  ],
  "params": {
    "QC": 10,
    "QL": 80,
    "MU": 10,
    "DVTHETA_MAX": 1.4,
    "N": 20,
    "T_HORIZON": 1.05,
    "RAMP_TIME": 1.8,
    "BARRIER_WEIGHT": 10,
    "TUNNEL_WIDTH": 0.25,
    "Q_OMEGA": 2,
    "R_VTHETA": 1.0,
    "GATE_RAMP_TIME": 0.2
  },
  "box_lims": {
    "vtheta_max": 1.4,
    "dvtheta_max": 1.4
  }
}
2025-06-06 16:09:55,475 | ERROR   | Solver failed | status=1 | SQP it=19 | KKT=2.29e-12 | t=0.020s
2025-06-06 16:09:55,477 | ERROR   | Dump saved → debug_logs/fail/tick0120.json
2025-06-06 16:09:55,503 | ERROR   | Solver failed | status=1 | SQP it=0 | KKT=nan | t=0.000s
2025-06-06 16:09:55,503 | ERROR   | Dump saved → debug_logs/fail/tick0121.json
2025-06-06 16:09:55,528 | ERROR   | Solver failed | status=1 | SQP it=0 | KKT=nan | t=0.000s
2025-06-06 16:09:55,529 | ERROR   | Dump saved → debug_logs/fail/tick0122.json
2025-06-06 16:09:55,556 | ERROR   | Solver failed | status=1 | SQP it=0 | KKT=nan | t=0.000s
2025-06-06 16:09:55,557 | ERROR   | Dump saved → debug_logs/fail/tick0123.json
2025-06-06 16:09:55,583 | ERROR   | Solver failed | status=1 | SQP it=0 | KKT=nan | t=0.000s
2025-06-06 16:09:55,584 | ERROR   | Dump saved → debug_logs/fail/tick0124.json
2025-06-06 16:09:55,611 | ERROR   | Solver failed | status=1 | SQP it=0 | KKT=nan | t=0.000s
2025-06-06 16:09:55,611 | ERROR   | Dump saved → debug_logs/fail/tick0125.json
2025-06-06 16:09:55,637 | ERROR   | Solver failed | status=1 | SQP it=0 | KKT=nan | t=0.000s
2025-06-06 16:09:55,638 | ERROR   | Dump saved → debug_logs/fail/tick0126.json
2025-06-06 16:09:55,662 | ERROR   | Solver failed | status=1 | SQP it=0 | KKT=nan | t=0.000s
2025-06-06 16:09:55,663 | ERROR   | Dump saved → debug_logs/fail/tick0127.json
2025-06-06 16:09:55,687 | ERROR   | Solver failed | status=1 | SQP it=0 | KKT=nan | t=0.000s
2025-06-06 16:09:55,688 | ERROR   | Dump saved → debug_logs/fail/tick0128.json
2025-06-06 16:09:55,712 | ERROR   | Solver failed | status=1 | SQP it=0 | KKT=nan | t=0.000s
2025-06-06 16:09:55,712 | ERROR   | Dump saved → debug_logs/fail/tick0129.json
2025-06-06 16:09:55,736 | ERROR   | Solver failed | status=1 | SQP it=0 | KKT=nan | t=0.000s
2025-06-06 16:09:55,737 | ERROR   | Dump saved → debug_logs/fail/tick0130.json
2025-06-06 16:09:55,760 | ERROR   | Solver failed | status=1 | SQP it=0 | KKT=nan | t=0.000s
2025-06-06 16:09:55,760 | ERROR   | Dump saved → debug_logs/fail/tick0131.json
2025-06-06 16:09:55,784 | ERROR   | Solver failed | status=1 | SQP it=0 | KKT=nan | t=0.000s
2025-06-06 16:09:55,785 | ERROR   | Dump saved → debug_logs/fail/tick0132.json
2025-06-06 16:09:55,809 | ERROR   | Solver failed | status=1 | SQP it=0 | KKT=nan | t=0.000s
2025-06-06 16:09:55,809 | ERROR   | Dump saved → debug_logs/fail/tick0133.json
2025-06-06 16:09:55,835 | ERROR   | Solver failed | status=1 | SQP it=0 | KKT=nan | t=0.000s
2025-06-06 16:09:55,836 | ERROR   | Dump saved → debug_logs/fail/tick0134.json
2025-06-06 16:09:55,862 | ERROR   | Solver failed | status=1 | SQP it=0 | KKT=nan | t=0.000s
2025-06-06 16:09:55,863 | ERROR   | Dump saved → debug_logs/fail/tick0135.json
2025-06-06 16:09:55,888 | ERROR   | Solver failed | status=1 | SQP it=0 | KKT=nan | t=0.000s
2025-06-06 16:09:55,889 | ERROR   | Dump saved → debug_logs/fail/tick0136.json
2025-06-06 16:09:55,916 | ERROR   | Solver failed | status=1 | SQP it=0 | KKT=nan | t=0.000s
2025-06-06 16:09:55,916 | ERROR   | Dump saved → debug_logs/fail/tick0137.json
2025-06-06 16:09:55,944 | ERROR   | Solver failed | status=1 | SQP it=0 | KKT=nan | t=0.000s
2025-06-06 16:09:55,945 | ERROR   | Dump saved → debug_logs/fail/tick0138.json
2025-06-06 16:09:55,970 | ERROR   | Solver failed | status=1 | SQP it=0 | KKT=nan | t=0.000s
2025-06-06 16:09:55,971 | ERROR   | Dump saved → debug_logs/fail/tick0139.json
2025-06-06 16:09:55,997 | ERROR   | Solver failed | status=1 | SQP it=0 | KKT=nan | t=0.000s
2025-06-06 16:09:55,997 | ERROR   | Dump saved → debug_logs/fail/tick0140.json
2025-06-06 16:09:56,024 | ERROR   | Solver failed | status=1 | SQP it=0 | KKT=nan | t=0.000s
2025-06-06 16:09:56,025 | ERROR   | Dump saved → debug_logs/fail/tick0141.json
2025-06-06 16:09:56,054 | ERROR   | Solver failed | status=1 | SQP it=0 | KKT=nan | t=0.000s
2025-06-06 16:09:56,054 | ERROR   | Dump saved → debug_logs/fail/tick0142.json
2025-06-06 16:09:56,081 | ERROR   | Solver failed | status=1 | SQP it=0 | KKT=nan | t=0.000s
2025-06-06 16:09:56,082 | ERROR   | Dump saved → debug_logs/fail/tick0143.json
2025-06-06 16:09:56,107 | ERROR   | Solver failed | status=1 | SQP it=0 | KKT=nan | t=0.000s
2025-06-06 16:09:56,108 | ERROR   | Dump saved → debug_logs/fail/tick0144.json
2025-06-06 16:09:56,135 | ERROR   | Solver failed | status=1 | SQP it=0 | KKT=nan | t=0.000s
2025-06-06 16:09:56,135 | ERROR   | Dump saved → debug_logs/fail/tick0145.json
2025-06-06 16:09:56,162 | ERROR   | Solver failed | status=1 | SQP it=0 | KKT=nan | t=0.000s
2025-06-06 16:09:56,163 | ERROR   | Dump saved → debug_logs/fail/tick0146.json
2025-06-06 16:09:56,190 | ERROR   | Solver failed | status=1 | SQP it=0 | KKT=nan | t=0.000s
2025-06-06 16:09:56,190 | ERROR   | Dump saved → debug_logs/fail/tick0147.json
