2025-06-20 16:06:37,303 | INFO    | ===== INITIAL STATE DUMP =====
2025-06-20 16:06:37,303 | DEBUG   | {
  "xcurrent": [
    1.089695930480957,
    1.4088244438171387,
    0.08456537127494812,
    0.0,
    0.0,
    0.0
  ],
  "params": {
    "QC": 10,
    "QC_GATE": 50,
    "QL": 40,
    "MU": 10,
    "DVTHETA_MAX": 1.7,
    "N": 15,
    "T_HORIZON": 0.8,
    "RAMP_TIME": 1.8,
    "BARRIER_WEIGHT": 10,
    "TUNNEL_WIDTH": 0.5,
    "TUNNEL_WIDTH_GATE": 0.15,
    "NARROW_DIST": 0.7,
    "GATE_FLAT_DIST": 0.3,
    "Q_OMEGA": 2,
    "R_VTHETA": 1.0,
    "IN_GATE_RAMP_TIME": 0.3,
    "OUT_GATE_RAMP_TIME": 0.5
  },
  "box_lims": {
    "vtheta_max": 1.7,
    "dvtheta_max": 1.7
  }
}
2025-06-20 16:07:01,105 | INFO    | ===== INITIAL STATE DUMP =====
2025-06-20 16:07:01,105 | DEBUG   | {
  "xcurrent": [
    1.0562248229980469,
    1.4332444667816162,
    0.086634561419487,
    0.0,
    0.0,
    0.0
  ],
  "params": {
    "QC": 10,
    "QC_GATE": 50,
    "QL": 40,
    "MU": 10,
    "DVTHETA_MAX": 1.7,
    "N": 15,
    "T_HORIZON": 0.8,
    "RAMP_TIME": 1.8,
    "BARRIER_WEIGHT": 10,
    "TUNNEL_WIDTH": 0.5,
    "TUNNEL_WIDTH_GATE": 0.15,
    "NARROW_DIST": 0.7,
    "GATE_FLAT_DIST": 0.3,
    "Q_OMEGA": 2,
    "R_VTHETA": 1.0,
    "IN_GATE_RAMP_TIME": 0.3,
    "OUT_GATE_RAMP_TIME": 0.5
  },
  "box_lims": {
    "vtheta_max": 1.7,
    "dvtheta_max": 1.7
  }
}
2025-06-20 16:07:10,132 | INFO    | ===== INITIAL STATE DUMP =====
2025-06-20 16:07:10,132 | DEBUG   | {
  "xcurrent": [
    1.0231214761734009,
    1.42255437374115,
    0.07180594652891159,
    0.0,
    0.0,
    0.0
  ],
  "params": {
    "QC": 10,
    "QC_GATE": 50,
    "QL": 40,
    "MU": 10,
    "DVTHETA_MAX": 1.7,
    "N": 15,
    "T_HORIZON": 0.8,
    "RAMP_TIME": 1.8,
    "BARRIER_WEIGHT": 10,
    "TUNNEL_WIDTH": 0.5,
    "TUNNEL_WIDTH_GATE": 0.15,
    "NARROW_DIST": 0.7,
    "GATE_FLAT_DIST": 0.3,
    "Q_OMEGA": 2,
    "R_VTHETA": 1.0,
    "IN_GATE_RAMP_TIME": 0.3,
    "OUT_GATE_RAMP_TIME": 0.5
  },
  "box_lims": {
    "vtheta_max": 1.7,
    "dvtheta_max": 1.7
  }
}
2025-06-20 16:07:28,882 | INFO    | ===== INITIAL STATE DUMP =====
2025-06-20 16:07:28,882 | DEBUG   | {
  "xcurrent": [
    0.9594607949256897,
    1.5427359342575073,
    0.07716356217861176,
    0.0,
    0.0,
    0.0
  ],
  "params": {
    "QC": 10,
    "QC_GATE": 50,
    "QL": 40,
    "MU": 10,
    "DVTHETA_MAX": 1.7,
    "N": 15,
    "T_HORIZON": 0.8,
    "RAMP_TIME": 1.8,
    "BARRIER_WEIGHT": 10,
    "TUNNEL_WIDTH": 0.5,
    "TUNNEL_WIDTH_GATE": 0.15,
    "NARROW_DIST": 0.7,
    "GATE_FLAT_DIST": 0.3,
    "Q_OMEGA": 2,
    "R_VTHETA": 1.0,
    "IN_GATE_RAMP_TIME": 0.3,
    "OUT_GATE_RAMP_TIME": 0.5
  },
  "box_lims": {
    "vtheta_max": 1.7,
    "dvtheta_max": 1.7
  }
}
2025-06-20 16:07:29,336 | ERROR   | Solver failed | status=2 | SQP it=1000 | KKT=6.77e-08 | t=0.163s
2025-06-20 16:07:29,337 | ERROR   | Dump saved → debug_logs/fail/tick0011.json
2025-06-20 16:07:40,607 | INFO    | ===== INITIAL STATE DUMP =====
2025-06-20 16:07:40,607 | DEBUG   | {
  "xcurrent": [
    0.9399204254150391,
    1.4034196138381958,
    0.0800710916519165,
    0.0,
    0.0,
    0.0
  ],
  "params": {
    "QC": 10,
    "QC_GATE": 50,
    "QL": 40,
    "MU": 10,
    "DVTHETA_MAX": 1.7,
    "N": 15,
    "T_HORIZON": 0.8,
    "RAMP_TIME": 1.8,
    "BARRIER_WEIGHT": 10,
    "TUNNEL_WIDTH": 0.5,
    "TUNNEL_WIDTH_GATE": 0.15,
    "NARROW_DIST": 0.7,
    "GATE_FLAT_DIST": 0.3,
    "Q_OMEGA": 2,
    "R_VTHETA": 1.0,
    "IN_GATE_RAMP_TIME": 0.3,
    "OUT_GATE_RAMP_TIME": 0.5
  },
  "box_lims": {
    "vtheta_max": 1.7,
    "dvtheta_max": 1.7
  }
}
2025-06-20 16:07:46,013 | INFO    | ===== INITIAL STATE DUMP =====
2025-06-20 16:07:46,013 | DEBUG   | {
  "xcurrent": [
    1.0620923042297363,
    1.5451313257217407,
    0.07084847241640091,
    0.0,
    0.0,
    0.0
  ],
  "params": {
    "QC": 10,
    "QC_GATE": 50,
    "QL": 40,
    "MU": 10,
    "DVTHETA_MAX": 1.7,
    "N": 15,
    "T_HORIZON": 0.8,
    "RAMP_TIME": 1.8,
    "BARRIER_WEIGHT": 10,
    "TUNNEL_WIDTH": 0.5,
    "TUNNEL_WIDTH_GATE": 0.15,
    "NARROW_DIST": 0.7,
    "GATE_FLAT_DIST": 0.3,
    "Q_OMEGA": 2,
    "R_VTHETA": 1.0,
    "IN_GATE_RAMP_TIME": 0.3,
    "OUT_GATE_RAMP_TIME": 0.5
  },
  "box_lims": {
    "vtheta_max": 1.7,
    "dvtheta_max": 1.7
  }
}
2025-06-20 16:07:57,198 | INFO    | ===== INITIAL STATE DUMP =====
2025-06-20 16:07:57,198 | DEBUG   | {
  "xcurrent": [
    1.0740892887115479,
    1.4975711107254028,
    0.07171399891376495,
    0.0,
    0.0,
    0.0
  ],
  "params": {
    "QC": 10,
    "QC_GATE": 50,
    "QL": 40,
    "MU": 10,
    "DVTHETA_MAX": 1.7,
    "N": 15,
    "T_HORIZON": 0.8,
    "RAMP_TIME": 1.8,
    "BARRIER_WEIGHT": 10,
    "TUNNEL_WIDTH": 0.5,
    "TUNNEL_WIDTH_GATE": 0.15,
    "NARROW_DIST": 0.7,
    "GATE_FLAT_DIST": 0.3,
    "Q_OMEGA": 2,
    "R_VTHETA": 1.0,
    "IN_GATE_RAMP_TIME": 0.3,
    "OUT_GATE_RAMP_TIME": 0.5
  },
  "box_lims": {
    "vtheta_max": 1.7,
    "dvtheta_max": 1.7
  }
}
