2025-06-28 10:50:49,811 | INFO    | ===== INITIAL STATE DUMP =====
2025-06-28 10:50:49,811 | DEBUG   | {
  "xcurrent": [
    1.089695930480957,
    1.4088244438171387,
    0.08456537127494812,
    0.0,
    0.0,
    0.0
  ],
  "params": {
    "QC": 10,
    "QC_GATE": 50,
    "QL": 40,
    "MU": 10,
    "DVTHETA_MAX": 1.7,
    "N": 20,
    "T_HORIZON": 1.0,
    "RAMP_TIME": 1.8,
    "BARRIER_WEIGHT": 10,
    "TUNNEL_WIDTH": 0.4,
    "TUNNEL_WIDTH_GATE": 0.15,
    "NARROW_DIST": 0.7,
    "GATE_FLAT_DIST": 0.2,
    "Q_OMEGA": 2,
    "R_VTHETA": 1.0,
    "IN_GATE_RAMP_TIME": 0.3,
    "OUT_GATE_RAMP_TIME": 0.5,
    "REG_THRUST": 0.018,
    "REG_INPUTS": 0.1
  },
  "box_lims": {
    "vtheta_max": 1.7,
    "dvtheta_max": 1.7
  }
}
2025-06-28 10:50:57,399 | ERROR   | Solver failed | status=4 | SQP it=31 | KKT=7.60e-10 | t=0.029s
2025-06-28 10:50:57,400 | ERROR   | Dump saved → debug_logs/fail/tick0112.json
2025-06-28 10:50:57,426 | ERROR   | Solver failed | status=4 | SQP it=1 | KKT=7.36e+02 | t=0.001s
2025-06-28 10:50:57,427 | ERROR   | Dump saved → debug_logs/fail/tick0113.json
2025-06-28 10:50:57,617 | ERROR   | Solver failed | status=1 | SQP it=154 | KKT=6.05e-12 | t=0.165s
2025-06-28 10:50:57,618 | ERROR   | Dump saved → debug_logs/fail/tick0114.json
2025-06-28 10:50:57,642 | ERROR   | Solver failed | status=1 | SQP it=0 | KKT=nan | t=0.000s
2025-06-28 10:50:57,643 | ERROR   | Dump saved → debug_logs/fail/tick0115.json
2025-06-28 10:50:57,665 | ERROR   | Solver failed | status=1 | SQP it=0 | KKT=nan | t=0.000s
2025-06-28 10:50:57,666 | ERROR   | Dump saved → debug_logs/fail/tick0116.json
2025-06-28 10:50:57,690 | ERROR   | Solver failed | status=1 | SQP it=0 | KKT=nan | t=0.000s
2025-06-28 10:50:57,690 | ERROR   | Dump saved → debug_logs/fail/tick0117.json
2025-06-28 10:50:57,714 | ERROR   | Solver failed | status=1 | SQP it=0 | KKT=nan | t=0.000s
2025-06-28 10:50:57,715 | ERROR   | Dump saved → debug_logs/fail/tick0118.json
2025-06-28 10:50:57,740 | ERROR   | Solver failed | status=1 | SQP it=0 | KKT=nan | t=0.000s
2025-06-28 10:50:57,740 | ERROR   | Dump saved → debug_logs/fail/tick0119.json
2025-06-28 10:50:57,764 | ERROR   | Solver failed | status=1 | SQP it=0 | KKT=nan | t=0.000s
2025-06-28 10:50:57,765 | ERROR   | Dump saved → debug_logs/fail/tick0120.json
2025-06-28 10:50:57,789 | ERROR   | Solver failed | status=1 | SQP it=0 | KKT=nan | t=0.000s
2025-06-28 10:50:57,790 | ERROR   | Dump saved → debug_logs/fail/tick0121.json
2025-06-28 10:50:57,814 | ERROR   | Solver failed | status=1 | SQP it=0 | KKT=nan | t=0.000s
2025-06-28 10:50:57,815 | ERROR   | Dump saved → debug_logs/fail/tick0122.json
2025-06-28 10:50:57,839 | ERROR   | Solver failed | status=1 | SQP it=0 | KKT=nan | t=0.000s
2025-06-28 10:50:57,840 | ERROR   | Dump saved → debug_logs/fail/tick0123.json
2025-06-28 10:50:57,864 | ERROR   | Solver failed | status=1 | SQP it=0 | KKT=nan | t=0.000s
2025-06-28 10:50:57,865 | ERROR   | Dump saved → debug_logs/fail/tick0124.json
2025-06-28 10:50:57,890 | ERROR   | Solver failed | status=1 | SQP it=0 | KKT=nan | t=0.000s
2025-06-28 10:50:57,891 | ERROR   | Dump saved → debug_logs/fail/tick0125.json
2025-06-28 10:50:57,916 | ERROR   | Solver failed | status=1 | SQP it=0 | KKT=nan | t=0.000s
2025-06-28 10:50:57,916 | ERROR   | Dump saved → debug_logs/fail/tick0126.json
2025-06-28 10:50:57,941 | ERROR   | Solver failed | status=1 | SQP it=0 | KKT=nan | t=0.000s
2025-06-28 10:50:57,941 | ERROR   | Dump saved → debug_logs/fail/tick0127.json
2025-06-28 10:50:57,967 | ERROR   | Solver failed | status=1 | SQP it=0 | KKT=nan | t=0.000s
2025-06-28 10:50:57,968 | ERROR   | Dump saved → debug_logs/fail/tick0128.json
2025-06-28 10:50:57,993 | ERROR   | Solver failed | status=1 | SQP it=0 | KKT=nan | t=0.000s
2025-06-28 10:50:57,994 | ERROR   | Dump saved → debug_logs/fail/tick0129.json
2025-06-28 10:50:58,023 | ERROR   | Solver failed | status=1 | SQP it=0 | KKT=nan | t=0.000s
2025-06-28 10:50:58,024 | ERROR   | Dump saved → debug_logs/fail/tick0130.json
2025-06-28 10:50:58,050 | ERROR   | Solver failed | status=1 | SQP it=0 | KKT=nan | t=0.000s
2025-06-28 10:50:58,051 | ERROR   | Dump saved → debug_logs/fail/tick0131.json
2025-06-28 10:50:58,075 | ERROR   | Solver failed | status=1 | SQP it=0 | KKT=nan | t=0.000s
2025-06-28 10:50:58,075 | ERROR   | Dump saved → debug_logs/fail/tick0132.json
2025-06-28 10:50:58,100 | ERROR   | Solver failed | status=1 | SQP it=0 | KKT=nan | t=0.000s
2025-06-28 10:50:58,101 | ERROR   | Dump saved → debug_logs/fail/tick0133.json
2025-06-28 10:50:58,125 | ERROR   | Solver failed | status=1 | SQP it=0 | KKT=nan | t=0.000s
2025-06-28 10:50:58,126 | ERROR   | Dump saved → debug_logs/fail/tick0134.json
2025-06-28 10:50:58,150 | ERROR   | Solver failed | status=1 | SQP it=0 | KKT=nan | t=0.000s
2025-06-28 10:50:58,151 | ERROR   | Dump saved → debug_logs/fail/tick0135.json
2025-06-28 10:50:58,174 | ERROR   | Solver failed | status=1 | SQP it=0 | KKT=nan | t=0.000s
2025-06-28 10:50:58,175 | ERROR   | Dump saved → debug_logs/fail/tick0136.json
2025-06-28 10:50:58,198 | ERROR   | Solver failed | status=1 | SQP it=0 | KKT=nan | t=0.000s
2025-06-28 10:50:58,199 | ERROR   | Dump saved → debug_logs/fail/tick0137.json
2025-06-28 10:50:58,223 | ERROR   | Solver failed | status=1 | SQP it=0 | KKT=nan | t=0.000s
2025-06-28 10:50:58,224 | ERROR   | Dump saved → debug_logs/fail/tick0138.json
2025-06-28 10:50:58,248 | ERROR   | Solver failed | status=1 | SQP it=0 | KKT=nan | t=0.000s
2025-06-28 10:50:58,249 | ERROR   | Dump saved → debug_logs/fail/tick0139.json
2025-06-28 10:50:58,274 | ERROR   | Solver failed | status=1 | SQP it=0 | KKT=nan | t=0.000s
2025-06-28 10:50:58,274 | ERROR   | Dump saved → debug_logs/fail/tick0140.json
2025-06-28 10:50:58,299 | ERROR   | Solver failed | status=1 | SQP it=0 | KKT=nan | t=0.000s
2025-06-28 10:50:58,300 | ERROR   | Dump saved → debug_logs/fail/tick0141.json
2025-06-28 10:50:58,325 | ERROR   | Solver failed | status=1 | SQP it=0 | KKT=nan | t=0.000s
2025-06-28 10:50:58,326 | ERROR   | Dump saved → debug_logs/fail/tick0142.json
2025-06-28 10:50:58,350 | ERROR   | Solver failed | status=1 | SQP it=0 | KKT=nan | t=0.000s
2025-06-28 10:50:58,351 | ERROR   | Dump saved → debug_logs/fail/tick0143.json
2025-06-28 10:50:58,376 | ERROR   | Solver failed | status=1 | SQP it=0 | KKT=nan | t=0.000s
2025-06-28 10:50:58,376 | ERROR   | Dump saved → debug_logs/fail/tick0144.json
2025-06-28 10:50:58,402 | ERROR   | Solver failed | status=1 | SQP it=0 | KKT=nan | t=0.000s
2025-06-28 10:50:58,403 | ERROR   | Dump saved → debug_logs/fail/tick0145.json
2025-06-28 10:50:58,430 | ERROR   | Solver failed | status=1 | SQP it=0 | KKT=nan | t=0.000s
2025-06-28 10:50:58,431 | ERROR   | Dump saved → debug_logs/fail/tick0146.json
2025-06-28 10:50:58,457 | ERROR   | Solver failed | status=1 | SQP it=0 | KKT=nan | t=0.000s
2025-06-28 10:50:58,458 | ERROR   | Dump saved → debug_logs/fail/tick0147.json
2025-06-28 10:50:58,484 | ERROR   | Solver failed | status=1 | SQP it=0 | KKT=nan | t=0.000s
2025-06-28 10:50:58,485 | ERROR   | Dump saved → debug_logs/fail/tick0148.json
2025-06-28 10:50:58,508 | ERROR   | Solver failed | status=1 | SQP it=0 | KKT=nan | t=0.000s
2025-06-28 10:50:58,508 | ERROR   | Dump saved → debug_logs/fail/tick0149.json
2025-06-28 10:50:58,532 | ERROR   | Solver failed | status=1 | SQP it=0 | KKT=nan | t=0.000s
2025-06-28 10:50:58,532 | ERROR   | Dump saved → debug_logs/fail/tick0150.json
2025-06-28 10:50:58,556 | ERROR   | Solver failed | status=1 | SQP it=0 | KKT=nan | t=0.000s
2025-06-28 10:50:58,557 | ERROR   | Dump saved → debug_logs/fail/tick0151.json
2025-06-28 10:50:58,581 | ERROR   | Solver failed | status=1 | SQP it=0 | KKT=nan | t=0.000s
2025-06-28 10:50:58,582 | ERROR   | Dump saved → debug_logs/fail/tick0152.json
2025-06-28 10:50:58,606 | ERROR   | Solver failed | status=1 | SQP it=0 | KKT=nan | t=0.000s
2025-06-28 10:50:58,607 | ERROR   | Dump saved → debug_logs/fail/tick0153.json
2025-06-28 10:50:58,631 | ERROR   | Solver failed | status=1 | SQP it=0 | KKT=nan | t=0.000s
2025-06-28 10:50:58,632 | ERROR   | Dump saved → debug_logs/fail/tick0154.json
2025-06-28 10:50:58,656 | ERROR   | Solver failed | status=1 | SQP it=0 | KKT=nan | t=0.000s
2025-06-28 10:50:58,657 | ERROR   | Dump saved → debug_logs/fail/tick0155.json
2025-06-28 10:50:58,680 | ERROR   | Solver failed | status=1 | SQP it=0 | KKT=nan | t=0.000s
2025-06-28 10:50:58,681 | ERROR   | Dump saved → debug_logs/fail/tick0156.json
2025-06-28 10:50:58,707 | ERROR   | Solver failed | status=1 | SQP it=0 | KKT=nan | t=0.000s
2025-06-28 10:50:58,708 | ERROR   | Dump saved → debug_logs/fail/tick0157.json
2025-06-28 10:50:58,731 | ERROR   | Solver failed | status=1 | SQP it=0 | KKT=nan | t=0.000s
2025-06-28 10:50:58,731 | ERROR   | Dump saved → debug_logs/fail/tick0158.json
2025-06-28 10:50:58,755 | ERROR   | Solver failed | status=1 | SQP it=0 | KKT=nan | t=0.000s
2025-06-28 10:50:58,756 | ERROR   | Dump saved → debug_logs/fail/tick0159.json
2025-06-28 10:50:58,781 | ERROR   | Solver failed | status=1 | SQP it=0 | KKT=nan | t=0.000s
2025-06-28 10:50:58,782 | ERROR   | Dump saved → debug_logs/fail/tick0160.json
2025-06-28 10:50:58,807 | ERROR   | Solver failed | status=1 | SQP it=0 | KKT=nan | t=0.000s
2025-06-28 10:50:58,808 | ERROR   | Dump saved → debug_logs/fail/tick0161.json
2025-06-28 10:50:58,835 | ERROR   | Solver failed | status=1 | SQP it=0 | KKT=nan | t=0.000s
2025-06-28 10:50:58,835 | ERROR   | Dump saved → debug_logs/fail/tick0162.json
2025-06-28 10:50:58,862 | ERROR   | Solver failed | status=1 | SQP it=0 | KKT=nan | t=0.000s
2025-06-28 10:50:58,862 | ERROR   | Dump saved → debug_logs/fail/tick0163.json
2025-06-28 10:50:58,890 | ERROR   | Solver failed | status=1 | SQP it=0 | KKT=nan | t=0.000s
2025-06-28 10:50:58,891 | ERROR   | Dump saved → debug_logs/fail/tick0164.json
2025-06-28 10:50:58,918 | ERROR   | Solver failed | status=1 | SQP it=0 | KKT=nan | t=0.000s
2025-06-28 10:50:58,918 | ERROR   | Dump saved → debug_logs/fail/tick0165.json
2025-06-28 10:50:58,942 | ERROR   | Solver failed | status=1 | SQP it=0 | KKT=nan | t=0.000s
2025-06-28 10:50:58,943 | ERROR   | Dump saved → debug_logs/fail/tick0166.json
2025-06-28 10:50:58,966 | ERROR   | Solver failed | status=1 | SQP it=0 | KKT=nan | t=0.000s
2025-06-28 10:50:58,967 | ERROR   | Dump saved → debug_logs/fail/tick0167.json
2025-06-28 10:50:58,991 | ERROR   | Solver failed | status=1 | SQP it=0 | KKT=nan | t=0.000s
2025-06-28 10:50:58,991 | ERROR   | Dump saved → debug_logs/fail/tick0168.json
2025-06-28 10:50:59,014 | ERROR   | Solver failed | status=1 | SQP it=0 | KKT=nan | t=0.000s
2025-06-28 10:50:59,015 | ERROR   | Dump saved → debug_logs/fail/tick0169.json
2025-06-28 10:50:59,040 | ERROR   | Solver failed | status=1 | SQP it=0 | KKT=nan | t=0.000s
2025-06-28 10:50:59,041 | ERROR   | Dump saved → debug_logs/fail/tick0170.json
2025-06-28 10:50:59,066 | ERROR   | Solver failed | status=1 | SQP it=0 | KKT=nan | t=0.000s
2025-06-28 10:50:59,066 | ERROR   | Dump saved → debug_logs/fail/tick0171.json
2025-06-28 10:50:59,089 | ERROR   | Solver failed | status=1 | SQP it=0 | KKT=nan | t=0.000s
2025-06-28 10:50:59,090 | ERROR   | Dump saved → debug_logs/fail/tick0172.json
2025-06-28 10:50:59,121 | ERROR   | Solver failed | status=1 | SQP it=0 | KKT=nan | t=0.000s
2025-06-28 10:50:59,121 | ERROR   | Dump saved → debug_logs/fail/tick0173.json
2025-06-28 10:50:59,145 | ERROR   | Solver failed | status=1 | SQP it=0 | KKT=nan | t=0.000s
2025-06-28 10:50:59,146 | ERROR   | Dump saved → debug_logs/fail/tick0174.json
2025-06-28 10:50:59,173 | ERROR   | Solver failed | status=1 | SQP it=0 | KKT=nan | t=0.000s
2025-06-28 10:50:59,174 | ERROR   | Dump saved → debug_logs/fail/tick0175.json
2025-06-28 10:50:59,198 | ERROR   | Solver failed | status=1 | SQP it=0 | KKT=nan | t=0.000s
2025-06-28 10:50:59,199 | ERROR   | Dump saved → debug_logs/fail/tick0176.json
2025-06-28 10:50:59,224 | ERROR   | Solver failed | status=1 | SQP it=0 | KKT=nan | t=0.000s
2025-06-28 10:50:59,224 | ERROR   | Dump saved → debug_logs/fail/tick0177.json
2025-06-28 10:50:59,249 | ERROR   | Solver failed | status=1 | SQP it=0 | KKT=nan | t=0.000s
2025-06-28 10:50:59,250 | ERROR   | Dump saved → debug_logs/fail/tick0178.json
2025-06-28 10:50:59,277 | ERROR   | Solver failed | status=1 | SQP it=0 | KKT=nan | t=0.000s
2025-06-28 10:50:59,278 | ERROR   | Dump saved → debug_logs/fail/tick0179.json
2025-06-28 10:50:59,308 | ERROR   | Solver failed | status=1 | SQP it=0 | KKT=nan | t=0.000s
2025-06-28 10:50:59,308 | ERROR   | Dump saved → debug_logs/fail/tick0180.json
