2025-06-29 08:36:36,294 | INFO    | ===== INITIAL STATE DUMP =====
2025-06-29 08:36:36,295 | DEBUG   | {
  "xcurrent": [
    1.089695930480957,
    1.4088244438171387,
    0.08456537127494812,
    0.0,
    0.0,
    0.0
  ],
  "params": {
    "QC": 10,
    "QC_GATE": 50,
    "QL": 40,
    "MU": 10,
    "DVTHETA_MAX": 1.6,
    "N": 20,
    "T_HORIZON": 0.7,
    "RAMP_TIME": 0.7,
    "BARRIER_WEIGHT": 10,
    "OBSTACLE_WEIGHT": [
      100,
      100,
      100,
      100
    ],
    "OBSTACLE_RADIUS": 0.3,
    "OBSTACLE_ALPHA": 30.0,
    "TUNNEL_WIDTH": 0.4,
    "TUNNEL_WIDTH_GATE": 0.15,
    "NARROW_DIST": 0.6,
    "GATE_FLAT_DIST": 0.45,
    "Q_OMEGA": 2,
    "R_VTHETA": 1.0,
    "REG_THRUST": 0.02,
    "REG_INPUTS": 0.8
  },
  "box_lims": {
    "vtheta_max": 1.6,
    "dvtheta_max": 1.6
  }
}
2025-06-29 08:36:43,457 | ERROR   | Solver failed | status=4 | SQP it=33 | KKT=1.01e-10 | t=0.026s
2025-06-29 08:36:43,457 | ERROR   | Dump saved → debug_logs/fail/tick0071.json
2025-06-29 08:36:43,484 | ERROR   | Solver failed | status=4 | SQP it=1 | KKT=1.09e+02 | t=0.001s
2025-06-29 08:36:43,485 | ERROR   | Dump saved → debug_logs/fail/tick0072.json
2025-06-29 08:36:43,510 | ERROR   | Solver failed | status=4 | SQP it=1 | KKT=1.09e+02 | t=0.001s
2025-06-29 08:36:43,510 | ERROR   | Dump saved → debug_logs/fail/tick0073.json
2025-06-29 08:36:43,536 | ERROR   | Solver failed | status=4 | SQP it=1 | KKT=1.09e+02 | t=0.001s
2025-06-29 08:36:43,536 | ERROR   | Dump saved → debug_logs/fail/tick0074.json
2025-06-29 08:36:43,562 | ERROR   | Solver failed | status=4 | SQP it=1 | KKT=1.09e+02 | t=0.001s
2025-06-29 08:36:43,563 | ERROR   | Dump saved → debug_logs/fail/tick0075.json
2025-06-29 08:36:43,591 | ERROR   | Solver failed | status=4 | SQP it=1 | KKT=1.08e+02 | t=0.001s
2025-06-29 08:36:43,592 | ERROR   | Dump saved → debug_logs/fail/tick0076.json
2025-06-29 08:36:43,619 | ERROR   | Solver failed | status=4 | SQP it=1 | KKT=1.08e+02 | t=0.001s
2025-06-29 08:36:43,620 | ERROR   | Dump saved → debug_logs/fail/tick0077.json
2025-06-29 08:36:43,649 | ERROR   | Solver failed | status=4 | SQP it=1 | KKT=1.08e+02 | t=0.001s
2025-06-29 08:36:43,649 | ERROR   | Dump saved → debug_logs/fail/tick0078.json
2025-06-29 08:36:43,679 | ERROR   | Solver failed | status=4 | SQP it=1 | KKT=1.08e+02 | t=0.001s
2025-06-29 08:36:43,679 | ERROR   | Dump saved → debug_logs/fail/tick0079.json
2025-06-29 08:36:43,708 | ERROR   | Solver failed | status=4 | SQP it=1 | KKT=1.08e+02 | t=0.001s
2025-06-29 08:36:43,709 | ERROR   | Dump saved → debug_logs/fail/tick0080.json
2025-06-29 08:36:43,734 | ERROR   | Solver failed | status=4 | SQP it=1 | KKT=1.08e+02 | t=0.001s
2025-06-29 08:36:43,734 | ERROR   | Dump saved → debug_logs/fail/tick0081.json
2025-06-29 08:36:43,761 | ERROR   | Solver failed | status=4 | SQP it=1 | KKT=1.08e+02 | t=0.001s
2025-06-29 08:36:43,761 | ERROR   | Dump saved → debug_logs/fail/tick0082.json
2025-06-29 08:36:43,808 | ERROR   | Solver failed | status=4 | SQP it=26 | KKT=4.06e-09 | t=0.021s
2025-06-29 08:36:43,808 | ERROR   | Dump saved → debug_logs/fail/tick0083.json
2025-06-29 08:36:43,833 | ERROR   | Solver failed | status=4 | SQP it=1 | KKT=6.88e+01 | t=0.001s
2025-06-29 08:36:43,834 | ERROR   | Dump saved → debug_logs/fail/tick0084.json
2025-06-29 08:36:43,859 | ERROR   | Solver failed | status=4 | SQP it=1 | KKT=6.88e+01 | t=0.001s
2025-06-29 08:36:43,860 | ERROR   | Dump saved → debug_logs/fail/tick0085.json
2025-06-29 08:36:43,887 | ERROR   | Solver failed | status=4 | SQP it=1 | KKT=6.91e+01 | t=0.001s
2025-06-29 08:36:43,887 | ERROR   | Dump saved → debug_logs/fail/tick0086.json
2025-06-29 08:36:43,913 | ERROR   | Solver failed | status=4 | SQP it=1 | KKT=6.91e+01 | t=0.001s
2025-06-29 08:36:43,914 | ERROR   | Dump saved → debug_logs/fail/tick0087.json
2025-06-29 08:36:43,941 | ERROR   | Solver failed | status=4 | SQP it=1 | KKT=6.91e+01 | t=0.001s
2025-06-29 08:36:43,941 | ERROR   | Dump saved → debug_logs/fail/tick0088.json
2025-06-29 08:36:44,067 | ERROR   | Solver failed | status=4 | SQP it=115 | KKT=5.44e-09 | t=0.101s
2025-06-29 08:36:44,068 | ERROR   | Dump saved → debug_logs/fail/tick0089.json
2025-06-29 08:36:44,222 | ERROR   | Solver failed | status=4 | SQP it=145 | KKT=5.16e-09 | t=0.128s
2025-06-29 08:36:44,223 | ERROR   | Dump saved → debug_logs/fail/tick0090.json
2025-06-29 08:36:44,252 | ERROR   | Solver failed | status=4 | SQP it=1 | KKT=6.92e+01 | t=0.001s
2025-06-29 08:36:44,252 | ERROR   | Dump saved → debug_logs/fail/tick0091.json
2025-06-29 08:36:44,275 | ERROR   | Solver failed | status=4 | SQP it=1 | KKT=6.92e+01 | t=0.001s
2025-06-29 08:36:44,276 | ERROR   | Dump saved → debug_logs/fail/tick0092.json
2025-06-29 08:36:44,300 | ERROR   | Solver failed | status=4 | SQP it=1 | KKT=6.92e+01 | t=0.001s
2025-06-29 08:36:44,301 | ERROR   | Dump saved → debug_logs/fail/tick0093.json
2025-06-29 08:36:44,427 | ERROR   | Solver failed | status=4 | SQP it=119 | KKT=3.87e-10 | t=0.103s
2025-06-29 08:36:44,428 | ERROR   | Dump saved → debug_logs/fail/tick0094.json
2025-06-29 08:36:44,456 | ERROR   | Solver failed | status=4 | SQP it=1 | KKT=7.26e+01 | t=0.001s
2025-06-29 08:36:44,457 | ERROR   | Dump saved → debug_logs/fail/tick0095.json
2025-06-29 08:36:44,480 | ERROR   | Solver failed | status=4 | SQP it=1 | KKT=7.26e+01 | t=0.001s
2025-06-29 08:36:44,481 | ERROR   | Dump saved → debug_logs/fail/tick0096.json
2025-06-29 08:36:44,567 | ERROR   | Solver failed | status=4 | SQP it=75 | KKT=5.18e-08 | t=0.064s
2025-06-29 08:36:44,568 | ERROR   | Dump saved → debug_logs/fail/tick0097.json
2025-06-29 08:36:44,594 | ERROR   | Solver failed | status=4 | SQP it=1 | KKT=7.00e+01 | t=0.001s
2025-06-29 08:36:44,595 | ERROR   | Dump saved → debug_logs/fail/tick0098.json
2025-06-29 08:36:44,619 | ERROR   | Solver failed | status=4 | SQP it=1 | KKT=7.00e+01 | t=0.001s
2025-06-29 08:36:44,619 | ERROR   | Dump saved → debug_logs/fail/tick0099.json
2025-06-29 08:36:44,645 | ERROR   | Solver failed | status=4 | SQP it=1 | KKT=7.00e+01 | t=0.001s
2025-06-29 08:36:44,645 | ERROR   | Dump saved → debug_logs/fail/tick0100.json
2025-06-29 08:36:50,317 | ERROR   | Solver failed | status=4 | SQP it=1 | KKT=6.99e+01 | t=0.002s
2025-06-29 08:36:50,319 | ERROR   | Dump saved → debug_logs/fail/tick0101.json
2025-06-29 08:36:50,371 | ERROR   | Solver failed | status=4 | SQP it=1 | KKT=6.99e+01 | t=0.001s
2025-06-29 08:36:50,372 | ERROR   | Dump saved → debug_logs/fail/tick0102.json
2025-06-29 08:36:50,404 | ERROR   | Solver failed | status=4 | SQP it=1 | KKT=6.99e+01 | t=0.001s
2025-06-29 08:36:50,405 | ERROR   | Dump saved → debug_logs/fail/tick0103.json
2025-06-29 08:36:50,432 | ERROR   | Solver failed | status=4 | SQP it=1 | KKT=6.99e+01 | t=0.001s
2025-06-29 08:36:50,433 | ERROR   | Dump saved → debug_logs/fail/tick0104.json
2025-06-29 08:36:50,496 | ERROR   | Solver failed | status=4 | SQP it=44 | KKT=4.20e-09 | t=0.037s
2025-06-29 08:36:50,497 | ERROR   | Dump saved → debug_logs/fail/tick0105.json
2025-06-29 08:36:50,524 | ERROR   | Solver failed | status=4 | SQP it=1 | KKT=8.78e+01 | t=0.000s
2025-06-29 08:36:50,525 | ERROR   | Dump saved → debug_logs/fail/tick0106.json
2025-06-29 08:36:50,552 | ERROR   | Solver failed | status=4 | SQP it=1 | KKT=8.78e+01 | t=0.001s
2025-06-29 08:36:50,553 | ERROR   | Dump saved → debug_logs/fail/tick0107.json
2025-06-29 08:36:50,580 | ERROR   | Solver failed | status=4 | SQP it=1 | KKT=8.78e+01 | t=0.001s
2025-06-29 08:36:50,581 | ERROR   | Dump saved → debug_logs/fail/tick0108.json
2025-06-29 08:36:51,985 | INFO    | ===== INITIAL STATE DUMP =====
2025-06-29 08:36:51,985 | DEBUG   | {
  "xcurrent": [
    1.0936769247055054,
    1.4891141653060913,
    0.07114263623952866,
    0.0,
    0.0,
    0.0
  ],
  "params": {
    "QC": 10,
    "QC_GATE": 50,
    "QL": 40,
    "MU": 10,
    "DVTHETA_MAX": 1.6,
    "N": 20,
    "T_HORIZON": 0.7,
    "RAMP_TIME": 0.7,
    "BARRIER_WEIGHT": 10,
    "OBSTACLE_WEIGHT": [
      100,
      100,
      100,
      100
    ],
    "OBSTACLE_RADIUS": 0.3,
    "OBSTACLE_ALPHA": 30.0,
    "TUNNEL_WIDTH": 0.4,
    "TUNNEL_WIDTH_GATE": 0.15,
    "NARROW_DIST": 0.6,
    "GATE_FLAT_DIST": 0.45,
    "Q_OMEGA": 2,
    "R_VTHETA": 1.0,
    "REG_THRUST": 0.02,
    "REG_INPUTS": 0.8
  },
  "box_lims": {
    "vtheta_max": 1.6,
    "dvtheta_max": 1.6
  }
}
2025-06-29 08:36:54,284 | ERROR   | Solver failed | status=4 | SQP it=46 | KKT=2.29e-08 | t=0.037s
2025-06-29 08:36:54,285 | ERROR   | Dump saved → debug_logs/fail/tick0071.json
2025-06-29 08:36:54,318 | ERROR   | Solver failed | status=4 | SQP it=1 | KKT=2.12e+02 | t=0.007s
2025-06-29 08:36:54,319 | ERROR   | Dump saved → debug_logs/fail/tick0072.json
2025-06-29 08:36:54,346 | ERROR   | Solver failed | status=4 | SQP it=1 | KKT=2.12e+02 | t=0.001s
2025-06-29 08:36:54,346 | ERROR   | Dump saved → debug_logs/fail/tick0073.json
2025-06-29 08:36:54,376 | ERROR   | Solver failed | status=4 | SQP it=1 | KKT=2.12e+02 | t=0.001s
2025-06-29 08:36:54,376 | ERROR   | Dump saved → debug_logs/fail/tick0074.json
2025-06-29 08:36:54,403 | ERROR   | Solver failed | status=4 | SQP it=1 | KKT=2.12e+02 | t=0.001s
2025-06-29 08:36:54,404 | ERROR   | Dump saved → debug_logs/fail/tick0075.json
2025-06-29 08:36:54,431 | ERROR   | Solver failed | status=4 | SQP it=1 | KKT=2.12e+02 | t=0.001s
2025-06-29 08:36:54,431 | ERROR   | Dump saved → debug_logs/fail/tick0076.json
2025-06-29 08:36:54,486 | ERROR   | Solver failed | status=4 | SQP it=34 | KKT=6.33e-09 | t=0.026s
2025-06-29 08:36:54,486 | ERROR   | Dump saved → debug_logs/fail/tick0077.json
2025-06-29 08:36:54,516 | ERROR   | Solver failed | status=4 | SQP it=1 | KKT=2.00e+01 | t=0.001s
2025-06-29 08:36:54,516 | ERROR   | Dump saved → debug_logs/fail/tick0078.json
2025-06-29 08:36:54,544 | ERROR   | Solver failed | status=4 | SQP it=1 | KKT=2.00e+01 | t=0.001s
2025-06-29 08:36:54,545 | ERROR   | Dump saved → debug_logs/fail/tick0079.json
2025-06-29 08:36:54,799 | ERROR   | Solver failed | status=4 | SQP it=308 | KKT=4.37e-08 | t=0.224s
2025-06-29 08:36:54,800 | ERROR   | Dump saved → debug_logs/fail/tick0080.json
2025-06-29 08:36:54,829 | ERROR   | Solver failed | status=4 | SQP it=1 | KKT=1.05e+02 | t=0.001s
2025-06-29 08:36:54,829 | ERROR   | Dump saved → debug_logs/fail/tick0081.json
2025-06-29 08:36:54,853 | ERROR   | Solver failed | status=4 | SQP it=1 | KKT=1.05e+02 | t=0.000s
2025-06-29 08:36:54,854 | ERROR   | Dump saved → debug_logs/fail/tick0082.json
2025-06-29 08:36:55,615 | ERROR   | Solver failed | status=2 | SQP it=1000 | KKT=5.75e-08 | t=0.739s
2025-06-29 08:36:55,615 | ERROR   | Dump saved → debug_logs/fail/tick0083.json
2025-06-29 08:36:56,375 | ERROR   | Solver failed | status=2 | SQP it=1000 | KKT=4.57e-10 | t=0.734s
2025-06-29 08:36:56,376 | ERROR   | Dump saved → debug_logs/fail/tick0084.json
2025-06-29 08:36:57,982 | ERROR   | Solver failed | status=2 | SQP it=1000 | KKT=5.23e-09 | t=0.769s
2025-06-29 08:36:57,982 | ERROR   | Dump saved → debug_logs/fail/tick0111.json
