2025-06-30 18:36:18,360 | INFO    | ===== INITIAL STATE DUMP =====
2025-06-30 18:36:18,361 | DEBUG   | {
  "xcurrent": [
    1.089695930480957,
    1.4088244438171387,
    0.08456537127494812,
    0.0,
    0.0,
    0.0
  ],
  "params": {
    "QC": 10,
    "QL": 40,
    "MU": 10,
    "DVTHETA_MAX": 1.0,
    "N": 20,
    "T_HORIZON": 0.7,
    "RAMP_TIME": 1.8,
    "BW_RAMP": 1,
    "BARRIER_WEIGHT": 100,
    "TUNNEL_WIDTH": 0.4,
    "TUNNEL_WIDTH_GATE": 0.15,
    "NARROW_DIST": 0.7,
    "GATE_FLAT_DIST": 0.1,
    "Q_OMEGA": 1e-06,
    "R_VTHETA": 1.0,
    "REG_THRUST": 0,
    "REG_INPUTS": 0.09
  },
  "box_lims": {
    "vtheta_max": 1.0,
    "dvtheta_max": 1.0
  }
}
2025-06-30 18:36:19,232 | ERROR   | Solver failed | status=2 | SQP it=1000 | KKT=3.48e-08 | t=0.868s
2025-06-30 18:36:19,233 | ERROR   | Dump saved → debug_logs/fail/tick0000.json
2025-06-30 18:36:21,162 | ERROR   | Solver failed | status=2 | SQP it=1000 | KKT=2.03e-08 | t=0.870s
2025-06-30 18:36:21,163 | ERROR   | Dump saved → debug_logs/fail/tick0001.json
