2025-06-29 16:58:13,387 | INFO    | ===== INITIAL STATE DUMP =====
2025-06-29 16:58:13,387 | DEBUG   | {
  "xcurrent": [
    1.089695930480957,
    1.4088244438171387,
    0.08456537127494812,
    0.0,
    0.0,
    0.0
  ],
  "params": {
    "QC": 10,
    "QL": 40,
    "MU": 10,
    "DVTHETA_MAX": 1.7,
    "N": 20,
    "T_HORIZON": 0.7,
    "RAMP_TIME": 1.8,
    "BW_RAMP": 0.3,
    "BARRIER_WEIGHT": 30,
    "TUNNEL_WIDTH": 0.4,
    "TUNNEL_WIDTH_GATE": 0.15,
    "NARROW_DIST": 0.7,
    "GATE_FLAT_DIST": 0.2,
    "Q_OMEGA": 2,
    "R_VTHETA": 1.0,
    "REG_THRUST": 0.018,
    "REG_INPUTS": 0.04
  },
  "box_lims": {
    "vtheta_max": 1.7,
    "dvtheta_max": 1.7
  }
}
2025-06-29 16:58:46,395 | INFO    | ===== INITIAL STATE DUMP =====
2025-06-29 16:58:46,395 | DEBUG   | {
  "xcurrent": [
    0.9559448957443237,
    1.4790202379226685,
    0.07992087304592133,
    0.0,
    0.0,
    0.0
  ],
  "params": {
    "QC": 10,
    "QL": 40,
    "MU": 10,
    "DVTHETA_MAX": 1.7,
    "N": 20,
    "T_HORIZON": 0.7,
    "RAMP_TIME": 1.8,
    "BW_RAMP": 0.3,
    "BARRIER_WEIGHT": 30,
    "TUNNEL_WIDTH": 0.4,
    "TUNNEL_WIDTH_GATE": 0.15,
    "NARROW_DIST": 0.7,
    "GATE_FLAT_DIST": 0.2,
    "Q_OMEGA": 2,
    "R_VTHETA": 1.0,
    "REG_THRUST": 0.018,
    "REG_INPUTS": 0.04
  },
  "box_lims": {
    "vtheta_max": 1.7,
    "dvtheta_max": 1.7
  }
}
2025-06-29 16:58:58,742 | INFO    | ===== INITIAL STATE DUMP =====
2025-06-29 16:58:58,742 | DEBUG   | {
  "xcurrent": [
    1.0796540975570679,
    1.4108861684799194,
    0.07388107478618622,
    0.0,
    0.0,
    0.0
  ],
  "params": {
    "QC": 10,
    "QL": 40,
    "MU": 10,
    "DVTHETA_MAX": 1.7,
    "N": 20,
    "T_HORIZON": 0.7,
    "RAMP_TIME": 1.8,
    "BW_RAMP": 0.3,
    "BARRIER_WEIGHT": 30,
    "TUNNEL_WIDTH": 0.4,
    "TUNNEL_WIDTH_GATE": 0.15,
    "NARROW_DIST": 0.7,
    "GATE_FLAT_DIST": 0.2,
    "Q_OMEGA": 2,
    "R_VTHETA": 1.0,
    "REG_THRUST": 0.018,
    "REG_INPUTS": 0.04
  },
  "box_lims": {
    "vtheta_max": 1.7,
    "dvtheta_max": 1.7
  }
}
