2025-06-08 23:06:43,420 | INFO    | ===== INITIAL STATE DUMP =====
2025-06-08 23:06:43,421 | DEBUG   | {
  "xcurrent": [
    1.089695930480957,
    1.4088244438171387,
    0.08456537127494812,
    0.0,
    0.0,
    0.0
  ],
  "params": {
    "QC": 10,
    "QL": 80,
    "MU": 10,
    "DVTHETA_MAX": 1.0,
    "N": 30,
    "T_HORIZON": 1.5,
    "RAMP_TIME": 1.8,
    "BARRIER_WEIGHT": 10,
    "TUNNEL_WIDTH": 0.35,
    "TUNNEL_WIDTH_GATE": 0.3,
    "Q_OMEGA": 2,
    "R_VTHETA": 1.0,
    "IN_GATE_RAMP_TIME": 0.4,
    "OUT_GATE_RAMP_TIME": 1
  },
  "box_lims": {
    "vtheta_max": 1.0,
    "dvtheta_max": 1.0
  }
}
2025-06-08 23:07:24,873 | ERROR   | Solver failed | status=1 | SQP it=185 | KKT=7.89e-09 | t=0.226s
2025-06-08 23:07:24,874 | ERROR   | Dump saved → debug_logs/fail/tick0370.json
2025-06-08 23:07:24,904 | ERROR   | Solver failed | status=1 | SQP it=0 | KKT=nan | t=0.000s
2025-06-08 23:07:24,905 | ERROR   | Dump saved → debug_logs/fail/tick0371.json
2025-06-08 23:07:36,498 | ERROR   | Solver failed | status=1 | SQP it=0 | KKT=nan | t=0.001s
2025-06-08 23:07:36,500 | ERROR   | Dump saved → debug_logs/fail/tick0372.json
2025-06-08 23:07:36,544 | ERROR   | Solver failed | status=1 | SQP it=0 | KKT=nan | t=0.000s
2025-06-08 23:07:36,546 | ERROR   | Dump saved → debug_logs/fail/tick0373.json
2025-06-08 23:07:36,576 | ERROR   | Solver failed | status=1 | SQP it=0 | KKT=nan | t=0.000s
2025-06-08 23:07:36,578 | ERROR   | Dump saved → debug_logs/fail/tick0374.json
2025-06-08 23:07:36,607 | ERROR   | Solver failed | status=1 | SQP it=0 | KKT=nan | t=0.000s
2025-06-08 23:07:36,608 | ERROR   | Dump saved → debug_logs/fail/tick0375.json
2025-06-08 23:07:36,638 | ERROR   | Solver failed | status=1 | SQP it=0 | KKT=nan | t=0.000s
2025-06-08 23:07:36,638 | ERROR   | Dump saved → debug_logs/fail/tick0376.json
2025-06-08 23:07:36,666 | ERROR   | Solver failed | status=1 | SQP it=0 | KKT=nan | t=0.000s
2025-06-08 23:07:36,667 | ERROR   | Dump saved → debug_logs/fail/tick0377.json
2025-06-08 23:07:36,696 | ERROR   | Solver failed | status=1 | SQP it=0 | KKT=nan | t=0.000s
2025-06-08 23:07:36,697 | ERROR   | Dump saved → debug_logs/fail/tick0378.json
2025-06-08 23:07:36,726 | ERROR   | Solver failed | status=1 | SQP it=0 | KKT=nan | t=0.000s
2025-06-08 23:07:36,727 | ERROR   | Dump saved → debug_logs/fail/tick0379.json
2025-06-08 23:07:36,755 | ERROR   | Solver failed | status=1 | SQP it=0 | KKT=nan | t=0.000s
2025-06-08 23:07:36,756 | ERROR   | Dump saved → debug_logs/fail/tick0380.json
2025-06-08 23:07:36,789 | ERROR   | Solver failed | status=1 | SQP it=0 | KKT=nan | t=0.000s
2025-06-08 23:07:36,790 | ERROR   | Dump saved → debug_logs/fail/tick0381.json
2025-06-08 23:07:36,819 | ERROR   | Solver failed | status=1 | SQP it=0 | KKT=nan | t=0.000s
2025-06-08 23:07:36,820 | ERROR   | Dump saved → debug_logs/fail/tick0382.json
2025-06-08 23:07:36,852 | ERROR   | Solver failed | status=1 | SQP it=0 | KKT=nan | t=0.000s
2025-06-08 23:07:36,852 | ERROR   | Dump saved → debug_logs/fail/tick0383.json
2025-06-08 23:07:36,881 | ERROR   | Solver failed | status=1 | SQP it=0 | KKT=nan | t=0.000s
2025-06-08 23:07:36,882 | ERROR   | Dump saved → debug_logs/fail/tick0384.json
2025-06-08 23:07:36,914 | ERROR   | Solver failed | status=1 | SQP it=0 | KKT=nan | t=0.000s
2025-06-08 23:07:36,915 | ERROR   | Dump saved → debug_logs/fail/tick0385.json
2025-06-08 23:07:36,949 | ERROR   | Solver failed | status=1 | SQP it=0 | KKT=nan | t=0.000s
2025-06-08 23:07:36,950 | ERROR   | Dump saved → debug_logs/fail/tick0386.json
2025-06-08 23:07:36,979 | ERROR   | Solver failed | status=1 | SQP it=0 | KKT=nan | t=0.000s
2025-06-08 23:07:36,980 | ERROR   | Dump saved → debug_logs/fail/tick0387.json
2025-06-08 23:07:37,011 | ERROR   | Solver failed | status=1 | SQP it=0 | KKT=nan | t=0.000s
2025-06-08 23:07:37,011 | ERROR   | Dump saved → debug_logs/fail/tick0388.json
2025-06-08 23:07:37,039 | ERROR   | Solver failed | status=1 | SQP it=0 | KKT=nan | t=0.000s
2025-06-08 23:07:37,040 | ERROR   | Dump saved → debug_logs/fail/tick0389.json
2025-06-08 23:07:37,067 | ERROR   | Solver failed | status=1 | SQP it=0 | KKT=nan | t=0.000s
2025-06-08 23:07:37,068 | ERROR   | Dump saved → debug_logs/fail/tick0390.json
2025-06-08 23:07:37,094 | ERROR   | Solver failed | status=1 | SQP it=0 | KKT=nan | t=0.000s
2025-06-08 23:07:37,095 | ERROR   | Dump saved → debug_logs/fail/tick0391.json
2025-06-08 23:07:37,122 | ERROR   | Solver failed | status=1 | SQP it=0 | KKT=nan | t=0.000s
2025-06-08 23:07:37,123 | ERROR   | Dump saved → debug_logs/fail/tick0392.json
2025-06-08 23:07:37,151 | ERROR   | Solver failed | status=1 | SQP it=0 | KKT=nan | t=0.000s
2025-06-08 23:07:37,152 | ERROR   | Dump saved → debug_logs/fail/tick0393.json
2025-06-08 23:07:37,181 | ERROR   | Solver failed | status=1 | SQP it=0 | KKT=nan | t=0.000s
2025-06-08 23:07:37,182 | ERROR   | Dump saved → debug_logs/fail/tick0394.json
2025-06-08 23:07:37,214 | ERROR   | Solver failed | status=1 | SQP it=0 | KKT=nan | t=0.000s
2025-06-08 23:07:37,215 | ERROR   | Dump saved → debug_logs/fail/tick0395.json
2025-06-08 23:07:37,244 | ERROR   | Solver failed | status=1 | SQP it=0 | KKT=nan | t=0.000s
2025-06-08 23:07:37,245 | ERROR   | Dump saved → debug_logs/fail/tick0396.json
2025-06-08 23:07:37,274 | ERROR   | Solver failed | status=1 | SQP it=0 | KKT=nan | t=0.000s
2025-06-08 23:07:37,275 | ERROR   | Dump saved → debug_logs/fail/tick0397.json
