2025-06-28 19:47:32,586 | INFO    | ===== INITIAL STATE DUMP =====
2025-06-28 19:47:32,586 | DEBUG   | {
  "xcurrent": [
    1.089695930480957,
    1.4088244438171387,
    0.08456537127494812,
    0.0,
    0.0,
    0.0
  ],
  "params": {
    "QC": 10,
    "QC_GATE": 50,
    "QL": 40,
    "MU": 10,
    "DVTHETA_MAX": 1.6,
    "N": 20,
    "T_HORIZON": 0.7,
    "RAMP_TIME": 0.7,
    "BARRIER_WEIGHT": 10,
    "OBSTACLE_WEIGHT": [
      10,
      50,
      10,
      10
    ],
    "OBSTACLE_RADIUS": 0.2,
    "TUNNEL_WIDTH": 0.4,
    "TUNNEL_WIDTH_GATE": 0.15,
    "NARROW_DIST": 0.6,
    "GATE_FLAT_DIST": 0.45,
    "Q_OMEGA": 2,
    "R_VTHETA": 1.0,
    "REG_THRUST": 0.02,
    "REG_INPUTS": 0.8
  },
  "box_lims": {
    "vtheta_max": 1.6,
    "dvtheta_max": 1.6
  }
}
2025-06-28 19:47:40,464 | ERROR   | Solver failed | status=2 | SQP it=1000 | KKT=7.83e-08 | t=0.543s
2025-06-28 19:47:40,466 | ERROR   | Dump saved → debug_logs/fail/tick0120.json
2025-06-28 19:47:40,504 | ERROR   | Solver failed | status=4 | SQP it=17 | KKT=8.90e-08 | t=0.011s
2025-06-28 19:47:40,505 | ERROR   | Dump saved → debug_logs/fail/tick0121.json
2025-06-28 19:47:41,536 | ERROR   | Solver failed | status=4 | SQP it=1 | KKT=3.68e+01 | t=0.002s
2025-06-28 19:47:41,538 | ERROR   | Dump saved → debug_logs/fail/tick0122.json
2025-06-28 19:47:41,582 | ERROR   | Solver failed | status=4 | SQP it=1 | KKT=3.67e+01 | t=0.001s
2025-06-28 19:47:41,583 | ERROR   | Dump saved → debug_logs/fail/tick0123.json
2025-06-28 19:47:41,680 | ERROR   | Solver failed | status=4 | SQP it=29 | KKT=1.27e-09 | t=0.023s
2025-06-28 19:47:41,681 | ERROR   | Dump saved → debug_logs/fail/tick0125.json
2025-06-28 19:47:41,708 | ERROR   | Solver failed | status=4 | SQP it=1 | KKT=6.45e+01 | t=0.002s
2025-06-28 19:47:41,709 | ERROR   | Dump saved → debug_logs/fail/tick0126.json
2025-06-28 19:47:41,738 | ERROR   | Solver failed | status=4 | SQP it=3 | KKT=6.49e+01 | t=0.002s
2025-06-28 19:47:41,738 | ERROR   | Dump saved → debug_logs/fail/tick0127.json
2025-06-28 19:47:41,768 | ERROR   | Solver failed | status=4 | SQP it=1 | KKT=5.53e+01 | t=0.001s
2025-06-28 19:47:41,769 | ERROR   | Dump saved → debug_logs/fail/tick0128.json
2025-06-28 19:47:41,798 | ERROR   | Solver failed | status=4 | SQP it=1 | KKT=5.50e+01 | t=0.001s
2025-06-28 19:47:41,799 | ERROR   | Dump saved → debug_logs/fail/tick0129.json
2025-06-28 19:47:41,825 | ERROR   | Solver failed | status=4 | SQP it=1 | KKT=5.13e+01 | t=0.001s
2025-06-28 19:47:41,826 | ERROR   | Dump saved → debug_logs/fail/tick0130.json
2025-06-28 19:47:41,851 | ERROR   | Solver failed | status=4 | SQP it=1 | KKT=5.06e+01 | t=0.001s
2025-06-28 19:47:41,852 | ERROR   | Dump saved → debug_logs/fail/tick0131.json
2025-06-28 19:47:41,880 | ERROR   | Solver failed | status=4 | SQP it=1 | KKT=4.98e+01 | t=0.001s
2025-06-28 19:47:41,880 | ERROR   | Dump saved → debug_logs/fail/tick0132.json
2025-06-28 19:47:41,915 | ERROR   | Solver failed | status=4 | SQP it=10 | KKT=2.22e-16 | t=0.009s
2025-06-28 19:47:41,916 | ERROR   | Dump saved → debug_logs/fail/tick0133.json
2025-06-28 19:47:41,944 | ERROR   | Solver failed | status=4 | SQP it=1 | KKT=8.12e+01 | t=0.001s
2025-06-28 19:47:41,944 | ERROR   | Dump saved → debug_logs/fail/tick0134.json
2025-06-28 19:47:41,971 | ERROR   | Solver failed | status=4 | SQP it=1 | KKT=8.12e+01 | t=0.001s
2025-06-28 19:47:41,972 | ERROR   | Dump saved → debug_logs/fail/tick0135.json
2025-06-28 19:47:44,351 | INFO    | ===== INITIAL STATE DUMP =====
2025-06-28 19:47:44,351 | DEBUG   | {
  "xcurrent": [
    1.0577173233032227,
    1.455078363418579,
    0.07263592630624771,
    0.0,
    0.0,
    0.0
  ],
  "params": {
    "QC": 10,
    "QC_GATE": 50,
    "QL": 40,
    "MU": 10,
    "DVTHETA_MAX": 1.6,
    "N": 20,
    "T_HORIZON": 0.7,
    "RAMP_TIME": 0.7,
    "BARRIER_WEIGHT": 10,
    "OBSTACLE_WEIGHT": [
      10,
      50,
      10,
      10
    ],
    "OBSTACLE_RADIUS": 0.2,
    "TUNNEL_WIDTH": 0.4,
    "TUNNEL_WIDTH_GATE": 0.15,
    "NARROW_DIST": 0.6,
    "GATE_FLAT_DIST": 0.45,
    "Q_OMEGA": 2,
    "R_VTHETA": 1.0,
    "REG_THRUST": 0.02,
    "REG_INPUTS": 0.8
  },
  "box_lims": {
    "vtheta_max": 1.6,
    "dvtheta_max": 1.6
  }
}
