2025-06-28 19:40:25,263 | INFO    | ===== INITIAL STATE DUMP =====
2025-06-28 19:40:25,264 | DEBUG   | {
  "xcurrent": [
    1.089695930480957,
    1.4088244438171387,
    0.08456537127494812,
    0.0,
    0.0,
    0.0
  ],
  "params": {
    "QC": 10,
    "QC_GATE": 50,
    "QL": 40,
    "MU": 10,
    "DVTHETA_MAX": 1.6,
    "N": 20,
    "T_HORIZON": 0.7,
    "RAMP_TIME": 0.7,
    "BARRIER_WEIGHT": 10,
    "OBSTACLE_WEIGHT": [
      5,
      10,
      10,
      10
    ],
    "OBSTACLE_RADIUS": 0.15,
    "TUNNEL_WIDTH": 0.4,
    "TUNNEL_WIDTH_GATE": 0.15,
    "NARROW_DIST": 0.6,
    "GATE_FLAT_DIST": 0.45,
    "Q_OMEGA": 2,
    "R_VTHETA": 1.0,
    "REG_THRUST": 0.05,
    "REG_INPUTS": 0.01
  },
  "box_lims": {
    "vtheta_max": 1.6,
    "dvtheta_max": 1.6
  }
}
2025-06-28 19:40:31,117 | ERROR   | Solver failed | status=4 | SQP it=2 | KKT=2.91e+00 | t=0.005s
2025-06-28 19:40:31,120 | ERROR   | Dump saved → debug_logs/fail/tick0082.json
2025-06-28 19:40:31,165 | ERROR   | Solver failed | status=4 | SQP it=1 | KKT=2.73e+00 | t=0.001s
2025-06-28 19:40:31,166 | ERROR   | Dump saved → debug_logs/fail/tick0083.json
2025-06-28 19:40:31,198 | ERROR   | Solver failed | status=4 | SQP it=1 | KKT=2.73e+00 | t=0.001s
2025-06-28 19:40:31,198 | ERROR   | Dump saved → debug_logs/fail/tick0084.json
2025-06-28 19:40:31,230 | ERROR   | Solver failed | status=4 | SQP it=1 | KKT=2.70e+00 | t=0.001s
2025-06-28 19:40:31,231 | ERROR   | Dump saved → debug_logs/fail/tick0085.json
2025-06-28 19:40:31,260 | ERROR   | Solver failed | status=4 | SQP it=1 | KKT=2.70e+00 | t=0.001s
2025-06-28 19:40:31,260 | ERROR   | Dump saved → debug_logs/fail/tick0086.json
2025-06-28 19:40:52,246 | ERROR   | Solver failed | status=4 | SQP it=11 | KKT=5.18e-13 | t=0.109s
2025-06-28 19:40:52,247 | ERROR   | Dump saved → debug_logs/fail/tick0252.json
2025-06-28 19:40:53,839 | INFO    | ===== INITIAL STATE DUMP =====
2025-06-28 19:40:53,839 | DEBUG   | {
  "xcurrent": [
    1.0765208005905151,
    1.4839699268341064,
    0.08398935943841934,
    0.0,
    0.0,
    0.0
  ],
  "params": {
    "QC": 10,
    "QC_GATE": 50,
    "QL": 40,
    "MU": 10,
    "DVTHETA_MAX": 1.6,
    "N": 20,
    "T_HORIZON": 0.7,
    "RAMP_TIME": 0.7,
    "BARRIER_WEIGHT": 10,
    "OBSTACLE_WEIGHT": [
      5,
      10,
      10,
      10
    ],
    "OBSTACLE_RADIUS": 0.15,
    "TUNNEL_WIDTH": 0.4,
    "TUNNEL_WIDTH_GATE": 0.15,
    "NARROW_DIST": 0.6,
    "GATE_FLAT_DIST": 0.45,
    "Q_OMEGA": 2,
    "R_VTHETA": 1.0,
    "REG_THRUST": 0.05,
    "REG_INPUTS": 0.01
  },
  "box_lims": {
    "vtheta_max": 1.6,
    "dvtheta_max": 1.6
  }
}
2025-06-28 19:41:05,952 | ERROR   | Solver failed | status=4 | SQP it=4 | KKT=3.73e-15 | t=0.004s
2025-06-28 19:41:05,954 | ERROR   | Dump saved → debug_logs/fail/tick0272.json
2025-06-28 19:41:05,985 | ERROR   | Solver failed | status=4 | SQP it=1 | KKT=2.89e+01 | t=0.002s
2025-06-28 19:41:05,986 | ERROR   | Dump saved → debug_logs/fail/tick0273.json
2025-06-28 19:41:06,018 | ERROR   | Solver failed | status=4 | SQP it=1 | KKT=2.89e+01 | t=0.001s
2025-06-28 19:41:06,019 | ERROR   | Dump saved → debug_logs/fail/tick0274.json
2025-06-28 19:41:06,050 | ERROR   | Solver failed | status=4 | SQP it=1 | KKT=2.89e+01 | t=0.002s
2025-06-28 19:41:06,051 | ERROR   | Dump saved → debug_logs/fail/tick0275.json
2025-06-28 19:41:06,083 | ERROR   | Solver failed | status=4 | SQP it=1 | KKT=2.89e+01 | t=0.002s
2025-06-28 19:41:06,084 | ERROR   | Dump saved → debug_logs/fail/tick0276.json
2025-06-28 19:41:06,114 | ERROR   | Solver failed | status=4 | SQP it=1 | KKT=2.89e+01 | t=0.001s
2025-06-28 19:41:06,115 | ERROR   | Dump saved → debug_logs/fail/tick0277.json
2025-06-28 19:41:06,148 | ERROR   | Solver failed | status=4 | SQP it=1 | KKT=2.89e+01 | t=0.002s
2025-06-28 19:41:06,148 | ERROR   | Dump saved → debug_logs/fail/tick0278.json
2025-06-28 19:41:06,180 | ERROR   | Solver failed | status=4 | SQP it=1 | KKT=2.89e+01 | t=0.002s
2025-06-28 19:41:06,181 | ERROR   | Dump saved → debug_logs/fail/tick0279.json
2025-06-28 19:41:06,755 | ERROR   | Solver failed | status=4 | SQP it=8 | KKT=2.27e-13 | t=0.007s
2025-06-28 19:41:06,756 | ERROR   | Dump saved → debug_logs/fail/tick0296.json
2025-06-28 19:41:06,785 | ERROR   | Solver failed | status=4 | SQP it=1 | KKT=6.25e+01 | t=0.003s
2025-06-28 19:41:06,786 | ERROR   | Dump saved → debug_logs/fail/tick0297.json
2025-06-28 19:41:06,814 | ERROR   | Solver failed | status=4 | SQP it=1 | KKT=6.25e+01 | t=0.002s
2025-06-28 19:41:06,815 | ERROR   | Dump saved → debug_logs/fail/tick0298.json
2025-06-28 19:41:06,843 | ERROR   | Solver failed | status=4 | SQP it=1 | KKT=6.25e+01 | t=0.002s
2025-06-28 19:41:06,844 | ERROR   | Dump saved → debug_logs/fail/tick0299.json
2025-06-28 19:41:09,877 | INFO    | ===== INITIAL STATE DUMP =====
2025-06-28 19:41:09,877 | DEBUG   | {
  "xcurrent": [
    1.0036059617996216,
    1.5707155466079712,
    0.07978396117687225,
    0.0,
    0.0,
    0.0
  ],
  "params": {
    "QC": 10,
    "QC_GATE": 50,
    "QL": 40,
    "MU": 10,
    "DVTHETA_MAX": 1.6,
    "N": 20,
    "T_HORIZON": 0.7,
    "RAMP_TIME": 0.7,
    "BARRIER_WEIGHT": 10,
    "OBSTACLE_WEIGHT": [
      5,
      10,
      10,
      10
    ],
    "OBSTACLE_RADIUS": 0.15,
    "TUNNEL_WIDTH": 0.4,
    "TUNNEL_WIDTH_GATE": 0.15,
    "NARROW_DIST": 0.6,
    "GATE_FLAT_DIST": 0.45,
    "Q_OMEGA": 2,
    "R_VTHETA": 1.0,
    "REG_THRUST": 0.05,
    "REG_INPUTS": 0.01
  },
  "box_lims": {
    "vtheta_max": 1.6,
    "dvtheta_max": 1.6
  }
}
2025-06-28 19:41:16,476 | INFO    | ===== INITIAL STATE DUMP =====
2025-06-28 19:41:16,476 | DEBUG   | {
  "xcurrent": [
    0.9691267013549805,
    1.4500478506088257,
    0.07318337261676788,
    0.0,
    0.0,
    0.0
  ],
  "params": {
    "QC": 10,
    "QC_GATE": 50,
    "QL": 40,
    "MU": 10,
    "DVTHETA_MAX": 1.6,
    "N": 20,
    "T_HORIZON": 0.7,
    "RAMP_TIME": 0.7,
    "BARRIER_WEIGHT": 10,
    "OBSTACLE_WEIGHT": [
      5,
      10,
      10,
      10
    ],
    "OBSTACLE_RADIUS": 0.15,
    "TUNNEL_WIDTH": 0.4,
    "TUNNEL_WIDTH_GATE": 0.15,
    "NARROW_DIST": 0.6,
    "GATE_FLAT_DIST": 0.45,
    "Q_OMEGA": 2,
    "R_VTHETA": 1.0,
    "REG_THRUST": 0.05,
    "REG_INPUTS": 0.01
  },
  "box_lims": {
    "vtheta_max": 1.6,
    "dvtheta_max": 1.6
  }
}
2025-06-28 19:41:24,196 | ERROR   | Solver failed | status=4 | SQP it=1 | KKT=6.00e+00 | t=0.001s
2025-06-28 19:41:24,197 | ERROR   | Dump saved → debug_logs/fail/tick0251.json
2025-06-28 19:41:24,224 | ERROR   | Solver failed | status=4 | SQP it=1 | KKT=6.00e+00 | t=0.001s
2025-06-28 19:41:24,225 | ERROR   | Dump saved → debug_logs/fail/tick0252.json
2025-06-28 19:41:24,251 | ERROR   | Solver failed | status=4 | SQP it=1 | KKT=8.09e+00 | t=0.001s
2025-06-28 19:41:24,251 | ERROR   | Dump saved → debug_logs/fail/tick0253.json
2025-06-28 19:41:25,154 | ERROR   | Solver failed | status=4 | SQP it=40 | KKT=2.26e-09 | t=0.039s
2025-06-28 19:41:25,155 | ERROR   | Dump saved → debug_logs/fail/tick0281.json
2025-06-28 19:41:25,191 | ERROR   | Solver failed | status=4 | SQP it=1 | KKT=7.43e+01 | t=0.007s
2025-06-28 19:41:25,191 | ERROR   | Dump saved → debug_logs/fail/tick0282.json
2025-06-28 19:41:25,663 | ERROR   | Solver failed | status=4 | SQP it=5 | KKT=0.00e+00 | t=0.004s
2025-06-28 19:41:25,665 | ERROR   | Dump saved → debug_logs/fail/tick0292.json
2025-06-28 19:41:25,691 | ERROR   | Solver failed | status=4 | SQP it=1 | KKT=8.62e+00 | t=0.001s
2025-06-28 19:41:25,692 | ERROR   | Dump saved → debug_logs/fail/tick0293.json
2025-06-28 19:41:25,717 | ERROR   | Solver failed | status=4 | SQP it=1 | KKT=8.62e+00 | t=0.001s
2025-06-28 19:41:25,718 | ERROR   | Dump saved → debug_logs/fail/tick0294.json
2025-06-28 19:41:25,761 | ERROR   | Solver failed | status=4 | SQP it=20 | KKT=3.10e-12 | t=0.016s
2025-06-28 19:41:25,762 | ERROR   | Dump saved → debug_logs/fail/tick0295.json
2025-06-28 19:41:25,791 | ERROR   | Solver failed | status=4 | SQP it=1 | KKT=6.99e+01 | t=0.004s
2025-06-28 19:41:25,792 | ERROR   | Dump saved → debug_logs/fail/tick0296.json
2025-06-28 19:41:28,214 | ERROR   | Solver failed | status=2 | SQP it=1000 | KKT=4.90e-08 | t=0.651s
2025-06-28 19:41:28,215 | ERROR   | Dump saved → debug_logs/fail/tick0338.json
2025-06-28 19:41:29,074 | ERROR   | Solver failed | status=2 | SQP it=1000 | KKT=1.36e-10 | t=0.827s
2025-06-28 19:41:29,075 | ERROR   | Dump saved → debug_logs/fail/tick0339.json
2025-06-28 19:41:29,807 | ERROR   | Solver failed | status=2 | SQP it=1000 | KKT=1.90e-08 | t=0.700s
2025-06-28 19:41:29,808 | ERROR   | Dump saved → debug_logs/fail/tick0340.json
2025-06-28 19:41:29,848 | ERROR   | Solver failed | status=4 | SQP it=11 | KKT=5.86e-08 | t=0.013s
2025-06-28 19:41:29,849 | ERROR   | Dump saved → debug_logs/fail/tick0341.json
2025-06-28 19:41:29,880 | ERROR   | Solver failed | status=4 | SQP it=1 | KKT=6.95e+01 | t=0.002s
2025-06-28 19:41:29,880 | ERROR   | Dump saved → debug_logs/fail/tick0342.json
2025-06-28 19:41:29,905 | ERROR   | Solver failed | status=4 | SQP it=1 | KKT=6.95e+01 | t=0.001s
2025-06-28 19:41:29,906 | ERROR   | Dump saved → debug_logs/fail/tick0343.json
