2025-07-03 12:17:14,451 | INFO    | ===== INITIAL STATE DUMP =====
2025-07-03 12:17:14,452 | DEBUG   | {
  "xcurrent": [
    1.089695930480957,
    1.4088244438171387,
    0.08456537127494812,
    0.0,
    0.0,
    0.0
  ],
  "params": {
    "QC": 10,
    "QL": 40,
    "MU": 10,
    "DVTHETA_MAX": 1.0,
    "N": 20,
    "T_HORIZON": 0.7,
    "RAMP_TIME": 1.8,
    "BW_RAMP": 1,
    "BARRIER_WEIGHT": 100,
    "TUNNEL_WIDTH": 0.4,
    "TUNNEL_WIDTH_GATE": 0.15,
    "NARROW_DIST": 0.7,
    "GATE_FLAT_DIST": 0.1,
    "Q_OMEGA": 0,
    "R_VTHETA": 1.0,
    "REG_THRUST": 0.0001,
    "REG_INPUTS": 0.09
  },
  "box_lims": {
    "vtheta_max": 1.0,
    "dvtheta_max": 1.0
  }
}
2025-07-03 12:17:17,536 | ERROR   | Solver failed | status=2 | SQP it=1000 | KKT=6.20e-08 | t=0.275s
2025-07-03 12:17:17,537 | ERROR   | Dump saved → debug_logs/fail/tick0014.json
2025-07-03 12:17:21,506 | ERROR   | Solver failed | status=2 | SQP it=1000 | KKT=7.11e-13 | t=0.837s
2025-07-03 12:17:21,507 | ERROR   | Dump saved → debug_logs/fail/tick0100.json
2025-07-03 12:17:30,764 | ERROR   | Solver failed | status=2 | SQP it=1000 | KKT=7.91e-09 | t=0.854s
2025-07-03 12:17:30,765 | ERROR   | Dump saved → debug_logs/fail/tick0101.json
2025-07-03 12:17:31,608 | ERROR   | Solver failed | status=2 | SQP it=1000 | KKT=1.42e-08 | t=0.812s
2025-07-03 12:17:31,610 | ERROR   | Dump saved → debug_logs/fail/tick0102.json
