2025-06-20 16:04:28,636 | INFO    | ===== INITIAL STATE DUMP =====
2025-06-20 16:04:28,636 | DEBUG   | {
  "xcurrent": [
    1.089695930480957,
    1.4088244438171387,
    0.08456537127494812,
    0.0,
    0.0,
    0.0
  ],
  "params": {
    "QC": 10,
    "QC_GATE": 50,
    "QL": 40,
    "MU": 10,
    "DVTHETA_MAX": 1.7,
    "N": 15,
    "T_HORIZON": 0.8,
    "RAMP_TIME": 1.8,
    "BARRIER_WEIGHT": 10,
    "TUNNEL_WIDTH": 0.5,
    "TUNNEL_WIDTH_GATE": 0.15,
    "NARROW_DIST": 0.7,
    "GATE_FLAT_DIST": 0.4,
    "Q_OMEGA": 2,
    "R_VTHETA": 1.0,
    "IN_GATE_RAMP_TIME": 0.3,
    "OUT_GATE_RAMP_TIME": 0.5
  },
  "box_lims": {
    "vtheta_max": 1.7,
    "dvtheta_max": 1.7
  }
}
2025-06-20 16:04:38,280 | ERROR   | Solver failed | status=2 | SQP it=1000 | KKT=3.79e-08 | t=0.457s
2025-06-20 16:04:38,282 | ERROR   | Dump saved → debug_logs/fail/tick0275.json
2025-06-20 16:04:41,020 | ERROR   | Solver failed | status=2 | SQP it=1000 | KKT=1.86e-13 | t=0.442s
2025-06-20 16:04:41,023 | ERROR   | Dump saved → debug_logs/fail/tick0332.json
2025-06-20 16:04:41,695 | ERROR   | Solver failed | status=2 | SQP it=1000 | KKT=2.72e-12 | t=0.644s
2025-06-20 16:04:41,695 | ERROR   | Dump saved → debug_logs/fail/tick0333.json
2025-06-20 16:04:42,377 | ERROR   | Solver failed | status=2 | SQP it=1000 | KKT=2.58e-09 | t=0.655s
2025-06-20 16:04:42,379 | ERROR   | Dump saved → debug_logs/fail/tick0334.json
2025-06-20 16:04:43,053 | ERROR   | Solver failed | status=2 | SQP it=1000 | KKT=1.66e-08 | t=0.647s
2025-06-20 16:04:43,054 | ERROR   | Dump saved → debug_logs/fail/tick0335.json
2025-06-20 16:04:43,736 | ERROR   | Solver failed | status=2 | SQP it=1000 | KKT=1.08e-10 | t=0.649s
2025-06-20 16:04:43,738 | ERROR   | Dump saved → debug_logs/fail/tick0336.json
2025-06-20 16:04:43,942 | ERROR   | Solver failed | status=4 | SQP it=276 | KKT=3.69e-08 | t=0.174s
2025-06-20 16:04:43,944 | ERROR   | Dump saved → debug_logs/fail/tick0337.json
2025-06-20 16:04:43,972 | ERROR   | Solver failed | status=4 | SQP it=1 | KKT=5.58e+02 | t=0.001s
2025-06-20 16:04:43,973 | ERROR   | Dump saved → debug_logs/fail/tick0338.json
2025-06-20 16:04:43,994 | ERROR   | Solver failed | status=4 | SQP it=1 | KKT=5.58e+02 | t=0.001s
2025-06-20 16:04:43,995 | ERROR   | Dump saved → debug_logs/fail/tick0339.json
2025-06-20 16:04:44,016 | ERROR   | Solver failed | status=4 | SQP it=1 | KKT=5.58e+02 | t=0.001s
2025-06-20 16:04:44,017 | ERROR   | Dump saved → debug_logs/fail/tick0340.json
2025-06-20 16:04:44,721 | ERROR   | Solver failed | status=2 | SQP it=1000 | KKT=7.09e-10 | t=0.681s
2025-06-20 16:04:44,722 | ERROR   | Dump saved → debug_logs/fail/tick0341.json
2025-06-20 16:04:45,263 | ERROR   | Solver failed | status=4 | SQP it=720 | KKT=1.00e-10 | t=0.512s
2025-06-20 16:04:45,264 | ERROR   | Dump saved → debug_logs/fail/tick0342.json
2025-06-20 16:04:45,630 | ERROR   | Solver failed | status=4 | SQP it=502 | KKT=6.09e-08 | t=0.337s
2025-06-20 16:04:45,630 | ERROR   | Dump saved → debug_logs/fail/tick0343.json
2025-06-20 16:04:45,670 | ERROR   | Solver failed | status=4 | SQP it=1 | KKT=4.21e+02 | t=0.001s
2025-06-20 16:04:45,671 | ERROR   | Dump saved → debug_logs/fail/tick0344.json
2025-06-20 16:04:45,703 | ERROR   | Solver failed | status=4 | SQP it=1 | KKT=4.21e+02 | t=0.001s
2025-06-20 16:04:45,704 | ERROR   | Dump saved → debug_logs/fail/tick0345.json
2025-06-20 16:04:45,736 | ERROR   | Solver failed | status=4 | SQP it=1 | KKT=4.21e+02 | t=0.001s
2025-06-20 16:04:45,737 | ERROR   | Dump saved → debug_logs/fail/tick0346.json
2025-06-20 16:04:45,770 | ERROR   | Solver failed | status=4 | SQP it=1 | KKT=4.21e+02 | t=0.001s
2025-06-20 16:04:45,770 | ERROR   | Dump saved → debug_logs/fail/tick0347.json
2025-06-20 16:04:45,803 | ERROR   | Solver failed | status=4 | SQP it=1 | KKT=4.21e+02 | t=0.001s
2025-06-20 16:04:45,804 | ERROR   | Dump saved → debug_logs/fail/tick0348.json
2025-06-20 16:04:45,837 | ERROR   | Solver failed | status=4 | SQP it=1 | KKT=4.21e+02 | t=0.001s
2025-06-20 16:04:45,838 | ERROR   | Dump saved → debug_logs/fail/tick0349.json
2025-06-20 16:04:46,563 | ERROR   | Solver failed | status=2 | SQP it=1000 | KKT=3.30e-08 | t=0.694s
2025-06-20 16:04:46,563 | ERROR   | Dump saved → debug_logs/fail/tick0350.json
2025-06-20 16:04:47,304 | ERROR   | Solver failed | status=2 | SQP it=1000 | KKT=8.09e-08 | t=0.702s
2025-06-20 16:04:47,305 | ERROR   | Dump saved → debug_logs/fail/tick0351.json
2025-06-20 16:04:47,569 | ERROR   | Solver failed | status=4 | SQP it=343 | KKT=8.09e-14 | t=0.233s
2025-06-20 16:04:47,569 | ERROR   | Dump saved → debug_logs/fail/tick0352.json
2025-06-20 16:04:47,603 | ERROR   | Solver failed | status=4 | SQP it=1 | KKT=2.42e+02 | t=0.000s
2025-06-20 16:04:47,604 | ERROR   | Dump saved → debug_logs/fail/tick0353.json
2025-06-20 16:04:47,636 | ERROR   | Solver failed | status=4 | SQP it=1 | KKT=2.42e+02 | t=0.001s
2025-06-20 16:04:47,637 | ERROR   | Dump saved → debug_logs/fail/tick0354.json
2025-06-20 16:04:47,670 | ERROR   | Solver failed | status=4 | SQP it=1 | KKT=2.42e+02 | t=0.000s
2025-06-20 16:04:47,670 | ERROR   | Dump saved → debug_logs/fail/tick0355.json
2025-06-20 16:04:48,421 | ERROR   | Solver failed | status=2 | SQP it=1000 | KKT=1.58e-08 | t=0.719s
2025-06-20 16:04:48,422 | ERROR   | Dump saved → debug_logs/fail/tick0356.json
2025-06-20 16:04:49,155 | ERROR   | Solver failed | status=2 | SQP it=1000 | KKT=2.71e-13 | t=0.703s
2025-06-20 16:04:49,156 | ERROR   | Dump saved → debug_logs/fail/tick0357.json
2025-06-20 16:04:49,901 | ERROR   | Solver failed | status=2 | SQP it=1000 | KKT=4.69e-13 | t=0.716s
2025-06-20 16:04:49,902 | ERROR   | Dump saved → debug_logs/fail/tick0358.json
2025-06-20 16:04:50,674 | ERROR   | Solver failed | status=2 | SQP it=1000 | KKT=1.99e-09 | t=0.738s
2025-06-20 16:04:50,675 | ERROR   | Dump saved → debug_logs/fail/tick0359.json
2025-06-20 16:04:51,422 | ERROR   | Solver failed | status=2 | SQP it=1000 | KKT=9.34e-08 | t=0.720s
2025-06-20 16:04:51,423 | ERROR   | Dump saved → debug_logs/fail/tick0360.json
2025-06-20 16:04:52,201 | ERROR   | Solver failed | status=2 | SQP it=1000 | KKT=1.07e-08 | t=0.749s
2025-06-20 16:04:52,202 | ERROR   | Dump saved → debug_logs/fail/tick0361.json
2025-06-20 16:04:52,960 | ERROR   | Solver failed | status=2 | SQP it=1000 | KKT=9.63e-10 | t=0.724s
2025-06-20 16:04:52,961 | ERROR   | Dump saved → debug_logs/fail/tick0362.json
2025-06-20 16:04:53,744 | ERROR   | Solver failed | status=2 | SQP it=1000 | KKT=1.55e-10 | t=0.741s
2025-06-20 16:04:53,745 | ERROR   | Dump saved → debug_logs/fail/tick0363.json
2025-06-20 16:04:54,511 | ERROR   | Solver failed | status=2 | SQP it=1000 | KKT=2.17e-09 | t=0.723s
2025-06-20 16:04:54,512 | ERROR   | Dump saved → debug_logs/fail/tick0364.json
2025-06-20 16:04:55,296 | ERROR   | Solver failed | status=2 | SQP it=1000 | KKT=5.32e-11 | t=0.726s
2025-06-20 16:04:55,296 | ERROR   | Dump saved → debug_logs/fail/tick0365.json
2025-06-20 16:04:56,090 | ERROR   | Solver failed | status=2 | SQP it=1000 | KKT=2.94e-08 | t=0.753s
2025-06-20 16:04:56,090 | ERROR   | Dump saved → debug_logs/fail/tick0366.json
2025-06-20 16:04:56,859 | ERROR   | Solver failed | status=2 | SQP it=1000 | KKT=1.57e-08 | t=0.731s
2025-06-20 16:04:56,860 | ERROR   | Dump saved → debug_logs/fail/tick0367.json
2025-06-20 16:04:57,618 | ERROR   | Solver failed | status=2 | SQP it=1000 | KKT=4.90e-11 | t=0.728s
2025-06-20 16:04:57,618 | ERROR   | Dump saved → debug_logs/fail/tick0368.json
2025-06-20 16:04:57,702 | ERROR   | Solver failed | status=4 | SQP it=79 | KKT=5.01e-10 | t=0.056s
2025-06-20 16:04:57,703 | ERROR   | Dump saved → debug_logs/fail/tick0369.json
2025-06-20 16:04:58,475 | ERROR   | Solver failed | status=2 | SQP it=1000 | KKT=8.61e-09 | t=0.746s
2025-06-20 16:04:58,477 | ERROR   | Dump saved → debug_logs/fail/tick0370.json
