2025-06-28 20:38:27,765 | INFO    | ===== INITIAL STATE DUMP =====
2025-06-28 20:38:27,766 | DEBUG   | {
  "xcurrent": [
    1.089695930480957,
    1.4088244438171387,
    0.08456537127494812,
    0.0,
    0.0,
    0.0
  ],
  "params": {
    "QC": 10,
    "QC_GATE": 50,
    "QL": 40,
    "MU": 10,
    "DVTHETA_MAX": 1.6,
    "N": 20,
    "T_HORIZON": 0.7,
    "RAMP_TIME": 0.7,
    "BARRIER_WEIGHT": 10,
    "OBSTACLE_WEIGHT": [
      10,
      50,
      50,
      50
    ],
    "OBSTACLE_RADIUS": 0.15,
    "OBSTACLE_ALPHA": 100.0,
    "TUNNEL_WIDTH": 0.4,
    "TUNNEL_WIDTH_GATE": 0.15,
    "NARROW_DIST": 0.6,
    "GATE_FLAT_DIST": 0.45,
    "Q_OMEGA": 2,
    "R_VTHETA": 1.0,
    "REG_THRUST": 0.02,
    "REG_INPUTS": 0.8
  },
  "box_lims": {
    "vtheta_max": 1.6,
    "dvtheta_max": 1.6
  }
}
2025-06-28 20:38:52,861 | ERROR   | Solver failed | status=4 | SQP it=7 | KKT=1.00e+00 | t=0.005s
2025-06-28 20:38:52,862 | ERROR   | Dump saved → debug_logs/fail/tick0119.json
2025-06-28 20:38:52,893 | ERROR   | Solver failed | status=4 | SQP it=1 | KKT=1.30e+01 | t=0.001s
2025-06-28 20:38:52,894 | ERROR   | Dump saved → debug_logs/fail/tick0120.json
2025-06-28 20:38:52,921 | ERROR   | Solver failed | status=4 | SQP it=1 | KKT=1.29e+01 | t=0.001s
2025-06-28 20:38:52,922 | ERROR   | Dump saved → debug_logs/fail/tick0121.json
2025-06-28 20:38:52,951 | ERROR   | Solver failed | status=4 | SQP it=1 | KKT=1.29e+01 | t=0.001s
2025-06-28 20:38:52,952 | ERROR   | Dump saved → debug_logs/fail/tick0122.json
2025-06-28 20:38:53,010 | ERROR   | Solver failed | status=4 | SQP it=43 | KKT=1.16e-09 | t=0.031s
2025-06-28 20:38:53,010 | ERROR   | Dump saved → debug_logs/fail/tick0123.json
2025-06-28 20:39:05,523 | ERROR   | Solver failed | status=4 | SQP it=5 | KKT=0.00e+00 | t=0.012s
2025-06-28 20:39:05,526 | ERROR   | Dump saved → debug_logs/fail/tick0124.json
2025-06-28 20:39:05,626 | ERROR   | Solver failed | status=4 | SQP it=66 | KKT=1.67e-09 | t=0.059s
2025-06-28 20:39:05,627 | ERROR   | Dump saved → debug_logs/fail/tick0125.json
2025-06-28 20:39:19,094 | INFO    | ===== INITIAL STATE DUMP =====
2025-06-28 20:39:19,094 | DEBUG   | {
  "xcurrent": [
    1.0869777202606201,
    1.4610648155212402,
    0.08122343569993973,
    0.0,
    0.0,
    0.0
  ],
  "params": {
    "QC": 10,
    "QC_GATE": 50,
    "QL": 40,
    "MU": 10,
    "DVTHETA_MAX": 1.6,
    "N": 20,
    "T_HORIZON": 0.7,
    "RAMP_TIME": 0.7,
    "BARRIER_WEIGHT": 10,
    "OBSTACLE_WEIGHT": [
      10,
      50,
      50,
      50
    ],
    "OBSTACLE_RADIUS": 0.15,
    "OBSTACLE_ALPHA": 100.0,
    "TUNNEL_WIDTH": 0.4,
    "TUNNEL_WIDTH_GATE": 0.15,
    "NARROW_DIST": 0.6,
    "GATE_FLAT_DIST": 0.45,
    "Q_OMEGA": 2,
    "R_VTHETA": 1.0,
    "REG_THRUST": 0.02,
    "REG_INPUTS": 0.8
  },
  "box_lims": {
    "vtheta_max": 1.6,
    "dvtheta_max": 1.6
  }
}
2025-06-28 20:39:25,376 | INFO    | ===== INITIAL STATE DUMP =====
2025-06-28 20:39:25,376 | DEBUG   | {
  "xcurrent": [
    0.9185207486152649,
    1.5193489789962769,
    0.07354234158992767,
    0.0,
    0.0,
    0.0
  ],
  "params": {
    "QC": 10,
    "QC_GATE": 50,
    "QL": 40,
    "MU": 10,
    "DVTHETA_MAX": 1.6,
    "N": 20,
    "T_HORIZON": 0.7,
    "RAMP_TIME": 0.7,
    "BARRIER_WEIGHT": 10,
    "OBSTACLE_WEIGHT": [
      10,
      50,
      50,
      50
    ],
    "OBSTACLE_RADIUS": 0.15,
    "OBSTACLE_ALPHA": 100.0,
    "TUNNEL_WIDTH": 0.4,
    "TUNNEL_WIDTH_GATE": 0.15,
    "NARROW_DIST": 0.6,
    "GATE_FLAT_DIST": 0.45,
    "Q_OMEGA": 2,
    "R_VTHETA": 1.0,
    "REG_THRUST": 0.02,
    "REG_INPUTS": 0.8
  },
  "box_lims": {
    "vtheta_max": 1.6,
    "dvtheta_max": 1.6
  }
}
2025-06-28 20:39:29,749 | ERROR   | Solver failed | status=2 | SQP it=1000 | KKT=5.99e-08 | t=0.572s
2025-06-28 20:39:29,751 | ERROR   | Dump saved → debug_logs/fail/tick0115.json
2025-06-28 20:39:30,395 | ERROR   | Solver failed | status=2 | SQP it=1000 | KKT=1.42e-08 | t=0.613s
2025-06-28 20:39:30,396 | ERROR   | Dump saved → debug_logs/fail/tick0116.json
2025-06-28 20:39:32,602 | INFO    | ===== INITIAL STATE DUMP =====
2025-06-28 20:39:32,602 | DEBUG   | {
  "xcurrent": [
    0.9548638463020325,
    1.495613694190979,
    0.07249818742275238,
    0.0,
    0.0,
    0.0
  ],
  "params": {
    "QC": 10,
    "QC_GATE": 50,
    "QL": 40,
    "MU": 10,
    "DVTHETA_MAX": 1.6,
    "N": 20,
    "T_HORIZON": 0.7,
    "RAMP_TIME": 0.7,
    "BARRIER_WEIGHT": 10,
    "OBSTACLE_WEIGHT": [
      10,
      50,
      50,
      50
    ],
    "OBSTACLE_RADIUS": 0.15,
    "OBSTACLE_ALPHA": 100.0,
    "TUNNEL_WIDTH": 0.4,
    "TUNNEL_WIDTH_GATE": 0.15,
    "NARROW_DIST": 0.6,
    "GATE_FLAT_DIST": 0.45,
    "Q_OMEGA": 2,
    "R_VTHETA": 1.0,
    "REG_THRUST": 0.02,
    "REG_INPUTS": 0.8
  },
  "box_lims": {
    "vtheta_max": 1.6,
    "dvtheta_max": 1.6
  }
}
