2025-06-15 19:34:18,293 | INFO    | ===== INITIAL STATE DUMP =====
2025-06-15 19:34:18,293 | DEBUG   | {
  "xcurrent": [
    1.089695930480957,
    1.4088244438171387,
    0.08456537127494812,
    0.0,
    0.0,
    0.0
  ],
  "params": {
    "QC": 10,
    "QC_GATE": 40,
    "QL": 40,
    "MU": 10,
    "DVTHETA_MAX": 1.9,
    "N": 15,
    "T_HORIZON": 0.8,
    "RAMP_TIME": 1.8,
    "BARRIER_WEIGHT": 10,
    "TUNNEL_WIDTH": 0.5,
    "TUNNEL_WIDTH_GATE": 0.1,
    "NARROW_DIST": 1,
    "Q_OMEGA": 2,
    "R_VTHETA": 1.0,
    "IN_GATE_RAMP_TIME": 0.1,
    "OUT_GATE_RAMP_TIME": 3
  },
  "box_lims": {
    "vtheta_max": 1.9,
    "dvtheta_max": 1.9
  }
}
2025-06-15 19:34:31,139 | ERROR   | Solver failed | status=2 | SQP it=1000 | KKT=1.87e-08 | t=0.398s
2025-06-15 19:34:31,140 | ERROR   | Dump saved → debug_logs/fail/tick0106.json
2025-06-15 19:34:38,976 | INFO    | ===== INITIAL STATE DUMP =====
2025-06-15 19:34:38,976 | DEBUG   | {
  "xcurrent": [
    1.041989803314209,
    1.5857561826705933,
    0.07183089852333069,
    0.0,
    0.0,
    0.0
  ],
  "params": {
    "QC": 10,
    "QC_GATE": 40,
    "QL": 40,
    "MU": 10,
    "DVTHETA_MAX": 1.9,
    "N": 15,
    "T_HORIZON": 0.8,
    "RAMP_TIME": 1.8,
    "BARRIER_WEIGHT": 10,
    "TUNNEL_WIDTH": 0.5,
    "TUNNEL_WIDTH_GATE": 0.1,
    "NARROW_DIST": 1,
    "Q_OMEGA": 2,
    "R_VTHETA": 1.0,
    "IN_GATE_RAMP_TIME": 0.1,
    "OUT_GATE_RAMP_TIME": 3
  },
  "box_lims": {
    "vtheta_max": 1.9,
    "dvtheta_max": 1.9
  }
}
2025-06-15 19:34:48,791 | INFO    | ===== INITIAL STATE DUMP =====
2025-06-15 19:34:48,791 | DEBUG   | {
  "xcurrent": [
    1.0055887699127197,
    1.5900177955627441,
    0.07799612730741501,
    0.0,
    0.0,
    0.0
  ],
  "params": {
    "QC": 10,
    "QC_GATE": 40,
    "QL": 40,
    "MU": 10,
    "DVTHETA_MAX": 1.9,
    "N": 15,
    "T_HORIZON": 0.8,
    "RAMP_TIME": 1.8,
    "BARRIER_WEIGHT": 10,
    "TUNNEL_WIDTH": 0.5,
    "TUNNEL_WIDTH_GATE": 0.1,
    "NARROW_DIST": 1,
    "Q_OMEGA": 2,
    "R_VTHETA": 1.0,
    "IN_GATE_RAMP_TIME": 0.1,
    "OUT_GATE_RAMP_TIME": 3
  },
  "box_lims": {
    "vtheta_max": 1.9,
    "dvtheta_max": 1.9
  }
}
2025-06-15 19:34:56,166 | ERROR   | Solver failed | status=2 | SQP it=1000 | KKT=1.77e-09 | t=0.558s
2025-06-15 19:34:56,168 | ERROR   | Dump saved → debug_logs/fail/tick0242.json
2025-06-15 19:34:56,755 | ERROR   | Solver failed | status=2 | SQP it=1000 | KKT=6.78e-09 | t=0.562s
2025-06-15 19:34:56,756 | ERROR   | Dump saved → debug_logs/fail/tick0243.json
2025-06-15 19:34:59,984 | INFO    | ===== INITIAL STATE DUMP =====
2025-06-15 19:34:59,984 | DEBUG   | {
  "xcurrent": [
    1.0192257165908813,
    1.5785435438156128,
    0.08490422368049622,
    0.0,
    0.0,
    0.0
  ],
  "params": {
    "QC": 10,
    "QC_GATE": 40,
    "QL": 40,
    "MU": 10,
    "DVTHETA_MAX": 1.9,
    "N": 15,
    "T_HORIZON": 0.8,
    "RAMP_TIME": 1.8,
    "BARRIER_WEIGHT": 10,
    "TUNNEL_WIDTH": 0.5,
    "TUNNEL_WIDTH_GATE": 0.1,
    "NARROW_DIST": 1,
    "Q_OMEGA": 2,
    "R_VTHETA": 1.0,
    "IN_GATE_RAMP_TIME": 0.1,
    "OUT_GATE_RAMP_TIME": 3
  },
  "box_lims": {
    "vtheta_max": 1.9,
    "dvtheta_max": 1.9
  }
}
2025-06-15 19:35:03,680 | INFO    | ===== INITIAL STATE DUMP =====
2025-06-15 19:35:03,680 | DEBUG   | {
  "xcurrent": [
    0.9809157848358154,
    1.5350520610809326,
    0.07795838266611099,
    0.0,
    0.0,
    0.0
  ],
  "params": {
    "QC": 10,
    "QC_GATE": 40,
    "QL": 40,
    "MU": 10,
    "DVTHETA_MAX": 1.9,
    "N": 15,
    "T_HORIZON": 0.8,
    "RAMP_TIME": 1.8,
    "BARRIER_WEIGHT": 10,
    "TUNNEL_WIDTH": 0.5,
    "TUNNEL_WIDTH_GATE": 0.1,
    "NARROW_DIST": 1,
    "Q_OMEGA": 2,
    "R_VTHETA": 1.0,
    "IN_GATE_RAMP_TIME": 0.1,
    "OUT_GATE_RAMP_TIME": 3
  },
  "box_lims": {
    "vtheta_max": 1.9,
    "dvtheta_max": 1.9
  }
}
2025-06-15 19:35:13,861 | INFO    | ===== INITIAL STATE DUMP =====
2025-06-15 19:35:13,861 | DEBUG   | {
  "xcurrent": [
    0.903868556022644,
    1.4228686094284058,
    0.07669168710708618,
    0.0,
    0.0,
    0.0
  ],
  "params": {
    "QC": 10,
    "QC_GATE": 40,
    "QL": 40,
    "MU": 10,
    "DVTHETA_MAX": 1.9,
    "N": 15,
    "T_HORIZON": 0.8,
    "RAMP_TIME": 1.8,
    "BARRIER_WEIGHT": 10,
    "TUNNEL_WIDTH": 0.5,
    "TUNNEL_WIDTH_GATE": 0.1,
    "NARROW_DIST": 1,
    "Q_OMEGA": 2,
    "R_VTHETA": 1.0,
    "IN_GATE_RAMP_TIME": 0.1,
    "OUT_GATE_RAMP_TIME": 3
  },
  "box_lims": {
    "vtheta_max": 1.9,
    "dvtheta_max": 1.9
  }
}
2025-06-15 19:35:23,432 | INFO    | ===== INITIAL STATE DUMP =====
2025-06-15 19:35:23,433 | DEBUG   | {
  "xcurrent": [
    1.012455701828003,
    1.439789056777954,
    0.08273976296186447,
    0.0,
    0.0,
    0.0
  ],
  "params": {
    "QC": 10,
    "QC_GATE": 40,
    "QL": 40,
    "MU": 10,
    "DVTHETA_MAX": 1.9,
    "N": 15,
    "T_HORIZON": 0.8,
    "RAMP_TIME": 1.8,
    "BARRIER_WEIGHT": 10,
    "TUNNEL_WIDTH": 0.5,
    "TUNNEL_WIDTH_GATE": 0.1,
    "NARROW_DIST": 1,
    "Q_OMEGA": 2,
    "R_VTHETA": 1.0,
    "IN_GATE_RAMP_TIME": 0.1,
    "OUT_GATE_RAMP_TIME": 3
  },
  "box_lims": {
    "vtheta_max": 1.9,
    "dvtheta_max": 1.9
  }
}
2025-06-15 19:35:31,202 | INFO    | ===== INITIAL STATE DUMP =====
2025-06-15 19:35:31,202 | DEBUG   | {
  "xcurrent": [
    1.0159717798233032,
    1.5308042764663696,
    0.08645004779100418,
    0.0,
    0.0,
    0.0
  ],
  "params": {
    "QC": 10,
    "QC_GATE": 40,
    "QL": 40,
    "MU": 10,
    "DVTHETA_MAX": 1.9,
    "N": 15,
    "T_HORIZON": 0.8,
    "RAMP_TIME": 1.8,
    "BARRIER_WEIGHT": 10,
    "TUNNEL_WIDTH": 0.5,
    "TUNNEL_WIDTH_GATE": 0.1,
    "NARROW_DIST": 1,
    "Q_OMEGA": 2,
    "R_VTHETA": 1.0,
    "IN_GATE_RAMP_TIME": 0.1,
    "OUT_GATE_RAMP_TIME": 3
  },
  "box_lims": {
    "vtheta_max": 1.9,
    "dvtheta_max": 1.9
  }
}
2025-06-15 19:35:35,790 | ERROR   | Solver failed | status=2 | SQP it=1000 | KKT=2.87e-08 | t=0.438s
2025-06-15 19:35:35,792 | ERROR   | Dump saved → debug_logs/fail/tick0149.json
2025-06-15 19:35:37,209 | INFO    | ===== INITIAL STATE DUMP =====
2025-06-15 19:35:37,209 | DEBUG   | {
  "xcurrent": [
    0.9569437503814697,
    1.5080891847610474,
    0.07878230512142181,
    0.0,
    0.0,
    0.0
  ],
  "params": {
    "QC": 10,
    "QC_GATE": 40,
    "QL": 40,
    "MU": 10,
    "DVTHETA_MAX": 1.9,
    "N": 15,
    "T_HORIZON": 0.8,
    "RAMP_TIME": 1.8,
    "BARRIER_WEIGHT": 10,
    "TUNNEL_WIDTH": 0.5,
    "TUNNEL_WIDTH_GATE": 0.1,
    "NARROW_DIST": 1,
    "Q_OMEGA": 2,
    "R_VTHETA": 1.0,
    "IN_GATE_RAMP_TIME": 0.1,
    "OUT_GATE_RAMP_TIME": 3
  },
  "box_lims": {
    "vtheta_max": 1.9,
    "dvtheta_max": 1.9
  }
}
2025-06-15 19:35:40,339 | ERROR   | Solver failed | status=2 | SQP it=1000 | KKT=8.33e-12 | t=0.321s
2025-06-15 19:35:40,340 | ERROR   | Dump saved → debug_logs/fail/tick0102.json
2025-06-15 19:35:40,689 | ERROR   | Solver failed | status=2 | SQP it=1000 | KKT=7.26e-12 | t=0.323s
2025-06-15 19:35:40,690 | ERROR   | Dump saved → debug_logs/fail/tick0103.json
2025-06-15 19:35:41,663 | ERROR   | Solver failed | status=2 | SQP it=1000 | KKT=6.37e-11 | t=0.578s
2025-06-15 19:35:41,664 | ERROR   | Dump saved → debug_logs/fail/tick0117.json
2025-06-15 19:35:48,312 | INFO    | ===== INITIAL STATE DUMP =====
2025-06-15 19:35:48,312 | DEBUG   | {
  "xcurrent": [
    1.0190863609313965,
    1.5581458806991577,
    0.07410221546888351,
    0.0,
    0.0,
    0.0
  ],
  "params": {
    "QC": 10,
    "QC_GATE": 40,
    "QL": 40,
    "MU": 10,
    "DVTHETA_MAX": 1.9,
    "N": 15,
    "T_HORIZON": 0.8,
    "RAMP_TIME": 1.8,
    "BARRIER_WEIGHT": 10,
    "TUNNEL_WIDTH": 0.5,
    "TUNNEL_WIDTH_GATE": 0.1,
    "NARROW_DIST": 1,
    "Q_OMEGA": 2,
    "R_VTHETA": 1.0,
    "IN_GATE_RAMP_TIME": 0.1,
    "OUT_GATE_RAMP_TIME": 3
  },
  "box_lims": {
    "vtheta_max": 1.9,
    "dvtheta_max": 1.9
  }
}
2025-06-15 19:35:52,131 | INFO    | ===== INITIAL STATE DUMP =====
2025-06-15 19:35:52,131 | DEBUG   | {
  "xcurrent": [
    1.063310146331787,
    1.5155900716781616,
    0.07888209074735641,
    0.0,
    0.0,
    0.0
  ],
  "params": {
    "QC": 10,
    "QC_GATE": 40,
    "QL": 40,
    "MU": 10,
    "DVTHETA_MAX": 1.9,
    "N": 15,
    "T_HORIZON": 0.8,
    "RAMP_TIME": 1.8,
    "BARRIER_WEIGHT": 10,
    "TUNNEL_WIDTH": 0.5,
    "TUNNEL_WIDTH_GATE": 0.1,
    "NARROW_DIST": 1,
    "Q_OMEGA": 2,
    "R_VTHETA": 1.0,
    "IN_GATE_RAMP_TIME": 0.1,
    "OUT_GATE_RAMP_TIME": 3
  },
  "box_lims": {
    "vtheta_max": 1.9,
    "dvtheta_max": 1.9
  }
}
2025-06-15 19:35:52,568 | ERROR   | Solver failed | status=2 | SQP it=1000 | KKT=4.59e-08 | t=0.204s
2025-06-15 19:35:52,569 | ERROR   | Dump saved → debug_logs/fail/tick0009.json
2025-06-15 19:35:52,870 | ERROR   | Solver failed | status=2 | SQP it=1000 | KKT=3.60e-08 | t=0.202s
2025-06-15 19:35:52,871 | ERROR   | Dump saved → debug_logs/fail/tick0013.json
