2025-06-29 11:24:45,531 | INFO    | ===== INITIAL STATE DUMP =====
2025-06-29 11:24:45,531 | DEBUG   | {
  "xcurrent": [
    1.089695930480957,
    1.4088244438171387,
    0.08456537127494812,
    0.0,
    0.0,
    0.0
  ],
  "params": {
    "QC": 10,
    "QC_GATE": 50,
    "QL": 40,
    "MU": 10,
    "DVTHETA_MAX": 1.6,
    "N": 20,
    "T_HORIZON": 0.7,
    "RAMP_TIME": 0.1,
    "BARRIER_WEIGHT": 50,
    "TUNNEL_WIDTH": 0.4,
    "TUNNEL_WIDTH_GATE": 0.15,
    "NARROW_DIST": 0.6,
    "GATE_FLAT_DIST": 0.45,
    "Q_OMEGA": 2,
    "R_VTHETA": 1.0,
    "REG_THRUST": 0.009,
    "REG_INPUTS": 0.1
  },
  "box_lims": {
    "vtheta_max": 1.6,
    "dvtheta_max": 1.6
  }
}
2025-06-29 11:24:56,233 | INFO    | ===== INITIAL STATE DUMP =====
2025-06-29 11:24:56,233 | DEBUG   | {
  "xcurrent": [
    1.0722136497497559,
    1.401116967201233,
    0.08752177655696869,
    0.0,
    0.0,
    0.0
  ],
  "params": {
    "QC": 10,
    "QC_GATE": 50,
    "QL": 40,
    "MU": 10,
    "DVTHETA_MAX": 1.6,
    "N": 20,
    "T_HORIZON": 0.7,
    "RAMP_TIME": 0.1,
    "BARRIER_WEIGHT": 50,
    "TUNNEL_WIDTH": 0.4,
    "TUNNEL_WIDTH_GATE": 0.15,
    "NARROW_DIST": 0.6,
    "GATE_FLAT_DIST": 0.45,
    "Q_OMEGA": 2,
    "R_VTHETA": 1.0,
    "REG_THRUST": 0.009,
    "REG_INPUTS": 0.1
  },
  "box_lims": {
    "vtheta_max": 1.6,
    "dvtheta_max": 1.6
  }
}
2025-06-29 11:25:12,736 | ERROR   | Solver failed | status=2 | SQP it=1000 | KKT=2.15e-08 | t=0.620s
2025-06-29 11:25:12,736 | ERROR   | Dump saved → debug_logs/fail/tick0348.json
2025-06-29 11:25:13,471 | ERROR   | Solver failed | status=2 | SQP it=1000 | KKT=1.32e-08 | t=0.706s
2025-06-29 11:25:13,472 | ERROR   | Dump saved → debug_logs/fail/tick0349.json
2025-06-29 11:25:17,407 | ERROR   | Solver failed | status=2 | SQP it=1000 | KKT=8.38e-08 | t=0.740s
2025-06-29 11:25:17,407 | ERROR   | Dump saved → debug_logs/fail/tick0350.json
2025-06-29 11:25:18,210 | ERROR   | Solver failed | status=2 | SQP it=1000 | KKT=2.67e-08 | t=0.775s
2025-06-29 11:25:18,211 | ERROR   | Dump saved → debug_logs/fail/tick0351.json
2025-06-29 11:25:18,997 | ERROR   | Solver failed | status=2 | SQP it=1000 | KKT=2.60e-09 | t=0.760s
2025-06-29 11:25:18,998 | ERROR   | Dump saved → debug_logs/fail/tick0352.json
2025-06-29 11:25:19,831 | ERROR   | Solver failed | status=2 | SQP it=1000 | KKT=4.66e-10 | t=0.804s
2025-06-29 11:25:19,832 | ERROR   | Dump saved → debug_logs/fail/tick0353.json
2025-06-29 11:25:20,816 | ERROR   | Solver failed | status=2 | SQP it=1000 | KKT=1.09e-09 | t=0.956s
2025-06-29 11:25:20,817 | ERROR   | Dump saved → debug_logs/fail/tick0354.json
2025-06-29 11:25:21,783 | ERROR   | Solver failed | status=2 | SQP it=1000 | KKT=9.56e-09 | t=0.938s
2025-06-29 11:25:21,783 | ERROR   | Dump saved → debug_logs/fail/tick0355.json
2025-06-29 11:25:22,762 | ERROR   | Solver failed | status=2 | SQP it=1000 | KKT=6.59e-09 | t=0.950s
2025-06-29 11:25:22,763 | ERROR   | Dump saved → debug_logs/fail/tick0356.json
2025-06-29 11:25:23,751 | ERROR   | Solver failed | status=2 | SQP it=1000 | KKT=1.06e-09 | t=0.959s
2025-06-29 11:25:23,752 | ERROR   | Dump saved → debug_logs/fail/tick0357.json
2025-06-29 11:25:24,755 | ERROR   | Solver failed | status=2 | SQP it=1000 | KKT=2.95e-08 | t=0.975s
2025-06-29 11:25:24,755 | ERROR   | Dump saved → debug_logs/fail/tick0358.json
2025-06-29 11:25:25,764 | ERROR   | Solver failed | status=2 | SQP it=1000 | KKT=5.55e-08 | t=0.981s
2025-06-29 11:25:25,764 | ERROR   | Dump saved → debug_logs/fail/tick0359.json
2025-06-29 11:25:26,781 | ERROR   | Solver failed | status=2 | SQP it=1000 | KKT=5.79e-08 | t=0.987s
2025-06-29 11:25:26,782 | ERROR   | Dump saved → debug_logs/fail/tick0360.json
