2025-06-28 18:12:24,715 | INFO    | ===== INITIAL STATE DUMP =====
2025-06-28 18:12:24,715 | DEBUG   | {
  "xcurrent": [
    1.089695930480957,
    1.4088244438171387,
    0.08456537127494812,
    0.0,
    0.0,
    0.0
  ],
  "params": {
    "QC": 10,
    "QC_GATE": 50,
    "QL": 40,
    "MU": 10,
    "DVTHETA_MAX": 1.4,
    "N": 20,
    "T_HORIZON": 0.9,
    "RAMP_TIME": 0.5,
    "BARRIER_WEIGHT": 10,
    "OBSTACLE_WEIGHT": [
      50,
      200,
      100,
      30
    ],
    "OBSTACLE_RADIUS": 0.2,
    "TUNNEL_WIDTH": 0.4,
    "TUNNEL_WIDTH_GATE": 0.2,
    "NARROW_DIST": 0.5,
    "GATE_FLAT_DIST": 0.3,
    "Q_OMEGA": 2,
    "R_VTHETA": 1.0,
    "REG_THRUST": 0.008,
    "REG_INPUTS": 0.03
  },
  "box_lims": {
    "vtheta_max": 1.4,
    "dvtheta_max": 1.4
  }
}
2025-06-28 18:12:25,412 | ERROR   | Solver failed | status=2 | SQP it=1000 | KKT=2.53e-08 | t=0.694s
2025-06-28 18:12:25,413 | ERROR   | Dump saved → debug_logs/fail/tick0000.json
2025-06-28 18:12:35,424 | INFO    | ===== INITIAL STATE DUMP =====
2025-06-28 18:12:35,425 | DEBUG   | {
  "xcurrent": [
    0.9575220942497253,
    1.4330995082855225,
    0.08715113997459412,
    0.0,
    0.0,
    0.0
  ],
  "params": {
    "QC": 10,
    "QC_GATE": 50,
    "QL": 40,
    "MU": 10,
    "DVTHETA_MAX": 1.4,
    "N": 20,
    "T_HORIZON": 0.9,
    "RAMP_TIME": 0.5,
    "BARRIER_WEIGHT": 10,
    "OBSTACLE_WEIGHT": [
      50,
      200,
      100,
      30
    ],
    "OBSTACLE_RADIUS": 0.2,
    "TUNNEL_WIDTH": 0.4,
    "TUNNEL_WIDTH_GATE": 0.2,
    "NARROW_DIST": 0.5,
    "GATE_FLAT_DIST": 0.3,
    "Q_OMEGA": 2,
    "R_VTHETA": 1.0,
    "REG_THRUST": 0.008,
    "REG_INPUTS": 0.03
  },
  "box_lims": {
    "vtheta_max": 1.4,
    "dvtheta_max": 1.4
  }
}
2025-06-28 18:12:38,563 | ERROR   | Solver failed | status=4 | SQP it=32 | KKT=5.67e-11 | t=0.035s
2025-06-28 18:12:38,565 | ERROR   | Dump saved → debug_logs/fail/tick0101.json
2025-06-28 18:12:38,704 | ERROR   | Solver failed | status=4 | SQP it=114 | KKT=1.33e-08 | t=0.109s
2025-06-28 18:12:38,704 | ERROR   | Dump saved → debug_logs/fail/tick0102.json
2025-06-28 18:12:38,734 | ERROR   | Solver failed | status=4 | SQP it=1 | KKT=1.76e+02 | t=0.003s
2025-06-28 18:12:38,735 | ERROR   | Dump saved → debug_logs/fail/tick0103.json
2025-06-28 18:12:49,328 | INFO    | ===== INITIAL STATE DUMP =====
2025-06-28 18:12:49,328 | DEBUG   | {
  "xcurrent": [
    1.0673288106918335,
    1.521027684211731,
    0.08679432421922684,
    0.0,
    0.0,
    0.0
  ],
  "params": {
    "QC": 10,
    "QC_GATE": 50,
    "QL": 40,
    "MU": 10,
    "DVTHETA_MAX": 1.4,
    "N": 20,
    "T_HORIZON": 0.9,
    "RAMP_TIME": 0.5,
    "BARRIER_WEIGHT": 10,
    "OBSTACLE_WEIGHT": [
      50,
      200,
      100,
      30
    ],
    "OBSTACLE_RADIUS": 0.2,
    "TUNNEL_WIDTH": 0.4,
    "TUNNEL_WIDTH_GATE": 0.2,
    "NARROW_DIST": 0.5,
    "GATE_FLAT_DIST": 0.3,
    "Q_OMEGA": 2,
    "R_VTHETA": 1.0,
    "REG_THRUST": 0.008,
    "REG_INPUTS": 0.03
  },
  "box_lims": {
    "vtheta_max": 1.4,
    "dvtheta_max": 1.4
  }
}
2025-06-28 18:12:58,765 | ERROR   | Solver failed | status=4 | SQP it=179 | KKT=1.82e-08 | t=0.173s
2025-06-28 18:12:58,766 | ERROR   | Dump saved → debug_logs/fail/tick0297.json
2025-06-28 18:12:58,805 | ERROR   | Solver failed | status=4 | SQP it=1 | KKT=2.01e+02 | t=0.002s
2025-06-28 18:12:58,806 | ERROR   | Dump saved → debug_logs/fail/tick0298.json
2025-06-28 18:12:58,834 | ERROR   | Solver failed | status=4 | SQP it=1 | KKT=2.01e+02 | t=0.005s
2025-06-28 18:12:58,835 | ERROR   | Dump saved → debug_logs/fail/tick0299.json
2025-06-28 18:13:02,030 | INFO    | ===== INITIAL STATE DUMP =====
2025-06-28 18:13:02,030 | DEBUG   | {
  "xcurrent": [
    1.0872130393981934,
    1.578316330909729,
    0.08479852229356766,
    0.0,
    0.0,
    0.0
  ],
  "params": {
    "QC": 10,
    "QC_GATE": 50,
    "QL": 40,
    "MU": 10,
    "DVTHETA_MAX": 1.4,
    "N": 20,
    "T_HORIZON": 0.9,
    "RAMP_TIME": 0.5,
    "BARRIER_WEIGHT": 10,
    "OBSTACLE_WEIGHT": [
      50,
      200,
      100,
      30
    ],
    "OBSTACLE_RADIUS": 0.2,
    "TUNNEL_WIDTH": 0.4,
    "TUNNEL_WIDTH_GATE": 0.2,
    "NARROW_DIST": 0.5,
    "GATE_FLAT_DIST": 0.3,
    "Q_OMEGA": 2,
    "R_VTHETA": 1.0,
    "REG_THRUST": 0.008,
    "REG_INPUTS": 0.03
  },
  "box_lims": {
    "vtheta_max": 1.4,
    "dvtheta_max": 1.4
  }
}
2025-06-28 18:13:10,063 | INFO    | ===== INITIAL STATE DUMP =====
2025-06-28 18:13:10,063 | DEBUG   | {
  "xcurrent": [
    1.0787901878356934,
    1.4723646640777588,
    0.08156993240118027,
    0.0,
    0.0,
    0.0
  ],
  "params": {
    "QC": 10,
    "QC_GATE": 50,
    "QL": 40,
    "MU": 10,
    "DVTHETA_MAX": 1.4,
    "N": 20,
    "T_HORIZON": 0.9,
    "RAMP_TIME": 0.5,
    "BARRIER_WEIGHT": 10,
    "OBSTACLE_WEIGHT": [
      50,
      200,
      100,
      30
    ],
    "OBSTACLE_RADIUS": 0.2,
    "TUNNEL_WIDTH": 0.4,
    "TUNNEL_WIDTH_GATE": 0.2,
    "NARROW_DIST": 0.5,
    "GATE_FLAT_DIST": 0.3,
    "Q_OMEGA": 2,
    "R_VTHETA": 1.0,
    "REG_THRUST": 0.008,
    "REG_INPUTS": 0.03
  },
  "box_lims": {
    "vtheta_max": 1.4,
    "dvtheta_max": 1.4
  }
}
2025-06-28 18:13:23,734 | INFO    | ===== INITIAL STATE DUMP =====
2025-06-28 18:13:23,735 | DEBUG   | {
  "xcurrent": [
    1.0791561603546143,
    1.4776430130004883,
    0.07679307460784912,
    0.0,
    0.0,
    0.0
  ],
  "params": {
    "QC": 10,
    "QC_GATE": 50,
    "QL": 40,
    "MU": 10,
    "DVTHETA_MAX": 1.4,
    "N": 20,
    "T_HORIZON": 0.9,
    "RAMP_TIME": 0.5,
    "BARRIER_WEIGHT": 10,
    "OBSTACLE_WEIGHT": [
      50,
      200,
      100,
      30
    ],
    "OBSTACLE_RADIUS": 0.2,
    "TUNNEL_WIDTH": 0.4,
    "TUNNEL_WIDTH_GATE": 0.2,
    "NARROW_DIST": 0.5,
    "GATE_FLAT_DIST": 0.3,
    "Q_OMEGA": 2,
    "R_VTHETA": 1.0,
    "REG_THRUST": 0.008,
    "REG_INPUTS": 0.03
  },
  "box_lims": {
    "vtheta_max": 1.4,
    "dvtheta_max": 1.4
  }
}
2025-06-28 18:13:29,290 | INFO    | ===== INITIAL STATE DUMP =====
2025-06-28 18:13:29,290 | DEBUG   | {
  "xcurrent": [
    1.0449925661087036,
    1.4488357305526733,
    0.08523111790418625,
    0.0,
    0.0,
    0.0
  ],
  "params": {
    "QC": 10,
    "QC_GATE": 50,
    "QL": 40,
    "MU": 10,
    "DVTHETA_MAX": 1.4,
    "N": 20,
    "T_HORIZON": 0.9,
    "RAMP_TIME": 0.5,
    "BARRIER_WEIGHT": 10,
    "OBSTACLE_WEIGHT": [
      50,
      200,
      100,
      30
    ],
    "OBSTACLE_RADIUS": 0.2,
    "TUNNEL_WIDTH": 0.4,
    "TUNNEL_WIDTH_GATE": 0.2,
    "NARROW_DIST": 0.5,
    "GATE_FLAT_DIST": 0.3,
    "Q_OMEGA": 2,
    "R_VTHETA": 1.0,
    "REG_THRUST": 0.008,
    "REG_INPUTS": 0.03
  },
  "box_lims": {
    "vtheta_max": 1.4,
    "dvtheta_max": 1.4
  }
}
2025-06-28 18:13:43,709 | INFO    | ===== INITIAL STATE DUMP =====
2025-06-28 18:13:43,709 | DEBUG   | {
  "xcurrent": [
    1.0023285150527954,
    1.5655827522277832,
    0.08831863850355148,
    0.0,
    0.0,
    0.0
  ],
  "params": {
    "QC": 10,
    "QC_GATE": 50,
    "QL": 40,
    "MU": 10,
    "DVTHETA_MAX": 1.4,
    "N": 20,
    "T_HORIZON": 0.9,
    "RAMP_TIME": 0.5,
    "BARRIER_WEIGHT": 10,
    "OBSTACLE_WEIGHT": [
      50,
      200,
      100,
      30
    ],
    "OBSTACLE_RADIUS": 0.2,
    "TUNNEL_WIDTH": 0.4,
    "TUNNEL_WIDTH_GATE": 0.2,
    "NARROW_DIST": 0.5,
    "GATE_FLAT_DIST": 0.3,
    "Q_OMEGA": 2,
    "R_VTHETA": 1.0,
    "REG_THRUST": 0.008,
    "REG_INPUTS": 0.03
  },
  "box_lims": {
    "vtheta_max": 1.4,
    "dvtheta_max": 1.4
  }
}
2025-06-28 18:13:56,257 | INFO    | ===== INITIAL STATE DUMP =====
2025-06-28 18:13:56,257 | DEBUG   | {
  "xcurrent": [
    1.0852457284927368,
    1.49885094165802,
    0.07341744750738144,
    0.0,
    0.0,
    0.0
  ],
  "params": {
    "QC": 10,
    "QC_GATE": 50,
    "QL": 40,
    "MU": 10,
    "DVTHETA_MAX": 1.4,
    "N": 20,
    "T_HORIZON": 0.9,
    "RAMP_TIME": 0.5,
    "BARRIER_WEIGHT": 10,
    "OBSTACLE_WEIGHT": [
      50,
      200,
      100,
      30
    ],
    "OBSTACLE_RADIUS": 0.2,
    "TUNNEL_WIDTH": 0.4,
    "TUNNEL_WIDTH_GATE": 0.2,
    "NARROW_DIST": 0.5,
    "GATE_FLAT_DIST": 0.3,
    "Q_OMEGA": 2,
    "R_VTHETA": 1.0,
    "REG_THRUST": 0.008,
    "REG_INPUTS": 0.03
  },
  "box_lims": {
    "vtheta_max": 1.4,
    "dvtheta_max": 1.4
  }
}
2025-06-28 18:14:08,777 | INFO    | ===== INITIAL STATE DUMP =====
2025-06-28 18:14:08,777 | DEBUG   | {
  "xcurrent": [
    1.037524700164795,
    1.5943801403045654,
    0.07296909391880035,
    0.0,
    0.0,
    0.0
  ],
  "params": {
    "QC": 10,
    "QC_GATE": 50,
    "QL": 40,
    "MU": 10,
    "DVTHETA_MAX": 1.4,
    "N": 20,
    "T_HORIZON": 0.9,
    "RAMP_TIME": 0.5,
    "BARRIER_WEIGHT": 10,
    "OBSTACLE_WEIGHT": [
      50,
      200,
      100,
      30
    ],
    "OBSTACLE_RADIUS": 0.2,
    "TUNNEL_WIDTH": 0.4,
    "TUNNEL_WIDTH_GATE": 0.2,
    "NARROW_DIST": 0.5,
    "GATE_FLAT_DIST": 0.3,
    "Q_OMEGA": 2,
    "R_VTHETA": 1.0,
    "REG_THRUST": 0.008,
    "REG_INPUTS": 0.03
  },
  "box_lims": {
    "vtheta_max": 1.4,
    "dvtheta_max": 1.4
  }
}
2025-06-28 18:14:12,653 | ERROR   | Solver failed | status=4 | SQP it=430 | KKT=3.49e-08 | t=0.425s
2025-06-28 18:14:12,654 | ERROR   | Dump saved → debug_logs/fail/tick0111.json
2025-06-28 18:14:12,683 | ERROR   | Solver failed | status=4 | SQP it=1 | KKT=1.38e+02 | t=0.001s
2025-06-28 18:14:12,684 | ERROR   | Dump saved → debug_logs/fail/tick0112.json
2025-06-28 18:14:12,712 | ERROR   | Solver failed | status=4 | SQP it=1 | KKT=1.38e+02 | t=0.004s
2025-06-28 18:14:12,712 | ERROR   | Dump saved → debug_logs/fail/tick0113.json
2025-06-28 18:14:12,740 | ERROR   | Solver failed | status=4 | SQP it=1 | KKT=1.38e+02 | t=0.003s
2025-06-28 18:14:12,741 | ERROR   | Dump saved → debug_logs/fail/tick0114.json
2025-06-28 18:14:14,694 | ERROR   | Solver failed | status=2 | SQP it=1000 | KKT=8.28e-09 | t=0.969s
2025-06-28 18:14:14,696 | ERROR   | Dump saved → debug_logs/fail/tick0141.json
2025-06-28 18:14:15,315 | ERROR   | Solver failed | status=2 | SQP it=1000 | KKT=1.84e-08 | t=0.592s
2025-06-28 18:14:15,315 | ERROR   | Dump saved → debug_logs/fail/tick0142.json
2025-06-28 18:14:16,015 | ERROR   | Solver failed | status=2 | SQP it=1000 | KKT=2.72e-08 | t=0.669s
2025-06-28 18:14:16,016 | ERROR   | Dump saved → debug_logs/fail/tick0143.json
2025-06-28 18:14:16,754 | ERROR   | Solver failed | status=2 | SQP it=1000 | KKT=2.59e-08 | t=0.709s
2025-06-28 18:14:16,755 | ERROR   | Dump saved → debug_logs/fail/tick0144.json
2025-06-28 18:14:17,714 | ERROR   | Solver failed | status=2 | SQP it=1000 | KKT=7.54e-08 | t=0.931s
2025-06-28 18:14:17,716 | ERROR   | Dump saved → debug_logs/fail/tick0145.json
2025-06-28 18:14:18,719 | ERROR   | Solver failed | status=2 | SQP it=1000 | KKT=5.00e-08 | t=0.973s
2025-06-28 18:14:18,719 | ERROR   | Dump saved → debug_logs/fail/tick0146.json
2025-06-28 18:14:19,222 | ERROR   | Solver failed | status=4 | SQP it=536 | KKT=4.93e-08 | t=0.469s
2025-06-28 18:14:19,223 | ERROR   | Dump saved → debug_logs/fail/tick0147.json
2025-06-28 18:14:19,475 | ERROR   | Solver failed | status=4 | SQP it=249 | KKT=1.48e-13 | t=0.225s
2025-06-28 18:14:19,476 | ERROR   | Dump saved → debug_logs/fail/tick0148.json
2025-06-28 18:14:20,232 | ERROR   | Solver failed | status=4 | SQP it=780 | KKT=4.29e-11 | t=0.729s
2025-06-28 18:14:20,233 | ERROR   | Dump saved → debug_logs/fail/tick0149.json
