2025-06-10 16:24:15,265 | INFO    | ===== INITIAL STATE DUMP =====
2025-06-10 16:24:15,266 | DEBUG   | {
  "xcurrent": [
    1.089695930480957,
    1.4088244438171387,
    0.08456537127494812,
    0.0,
    0.0,
    0.0
  ],
  "params": {
    "QC": 10,
    "QL": 80,
    "MU": 10,
    "DVTHETA_MAX": 1.9,
    "N": 20,
    "T_HORIZON": 1.5,
    "RAMP_TIME": 1.8,
    "BARRIER_WEIGHT": 10,
    "TUNNEL_WIDTH": 0.5,
    "TUNNEL_WIDTH_GATE": 0.2,
    "Q_OMEGA": 2,
    "R_VTHETA": 1.0,
    "IN_GATE_RAMP_TIME": 0.4,
    "OUT_GATE_RAMP_TIME": 3
  },
  "box_lims": {
    "vtheta_max": 1.9,
    "dvtheta_max": 1.9
  }
}
2025-06-10 16:24:25,544 | INFO    | ===== INITIAL STATE DUMP =====
2025-06-10 16:24:25,544 | DEBUG   | {
  "xcurrent": [
    1.0078709125518799,
    1.495231032371521,
    0.08211961388587952,
    0.0,
    0.0,
    0.0
  ],
  "params": {
    "QC": 10,
    "QL": 80,
    "MU": 10,
    "DVTHETA_MAX": 1.9,
    "N": 20,
    "T_HORIZON": 1.5,
    "RAMP_TIME": 1.8,
    "BARRIER_WEIGHT": 10,
    "TUNNEL_WIDTH": 0.5,
    "TUNNEL_WIDTH_GATE": 0.2,
    "Q_OMEGA": 2,
    "R_VTHETA": 1.0,
    "IN_GATE_RAMP_TIME": 0.4,
    "OUT_GATE_RAMP_TIME": 3
  },
  "box_lims": {
    "vtheta_max": 1.9,
    "dvtheta_max": 1.9
  }
}
2025-06-10 16:24:27,277 | ERROR   | Solver failed | status=1 | SQP it=1 | KKT=1.05e+02 | t=0.001s
2025-06-10 16:24:27,278 | ERROR   | Dump saved → debug_logs/fail/tick0060.json
2025-06-10 16:24:27,307 | ERROR   | Solver failed | status=1 | SQP it=0 | KKT=nan | t=0.000s
2025-06-10 16:24:27,307 | ERROR   | Dump saved → debug_logs/fail/tick0061.json
2025-06-10 16:24:27,335 | ERROR   | Solver failed | status=1 | SQP it=0 | KKT=nan | t=0.000s
2025-06-10 16:24:27,336 | ERROR   | Dump saved → debug_logs/fail/tick0062.json
2025-06-10 16:24:27,364 | ERROR   | Solver failed | status=1 | SQP it=0 | KKT=nan | t=0.000s
2025-06-10 16:24:27,364 | ERROR   | Dump saved → debug_logs/fail/tick0063.json
2025-06-10 16:24:27,392 | ERROR   | Solver failed | status=1 | SQP it=0 | KKT=nan | t=0.000s
2025-06-10 16:24:27,392 | ERROR   | Dump saved → debug_logs/fail/tick0064.json
2025-06-10 16:24:27,420 | ERROR   | Solver failed | status=1 | SQP it=0 | KKT=nan | t=0.000s
2025-06-10 16:24:27,421 | ERROR   | Dump saved → debug_logs/fail/tick0065.json
2025-06-10 16:24:27,451 | ERROR   | Solver failed | status=1 | SQP it=0 | KKT=nan | t=0.000s
2025-06-10 16:24:27,451 | ERROR   | Dump saved → debug_logs/fail/tick0066.json
2025-06-10 16:24:27,476 | ERROR   | Solver failed | status=1 | SQP it=0 | KKT=nan | t=0.000s
2025-06-10 16:24:27,476 | ERROR   | Dump saved → debug_logs/fail/tick0067.json
2025-06-10 16:24:27,500 | ERROR   | Solver failed | status=1 | SQP it=0 | KKT=nan | t=0.000s
2025-06-10 16:24:27,501 | ERROR   | Dump saved → debug_logs/fail/tick0068.json
2025-06-10 16:24:27,525 | ERROR   | Solver failed | status=1 | SQP it=0 | KKT=nan | t=0.000s
2025-06-10 16:24:27,526 | ERROR   | Dump saved → debug_logs/fail/tick0069.json
2025-06-10 16:24:27,550 | ERROR   | Solver failed | status=1 | SQP it=0 | KKT=nan | t=0.000s
2025-06-10 16:24:27,551 | ERROR   | Dump saved → debug_logs/fail/tick0070.json
2025-06-10 16:24:27,574 | ERROR   | Solver failed | status=1 | SQP it=0 | KKT=nan | t=0.000s
2025-06-10 16:24:27,575 | ERROR   | Dump saved → debug_logs/fail/tick0071.json
2025-06-10 16:24:27,600 | ERROR   | Solver failed | status=1 | SQP it=0 | KKT=nan | t=0.000s
2025-06-10 16:24:27,601 | ERROR   | Dump saved → debug_logs/fail/tick0072.json
2025-06-10 16:24:27,625 | ERROR   | Solver failed | status=1 | SQP it=0 | KKT=nan | t=0.000s
2025-06-10 16:24:27,626 | ERROR   | Dump saved → debug_logs/fail/tick0073.json
2025-06-10 16:24:27,650 | ERROR   | Solver failed | status=1 | SQP it=0 | KKT=nan | t=0.000s
2025-06-10 16:24:27,651 | ERROR   | Dump saved → debug_logs/fail/tick0074.json
2025-06-10 16:24:27,679 | ERROR   | Solver failed | status=1 | SQP it=0 | KKT=nan | t=0.000s
2025-06-10 16:24:27,679 | ERROR   | Dump saved → debug_logs/fail/tick0075.json
2025-06-10 16:24:27,704 | ERROR   | Solver failed | status=1 | SQP it=0 | KKT=nan | t=0.000s
2025-06-10 16:24:27,705 | ERROR   | Dump saved → debug_logs/fail/tick0076.json
2025-06-10 16:24:27,729 | ERROR   | Solver failed | status=4 | SQP it=1 | KKT=4.07e+02 | t=0.000s
2025-06-10 16:24:27,730 | ERROR   | Dump saved → debug_logs/fail/tick0077.json
2025-06-10 16:24:27,755 | ERROR   | Solver failed | status=4 | SQP it=1 | KKT=4.07e+02 | t=0.000s
2025-06-10 16:24:27,756 | ERROR   | Dump saved → debug_logs/fail/tick0078.json
2025-06-10 16:24:27,783 | ERROR   | Solver failed | status=1 | SQP it=0 | KKT=nan | t=0.000s
2025-06-10 16:24:27,783 | ERROR   | Dump saved → debug_logs/fail/tick0079.json
2025-06-10 16:24:27,810 | ERROR   | Solver failed | status=1 | SQP it=0 | KKT=nan | t=0.000s
2025-06-10 16:24:27,810 | ERROR   | Dump saved → debug_logs/fail/tick0080.json
