2025-06-28 12:50:22,863 | INFO    | ===== INITIAL STATE DUMP =====
2025-06-28 12:50:22,863 | DEBUG   | {
  "xcurrent": [
    1.089695930480957,
    1.4088244438171387,
    0.08456537127494812,
    0.0,
    0.0,
    0.0
  ],
  "params": {
    "QC": 10,
    "QC_GATE": 50,
    "QL": 40,
    "MU": 10,
    "DVTHETA_MAX": 1.0,
    "N": 20,
    "T_HORIZON": 0.8,
    "RAMP_TIME": 1.8,
    "BARRIER_WEIGHT": 10,
    "TUNNEL_WIDTH": 0.4,
    "TUNNEL_WIDTH_GATE": 0.15,
    "NARROW_DIST": 0.7,
    "GATE_FLAT_DIST": 0.2,
    "Q_OMEGA": 2,
    "R_VTHETA": 1.0,
    "IN_GATE_RAMP_TIME": 0.3,
    "OUT_GATE_RAMP_TIME": 0.5,
    "REG_THRUST": 0.018,
    "REG_INPUTS": 0.1
  },
  "box_lims": {
    "vtheta_max": 1.0,
    "dvtheta_max": 1.0
  }
}
2025-06-28 12:50:31,939 | ERROR   | Solver failed | status=2 | SQP it=1000 | KKT=2.05e-09 | t=0.929s
2025-06-28 12:50:31,941 | ERROR   | Dump saved → debug_logs/fail/tick0109.json
2025-06-28 12:50:32,925 | ERROR   | Solver failed | status=2 | SQP it=1000 | KKT=2.21e-08 | t=0.958s
2025-06-28 12:50:32,926 | ERROR   | Dump saved → debug_logs/fail/tick0110.json
2025-06-28 12:50:33,897 | ERROR   | Solver failed | status=2 | SQP it=1000 | KKT=9.61e-09 | t=0.948s
2025-06-28 12:50:33,898 | ERROR   | Dump saved → debug_logs/fail/tick0111.json
2025-06-28 12:50:34,876 | ERROR   | Solver failed | status=2 | SQP it=1000 | KKT=2.49e-10 | t=0.949s
2025-06-28 12:50:34,877 | ERROR   | Dump saved → debug_logs/fail/tick0112.json
2025-06-28 12:50:35,844 | ERROR   | Solver failed | status=2 | SQP it=1000 | KKT=8.62e-08 | t=0.941s
2025-06-28 12:50:35,846 | ERROR   | Dump saved → debug_logs/fail/tick0113.json
2025-06-28 12:50:36,814 | ERROR   | Solver failed | status=2 | SQP it=1000 | KKT=5.04e-11 | t=0.945s
2025-06-28 12:50:36,816 | ERROR   | Dump saved → debug_logs/fail/tick0114.json
2025-06-28 12:50:37,790 | ERROR   | Solver failed | status=2 | SQP it=1000 | KKT=1.89e-12 | t=0.945s
2025-06-28 12:50:37,791 | ERROR   | Dump saved → debug_logs/fail/tick0115.json
2025-06-28 12:50:38,752 | ERROR   | Solver failed | status=2 | SQP it=1000 | KKT=9.90e-12 | t=0.935s
2025-06-28 12:50:38,753 | ERROR   | Dump saved → debug_logs/fail/tick0116.json
2025-06-28 12:50:39,715 | ERROR   | Solver failed | status=2 | SQP it=1000 | KKT=9.80e-08 | t=0.936s
2025-06-28 12:50:39,716 | ERROR   | Dump saved → debug_logs/fail/tick0117.json
2025-06-28 12:50:40,692 | ERROR   | Solver failed | status=2 | SQP it=1000 | KKT=6.11e-10 | t=0.949s
2025-06-28 12:50:40,693 | ERROR   | Dump saved → debug_logs/fail/tick0118.json
2025-06-28 12:50:41,676 | ERROR   | Solver failed | status=2 | SQP it=1000 | KKT=9.22e-10 | t=0.959s
2025-06-28 12:50:41,677 | ERROR   | Dump saved → debug_logs/fail/tick0119.json
2025-06-28 12:50:42,666 | ERROR   | Solver failed | status=2 | SQP it=1000 | KKT=1.17e-10 | t=0.961s
2025-06-28 12:50:42,666 | ERROR   | Dump saved → debug_logs/fail/tick0120.json
2025-06-28 12:50:43,756 | ERROR   | Solver failed | status=2 | SQP it=1000 | KKT=2.85e-10 | t=1.030s
2025-06-28 12:50:43,756 | ERROR   | Dump saved → debug_logs/fail/tick0121.json
2025-06-28 12:50:44,885 | ERROR   | Solver failed | status=2 | SQP it=1000 | KKT=8.08e-08 | t=1.089s
2025-06-28 12:50:44,886 | ERROR   | Dump saved → debug_logs/fail/tick0122.json
2025-06-28 12:50:45,896 | ERROR   | Solver failed | status=2 | SQP it=1000 | KKT=2.26e-09 | t=0.981s
2025-06-28 12:50:45,897 | ERROR   | Dump saved → debug_logs/fail/tick0123.json
2025-06-28 12:50:46,866 | ERROR   | Solver failed | status=2 | SQP it=1000 | KKT=7.61e-14 | t=0.937s
2025-06-28 12:50:46,868 | ERROR   | Dump saved → debug_logs/fail/tick0124.json
