2025-06-29 16:43:07,483 | INFO    | ===== INITIAL STATE DUMP =====
2025-06-29 16:43:07,483 | DEBUG   | {
  "xcurrent": [
    1.089695930480957,
    1.4088244438171387,
    0.08456537127494812,
    0.0,
    0.0,
    0.0
  ],
  "params": {
    "QC": 10,
    "QL": 40,
    "MU": 10,
    "DVTHETA_MAX": 1.7,
    "N": 20,
    "T_HORIZON": 1.0,
    "RAMP_TIME": 1.8,
    "BW_RAMP": 0.3,
    "BARRIER_WEIGHT": 10,
    "TUNNEL_WIDTH": 0.4,
    "TUNNEL_WIDTH_GATE": 0.15,
    "NARROW_DIST": 0.7,
    "GATE_FLAT_DIST": 0.2,
    "Q_OMEGA": 2,
    "R_VTHETA": 1.0,
    "IN_GATE_RAMP_TIME": 0.3,
    "OUT_GATE_RAMP_TIME": 0.5,
    "REG_THRUST": 0.018,
    "REG_INPUTS": 0.09
  },
  "box_lims": {
    "vtheta_max": 1.7,
    "dvtheta_max": 1.7
  }
}
2025-06-29 16:43:43,817 | INFO    | ===== INITIAL STATE DUMP =====
2025-06-29 16:43:43,818 | DEBUG   | {
  "xcurrent": [
    0.9654344320297241,
    1.44087553024292,
    0.07791860401630402,
    0.0,
    0.0,
    0.0
  ],
  "params": {
    "QC": 10,
    "QL": 40,
    "MU": 10,
    "DVTHETA_MAX": 1.7,
    "N": 20,
    "T_HORIZON": 1.0,
    "RAMP_TIME": 1.8,
    "BW_RAMP": 0.3,
    "BARRIER_WEIGHT": 10,
    "TUNNEL_WIDTH": 0.4,
    "TUNNEL_WIDTH_GATE": 0.15,
    "NARROW_DIST": 0.7,
    "GATE_FLAT_DIST": 0.2,
    "Q_OMEGA": 2,
    "R_VTHETA": 1.0,
    "IN_GATE_RAMP_TIME": 0.3,
    "OUT_GATE_RAMP_TIME": 0.5,
    "REG_THRUST": 0.018,
    "REG_INPUTS": 0.09
  },
  "box_lims": {
    "vtheta_max": 1.7,
    "dvtheta_max": 1.7
  }
}
2025-06-29 16:43:46,681 | ERROR   | Solver failed | status=1 | SQP it=68 | KKT=1.97e-09 | t=0.070s
2025-06-29 16:43:46,681 | ERROR   | Dump saved → debug_logs/fail/tick0094.json
2025-06-29 16:43:46,709 | ERROR   | Solver failed | status=1 | SQP it=0 | KKT=nan | t=0.000s
2025-06-29 16:43:46,710 | ERROR   | Dump saved → debug_logs/fail/tick0095.json
2025-06-29 16:43:46,738 | ERROR   | Solver failed | status=4 | SQP it=1 | KKT=8.83e+03 | t=0.000s
2025-06-29 16:43:46,739 | ERROR   | Dump saved → debug_logs/fail/tick0096.json
2025-06-29 16:43:46,765 | ERROR   | Solver failed | status=4 | SQP it=1 | KKT=8.83e+03 | t=0.000s
2025-06-29 16:43:46,766 | ERROR   | Dump saved → debug_logs/fail/tick0097.json
2025-06-29 16:43:46,793 | ERROR   | Solver failed | status=4 | SQP it=1 | KKT=8.83e+03 | t=0.000s
2025-06-29 16:43:46,794 | ERROR   | Dump saved → debug_logs/fail/tick0098.json
2025-06-29 16:43:46,821 | ERROR   | Solver failed | status=4 | SQP it=1 | KKT=8.83e+03 | t=0.000s
2025-06-29 16:43:46,822 | ERROR   | Dump saved → debug_logs/fail/tick0099.json
2025-06-29 16:43:46,846 | ERROR   | Solver failed | status=4 | SQP it=1 | KKT=8.83e+03 | t=0.000s
2025-06-29 16:43:46,847 | ERROR   | Dump saved → debug_logs/fail/tick0100.json
2025-06-29 16:43:46,871 | ERROR   | Solver failed | status=4 | SQP it=1 | KKT=8.83e+03 | t=0.000s
2025-06-29 16:43:46,872 | ERROR   | Dump saved → debug_logs/fail/tick0101.json
2025-06-29 16:43:46,896 | ERROR   | Solver failed | status=4 | SQP it=1 | KKT=8.83e+03 | t=0.000s
2025-06-29 16:43:46,897 | ERROR   | Dump saved → debug_logs/fail/tick0102.json
2025-06-29 16:43:46,921 | ERROR   | Solver failed | status=4 | SQP it=1 | KKT=8.83e+03 | t=0.000s
2025-06-29 16:43:46,922 | ERROR   | Dump saved → debug_logs/fail/tick0103.json
2025-06-29 16:43:46,947 | ERROR   | Solver failed | status=4 | SQP it=1 | KKT=8.83e+03 | t=0.000s
2025-06-29 16:43:46,947 | ERROR   | Dump saved → debug_logs/fail/tick0104.json
2025-06-29 16:43:46,972 | ERROR   | Solver failed | status=4 | SQP it=1 | KKT=8.83e+03 | t=0.000s
2025-06-29 16:43:46,973 | ERROR   | Dump saved → debug_logs/fail/tick0105.json
2025-06-29 16:43:46,998 | ERROR   | Solver failed | status=4 | SQP it=1 | KKT=8.83e+03 | t=0.000s
2025-06-29 16:43:46,998 | ERROR   | Dump saved → debug_logs/fail/tick0106.json
2025-06-29 16:43:47,023 | ERROR   | Solver failed | status=4 | SQP it=1 | KKT=8.83e+03 | t=0.000s
2025-06-29 16:43:47,023 | ERROR   | Dump saved → debug_logs/fail/tick0107.json
2025-06-29 16:43:47,048 | ERROR   | Solver failed | status=4 | SQP it=1 | KKT=8.83e+03 | t=0.000s
2025-06-29 16:43:47,049 | ERROR   | Dump saved → debug_logs/fail/tick0108.json
2025-06-29 16:43:47,074 | ERROR   | Solver failed | status=4 | SQP it=1 | KKT=8.83e+03 | t=0.000s
2025-06-29 16:43:47,075 | ERROR   | Dump saved → debug_logs/fail/tick0109.json
2025-06-29 16:43:47,101 | ERROR   | Solver failed | status=4 | SQP it=1 | KKT=8.83e+03 | t=0.000s
2025-06-29 16:43:47,102 | ERROR   | Dump saved → debug_logs/fail/tick0110.json
2025-06-29 16:43:47,127 | ERROR   | Solver failed | status=4 | SQP it=1 | KKT=8.83e+03 | t=0.000s
2025-06-29 16:43:47,128 | ERROR   | Dump saved → debug_logs/fail/tick0111.json
2025-06-29 16:43:47,154 | ERROR   | Solver failed | status=4 | SQP it=1 | KKT=8.83e+03 | t=0.000s
2025-06-29 16:43:47,155 | ERROR   | Dump saved → debug_logs/fail/tick0112.json
2025-06-29 16:43:47,177 | ERROR   | Solver failed | status=4 | SQP it=1 | KKT=8.83e+03 | t=0.000s
2025-06-29 16:43:47,178 | ERROR   | Dump saved → debug_logs/fail/tick0113.json
2025-06-29 16:43:47,206 | ERROR   | Solver failed | status=4 | SQP it=1 | KKT=8.83e+03 | t=0.000s
2025-06-29 16:43:47,206 | ERROR   | Dump saved → debug_logs/fail/tick0114.json
2025-06-29 16:43:47,233 | ERROR   | Solver failed | status=4 | SQP it=1 | KKT=8.83e+03 | t=0.000s
2025-06-29 16:43:47,234 | ERROR   | Dump saved → debug_logs/fail/tick0115.json
2025-06-29 16:43:47,258 | ERROR   | Solver failed | status=4 | SQP it=1 | KKT=8.83e+03 | t=0.000s
2025-06-29 16:43:47,259 | ERROR   | Dump saved → debug_logs/fail/tick0116.json
2025-06-29 16:43:47,284 | ERROR   | Solver failed | status=4 | SQP it=1 | KKT=8.83e+03 | t=0.000s
2025-06-29 16:43:47,285 | ERROR   | Dump saved → debug_logs/fail/tick0117.json
2025-06-29 16:43:47,309 | ERROR   | Solver failed | status=4 | SQP it=1 | KKT=8.83e+03 | t=0.000s
2025-06-29 16:43:47,310 | ERROR   | Dump saved → debug_logs/fail/tick0118.json
2025-06-29 16:43:47,335 | ERROR   | Solver failed | status=4 | SQP it=1 | KKT=8.83e+03 | t=0.000s
2025-06-29 16:43:47,335 | ERROR   | Dump saved → debug_logs/fail/tick0119.json
2025-06-29 16:43:47,360 | ERROR   | Solver failed | status=4 | SQP it=1 | KKT=8.83e+03 | t=0.000s
2025-06-29 16:43:47,361 | ERROR   | Dump saved → debug_logs/fail/tick0120.json
2025-06-29 16:43:47,388 | ERROR   | Solver failed | status=4 | SQP it=1 | KKT=8.83e+03 | t=0.000s
2025-06-29 16:43:47,389 | ERROR   | Dump saved → debug_logs/fail/tick0121.json
2025-06-29 16:43:47,414 | ERROR   | Solver failed | status=4 | SQP it=1 | KKT=8.83e+03 | t=0.000s
2025-06-29 16:43:47,415 | ERROR   | Dump saved → debug_logs/fail/tick0122.json
2025-06-29 16:43:47,440 | ERROR   | Solver failed | status=4 | SQP it=1 | KKT=8.83e+03 | t=0.000s
2025-06-29 16:43:47,441 | ERROR   | Dump saved → debug_logs/fail/tick0123.json
2025-06-29 16:43:47,466 | ERROR   | Solver failed | status=4 | SQP it=1 | KKT=8.83e+03 | t=0.000s
2025-06-29 16:43:47,466 | ERROR   | Dump saved → debug_logs/fail/tick0124.json
2025-06-29 16:43:47,491 | ERROR   | Solver failed | status=4 | SQP it=1 | KKT=8.83e+03 | t=0.000s
2025-06-29 16:43:47,492 | ERROR   | Dump saved → debug_logs/fail/tick0125.json
2025-06-29 16:43:47,518 | ERROR   | Solver failed | status=4 | SQP it=1 | KKT=8.83e+03 | t=0.000s
2025-06-29 16:43:47,519 | ERROR   | Dump saved → debug_logs/fail/tick0126.json
2025-06-29 16:43:47,546 | ERROR   | Solver failed | status=4 | SQP it=1 | KKT=8.83e+03 | t=0.000s
2025-06-29 16:43:47,547 | ERROR   | Dump saved → debug_logs/fail/tick0127.json
2025-06-29 16:43:47,572 | ERROR   | Solver failed | status=4 | SQP it=1 | KKT=8.83e+03 | t=0.000s
2025-06-29 16:43:47,573 | ERROR   | Dump saved → debug_logs/fail/tick0128.json
2025-06-29 16:43:47,599 | ERROR   | Solver failed | status=4 | SQP it=1 | KKT=8.83e+03 | t=0.000s
2025-06-29 16:43:47,600 | ERROR   | Dump saved → debug_logs/fail/tick0129.json
2025-06-29 16:43:47,627 | ERROR   | Solver failed | status=4 | SQP it=1 | KKT=8.83e+03 | t=0.000s
2025-06-29 16:43:47,628 | ERROR   | Dump saved → debug_logs/fail/tick0130.json
2025-06-29 16:43:47,656 | ERROR   | Solver failed | status=4 | SQP it=1 | KKT=8.83e+03 | t=0.000s
2025-06-29 16:43:47,657 | ERROR   | Dump saved → debug_logs/fail/tick0131.json
2025-06-29 16:43:47,685 | ERROR   | Solver failed | status=4 | SQP it=1 | KKT=8.83e+03 | t=0.000s
2025-06-29 16:43:47,685 | ERROR   | Dump saved → debug_logs/fail/tick0132.json
2025-06-29 16:43:47,710 | ERROR   | Solver failed | status=4 | SQP it=1 | KKT=8.83e+03 | t=0.000s
2025-06-29 16:43:47,710 | ERROR   | Dump saved → debug_logs/fail/tick0133.json
2025-06-29 16:43:47,735 | ERROR   | Solver failed | status=4 | SQP it=1 | KKT=8.83e+03 | t=0.000s
2025-06-29 16:43:47,735 | ERROR   | Dump saved → debug_logs/fail/tick0134.json
2025-06-29 16:43:47,759 | ERROR   | Solver failed | status=4 | SQP it=1 | KKT=8.83e+03 | t=0.000s
2025-06-29 16:43:47,760 | ERROR   | Dump saved → debug_logs/fail/tick0135.json
2025-06-29 16:43:47,784 | ERROR   | Solver failed | status=4 | SQP it=1 | KKT=8.83e+03 | t=0.000s
2025-06-29 16:43:47,785 | ERROR   | Dump saved → debug_logs/fail/tick0136.json
2025-06-29 16:43:47,809 | ERROR   | Solver failed | status=4 | SQP it=1 | KKT=8.83e+03 | t=0.000s
2025-06-29 16:43:47,810 | ERROR   | Dump saved → debug_logs/fail/tick0137.json
2025-06-29 16:43:47,834 | ERROR   | Solver failed | status=4 | SQP it=1 | KKT=8.83e+03 | t=0.000s
2025-06-29 16:43:47,835 | ERROR   | Dump saved → debug_logs/fail/tick0138.json
2025-06-29 16:43:47,860 | ERROR   | Solver failed | status=4 | SQP it=1 | KKT=8.83e+03 | t=0.000s
2025-06-29 16:43:47,861 | ERROR   | Dump saved → debug_logs/fail/tick0139.json
2025-06-29 16:43:47,885 | ERROR   | Solver failed | status=4 | SQP it=1 | KKT=8.83e+03 | t=0.000s
2025-06-29 16:43:47,885 | ERROR   | Dump saved → debug_logs/fail/tick0140.json
2025-06-29 16:43:47,911 | ERROR   | Solver failed | status=4 | SQP it=1 | KKT=8.83e+03 | t=0.000s
2025-06-29 16:43:47,911 | ERROR   | Dump saved → debug_logs/fail/tick0141.json
2025-06-29 16:43:47,937 | ERROR   | Solver failed | status=4 | SQP it=1 | KKT=8.83e+03 | t=0.000s
2025-06-29 16:43:47,938 | ERROR   | Dump saved → debug_logs/fail/tick0142.json
2025-06-29 16:43:49,307 | INFO    | ===== INITIAL STATE DUMP =====
2025-06-29 16:43:49,307 | DEBUG   | {
  "xcurrent": [
    0.902813196182251,
    1.5352137088775635,
    0.08099964261054993,
    0.0,
    0.0,
    0.0
  ],
  "params": {
    "QC": 10,
    "QL": 40,
    "MU": 10,
    "DVTHETA_MAX": 1.7,
    "N": 20,
    "T_HORIZON": 1.0,
    "RAMP_TIME": 1.8,
    "BW_RAMP": 0.3,
    "BARRIER_WEIGHT": 10,
    "TUNNEL_WIDTH": 0.4,
    "TUNNEL_WIDTH_GATE": 0.15,
    "NARROW_DIST": 0.7,
    "GATE_FLAT_DIST": 0.2,
    "Q_OMEGA": 2,
    "R_VTHETA": 1.0,
    "IN_GATE_RAMP_TIME": 0.3,
    "OUT_GATE_RAMP_TIME": 0.5,
    "REG_THRUST": 0.018,
    "REG_INPUTS": 0.09
  },
  "box_lims": {
    "vtheta_max": 1.7,
    "dvtheta_max": 1.7
  }
}
