2025-06-06 18:47:06,004 | INFO    | ===== INITIAL STATE DUMP =====
2025-06-06 18:47:06,005 | DEBUG   | {
  "xcurrent": [
    1.089695930480957,
    1.4088244438171387,
    0.08456537127494812,
    0.0,
    0.0,
    0.0
  ],
  "params": {
    "QC": 10,
    "QL": 80,
    "MU": 10,
    "DVTHETA_MAX": 2,
    "N": 20,
    "T_HORIZON": 1.05,
    "RAMP_TIME": 1.8,
    "BARRIER_WEIGHT": 10,
    "TUNNEL_WIDTH": 0.45,
    "TUNNEL_WIDTH_GATE": 0.25,
    "Q_OMEGA": 2,
    "R_VTHETA": 1.0,
    "IN_GATE_RAMP_TIME": 0.3,
    "OUT_GATE_RAMP_TIME": 0.4
  },
  "box_lims": {
    "vtheta_max": 2.0,
    "dvtheta_max": 2.0
  }
}
2025-06-06 18:47:10,477 | ERROR   | Solver failed | status=2 | SQP it=50 | KKT=3.35e-09 | t=0.023s
2025-06-06 18:47:10,478 | ERROR   | Dump saved → debug_logs/fail/tick0112.json
2025-06-06 18:47:12,222 | ERROR   | Solver failed | status=2 | SQP it=50 | KKT=4.87e-08 | t=0.059s
2025-06-06 18:47:12,224 | ERROR   | Dump saved → debug_logs/fail/tick0113.json
2025-06-06 18:47:12,292 | ERROR   | Solver failed | status=2 | SQP it=50 | KKT=7.90e-11 | t=0.041s
2025-06-06 18:47:12,294 | ERROR   | Dump saved → debug_logs/fail/tick0114.json
2025-06-06 18:47:12,373 | ERROR   | Solver failed | status=2 | SQP it=50 | KKT=1.60e-09 | t=0.053s
2025-06-06 18:47:12,373 | ERROR   | Dump saved → debug_logs/fail/tick0115.json
2025-06-06 18:47:12,432 | ERROR   | Solver failed | status=1 | SQP it=38 | KKT=5.45e-10 | t=0.033s
2025-06-06 18:47:12,433 | ERROR   | Dump saved → debug_logs/fail/tick0116.json
2025-06-06 18:47:12,459 | ERROR   | Solver failed | status=1 | SQP it=0 | KKT=nan | t=0.000s
2025-06-06 18:47:12,460 | ERROR   | Dump saved → debug_logs/fail/tick0117.json
2025-06-06 18:47:12,482 | ERROR   | Solver failed | status=1 | SQP it=0 | KKT=nan | t=0.000s
2025-06-06 18:47:12,483 | ERROR   | Dump saved → debug_logs/fail/tick0118.json
2025-06-06 18:47:12,505 | ERROR   | Solver failed | status=1 | SQP it=0 | KKT=nan | t=0.000s
2025-06-06 18:47:12,505 | ERROR   | Dump saved → debug_logs/fail/tick0119.json
2025-06-06 18:47:12,529 | ERROR   | Solver failed | status=1 | SQP it=0 | KKT=nan | t=0.000s
2025-06-06 18:47:12,530 | ERROR   | Dump saved → debug_logs/fail/tick0120.json
2025-06-06 18:47:12,553 | ERROR   | Solver failed | status=1 | SQP it=0 | KKT=nan | t=0.000s
2025-06-06 18:47:12,554 | ERROR   | Dump saved → debug_logs/fail/tick0121.json
2025-06-06 18:47:12,578 | ERROR   | Solver failed | status=1 | SQP it=0 | KKT=nan | t=0.000s
2025-06-06 18:47:12,579 | ERROR   | Dump saved → debug_logs/fail/tick0122.json
2025-06-06 18:47:12,605 | ERROR   | Solver failed | status=1 | SQP it=0 | KKT=nan | t=0.000s
2025-06-06 18:47:12,605 | ERROR   | Dump saved → debug_logs/fail/tick0123.json
2025-06-06 18:47:12,631 | ERROR   | Solver failed | status=1 | SQP it=0 | KKT=nan | t=0.000s
2025-06-06 18:47:12,632 | ERROR   | Dump saved → debug_logs/fail/tick0124.json
2025-06-06 18:47:12,657 | ERROR   | Solver failed | status=1 | SQP it=0 | KKT=nan | t=0.000s
2025-06-06 18:47:12,658 | ERROR   | Dump saved → debug_logs/fail/tick0125.json
2025-06-06 18:47:12,683 | ERROR   | Solver failed | status=1 | SQP it=0 | KKT=nan | t=0.000s
2025-06-06 18:47:12,684 | ERROR   | Dump saved → debug_logs/fail/tick0126.json
2025-06-06 18:47:12,711 | ERROR   | Solver failed | status=1 | SQP it=0 | KKT=nan | t=0.000s
2025-06-06 18:47:12,711 | ERROR   | Dump saved → debug_logs/fail/tick0127.json
2025-06-06 18:47:12,737 | ERROR   | Solver failed | status=1 | SQP it=0 | KKT=nan | t=0.000s
2025-06-06 18:47:12,738 | ERROR   | Dump saved → debug_logs/fail/tick0128.json
2025-06-06 18:47:12,764 | ERROR   | Solver failed | status=1 | SQP it=0 | KKT=nan | t=0.000s
2025-06-06 18:47:12,765 | ERROR   | Dump saved → debug_logs/fail/tick0129.json
2025-06-06 18:47:12,791 | ERROR   | Solver failed | status=1 | SQP it=0 | KKT=nan | t=0.000s
2025-06-06 18:47:12,792 | ERROR   | Dump saved → debug_logs/fail/tick0130.json
2025-06-06 18:47:12,818 | ERROR   | Solver failed | status=1 | SQP it=0 | KKT=nan | t=0.000s
2025-06-06 18:47:12,818 | ERROR   | Dump saved → debug_logs/fail/tick0131.json
2025-06-06 18:47:12,844 | ERROR   | Solver failed | status=1 | SQP it=0 | KKT=nan | t=0.000s
2025-06-06 18:47:12,845 | ERROR   | Dump saved → debug_logs/fail/tick0132.json
2025-06-06 18:47:12,870 | ERROR   | Solver failed | status=1 | SQP it=0 | KKT=nan | t=0.000s
2025-06-06 18:47:12,871 | ERROR   | Dump saved → debug_logs/fail/tick0133.json
2025-06-06 18:47:12,897 | ERROR   | Solver failed | status=1 | SQP it=0 | KKT=nan | t=0.000s
2025-06-06 18:47:12,898 | ERROR   | Dump saved → debug_logs/fail/tick0134.json
