2025-06-08 22:36:27,498 | INFO    | ===== INITIAL STATE DUMP =====
2025-06-08 22:36:27,499 | DEBUG   | {
  "xcurrent": [
    1.089695930480957,
    1.4088244438171387,
    0.08456537127494812,
    0.0,
    0.0,
    0.0
  ],
  "params": {
    "QC": 10,
    "QL": 80,
    "MU": 10,
    "DVTHETA_MAX": 1.0,
    "N": 20,
    "T_HORIZON": 1.5,
    "RAMP_TIME": 1.8,
    "BARRIER_WEIGHT": 10,
    "TUNNEL_WIDTH": 0.4,
    "TUNNEL_WIDTH_GATE": 0.25,
    "Q_OMEGA": 2,
    "R_VTHETA": 1.0,
    "IN_GATE_RAMP_TIME": 0.4,
    "OUT_GATE_RAMP_TIME": 3
  },
  "box_lims": {
    "vtheta_max": 1.0,
    "dvtheta_max": 1.0
  }
}
2025-06-08 22:36:35,422 | ERROR   | Solver failed | status=1 | SQP it=40 | KKT=1.35e-08 | t=0.036s
2025-06-08 22:36:35,423 | ERROR   | Dump saved → debug_logs/fail/tick0122.json
2025-06-08 22:36:35,430 | ERROR   | Solver failed | status=1 | SQP it=0 | KKT=nan | t=0.000s
2025-06-08 22:36:35,431 | ERROR   | Dump saved → debug_logs/fail/tick0123.json
2025-06-08 22:36:35,438 | ERROR   | Solver failed | status=1 | SQP it=0 | KKT=nan | t=0.000s
2025-06-08 22:36:35,438 | ERROR   | Dump saved → debug_logs/fail/tick0124.json
2025-06-08 22:36:35,444 | ERROR   | Solver failed | status=1 | SQP it=0 | KKT=nan | t=0.000s
2025-06-08 22:36:35,445 | ERROR   | Dump saved → debug_logs/fail/tick0125.json
2025-06-08 22:36:35,451 | ERROR   | Solver failed | status=1 | SQP it=0 | KKT=nan | t=0.000s
2025-06-08 22:36:35,452 | ERROR   | Dump saved → debug_logs/fail/tick0126.json
2025-06-08 22:36:35,458 | ERROR   | Solver failed | status=1 | SQP it=0 | KKT=nan | t=0.000s
2025-06-08 22:36:35,459 | ERROR   | Dump saved → debug_logs/fail/tick0127.json
2025-06-08 22:36:35,465 | ERROR   | Solver failed | status=1 | SQP it=0 | KKT=nan | t=0.000s
2025-06-08 22:36:35,466 | ERROR   | Dump saved → debug_logs/fail/tick0128.json
2025-06-08 22:36:35,472 | ERROR   | Solver failed | status=1 | SQP it=0 | KKT=nan | t=0.000s
2025-06-08 22:36:35,473 | ERROR   | Dump saved → debug_logs/fail/tick0129.json
2025-06-08 22:36:35,479 | ERROR   | Solver failed | status=1 | SQP it=0 | KKT=nan | t=0.000s
2025-06-08 22:36:35,480 | ERROR   | Dump saved → debug_logs/fail/tick0130.json
2025-06-08 22:36:35,486 | ERROR   | Solver failed | status=1 | SQP it=0 | KKT=nan | t=0.000s
2025-06-08 22:36:35,487 | ERROR   | Dump saved → debug_logs/fail/tick0131.json
2025-06-08 22:36:35,493 | ERROR   | Solver failed | status=1 | SQP it=0 | KKT=nan | t=0.000s
2025-06-08 22:36:35,494 | ERROR   | Dump saved → debug_logs/fail/tick0132.json
2025-06-08 22:36:35,500 | ERROR   | Solver failed | status=1 | SQP it=0 | KKT=nan | t=0.000s
2025-06-08 22:36:35,501 | ERROR   | Dump saved → debug_logs/fail/tick0133.json
2025-06-08 22:36:35,507 | ERROR   | Solver failed | status=1 | SQP it=0 | KKT=nan | t=0.000s
2025-06-08 22:36:35,508 | ERROR   | Dump saved → debug_logs/fail/tick0134.json
2025-06-08 22:36:35,514 | ERROR   | Solver failed | status=1 | SQP it=0 | KKT=nan | t=0.000s
2025-06-08 22:36:35,515 | ERROR   | Dump saved → debug_logs/fail/tick0135.json
2025-06-08 22:36:35,521 | ERROR   | Solver failed | status=1 | SQP it=0 | KKT=nan | t=0.000s
2025-06-08 22:36:35,522 | ERROR   | Dump saved → debug_logs/fail/tick0136.json
2025-06-08 22:36:35,528 | ERROR   | Solver failed | status=1 | SQP it=0 | KKT=nan | t=0.000s
2025-06-08 22:36:35,529 | ERROR   | Dump saved → debug_logs/fail/tick0137.json
2025-06-08 22:36:35,535 | ERROR   | Solver failed | status=1 | SQP it=0 | KKT=nan | t=0.000s
2025-06-08 22:36:35,536 | ERROR   | Dump saved → debug_logs/fail/tick0138.json
