2025-06-06 17:33:41,705 | INFO    | ===== INITIAL STATE DUMP =====
2025-06-06 17:33:41,706 | DEBUG   | {
  "xcurrent": [
    1.089695930480957,
    1.4088244438171387,
    0.08456537127494812,
    0.0,
    0.0,
    0.0
  ],
  "params": {
    "QC": 10,
    "QL": 80,
    "MU": 10,
    "DVTHETA_MAX": 1.3,
    "N": 20,
    "T_HORIZON": 1.05,
    "RAMP_TIME": 1.8,
    "BARRIER_WEIGHT": 10,
    "TUNNEL_WIDTH": 0.4,
    "TUNNEL_WIDTH_GATE": 0.25,
    "Q_OMEGA": 2,
    "R_VTHETA": 1.0,
    "IN_GATE_RAMP_TIME": 0.4,
    "OUT_GATE_RAMP_TIME": 1
  },
  "box_lims": {
    "vtheta_max": 1.3,
    "dvtheta_max": 1.3
  }
}
2025-06-06 17:33:55,412 | ERROR   | Solver failed | status=1 | SQP it=69 | KKT=7.48e-13 | t=0.070s
2025-06-06 17:33:55,413 | ERROR   | Dump saved → debug_logs/fail/tick0133.json
2025-06-06 17:33:55,440 | ERROR   | Solver failed | status=1 | SQP it=0 | KKT=nan | t=0.000s
2025-06-06 17:33:55,441 | ERROR   | Dump saved → debug_logs/fail/tick0134.json
2025-06-06 17:33:55,466 | ERROR   | Solver failed | status=1 | SQP it=0 | KKT=nan | t=0.000s
2025-06-06 17:33:55,467 | ERROR   | Dump saved → debug_logs/fail/tick0135.json
2025-06-06 17:33:55,493 | ERROR   | Solver failed | status=1 | SQP it=0 | KKT=nan | t=0.000s
2025-06-06 17:33:55,493 | ERROR   | Dump saved → debug_logs/fail/tick0136.json
2025-06-06 17:33:55,520 | ERROR   | Solver failed | status=1 | SQP it=0 | KKT=nan | t=0.000s
2025-06-06 17:33:55,520 | ERROR   | Dump saved → debug_logs/fail/tick0137.json
2025-06-06 17:33:55,545 | ERROR   | Solver failed | status=1 | SQP it=0 | KKT=nan | t=0.000s
2025-06-06 17:33:55,546 | ERROR   | Dump saved → debug_logs/fail/tick0138.json
2025-06-06 17:33:55,572 | ERROR   | Solver failed | status=1 | SQP it=0 | KKT=nan | t=0.000s
2025-06-06 17:33:55,572 | ERROR   | Dump saved → debug_logs/fail/tick0139.json
2025-06-06 17:33:55,598 | ERROR   | Solver failed | status=1 | SQP it=0 | KKT=nan | t=0.000s
2025-06-06 17:33:55,599 | ERROR   | Dump saved → debug_logs/fail/tick0140.json
2025-06-06 17:33:55,627 | ERROR   | Solver failed | status=1 | SQP it=0 | KKT=nan | t=0.000s
2025-06-06 17:33:55,628 | ERROR   | Dump saved → debug_logs/fail/tick0141.json
2025-06-06 17:33:55,654 | ERROR   | Solver failed | status=1 | SQP it=0 | KKT=nan | t=0.000s
2025-06-06 17:33:55,655 | ERROR   | Dump saved → debug_logs/fail/tick0142.json
2025-06-06 17:33:55,681 | ERROR   | Solver failed | status=1 | SQP it=0 | KKT=nan | t=0.000s
2025-06-06 17:33:55,681 | ERROR   | Dump saved → debug_logs/fail/tick0143.json
2025-06-06 17:33:55,706 | ERROR   | Solver failed | status=1 | SQP it=0 | KKT=nan | t=0.000s
2025-06-06 17:33:55,707 | ERROR   | Dump saved → debug_logs/fail/tick0144.json
2025-06-06 17:33:55,732 | ERROR   | Solver failed | status=1 | SQP it=0 | KKT=nan | t=0.000s
2025-06-06 17:33:55,732 | ERROR   | Dump saved → debug_logs/fail/tick0145.json
2025-06-06 17:33:55,757 | ERROR   | Solver failed | status=1 | SQP it=0 | KKT=nan | t=0.000s
2025-06-06 17:33:55,758 | ERROR   | Dump saved → debug_logs/fail/tick0146.json
2025-06-06 17:33:55,782 | ERROR   | Solver failed | status=1 | SQP it=0 | KKT=nan | t=0.000s
2025-06-06 17:33:55,783 | ERROR   | Dump saved → debug_logs/fail/tick0147.json
2025-06-06 17:33:55,806 | ERROR   | Solver failed | status=1 | SQP it=0 | KKT=nan | t=0.000s
2025-06-06 17:33:55,807 | ERROR   | Dump saved → debug_logs/fail/tick0148.json
2025-06-06 17:33:55,832 | ERROR   | Solver failed | status=1 | SQP it=0 | KKT=nan | t=0.000s
2025-06-06 17:33:55,832 | ERROR   | Dump saved → debug_logs/fail/tick0149.json
2025-06-06 17:33:55,858 | ERROR   | Solver failed | status=1 | SQP it=0 | KKT=nan | t=0.000s
2025-06-06 17:33:55,858 | ERROR   | Dump saved → debug_logs/fail/tick0150.json
2025-06-06 17:33:55,883 | ERROR   | Solver failed | status=1 | SQP it=0 | KKT=nan | t=0.000s
2025-06-06 17:33:55,883 | ERROR   | Dump saved → debug_logs/fail/tick0151.json
2025-06-06 17:33:55,908 | ERROR   | Solver failed | status=1 | SQP it=0 | KKT=nan | t=0.000s
2025-06-06 17:33:55,908 | ERROR   | Dump saved → debug_logs/fail/tick0152.json
2025-06-06 17:33:55,934 | ERROR   | Solver failed | status=1 | SQP it=0 | KKT=nan | t=0.000s
2025-06-06 17:33:55,935 | ERROR   | Dump saved → debug_logs/fail/tick0153.json
2025-06-06 17:33:56,972 | ERROR   | Solver failed | status=1 | SQP it=0 | KKT=nan | t=0.001s
2025-06-06 17:33:56,974 | ERROR   | Dump saved → debug_logs/fail/tick0154.json
2025-06-06 17:33:57,018 | ERROR   | Solver failed | status=1 | SQP it=0 | KKT=nan | t=0.000s
2025-06-06 17:33:57,020 | ERROR   | Dump saved → debug_logs/fail/tick0155.json
2025-06-06 17:33:57,053 | ERROR   | Solver failed | status=1 | SQP it=0 | KKT=nan | t=0.000s
2025-06-06 17:33:57,054 | ERROR   | Dump saved → debug_logs/fail/tick0156.json
2025-06-06 17:33:57,085 | ERROR   | Solver failed | status=1 | SQP it=0 | KKT=nan | t=0.000s
2025-06-06 17:33:57,086 | ERROR   | Dump saved → debug_logs/fail/tick0157.json
2025-06-06 17:33:57,115 | ERROR   | Solver failed | status=1 | SQP it=0 | KKT=nan | t=0.000s
2025-06-06 17:33:57,116 | ERROR   | Dump saved → debug_logs/fail/tick0158.json
2025-06-06 17:33:57,145 | ERROR   | Solver failed | status=1 | SQP it=0 | KKT=nan | t=0.000s
2025-06-06 17:33:57,146 | ERROR   | Dump saved → debug_logs/fail/tick0159.json
2025-06-06 17:33:57,171 | ERROR   | Solver failed | status=1 | SQP it=0 | KKT=nan | t=0.000s
2025-06-06 17:33:57,172 | ERROR   | Dump saved → debug_logs/fail/tick0160.json
2025-06-06 17:33:57,197 | ERROR   | Solver failed | status=1 | SQP it=0 | KKT=nan | t=0.000s
2025-06-06 17:33:57,198 | ERROR   | Dump saved → debug_logs/fail/tick0161.json
2025-06-06 17:33:57,224 | ERROR   | Solver failed | status=1 | SQP it=0 | KKT=nan | t=0.000s
2025-06-06 17:33:57,225 | ERROR   | Dump saved → debug_logs/fail/tick0162.json
2025-06-06 17:33:57,250 | ERROR   | Solver failed | status=1 | SQP it=0 | KKT=nan | t=0.000s
2025-06-06 17:33:57,251 | ERROR   | Dump saved → debug_logs/fail/tick0163.json
2025-06-06 17:33:57,275 | ERROR   | Solver failed | status=1 | SQP it=0 | KKT=nan | t=0.000s
2025-06-06 17:33:57,276 | ERROR   | Dump saved → debug_logs/fail/tick0164.json
2025-06-06 17:33:57,301 | ERROR   | Solver failed | status=1 | SQP it=0 | KKT=nan | t=0.000s
2025-06-06 17:33:57,301 | ERROR   | Dump saved → debug_logs/fail/tick0165.json
2025-06-06 17:33:57,327 | ERROR   | Solver failed | status=1 | SQP it=0 | KKT=nan | t=0.000s
2025-06-06 17:33:57,327 | ERROR   | Dump saved → debug_logs/fail/tick0166.json
2025-06-06 17:33:57,354 | ERROR   | Solver failed | status=1 | SQP it=0 | KKT=nan | t=0.000s
2025-06-06 17:33:57,354 | ERROR   | Dump saved → debug_logs/fail/tick0167.json
2025-06-06 17:33:57,380 | ERROR   | Solver failed | status=1 | SQP it=0 | KKT=nan | t=0.000s
2025-06-06 17:33:57,381 | ERROR   | Dump saved → debug_logs/fail/tick0168.json
2025-06-06 17:33:57,407 | ERROR   | Solver failed | status=1 | SQP it=0 | KKT=nan | t=0.000s
2025-06-06 17:33:57,408 | ERROR   | Dump saved → debug_logs/fail/tick0169.json
2025-06-06 17:33:57,434 | ERROR   | Solver failed | status=1 | SQP it=0 | KKT=nan | t=0.000s
2025-06-06 17:33:57,434 | ERROR   | Dump saved → debug_logs/fail/tick0170.json
2025-06-06 17:33:57,462 | ERROR   | Solver failed | status=1 | SQP it=0 | KKT=nan | t=0.000s
2025-06-06 17:33:57,463 | ERROR   | Dump saved → debug_logs/fail/tick0171.json
2025-06-06 17:33:57,492 | ERROR   | Solver failed | status=1 | SQP it=0 | KKT=nan | t=0.000s
2025-06-06 17:33:57,492 | ERROR   | Dump saved → debug_logs/fail/tick0172.json
2025-06-06 17:33:57,520 | ERROR   | Solver failed | status=1 | SQP it=0 | KKT=nan | t=0.000s
2025-06-06 17:33:57,521 | ERROR   | Dump saved → debug_logs/fail/tick0173.json
2025-06-06 17:33:57,549 | ERROR   | Solver failed | status=1 | SQP it=0 | KKT=nan | t=0.000s
2025-06-06 17:33:57,550 | ERROR   | Dump saved → debug_logs/fail/tick0174.json
2025-06-06 17:33:57,578 | ERROR   | Solver failed | status=1 | SQP it=0 | KKT=nan | t=0.000s
2025-06-06 17:33:57,578 | ERROR   | Dump saved → debug_logs/fail/tick0175.json
2025-06-06 17:33:57,607 | ERROR   | Solver failed | status=1 | SQP it=0 | KKT=nan | t=0.000s
2025-06-06 17:33:57,607 | ERROR   | Dump saved → debug_logs/fail/tick0176.json
2025-06-06 17:33:57,635 | ERROR   | Solver failed | status=1 | SQP it=0 | KKT=nan | t=0.000s
2025-06-06 17:33:57,636 | ERROR   | Dump saved → debug_logs/fail/tick0177.json
2025-06-06 17:33:57,663 | ERROR   | Solver failed | status=1 | SQP it=0 | KKT=nan | t=0.000s
2025-06-06 17:33:57,663 | ERROR   | Dump saved → debug_logs/fail/tick0178.json
2025-06-06 17:33:57,687 | ERROR   | Solver failed | status=1 | SQP it=0 | KKT=nan | t=0.000s
2025-06-06 17:33:57,688 | ERROR   | Dump saved → debug_logs/fail/tick0179.json
2025-06-06 17:33:57,713 | ERROR   | Solver failed | status=1 | SQP it=0 | KKT=nan | t=0.000s
2025-06-06 17:33:57,714 | ERROR   | Dump saved → debug_logs/fail/tick0180.json
2025-06-06 17:33:57,739 | ERROR   | Solver failed | status=1 | SQP it=0 | KKT=nan | t=0.000s
2025-06-06 17:33:57,740 | ERROR   | Dump saved → debug_logs/fail/tick0181.json
2025-06-06 17:33:57,766 | ERROR   | Solver failed | status=1 | SQP it=0 | KKT=nan | t=0.000s
2025-06-06 17:33:57,766 | ERROR   | Dump saved → debug_logs/fail/tick0182.json
