2025-06-25 15:55:04,881 | INFO    | ===== INITIAL STATE DUMP =====
2025-06-25 15:55:04,882 | DEBUG   | {
  "xcurrent": [
    1.089695930480957,
    1.4088244438171387,
    0.08456537127494812,
    0.0,
    0.0,
    0.0
  ],
  "params": {
    "QC": 10,
    "QC_GATE": 50,
    "QL": 40,
    "MU": 10,
    "DVTHETA_MAX": 1.7,
    "N": 15,
    "T_HORIZON": 0.8,
    "RAMP_TIME": 1.8,
    "BARRIER_WEIGHT": 10,
    "TUNNEL_WIDTH": 0.5,
    "TUNNEL_WIDTH_GATE": 0.15,
    "NARROW_DIST": 0.7,
    "GATE_FLAT_DIST": 0.2,
    "Q_OMEGA": 2,
    "R_VTHETA": 1.0,
    "IN_GATE_RAMP_TIME": 0.3,
    "OUT_GATE_RAMP_TIME": 0.5
  },
  "box_lims": {
    "vtheta_max": 1.7,
    "dvtheta_max": 1.7
  }
}
2025-06-25 15:55:21,944 | INFO    | ===== INITIAL STATE DUMP =====
2025-06-25 15:55:21,945 | DEBUG   | {
  "xcurrent": [
    0.9804356098175049,
    1.473188042640686,
    0.07493816316127777,
    0.0,
    0.0,
    0.0
  ],
  "params": {
    "QC": 10,
    "QC_GATE": 50,
    "QL": 40,
    "MU": 10,
    "DVTHETA_MAX": 1.7,
    "N": 15,
    "T_HORIZON": 0.8,
    "RAMP_TIME": 1.8,
    "BARRIER_WEIGHT": 10,
    "TUNNEL_WIDTH": 0.5,
    "TUNNEL_WIDTH_GATE": 0.15,
    "NARROW_DIST": 0.7,
    "GATE_FLAT_DIST": 0.2,
    "Q_OMEGA": 2,
    "R_VTHETA": 1.0,
    "IN_GATE_RAMP_TIME": 0.3,
    "OUT_GATE_RAMP_TIME": 0.5
  },
  "box_lims": {
    "vtheta_max": 1.7,
    "dvtheta_max": 1.7
  }
}
2025-06-25 15:55:26,510 | ERROR   | Solver failed | status=2 | SQP it=1000 | KKT=1.34e-08 | t=0.385s
2025-06-25 15:55:26,513 | ERROR   | Dump saved → debug_logs/fail/tick0079.json
2025-06-25 15:55:26,950 | ERROR   | Solver failed | status=2 | SQP it=1000 | KKT=4.95e-08 | t=0.408s
2025-06-25 15:55:26,951 | ERROR   | Dump saved → debug_logs/fail/tick0080.json
