2025-06-06 16:52:17,268 | INFO    | ===== INITIAL STATE DUMP =====
2025-06-06 16:52:17,268 | DEBUG   | {
  "xcurrent": [
    1.089695930480957,
    1.4088244438171387,
    0.08456537127494812,
    0.0,
    0.0,
    0.0
  ],
  "params": {
    "QC": 10,
    "QL": 80,
    "MU": 10,
    "DVTHETA_MAX": 1.3,
    "N": 20,
    "T_HORIZON": 1.05,
    "RAMP_TIME": 1.8,
    "BARRIER_WEIGHT": 10,
    "TUNNEL_WIDTH": 0.4,
    "TUNNEL_WIDTH_GATE": 0.25,
    "Q_OMEGA": 2,
    "R_VTHETA": 1.0,
    "GATE_RAMP_TIME": 0.3
  },
  "box_lims": {
    "vtheta_max": 1.3,
    "dvtheta_max": 1.3
  }
}
2025-06-06 16:52:53,118 | ERROR   | Solver failed | status=1 | SQP it=75 | KKT=5.94e-10 | t=0.076s
2025-06-06 16:52:53,119 | ERROR   | Dump saved → debug_logs/fail/tick0327.json
2025-06-06 16:52:53,146 | ERROR   | Solver failed | status=1 | SQP it=0 | KKT=nan | t=0.000s
2025-06-06 16:52:53,147 | ERROR   | Dump saved → debug_logs/fail/tick0328.json
2025-06-06 16:52:53,171 | ERROR   | Solver failed | status=1 | SQP it=0 | KKT=nan | t=0.000s
2025-06-06 16:52:53,172 | ERROR   | Dump saved → debug_logs/fail/tick0329.json
2025-06-06 16:52:53,196 | ERROR   | Solver failed | status=1 | SQP it=0 | KKT=nan | t=0.000s
2025-06-06 16:52:53,197 | ERROR   | Dump saved → debug_logs/fail/tick0330.json
2025-06-06 16:52:53,220 | ERROR   | Solver failed | status=1 | SQP it=0 | KKT=nan | t=0.000s
2025-06-06 16:52:53,221 | ERROR   | Dump saved → debug_logs/fail/tick0331.json
2025-06-06 16:52:53,245 | ERROR   | Solver failed | status=1 | SQP it=0 | KKT=nan | t=0.000s
2025-06-06 16:52:53,245 | ERROR   | Dump saved → debug_logs/fail/tick0332.json
2025-06-06 16:52:53,270 | ERROR   | Solver failed | status=1 | SQP it=0 | KKT=nan | t=0.000s
2025-06-06 16:52:53,271 | ERROR   | Dump saved → debug_logs/fail/tick0333.json
2025-06-06 16:52:53,295 | ERROR   | Solver failed | status=1 | SQP it=0 | KKT=nan | t=0.000s
2025-06-06 16:52:53,296 | ERROR   | Dump saved → debug_logs/fail/tick0334.json
2025-06-06 16:52:53,320 | ERROR   | Solver failed | status=1 | SQP it=0 | KKT=nan | t=0.000s
2025-06-06 16:52:53,321 | ERROR   | Dump saved → debug_logs/fail/tick0335.json
2025-06-06 16:52:53,345 | ERROR   | Solver failed | status=1 | SQP it=0 | KKT=nan | t=0.000s
2025-06-06 16:52:53,345 | ERROR   | Dump saved → debug_logs/fail/tick0336.json
2025-06-06 16:52:53,370 | ERROR   | Solver failed | status=1 | SQP it=0 | KKT=nan | t=0.000s
2025-06-06 16:52:53,371 | ERROR   | Dump saved → debug_logs/fail/tick0337.json
2025-06-06 16:52:53,395 | ERROR   | Solver failed | status=1 | SQP it=0 | KKT=nan | t=0.000s
2025-06-06 16:52:53,396 | ERROR   | Dump saved → debug_logs/fail/tick0338.json
2025-06-06 16:52:53,420 | ERROR   | Solver failed | status=1 | SQP it=0 | KKT=nan | t=0.000s
2025-06-06 16:52:53,421 | ERROR   | Dump saved → debug_logs/fail/tick0339.json
2025-06-06 16:52:53,447 | ERROR   | Solver failed | status=1 | SQP it=0 | KKT=nan | t=0.000s
2025-06-06 16:52:53,447 | ERROR   | Dump saved → debug_logs/fail/tick0340.json
2025-06-06 16:52:53,472 | ERROR   | Solver failed | status=1 | SQP it=0 | KKT=nan | t=0.000s
2025-06-06 16:52:53,472 | ERROR   | Dump saved → debug_logs/fail/tick0341.json
2025-06-06 16:52:53,500 | ERROR   | Solver failed | status=1 | SQP it=0 | KKT=nan | t=0.000s
2025-06-06 16:52:53,500 | ERROR   | Dump saved → debug_logs/fail/tick0342.json
2025-06-06 16:52:53,527 | ERROR   | Solver failed | status=1 | SQP it=0 | KKT=nan | t=0.000s
2025-06-06 16:52:53,528 | ERROR   | Dump saved → debug_logs/fail/tick0343.json
2025-06-06 16:52:53,555 | ERROR   | Solver failed | status=1 | SQP it=0 | KKT=nan | t=0.000s
2025-06-06 16:52:53,556 | ERROR   | Dump saved → debug_logs/fail/tick0344.json
2025-06-06 16:52:53,583 | ERROR   | Solver failed | status=1 | SQP it=0 | KKT=nan | t=0.000s
2025-06-06 16:52:53,584 | ERROR   | Dump saved → debug_logs/fail/tick0345.json
2025-06-06 16:52:53,610 | ERROR   | Solver failed | status=1 | SQP it=0 | KKT=nan | t=0.000s
2025-06-06 16:52:53,611 | ERROR   | Dump saved → debug_logs/fail/tick0346.json
2025-06-06 16:52:53,636 | ERROR   | Solver failed | status=1 | SQP it=0 | KKT=nan | t=0.000s
2025-06-06 16:52:53,636 | ERROR   | Dump saved → debug_logs/fail/tick0347.json
2025-06-06 16:52:53,660 | ERROR   | Solver failed | status=1 | SQP it=0 | KKT=nan | t=0.000s
2025-06-06 16:52:53,661 | ERROR   | Dump saved → debug_logs/fail/tick0348.json
2025-06-06 16:52:53,685 | ERROR   | Solver failed | status=1 | SQP it=0 | KKT=nan | t=0.000s
2025-06-06 16:52:53,685 | ERROR   | Dump saved → debug_logs/fail/tick0349.json
2025-06-06 16:52:53,710 | ERROR   | Solver failed | status=1 | SQP it=0 | KKT=nan | t=0.000s
2025-06-06 16:52:53,711 | ERROR   | Dump saved → debug_logs/fail/tick0350.json
2025-06-06 16:52:53,735 | ERROR   | Solver failed | status=1 | SQP it=0 | KKT=nan | t=0.000s
2025-06-06 16:52:53,736 | ERROR   | Dump saved → debug_logs/fail/tick0351.json
2025-06-06 16:52:53,760 | ERROR   | Solver failed | status=1 | SQP it=0 | KKT=nan | t=0.000s
2025-06-06 16:52:53,761 | ERROR   | Dump saved → debug_logs/fail/tick0352.json
2025-06-06 16:52:53,785 | ERROR   | Solver failed | status=1 | SQP it=0 | KKT=nan | t=0.000s
2025-06-06 16:52:53,786 | ERROR   | Dump saved → debug_logs/fail/tick0353.json
2025-06-06 16:52:53,810 | ERROR   | Solver failed | status=1 | SQP it=0 | KKT=nan | t=0.000s
2025-06-06 16:52:53,810 | ERROR   | Dump saved → debug_logs/fail/tick0354.json
2025-06-06 16:52:53,836 | ERROR   | Solver failed | status=1 | SQP it=0 | KKT=nan | t=0.000s
2025-06-06 16:52:53,837 | ERROR   | Dump saved → debug_logs/fail/tick0355.json
2025-06-06 16:52:53,863 | ERROR   | Solver failed | status=1 | SQP it=0 | KKT=nan | t=0.000s
2025-06-06 16:52:53,863 | ERROR   | Dump saved → debug_logs/fail/tick0356.json
2025-06-06 16:52:53,889 | ERROR   | Solver failed | status=1 | SQP it=0 | KKT=nan | t=0.000s
2025-06-06 16:52:53,890 | ERROR   | Dump saved → debug_logs/fail/tick0357.json
2025-06-06 16:52:53,917 | ERROR   | Solver failed | status=1 | SQP it=0 | KKT=nan | t=0.000s
2025-06-06 16:52:53,918 | ERROR   | Dump saved → debug_logs/fail/tick0358.json
2025-06-06 16:52:53,945 | ERROR   | Solver failed | status=1 | SQP it=0 | KKT=nan | t=0.000s
2025-06-06 16:52:53,945 | ERROR   | Dump saved → debug_logs/fail/tick0359.json
2025-06-06 16:52:53,969 | ERROR   | Solver failed | status=1 | SQP it=0 | KKT=nan | t=0.000s
2025-06-06 16:52:53,970 | ERROR   | Dump saved → debug_logs/fail/tick0360.json
2025-06-06 16:52:53,993 | ERROR   | Solver failed | status=1 | SQP it=0 | KKT=nan | t=0.000s
2025-06-06 16:52:53,994 | ERROR   | Dump saved → debug_logs/fail/tick0361.json
2025-06-06 16:52:54,017 | ERROR   | Solver failed | status=1 | SQP it=0 | KKT=nan | t=0.000s
2025-06-06 16:52:54,018 | ERROR   | Dump saved → debug_logs/fail/tick0362.json
2025-06-06 16:52:54,042 | ERROR   | Solver failed | status=1 | SQP it=0 | KKT=nan | t=0.000s
2025-06-06 16:52:54,042 | ERROR   | Dump saved → debug_logs/fail/tick0363.json
2025-06-06 16:52:54,067 | ERROR   | Solver failed | status=1 | SQP it=0 | KKT=nan | t=0.000s
2025-06-06 16:52:54,068 | ERROR   | Dump saved → debug_logs/fail/tick0364.json
2025-06-06 16:52:54,094 | ERROR   | Solver failed | status=1 | SQP it=0 | KKT=nan | t=0.000s
2025-06-06 16:52:54,095 | ERROR   | Dump saved → debug_logs/fail/tick0365.json
2025-06-06 16:52:54,120 | ERROR   | Solver failed | status=1 | SQP it=0 | KKT=nan | t=0.000s
2025-06-06 16:52:54,121 | ERROR   | Dump saved → debug_logs/fail/tick0366.json
2025-06-06 16:52:54,145 | ERROR   | Solver failed | status=1 | SQP it=0 | KKT=nan | t=0.000s
2025-06-06 16:52:54,146 | ERROR   | Dump saved → debug_logs/fail/tick0367.json
2025-06-06 16:52:54,170 | ERROR   | Solver failed | status=1 | SQP it=0 | KKT=nan | t=0.000s
2025-06-06 16:52:54,171 | ERROR   | Dump saved → debug_logs/fail/tick0368.json
