2025-06-06 16:10:47,390 | INFO    | ===== INITIAL STATE DUMP =====
2025-06-06 16:10:47,391 | DEBUG   | {
  "xcurrent": [
    1.089695930480957,
    1.4088244438171387,
    0.08456537127494812,
    0.0,
    0.0,
    0.0
  ],
  "params": {
    "QC": 10,
    "QL": 80,
    "MU": 10,
    "DVTHETA_MAX": 1.3,
    "N": 20,
    "T_HORIZON": 1.05,
    "RAMP_TIME": 1.8,
    "BARRIER_WEIGHT": 5,
    "TUNNEL_WIDTH": 0.25,
    "Q_OMEGA": 2,
    "R_VTHETA": 1.0,
    "GATE_RAMP_TIME": 0.2
  },
  "box_lims": {
    "vtheta_max": 1.3,
    "dvtheta_max": 1.3
  }
}
2025-06-06 16:11:16,095 | ERROR   | Solver failed | status=1 | SQP it=22 | KKT=3.68e-10 | t=0.046s
2025-06-06 16:11:16,097 | ERROR   | Dump saved → debug_logs/fail/tick0128.json
2025-06-06 16:11:16,127 | ERROR   | Solver failed | status=1 | SQP it=0 | KKT=nan | t=0.000s
2025-06-06 16:11:16,128 | ERROR   | Dump saved → debug_logs/fail/tick0129.json
2025-06-06 16:11:16,153 | ERROR   | Solver failed | status=1 | SQP it=0 | KKT=nan | t=0.000s
2025-06-06 16:11:16,154 | ERROR   | Dump saved → debug_logs/fail/tick0130.json
2025-06-06 16:11:16,181 | ERROR   | Solver failed | status=1 | SQP it=0 | KKT=nan | t=0.000s
2025-06-06 16:11:16,181 | ERROR   | Dump saved → debug_logs/fail/tick0131.json
2025-06-06 16:11:16,207 | ERROR   | Solver failed | status=1 | SQP it=0 | KKT=nan | t=0.000s
2025-06-06 16:11:16,208 | ERROR   | Dump saved → debug_logs/fail/tick0132.json
2025-06-06 16:11:16,233 | ERROR   | Solver failed | status=1 | SQP it=0 | KKT=nan | t=0.000s
2025-06-06 16:11:16,233 | ERROR   | Dump saved → debug_logs/fail/tick0133.json
2025-06-06 16:11:16,258 | ERROR   | Solver failed | status=1 | SQP it=0 | KKT=nan | t=0.000s
2025-06-06 16:11:16,259 | ERROR   | Dump saved → debug_logs/fail/tick0134.json
2025-06-06 16:11:18,811 | ERROR   | Solver failed | status=1 | SQP it=0 | KKT=nan | t=0.001s
2025-06-06 16:11:18,814 | ERROR   | Dump saved → debug_logs/fail/tick0135.json
2025-06-06 16:11:18,858 | ERROR   | Solver failed | status=1 | SQP it=0 | KKT=nan | t=0.000s
2025-06-06 16:11:18,859 | ERROR   | Dump saved → debug_logs/fail/tick0136.json
2025-06-06 16:11:18,892 | ERROR   | Solver failed | status=1 | SQP it=0 | KKT=nan | t=0.000s
2025-06-06 16:11:18,893 | ERROR   | Dump saved → debug_logs/fail/tick0137.json
2025-06-06 16:11:18,924 | ERROR   | Solver failed | status=1 | SQP it=0 | KKT=nan | t=0.000s
2025-06-06 16:11:18,925 | ERROR   | Dump saved → debug_logs/fail/tick0138.json
2025-06-06 16:11:18,955 | ERROR   | Solver failed | status=1 | SQP it=0 | KKT=nan | t=0.000s
2025-06-06 16:11:18,955 | ERROR   | Dump saved → debug_logs/fail/tick0139.json
2025-06-06 16:11:18,982 | ERROR   | Solver failed | status=1 | SQP it=0 | KKT=nan | t=0.000s
2025-06-06 16:11:18,983 | ERROR   | Dump saved → debug_logs/fail/tick0140.json
2025-06-06 16:11:19,011 | ERROR   | Solver failed | status=1 | SQP it=0 | KKT=nan | t=0.000s
2025-06-06 16:11:19,012 | ERROR   | Dump saved → debug_logs/fail/tick0141.json
2025-06-06 16:11:19,038 | ERROR   | Solver failed | status=1 | SQP it=0 | KKT=nan | t=0.000s
2025-06-06 16:11:19,038 | ERROR   | Dump saved → debug_logs/fail/tick0142.json
2025-06-06 16:11:19,065 | ERROR   | Solver failed | status=1 | SQP it=0 | KKT=nan | t=0.000s
2025-06-06 16:11:19,066 | ERROR   | Dump saved → debug_logs/fail/tick0143.json
2025-06-06 16:11:19,091 | ERROR   | Solver failed | status=1 | SQP it=0 | KKT=nan | t=0.000s
2025-06-06 16:11:19,092 | ERROR   | Dump saved → debug_logs/fail/tick0144.json
2025-06-06 16:11:19,117 | ERROR   | Solver failed | status=1 | SQP it=0 | KKT=nan | t=0.000s
2025-06-06 16:11:19,118 | ERROR   | Dump saved → debug_logs/fail/tick0145.json
2025-06-06 16:11:19,144 | ERROR   | Solver failed | status=1 | SQP it=0 | KKT=nan | t=0.000s
2025-06-06 16:11:19,145 | ERROR   | Dump saved → debug_logs/fail/tick0146.json
2025-06-06 16:11:19,172 | ERROR   | Solver failed | status=1 | SQP it=0 | KKT=nan | t=0.000s
2025-06-06 16:11:19,173 | ERROR   | Dump saved → debug_logs/fail/tick0147.json
2025-06-06 16:11:19,200 | ERROR   | Solver failed | status=1 | SQP it=0 | KKT=nan | t=0.000s
2025-06-06 16:11:19,200 | ERROR   | Dump saved → debug_logs/fail/tick0148.json
2025-06-06 16:11:19,227 | ERROR   | Solver failed | status=1 | SQP it=0 | KKT=nan | t=0.000s
2025-06-06 16:11:19,228 | ERROR   | Dump saved → debug_logs/fail/tick0149.json
2025-06-06 16:11:19,254 | ERROR   | Solver failed | status=1 | SQP it=0 | KKT=nan | t=0.000s
2025-06-06 16:11:19,255 | ERROR   | Dump saved → debug_logs/fail/tick0150.json
2025-06-06 16:11:19,283 | ERROR   | Solver failed | status=1 | SQP it=0 | KKT=nan | t=0.000s
2025-06-06 16:11:19,284 | ERROR   | Dump saved → debug_logs/fail/tick0151.json
2025-06-06 16:11:19,311 | ERROR   | Solver failed | status=4 | SQP it=1 | KKT=6.56e+02 | t=0.000s
2025-06-06 16:11:19,312 | ERROR   | Dump saved → debug_logs/fail/tick0152.json
2025-06-06 16:11:19,339 | ERROR   | Solver failed | status=4 | SQP it=1 | KKT=6.56e+02 | t=0.000s
2025-06-06 16:11:19,340 | ERROR   | Dump saved → debug_logs/fail/tick0153.json
2025-06-06 16:11:19,367 | ERROR   | Solver failed | status=4 | SQP it=1 | KKT=6.56e+02 | t=0.000s
2025-06-06 16:11:19,367 | ERROR   | Dump saved → debug_logs/fail/tick0154.json
2025-06-06 16:11:19,391 | ERROR   | Solver failed | status=4 | SQP it=1 | KKT=6.56e+02 | t=0.000s
2025-06-06 16:11:19,392 | ERROR   | Dump saved → debug_logs/fail/tick0155.json
2025-06-06 16:11:19,416 | ERROR   | Solver failed | status=4 | SQP it=1 | KKT=6.56e+02 | t=0.000s
2025-06-06 16:11:19,417 | ERROR   | Dump saved → debug_logs/fail/tick0156.json
2025-06-06 16:11:19,441 | ERROR   | Solver failed | status=4 | SQP it=1 | KKT=6.56e+02 | t=0.000s
2025-06-06 16:11:19,441 | ERROR   | Dump saved → debug_logs/fail/tick0157.json
2025-06-06 16:11:19,465 | ERROR   | Solver failed | status=4 | SQP it=1 | KKT=6.56e+02 | t=0.000s
2025-06-06 16:11:19,466 | ERROR   | Dump saved → debug_logs/fail/tick0158.json
2025-06-06 16:11:19,490 | ERROR   | Solver failed | status=4 | SQP it=1 | KKT=6.56e+02 | t=0.000s
2025-06-06 16:11:19,491 | ERROR   | Dump saved → debug_logs/fail/tick0159.json
2025-06-06 16:11:19,516 | ERROR   | Solver failed | status=4 | SQP it=1 | KKT=6.56e+02 | t=0.000s
2025-06-06 16:11:19,517 | ERROR   | Dump saved → debug_logs/fail/tick0160.json
2025-06-06 16:11:19,541 | ERROR   | Solver failed | status=4 | SQP it=1 | KKT=6.56e+02 | t=0.000s
2025-06-06 16:11:19,542 | ERROR   | Dump saved → debug_logs/fail/tick0161.json
2025-06-06 16:11:19,566 | ERROR   | Solver failed | status=4 | SQP it=1 | KKT=6.58e+02 | t=0.000s
2025-06-06 16:11:19,567 | ERROR   | Dump saved → debug_logs/fail/tick0162.json
2025-06-06 16:11:19,592 | ERROR   | Solver failed | status=4 | SQP it=1 | KKT=6.58e+02 | t=0.000s
2025-06-06 16:11:19,592 | ERROR   | Dump saved → debug_logs/fail/tick0163.json
2025-06-06 16:11:19,617 | ERROR   | Solver failed | status=4 | SQP it=1 | KKT=6.58e+02 | t=0.000s
2025-06-06 16:11:19,618 | ERROR   | Dump saved → debug_logs/fail/tick0164.json
2025-06-06 16:11:19,643 | ERROR   | Solver failed | status=4 | SQP it=1 | KKT=6.58e+02 | t=0.000s
2025-06-06 16:11:19,644 | ERROR   | Dump saved → debug_logs/fail/tick0165.json
2025-06-06 16:11:19,670 | ERROR   | Solver failed | status=4 | SQP it=1 | KKT=6.58e+02 | t=0.000s
2025-06-06 16:11:19,671 | ERROR   | Dump saved → debug_logs/fail/tick0166.json
2025-06-06 16:11:19,697 | ERROR   | Solver failed | status=4 | SQP it=1 | KKT=6.58e+02 | t=0.000s
2025-06-06 16:11:19,698 | ERROR   | Dump saved → debug_logs/fail/tick0167.json
2025-06-06 16:11:19,724 | ERROR   | Solver failed | status=4 | SQP it=1 | KKT=6.58e+02 | t=0.000s
2025-06-06 16:11:19,725 | ERROR   | Dump saved → debug_logs/fail/tick0168.json
2025-06-06 16:11:19,752 | ERROR   | Solver failed | status=4 | SQP it=1 | KKT=6.58e+02 | t=0.000s
2025-06-06 16:11:19,753 | ERROR   | Dump saved → debug_logs/fail/tick0169.json
2025-06-06 16:11:19,779 | ERROR   | Solver failed | status=4 | SQP it=1 | KKT=6.58e+02 | t=0.000s
2025-06-06 16:11:19,780 | ERROR   | Dump saved → debug_logs/fail/tick0170.json
2025-06-06 16:11:19,806 | ERROR   | Solver failed | status=4 | SQP it=1 | KKT=6.58e+02 | t=0.000s
2025-06-06 16:11:19,807 | ERROR   | Dump saved → debug_logs/fail/tick0171.json
2025-06-06 16:11:19,833 | ERROR   | Solver failed | status=4 | SQP it=1 | KKT=6.58e+02 | t=0.000s
2025-06-06 16:11:19,834 | ERROR   | Dump saved → debug_logs/fail/tick0172.json
2025-06-06 16:11:19,857 | ERROR   | Solver failed | status=4 | SQP it=1 | KKT=6.58e+02 | t=0.000s
2025-06-06 16:11:19,858 | ERROR   | Dump saved → debug_logs/fail/tick0173.json
2025-06-06 16:11:19,882 | ERROR   | Solver failed | status=4 | SQP it=1 | KKT=6.58e+02 | t=0.000s
2025-06-06 16:11:19,883 | ERROR   | Dump saved → debug_logs/fail/tick0174.json
2025-06-06 16:11:19,906 | ERROR   | Solver failed | status=4 | SQP it=1 | KKT=6.58e+02 | t=0.000s
2025-06-06 16:11:19,907 | ERROR   | Dump saved → debug_logs/fail/tick0175.json
2025-06-06 16:11:19,931 | ERROR   | Solver failed | status=4 | SQP it=1 | KKT=6.58e+02 | t=0.000s
2025-06-06 16:11:19,932 | ERROR   | Dump saved → debug_logs/fail/tick0176.json
2025-06-06 16:11:19,956 | ERROR   | Solver failed | status=4 | SQP it=1 | KKT=6.61e+02 | t=0.000s
2025-06-06 16:11:19,957 | ERROR   | Dump saved → debug_logs/fail/tick0177.json
2025-06-06 16:11:19,982 | ERROR   | Solver failed | status=4 | SQP it=1 | KKT=6.61e+02 | t=0.000s
2025-06-06 16:11:19,982 | ERROR   | Dump saved → debug_logs/fail/tick0178.json
