2025-07-03 12:51:15,066 | INFO    | ===== INITIAL STATE DUMP =====
2025-07-03 12:51:15,067 | DEBUG   | {
  "xcurrent": [
    1.089695930480957,
    1.4088244438171387,
    0.08456537127494812,
    0.0,
    0.0,
    0.0
  ],
  "params": {
    "QC": 10,
    "QL": 40,
    "MU": 10,
    "DVTHETA_MAX": 1.0,
    "N": 20,
    "T_HORIZON": 0.7,
    "RAMP_TIME": 1.8,
    "BW_RAMP": 1,
    "BARRIER_WEIGHT": 100,
    "TUNNEL_WIDTH": 0.4,
    "TUNNEL_WIDTH_GATE": 0.15,
    "NARROW_DIST": 0.7,
    "GATE_FLAT_DIST": 0.1,
    "Q_OMEGA": 0,
    "R_VTHETA": 1.0,
    "REG_THRUST": 0.0001,
    "REG_INPUTS": 0.09
  },
  "box_lims": {
    "vtheta_max": 1.0,
    "dvtheta_max": 1.0
  }
}
2025-07-03 12:51:16,686 | ERROR   | Solver failed | status=2 | SQP it=1000 | KKT=5.82e-08 | t=0.273s
2025-07-03 12:51:16,687 | ERROR   | Dump saved → debug_logs/fail/tick0008.json
2025-07-03 12:51:17,087 | ERROR   | Solver failed | status=2 | SQP it=1000 | KKT=5.49e-08 | t=0.271s
2025-07-03 12:51:17,088 | ERROR   | Dump saved → debug_logs/fail/tick0013.json
2025-07-03 12:51:58,875 | INFO    | ===== INITIAL STATE DUMP =====
2025-07-03 12:51:58,875 | DEBUG   | {
  "xcurrent": [
    0.9092708826065063,
    1.5262396335601807,
    0.07578419893980026,
    0.0,
    0.0,
    0.0
  ],
  "params": {
    "QC": 10,
    "QL": 40,
    "MU": 10,
    "DVTHETA_MAX": 1.0,
    "N": 20,
    "T_HORIZON": 0.7,
    "RAMP_TIME": 1.8,
    "BW_RAMP": 1,
    "BARRIER_WEIGHT": 100,
    "TUNNEL_WIDTH": 0.4,
    "TUNNEL_WIDTH_GATE": 0.15,
    "NARROW_DIST": 0.7,
    "GATE_FLAT_DIST": 0.1,
    "Q_OMEGA": 0,
    "R_VTHETA": 1.0,
    "REG_THRUST": 0.0001,
    "REG_INPUTS": 0.09
  },
  "box_lims": {
    "vtheta_max": 1.0,
    "dvtheta_max": 1.0
  }
}
