2025-06-06 18:55:13,093 | INFO    | ===== INITIAL STATE DUMP =====
2025-06-06 18:55:13,093 | DEBUG   | {
  "xcurrent": [
    1.089695930480957,
    1.4088244438171387,
    0.08456537127494812,
    0.0,
    0.0,
    0.0
  ],
  "params": {
    "QC": 10,
    "QL": 80,
    "MU": 10,
    "DVTHETA_MAX": 1.5,
    "N": 20,
    "T_HORIZON": 1.5,
    "RAMP_TIME": 1.8,
    "BARRIER_WEIGHT": 10,
    "TUNNEL_WIDTH": 0.5,
    "TUNNEL_WIDTH_GATE": 0.2,
    "Q_OMEGA": 2,
    "R_VTHETA": 1.0,
    "IN_GATE_RAMP_TIME": 0.4,
    "OUT_GATE_RAMP_TIME": 1
  },
  "box_lims": {
    "vtheta_max": 1.5,
    "dvtheta_max": 1.5
  }
}
2025-06-06 18:55:31,339 | ERROR   | Solver failed | status=1 | SQP it=32 | KKT=3.28e-08 | t=0.041s
2025-06-06 18:55:31,340 | ERROR   | Dump saved → debug_logs/fail/tick0320.json
2025-06-06 18:55:31,364 | ERROR   | Solver failed | status=1 | SQP it=0 | KKT=nan | t=0.000s
2025-06-06 18:55:31,365 | ERROR   | Dump saved → debug_logs/fail/tick0321.json
2025-06-06 18:55:31,390 | ERROR   | Solver failed | status=1 | SQP it=0 | KKT=nan | t=0.000s
2025-06-06 18:55:31,391 | ERROR   | Dump saved → debug_logs/fail/tick0322.json
2025-06-06 18:55:31,415 | ERROR   | Solver failed | status=1 | SQP it=0 | KKT=nan | t=0.000s
2025-06-06 18:55:31,415 | ERROR   | Dump saved → debug_logs/fail/tick0323.json
