2025-06-28 16:40:28,524 | INFO    | ===== INITIAL STATE DUMP =====
2025-06-28 16:40:28,524 | DEBUG   | {
  "xcurrent": [
    1.089695930480957,
    1.4088244438171387,
    0.08456537127494812,
    0.0,
    0.0,
    0.0
  ],
  "params": {
    "QC": 10,
    "QC_GATE": 50,
    "QL": 40,
    "MU": 10,
    "DVTHETA_MAX": 1.0,
    "N": 25,
    "T_HORIZON": 1.3,
    "RAMP_TIME": 0.6,
    "BARRIER_WEIGHT": 10,
    "OBSTACLE_WEIGHT": 80,
    "OBSTACLE_RADIUS": 0.3,
    "TUNNEL_WIDTH": 0.5,
    "TUNNEL_WIDTH_GATE": 0.3,
    "NARROW_DIST": 0.4,
    "GATE_FLAT_DIST": 0.2,
    "GATE_SWITCH_ALIGN": 0.4,
    "GATE_SWITCH_DIST": 1.2,
    "Q_OMEGA": 2,
    "R_VTHETA": 1.0,
    "REG_THRUST": 0.018,
    "REG_INPUTS": 0.01
  },
  "box_lims": {
    "vtheta_max": 1.0,
    "dvtheta_max": 1.0
  }
}
2025-06-28 16:40:36,899 | ERROR   | Solver failed | status=4 | SQP it=1 | KKT=1.72e+00 | t=0.002s
2025-06-28 16:40:36,900 | ERROR   | Dump saved → debug_logs/fail/tick0068.json
2025-06-28 16:40:36,931 | ERROR   | Solver failed | status=4 | SQP it=1 | KKT=1.70e+00 | t=0.002s
2025-06-28 16:40:36,932 | ERROR   | Dump saved → debug_logs/fail/tick0069.json
2025-06-28 16:40:36,964 | ERROR   | Solver failed | status=4 | SQP it=1 | KKT=1.70e+00 | t=0.002s
2025-06-28 16:40:36,965 | ERROR   | Dump saved → debug_logs/fail/tick0070.json
2025-06-28 16:40:36,997 | ERROR   | Solver failed | status=4 | SQP it=1 | KKT=1.70e+00 | t=0.002s
2025-06-28 16:40:36,998 | ERROR   | Dump saved → debug_logs/fail/tick0071.json
2025-06-28 16:40:37,027 | ERROR   | Solver failed | status=4 | SQP it=1 | KKT=1.70e+00 | t=0.002s
2025-06-28 16:40:37,028 | ERROR   | Dump saved → debug_logs/fail/tick0072.json
2025-06-28 16:40:37,057 | ERROR   | Solver failed | status=4 | SQP it=1 | KKT=1.83e+00 | t=0.001s
2025-06-28 16:40:37,058 | ERROR   | Dump saved → debug_logs/fail/tick0073.json
2025-06-28 16:40:37,088 | ERROR   | Solver failed | status=4 | SQP it=1 | KKT=1.83e+00 | t=0.001s
2025-06-28 16:40:37,089 | ERROR   | Dump saved → debug_logs/fail/tick0074.json
2025-06-28 16:40:37,119 | ERROR   | Solver failed | status=4 | SQP it=1 | KKT=1.83e+00 | t=0.001s
2025-06-28 16:40:37,120 | ERROR   | Dump saved → debug_logs/fail/tick0075.json
2025-06-28 16:40:37,149 | ERROR   | Solver failed | status=4 | SQP it=1 | KKT=1.83e+00 | t=0.001s
2025-06-28 16:40:37,150 | ERROR   | Dump saved → debug_logs/fail/tick0076.json
2025-06-28 16:40:37,409 | ERROR   | Solver failed | status=1 | SQP it=24 | KKT=3.16e-08 | t=0.231s
2025-06-28 16:40:37,409 | ERROR   | Dump saved → debug_logs/fail/tick0077.json
2025-06-28 16:40:37,439 | ERROR   | Solver failed | status=1 | SQP it=0 | KKT=nan | t=0.000s
2025-06-28 16:40:37,440 | ERROR   | Dump saved → debug_logs/fail/tick0078.json
2025-06-28 16:40:38,611 | ERROR   | Solver failed | status=1 | SQP it=0 | KKT=nan | t=0.001s
2025-06-28 16:40:38,614 | ERROR   | Dump saved → debug_logs/fail/tick0079.json
2025-06-28 16:40:38,659 | ERROR   | Solver failed | status=1 | SQP it=0 | KKT=nan | t=0.000s
2025-06-28 16:40:38,660 | ERROR   | Dump saved → debug_logs/fail/tick0080.json
2025-06-28 16:40:38,698 | ERROR   | Solver failed | status=1 | SQP it=0 | KKT=nan | t=0.000s
2025-06-28 16:40:38,699 | ERROR   | Dump saved → debug_logs/fail/tick0081.json
2025-06-28 16:40:38,732 | ERROR   | Solver failed | status=1 | SQP it=0 | KKT=nan | t=0.000s
2025-06-28 16:40:38,733 | ERROR   | Dump saved → debug_logs/fail/tick0082.json
2025-06-28 16:40:38,766 | ERROR   | Solver failed | status=1 | SQP it=0 | KKT=nan | t=0.000s
2025-06-28 16:40:38,767 | ERROR   | Dump saved → debug_logs/fail/tick0083.json
2025-06-28 16:40:38,799 | ERROR   | Solver failed | status=1 | SQP it=0 | KKT=nan | t=0.000s
2025-06-28 16:40:38,800 | ERROR   | Dump saved → debug_logs/fail/tick0084.json
2025-06-28 16:40:38,832 | ERROR   | Solver failed | status=1 | SQP it=0 | KKT=nan | t=0.000s
2025-06-28 16:40:38,833 | ERROR   | Dump saved → debug_logs/fail/tick0085.json
2025-06-28 16:40:38,864 | ERROR   | Solver failed | status=1 | SQP it=0 | KKT=nan | t=0.000s
2025-06-28 16:40:38,865 | ERROR   | Dump saved → debug_logs/fail/tick0086.json
2025-06-28 16:40:38,893 | ERROR   | Solver failed | status=1 | SQP it=0 | KKT=nan | t=0.000s
2025-06-28 16:40:38,894 | ERROR   | Dump saved → debug_logs/fail/tick0087.json
2025-06-28 16:40:38,922 | ERROR   | Solver failed | status=1 | SQP it=0 | KKT=nan | t=0.000s
2025-06-28 16:40:38,922 | ERROR   | Dump saved → debug_logs/fail/tick0088.json
2025-06-28 16:40:38,950 | ERROR   | Solver failed | status=4 | SQP it=1 | KKT=1.53e+03 | t=0.000s
2025-06-28 16:40:38,951 | ERROR   | Dump saved → debug_logs/fail/tick0089.json
2025-06-28 16:40:38,979 | ERROR   | Solver failed | status=4 | SQP it=1 | KKT=1.53e+03 | t=0.000s
2025-06-28 16:40:38,980 | ERROR   | Dump saved → debug_logs/fail/tick0090.json
2025-06-28 16:40:39,007 | ERROR   | Solver failed | status=4 | SQP it=1 | KKT=1.53e+03 | t=0.000s
2025-06-28 16:40:39,008 | ERROR   | Dump saved → debug_logs/fail/tick0091.json
2025-06-28 16:40:39,036 | ERROR   | Solver failed | status=4 | SQP it=1 | KKT=1.53e+03 | t=0.000s
2025-06-28 16:40:39,037 | ERROR   | Dump saved → debug_logs/fail/tick0092.json
2025-06-28 16:40:39,065 | ERROR   | Solver failed | status=4 | SQP it=1 | KKT=1.53e+03 | t=0.000s
2025-06-28 16:40:39,066 | ERROR   | Dump saved → debug_logs/fail/tick0093.json
2025-06-28 16:40:39,096 | ERROR   | Solver failed | status=4 | SQP it=1 | KKT=1.53e+03 | t=0.000s
2025-06-28 16:40:39,097 | ERROR   | Dump saved → debug_logs/fail/tick0094.json
2025-06-28 16:40:39,126 | ERROR   | Solver failed | status=4 | SQP it=1 | KKT=1.53e+03 | t=0.000s
2025-06-28 16:40:39,126 | ERROR   | Dump saved → debug_logs/fail/tick0095.json
2025-06-28 16:40:39,156 | ERROR   | Solver failed | status=4 | SQP it=1 | KKT=1.53e+03 | t=0.000s
2025-06-28 16:40:39,157 | ERROR   | Dump saved → debug_logs/fail/tick0096.json
2025-06-28 16:40:39,186 | ERROR   | Solver failed | status=4 | SQP it=1 | KKT=1.53e+03 | t=0.000s
2025-06-28 16:40:39,187 | ERROR   | Dump saved → debug_logs/fail/tick0097.json
2025-06-28 16:40:39,218 | ERROR   | Solver failed | status=4 | SQP it=1 | KKT=1.53e+03 | t=0.000s
2025-06-28 16:40:39,219 | ERROR   | Dump saved → debug_logs/fail/tick0098.json
2025-06-28 16:40:39,250 | ERROR   | Solver failed | status=1 | SQP it=0 | KKT=nan | t=0.000s
2025-06-28 16:40:39,250 | ERROR   | Dump saved → debug_logs/fail/tick0099.json
2025-06-28 16:40:39,282 | ERROR   | Solver failed | status=1 | SQP it=0 | KKT=nan | t=0.000s
2025-06-28 16:40:39,282 | ERROR   | Dump saved → debug_logs/fail/tick0100.json
2025-06-28 16:40:39,314 | ERROR   | Solver failed | status=1 | SQP it=0 | KKT=nan | t=0.000s
2025-06-28 16:40:39,315 | ERROR   | Dump saved → debug_logs/fail/tick0101.json
2025-06-28 16:40:39,342 | ERROR   | Solver failed | status=1 | SQP it=0 | KKT=nan | t=0.000s
2025-06-28 16:40:39,343 | ERROR   | Dump saved → debug_logs/fail/tick0102.json
2025-06-28 16:40:39,371 | ERROR   | Solver failed | status=1 | SQP it=0 | KKT=nan | t=0.000s
2025-06-28 16:40:39,371 | ERROR   | Dump saved → debug_logs/fail/tick0103.json
2025-06-28 16:40:39,399 | ERROR   | Solver failed | status=1 | SQP it=0 | KKT=nan | t=0.000s
2025-06-28 16:40:39,400 | ERROR   | Dump saved → debug_logs/fail/tick0104.json
