2025-06-15 19:16:22,735 | INFO    | ===== INITIAL STATE DUMP =====
2025-06-15 19:16:22,735 | DEBUG   | {
  "xcurrent": [
    1.089695930480957,
    1.4088244438171387,
    0.08456537127494812,
    0.0,
    0.0,
    0.0
  ],
  "params": {
    "QC": 10,
    "QC_GATE": 100,
    "QL": 80,
    "MU": 10,
    "DVTHETA_MAX": 1.9,
    "N": 15,
    "T_HORIZON": 0.8,
    "RAMP_TIME": 1.8,
    "BARRIER_WEIGHT": 10,
    "TUNNEL_WIDTH": 0.5,
    "TUNNEL_WIDTH_GATE": 0.1,
    "NARROW_DIST": 1,
    "Q_OMEGA": 2,
    "R_VTHETA": 1.0,
    "IN_GATE_RAMP_TIME": 0.1,
    "OUT_GATE_RAMP_TIME": 3
  },
  "box_lims": {
    "vtheta_max": 1.9,
    "dvtheta_max": 1.9
  }
}
2025-06-15 19:16:34,653 | INFO    | ===== INITIAL STATE DUMP =====
2025-06-15 19:16:34,653 | DEBUG   | {
  "xcurrent": [
    0.9028720855712891,
    1.5953963994979858,
    0.08499348908662796,
    0.0,
    0.0,
    0.0
  ],
  "params": {
    "QC": 10,
    "QC_GATE": 100,
    "QL": 80,
    "MU": 10,
    "DVTHETA_MAX": 1.9,
    "N": 15,
    "T_HORIZON": 0.8,
    "RAMP_TIME": 1.8,
    "BARRIER_WEIGHT": 10,
    "TUNNEL_WIDTH": 0.5,
    "TUNNEL_WIDTH_GATE": 0.1,
    "NARROW_DIST": 1,
    "Q_OMEGA": 2,
    "R_VTHETA": 1.0,
    "IN_GATE_RAMP_TIME": 0.1,
    "OUT_GATE_RAMP_TIME": 3
  },
  "box_lims": {
    "vtheta_max": 1.9,
    "dvtheta_max": 1.9
  }
}
2025-06-15 19:16:41,562 | ERROR   | Solver failed | status=2 | SQP it=1000 | KKT=6.71e-08 | t=0.418s
2025-06-15 19:16:41,563 | ERROR   | Dump saved → debug_logs/fail/tick0205.json
2025-06-15 19:16:42,015 | ERROR   | Solver failed | status=2 | SQP it=1000 | KKT=7.64e-08 | t=0.421s
2025-06-15 19:16:42,016 | ERROR   | Dump saved → debug_logs/fail/tick0206.json
2025-06-15 19:16:42,447 | ERROR   | Solver failed | status=2 | SQP it=1000 | KKT=2.90e-09 | t=0.401s
2025-06-15 19:16:42,447 | ERROR   | Dump saved → debug_logs/fail/tick0207.json
2025-06-15 19:16:43,263 | ERROR   | Solver failed | status=2 | SQP it=1000 | KKT=7.65e-09 | t=0.437s
2025-06-15 19:16:43,264 | ERROR   | Dump saved → debug_logs/fail/tick0212.json
2025-06-15 19:16:43,752 | ERROR   | Solver failed | status=2 | SQP it=1000 | KKT=9.67e-08 | t=0.458s
2025-06-15 19:16:43,752 | ERROR   | Dump saved → debug_logs/fail/tick0213.json
2025-06-15 19:16:44,235 | ERROR   | Solver failed | status=2 | SQP it=1000 | KKT=1.25e-12 | t=0.456s
2025-06-15 19:16:44,236 | ERROR   | Dump saved → debug_logs/fail/tick0214.json
2025-06-15 19:16:44,763 | ERROR   | Solver failed | status=2 | SQP it=1000 | KKT=1.64e-09 | t=0.501s
2025-06-15 19:16:44,764 | ERROR   | Dump saved → debug_logs/fail/tick0215.json
2025-06-15 19:16:45,311 | ERROR   | Solver failed | status=2 | SQP it=1000 | KKT=5.33e-08 | t=0.517s
2025-06-15 19:16:45,311 | ERROR   | Dump saved → debug_logs/fail/tick0216.json
2025-06-15 19:16:45,837 | ERROR   | Solver failed | status=2 | SQP it=1000 | KKT=8.77e-10 | t=0.497s
2025-06-15 19:16:45,838 | ERROR   | Dump saved → debug_logs/fail/tick0217.json
2025-06-15 19:16:46,406 | ERROR   | Solver failed | status=2 | SQP it=1000 | KKT=2.04e-08 | t=0.539s
2025-06-15 19:16:46,406 | ERROR   | Dump saved → debug_logs/fail/tick0218.json
2025-06-15 19:16:47,012 | ERROR   | Solver failed | status=2 | SQP it=1000 | KKT=1.63e-08 | t=0.575s
2025-06-15 19:16:47,013 | ERROR   | Dump saved → debug_logs/fail/tick0219.json
2025-06-15 19:16:47,582 | ERROR   | Solver failed | status=2 | SQP it=1000 | KKT=3.54e-08 | t=0.540s
2025-06-15 19:16:47,584 | ERROR   | Dump saved → debug_logs/fail/tick0220.json
2025-06-15 19:16:48,197 | ERROR   | Solver failed | status=2 | SQP it=1000 | KKT=4.51e-09 | t=0.583s
2025-06-15 19:16:48,198 | ERROR   | Dump saved → debug_logs/fail/tick0221.json
2025-06-15 19:16:48,817 | ERROR   | Solver failed | status=2 | SQP it=1000 | KKT=4.17e-08 | t=0.590s
2025-06-15 19:16:48,818 | ERROR   | Dump saved → debug_logs/fail/tick0222.json
2025-06-15 19:16:49,434 | ERROR   | Solver failed | status=2 | SQP it=1000 | KKT=3.34e-09 | t=0.586s
2025-06-15 19:16:49,434 | ERROR   | Dump saved → debug_logs/fail/tick0223.json
2025-06-15 19:16:50,050 | ERROR   | Solver failed | status=2 | SQP it=1000 | KKT=1.28e-08 | t=0.589s
2025-06-15 19:16:50,051 | ERROR   | Dump saved → debug_logs/fail/tick0224.json
2025-06-15 19:16:50,673 | ERROR   | Solver failed | status=2 | SQP it=1000 | KKT=6.14e-12 | t=0.591s
2025-06-15 19:16:50,674 | ERROR   | Dump saved → debug_logs/fail/tick0225.json
2025-06-15 19:16:51,286 | ERROR   | Solver failed | status=2 | SQP it=1000 | KKT=8.61e-10 | t=0.585s
2025-06-15 19:16:51,288 | ERROR   | Dump saved → debug_logs/fail/tick0226.json
2025-06-15 19:16:52,705 | INFO    | ===== INITIAL STATE DUMP =====
2025-06-15 19:16:52,705 | DEBUG   | {
  "xcurrent": [
    1.0499000549316406,
    1.4387530088424683,
    0.07069169729948044,
    0.0,
    0.0,
    0.0
  ],
  "params": {
    "QC": 10,
    "QC_GATE": 100,
    "QL": 80,
    "MU": 10,
    "DVTHETA_MAX": 1.9,
    "N": 15,
    "T_HORIZON": 0.8,
    "RAMP_TIME": 1.8,
    "BARRIER_WEIGHT": 10,
    "TUNNEL_WIDTH": 0.5,
    "TUNNEL_WIDTH_GATE": 0.1,
    "NARROW_DIST": 1,
    "Q_OMEGA": 2,
    "R_VTHETA": 1.0,
    "IN_GATE_RAMP_TIME": 0.1,
    "OUT_GATE_RAMP_TIME": 3
  },
  "box_lims": {
    "vtheta_max": 1.9,
    "dvtheta_max": 1.9
  }
}
