2025-06-28 18:17:41,827 | INFO    | ===== INITIAL STATE DUMP =====
2025-06-28 18:17:41,828 | DEBUG   | {
  "xcurrent": [
    1.089695930480957,
    1.4088244438171387,
    0.08456537127494812,
    0.0,
    0.0,
    0.0
  ],
  "params": {
    "QC": 10,
    "QC_GATE": 50,
    "QL": 40,
    "MU": 10,
    "DVTHETA_MAX": 1.4,
    "N": 20,
    "T_HORIZON": 0.9,
    "RAMP_TIME": 0.5,
    "BARRIER_WEIGHT": 10,
    "OBSTACLE_WEIGHT": [
      50,
      100,
      100,
      30
    ],
    "OBSTACLE_RADIUS": 0.25,
    "TUNNEL_WIDTH": 0.5,
    "TUNNEL_WIDTH_GATE": 0.2,
    "NARROW_DIST": 0.5,
    "GATE_FLAT_DIST": 0.3,
    "Q_OMEGA": 2,
    "R_VTHETA": 1.0,
    "REG_THRUST": 0.008,
    "REG_INPUTS": 0.03
  },
  "box_lims": {
    "vtheta_max": 1.4,
    "dvtheta_max": 1.4
  }
}
2025-06-28 18:17:57,755 | INFO    | ===== INITIAL STATE DUMP =====
2025-06-28 18:17:57,755 | DEBUG   | {
  "xcurrent": [
    0.9575220942497253,
    1.4330995082855225,
    0.08715113997459412,
    0.0,
    0.0,
    0.0
  ],
  "params": {
    "QC": 10,
    "QC_GATE": 50,
    "QL": 40,
    "MU": 10,
    "DVTHETA_MAX": 1.4,
    "N": 20,
    "T_HORIZON": 0.9,
    "RAMP_TIME": 0.5,
    "BARRIER_WEIGHT": 10,
    "OBSTACLE_WEIGHT": [
      50,
      100,
      100,
      30
    ],
    "OBSTACLE_RADIUS": 0.25,
    "TUNNEL_WIDTH": 0.5,
    "TUNNEL_WIDTH_GATE": 0.2,
    "NARROW_DIST": 0.5,
    "GATE_FLAT_DIST": 0.3,
    "Q_OMEGA": 2,
    "R_VTHETA": 1.0,
    "REG_THRUST": 0.008,
    "REG_INPUTS": 0.03
  },
  "box_lims": {
    "vtheta_max": 1.4,
    "dvtheta_max": 1.4
  }
}
2025-06-28 18:18:08,144 | ERROR   | Solver failed | status=4 | SQP it=15 | KKT=1.13e-12 | t=0.020s
2025-06-28 18:18:08,146 | ERROR   | Dump saved → debug_logs/fail/tick0326.json
2025-06-28 18:18:08,175 | ERROR   | Solver failed | status=4 | SQP it=1 | KKT=2.88e+02 | t=0.002s
2025-06-28 18:18:08,176 | ERROR   | Dump saved → debug_logs/fail/tick0327.json
2025-06-28 18:18:08,203 | ERROR   | Solver failed | status=4 | SQP it=1 | KKT=2.88e+02 | t=0.002s
2025-06-28 18:18:08,204 | ERROR   | Dump saved → debug_logs/fail/tick0328.json
2025-06-28 18:18:08,230 | ERROR   | Solver failed | status=4 | SQP it=1 | KKT=2.88e+02 | t=0.002s
2025-06-28 18:18:08,230 | ERROR   | Dump saved → debug_logs/fail/tick0329.json
2025-06-28 18:18:08,255 | ERROR   | Solver failed | status=4 | SQP it=1 | KKT=2.88e+02 | t=0.001s
2025-06-28 18:18:08,256 | ERROR   | Dump saved → debug_logs/fail/tick0330.json
2025-06-28 18:18:08,283 | ERROR   | Solver failed | status=4 | SQP it=1 | KKT=2.88e+02 | t=0.002s
2025-06-28 18:18:08,283 | ERROR   | Dump saved → debug_logs/fail/tick0331.json
2025-06-28 18:18:11,644 | INFO    | ===== INITIAL STATE DUMP =====
2025-06-28 18:18:11,645 | DEBUG   | {
  "xcurrent": [
    0.9730191826820374,
    1.4060735702514648,
    0.08424465358257294,
    0.0,
    0.0,
    0.0
  ],
  "params": {
    "QC": 10,
    "QC_GATE": 50,
    "QL": 40,
    "MU": 10,
    "DVTHETA_MAX": 1.4,
    "N": 20,
    "T_HORIZON": 0.9,
    "RAMP_TIME": 0.5,
    "BARRIER_WEIGHT": 10,
    "OBSTACLE_WEIGHT": [
      50,
      100,
      100,
      30
    ],
    "OBSTACLE_RADIUS": 0.25,
    "TUNNEL_WIDTH": 0.5,
    "TUNNEL_WIDTH_GATE": 0.2,
    "NARROW_DIST": 0.5,
    "GATE_FLAT_DIST": 0.3,
    "Q_OMEGA": 2,
    "R_VTHETA": 1.0,
    "REG_THRUST": 0.008,
    "REG_INPUTS": 0.03
  },
  "box_lims": {
    "vtheta_max": 1.4,
    "dvtheta_max": 1.4
  }
}
2025-06-28 18:18:25,005 | INFO    | ===== INITIAL STATE DUMP =====
2025-06-28 18:18:25,005 | DEBUG   | {
  "xcurrent": [
    0.9407386779785156,
    1.452034592628479,
    0.0812598168849945,
    0.0,
    0.0,
    0.0
  ],
  "params": {
    "QC": 10,
    "QC_GATE": 50,
    "QL": 40,
    "MU": 10,
    "DVTHETA_MAX": 1.4,
    "N": 20,
    "T_HORIZON": 0.9,
    "RAMP_TIME": 0.5,
    "BARRIER_WEIGHT": 10,
    "OBSTACLE_WEIGHT": [
      50,
      100,
      100,
      30
    ],
    "OBSTACLE_RADIUS": 0.25,
    "TUNNEL_WIDTH": 0.5,
    "TUNNEL_WIDTH_GATE": 0.2,
    "NARROW_DIST": 0.5,
    "GATE_FLAT_DIST": 0.3,
    "Q_OMEGA": 2,
    "R_VTHETA": 1.0,
    "REG_THRUST": 0.008,
    "REG_INPUTS": 0.03
  },
  "box_lims": {
    "vtheta_max": 1.4,
    "dvtheta_max": 1.4
  }
}
2025-06-28 18:18:25,334 | ERROR   | Solver failed | status=2 | SQP it=1000 | KKT=5.20e-08 | t=0.221s
2025-06-28 18:18:25,336 | ERROR   | Dump saved → debug_logs/fail/tick0003.json
2025-06-28 18:18:32,479 | INFO    | ===== INITIAL STATE DUMP =====
2025-06-28 18:18:32,480 | DEBUG   | {
  "xcurrent": [
    0.9689265489578247,
    1.577927827835083,
    0.08351412415504456,
    0.0,
    0.0,
    0.0
  ],
  "params": {
    "QC": 10,
    "QC_GATE": 50,
    "QL": 40,
    "MU": 10,
    "DVTHETA_MAX": 1.4,
    "N": 20,
    "T_HORIZON": 0.9,
    "RAMP_TIME": 0.5,
    "BARRIER_WEIGHT": 10,
    "OBSTACLE_WEIGHT": [
      50,
      100,
      100,
      30
    ],
    "OBSTACLE_RADIUS": 0.25,
    "TUNNEL_WIDTH": 0.5,
    "TUNNEL_WIDTH_GATE": 0.2,
    "NARROW_DIST": 0.5,
    "GATE_FLAT_DIST": 0.3,
    "Q_OMEGA": 2,
    "R_VTHETA": 1.0,
    "REG_THRUST": 0.008,
    "REG_INPUTS": 0.03
  },
  "box_lims": {
    "vtheta_max": 1.4,
    "dvtheta_max": 1.4
  }
}
2025-06-28 18:18:41,971 | ERROR   | Solver failed | status=2 | SQP it=1000 | KKT=4.23e-09 | t=0.637s
2025-06-28 18:18:41,973 | ERROR   | Dump saved → debug_logs/fail/tick0274.json
2025-06-28 18:18:42,593 | ERROR   | Solver failed | status=2 | SQP it=1000 | KKT=1.81e-08 | t=0.592s
2025-06-28 18:18:42,594 | ERROR   | Dump saved → debug_logs/fail/tick0275.json
2025-06-28 18:18:43,212 | ERROR   | Solver failed | status=2 | SQP it=1000 | KKT=2.22e-08 | t=0.592s
2025-06-28 18:18:43,212 | ERROR   | Dump saved → debug_logs/fail/tick0276.json
2025-06-28 18:18:43,837 | ERROR   | Solver failed | status=2 | SQP it=1000 | KKT=2.69e-08 | t=0.600s
2025-06-28 18:18:43,839 | ERROR   | Dump saved → debug_logs/fail/tick0277.json
2025-06-28 18:18:44,474 | ERROR   | Solver failed | status=2 | SQP it=1000 | KKT=2.35e-08 | t=0.607s
2025-06-28 18:18:44,475 | ERROR   | Dump saved → debug_logs/fail/tick0278.json
2025-06-28 18:18:45,129 | ERROR   | Solver failed | status=2 | SQP it=1000 | KKT=2.48e-08 | t=0.627s
2025-06-28 18:18:45,130 | ERROR   | Dump saved → debug_logs/fail/tick0279.json
2025-06-28 18:18:45,774 | ERROR   | Solver failed | status=2 | SQP it=1000 | KKT=1.07e-08 | t=0.619s
2025-06-28 18:18:45,775 | ERROR   | Dump saved → debug_logs/fail/tick0280.json
2025-06-28 18:18:46,424 | ERROR   | Solver failed | status=2 | SQP it=1000 | KKT=3.06e-08 | t=0.620s
2025-06-28 18:18:46,424 | ERROR   | Dump saved → debug_logs/fail/tick0281.json
2025-06-28 18:18:47,073 | ERROR   | Solver failed | status=2 | SQP it=1000 | KKT=5.17e-08 | t=0.620s
2025-06-28 18:18:47,073 | ERROR   | Dump saved → debug_logs/fail/tick0282.json
2025-06-28 18:18:47,754 | ERROR   | Solver failed | status=2 | SQP it=1000 | KKT=7.64e-08 | t=0.652s
2025-06-28 18:18:47,754 | ERROR   | Dump saved → debug_logs/fail/tick0283.json
2025-06-28 18:18:48,464 | ERROR   | Solver failed | status=2 | SQP it=1000 | KKT=5.62e-09 | t=0.676s
2025-06-28 18:18:48,465 | ERROR   | Dump saved → debug_logs/fail/tick0284.json
2025-06-28 18:18:49,176 | ERROR   | Solver failed | status=2 | SQP it=1000 | KKT=2.97e-09 | t=0.682s
2025-06-28 18:18:49,178 | ERROR   | Dump saved → debug_logs/fail/tick0285.json
