2025-06-28 17:12:55,104 | INFO    | ===== INITIAL STATE DUMP =====
2025-06-28 17:12:55,105 | DEBUG   | {
  "xcurrent": [
    1.089695930480957,
    1.4088244438171387,
    0.08456537127494812,
    0.0,
    0.0,
    0.0
  ],
  "params": {
    "QC": 10,
    "QC_GATE": 50,
    "QL": 40,
    "MU": 10,
    "DVTHETA_MAX": 1.6,
    "N": 25,
    "T_HORIZON": 0.8,
    "RAMP_TIME": 0.6,
    "BARRIER_WEIGHT": 10,
    "OBSTACLE_WEIGHT": [
      20,
      500,
      80,
      10
    ],
    "OBSTACLE_RADIUS": 0.2,
    "TUNNEL_WIDTH": 0.4,
    "TUNNEL_WIDTH_GATE": 0.2,
    "NARROW_DIST": 0.5,
    "GATE_FLAT_DIST": 0.3,
    "Q_OMEGA": 2,
    "R_VTHETA": 1.0,
    "REG_THRUST": 0.01,
    "REG_INPUTS": 0.004
  },
  "box_lims": {
    "vtheta_max": 1.6,
    "dvtheta_max": 1.6
  }
}
2025-06-28 17:13:07,931 | ERROR   | Solver failed | status=4 | SQP it=3 | KKT=1.08e+00 | t=0.006s
2025-06-28 17:13:07,933 | ERROR   | Dump saved → debug_logs/fail/tick0082.json
2025-06-28 17:13:07,980 | ERROR   | Solver failed | status=4 | SQP it=1 | KKT=3.41e+00 | t=0.016s
2025-06-28 17:13:07,981 | ERROR   | Dump saved → debug_logs/fail/tick0083.json
2025-06-28 17:13:08,016 | ERROR   | Solver failed | status=4 | SQP it=1 | KKT=2.75e+00 | t=0.003s
2025-06-28 17:13:08,017 | ERROR   | Dump saved → debug_logs/fail/tick0084.json
2025-06-28 17:13:09,590 | ERROR   | Solver failed | status=4 | SQP it=1 | KKT=3.00e+00 | t=0.008s
2025-06-28 17:13:09,592 | ERROR   | Dump saved → debug_logs/fail/tick0085.json
2025-06-28 17:13:09,667 | ERROR   | Solver failed | status=4 | SQP it=15 | KKT=2.26e-10 | t=0.026s
2025-06-28 17:13:09,668 | ERROR   | Dump saved → debug_logs/fail/tick0086.json
2025-06-28 17:13:15,001 | ERROR   | Solver failed | status=2 | SQP it=1000 | KKT=3.64e-09 | t=0.764s
2025-06-28 17:13:15,003 | ERROR   | Dump saved → debug_logs/fail/tick0106.json
2025-06-28 17:13:15,891 | ERROR   | Solver failed | status=2 | SQP it=1000 | KKT=2.44e-08 | t=0.858s
2025-06-28 17:13:15,893 | ERROR   | Dump saved → debug_logs/fail/tick0107.json
2025-06-28 17:13:18,299 | ERROR   | Solver failed | status=2 | SQP it=1000 | KKT=3.04e-08 | t=0.903s
2025-06-28 17:13:18,300 | ERROR   | Dump saved → debug_logs/fail/tick0108.json
2025-06-28 17:13:19,232 | ERROR   | Solver failed | status=2 | SQP it=1000 | KKT=2.69e-08 | t=0.900s
2025-06-28 17:13:19,233 | ERROR   | Dump saved → debug_logs/fail/tick0109.json
2025-06-28 17:13:20,217 | ERROR   | Solver failed | status=2 | SQP it=1000 | KKT=6.60e-08 | t=0.948s
2025-06-28 17:13:20,219 | ERROR   | Dump saved → debug_logs/fail/tick0110.json
2025-06-28 17:13:21,124 | ERROR   | Solver failed | status=2 | SQP it=1000 | KKT=5.35e-08 | t=0.874s
2025-06-28 17:13:21,125 | ERROR   | Dump saved → debug_logs/fail/tick0111.json
2025-06-28 17:13:22,124 | ERROR   | Solver failed | status=2 | SQP it=1000 | KKT=5.66e-08 | t=0.953s
2025-06-28 17:13:22,125 | ERROR   | Dump saved → debug_logs/fail/tick0112.json
2025-06-28 17:13:23,165 | ERROR   | Solver failed | status=2 | SQP it=1000 | KKT=1.47e-08 | t=0.994s
2025-06-28 17:13:23,166 | ERROR   | Dump saved → debug_logs/fail/tick0113.json
2025-06-28 17:13:24,574 | ERROR   | Solver failed | status=2 | SQP it=1000 | KKT=5.67e-10 | t=1.369s
2025-06-28 17:13:24,575 | ERROR   | Dump saved → debug_logs/fail/tick0114.json
2025-06-28 17:13:24,919 | ERROR   | Solver failed | status=4 | SQP it=218 | KKT=1.53e-09 | t=0.298s
2025-06-28 17:13:24,920 | ERROR   | Dump saved → debug_logs/fail/tick0115.json
2025-06-28 17:13:26,348 | ERROR   | Solver failed | status=2 | SQP it=1000 | KKT=2.27e-08 | t=1.394s
2025-06-28 17:13:26,349 | ERROR   | Dump saved → debug_logs/fail/tick0116.json
2025-06-28 17:13:28,129 | ERROR   | Solver failed | status=2 | SQP it=1000 | KKT=7.29e-08 | t=1.741s
2025-06-28 17:13:28,130 | ERROR   | Dump saved → debug_logs/fail/tick0117.json
2025-06-28 17:13:29,572 | ERROR   | Solver failed | status=2 | SQP it=1000 | KKT=1.36e-08 | t=1.398s
2025-06-28 17:13:29,572 | ERROR   | Dump saved → debug_logs/fail/tick0118.json
2025-06-28 17:13:30,728 | ERROR   | Solver failed | status=2 | SQP it=1000 | KKT=2.17e-08 | t=1.104s
2025-06-28 17:13:30,729 | ERROR   | Dump saved → debug_logs/fail/tick0119.json
2025-06-28 17:13:31,978 | ERROR   | Solver failed | status=2 | SQP it=1000 | KKT=1.46e-08 | t=1.206s
2025-06-28 17:13:31,978 | ERROR   | Dump saved → debug_logs/fail/tick0120.json
2025-06-28 17:13:33,090 | ERROR   | Solver failed | status=2 | SQP it=1000 | KKT=5.67e-11 | t=1.069s
2025-06-28 17:13:33,091 | ERROR   | Dump saved → debug_logs/fail/tick0121.json
