2025-06-05 14:58:28,162 | INFO    | ===== INITIAL STATE DUMP =====
2025-06-05 14:58:28,162 | DEBUG   | {
  "xcurrent": [
    1.0269196033477783,
    1.446731448173523,
    0.04969334602355957,
    0.0009060295997187495,
    0.0014069665921851993,
    0.00591901084408164
  ],
  "params": {
    "QC": 10,
    "QL": 80,
    "MU": 10,
    "DVTHETA_MAX": 1.75,
    "N": 20,
    "T_HORIZON": 1.05,
    "RAMP_TIME": 1.8,
    "BARRIER_WEIGHT": 10,
    "TUNNEL_WIDTH": 0.2,
    "Q_OMEGA": 2,
    "R_VTHETA": 1.0
  },
  "box_lims": {
    "vtheta_max": 1.75,
    "dvtheta_max": 1.75
  }
}
