2025-06-15 19:40:54,366 | INFO    | ===== INITIAL STATE DUMP =====
2025-06-15 19:40:54,366 | DEBUG   | {
  "xcurrent": [
    1.089695930480957,
    1.4088244438171387,
    0.08456537127494812,
    0.0,
    0.0,
    0.0
  ],
  "params": {
    "QC": 10,
    "QC_GATE": 100,
    "QL": 40,
    "MU": 10,
    "DVTHETA_MAX": 1.9,
    "N": 15,
    "T_HORIZON": 0.8,
    "RAMP_TIME": 1.8,
    "BARRIER_WEIGHT": 10,
    "TUNNEL_WIDTH": 0.5,
    "TUNNEL_WIDTH_GATE": 0.1,
    "NARROW_DIST": 1,
    "Q_OMEGA": 2,
    "R_VTHETA": 1.0,
    "IN_GATE_RAMP_TIME": 0.2,
    "OUT_GATE_RAMP_TIME": 0.5
  },
  "box_lims": {
    "vtheta_max": 1.9,
    "dvtheta_max": 1.9
  }
}
2025-06-15 19:41:35,984 | INFO    | ===== INITIAL STATE DUMP =====
2025-06-15 19:41:35,985 | DEBUG   | {
  "xcurrent": [
    0.9716238975524902,
    1.492460012435913,
    0.08390974253416061,
    0.0,
    0.0,
    0.0
  ],
  "params": {
    "QC": 10,
    "QC_GATE": 100,
    "QL": 40,
    "MU": 10,
    "DVTHETA_MAX": 1.9,
    "N": 15,
    "T_HORIZON": 0.8,
    "RAMP_TIME": 1.8,
    "BARRIER_WEIGHT": 10,
    "TUNNEL_WIDTH": 0.5,
    "TUNNEL_WIDTH_GATE": 0.1,
    "NARROW_DIST": 1,
    "Q_OMEGA": 2,
    "R_VTHETA": 1.0,
    "IN_GATE_RAMP_TIME": 0.2,
    "OUT_GATE_RAMP_TIME": 0.5
  },
  "box_lims": {
    "vtheta_max": 1.9,
    "dvtheta_max": 1.9
  }
}
2025-06-15 19:41:48,708 | INFO    | ===== INITIAL STATE DUMP =====
2025-06-15 19:41:48,708 | DEBUG   | {
  "xcurrent": [
    0.9502967596054077,
    1.5895127058029175,
    0.07939507812261581,
    0.0,
    0.0,
    0.0
  ],
  "params": {
    "QC": 10,
    "QC_GATE": 100,
    "QL": 40,
    "MU": 10,
    "DVTHETA_MAX": 1.9,
    "N": 15,
    "T_HORIZON": 0.8,
    "RAMP_TIME": 1.8,
    "BARRIER_WEIGHT": 10,
    "TUNNEL_WIDTH": 0.5,
    "TUNNEL_WIDTH_GATE": 0.1,
    "NARROW_DIST": 1,
    "Q_OMEGA": 2,
    "R_VTHETA": 1.0,
    "IN_GATE_RAMP_TIME": 0.2,
    "OUT_GATE_RAMP_TIME": 0.5
  },
  "box_lims": {
    "vtheta_max": 1.9,
    "dvtheta_max": 1.9
  }
}
2025-06-15 19:41:52,328 | ERROR   | Solver failed | status=2 | SQP it=1000 | KKT=1.89e-10 | t=0.792s
2025-06-15 19:41:52,329 | ERROR   | Dump saved → debug_logs/fail/tick0104.json
2025-06-15 19:41:58,917 | INFO    | ===== INITIAL STATE DUMP =====
2025-06-15 19:41:58,917 | DEBUG   | {
  "xcurrent": [
    1.058127522468567,
    1.45243239402771,
    0.08050553500652313,
    0.0,
    0.0,
    0.0
  ],
  "params": {
    "QC": 10,
    "QC_GATE": 100,
    "QL": 40,
    "MU": 10,
    "DVTHETA_MAX": 1.9,
    "N": 15,
    "T_HORIZON": 0.8,
    "RAMP_TIME": 1.8,
    "BARRIER_WEIGHT": 10,
    "TUNNEL_WIDTH": 0.5,
    "TUNNEL_WIDTH_GATE": 0.1,
    "NARROW_DIST": 1,
    "Q_OMEGA": 2,
    "R_VTHETA": 1.0,
    "IN_GATE_RAMP_TIME": 0.2,
    "OUT_GATE_RAMP_TIME": 0.5
  },
  "box_lims": {
    "vtheta_max": 1.9,
    "dvtheta_max": 1.9
  }
}
2025-06-15 19:42:05,871 | INFO    | ===== INITIAL STATE DUMP =====
2025-06-15 19:42:05,871 | DEBUG   | {
  "xcurrent": [
    0.9623264670372009,
    1.4369661808013916,
    0.07254114747047424,
    0.0,
    0.0,
    0.0
  ],
  "params": {
    "QC": 10,
    "QC_GATE": 100,
    "QL": 40,
    "MU": 10,
    "DVTHETA_MAX": 1.9,
    "N": 15,
    "T_HORIZON": 0.8,
    "RAMP_TIME": 1.8,
    "BARRIER_WEIGHT": 10,
    "TUNNEL_WIDTH": 0.5,
    "TUNNEL_WIDTH_GATE": 0.1,
    "NARROW_DIST": 1,
    "Q_OMEGA": 2,
    "R_VTHETA": 1.0,
    "IN_GATE_RAMP_TIME": 0.2,
    "OUT_GATE_RAMP_TIME": 0.5
  },
  "box_lims": {
    "vtheta_max": 1.9,
    "dvtheta_max": 1.9
  }
}
2025-06-15 19:42:09,792 | INFO    | ===== INITIAL STATE DUMP =====
2025-06-15 19:42:09,793 | DEBUG   | {
  "xcurrent": [
    0.9280095100402832,
    1.538931965827942,
    0.08786963671445847,
    0.0,
    0.0,
    0.0
  ],
  "params": {
    "QC": 10,
    "QC_GATE": 100,
    "QL": 40,
    "MU": 10,
    "DVTHETA_MAX": 1.9,
    "N": 15,
    "T_HORIZON": 0.8,
    "RAMP_TIME": 1.8,
    "BARRIER_WEIGHT": 10,
    "TUNNEL_WIDTH": 0.5,
    "TUNNEL_WIDTH_GATE": 0.1,
    "NARROW_DIST": 1,
    "Q_OMEGA": 2,
    "R_VTHETA": 1.0,
    "IN_GATE_RAMP_TIME": 0.2,
    "OUT_GATE_RAMP_TIME": 0.5
  },
  "box_lims": {
    "vtheta_max": 1.9,
    "dvtheta_max": 1.9
  }
}
2025-06-15 19:42:19,195 | INFO    | ===== INITIAL STATE DUMP =====
2025-06-15 19:42:19,196 | DEBUG   | {
  "xcurrent": [
    0.9873810410499573,
    1.4932056665420532,
    0.08405883610248566,
    0.0,
    0.0,
    0.0
  ],
  "params": {
    "QC": 10,
    "QC_GATE": 100,
    "QL": 40,
    "MU": 10,
    "DVTHETA_MAX": 1.9,
    "N": 15,
    "T_HORIZON": 0.8,
    "RAMP_TIME": 1.8,
    "BARRIER_WEIGHT": 10,
    "TUNNEL_WIDTH": 0.5,
    "TUNNEL_WIDTH_GATE": 0.1,
    "NARROW_DIST": 1,
    "Q_OMEGA": 2,
    "R_VTHETA": 1.0,
    "IN_GATE_RAMP_TIME": 0.2,
    "OUT_GATE_RAMP_TIME": 0.5
  },
  "box_lims": {
    "vtheta_max": 1.9,
    "dvtheta_max": 1.9
  }
}
2025-06-15 19:42:19,636 | ERROR   | Solver failed | status=2 | SQP it=1000 | KKT=4.53e-08 | t=0.163s
2025-06-15 19:42:19,636 | ERROR   | Dump saved → debug_logs/fail/tick0011.json
2025-06-15 19:42:23,109 | INFO    | ===== INITIAL STATE DUMP =====
2025-06-15 19:42:23,109 | DEBUG   | {
  "xcurrent": [
    1.0332204103469849,
    1.5570281744003296,
    0.07307830452919006,
    0.0,
    0.0,
    0.0
  ],
  "params": {
    "QC": 10,
    "QC_GATE": 100,
    "QL": 40,
    "MU": 10,
    "DVTHETA_MAX": 1.9,
    "N": 15,
    "T_HORIZON": 0.8,
    "RAMP_TIME": 1.8,
    "BARRIER_WEIGHT": 10,
    "TUNNEL_WIDTH": 0.5,
    "TUNNEL_WIDTH_GATE": 0.1,
    "NARROW_DIST": 1,
    "Q_OMEGA": 2,
    "R_VTHETA": 1.0,
    "IN_GATE_RAMP_TIME": 0.2,
    "OUT_GATE_RAMP_TIME": 0.5
  },
  "box_lims": {
    "vtheta_max": 1.9,
    "dvtheta_max": 1.9
  }
}
2025-06-15 19:42:32,674 | INFO    | ===== INITIAL STATE DUMP =====
2025-06-15 19:42:32,674 | DEBUG   | {
  "xcurrent": [
    0.9943960309028625,
    1.5622732639312744,
    0.07328163832426071,
    0.0,
    0.0,
    0.0
  ],
  "params": {
    "QC": 10,
    "QC_GATE": 100,
    "QL": 40,
    "MU": 10,
    "DVTHETA_MAX": 1.9,
    "N": 15,
    "T_HORIZON": 0.8,
    "RAMP_TIME": 1.8,
    "BARRIER_WEIGHT": 10,
    "TUNNEL_WIDTH": 0.5,
    "TUNNEL_WIDTH_GATE": 0.1,
    "NARROW_DIST": 1,
    "Q_OMEGA": 2,
    "R_VTHETA": 1.0,
    "IN_GATE_RAMP_TIME": 0.2,
    "OUT_GATE_RAMP_TIME": 0.5
  },
  "box_lims": {
    "vtheta_max": 1.9,
    "dvtheta_max": 1.9
  }
}
2025-06-15 19:42:36,033 | ERROR   | Solver failed | status=2 | SQP it=1000 | KKT=3.46e-08 | t=0.679s
2025-06-15 19:42:36,034 | ERROR   | Dump saved → debug_logs/fail/tick0098.json
2025-06-15 19:42:36,936 | ERROR   | Solver failed | status=2 | SQP it=1000 | KKT=6.27e-09 | t=0.673s
2025-06-15 19:42:36,937 | ERROR   | Dump saved → debug_logs/fail/tick0100.json
2025-06-15 19:42:37,879 | ERROR   | Solver failed | status=2 | SQP it=1000 | KKT=4.70e-12 | t=0.679s
2025-06-15 19:42:37,880 | ERROR   | Dump saved → debug_logs/fail/tick0102.json
2025-06-15 19:42:38,609 | ERROR   | Solver failed | status=2 | SQP it=1000 | KKT=3.39e-09 | t=0.702s
2025-06-15 19:42:38,610 | ERROR   | Dump saved → debug_logs/fail/tick0103.json
2025-06-15 19:42:39,278 | ERROR   | Solver failed | status=2 | SQP it=1000 | KKT=5.82e-08 | t=0.640s
2025-06-15 19:42:39,279 | ERROR   | Dump saved → debug_logs/fail/tick0104.json
2025-06-15 19:42:41,109 | ERROR   | Solver failed | status=2 | SQP it=1000 | KKT=2.51e-12 | t=0.624s
2025-06-15 19:42:41,111 | ERROR   | Dump saved → debug_logs/fail/tick0143.json
2025-06-15 19:42:41,764 | ERROR   | Solver failed | status=2 | SQP it=1000 | KKT=1.69e-10 | t=0.626s
2025-06-15 19:42:41,765 | ERROR   | Dump saved → debug_logs/fail/tick0144.json
2025-06-15 19:42:42,426 | ERROR   | Solver failed | status=2 | SQP it=1000 | KKT=4.45e-08 | t=0.635s
2025-06-15 19:42:42,427 | ERROR   | Dump saved → debug_logs/fail/tick0145.json
2025-06-15 19:42:43,177 | ERROR   | Solver failed | status=2 | SQP it=1000 | KKT=1.47e-12 | t=0.378s
2025-06-15 19:42:43,178 | ERROR   | Dump saved → debug_logs/fail/tick0150.json
2025-06-15 19:42:43,606 | ERROR   | Solver failed | status=2 | SQP it=1000 | KKT=2.07e-10 | t=0.401s
2025-06-15 19:42:43,608 | ERROR   | Dump saved → debug_logs/fail/tick0151.json
2025-06-15 19:42:44,264 | ERROR   | Solver failed | status=2 | SQP it=1000 | KKT=2.28e-12 | t=0.630s
2025-06-15 19:42:44,264 | ERROR   | Dump saved → debug_logs/fail/tick0152.json
2025-06-15 19:42:44,875 | ERROR   | Solver failed | status=2 | SQP it=1000 | KKT=9.16e-10 | t=0.585s
2025-06-15 19:42:44,875 | ERROR   | Dump saved → debug_logs/fail/tick0153.json
2025-06-15 19:42:45,345 | ERROR   | Solver failed | status=2 | SQP it=1000 | KKT=8.40e-08 | t=0.443s
2025-06-15 19:42:45,346 | ERROR   | Dump saved → debug_logs/fail/tick0154.json
2025-06-15 19:42:45,792 | ERROR   | Solver failed | status=2 | SQP it=1000 | KKT=1.72e-09 | t=0.417s
2025-06-15 19:42:45,794 | ERROR   | Dump saved → debug_logs/fail/tick0155.json
2025-06-15 19:42:46,226 | ERROR   | Solver failed | status=2 | SQP it=1000 | KKT=6.94e-10 | t=0.405s
2025-06-15 19:42:46,227 | ERROR   | Dump saved → debug_logs/fail/tick0156.json
2025-06-15 19:42:48,042 | ERROR   | Solver failed | status=2 | SQP it=1000 | KKT=8.30e-11 | t=0.721s
2025-06-15 19:42:48,043 | ERROR   | Dump saved → debug_logs/fail/tick0162.json
2025-06-15 19:42:48,556 | ERROR   | Solver failed | status=2 | SQP it=1000 | KKT=3.70e-08 | t=0.486s
2025-06-15 19:42:48,558 | ERROR   | Dump saved → debug_logs/fail/tick0163.json
2025-06-15 19:42:49,120 | ERROR   | Solver failed | status=2 | SQP it=1000 | KKT=1.14e-08 | t=0.536s
2025-06-15 19:42:49,120 | ERROR   | Dump saved → debug_logs/fail/tick0164.json
2025-06-15 19:42:54,388 | INFO    | ===== INITIAL STATE DUMP =====
2025-06-15 19:42:54,388 | DEBUG   | {
  "xcurrent": [
    0.9860761761665344,
    1.5443263053894043,
    0.08596974611282349,
    0.0,
    0.0,
    0.0
  ],
  "params": {
    "QC": 10,
    "QC_GATE": 100,
    "QL": 40,
    "MU": 10,
    "DVTHETA_MAX": 1.9,
    "N": 15,
    "T_HORIZON": 0.8,
    "RAMP_TIME": 1.8,
    "BARRIER_WEIGHT": 10,
    "TUNNEL_WIDTH": 0.5,
    "TUNNEL_WIDTH_GATE": 0.1,
    "NARROW_DIST": 1,
    "Q_OMEGA": 2,
    "R_VTHETA": 1.0,
    "IN_GATE_RAMP_TIME": 0.2,
    "OUT_GATE_RAMP_TIME": 0.5
  },
  "box_lims": {
    "vtheta_max": 1.9,
    "dvtheta_max": 1.9
  }
}
2025-06-15 19:42:57,903 | ERROR   | Solver failed | status=2 | SQP it=1000 | KKT=6.55e-12 | t=0.679s
2025-06-15 19:42:57,904 | ERROR   | Dump saved → debug_logs/fail/tick0104.json
2025-06-15 19:42:58,605 | ERROR   | Solver failed | status=2 | SQP it=1000 | KKT=1.61e-08 | t=0.675s
2025-06-15 19:42:58,606 | ERROR   | Dump saved → debug_logs/fail/tick0105.json
2025-06-15 19:42:59,297 | ERROR   | Solver failed | status=2 | SQP it=1000 | KKT=3.33e-08 | t=0.664s
2025-06-15 19:42:59,297 | ERROR   | Dump saved → debug_logs/fail/tick0106.json
2025-06-15 19:43:00,033 | ERROR   | Solver failed | status=2 | SQP it=1000 | KKT=1.07e-09 | t=0.708s
2025-06-15 19:43:00,033 | ERROR   | Dump saved → debug_logs/fail/tick0107.json
2025-06-15 19:43:06,981 | INFO    | ===== INITIAL STATE DUMP =====
2025-06-15 19:43:06,981 | DEBUG   | {
  "xcurrent": [
    1.0925215482711792,
    1.440057635307312,
    0.07758992910385132,
    0.0,
    0.0,
    0.0
  ],
  "params": {
    "QC": 10,
    "QC_GATE": 100,
    "QL": 40,
    "MU": 10,
    "DVTHETA_MAX": 1.9,
    "N": 15,
    "T_HORIZON": 0.8,
    "RAMP_TIME": 1.8,
    "BARRIER_WEIGHT": 10,
    "TUNNEL_WIDTH": 0.5,
    "TUNNEL_WIDTH_GATE": 0.1,
    "NARROW_DIST": 1,
    "Q_OMEGA": 2,
    "R_VTHETA": 1.0,
    "IN_GATE_RAMP_TIME": 0.2,
    "OUT_GATE_RAMP_TIME": 0.5
  },
  "box_lims": {
    "vtheta_max": 1.9,
    "dvtheta_max": 1.9
  }
}
2025-06-15 19:43:10,556 | ERROR   | Solver failed | status=2 | SQP it=1000 | KKT=2.82e-08 | t=0.663s
2025-06-15 19:43:10,557 | ERROR   | Dump saved → debug_logs/fail/tick0107.json
2025-06-15 19:43:17,447 | INFO    | ===== INITIAL STATE DUMP =====
2025-06-15 19:43:17,448 | DEBUG   | {
  "xcurrent": [
    1.0605591535568237,
    1.4901318550109863,
    0.08367947489023209,
    0.0,
    0.0,
    0.0
  ],
  "params": {
    "QC": 10,
    "QC_GATE": 100,
    "QL": 40,
    "MU": 10,
    "DVTHETA_MAX": 1.9,
    "N": 15,
    "T_HORIZON": 0.8,
    "RAMP_TIME": 1.8,
    "BARRIER_WEIGHT": 10,
    "TUNNEL_WIDTH": 0.5,
    "TUNNEL_WIDTH_GATE": 0.1,
    "NARROW_DIST": 1,
    "Q_OMEGA": 2,
    "R_VTHETA": 1.0,
    "IN_GATE_RAMP_TIME": 0.2,
    "OUT_GATE_RAMP_TIME": 0.5
  },
  "box_lims": {
    "vtheta_max": 1.9,
    "dvtheta_max": 1.9
  }
}
2025-06-15 19:43:26,850 | INFO    | ===== INITIAL STATE DUMP =====
2025-06-15 19:43:26,850 | DEBUG   | {
  "xcurrent": [
    1.0387691259384155,
    1.4477243423461914,
    0.0752732902765274,
    0.0,
    0.0,
    0.0
  ],
  "params": {
    "QC": 10,
    "QC_GATE": 100,
    "QL": 40,
    "MU": 10,
    "DVTHETA_MAX": 1.9,
    "N": 15,
    "T_HORIZON": 0.8,
    "RAMP_TIME": 1.8,
    "BARRIER_WEIGHT": 10,
    "TUNNEL_WIDTH": 0.5,
    "TUNNEL_WIDTH_GATE": 0.1,
    "NARROW_DIST": 1,
    "Q_OMEGA": 2,
    "R_VTHETA": 1.0,
    "IN_GATE_RAMP_TIME": 0.2,
    "OUT_GATE_RAMP_TIME": 0.5
  },
  "box_lims": {
    "vtheta_max": 1.9,
    "dvtheta_max": 1.9
  }
}
2025-06-15 19:43:30,751 | ERROR   | Solver failed | status=2 | SQP it=1000 | KKT=3.30e-08 | t=0.894s
2025-06-15 19:43:30,752 | ERROR   | Dump saved → debug_logs/fail/tick0110.json
2025-06-15 19:43:37,040 | INFO    | ===== INITIAL STATE DUMP =====
2025-06-15 19:43:37,040 | DEBUG   | {
  "xcurrent": [
    0.9359210729598999,
    1.5209099054336548,
    0.08334462344646454,
    0.0,
    0.0,
    0.0
  ],
  "params": {
    "QC": 10,
    "QC_GATE": 100,
    "QL": 40,
    "MU": 10,
    "DVTHETA_MAX": 1.9,
    "N": 15,
    "T_HORIZON": 0.8,
    "RAMP_TIME": 1.8,
    "BARRIER_WEIGHT": 10,
    "TUNNEL_WIDTH": 0.5,
    "TUNNEL_WIDTH_GATE": 0.1,
    "NARROW_DIST": 1,
    "Q_OMEGA": 2,
    "R_VTHETA": 1.0,
    "IN_GATE_RAMP_TIME": 0.2,
    "OUT_GATE_RAMP_TIME": 0.5
  },
  "box_lims": {
    "vtheta_max": 1.9,
    "dvtheta_max": 1.9
  }
}
2025-06-15 19:43:40,615 | ERROR   | Solver failed | status=2 | SQP it=1000 | KKT=8.24e-12 | t=0.660s
2025-06-15 19:43:40,616 | ERROR   | Dump saved → debug_logs/fail/tick0107.json
2025-06-15 19:43:47,252 | INFO    | ===== INITIAL STATE DUMP =====
2025-06-15 19:43:47,252 | DEBUG   | {
  "xcurrent": [
    0.9153900146484375,
    1.4837255477905273,
    0.07513928413391113,
    0.0,
    0.0,
    0.0
  ],
  "params": {
    "QC": 10,
    "QC_GATE": 100,
    "QL": 40,
    "MU": 10,
    "DVTHETA_MAX": 1.9,
    "N": 15,
    "T_HORIZON": 0.8,
    "RAMP_TIME": 1.8,
    "BARRIER_WEIGHT": 10,
    "TUNNEL_WIDTH": 0.5,
    "TUNNEL_WIDTH_GATE": 0.1,
    "NARROW_DIST": 1,
    "Q_OMEGA": 2,
    "R_VTHETA": 1.0,
    "IN_GATE_RAMP_TIME": 0.2,
    "OUT_GATE_RAMP_TIME": 0.5
  },
  "box_lims": {
    "vtheta_max": 1.9,
    "dvtheta_max": 1.9
  }
}
2025-06-15 19:43:57,091 | INFO    | ===== INITIAL STATE DUMP =====
2025-06-15 19:43:57,092 | DEBUG   | {
  "xcurrent": [
    0.9382601380348206,
    1.45787513256073,
    0.0807427316904068,
    0.0,
    0.0,
    0.0
  ],
  "params": {
    "QC": 10,
    "QC_GATE": 100,
    "QL": 40,
    "MU": 10,
    "DVTHETA_MAX": 1.9,
    "N": 15,
    "T_HORIZON": 0.8,
    "RAMP_TIME": 1.8,
    "BARRIER_WEIGHT": 10,
    "TUNNEL_WIDTH": 0.5,
    "TUNNEL_WIDTH_GATE": 0.1,
    "NARROW_DIST": 1,
    "Q_OMEGA": 2,
    "R_VTHETA": 1.0,
    "IN_GATE_RAMP_TIME": 0.2,
    "OUT_GATE_RAMP_TIME": 0.5
  },
  "box_lims": {
    "vtheta_max": 1.9,
    "dvtheta_max": 1.9
  }
}
2025-06-15 19:44:06,778 | INFO    | ===== INITIAL STATE DUMP =====
2025-06-15 19:44:06,778 | DEBUG   | {
  "xcurrent": [
    1.0372892618179321,
    1.5849205255508423,
    0.08331948518753052,
    0.0,
    0.0,
    0.0
  ],
  "params": {
    "QC": 10,
    "QC_GATE": 100,
    "QL": 40,
    "MU": 10,
    "DVTHETA_MAX": 1.9,
    "N": 15,
    "T_HORIZON": 0.8,
    "RAMP_TIME": 1.8,
    "BARRIER_WEIGHT": 10,
    "TUNNEL_WIDTH": 0.5,
    "TUNNEL_WIDTH_GATE": 0.1,
    "NARROW_DIST": 1,
    "Q_OMEGA": 2,
    "R_VTHETA": 1.0,
    "IN_GATE_RAMP_TIME": 0.2,
    "OUT_GATE_RAMP_TIME": 0.5
  },
  "box_lims": {
    "vtheta_max": 1.9,
    "dvtheta_max": 1.9
  }
}
2025-06-15 19:44:10,621 | INFO    | ===== INITIAL STATE DUMP =====
2025-06-15 19:44:10,622 | DEBUG   | {
  "xcurrent": [
    1.084847331047058,
    1.4205355644226074,
    0.07546750456094742,
    0.0,
    0.0,
    0.0
  ],
  "params": {
    "QC": 10,
    "QC_GATE": 100,
    "QL": 40,
    "MU": 10,
    "DVTHETA_MAX": 1.9,
    "N": 15,
    "T_HORIZON": 0.8,
    "RAMP_TIME": 1.8,
    "BARRIER_WEIGHT": 10,
    "TUNNEL_WIDTH": 0.5,
    "TUNNEL_WIDTH_GATE": 0.1,
    "NARROW_DIST": 1,
    "Q_OMEGA": 2,
    "R_VTHETA": 1.0,
    "IN_GATE_RAMP_TIME": 0.2,
    "OUT_GATE_RAMP_TIME": 0.5
  },
  "box_lims": {
    "vtheta_max": 1.9,
    "dvtheta_max": 1.9
  }
}
2025-06-15 19:44:11,216 | ERROR   | Solver failed | status=2 | SQP it=1000 | KKT=4.05e-08 | t=0.203s
2025-06-15 19:44:11,216 | ERROR   | Dump saved → debug_logs/fail/tick0015.json
2025-06-15 19:44:14,614 | ERROR   | Solver failed | status=2 | SQP it=1000 | KKT=1.75e-12 | t=0.858s
2025-06-15 19:44:14,614 | ERROR   | Dump saved → debug_logs/fail/tick0109.json
2025-06-15 19:44:15,333 | ERROR   | Solver failed | status=2 | SQP it=1000 | KKT=8.17e-08 | t=0.691s
2025-06-15 19:44:15,333 | ERROR   | Dump saved → debug_logs/fail/tick0110.json
2025-06-15 19:44:19,633 | INFO    | ===== INITIAL STATE DUMP =====
2025-06-15 19:44:19,634 | DEBUG   | {
  "xcurrent": [
    0.9994813203811646,
    1.4419769048690796,
    0.07916706055402756,
    0.0,
    0.0,
    0.0
  ],
  "params": {
    "QC": 10,
    "QC_GATE": 100,
    "QL": 40,
    "MU": 10,
    "DVTHETA_MAX": 1.9,
    "N": 15,
    "T_HORIZON": 0.8,
    "RAMP_TIME": 1.8,
    "BARRIER_WEIGHT": 10,
    "TUNNEL_WIDTH": 0.5,
    "TUNNEL_WIDTH_GATE": 0.1,
    "NARROW_DIST": 1,
    "Q_OMEGA": 2,
    "R_VTHETA": 1.0,
    "IN_GATE_RAMP_TIME": 0.2,
    "OUT_GATE_RAMP_TIME": 0.5
  },
  "box_lims": {
    "vtheta_max": 1.9,
    "dvtheta_max": 1.9
  }
}
2025-06-15 19:44:29,085 | INFO    | ===== INITIAL STATE DUMP =====
2025-06-15 19:44:29,085 | DEBUG   | {
  "xcurrent": [
    1.0181487798690796,
    1.4212652444839478,
    0.07181208580732346,
    0.0,
    0.0,
    0.0
  ],
  "params": {
    "QC": 10,
    "QC_GATE": 100,
    "QL": 40,
    "MU": 10,
    "DVTHETA_MAX": 1.9,
    "N": 15,
    "T_HORIZON": 0.8,
    "RAMP_TIME": 1.8,
    "BARRIER_WEIGHT": 10,
    "TUNNEL_WIDTH": 0.5,
    "TUNNEL_WIDTH_GATE": 0.1,
    "NARROW_DIST": 1,
    "Q_OMEGA": 2,
    "R_VTHETA": 1.0,
    "IN_GATE_RAMP_TIME": 0.2,
    "OUT_GATE_RAMP_TIME": 0.5
  },
  "box_lims": {
    "vtheta_max": 1.9,
    "dvtheta_max": 1.9
  }
}
2025-06-15 19:44:31,910 | ERROR   | Solver failed | status=4 | SQP it=79 | KKT=1.79e-11 | t=0.055s
2025-06-15 19:44:31,911 | ERROR   | Dump saved → debug_logs/fail/tick0103.json
2025-06-15 19:44:31,940 | ERROR   | Solver failed | status=4 | SQP it=1 | KKT=1.14e+02 | t=0.002s
2025-06-15 19:44:31,940 | ERROR   | Dump saved → debug_logs/fail/tick0104.json
2025-06-15 19:44:32,668 | ERROR   | Solver failed | status=2 | SQP it=1000 | KKT=1.97e-08 | t=0.701s
2025-06-15 19:44:32,669 | ERROR   | Dump saved → debug_logs/fail/tick0105.json
2025-06-15 19:44:39,110 | INFO    | ===== INITIAL STATE DUMP =====
2025-06-15 19:44:39,110 | DEBUG   | {
  "xcurrent": [
    0.9522470235824585,
    1.571743130683899,
    0.08052623271942139,
    0.0,
    0.0,
    0.0
  ],
  "params": {
    "QC": 10,
    "QC_GATE": 100,
    "QL": 40,
    "MU": 10,
    "DVTHETA_MAX": 1.9,
    "N": 15,
    "T_HORIZON": 0.8,
    "RAMP_TIME": 1.8,
    "BARRIER_WEIGHT": 10,
    "TUNNEL_WIDTH": 0.5,
    "TUNNEL_WIDTH_GATE": 0.1,
    "NARROW_DIST": 1,
    "Q_OMEGA": 2,
    "R_VTHETA": 1.0,
    "IN_GATE_RAMP_TIME": 0.2,
    "OUT_GATE_RAMP_TIME": 0.5
  },
  "box_lims": {
    "vtheta_max": 1.9,
    "dvtheta_max": 1.9
  }
}
2025-06-15 19:45:09,238 | ERROR   | Solver failed | status=2 | SQP it=1000 | KKT=1.14e-09 | t=0.867s
2025-06-15 19:45:09,239 | ERROR   | Dump saved → debug_logs/fail/tick0108.json
2025-06-15 19:45:25,532 | INFO    | ===== INITIAL STATE DUMP =====
2025-06-15 19:45:25,532 | DEBUG   | {
  "xcurrent": [
    0.9082766175270081,
    1.4127384424209595,
    0.07556307315826416,
    0.0,
    0.0,
    0.0
  ],
  "params": {
    "QC": 10,
    "QC_GATE": 100,
    "QL": 40,
    "MU": 10,
    "DVTHETA_MAX": 1.9,
    "N": 15,
    "T_HORIZON": 0.8,
    "RAMP_TIME": 1.8,
    "BARRIER_WEIGHT": 10,
    "TUNNEL_WIDTH": 0.5,
    "TUNNEL_WIDTH_GATE": 0.1,
    "NARROW_DIST": 1,
    "Q_OMEGA": 2,
    "R_VTHETA": 1.0,
    "IN_GATE_RAMP_TIME": 0.2,
    "OUT_GATE_RAMP_TIME": 0.5
  },
  "box_lims": {
    "vtheta_max": 1.9,
    "dvtheta_max": 1.9
  }
}
2025-06-15 19:45:29,126 | ERROR   | Solver failed | status=2 | SQP it=1000 | KKT=8.43e-08 | t=0.765s
2025-06-15 19:45:29,127 | ERROR   | Dump saved → debug_logs/fail/tick0105.json
2025-06-15 19:45:30,035 | ERROR   | Solver failed | status=2 | SQP it=1000 | KKT=3.07e-12 | t=0.883s
2025-06-15 19:45:30,035 | ERROR   | Dump saved → debug_logs/fail/tick0106.json
2025-06-15 19:45:30,924 | ERROR   | Solver failed | status=2 | SQP it=1000 | KKT=1.78e-12 | t=0.862s
2025-06-15 19:45:30,925 | ERROR   | Dump saved → debug_logs/fail/tick0107.json
2025-06-15 19:45:37,574 | INFO    | ===== INITIAL STATE DUMP =====
2025-06-15 19:45:37,574 | DEBUG   | {
  "xcurrent": [
    0.9377689957618713,
    1.546278715133667,
    0.07634329050779343,
    0.0,
    0.0,
    0.0
  ],
  "params": {
    "QC": 10,
    "QC_GATE": 100,
    "QL": 40,
    "MU": 10,
    "DVTHETA_MAX": 1.9,
    "N": 15,
    "T_HORIZON": 0.8,
    "RAMP_TIME": 1.8,
    "BARRIER_WEIGHT": 10,
    "TUNNEL_WIDTH": 0.5,
    "TUNNEL_WIDTH_GATE": 0.1,
    "NARROW_DIST": 1,
    "Q_OMEGA": 2,
    "R_VTHETA": 1.0,
    "IN_GATE_RAMP_TIME": 0.2,
    "OUT_GATE_RAMP_TIME": 0.5
  },
  "box_lims": {
    "vtheta_max": 1.9,
    "dvtheta_max": 1.9
  }
}
2025-06-15 19:45:47,769 | INFO    | ===== INITIAL STATE DUMP =====
2025-06-15 19:45:47,770 | DEBUG   | {
  "xcurrent": [
    1.0333657264709473,
    1.5598275661468506,
    0.08832994103431702,
    0.0,
    0.0,
    0.0
  ],
  "params": {
    "QC": 10,
    "QC_GATE": 100,
    "QL": 40,
    "MU": 10,
    "DVTHETA_MAX": 1.9,
    "N": 15,
    "T_HORIZON": 0.8,
    "RAMP_TIME": 1.8,
    "BARRIER_WEIGHT": 10,
    "TUNNEL_WIDTH": 0.5,
    "TUNNEL_WIDTH_GATE": 0.1,
    "NARROW_DIST": 1,
    "Q_OMEGA": 2,
    "R_VTHETA": 1.0,
    "IN_GATE_RAMP_TIME": 0.2,
    "OUT_GATE_RAMP_TIME": 0.5
  },
  "box_lims": {
    "vtheta_max": 1.9,
    "dvtheta_max": 1.9
  }
}
2025-06-15 19:45:51,644 | INFO    | ===== INITIAL STATE DUMP =====
2025-06-15 19:45:51,644 | DEBUG   | {
  "xcurrent": [
    0.9040015339851379,
    1.4591461420059204,
    0.0791078433394432,
    0.0,
    0.0,
    0.0
  ],
  "params": {
    "QC": 10,
    "QC_GATE": 100,
    "QL": 40,
    "MU": 10,
    "DVTHETA_MAX": 1.9,
    "N": 15,
    "T_HORIZON": 0.8,
    "RAMP_TIME": 1.8,
    "BARRIER_WEIGHT": 10,
    "TUNNEL_WIDTH": 0.5,
    "TUNNEL_WIDTH_GATE": 0.1,
    "NARROW_DIST": 1,
    "Q_OMEGA": 2,
    "R_VTHETA": 1.0,
    "IN_GATE_RAMP_TIME": 0.2,
    "OUT_GATE_RAMP_TIME": 0.5
  },
  "box_lims": {
    "vtheta_max": 1.9,
    "dvtheta_max": 1.9
  }
}
2025-06-15 19:46:00,752 | INFO    | ===== INITIAL STATE DUMP =====
2025-06-15 19:46:00,753 | DEBUG   | {
  "xcurrent": [
    0.9035691022872925,
    1.5950185060501099,
    0.08830643445253372,
    0.0,
    0.0,
    0.0
  ],
  "params": {
    "QC": 10,
    "QC_GATE": 100,
    "QL": 40,
    "MU": 10,
    "DVTHETA_MAX": 1.9,
    "N": 15,
    "T_HORIZON": 0.8,
    "RAMP_TIME": 1.8,
    "BARRIER_WEIGHT": 10,
    "TUNNEL_WIDTH": 0.5,
    "TUNNEL_WIDTH_GATE": 0.1,
    "NARROW_DIST": 1,
    "Q_OMEGA": 2,
    "R_VTHETA": 1.0,
    "IN_GATE_RAMP_TIME": 0.2,
    "OUT_GATE_RAMP_TIME": 0.5
  },
  "box_lims": {
    "vtheta_max": 1.9,
    "dvtheta_max": 1.9
  }
}
2025-06-15 19:46:04,461 | ERROR   | Solver failed | status=2 | SQP it=1000 | KKT=4.49e-12 | t=0.422s
2025-06-15 19:46:04,463 | ERROR   | Dump saved → debug_logs/fail/tick0120.json
2025-06-15 19:46:10,547 | INFO    | ===== INITIAL STATE DUMP =====
2025-06-15 19:46:10,547 | DEBUG   | {
  "xcurrent": [
    1.070275068283081,
    1.4780679941177368,
    0.07328830659389496,
    0.0,
    0.0,
    0.0
  ],
  "params": {
    "QC": 10,
    "QC_GATE": 100,
    "QL": 40,
    "MU": 10,
    "DVTHETA_MAX": 1.9,
    "N": 15,
    "T_HORIZON": 0.8,
    "RAMP_TIME": 1.8,
    "BARRIER_WEIGHT": 10,
    "TUNNEL_WIDTH": 0.5,
    "TUNNEL_WIDTH_GATE": 0.1,
    "NARROW_DIST": 1,
    "Q_OMEGA": 2,
    "R_VTHETA": 1.0,
    "IN_GATE_RAMP_TIME": 0.2,
    "OUT_GATE_RAMP_TIME": 0.5
  },
  "box_lims": {
    "vtheta_max": 1.9,
    "dvtheta_max": 1.9
  }
}
2025-06-15 19:46:19,180 | INFO    | ===== INITIAL STATE DUMP =====
2025-06-15 19:46:19,180 | DEBUG   | {
  "xcurrent": [
    1.0449271202087402,
    1.430054783821106,
    0.07034166902303696,
    0.0,
    0.0,
    0.0
  ],
  "params": {
    "QC": 10,
    "QC_GATE": 100,
    "QL": 40,
    "MU": 10,
    "DVTHETA_MAX": 1.9,
    "N": 15,
    "T_HORIZON": 0.8,
    "RAMP_TIME": 1.8,
    "BARRIER_WEIGHT": 10,
    "TUNNEL_WIDTH": 0.5,
    "TUNNEL_WIDTH_GATE": 0.1,
    "NARROW_DIST": 1,
    "Q_OMEGA": 2,
    "R_VTHETA": 1.0,
    "IN_GATE_RAMP_TIME": 0.2,
    "OUT_GATE_RAMP_TIME": 0.5
  },
  "box_lims": {
    "vtheta_max": 1.9,
    "dvtheta_max": 1.9
  }
}
2025-06-15 19:46:28,627 | INFO    | ===== INITIAL STATE DUMP =====
2025-06-15 19:46:28,627 | DEBUG   | {
  "xcurrent": [
    1.0094739198684692,
    1.5837042331695557,
    0.0859719067811966,
    0.0,
    0.0,
    0.0
  ],
  "params": {
    "QC": 10,
    "QC_GATE": 100,
    "QL": 40,
    "MU": 10,
    "DVTHETA_MAX": 1.9,
    "N": 15,
    "T_HORIZON": 0.8,
    "RAMP_TIME": 1.8,
    "BARRIER_WEIGHT": 10,
    "TUNNEL_WIDTH": 0.5,
    "TUNNEL_WIDTH_GATE": 0.1,
    "NARROW_DIST": 1,
    "Q_OMEGA": 2,
    "R_VTHETA": 1.0,
    "IN_GATE_RAMP_TIME": 0.2,
    "OUT_GATE_RAMP_TIME": 0.5
  },
  "box_lims": {
    "vtheta_max": 1.9,
    "dvtheta_max": 1.9
  }
}
