2025-06-28 17:28:54,665 | INFO    | ===== INITIAL STATE DUMP =====
2025-06-28 17:28:54,665 | DEBUG   | {
  "xcurrent": [
    1.089695930480957,
    1.4088244438171387,
    0.08456537127494812,
    0.0,
    0.0,
    0.0
  ],
  "params": {
    "QC": 10,
    "QC_GATE": 50,
    "QL": 40,
    "MU": 10,
    "DVTHETA_MAX": 1.6,
    "N": 25,
    "T_HORIZON": 0.8,
    "RAMP_TIME": 0.7,
    "BARRIER_WEIGHT": 10,
    "OBSTACLE_WEIGHT": [
      20,
      150,
      80,
      10
    ],
    "OBSTACLE_RADIUS": 0.2,
    "TUNNEL_WIDTH": 0.4,
    "TUNNEL_WIDTH_GATE": 0.2,
    "NARROW_DIST": 0.5,
    "GATE_FLAT_DIST": 0.3,
    "Q_OMEGA": 2,
    "R_VTHETA": 1.0,
    "REG_THRUST": 0.01,
    "REG_INPUTS": 0.01
  },
  "box_lims": {
    "vtheta_max": 1.6,
    "dvtheta_max": 1.6
  }
}
2025-06-28 17:29:00,388 | ERROR   | Solver failed | status=4 | SQP it=3 | KKT=3.77e-01 | t=0.003s
2025-06-28 17:29:00,389 | ERROR   | Dump saved → debug_logs/fail/tick0084.json
2025-06-28 17:29:00,422 | ERROR   | Solver failed | status=4 | SQP it=3 | KKT=1.18e+00 | t=0.004s
2025-06-28 17:29:00,423 | ERROR   | Dump saved → debug_logs/fail/tick0085.json
2025-06-28 17:29:00,453 | ERROR   | Solver failed | status=4 | SQP it=1 | KKT=1.81e+00 | t=0.002s
2025-06-28 17:29:00,454 | ERROR   | Dump saved → debug_logs/fail/tick0086.json
2025-06-28 17:29:00,494 | ERROR   | Solver failed | status=4 | SQP it=12 | KKT=2.75e-08 | t=0.012s
2025-06-28 17:29:00,496 | ERROR   | Dump saved → debug_logs/fail/tick0087.json
2025-06-28 17:29:00,536 | ERROR   | Solver failed | status=4 | SQP it=8 | KKT=2.12e-09 | t=0.012s
2025-06-28 17:29:00,537 | ERROR   | Dump saved → debug_logs/fail/tick0088.json
2025-06-28 17:29:00,573 | ERROR   | Solver failed | status=4 | SQP it=8 | KKT=1.36e-14 | t=0.008s
2025-06-28 17:29:00,575 | ERROR   | Dump saved → debug_logs/fail/tick0089.json
2025-06-28 17:29:00,607 | ERROR   | Solver failed | status=4 | SQP it=1 | KKT=1.32e+01 | t=0.002s
2025-06-28 17:29:00,607 | ERROR   | Dump saved → debug_logs/fail/tick0090.json
2025-06-28 17:29:00,659 | ERROR   | Solver failed | status=4 | SQP it=16 | KKT=1.79e-08 | t=0.024s
2025-06-28 17:29:00,660 | ERROR   | Dump saved → debug_logs/fail/tick0091.json
2025-06-28 17:29:03,132 | ERROR   | Solver failed | status=2 | SQP it=1000 | KKT=2.51e-10 | t=1.430s
2025-06-28 17:29:03,133 | ERROR   | Dump saved → debug_logs/fail/tick0092.json
2025-06-28 17:29:04,571 | ERROR   | Solver failed | status=2 | SQP it=1000 | KKT=8.90e-08 | t=1.400s
2025-06-28 17:29:04,572 | ERROR   | Dump saved → debug_logs/fail/tick0093.json
2025-06-28 17:29:06,132 | ERROR   | Solver failed | status=2 | SQP it=1000 | KKT=8.96e-08 | t=1.517s
2025-06-28 17:29:06,133 | ERROR   | Dump saved → debug_logs/fail/tick0094.json
2025-06-28 17:29:07,731 | ERROR   | Solver failed | status=2 | SQP it=1000 | KKT=1.57e-09 | t=1.558s
2025-06-28 17:29:07,733 | ERROR   | Dump saved → debug_logs/fail/tick0095.json
2025-06-28 17:29:09,289 | ERROR   | Solver failed | status=2 | SQP it=1000 | KKT=7.92e-11 | t=1.518s
2025-06-28 17:29:09,290 | ERROR   | Dump saved → debug_logs/fail/tick0096.json
2025-06-28 17:29:10,964 | ERROR   | Solver failed | status=2 | SQP it=1000 | KKT=5.61e-13 | t=1.635s
2025-06-28 17:29:10,966 | ERROR   | Dump saved → debug_logs/fail/tick0097.json
2025-06-28 17:29:12,550 | ERROR   | Solver failed | status=2 | SQP it=1000 | KKT=1.29e-08 | t=1.547s
2025-06-28 17:29:12,552 | ERROR   | Dump saved → debug_logs/fail/tick0098.json
2025-06-28 17:29:14,090 | ERROR   | Solver failed | status=2 | SQP it=1000 | KKT=2.85e-08 | t=1.499s
2025-06-28 17:29:14,093 | ERROR   | Dump saved → debug_logs/fail/tick0099.json
