2025-06-29 15:59:27,175 | INFO    | ===== INITIAL STATE DUMP =====
2025-06-29 15:59:27,175 | DEBUG   | {
  "xcurrent": [
    1.089695930480957,
    1.4088244438171387,
    0.08456537127494812,
    0.0,
    0.0,
    0.0
  ],
  "params": {
    "QC": 10,
    "QC_GATE": 50,
    "QL": 40,
    "MU": 10,
    "DVTHETA_MAX": 1.7,
    "N": 20,
    "T_HORIZON": 1.0,
    "RAMP_TIME": 1.8,
    "BARRIER_WEIGHT": 10,
    "TUNNEL_WIDTH": 0.4,
    "TUNNEL_WIDTH_GATE": 0.15,
    "NARROW_DIST": 0.7,
    "GATE_FLAT_DIST": 0.2,
    "Q_OMEGA": 2,
    "R_VTHETA": 1.0,
    "IN_GATE_RAMP_TIME": 0.3,
    "OUT_GATE_RAMP_TIME": 0.5,
    "REG_THRUST": 0.018,
    "REG_INPUTS": 0.1
  },
  "box_lims": {
    "vtheta_max": 1.7,
    "dvtheta_max": 1.7
  }
}
2025-06-29 15:59:31,742 | ERROR   | Solver failed | status=4 | SQP it=31 | KKT=7.60e-10 | t=0.029s
2025-06-29 15:59:31,742 | ERROR   | Dump saved → debug_logs/fail/tick0112.json
2025-06-29 15:59:31,770 | ERROR   | Solver failed | status=4 | SQP it=1 | KKT=7.36e+02 | t=0.001s
2025-06-29 15:59:31,771 | ERROR   | Dump saved → debug_logs/fail/tick0113.json
2025-06-29 15:59:31,963 | ERROR   | Solver failed | status=1 | SQP it=154 | KKT=6.05e-12 | t=0.167s
2025-06-29 15:59:31,964 | ERROR   | Dump saved → debug_logs/fail/tick0114.json
2025-06-29 15:59:31,993 | ERROR   | Solver failed | status=1 | SQP it=0 | KKT=nan | t=0.000s
2025-06-29 15:59:31,994 | ERROR   | Dump saved → debug_logs/fail/tick0115.json
2025-06-29 15:59:32,019 | ERROR   | Solver failed | status=1 | SQP it=0 | KKT=nan | t=0.000s
2025-06-29 15:59:32,019 | ERROR   | Dump saved → debug_logs/fail/tick0116.json
2025-06-29 15:59:32,044 | ERROR   | Solver failed | status=1 | SQP it=0 | KKT=nan | t=0.000s
2025-06-29 15:59:32,044 | ERROR   | Dump saved → debug_logs/fail/tick0117.json
2025-06-29 15:59:32,068 | ERROR   | Solver failed | status=1 | SQP it=0 | KKT=nan | t=0.000s
2025-06-29 15:59:32,069 | ERROR   | Dump saved → debug_logs/fail/tick0118.json
2025-06-29 15:59:32,093 | ERROR   | Solver failed | status=1 | SQP it=0 | KKT=nan | t=0.000s
2025-06-29 15:59:32,094 | ERROR   | Dump saved → debug_logs/fail/tick0119.json
2025-06-29 15:59:32,119 | ERROR   | Solver failed | status=1 | SQP it=0 | KKT=nan | t=0.000s
2025-06-29 15:59:32,120 | ERROR   | Dump saved → debug_logs/fail/tick0120.json
2025-06-29 15:59:32,146 | ERROR   | Solver failed | status=1 | SQP it=0 | KKT=nan | t=0.000s
2025-06-29 15:59:32,147 | ERROR   | Dump saved → debug_logs/fail/tick0121.json
2025-06-29 15:59:32,174 | ERROR   | Solver failed | status=1 | SQP it=0 | KKT=nan | t=0.000s
2025-06-29 15:59:32,175 | ERROR   | Dump saved → debug_logs/fail/tick0122.json
2025-06-29 15:59:32,198 | ERROR   | Solver failed | status=1 | SQP it=0 | KKT=nan | t=0.000s
2025-06-29 15:59:32,199 | ERROR   | Dump saved → debug_logs/fail/tick0123.json
2025-06-29 15:59:32,223 | ERROR   | Solver failed | status=1 | SQP it=0 | KKT=nan | t=0.000s
2025-06-29 15:59:32,223 | ERROR   | Dump saved → debug_logs/fail/tick0124.json
2025-06-29 15:59:32,247 | ERROR   | Solver failed | status=1 | SQP it=0 | KKT=nan | t=0.000s
2025-06-29 15:59:32,248 | ERROR   | Dump saved → debug_logs/fail/tick0125.json
2025-06-29 15:59:32,271 | ERROR   | Solver failed | status=1 | SQP it=0 | KKT=nan | t=0.000s
2025-06-29 15:59:32,272 | ERROR   | Dump saved → debug_logs/fail/tick0126.json
2025-06-29 15:59:32,296 | ERROR   | Solver failed | status=1 | SQP it=0 | KKT=nan | t=0.000s
2025-06-29 15:59:32,296 | ERROR   | Dump saved → debug_logs/fail/tick0127.json
2025-06-29 15:59:32,320 | ERROR   | Solver failed | status=1 | SQP it=0 | KKT=nan | t=0.000s
2025-06-29 15:59:32,321 | ERROR   | Dump saved → debug_logs/fail/tick0128.json
2025-06-29 15:59:32,346 | ERROR   | Solver failed | status=1 | SQP it=0 | KKT=nan | t=0.000s
2025-06-29 15:59:32,346 | ERROR   | Dump saved → debug_logs/fail/tick0129.json
2025-06-29 15:59:32,370 | ERROR   | Solver failed | status=1 | SQP it=0 | KKT=nan | t=0.000s
2025-06-29 15:59:32,371 | ERROR   | Dump saved → debug_logs/fail/tick0130.json
2025-06-29 15:59:32,396 | ERROR   | Solver failed | status=1 | SQP it=0 | KKT=nan | t=0.000s
2025-06-29 15:59:32,397 | ERROR   | Dump saved → debug_logs/fail/tick0131.json
2025-06-29 15:59:32,422 | ERROR   | Solver failed | status=1 | SQP it=0 | KKT=nan | t=0.000s
2025-06-29 15:59:32,423 | ERROR   | Dump saved → debug_logs/fail/tick0132.json
2025-06-29 15:59:32,447 | ERROR   | Solver failed | status=1 | SQP it=0 | KKT=nan | t=0.000s
2025-06-29 15:59:32,448 | ERROR   | Dump saved → debug_logs/fail/tick0133.json
2025-06-29 15:59:32,474 | ERROR   | Solver failed | status=1 | SQP it=0 | KKT=nan | t=0.000s
2025-06-29 15:59:32,474 | ERROR   | Dump saved → debug_logs/fail/tick0134.json
2025-06-29 15:59:32,499 | ERROR   | Solver failed | status=1 | SQP it=0 | KKT=nan | t=0.000s
2025-06-29 15:59:32,500 | ERROR   | Dump saved → debug_logs/fail/tick0135.json
2025-06-29 15:59:32,528 | ERROR   | Solver failed | status=1 | SQP it=0 | KKT=nan | t=0.000s
2025-06-29 15:59:32,529 | ERROR   | Dump saved → debug_logs/fail/tick0136.json
2025-06-29 15:59:32,554 | ERROR   | Solver failed | status=1 | SQP it=0 | KKT=nan | t=0.000s
2025-06-29 15:59:32,555 | ERROR   | Dump saved → debug_logs/fail/tick0137.json
2025-06-29 15:59:32,582 | ERROR   | Solver failed | status=1 | SQP it=0 | KKT=nan | t=0.000s
2025-06-29 15:59:32,582 | ERROR   | Dump saved → debug_logs/fail/tick0138.json
2025-06-29 15:59:32,611 | ERROR   | Solver failed | status=1 | SQP it=0 | KKT=nan | t=0.000s
2025-06-29 15:59:32,612 | ERROR   | Dump saved → debug_logs/fail/tick0139.json
2025-06-29 15:59:32,637 | ERROR   | Solver failed | status=1 | SQP it=0 | KKT=nan | t=0.000s
2025-06-29 15:59:32,638 | ERROR   | Dump saved → debug_logs/fail/tick0140.json
2025-06-29 15:59:32,662 | ERROR   | Solver failed | status=1 | SQP it=0 | KKT=nan | t=0.000s
2025-06-29 15:59:32,663 | ERROR   | Dump saved → debug_logs/fail/tick0141.json
2025-06-29 15:59:32,686 | ERROR   | Solver failed | status=1 | SQP it=0 | KKT=nan | t=0.000s
2025-06-29 15:59:32,687 | ERROR   | Dump saved → debug_logs/fail/tick0142.json
2025-06-29 15:59:32,711 | ERROR   | Solver failed | status=1 | SQP it=0 | KKT=nan | t=0.000s
2025-06-29 15:59:32,712 | ERROR   | Dump saved → debug_logs/fail/tick0143.json
2025-06-29 15:59:32,736 | ERROR   | Solver failed | status=1 | SQP it=0 | KKT=nan | t=0.000s
2025-06-29 15:59:32,737 | ERROR   | Dump saved → debug_logs/fail/tick0144.json
2025-06-29 15:59:32,760 | ERROR   | Solver failed | status=1 | SQP it=0 | KKT=nan | t=0.000s
2025-06-29 15:59:32,761 | ERROR   | Dump saved → debug_logs/fail/tick0145.json
2025-06-29 15:59:32,785 | ERROR   | Solver failed | status=1 | SQP it=0 | KKT=nan | t=0.000s
2025-06-29 15:59:32,786 | ERROR   | Dump saved → debug_logs/fail/tick0146.json
2025-06-29 15:59:32,812 | ERROR   | Solver failed | status=1 | SQP it=0 | KKT=nan | t=0.000s
2025-06-29 15:59:32,812 | ERROR   | Dump saved → debug_logs/fail/tick0147.json
2025-06-29 15:59:32,836 | ERROR   | Solver failed | status=1 | SQP it=0 | KKT=nan | t=0.000s
2025-06-29 15:59:32,837 | ERROR   | Dump saved → debug_logs/fail/tick0148.json
2025-06-29 15:59:32,862 | ERROR   | Solver failed | status=1 | SQP it=0 | KKT=nan | t=0.000s
2025-06-29 15:59:32,862 | ERROR   | Dump saved → debug_logs/fail/tick0149.json
2025-06-29 15:59:32,887 | ERROR   | Solver failed | status=1 | SQP it=0 | KKT=nan | t=0.000s
2025-06-29 15:59:32,888 | ERROR   | Dump saved → debug_logs/fail/tick0150.json
2025-06-29 15:59:32,913 | ERROR   | Solver failed | status=1 | SQP it=0 | KKT=nan | t=0.000s
2025-06-29 15:59:32,914 | ERROR   | Dump saved → debug_logs/fail/tick0151.json
2025-06-29 15:59:32,940 | ERROR   | Solver failed | status=1 | SQP it=0 | KKT=nan | t=0.000s
2025-06-29 15:59:32,941 | ERROR   | Dump saved → debug_logs/fail/tick0152.json
2025-06-29 15:59:32,966 | ERROR   | Solver failed | status=1 | SQP it=0 | KKT=nan | t=0.000s
2025-06-29 15:59:32,967 | ERROR   | Dump saved → debug_logs/fail/tick0153.json
2025-06-29 15:59:32,993 | ERROR   | Solver failed | status=1 | SQP it=0 | KKT=nan | t=0.000s
2025-06-29 15:59:32,993 | ERROR   | Dump saved → debug_logs/fail/tick0154.json
2025-06-29 15:59:33,019 | ERROR   | Solver failed | status=1 | SQP it=0 | KKT=nan | t=0.000s
2025-06-29 15:59:33,020 | ERROR   | Dump saved → debug_logs/fail/tick0155.json
2025-06-29 15:59:33,048 | ERROR   | Solver failed | status=1 | SQP it=0 | KKT=nan | t=0.000s
2025-06-29 15:59:33,048 | ERROR   | Dump saved → debug_logs/fail/tick0156.json
2025-06-29 15:59:33,078 | ERROR   | Solver failed | status=1 | SQP it=0 | KKT=nan | t=0.000s
2025-06-29 15:59:33,078 | ERROR   | Dump saved → debug_logs/fail/tick0157.json
2025-06-29 15:59:33,106 | ERROR   | Solver failed | status=1 | SQP it=0 | KKT=nan | t=0.000s
2025-06-29 15:59:33,107 | ERROR   | Dump saved → debug_logs/fail/tick0158.json
2025-06-29 15:59:33,134 | ERROR   | Solver failed | status=1 | SQP it=0 | KKT=nan | t=0.000s
2025-06-29 15:59:33,134 | ERROR   | Dump saved → debug_logs/fail/tick0159.json
2025-06-29 15:59:33,162 | ERROR   | Solver failed | status=1 | SQP it=0 | KKT=nan | t=0.000s
2025-06-29 15:59:33,162 | ERROR   | Dump saved → debug_logs/fail/tick0160.json
2025-06-29 15:59:33,189 | ERROR   | Solver failed | status=1 | SQP it=0 | KKT=nan | t=0.000s
2025-06-29 15:59:33,190 | ERROR   | Dump saved → debug_logs/fail/tick0161.json
2025-06-29 15:59:33,213 | ERROR   | Solver failed | status=1 | SQP it=0 | KKT=nan | t=0.000s
2025-06-29 15:59:33,214 | ERROR   | Dump saved → debug_logs/fail/tick0162.json
2025-06-29 15:59:33,239 | ERROR   | Solver failed | status=1 | SQP it=0 | KKT=nan | t=0.000s
2025-06-29 15:59:33,240 | ERROR   | Dump saved → debug_logs/fail/tick0163.json
2025-06-29 15:59:33,264 | ERROR   | Solver failed | status=1 | SQP it=0 | KKT=nan | t=0.000s
2025-06-29 15:59:33,265 | ERROR   | Dump saved → debug_logs/fail/tick0164.json
2025-06-29 15:59:33,289 | ERROR   | Solver failed | status=1 | SQP it=0 | KKT=nan | t=0.000s
2025-06-29 15:59:33,290 | ERROR   | Dump saved → debug_logs/fail/tick0165.json
2025-06-29 15:59:33,315 | ERROR   | Solver failed | status=1 | SQP it=0 | KKT=nan | t=0.000s
2025-06-29 15:59:33,315 | ERROR   | Dump saved → debug_logs/fail/tick0166.json
2025-06-29 15:59:33,340 | ERROR   | Solver failed | status=1 | SQP it=0 | KKT=nan | t=0.000s
2025-06-29 15:59:33,340 | ERROR   | Dump saved → debug_logs/fail/tick0167.json
2025-06-29 15:59:33,364 | ERROR   | Solver failed | status=1 | SQP it=0 | KKT=nan | t=0.000s
2025-06-29 15:59:33,365 | ERROR   | Dump saved → debug_logs/fail/tick0168.json
2025-06-29 15:59:33,389 | ERROR   | Solver failed | status=1 | SQP it=0 | KKT=nan | t=0.000s
2025-06-29 15:59:33,390 | ERROR   | Dump saved → debug_logs/fail/tick0169.json
2025-06-29 15:59:33,414 | ERROR   | Solver failed | status=1 | SQP it=0 | KKT=nan | t=0.000s
2025-06-29 15:59:33,415 | ERROR   | Dump saved → debug_logs/fail/tick0170.json
2025-06-29 15:59:33,439 | ERROR   | Solver failed | status=1 | SQP it=0 | KKT=nan | t=0.000s
2025-06-29 15:59:33,440 | ERROR   | Dump saved → debug_logs/fail/tick0171.json
2025-06-29 15:59:33,464 | ERROR   | Solver failed | status=1 | SQP it=0 | KKT=nan | t=0.000s
2025-06-29 15:59:33,465 | ERROR   | Dump saved → debug_logs/fail/tick0172.json
2025-06-29 15:59:33,494 | ERROR   | Solver failed | status=1 | SQP it=0 | KKT=nan | t=0.000s
2025-06-29 15:59:33,495 | ERROR   | Dump saved → debug_logs/fail/tick0173.json
2025-06-29 15:59:33,520 | ERROR   | Solver failed | status=1 | SQP it=0 | KKT=nan | t=0.000s
2025-06-29 15:59:33,521 | ERROR   | Dump saved → debug_logs/fail/tick0174.json
2025-06-29 15:59:33,549 | ERROR   | Solver failed | status=1 | SQP it=0 | KKT=nan | t=0.000s
2025-06-29 15:59:33,549 | ERROR   | Dump saved → debug_logs/fail/tick0175.json
2025-06-29 15:59:33,577 | ERROR   | Solver failed | status=1 | SQP it=0 | KKT=nan | t=0.000s
2025-06-29 15:59:33,578 | ERROR   | Dump saved → debug_logs/fail/tick0176.json
2025-06-29 15:59:33,601 | ERROR   | Solver failed | status=1 | SQP it=0 | KKT=nan | t=0.000s
2025-06-29 15:59:33,602 | ERROR   | Dump saved → debug_logs/fail/tick0177.json
2025-06-29 15:59:33,628 | ERROR   | Solver failed | status=1 | SQP it=0 | KKT=nan | t=0.000s
2025-06-29 15:59:33,628 | ERROR   | Dump saved → debug_logs/fail/tick0178.json
2025-06-29 15:59:33,653 | ERROR   | Solver failed | status=1 | SQP it=0 | KKT=nan | t=0.000s
2025-06-29 15:59:33,653 | ERROR   | Dump saved → debug_logs/fail/tick0179.json
2025-06-29 15:59:33,678 | ERROR   | Solver failed | status=1 | SQP it=0 | KKT=nan | t=0.000s
2025-06-29 15:59:33,679 | ERROR   | Dump saved → debug_logs/fail/tick0180.json
2025-06-29 15:59:35,065 | INFO    | ===== INITIAL STATE DUMP =====
2025-06-29 15:59:35,065 | DEBUG   | {
  "xcurrent": [
    0.9774038791656494,
    1.4070112705230713,
    0.07752451300621033,
    0.0,
    0.0,
    0.0
  ],
  "params": {
    "QC": 10,
    "QC_GATE": 50,
    "QL": 40,
    "MU": 10,
    "DVTHETA_MAX": 1.7,
    "N": 20,
    "T_HORIZON": 1.0,
    "RAMP_TIME": 1.8,
    "BARRIER_WEIGHT": 10,
    "TUNNEL_WIDTH": 0.4,
    "TUNNEL_WIDTH_GATE": 0.15,
    "NARROW_DIST": 0.7,
    "GATE_FLAT_DIST": 0.2,
    "Q_OMEGA": 2,
    "R_VTHETA": 1.0,
    "IN_GATE_RAMP_TIME": 0.3,
    "OUT_GATE_RAMP_TIME": 0.5,
    "REG_THRUST": 0.018,
    "REG_INPUTS": 0.1
  },
  "box_lims": {
    "vtheta_max": 1.7,
    "dvtheta_max": 1.7
  }
}
2025-06-29 15:59:39,441 | ERROR   | Solver failed | status=2 | SQP it=1000 | KKT=6.00e-09 | t=0.571s
2025-06-29 15:59:39,442 | ERROR   | Dump saved → debug_logs/fail/tick0118.json
2025-06-29 15:59:40,115 | ERROR   | Solver failed | status=2 | SQP it=1000 | KKT=2.15e-13 | t=0.645s
2025-06-29 15:59:40,116 | ERROR   | Dump saved → debug_logs/fail/tick0119.json
2025-06-29 15:59:40,798 | ERROR   | Solver failed | status=2 | SQP it=1000 | KKT=2.33e-08 | t=0.653s
2025-06-29 15:59:40,798 | ERROR   | Dump saved → debug_logs/fail/tick0120.json
2025-06-29 15:59:41,559 | ERROR   | Solver failed | status=2 | SQP it=1000 | KKT=5.47e-11 | t=0.733s
2025-06-29 15:59:41,560 | ERROR   | Dump saved → debug_logs/fail/tick0121.json
2025-06-29 15:59:41,608 | ERROR   | Solver failed | status=1 | SQP it=17 | KKT=6.77e-12 | t=0.021s
2025-06-29 15:59:41,609 | ERROR   | Dump saved → debug_logs/fail/tick0122.json
2025-06-29 15:59:41,636 | ERROR   | Solver failed | status=1 | SQP it=0 | KKT=nan | t=0.000s
2025-06-29 15:59:41,637 | ERROR   | Dump saved → debug_logs/fail/tick0123.json
2025-06-29 15:59:41,660 | ERROR   | Solver failed | status=4 | SQP it=1 | KKT=1.06e+02 | t=0.000s
2025-06-29 15:59:41,661 | ERROR   | Dump saved → debug_logs/fail/tick0124.json
2025-06-29 15:59:41,686 | ERROR   | Solver failed | status=4 | SQP it=1 | KKT=1.06e+02 | t=0.000s
2025-06-29 15:59:41,686 | ERROR   | Dump saved → debug_logs/fail/tick0125.json
2025-06-29 15:59:41,712 | ERROR   | Solver failed | status=4 | SQP it=1 | KKT=1.06e+02 | t=0.000s
2025-06-29 15:59:41,713 | ERROR   | Dump saved → debug_logs/fail/tick0126.json
2025-06-29 15:59:41,739 | ERROR   | Solver failed | status=4 | SQP it=1 | KKT=1.07e+02 | t=0.000s
2025-06-29 15:59:41,740 | ERROR   | Dump saved → debug_logs/fail/tick0127.json
2025-06-29 15:59:41,767 | ERROR   | Solver failed | status=4 | SQP it=1 | KKT=1.07e+02 | t=0.000s
2025-06-29 15:59:41,768 | ERROR   | Dump saved → debug_logs/fail/tick0128.json
2025-06-29 15:59:41,795 | ERROR   | Solver failed | status=4 | SQP it=1 | KKT=1.07e+02 | t=0.000s
2025-06-29 15:59:41,796 | ERROR   | Dump saved → debug_logs/fail/tick0129.json
2025-06-29 15:59:41,822 | ERROR   | Solver failed | status=4 | SQP it=1 | KKT=1.07e+02 | t=0.000s
2025-06-29 15:59:41,823 | ERROR   | Dump saved → debug_logs/fail/tick0130.json
2025-06-29 15:59:41,848 | ERROR   | Solver failed | status=4 | SQP it=1 | KKT=1.07e+02 | t=0.000s
2025-06-29 15:59:41,849 | ERROR   | Dump saved → debug_logs/fail/tick0131.json
2025-06-29 15:59:41,874 | ERROR   | Solver failed | status=4 | SQP it=1 | KKT=1.40e+02 | t=0.000s
2025-06-29 15:59:41,874 | ERROR   | Dump saved → debug_logs/fail/tick0132.json
2025-06-29 15:59:41,898 | ERROR   | Solver failed | status=4 | SQP it=1 | KKT=1.38e+02 | t=0.000s
2025-06-29 15:59:41,899 | ERROR   | Dump saved → debug_logs/fail/tick0133.json
2025-06-29 15:59:41,923 | ERROR   | Solver failed | status=4 | SQP it=1 | KKT=1.32e+02 | t=0.000s
2025-06-29 15:59:41,924 | ERROR   | Dump saved → debug_logs/fail/tick0134.json
2025-06-29 15:59:41,949 | ERROR   | Solver failed | status=4 | SQP it=1 | KKT=1.30e+02 | t=0.000s
2025-06-29 15:59:41,950 | ERROR   | Dump saved → debug_logs/fail/tick0135.json
2025-06-29 15:59:41,976 | ERROR   | Solver failed | status=4 | SQP it=1 | KKT=1.31e+02 | t=0.000s
2025-06-29 15:59:41,976 | ERROR   | Dump saved → debug_logs/fail/tick0136.json
2025-06-29 15:59:42,000 | ERROR   | Solver failed | status=4 | SQP it=1 | KKT=1.34e+02 | t=0.000s
2025-06-29 15:59:42,001 | ERROR   | Dump saved → debug_logs/fail/tick0137.json
2025-06-29 15:59:42,026 | ERROR   | Solver failed | status=4 | SQP it=1 | KKT=1.40e+02 | t=0.000s
2025-06-29 15:59:42,027 | ERROR   | Dump saved → debug_logs/fail/tick0138.json
2025-06-29 15:59:42,051 | ERROR   | Solver failed | status=4 | SQP it=1 | KKT=1.45e+02 | t=0.000s
2025-06-29 15:59:42,052 | ERROR   | Dump saved → debug_logs/fail/tick0139.json
2025-06-29 15:59:42,078 | ERROR   | Solver failed | status=4 | SQP it=1 | KKT=1.45e+02 | t=0.000s
2025-06-29 15:59:42,078 | ERROR   | Dump saved → debug_logs/fail/tick0140.json
2025-06-29 15:59:42,105 | ERROR   | Solver failed | status=4 | SQP it=1 | KKT=1.49e+02 | t=0.000s
2025-06-29 15:59:42,105 | ERROR   | Dump saved → debug_logs/fail/tick0141.json
2025-06-29 15:59:42,131 | ERROR   | Solver failed | status=4 | SQP it=1 | KKT=1.49e+02 | t=0.000s
2025-06-29 15:59:42,131 | ERROR   | Dump saved → debug_logs/fail/tick0142.json
2025-06-29 15:59:42,159 | ERROR   | Solver failed | status=4 | SQP it=1 | KKT=1.52e+02 | t=0.000s
2025-06-29 15:59:42,159 | ERROR   | Dump saved → debug_logs/fail/tick0143.json
2025-06-29 15:59:42,185 | ERROR   | Solver failed | status=4 | SQP it=1 | KKT=1.52e+02 | t=0.000s
2025-06-29 15:59:42,186 | ERROR   | Dump saved → debug_logs/fail/tick0144.json
2025-06-29 15:59:42,214 | ERROR   | Solver failed | status=4 | SQP it=1 | KKT=1.54e+02 | t=0.000s
2025-06-29 15:59:42,215 | ERROR   | Dump saved → debug_logs/fail/tick0145.json
2025-06-29 15:59:42,244 | ERROR   | Solver failed | status=4 | SQP it=1 | KKT=1.54e+02 | t=0.000s
2025-06-29 15:59:42,244 | ERROR   | Dump saved → debug_logs/fail/tick0146.json
2025-06-29 15:59:42,268 | ERROR   | Solver failed | status=4 | SQP it=1 | KKT=1.54e+02 | t=0.000s
2025-06-29 15:59:42,269 | ERROR   | Dump saved → debug_logs/fail/tick0147.json
2025-06-29 15:59:42,294 | ERROR   | Solver failed | status=4 | SQP it=1 | KKT=1.56e+02 | t=0.000s
2025-06-29 15:59:42,295 | ERROR   | Dump saved → debug_logs/fail/tick0148.json
2025-06-29 15:59:42,319 | ERROR   | Solver failed | status=4 | SQP it=1 | KKT=1.56e+02 | t=0.000s
2025-06-29 15:59:42,320 | ERROR   | Dump saved → debug_logs/fail/tick0149.json
2025-06-29 15:59:42,345 | ERROR   | Solver failed | status=4 | SQP it=1 | KKT=1.56e+02 | t=0.000s
2025-06-29 15:59:42,346 | ERROR   | Dump saved → debug_logs/fail/tick0150.json
2025-06-29 15:59:42,370 | ERROR   | Solver failed | status=4 | SQP it=1 | KKT=1.56e+02 | t=0.000s
2025-06-29 15:59:42,371 | ERROR   | Dump saved → debug_logs/fail/tick0151.json
2025-06-29 15:59:42,395 | ERROR   | Solver failed | status=4 | SQP it=1 | KKT=1.56e+02 | t=0.000s
2025-06-29 15:59:42,395 | ERROR   | Dump saved → debug_logs/fail/tick0152.json
2025-06-29 15:59:43,770 | INFO    | ===== INITIAL STATE DUMP =====
2025-06-29 15:59:43,770 | DEBUG   | {
  "xcurrent": [
    0.9124948382377625,
    1.4852032661437988,
    0.07542557269334793,
    0.0,
    0.0,
    0.0
  ],
  "params": {
    "QC": 10,
    "QC_GATE": 50,
    "QL": 40,
    "MU": 10,
    "DVTHETA_MAX": 1.7,
    "N": 20,
    "T_HORIZON": 1.0,
    "RAMP_TIME": 1.8,
    "BARRIER_WEIGHT": 10,
    "TUNNEL_WIDTH": 0.4,
    "TUNNEL_WIDTH_GATE": 0.15,
    "NARROW_DIST": 0.7,
    "GATE_FLAT_DIST": 0.2,
    "Q_OMEGA": 2,
    "R_VTHETA": 1.0,
    "IN_GATE_RAMP_TIME": 0.3,
    "OUT_GATE_RAMP_TIME": 0.5,
    "REG_THRUST": 0.018,
    "REG_INPUTS": 0.1
  },
  "box_lims": {
    "vtheta_max": 1.7,
    "dvtheta_max": 1.7
  }
}
2025-06-29 15:59:47,188 | ERROR   | Solver failed | status=1 | SQP it=49 | KKT=4.80e-08 | t=0.051s
2025-06-29 15:59:47,189 | ERROR   | Dump saved → debug_logs/fail/tick0110.json
2025-06-29 15:59:47,215 | ERROR   | Solver failed | status=1 | SQP it=0 | KKT=nan | t=0.000s
2025-06-29 15:59:47,216 | ERROR   | Dump saved → debug_logs/fail/tick0111.json
2025-06-29 15:59:47,240 | ERROR   | Solver failed | status=1 | SQP it=0 | KKT=nan | t=0.000s
2025-06-29 15:59:47,241 | ERROR   | Dump saved → debug_logs/fail/tick0112.json
2025-06-29 15:59:47,265 | ERROR   | Solver failed | status=1 | SQP it=0 | KKT=nan | t=0.000s
2025-06-29 15:59:47,266 | ERROR   | Dump saved → debug_logs/fail/tick0113.json
2025-06-29 15:59:47,291 | ERROR   | Solver failed | status=1 | SQP it=0 | KKT=nan | t=0.000s
2025-06-29 15:59:47,292 | ERROR   | Dump saved → debug_logs/fail/tick0114.json
2025-06-29 15:59:47,313 | ERROR   | Solver failed | status=1 | SQP it=0 | KKT=nan | t=0.000s
2025-06-29 15:59:47,314 | ERROR   | Dump saved → debug_logs/fail/tick0115.json
2025-06-29 15:59:47,335 | ERROR   | Solver failed | status=1 | SQP it=0 | KKT=nan | t=0.000s
2025-06-29 15:59:47,335 | ERROR   | Dump saved → debug_logs/fail/tick0116.json
2025-06-29 15:59:47,356 | ERROR   | Solver failed | status=1 | SQP it=0 | KKT=nan | t=0.000s
2025-06-29 15:59:47,357 | ERROR   | Dump saved → debug_logs/fail/tick0117.json
2025-06-29 15:59:47,378 | ERROR   | Solver failed | status=1 | SQP it=0 | KKT=nan | t=0.000s
2025-06-29 15:59:47,379 | ERROR   | Dump saved → debug_logs/fail/tick0118.json
2025-06-29 15:59:47,401 | ERROR   | Solver failed | status=1 | SQP it=0 | KKT=nan | t=0.000s
2025-06-29 15:59:47,401 | ERROR   | Dump saved → debug_logs/fail/tick0119.json
2025-06-29 15:59:47,426 | ERROR   | Solver failed | status=1 | SQP it=0 | KKT=nan | t=0.000s
2025-06-29 15:59:47,427 | ERROR   | Dump saved → debug_logs/fail/tick0120.json
2025-06-29 15:59:47,452 | ERROR   | Solver failed | status=1 | SQP it=0 | KKT=nan | t=0.000s
2025-06-29 15:59:47,452 | ERROR   | Dump saved → debug_logs/fail/tick0121.json
2025-06-29 15:59:47,477 | ERROR   | Solver failed | status=1 | SQP it=0 | KKT=nan | t=0.000s
2025-06-29 15:59:47,478 | ERROR   | Dump saved → debug_logs/fail/tick0122.json
2025-06-29 15:59:47,504 | ERROR   | Solver failed | status=1 | SQP it=0 | KKT=nan | t=0.000s
2025-06-29 15:59:47,504 | ERROR   | Dump saved → debug_logs/fail/tick0123.json
2025-06-29 15:59:47,530 | ERROR   | Solver failed | status=1 | SQP it=0 | KKT=nan | t=0.000s
2025-06-29 15:59:47,531 | ERROR   | Dump saved → debug_logs/fail/tick0124.json
2025-06-29 15:59:47,560 | ERROR   | Solver failed | status=1 | SQP it=0 | KKT=nan | t=0.000s
2025-06-29 15:59:47,561 | ERROR   | Dump saved → debug_logs/fail/tick0125.json
2025-06-29 15:59:47,587 | ERROR   | Solver failed | status=1 | SQP it=0 | KKT=nan | t=0.000s
2025-06-29 15:59:47,587 | ERROR   | Dump saved → debug_logs/fail/tick0126.json
2025-06-29 15:59:47,615 | ERROR   | Solver failed | status=1 | SQP it=0 | KKT=nan | t=0.000s
2025-06-29 15:59:47,615 | ERROR   | Dump saved → debug_logs/fail/tick0127.json
2025-06-29 15:59:47,644 | ERROR   | Solver failed | status=1 | SQP it=0 | KKT=nan | t=0.000s
2025-06-29 15:59:47,645 | ERROR   | Dump saved → debug_logs/fail/tick0128.json
2025-06-29 15:59:47,673 | ERROR   | Solver failed | status=1 | SQP it=0 | KKT=nan | t=0.000s
2025-06-29 15:59:47,673 | ERROR   | Dump saved → debug_logs/fail/tick0129.json
2025-06-29 15:59:47,700 | ERROR   | Solver failed | status=1 | SQP it=0 | KKT=nan | t=0.000s
2025-06-29 15:59:47,701 | ERROR   | Dump saved → debug_logs/fail/tick0130.json
2025-06-29 15:59:47,728 | ERROR   | Solver failed | status=1 | SQP it=0 | KKT=nan | t=0.000s
2025-06-29 15:59:47,728 | ERROR   | Dump saved → debug_logs/fail/tick0131.json
2025-06-29 15:59:47,756 | ERROR   | Solver failed | status=1 | SQP it=0 | KKT=nan | t=0.000s
2025-06-29 15:59:47,757 | ERROR   | Dump saved → debug_logs/fail/tick0132.json
2025-06-29 15:59:47,781 | ERROR   | Solver failed | status=1 | SQP it=0 | KKT=nan | t=0.000s
2025-06-29 15:59:47,781 | ERROR   | Dump saved → debug_logs/fail/tick0133.json
2025-06-29 15:59:47,806 | ERROR   | Solver failed | status=1 | SQP it=0 | KKT=nan | t=0.000s
2025-06-29 15:59:47,806 | ERROR   | Dump saved → debug_logs/fail/tick0134.json
2025-06-29 15:59:47,830 | ERROR   | Solver failed | status=1 | SQP it=0 | KKT=nan | t=0.000s
2025-06-29 15:59:47,831 | ERROR   | Dump saved → debug_logs/fail/tick0135.json
2025-06-29 15:59:47,856 | ERROR   | Solver failed | status=1 | SQP it=0 | KKT=nan | t=0.000s
2025-06-29 15:59:47,857 | ERROR   | Dump saved → debug_logs/fail/tick0136.json
2025-06-29 15:59:47,881 | ERROR   | Solver failed | status=1 | SQP it=0 | KKT=nan | t=0.000s
2025-06-29 15:59:47,882 | ERROR   | Dump saved → debug_logs/fail/tick0137.json
2025-06-29 15:59:47,906 | ERROR   | Solver failed | status=1 | SQP it=0 | KKT=nan | t=0.000s
2025-06-29 15:59:47,907 | ERROR   | Dump saved → debug_logs/fail/tick0138.json
2025-06-29 15:59:47,930 | ERROR   | Solver failed | status=1 | SQP it=0 | KKT=nan | t=0.000s
2025-06-29 15:59:47,931 | ERROR   | Dump saved → debug_logs/fail/tick0139.json
2025-06-29 15:59:47,956 | ERROR   | Solver failed | status=1 | SQP it=0 | KKT=nan | t=0.000s
2025-06-29 15:59:47,957 | ERROR   | Dump saved → debug_logs/fail/tick0140.json
2025-06-29 15:59:47,981 | ERROR   | Solver failed | status=1 | SQP it=0 | KKT=nan | t=0.000s
2025-06-29 15:59:47,982 | ERROR   | Dump saved → debug_logs/fail/tick0141.json
2025-06-29 15:59:48,006 | ERROR   | Solver failed | status=1 | SQP it=0 | KKT=nan | t=0.000s
2025-06-29 15:59:48,007 | ERROR   | Dump saved → debug_logs/fail/tick0142.json
2025-06-29 15:59:48,032 | ERROR   | Solver failed | status=1 | SQP it=0 | KKT=nan | t=0.000s
2025-06-29 15:59:48,032 | ERROR   | Dump saved → debug_logs/fail/tick0143.json
2025-06-29 15:59:48,061 | ERROR   | Solver failed | status=1 | SQP it=0 | KKT=nan | t=0.000s
2025-06-29 15:59:48,062 | ERROR   | Dump saved → debug_logs/fail/tick0144.json
2025-06-29 15:59:48,087 | ERROR   | Solver failed | status=1 | SQP it=0 | KKT=nan | t=0.000s
2025-06-29 15:59:48,087 | ERROR   | Dump saved → debug_logs/fail/tick0145.json
2025-06-29 15:59:48,114 | ERROR   | Solver failed | status=1 | SQP it=0 | KKT=nan | t=0.000s
2025-06-29 15:59:48,115 | ERROR   | Dump saved → debug_logs/fail/tick0146.json
2025-06-29 15:59:48,144 | ERROR   | Solver failed | status=1 | SQP it=0 | KKT=nan | t=0.000s
2025-06-29 15:59:48,145 | ERROR   | Dump saved → debug_logs/fail/tick0147.json
2025-06-29 15:59:48,173 | ERROR   | Solver failed | status=1 | SQP it=0 | KKT=nan | t=0.000s
2025-06-29 15:59:48,174 | ERROR   | Dump saved → debug_logs/fail/tick0148.json
2025-06-29 15:59:48,200 | ERROR   | Solver failed | status=1 | SQP it=0 | KKT=nan | t=0.000s
2025-06-29 15:59:48,201 | ERROR   | Dump saved → debug_logs/fail/tick0149.json
2025-06-29 15:59:48,228 | ERROR   | Solver failed | status=1 | SQP it=0 | KKT=nan | t=0.000s
2025-06-29 15:59:48,228 | ERROR   | Dump saved → debug_logs/fail/tick0150.json
2025-06-29 15:59:48,256 | ERROR   | Solver failed | status=1 | SQP it=0 | KKT=nan | t=0.000s
2025-06-29 15:59:48,257 | ERROR   | Dump saved → debug_logs/fail/tick0151.json
2025-06-29 15:59:48,284 | ERROR   | Solver failed | status=1 | SQP it=0 | KKT=nan | t=0.000s
2025-06-29 15:59:48,285 | ERROR   | Dump saved → debug_logs/fail/tick0152.json
2025-06-29 15:59:48,313 | ERROR   | Solver failed | status=1 | SQP it=0 | KKT=nan | t=0.000s
2025-06-29 15:59:48,313 | ERROR   | Dump saved → debug_logs/fail/tick0153.json
2025-06-29 15:59:48,340 | ERROR   | Solver failed | status=1 | SQP it=0 | KKT=nan | t=0.000s
2025-06-29 15:59:48,340 | ERROR   | Dump saved → debug_logs/fail/tick0154.json
2025-06-29 15:59:49,707 | INFO    | ===== INITIAL STATE DUMP =====
2025-06-29 15:59:49,707 | DEBUG   | {
  "xcurrent": [
    0.9521839618682861,
    1.5778861045837402,
    0.07785053551197052,
    0.0,
    0.0,
    0.0
  ],
  "params": {
    "QC": 10,
    "QC_GATE": 50,
    "QL": 40,
    "MU": 10,
    "DVTHETA_MAX": 1.7,
    "N": 20,
    "T_HORIZON": 1.0,
    "RAMP_TIME": 1.8,
    "BARRIER_WEIGHT": 10,
    "TUNNEL_WIDTH": 0.4,
    "TUNNEL_WIDTH_GATE": 0.15,
    "NARROW_DIST": 0.7,
    "GATE_FLAT_DIST": 0.2,
    "Q_OMEGA": 2,
    "R_VTHETA": 1.0,
    "IN_GATE_RAMP_TIME": 0.3,
    "OUT_GATE_RAMP_TIME": 0.5,
    "REG_THRUST": 0.018,
    "REG_INPUTS": 0.1
  },
  "box_lims": {
    "vtheta_max": 1.7,
    "dvtheta_max": 1.7
  }
}
2025-06-29 15:59:54,645 | ERROR   | Solver failed | status=1 | SQP it=131 | KKT=3.74e-11 | t=0.137s
2025-06-29 15:59:54,645 | ERROR   | Dump saved → debug_logs/fail/tick0156.json
2025-06-29 15:59:54,673 | ERROR   | Solver failed | status=1 | SQP it=0 | KKT=nan | t=0.000s
2025-06-29 15:59:54,674 | ERROR   | Dump saved → debug_logs/fail/tick0157.json
2025-06-29 15:59:54,700 | ERROR   | Solver failed | status=1 | SQP it=0 | KKT=nan | t=0.000s
2025-06-29 15:59:54,701 | ERROR   | Dump saved → debug_logs/fail/tick0158.json
2025-06-29 15:59:54,723 | ERROR   | Solver failed | status=1 | SQP it=0 | KKT=nan | t=0.000s
2025-06-29 15:59:54,723 | ERROR   | Dump saved → debug_logs/fail/tick0159.json
2025-06-29 15:59:54,746 | ERROR   | Solver failed | status=1 | SQP it=0 | KKT=nan | t=0.000s
2025-06-29 15:59:54,747 | ERROR   | Dump saved → debug_logs/fail/tick0160.json
2025-06-29 15:59:54,771 | ERROR   | Solver failed | status=1 | SQP it=0 | KKT=nan | t=0.000s
2025-06-29 15:59:54,772 | ERROR   | Dump saved → debug_logs/fail/tick0161.json
2025-06-29 15:59:54,798 | ERROR   | Solver failed | status=1 | SQP it=0 | KKT=nan | t=0.000s
2025-06-29 15:59:54,799 | ERROR   | Dump saved → debug_logs/fail/tick0162.json
2025-06-29 15:59:54,826 | ERROR   | Solver failed | status=1 | SQP it=0 | KKT=nan | t=0.000s
2025-06-29 15:59:54,827 | ERROR   | Dump saved → debug_logs/fail/tick0163.json
2025-06-29 15:59:54,851 | ERROR   | Solver failed | status=1 | SQP it=0 | KKT=nan | t=0.000s
2025-06-29 15:59:54,852 | ERROR   | Dump saved → debug_logs/fail/tick0164.json
2025-06-29 15:59:54,877 | ERROR   | Solver failed | status=1 | SQP it=0 | KKT=nan | t=0.000s
2025-06-29 15:59:54,878 | ERROR   | Dump saved → debug_logs/fail/tick0165.json
2025-06-29 15:59:54,901 | ERROR   | Solver failed | status=1 | SQP it=0 | KKT=nan | t=0.000s
2025-06-29 15:59:54,902 | ERROR   | Dump saved → debug_logs/fail/tick0166.json
2025-06-29 15:59:54,927 | ERROR   | Solver failed | status=1 | SQP it=0 | KKT=nan | t=0.000s
2025-06-29 15:59:54,927 | ERROR   | Dump saved → debug_logs/fail/tick0167.json
2025-06-29 15:59:54,951 | ERROR   | Solver failed | status=1 | SQP it=0 | KKT=nan | t=0.000s
2025-06-29 15:59:54,951 | ERROR   | Dump saved → debug_logs/fail/tick0168.json
2025-06-29 15:59:54,976 | ERROR   | Solver failed | status=1 | SQP it=0 | KKT=nan | t=0.000s
2025-06-29 15:59:54,977 | ERROR   | Dump saved → debug_logs/fail/tick0169.json
2025-06-29 15:59:55,000 | ERROR   | Solver failed | status=1 | SQP it=0 | KKT=nan | t=0.000s
2025-06-29 15:59:55,000 | ERROR   | Dump saved → debug_logs/fail/tick0170.json
2025-06-29 15:59:55,025 | ERROR   | Solver failed | status=1 | SQP it=0 | KKT=nan | t=0.000s
2025-06-29 15:59:55,026 | ERROR   | Dump saved → debug_logs/fail/tick0171.json
2025-06-29 15:59:55,049 | ERROR   | Solver failed | status=1 | SQP it=0 | KKT=nan | t=0.000s
2025-06-29 15:59:55,050 | ERROR   | Dump saved → debug_logs/fail/tick0172.json
2025-06-29 15:59:55,076 | ERROR   | Solver failed | status=1 | SQP it=0 | KKT=nan | t=0.000s
2025-06-29 15:59:55,076 | ERROR   | Dump saved → debug_logs/fail/tick0173.json
2025-06-29 15:59:55,101 | ERROR   | Solver failed | status=1 | SQP it=0 | KKT=nan | t=0.000s
2025-06-29 15:59:55,101 | ERROR   | Dump saved → debug_logs/fail/tick0174.json
2025-06-29 15:59:55,127 | ERROR   | Solver failed | status=1 | SQP it=0 | KKT=nan | t=0.000s
2025-06-29 15:59:55,128 | ERROR   | Dump saved → debug_logs/fail/tick0175.json
2025-06-29 15:59:55,154 | ERROR   | Solver failed | status=1 | SQP it=0 | KKT=nan | t=0.000s
2025-06-29 15:59:55,154 | ERROR   | Dump saved → debug_logs/fail/tick0176.json
2025-06-29 15:59:55,181 | ERROR   | Solver failed | status=1 | SQP it=0 | KKT=nan | t=0.000s
2025-06-29 15:59:55,182 | ERROR   | Dump saved → debug_logs/fail/tick0177.json
2025-06-29 15:59:55,210 | ERROR   | Solver failed | status=1 | SQP it=0 | KKT=nan | t=0.000s
2025-06-29 15:59:55,211 | ERROR   | Dump saved → debug_logs/fail/tick0178.json
2025-06-29 15:59:55,235 | ERROR   | Solver failed | status=1 | SQP it=0 | KKT=nan | t=0.000s
2025-06-29 15:59:55,236 | ERROR   | Dump saved → debug_logs/fail/tick0179.json
2025-06-29 15:59:55,259 | ERROR   | Solver failed | status=1 | SQP it=0 | KKT=nan | t=0.000s
2025-06-29 15:59:55,260 | ERROR   | Dump saved → debug_logs/fail/tick0180.json
2025-06-29 15:59:55,284 | ERROR   | Solver failed | status=1 | SQP it=0 | KKT=nan | t=0.000s
2025-06-29 15:59:55,284 | ERROR   | Dump saved → debug_logs/fail/tick0181.json
2025-06-29 15:59:55,309 | ERROR   | Solver failed | status=1 | SQP it=0 | KKT=nan | t=0.000s
2025-06-29 15:59:55,309 | ERROR   | Dump saved → debug_logs/fail/tick0182.json
2025-06-29 15:59:55,334 | ERROR   | Solver failed | status=1 | SQP it=0 | KKT=nan | t=0.000s
2025-06-29 15:59:55,334 | ERROR   | Dump saved → debug_logs/fail/tick0183.json
2025-06-29 15:59:55,361 | ERROR   | Solver failed | status=1 | SQP it=0 | KKT=nan | t=0.000s
2025-06-29 15:59:55,361 | ERROR   | Dump saved → debug_logs/fail/tick0184.json
2025-06-29 15:59:55,385 | ERROR   | Solver failed | status=1 | SQP it=0 | KKT=nan | t=0.000s
2025-06-29 15:59:55,386 | ERROR   | Dump saved → debug_logs/fail/tick0185.json
2025-06-29 15:59:55,411 | ERROR   | Solver failed | status=1 | SQP it=0 | KKT=nan | t=0.000s
2025-06-29 15:59:55,412 | ERROR   | Dump saved → debug_logs/fail/tick0186.json
2025-06-29 15:59:55,436 | ERROR   | Solver failed | status=1 | SQP it=0 | KKT=nan | t=0.000s
2025-06-29 15:59:55,437 | ERROR   | Dump saved → debug_logs/fail/tick0187.json
2025-06-29 15:59:55,462 | ERROR   | Solver failed | status=1 | SQP it=0 | KKT=nan | t=0.000s
2025-06-29 15:59:55,462 | ERROR   | Dump saved → debug_logs/fail/tick0188.json
2025-06-29 15:59:55,487 | ERROR   | Solver failed | status=1 | SQP it=0 | KKT=nan | t=0.000s
2025-06-29 15:59:55,487 | ERROR   | Dump saved → debug_logs/fail/tick0189.json
2025-06-29 15:59:55,513 | ERROR   | Solver failed | status=1 | SQP it=0 | KKT=nan | t=0.000s
2025-06-29 15:59:55,514 | ERROR   | Dump saved → debug_logs/fail/tick0190.json
2025-06-29 15:59:55,540 | ERROR   | Solver failed | status=1 | SQP it=0 | KKT=nan | t=0.000s
2025-06-29 15:59:55,540 | ERROR   | Dump saved → debug_logs/fail/tick0191.json
2025-06-29 15:59:55,566 | ERROR   | Solver failed | status=1 | SQP it=0 | KKT=nan | t=0.000s
2025-06-29 15:59:55,567 | ERROR   | Dump saved → debug_logs/fail/tick0192.json
2025-06-29 15:59:55,594 | ERROR   | Solver failed | status=1 | SQP it=0 | KKT=nan | t=0.000s
2025-06-29 15:59:55,595 | ERROR   | Dump saved → debug_logs/fail/tick0193.json
2025-06-29 15:59:55,623 | ERROR   | Solver failed | status=1 | SQP it=0 | KKT=nan | t=0.000s
2025-06-29 15:59:55,624 | ERROR   | Dump saved → debug_logs/fail/tick0194.json
2025-06-29 15:59:55,648 | ERROR   | Solver failed | status=1 | SQP it=0 | KKT=nan | t=0.000s
2025-06-29 15:59:55,648 | ERROR   | Dump saved → debug_logs/fail/tick0195.json
2025-06-29 15:59:55,673 | ERROR   | Solver failed | status=1 | SQP it=0 | KKT=nan | t=0.000s
2025-06-29 15:59:55,673 | ERROR   | Dump saved → debug_logs/fail/tick0196.json
2025-06-29 15:59:55,697 | ERROR   | Solver failed | status=1 | SQP it=0 | KKT=nan | t=0.000s
2025-06-29 15:59:55,698 | ERROR   | Dump saved → debug_logs/fail/tick0197.json
2025-06-29 15:59:55,722 | ERROR   | Solver failed | status=1 | SQP it=0 | KKT=nan | t=0.000s
2025-06-29 15:59:55,723 | ERROR   | Dump saved → debug_logs/fail/tick0198.json
2025-06-29 15:59:55,747 | ERROR   | Solver failed | status=1 | SQP it=0 | KKT=nan | t=0.000s
2025-06-29 15:59:55,747 | ERROR   | Dump saved → debug_logs/fail/tick0199.json
2025-06-29 15:59:57,118 | INFO    | ===== INITIAL STATE DUMP =====
2025-06-29 15:59:57,118 | DEBUG   | {
  "xcurrent": [
    1.0346451997756958,
    1.4540539979934692,
    0.08203710615634918,
    0.0,
    0.0,
    0.0
  ],
  "params": {
    "QC": 10,
    "QC_GATE": 50,
    "QL": 40,
    "MU": 10,
    "DVTHETA_MAX": 1.7,
    "N": 20,
    "T_HORIZON": 1.0,
    "RAMP_TIME": 1.8,
    "BARRIER_WEIGHT": 10,
    "TUNNEL_WIDTH": 0.4,
    "TUNNEL_WIDTH_GATE": 0.15,
    "NARROW_DIST": 0.7,
    "GATE_FLAT_DIST": 0.2,
    "Q_OMEGA": 2,
    "R_VTHETA": 1.0,
    "IN_GATE_RAMP_TIME": 0.3,
    "OUT_GATE_RAMP_TIME": 0.5,
    "REG_THRUST": 0.018,
    "REG_INPUTS": 0.1
  },
  "box_lims": {
    "vtheta_max": 1.7,
    "dvtheta_max": 1.7
  }
}
