2025-06-28 18:40:43,142 | INFO    | ===== INITIAL STATE DUMP =====
2025-06-28 18:40:43,143 | DEBUG   | {
  "xcurrent": [
    1.089695930480957,
    1.4088244438171387,
    0.08456537127494812,
    0.0,
    0.0,
    0.0
  ],
  "params": {
    "QC": 10,
    "QC_GATE": 50,
    "QL": 40,
    "MU": 10,
    "DVTHETA_MAX": 1.4,
    "N": 20,
    "T_HORIZON": 0.9,
    "RAMP_TIME": 0.5,
    "BARRIER_WEIGHT": 10,
    "OBSTACLE_WEIGHT": [
      50,
      100,
      70,
      30
    ],
    "OBSTACLE_RADIUS": 0.2,
    "TUNNEL_WIDTH": 0.5,
    "TUNNEL_WIDTH_GATE": 0.15,
    "NARROW_DIST": 0.5,
    "GATE_FLAT_DIST": 0.3,
    "Q_OMEGA": 2,
    "R_VTHETA": 1.0,
    "REG_THRUST": 0.008,
    "REG_INPUTS": 0.02
  },
  "box_lims": {
    "vtheta_max": 1.4,
    "dvtheta_max": 1.4
  }
}
2025-06-28 18:41:02,314 | INFO    | ===== INITIAL STATE DUMP =====
2025-06-28 18:41:02,315 | DEBUG   | {
  "xcurrent": [
    1.0518913269042969,
    1.5442349910736084,
    0.07058893144130707,
    0.0,
    0.0,
    0.0
  ],
  "params": {
    "QC": 10,
    "QC_GATE": 50,
    "QL": 40,
    "MU": 10,
    "DVTHETA_MAX": 1.4,
    "N": 20,
    "T_HORIZON": 0.9,
    "RAMP_TIME": 0.5,
    "BARRIER_WEIGHT": 10,
    "OBSTACLE_WEIGHT": [
      50,
      100,
      70,
      30
    ],
    "OBSTACLE_RADIUS": 0.2,
    "TUNNEL_WIDTH": 0.5,
    "TUNNEL_WIDTH_GATE": 0.15,
    "NARROW_DIST": 0.5,
    "GATE_FLAT_DIST": 0.3,
    "Q_OMEGA": 2,
    "R_VTHETA": 1.0,
    "REG_THRUST": 0.008,
    "REG_INPUTS": 0.02
  },
  "box_lims": {
    "vtheta_max": 1.4,
    "dvtheta_max": 1.4
  }
}
2025-06-28 18:41:15,239 | INFO    | ===== INITIAL STATE DUMP =====
2025-06-28 18:41:15,239 | DEBUG   | {
  "xcurrent": [
    0.9937284588813782,
    1.4496173858642578,
    0.07091917097568512,
    0.0,
    0.0,
    0.0
  ],
  "params": {
    "QC": 10,
    "QC_GATE": 50,
    "QL": 40,
    "MU": 10,
    "DVTHETA_MAX": 1.4,
    "N": 20,
    "T_HORIZON": 0.9,
    "RAMP_TIME": 0.5,
    "BARRIER_WEIGHT": 10,
    "OBSTACLE_WEIGHT": [
      50,
      100,
      70,
      30
    ],
    "OBSTACLE_RADIUS": 0.2,
    "TUNNEL_WIDTH": 0.5,
    "TUNNEL_WIDTH_GATE": 0.15,
    "NARROW_DIST": 0.5,
    "GATE_FLAT_DIST": 0.3,
    "Q_OMEGA": 2,
    "R_VTHETA": 1.0,
    "REG_THRUST": 0.008,
    "REG_INPUTS": 0.02
  },
  "box_lims": {
    "vtheta_max": 1.4,
    "dvtheta_max": 1.4
  }
}
2025-06-28 18:41:19,171 | ERROR   | Solver failed | status=1 | SQP it=29 | KKT=2.58e-08 | t=0.029s
2025-06-28 18:41:19,174 | ERROR   | Dump saved → debug_logs/fail/tick0119.json
2025-06-28 18:41:19,203 | ERROR   | Solver failed | status=1 | SQP it=0 | KKT=nan | t=0.000s
2025-06-28 18:41:19,204 | ERROR   | Dump saved → debug_logs/fail/tick0120.json
2025-06-28 18:41:19,232 | ERROR   | Solver failed | status=1 | SQP it=0 | KKT=nan | t=0.000s
2025-06-28 18:41:19,233 | ERROR   | Dump saved → debug_logs/fail/tick0121.json
2025-06-28 18:41:19,262 | ERROR   | Solver failed | status=1 | SQP it=0 | KKT=nan | t=0.000s
2025-06-28 18:41:19,263 | ERROR   | Dump saved → debug_logs/fail/tick0122.json
2025-06-28 18:41:19,291 | ERROR   | Solver failed | status=1 | SQP it=0 | KKT=nan | t=0.000s
2025-06-28 18:41:19,292 | ERROR   | Dump saved → debug_logs/fail/tick0123.json
2025-06-28 18:41:19,316 | ERROR   | Solver failed | status=1 | SQP it=0 | KKT=nan | t=0.000s
2025-06-28 18:41:19,317 | ERROR   | Dump saved → debug_logs/fail/tick0124.json
2025-06-28 18:41:19,343 | ERROR   | Solver failed | status=1 | SQP it=0 | KKT=nan | t=0.000s
2025-06-28 18:41:19,343 | ERROR   | Dump saved → debug_logs/fail/tick0125.json
2025-06-28 18:41:19,368 | ERROR   | Solver failed | status=1 | SQP it=0 | KKT=nan | t=0.000s
2025-06-28 18:41:19,369 | ERROR   | Dump saved → debug_logs/fail/tick0126.json
2025-06-28 18:41:19,394 | ERROR   | Solver failed | status=1 | SQP it=0 | KKT=nan | t=0.000s
2025-06-28 18:41:19,395 | ERROR   | Dump saved → debug_logs/fail/tick0127.json
2025-06-28 18:41:19,420 | ERROR   | Solver failed | status=1 | SQP it=0 | KKT=nan | t=0.000s
2025-06-28 18:41:19,420 | ERROR   | Dump saved → debug_logs/fail/tick0128.json
2025-06-28 18:41:19,445 | ERROR   | Solver failed | status=1 | SQP it=0 | KKT=nan | t=0.000s
2025-06-28 18:41:19,446 | ERROR   | Dump saved → debug_logs/fail/tick0129.json
2025-06-28 18:41:19,472 | ERROR   | Solver failed | status=1 | SQP it=0 | KKT=nan | t=0.000s
2025-06-28 18:41:19,473 | ERROR   | Dump saved → debug_logs/fail/tick0130.json
2025-06-28 18:41:19,498 | ERROR   | Solver failed | status=1 | SQP it=0 | KKT=nan | t=0.000s
2025-06-28 18:41:19,498 | ERROR   | Dump saved → debug_logs/fail/tick0131.json
2025-06-28 18:41:19,523 | ERROR   | Solver failed | status=1 | SQP it=0 | KKT=nan | t=0.000s
2025-06-28 18:41:19,524 | ERROR   | Dump saved → debug_logs/fail/tick0132.json
2025-06-28 18:41:19,549 | ERROR   | Solver failed | status=1 | SQP it=0 | KKT=nan | t=0.000s
2025-06-28 18:41:19,550 | ERROR   | Dump saved → debug_logs/fail/tick0133.json
2025-06-28 18:41:19,577 | ERROR   | Solver failed | status=1 | SQP it=0 | KKT=nan | t=0.000s
2025-06-28 18:41:19,577 | ERROR   | Dump saved → debug_logs/fail/tick0134.json
2025-06-28 18:41:19,603 | ERROR   | Solver failed | status=1 | SQP it=0 | KKT=nan | t=0.000s
2025-06-28 18:41:19,604 | ERROR   | Dump saved → debug_logs/fail/tick0135.json
2025-06-28 18:41:19,631 | ERROR   | Solver failed | status=1 | SQP it=0 | KKT=nan | t=0.000s
2025-06-28 18:41:19,631 | ERROR   | Dump saved → debug_logs/fail/tick0136.json
2025-06-28 18:41:19,661 | ERROR   | Solver failed | status=1 | SQP it=0 | KKT=nan | t=0.000s
2025-06-28 18:41:19,662 | ERROR   | Dump saved → debug_logs/fail/tick0137.json
2025-06-28 18:41:19,689 | ERROR   | Solver failed | status=1 | SQP it=0 | KKT=nan | t=0.000s
2025-06-28 18:41:19,690 | ERROR   | Dump saved → debug_logs/fail/tick0138.json
