2025-06-06 16:04:35,058 | INFO    | ===== INITIAL STATE DUMP =====
2025-06-06 16:04:35,058 | DEBUG   | {
  "xcurrent": [
    1.089695930480957,
    1.4088244438171387,
    0.08456537127494812,
    0.0,
    0.0,
    0.0
  ],
  "params": {
    "QC": 10,
    "QL": 80,
    "MU": 10,
    "DVTHETA_MAX": 1.2,
    "N": 20,
    "T_HORIZON": 1.05,
    "RAMP_TIME": 1.8,
    "BARRIER_WEIGHT": 10,
    "TUNNEL_WIDTH": 0.25,
    "Q_OMEGA": 2,
    "R_VTHETA": 1.0,
    "GATE_RAMP_TIME": 2
  },
  "box_lims": {
    "vtheta_max": 1.2,
    "dvtheta_max": 1.2
  }
}
2025-06-06 16:04:37,426 | ERROR   | Solver failed | status=2 | SQP it=1000 | KKT=7.88e-08 | t=0.383s
2025-06-06 16:04:37,428 | ERROR   | Dump saved → debug_logs/fail/tick0033.json
2025-06-06 16:04:39,192 | ERROR   | Solver failed | status=1 | SQP it=21 | KKT=9.35e-10 | t=0.019s
2025-06-06 16:04:39,192 | ERROR   | Dump saved → debug_logs/fail/tick0097.json
2025-06-06 16:04:39,220 | ERROR   | Solver failed | status=1 | SQP it=0 | KKT=nan | t=0.000s
2025-06-06 16:04:39,220 | ERROR   | Dump saved → debug_logs/fail/tick0098.json
2025-06-06 16:04:39,248 | ERROR   | Solver failed | status=1 | SQP it=0 | KKT=nan | t=0.000s
2025-06-06 16:04:39,249 | ERROR   | Dump saved → debug_logs/fail/tick0099.json
2025-06-06 16:04:39,276 | ERROR   | Solver failed | status=1 | SQP it=0 | KKT=nan | t=0.000s
2025-06-06 16:04:39,276 | ERROR   | Dump saved → debug_logs/fail/tick0100.json
2025-06-06 16:04:39,302 | ERROR   | Solver failed | status=1 | SQP it=0 | KKT=nan | t=0.000s
2025-06-06 16:04:39,303 | ERROR   | Dump saved → debug_logs/fail/tick0101.json
2025-06-06 16:04:39,329 | ERROR   | Solver failed | status=1 | SQP it=0 | KKT=nan | t=0.000s
2025-06-06 16:04:39,330 | ERROR   | Dump saved → debug_logs/fail/tick0102.json
2025-06-06 16:04:39,357 | ERROR   | Solver failed | status=1 | SQP it=0 | KKT=nan | t=0.000s
2025-06-06 16:04:39,358 | ERROR   | Dump saved → debug_logs/fail/tick0103.json
2025-06-06 16:04:39,384 | ERROR   | Solver failed | status=1 | SQP it=0 | KKT=nan | t=0.000s
2025-06-06 16:04:39,385 | ERROR   | Dump saved → debug_logs/fail/tick0104.json
2025-06-06 16:04:39,412 | ERROR   | Solver failed | status=1 | SQP it=0 | KKT=nan | t=0.000s
2025-06-06 16:04:39,413 | ERROR   | Dump saved → debug_logs/fail/tick0105.json
2025-06-06 16:04:39,439 | ERROR   | Solver failed | status=1 | SQP it=0 | KKT=nan | t=0.000s
2025-06-06 16:04:39,440 | ERROR   | Dump saved → debug_logs/fail/tick0106.json
2025-06-06 16:04:39,464 | ERROR   | Solver failed | status=1 | SQP it=0 | KKT=nan | t=0.000s
2025-06-06 16:04:39,465 | ERROR   | Dump saved → debug_logs/fail/tick0107.json
2025-06-06 16:04:39,489 | ERROR   | Solver failed | status=1 | SQP it=0 | KKT=nan | t=0.000s
2025-06-06 16:04:39,490 | ERROR   | Dump saved → debug_logs/fail/tick0108.json
2025-06-06 16:04:39,514 | ERROR   | Solver failed | status=1 | SQP it=0 | KKT=nan | t=0.000s
2025-06-06 16:04:39,515 | ERROR   | Dump saved → debug_logs/fail/tick0109.json
2025-06-06 16:04:39,540 | ERROR   | Solver failed | status=1 | SQP it=0 | KKT=nan | t=0.000s
2025-06-06 16:04:39,540 | ERROR   | Dump saved → debug_logs/fail/tick0110.json
2025-06-06 16:04:39,565 | ERROR   | Solver failed | status=1 | SQP it=0 | KKT=nan | t=0.000s
2025-06-06 16:04:39,565 | ERROR   | Dump saved → debug_logs/fail/tick0111.json
2025-06-06 16:04:39,590 | ERROR   | Solver failed | status=1 | SQP it=0 | KKT=nan | t=0.000s
2025-06-06 16:04:39,591 | ERROR   | Dump saved → debug_logs/fail/tick0112.json
