2025-06-28 16:41:11,272 | INFO    | ===== INITIAL STATE DUMP =====
2025-06-28 16:41:11,272 | DEBUG   | {
  "xcurrent": [
    1.089695930480957,
    1.4088244438171387,
    0.08456537127494812,
    0.0,
    0.0,
    0.0
  ],
  "params": {
    "QC": 10,
    "QC_GATE": 50,
    "QL": 40,
    "MU": 10,
    "DVTHETA_MAX": 1.0,
    "N": 25,
    "T_HORIZON": 1.3,
    "RAMP_TIME": 0.6,
    "BARRIER_WEIGHT": 10,
    "OBSTACLE_WEIGHT": 80,
    "OBSTACLE_RADIUS": 0.15,
    "TUNNEL_WIDTH": 0.5,
    "TUNNEL_WIDTH_GATE": 0.3,
    "NARROW_DIST": 0.4,
    "GATE_FLAT_DIST": 0.2,
    "GATE_SWITCH_ALIGN": 0.4,
    "GATE_SWITCH_DIST": 1.2,
    "Q_OMEGA": 2,
    "R_VTHETA": 1.0,
    "REG_THRUST": 0.018,
    "REG_INPUTS": 0.01
  },
  "box_lims": {
    "vtheta_max": 1.0,
    "dvtheta_max": 1.0
  }
}
2025-06-28 16:41:18,370 | ERROR   | Solver failed | status=1 | SQP it=45 | KKT=5.69e-09 | t=0.050s
2025-06-28 16:41:18,372 | ERROR   | Dump saved → debug_logs/fail/tick0068.json
2025-06-28 16:41:18,402 | ERROR   | Solver failed | status=1 | SQP it=0 | KKT=nan | t=0.000s
2025-06-28 16:41:18,403 | ERROR   | Dump saved → debug_logs/fail/tick0069.json
2025-06-28 16:41:18,432 | ERROR   | Solver failed | status=1 | SQP it=0 | KKT=nan | t=0.000s
2025-06-28 16:41:18,432 | ERROR   | Dump saved → debug_logs/fail/tick0070.json
2025-06-28 16:41:18,460 | ERROR   | Solver failed | status=1 | SQP it=0 | KKT=nan | t=0.000s
2025-06-28 16:41:18,461 | ERROR   | Dump saved → debug_logs/fail/tick0071.json
2025-06-28 16:41:18,488 | ERROR   | Solver failed | status=1 | SQP it=0 | KKT=nan | t=0.000s
2025-06-28 16:41:18,489 | ERROR   | Dump saved → debug_logs/fail/tick0072.json
2025-06-28 16:41:18,517 | ERROR   | Solver failed | status=1 | SQP it=0 | KKT=nan | t=0.000s
2025-06-28 16:41:18,518 | ERROR   | Dump saved → debug_logs/fail/tick0073.json
2025-06-28 16:41:18,546 | ERROR   | Solver failed | status=1 | SQP it=0 | KKT=nan | t=0.000s
2025-06-28 16:41:18,546 | ERROR   | Dump saved → debug_logs/fail/tick0074.json
2025-06-28 16:41:18,575 | ERROR   | Solver failed | status=1 | SQP it=0 | KKT=nan | t=0.000s
2025-06-28 16:41:18,576 | ERROR   | Dump saved → debug_logs/fail/tick0075.json
2025-06-28 16:41:18,604 | ERROR   | Solver failed | status=4 | SQP it=1 | KKT=6.74e+02 | t=0.000s
2025-06-28 16:41:18,604 | ERROR   | Dump saved → debug_logs/fail/tick0076.json
2025-06-28 16:41:18,633 | ERROR   | Solver failed | status=4 | SQP it=1 | KKT=6.74e+02 | t=0.000s
2025-06-28 16:41:18,634 | ERROR   | Dump saved → debug_logs/fail/tick0077.json
2025-06-28 16:41:18,663 | ERROR   | Solver failed | status=4 | SQP it=1 | KKT=6.74e+02 | t=0.000s
2025-06-28 16:41:18,664 | ERROR   | Dump saved → debug_logs/fail/tick0078.json
2025-06-28 16:41:20,288 | ERROR   | Solver failed | status=4 | SQP it=1 | KKT=6.74e+02 | t=0.001s
2025-06-28 16:41:20,290 | ERROR   | Dump saved → debug_logs/fail/tick0079.json
2025-06-28 16:41:20,336 | ERROR   | Solver failed | status=4 | SQP it=1 | KKT=6.74e+02 | t=0.001s
2025-06-28 16:41:20,337 | ERROR   | Dump saved → debug_logs/fail/tick0080.json
2025-06-28 16:41:20,375 | ERROR   | Solver failed | status=4 | SQP it=1 | KKT=6.74e+02 | t=0.001s
2025-06-28 16:41:20,376 | ERROR   | Dump saved → debug_logs/fail/tick0081.json
2025-06-28 16:41:20,410 | ERROR   | Solver failed | status=4 | SQP it=1 | KKT=6.74e+02 | t=0.000s
2025-06-28 16:41:20,411 | ERROR   | Dump saved → debug_logs/fail/tick0082.json
2025-06-28 16:41:20,443 | ERROR   | Solver failed | status=4 | SQP it=1 | KKT=6.74e+02 | t=0.000s
2025-06-28 16:41:20,444 | ERROR   | Dump saved → debug_logs/fail/tick0083.json
2025-06-28 16:41:20,477 | ERROR   | Solver failed | status=4 | SQP it=1 | KKT=6.74e+02 | t=0.000s
2025-06-28 16:41:20,478 | ERROR   | Dump saved → debug_logs/fail/tick0084.json
2025-06-28 16:41:20,509 | ERROR   | Solver failed | status=4 | SQP it=1 | KKT=6.74e+02 | t=0.000s
2025-06-28 16:41:20,510 | ERROR   | Dump saved → debug_logs/fail/tick0085.json
2025-06-28 16:41:20,543 | ERROR   | Solver failed | status=4 | SQP it=1 | KKT=6.74e+02 | t=0.000s
2025-06-28 16:41:20,544 | ERROR   | Dump saved → debug_logs/fail/tick0086.json
2025-06-28 16:41:20,575 | ERROR   | Solver failed | status=4 | SQP it=1 | KKT=6.74e+02 | t=0.000s
2025-06-28 16:41:20,576 | ERROR   | Dump saved → debug_logs/fail/tick0087.json
