2025-06-06 15:51:17,723 | INFO    | ===== INITIAL STATE DUMP =====
2025-06-06 15:51:17,724 | DEBUG   | {
  "xcurrent": [
    1.089695930480957,
    1.4088244438171387,
    0.08456537127494812,
    0.0,
    0.0,
    0.0
  ],
  "params": {
    "QC": 10,
    "QL": 80,
    "MU": 10,
    "DVTHETA_MAX": 1.5,
    "N": 20,
    "T_HORIZON": 1.05,
    "RAMP_TIME": 1.8,
    "BARRIER_WEIGHT": 10,
    "TUNNEL_WIDTH": 0.25,
    "Q_OMEGA": 2,
    "R_VTHETA": 1.0
  },
  "box_lims": {
    "vtheta_max": 1.5,
    "dvtheta_max": 1.5
  }
}
2025-06-06 15:51:21,315 | ERROR   | Solver failed | status=1 | SQP it=28 | KKT=7.67e-08 | t=0.026s
2025-06-06 15:51:21,317 | ERROR   | Dump saved → debug_logs/fail/tick0084.json
2025-06-06 15:51:21,345 | ERROR   | Solver failed | status=1 | SQP it=0 | KKT=nan | t=0.000s
2025-06-06 15:51:21,346 | ERROR   | Dump saved → debug_logs/fail/tick0085.json
2025-06-06 15:51:21,371 | ERROR   | Solver failed | status=1 | SQP it=0 | KKT=nan | t=0.000s
2025-06-06 15:51:21,372 | ERROR   | Dump saved → debug_logs/fail/tick0086.json
2025-06-06 15:51:21,395 | ERROR   | Solver failed | status=1 | SQP it=0 | KKT=nan | t=0.000s
2025-06-06 15:51:21,396 | ERROR   | Dump saved → debug_logs/fail/tick0087.json
2025-06-06 15:51:21,420 | ERROR   | Solver failed | status=1 | SQP it=0 | KKT=nan | t=0.000s
2025-06-06 15:51:21,420 | ERROR   | Dump saved → debug_logs/fail/tick0088.json
2025-06-06 15:51:21,444 | ERROR   | Solver failed | status=1 | SQP it=0 | KKT=nan | t=0.000s
2025-06-06 15:51:21,445 | ERROR   | Dump saved → debug_logs/fail/tick0089.json
2025-06-06 15:51:21,470 | ERROR   | Solver failed | status=1 | SQP it=0 | KKT=nan | t=0.000s
2025-06-06 15:51:21,471 | ERROR   | Dump saved → debug_logs/fail/tick0090.json
2025-06-06 15:51:21,497 | ERROR   | Solver failed | status=1 | SQP it=0 | KKT=nan | t=0.000s
2025-06-06 15:51:21,497 | ERROR   | Dump saved → debug_logs/fail/tick0091.json
2025-06-06 15:51:21,522 | ERROR   | Solver failed | status=1 | SQP it=0 | KKT=nan | t=0.000s
2025-06-06 15:51:21,522 | ERROR   | Dump saved → debug_logs/fail/tick0092.json
2025-06-06 15:51:21,546 | ERROR   | Solver failed | status=1 | SQP it=0 | KKT=nan | t=0.000s
2025-06-06 15:51:21,547 | ERROR   | Dump saved → debug_logs/fail/tick0093.json
2025-06-06 15:51:21,570 | ERROR   | Solver failed | status=4 | SQP it=1 | KKT=1.86e+02 | t=0.000s
2025-06-06 15:51:21,571 | ERROR   | Dump saved → debug_logs/fail/tick0094.json
