2025-06-28 19:37:22,954 | INFO    | ===== INITIAL STATE DUMP =====
2025-06-28 19:37:22,954 | DEBUG   | {
  "xcurrent": [
    1.089695930480957,
    1.4088244438171387,
    0.08456537127494812,
    0.0,
    0.0,
    0.0
  ],
  "params": {
    "QC": 10,
    "QC_GATE": 50,
    "QL": 40,
    "MU": 10,
    "DVTHETA_MAX": 1.6,
    "N": 20,
    "T_HORIZON": 0.7,
    "RAMP_TIME": 0.6,
    "BARRIER_WEIGHT": 10,
    "OBSTACLE_WEIGHT": [
      1,
      10,
      1,
      1
    ],
    "OBSTACLE_RADIUS": 0.3,
    "TUNNEL_WIDTH": 0.4,
    "TUNNEL_WIDTH_GATE": 0.15,
    "NARROW_DIST": 0.6,
    "GATE_FLAT_DIST": 0.45,
    "Q_OMEGA": 2,
    "R_VTHETA": 1.0,
    "REG_THRUST": 0.05,
    "REG_INPUTS": 0.03
  },
  "box_lims": {
    "vtheta_max": 1.6,
    "dvtheta_max": 1.6
  }
}
2025-06-28 19:37:30,593 | ERROR   | Solver failed | status=4 | SQP it=16 | KKT=1.38e-08 | t=0.029s
2025-06-28 19:37:30,594 | ERROR   | Dump saved → debug_logs/fail/tick0090.json
2025-06-28 19:37:30,801 | ERROR   | Solver failed | status=4 | SQP it=39 | KKT=1.41e-09 | t=0.178s
2025-06-28 19:37:30,801 | ERROR   | Dump saved → debug_logs/fail/tick0091.json
2025-06-28 19:37:30,835 | ERROR   | Solver failed | status=4 | SQP it=4 | KKT=1.41e-09 | t=0.004s
2025-06-28 19:37:30,836 | ERROR   | Dump saved → debug_logs/fail/tick0092.json
2025-06-28 19:37:32,275 | ERROR   | Solver failed | status=4 | SQP it=6 | KKT=1.50e+01 | t=0.016s
2025-06-28 19:37:32,276 | ERROR   | Dump saved → debug_logs/fail/tick0093.json
2025-06-28 19:37:32,561 | ERROR   | Solver failed | status=4 | SQP it=32 | KKT=1.69e-09 | t=0.245s
2025-06-28 19:37:32,562 | ERROR   | Dump saved → debug_logs/fail/tick0094.json
