2025-06-28 15:23:11,213 | INFO    | ===== INITIAL STATE DUMP =====
2025-06-28 15:23:11,213 | DEBUG   | {
  "xcurrent": [
    1.089695930480957,
    1.4088244438171387,
    0.08456537127494812,
    0.0,
    0.0,
    0.0
  ],
  "params": {
    "QC": 10,
    "QC_GATE": 50,
    "QL": 40,
    "MU": 10,
    "DVTHETA_MAX": 1.0,
    "N": 20,
    "T_HORIZON": 0.8,
    "RAMP_TIME": 0.6,
    "BARRIER_WEIGHT": 10,
    "OBSTACLE_WEIGHT": 80,
    "OBSTACLE_RADIUS": 0.3,
    "TUNNEL_WIDTH": 0.4,
    "TUNNEL_WIDTH_GATE": 0.15,
    "NARROW_DIST": 0.6,
    "GATE_FLAT_DIST": 0.3,
    "BACK_FLAT_DIST": 0.1,
    "BACK_RAMP_DIST": 0.2,
    "Q_OMEGA": 2,
    "R_VTHETA": 1.0,
    "REG_THRUST": 0.018,
    "REG_INPUTS": 0.1
  },
  "box_lims": {
    "vtheta_max": 1.0,
    "dvtheta_max": 1.0
  }
}
2025-06-28 15:23:29,932 | ERROR   | Solver failed | status=4 | SQP it=4 | KKT=3.10e-08 | t=0.003s
2025-06-28 15:23:29,933 | ERROR   | Dump saved → debug_logs/fail/tick0127.json
2025-06-28 15:23:29,964 | ERROR   | Solver failed | status=4 | SQP it=1 | KKT=4.16e+01 | t=0.001s
2025-06-28 15:23:29,965 | ERROR   | Dump saved → debug_logs/fail/tick0128.json
2025-06-28 15:23:30,008 | ERROR   | Solver failed | status=4 | SQP it=17 | KKT=4.47e-08 | t=0.012s
2025-06-28 15:23:30,009 | ERROR   | Dump saved → debug_logs/fail/tick0129.json
