2025-06-20 16:03:14,461 | INFO    | ===== INITIAL STATE DUMP =====
2025-06-20 16:03:14,461 | DEBUG   | {
  "xcurrent": [
    1.089695930480957,
    1.4088244438171387,
    0.08456537127494812,
    0.0,
    0.0,
    0.0
  ],
  "params": {
    "QC": 10,
    "QC_GATE": 50,
    "QL": 40,
    "MU": 10,
    "DVTHETA_MAX": 1.7,
    "N": 15,
    "T_HORIZON": 0.8,
    "RAMP_TIME": 1.8,
    "BARRIER_WEIGHT": 10,
    "TUNNEL_WIDTH": 0.7,
    "TUNNEL_WIDTH_GATE": 0.15,
    "NARROW_DIST": 0.7,
    "GATE_FLAT_DIST": 0.4,
    "Q_OMEGA": 2,
    "R_VTHETA": 1.0,
    "IN_GATE_RAMP_TIME": 0.3,
    "OUT_GATE_RAMP_TIME": 0.5
  },
  "box_lims": {
    "vtheta_max": 1.7,
    "dvtheta_max": 1.7
  }
}
2025-06-20 16:03:26,444 | INFO    | ===== INITIAL STATE DUMP =====
2025-06-20 16:03:26,444 | DEBUG   | {
  "xcurrent": [
    1.0562248229980469,
    1.4332444667816162,
    0.086634561419487,
    0.0,
    0.0,
    0.0
  ],
  "params": {
    "QC": 10,
    "QC_GATE": 50,
    "QL": 40,
    "MU": 10,
    "DVTHETA_MAX": 1.7,
    "N": 15,
    "T_HORIZON": 0.8,
    "RAMP_TIME": 1.8,
    "BARRIER_WEIGHT": 10,
    "TUNNEL_WIDTH": 0.7,
    "TUNNEL_WIDTH_GATE": 0.15,
    "NARROW_DIST": 0.7,
    "GATE_FLAT_DIST": 0.4,
    "Q_OMEGA": 2,
    "R_VTHETA": 1.0,
    "IN_GATE_RAMP_TIME": 0.3,
    "OUT_GATE_RAMP_TIME": 0.5
  },
  "box_lims": {
    "vtheta_max": 1.7,
    "dvtheta_max": 1.7
  }
}
2025-06-20 16:03:30,481 | INFO    | ===== INITIAL STATE DUMP =====
2025-06-20 16:03:30,481 | DEBUG   | {
  "xcurrent": [
    1.0480575561523438,
    1.5378029346466064,
    0.08411988615989685,
    0.0,
    0.0,
    0.0
  ],
  "params": {
    "QC": 10,
    "QC_GATE": 50,
    "QL": 40,
    "MU": 10,
    "DVTHETA_MAX": 1.7,
    "N": 15,
    "T_HORIZON": 0.8,
    "RAMP_TIME": 1.8,
    "BARRIER_WEIGHT": 10,
    "TUNNEL_WIDTH": 0.7,
    "TUNNEL_WIDTH_GATE": 0.15,
    "NARROW_DIST": 0.7,
    "GATE_FLAT_DIST": 0.4,
    "Q_OMEGA": 2,
    "R_VTHETA": 1.0,
    "IN_GATE_RAMP_TIME": 0.3,
    "OUT_GATE_RAMP_TIME": 0.5
  },
  "box_lims": {
    "vtheta_max": 1.7,
    "dvtheta_max": 1.7
  }
}
2025-06-20 16:03:41,246 | INFO    | ===== INITIAL STATE DUMP =====
2025-06-20 16:03:41,246 | DEBUG   | {
  "xcurrent": [
    1.0227620601654053,
    1.4337773323059082,
    0.07535959035158157,
    0.0,
    0.0,
    0.0
  ],
  "params": {
    "QC": 10,
    "QC_GATE": 50,
    "QL": 40,
    "MU": 10,
    "DVTHETA_MAX": 1.7,
    "N": 15,
    "T_HORIZON": 0.8,
    "RAMP_TIME": 1.8,
    "BARRIER_WEIGHT": 10,
    "TUNNEL_WIDTH": 0.7,
    "TUNNEL_WIDTH_GATE": 0.15,
    "NARROW_DIST": 0.7,
    "GATE_FLAT_DIST": 0.4,
    "Q_OMEGA": 2,
    "R_VTHETA": 1.0,
    "IN_GATE_RAMP_TIME": 0.3,
    "OUT_GATE_RAMP_TIME": 0.5
  },
  "box_lims": {
    "vtheta_max": 1.7,
    "dvtheta_max": 1.7
  }
}
2025-06-20 16:03:51,668 | INFO    | ===== INITIAL STATE DUMP =====
2025-06-20 16:03:51,668 | DEBUG   | {
  "xcurrent": [
    1.0719332695007324,
    1.5178532600402832,
    0.08030379563570023,
    0.0,
    0.0,
    0.0
  ],
  "params": {
    "QC": 10,
    "QC_GATE": 50,
    "QL": 40,
    "MU": 10,
    "DVTHETA_MAX": 1.7,
    "N": 15,
    "T_HORIZON": 0.8,
    "RAMP_TIME": 1.8,
    "BARRIER_WEIGHT": 10,
    "TUNNEL_WIDTH": 0.7,
    "TUNNEL_WIDTH_GATE": 0.15,
    "NARROW_DIST": 0.7,
    "GATE_FLAT_DIST": 0.4,
    "Q_OMEGA": 2,
    "R_VTHETA": 1.0,
    "IN_GATE_RAMP_TIME": 0.3,
    "OUT_GATE_RAMP_TIME": 0.5
  },
  "box_lims": {
    "vtheta_max": 1.7,
    "dvtheta_max": 1.7
  }
}
2025-06-20 16:03:52,015 | ERROR   | Solver failed | status=2 | SQP it=1000 | KKT=3.03e-08 | t=0.203s
2025-06-20 16:03:52,017 | ERROR   | Dump saved → debug_logs/fail/tick0005.json
2025-06-20 16:03:59,274 | INFO    | ===== INITIAL STATE DUMP =====
2025-06-20 16:03:59,275 | DEBUG   | {
  "xcurrent": [
    1.041853904724121,
    1.56289541721344,
    0.08372972160577774,
    0.0,
    0.0,
    0.0
  ],
  "params": {
    "QC": 10,
    "QC_GATE": 50,
    "QL": 40,
    "MU": 10,
    "DVTHETA_MAX": 1.7,
    "N": 15,
    "T_HORIZON": 0.8,
    "RAMP_TIME": 1.8,
    "BARRIER_WEIGHT": 10,
    "TUNNEL_WIDTH": 0.7,
    "TUNNEL_WIDTH_GATE": 0.15,
    "NARROW_DIST": 0.7,
    "GATE_FLAT_DIST": 0.4,
    "Q_OMEGA": 2,
    "R_VTHETA": 1.0,
    "IN_GATE_RAMP_TIME": 0.3,
    "OUT_GATE_RAMP_TIME": 0.5
  },
  "box_lims": {
    "vtheta_max": 1.7,
    "dvtheta_max": 1.7
  }
}
2025-06-20 16:04:03,577 | INFO    | ===== INITIAL STATE DUMP =====
2025-06-20 16:04:03,577 | DEBUG   | {
  "xcurrent": [
    0.9294358491897583,
    1.549811601638794,
    0.0892992913722992,
    0.0,
    0.0,
    0.0
  ],
  "params": {
    "QC": 10,
    "QC_GATE": 50,
    "QL": 40,
    "MU": 10,
    "DVTHETA_MAX": 1.7,
    "N": 15,
    "T_HORIZON": 0.8,
    "RAMP_TIME": 1.8,
    "BARRIER_WEIGHT": 10,
    "TUNNEL_WIDTH": 0.7,
    "TUNNEL_WIDTH_GATE": 0.15,
    "NARROW_DIST": 0.7,
    "GATE_FLAT_DIST": 0.4,
    "Q_OMEGA": 2,
    "R_VTHETA": 1.0,
    "IN_GATE_RAMP_TIME": 0.3,
    "OUT_GATE_RAMP_TIME": 0.5
  },
  "box_lims": {
    "vtheta_max": 1.7,
    "dvtheta_max": 1.7
  }
}
2025-06-20 16:04:11,893 | ERROR   | Solver failed | status=2 | SQP it=1000 | KKT=1.03e-11 | t=0.467s
2025-06-20 16:04:11,895 | ERROR   | Dump saved → debug_logs/fail/tick0263.json
2025-06-20 16:04:12,534 | ERROR   | Solver failed | status=2 | SQP it=1000 | KKT=3.19e-08 | t=0.612s
2025-06-20 16:04:12,535 | ERROR   | Dump saved → debug_logs/fail/tick0264.json
2025-06-20 16:04:13,242 | ERROR   | Solver failed | status=2 | SQP it=1000 | KKT=3.31e-09 | t=0.680s
2025-06-20 16:04:13,243 | ERROR   | Dump saved → debug_logs/fail/tick0265.json
2025-06-20 16:04:13,927 | ERROR   | Solver failed | status=2 | SQP it=1000 | KKT=1.75e-10 | t=0.619s
2025-06-20 16:04:13,928 | ERROR   | Dump saved → debug_logs/fail/tick0266.json
2025-06-20 16:04:14,587 | ERROR   | Solver failed | status=2 | SQP it=1000 | KKT=2.31e-08 | t=0.627s
2025-06-20 16:04:14,588 | ERROR   | Dump saved → debug_logs/fail/tick0267.json
2025-06-20 16:04:15,265 | ERROR   | Solver failed | status=2 | SQP it=1000 | KKT=3.18e-10 | t=0.654s
2025-06-20 16:04:15,266 | ERROR   | Dump saved → debug_logs/fail/tick0268.json
2025-06-20 16:04:15,945 | ERROR   | Solver failed | status=2 | SQP it=1000 | KKT=3.25e-08 | t=0.653s
2025-06-20 16:04:15,946 | ERROR   | Dump saved → debug_logs/fail/tick0269.json
