2025-06-20 16:05:03,506 | INFO    | ===== INITIAL STATE DUMP =====
2025-06-20 16:05:03,507 | DEBUG   | {
  "xcurrent": [
    1.089695930480957,
    1.4088244438171387,
    0.08456537127494812,
    0.0,
    0.0,
    0.0
  ],
  "params": {
    "QC": 10,
    "QC_GATE": 50,
    "QL": 40,
    "MU": 10,
    "DVTHETA_MAX": 1.7,
    "N": 15,
    "T_HORIZON": 0.8,
    "RAMP_TIME": 1.8,
    "BARRIER_WEIGHT": 10,
    "TUNNEL_WIDTH": 0.5,
    "TUNNEL_WIDTH_GATE": 0.15,
    "NARROW_DIST": 0.7,
    "GATE_FLAT_DIST": 0.3,
    "Q_OMEGA": 2,
    "R_VTHETA": 1.0,
    "IN_GATE_RAMP_TIME": 0.3,
    "OUT_GATE_RAMP_TIME": 0.5
  },
  "box_lims": {
    "vtheta_max": 1.7,
    "dvtheta_max": 1.7
  }
}
2025-06-20 16:05:15,503 | INFO    | ===== INITIAL STATE DUMP =====
2025-06-20 16:05:15,503 | DEBUG   | {
  "xcurrent": [
    1.0562248229980469,
    1.4332444667816162,
    0.086634561419487,
    0.0,
    0.0,
    0.0
  ],
  "params": {
    "QC": 10,
    "QC_GATE": 50,
    "QL": 40,
    "MU": 10,
    "DVTHETA_MAX": 1.7,
    "N": 15,
    "T_HORIZON": 0.8,
    "RAMP_TIME": 1.8,
    "BARRIER_WEIGHT": 10,
    "TUNNEL_WIDTH": 0.5,
    "TUNNEL_WIDTH_GATE": 0.15,
    "NARROW_DIST": 0.7,
    "GATE_FLAT_DIST": 0.3,
    "Q_OMEGA": 2,
    "R_VTHETA": 1.0,
    "IN_GATE_RAMP_TIME": 0.3,
    "OUT_GATE_RAMP_TIME": 0.5
  },
  "box_lims": {
    "vtheta_max": 1.7,
    "dvtheta_max": 1.7
  }
}
2025-06-20 16:05:19,538 | INFO    | ===== INITIAL STATE DUMP =====
2025-06-20 16:05:19,538 | DEBUG   | {
  "xcurrent": [
    1.0231214761734009,
    1.42255437374115,
    0.07180594652891159,
    0.0,
    0.0,
    0.0
  ],
  "params": {
    "QC": 10,
    "QC_GATE": 50,
    "QL": 40,
    "MU": 10,
    "DVTHETA_MAX": 1.7,
    "N": 15,
    "T_HORIZON": 0.8,
    "RAMP_TIME": 1.8,
    "BARRIER_WEIGHT": 10,
    "TUNNEL_WIDTH": 0.5,
    "TUNNEL_WIDTH_GATE": 0.15,
    "NARROW_DIST": 0.7,
    "GATE_FLAT_DIST": 0.3,
    "Q_OMEGA": 2,
    "R_VTHETA": 1.0,
    "IN_GATE_RAMP_TIME": 0.3,
    "OUT_GATE_RAMP_TIME": 0.5
  },
  "box_lims": {
    "vtheta_max": 1.7,
    "dvtheta_max": 1.7
  }
}
2025-06-20 16:05:30,117 | INFO    | ===== INITIAL STATE DUMP =====
2025-06-20 16:05:30,117 | DEBUG   | {
  "xcurrent": [
    0.9594607949256897,
    1.5427359342575073,
    0.07716356217861176,
    0.0,
    0.0,
    0.0
  ],
  "params": {
    "QC": 10,
    "QC_GATE": 50,
    "QL": 40,
    "MU": 10,
    "DVTHETA_MAX": 1.7,
    "N": 15,
    "T_HORIZON": 0.8,
    "RAMP_TIME": 1.8,
    "BARRIER_WEIGHT": 10,
    "TUNNEL_WIDTH": 0.5,
    "TUNNEL_WIDTH_GATE": 0.15,
    "NARROW_DIST": 0.7,
    "GATE_FLAT_DIST": 0.3,
    "Q_OMEGA": 2,
    "R_VTHETA": 1.0,
    "IN_GATE_RAMP_TIME": 0.3,
    "OUT_GATE_RAMP_TIME": 0.5
  },
  "box_lims": {
    "vtheta_max": 1.7,
    "dvtheta_max": 1.7
  }
}
2025-06-20 16:05:30,581 | ERROR   | Solver failed | status=2 | SQP it=1000 | KKT=6.77e-08 | t=0.164s
2025-06-20 16:05:30,583 | ERROR   | Dump saved → debug_logs/fail/tick0011.json
2025-06-20 16:05:36,079 | INFO    | ===== INITIAL STATE DUMP =====
2025-06-20 16:05:36,079 | DEBUG   | {
  "xcurrent": [
    0.9399204254150391,
    1.4034196138381958,
    0.0800710916519165,
    0.0,
    0.0,
    0.0
  ],
  "params": {
    "QC": 10,
    "QC_GATE": 50,
    "QL": 40,
    "MU": 10,
    "DVTHETA_MAX": 1.7,
    "N": 15,
    "T_HORIZON": 0.8,
    "RAMP_TIME": 1.8,
    "BARRIER_WEIGHT": 10,
    "TUNNEL_WIDTH": 0.5,
    "TUNNEL_WIDTH_GATE": 0.15,
    "NARROW_DIST": 0.7,
    "GATE_FLAT_DIST": 0.3,
    "Q_OMEGA": 2,
    "R_VTHETA": 1.0,
    "IN_GATE_RAMP_TIME": 0.3,
    "OUT_GATE_RAMP_TIME": 0.5
  },
  "box_lims": {
    "vtheta_max": 1.7,
    "dvtheta_max": 1.7
  }
}
2025-06-20 16:05:40,064 | INFO    | ===== INITIAL STATE DUMP =====
2025-06-20 16:05:40,065 | DEBUG   | {
  "xcurrent": [
    1.0620923042297363,
    1.5451313257217407,
    0.07084847241640091,
    0.0,
    0.0,
    0.0
  ],
  "params": {
    "QC": 10,
    "QC_GATE": 50,
    "QL": 40,
    "MU": 10,
    "DVTHETA_MAX": 1.7,
    "N": 15,
    "T_HORIZON": 0.8,
    "RAMP_TIME": 1.8,
    "BARRIER_WEIGHT": 10,
    "TUNNEL_WIDTH": 0.5,
    "TUNNEL_WIDTH_GATE": 0.15,
    "NARROW_DIST": 0.7,
    "GATE_FLAT_DIST": 0.3,
    "Q_OMEGA": 2,
    "R_VTHETA": 1.0,
    "IN_GATE_RAMP_TIME": 0.3,
    "OUT_GATE_RAMP_TIME": 0.5
  },
  "box_lims": {
    "vtheta_max": 1.7,
    "dvtheta_max": 1.7
  }
}
2025-06-20 16:05:50,659 | INFO    | ===== INITIAL STATE DUMP =====
2025-06-20 16:05:50,659 | DEBUG   | {
  "xcurrent": [
    1.0740892887115479,
    1.4975711107254028,
    0.07171399891376495,
    0.0,
    0.0,
    0.0
  ],
  "params": {
    "QC": 10,
    "QC_GATE": 50,
    "QL": 40,
    "MU": 10,
    "DVTHETA_MAX": 1.7,
    "N": 15,
    "T_HORIZON": 0.8,
    "RAMP_TIME": 1.8,
    "BARRIER_WEIGHT": 10,
    "TUNNEL_WIDTH": 0.5,
    "TUNNEL_WIDTH_GATE": 0.15,
    "NARROW_DIST": 0.7,
    "GATE_FLAT_DIST": 0.3,
    "Q_OMEGA": 2,
    "R_VTHETA": 1.0,
    "IN_GATE_RAMP_TIME": 0.3,
    "OUT_GATE_RAMP_TIME": 0.5
  },
  "box_lims": {
    "vtheta_max": 1.7,
    "dvtheta_max": 1.7
  }
}
2025-06-20 16:06:00,905 | INFO    | ===== INITIAL STATE DUMP =====
2025-06-20 16:06:00,905 | DEBUG   | {
  "xcurrent": [
    1.0574408769607544,
    1.5186392068862915,
    0.08028507977724075,
    0.0,
    0.0,
    0.0
  ],
  "params": {
    "QC": 10,
    "QC_GATE": 50,
    "QL": 40,
    "MU": 10,
    "DVTHETA_MAX": 1.7,
    "N": 15,
    "T_HORIZON": 0.8,
    "RAMP_TIME": 1.8,
    "BARRIER_WEIGHT": 10,
    "TUNNEL_WIDTH": 0.5,
    "TUNNEL_WIDTH_GATE": 0.15,
    "NARROW_DIST": 0.7,
    "GATE_FLAT_DIST": 0.3,
    "Q_OMEGA": 2,
    "R_VTHETA": 1.0,
    "IN_GATE_RAMP_TIME": 0.3,
    "OUT_GATE_RAMP_TIME": 0.5
  },
  "box_lims": {
    "vtheta_max": 1.7,
    "dvtheta_max": 1.7
  }
}
2025-06-20 16:06:08,005 | ERROR   | Solver failed | status=2 | SQP it=1000 | KKT=2.34e-08 | t=0.629s
2025-06-20 16:06:08,007 | ERROR   | Dump saved → debug_logs/fail/tick0221.json
2025-06-20 16:06:08,343 | ERROR   | Solver failed | status=4 | SQP it=473 | KKT=9.01e-08 | t=0.305s
2025-06-20 16:06:08,343 | ERROR   | Dump saved → debug_logs/fail/tick0222.json
2025-06-20 16:06:08,952 | ERROR   | Solver failed | status=2 | SQP it=1000 | KKT=7.58e-11 | t=0.581s
2025-06-20 16:06:08,952 | ERROR   | Dump saved → debug_logs/fail/tick0223.json
2025-06-20 16:06:09,574 | ERROR   | Solver failed | status=2 | SQP it=1000 | KKT=8.81e-12 | t=0.598s
2025-06-20 16:06:09,575 | ERROR   | Dump saved → debug_logs/fail/tick0224.json
2025-06-20 16:06:10,151 | ERROR   | Solver failed | status=2 | SQP it=1000 | KKT=1.40e-08 | t=0.549s
2025-06-20 16:06:10,152 | ERROR   | Dump saved → debug_logs/fail/tick0225.json
2025-06-20 16:06:12,098 | INFO    | ===== INITIAL STATE DUMP =====
2025-06-20 16:06:12,099 | DEBUG   | {
  "xcurrent": [
    1.01401948928833,
    1.404610276222229,
    0.08374703675508499,
    0.0,
    0.0,
    0.0
  ],
  "params": {
    "QC": 10,
    "QC_GATE": 50,
    "QL": 40,
    "MU": 10,
    "DVTHETA_MAX": 1.7,
    "N": 15,
    "T_HORIZON": 0.8,
    "RAMP_TIME": 1.8,
    "BARRIER_WEIGHT": 10,
    "TUNNEL_WIDTH": 0.5,
    "TUNNEL_WIDTH_GATE": 0.15,
    "NARROW_DIST": 0.7,
    "GATE_FLAT_DIST": 0.3,
    "Q_OMEGA": 2,
    "R_VTHETA": 1.0,
    "IN_GATE_RAMP_TIME": 0.3,
    "OUT_GATE_RAMP_TIME": 0.5
  },
  "box_lims": {
    "vtheta_max": 1.7,
    "dvtheta_max": 1.7
  }
}
2025-06-20 16:06:22,771 | INFO    | ===== INITIAL STATE DUMP =====
2025-06-20 16:06:22,771 | DEBUG   | {
  "xcurrent": [
    0.9831249117851257,
    1.4249653816223145,
    0.07394629716873169,
    0.0,
    0.0,
    0.0
  ],
  "params": {
    "QC": 10,
    "QC_GATE": 50,
    "QL": 40,
    "MU": 10,
    "DVTHETA_MAX": 1.7,
    "N": 15,
    "T_HORIZON": 0.8,
    "RAMP_TIME": 1.8,
    "BARRIER_WEIGHT": 10,
    "TUNNEL_WIDTH": 0.5,
    "TUNNEL_WIDTH_GATE": 0.15,
    "NARROW_DIST": 0.7,
    "GATE_FLAT_DIST": 0.3,
    "Q_OMEGA": 2,
    "R_VTHETA": 1.0,
    "IN_GATE_RAMP_TIME": 0.3,
    "OUT_GATE_RAMP_TIME": 0.5
  },
  "box_lims": {
    "vtheta_max": 1.7,
    "dvtheta_max": 1.7
  }
}
