2025-06-06 18:09:19,056 | INFO    | ===== INITIAL STATE DUMP =====
2025-06-06 18:09:19,057 | DEBUG   | {
  "xcurrent": [
    1.089695930480957,
    1.4088244438171387,
    0.08456537127494812,
    0.0,
    0.0,
    0.0
  ],
  "params": {
    "QC": 10,
    "QL": 80,
    "MU": 10,
    "DVTHETA_MAX": 2,
    "N": 20,
    "T_HORIZON": 1.05,
    "RAMP_TIME": 1.8,
    "BARRIER_WEIGHT": 10,
    "TUNNEL_WIDTH": 0.45,
    "TUNNEL_WIDTH_GATE": 0.25,
    "Q_OMEGA": 2,
    "R_VTHETA": 1.0,
    "IN_GATE_RAMP_TIME": 0.2,
    "OUT_GATE_RAMP_TIME": 0.4
  },
  "box_lims": {
    "vtheta_max": 2.0,
    "dvtheta_max": 2.0
  }
}
2025-06-06 18:09:22,195 | ERROR   | Solver failed | status=2 | SQP it=50 | KKT=1.28e-14 | t=0.036s
2025-06-06 18:09:22,196 | ERROR   | Dump saved → debug_logs/fail/tick0071.json
2025-06-06 18:09:22,268 | ERROR   | Solver failed | status=2 | SQP it=50 | KKT=3.49e-10 | t=0.049s
2025-06-06 18:09:22,269 | ERROR   | Dump saved → debug_logs/fail/tick0072.json
2025-06-06 18:09:22,302 | ERROR   | Solver failed | status=1 | SQP it=7 | KKT=1.00e+00 | t=0.008s
2025-06-06 18:09:22,303 | ERROR   | Dump saved → debug_logs/fail/tick0073.json
2025-06-06 18:09:22,327 | ERROR   | Solver failed | status=1 | SQP it=0 | KKT=nan | t=0.000s
2025-06-06 18:09:22,328 | ERROR   | Dump saved → debug_logs/fail/tick0074.json
2025-06-06 18:09:22,352 | ERROR   | Solver failed | status=1 | SQP it=0 | KKT=nan | t=0.000s
2025-06-06 18:09:22,353 | ERROR   | Dump saved → debug_logs/fail/tick0075.json
2025-06-06 18:09:22,378 | ERROR   | Solver failed | status=1 | SQP it=0 | KKT=nan | t=0.000s
2025-06-06 18:09:22,378 | ERROR   | Dump saved → debug_logs/fail/tick0076.json
2025-06-06 18:09:22,404 | ERROR   | Solver failed | status=1 | SQP it=0 | KKT=nan | t=0.000s
2025-06-06 18:09:22,405 | ERROR   | Dump saved → debug_logs/fail/tick0077.json
2025-06-06 18:09:22,430 | ERROR   | Solver failed | status=1 | SQP it=0 | KKT=nan | t=0.000s
2025-06-06 18:09:22,431 | ERROR   | Dump saved → debug_logs/fail/tick0078.json
2025-06-06 18:09:22,456 | ERROR   | Solver failed | status=1 | SQP it=0 | KKT=nan | t=0.000s
2025-06-06 18:09:22,457 | ERROR   | Dump saved → debug_logs/fail/tick0079.json
2025-06-06 18:09:22,482 | ERROR   | Solver failed | status=1 | SQP it=0 | KKT=nan | t=0.000s
2025-06-06 18:09:22,483 | ERROR   | Dump saved → debug_logs/fail/tick0080.json
2025-06-06 18:09:22,508 | ERROR   | Solver failed | status=1 | SQP it=0 | KKT=nan | t=0.000s
2025-06-06 18:09:22,509 | ERROR   | Dump saved → debug_logs/fail/tick0081.json
2025-06-06 18:09:22,531 | ERROR   | Solver failed | status=1 | SQP it=0 | KKT=nan | t=0.000s
2025-06-06 18:09:22,532 | ERROR   | Dump saved → debug_logs/fail/tick0082.json
2025-06-06 18:09:22,555 | ERROR   | Solver failed | status=1 | SQP it=0 | KKT=nan | t=0.000s
2025-06-06 18:09:22,556 | ERROR   | Dump saved → debug_logs/fail/tick0083.json
2025-06-06 18:09:22,579 | ERROR   | Solver failed | status=1 | SQP it=0 | KKT=nan | t=0.000s
2025-06-06 18:09:22,579 | ERROR   | Dump saved → debug_logs/fail/tick0084.json
2025-06-06 18:09:22,603 | ERROR   | Solver failed | status=1 | SQP it=0 | KKT=nan | t=0.000s
2025-06-06 18:09:22,604 | ERROR   | Dump saved → debug_logs/fail/tick0085.json
2025-06-06 18:09:22,629 | ERROR   | Solver failed | status=1 | SQP it=0 | KKT=nan | t=0.000s
2025-06-06 18:09:22,629 | ERROR   | Dump saved → debug_logs/fail/tick0086.json
2025-06-06 18:09:22,656 | ERROR   | Solver failed | status=1 | SQP it=0 | KKT=nan | t=0.000s
2025-06-06 18:09:22,657 | ERROR   | Dump saved → debug_logs/fail/tick0087.json
2025-06-06 18:09:22,682 | ERROR   | Solver failed | status=1 | SQP it=0 | KKT=nan | t=0.000s
2025-06-06 18:09:22,683 | ERROR   | Dump saved → debug_logs/fail/tick0088.json
2025-06-06 18:09:22,709 | ERROR   | Solver failed | status=1 | SQP it=0 | KKT=nan | t=0.000s
2025-06-06 18:09:22,709 | ERROR   | Dump saved → debug_logs/fail/tick0089.json
2025-06-06 18:09:22,735 | ERROR   | Solver failed | status=1 | SQP it=0 | KKT=nan | t=0.000s
2025-06-06 18:09:22,736 | ERROR   | Dump saved → debug_logs/fail/tick0090.json
2025-06-06 18:09:22,764 | ERROR   | Solver failed | status=1 | SQP it=0 | KKT=nan | t=0.000s
2025-06-06 18:09:22,764 | ERROR   | Dump saved → debug_logs/fail/tick0091.json
2025-06-06 18:09:22,790 | ERROR   | Solver failed | status=1 | SQP it=0 | KKT=nan | t=0.000s
2025-06-06 18:09:22,791 | ERROR   | Dump saved → debug_logs/fail/tick0092.json
2025-06-06 18:09:22,818 | ERROR   | Solver failed | status=1 | SQP it=0 | KKT=nan | t=0.000s
2025-06-06 18:09:22,818 | ERROR   | Dump saved → debug_logs/fail/tick0093.json
2025-06-06 18:09:22,845 | ERROR   | Solver failed | status=1 | SQP it=0 | KKT=nan | t=0.000s
2025-06-06 18:09:22,845 | ERROR   | Dump saved → debug_logs/fail/tick0094.json
2025-06-06 18:09:22,870 | ERROR   | Solver failed | status=1 | SQP it=0 | KKT=nan | t=0.000s
2025-06-06 18:09:22,870 | ERROR   | Dump saved → debug_logs/fail/tick0095.json
2025-06-06 18:09:22,896 | ERROR   | Solver failed | status=1 | SQP it=0 | KKT=nan | t=0.000s
2025-06-06 18:09:22,896 | ERROR   | Dump saved → debug_logs/fail/tick0096.json
2025-06-06 18:09:22,922 | ERROR   | Solver failed | status=1 | SQP it=0 | KKT=nan | t=0.000s
2025-06-06 18:09:22,923 | ERROR   | Dump saved → debug_logs/fail/tick0097.json
2025-06-06 18:09:22,947 | ERROR   | Solver failed | status=1 | SQP it=0 | KKT=nan | t=0.000s
2025-06-06 18:09:22,948 | ERROR   | Dump saved → debug_logs/fail/tick0098.json
2025-06-06 18:09:22,972 | ERROR   | Solver failed | status=1 | SQP it=0 | KKT=nan | t=0.000s
2025-06-06 18:09:22,973 | ERROR   | Dump saved → debug_logs/fail/tick0099.json
2025-06-06 18:09:22,996 | ERROR   | Solver failed | status=1 | SQP it=0 | KKT=nan | t=0.000s
2025-06-06 18:09:22,996 | ERROR   | Dump saved → debug_logs/fail/tick0100.json
2025-06-06 18:09:23,021 | ERROR   | Solver failed | status=1 | SQP it=0 | KKT=nan | t=0.000s
2025-06-06 18:09:23,021 | ERROR   | Dump saved → debug_logs/fail/tick0101.json
2025-06-06 18:09:23,044 | ERROR   | Solver failed | status=1 | SQP it=0 | KKT=nan | t=0.000s
2025-06-06 18:09:23,045 | ERROR   | Dump saved → debug_logs/fail/tick0102.json
2025-06-06 18:09:23,070 | ERROR   | Solver failed | status=1 | SQP it=0 | KKT=nan | t=0.000s
2025-06-06 18:09:23,071 | ERROR   | Dump saved → debug_logs/fail/tick0103.json
2025-06-06 18:09:23,097 | ERROR   | Solver failed | status=1 | SQP it=0 | KKT=nan | t=0.000s
2025-06-06 18:09:23,097 | ERROR   | Dump saved → debug_logs/fail/tick0104.json
2025-06-06 18:09:23,123 | ERROR   | Solver failed | status=1 | SQP it=0 | KKT=nan | t=0.000s
2025-06-06 18:09:23,124 | ERROR   | Dump saved → debug_logs/fail/tick0105.json
2025-06-06 18:09:23,151 | ERROR   | Solver failed | status=1 | SQP it=0 | KKT=nan | t=0.000s
2025-06-06 18:09:23,151 | ERROR   | Dump saved → debug_logs/fail/tick0106.json
2025-06-06 18:09:23,177 | ERROR   | Solver failed | status=1 | SQP it=0 | KKT=nan | t=0.000s
2025-06-06 18:09:23,178 | ERROR   | Dump saved → debug_logs/fail/tick0107.json
2025-06-06 18:09:23,204 | ERROR   | Solver failed | status=1 | SQP it=0 | KKT=nan | t=0.000s
2025-06-06 18:09:23,205 | ERROR   | Dump saved → debug_logs/fail/tick0108.json
2025-06-06 18:09:23,229 | ERROR   | Solver failed | status=1 | SQP it=0 | KKT=nan | t=0.000s
2025-06-06 18:09:23,230 | ERROR   | Dump saved → debug_logs/fail/tick0109.json
2025-06-06 18:09:23,256 | ERROR   | Solver failed | status=1 | SQP it=0 | KKT=nan | t=0.000s
2025-06-06 18:09:23,257 | ERROR   | Dump saved → debug_logs/fail/tick0110.json
2025-06-06 18:09:23,283 | ERROR   | Solver failed | status=1 | SQP it=0 | KKT=nan | t=0.000s
2025-06-06 18:09:23,284 | ERROR   | Dump saved → debug_logs/fail/tick0111.json
2025-06-06 18:09:23,309 | ERROR   | Solver failed | status=1 | SQP it=0 | KKT=nan | t=0.000s
2025-06-06 18:09:23,309 | ERROR   | Dump saved → debug_logs/fail/tick0112.json
2025-06-06 18:09:23,335 | ERROR   | Solver failed | status=1 | SQP it=0 | KKT=nan | t=0.000s
2025-06-06 18:09:23,336 | ERROR   | Dump saved → debug_logs/fail/tick0113.json
2025-06-06 18:09:23,362 | ERROR   | Solver failed | status=1 | SQP it=0 | KKT=nan | t=0.000s
2025-06-06 18:09:23,363 | ERROR   | Dump saved → debug_logs/fail/tick0114.json
2025-06-06 18:09:23,388 | ERROR   | Solver failed | status=1 | SQP it=0 | KKT=nan | t=0.000s
2025-06-06 18:09:23,389 | ERROR   | Dump saved → debug_logs/fail/tick0115.json
2025-06-06 18:09:23,417 | ERROR   | Solver failed | status=1 | SQP it=0 | KKT=nan | t=0.000s
2025-06-06 18:09:23,417 | ERROR   | Dump saved → debug_logs/fail/tick0116.json
2025-06-06 18:09:23,442 | ERROR   | Solver failed | status=1 | SQP it=0 | KKT=nan | t=0.000s
2025-06-06 18:09:23,443 | ERROR   | Dump saved → debug_logs/fail/tick0117.json
2025-06-06 18:09:23,468 | ERROR   | Solver failed | status=1 | SQP it=0 | KKT=nan | t=0.000s
2025-06-06 18:09:23,468 | ERROR   | Dump saved → debug_logs/fail/tick0118.json
