2025-06-06 19:00:07,050 | INFO    | ===== INITIAL STATE DUMP =====
2025-06-06 19:00:07,051 | DEBUG   | {
  "xcurrent": [
    1.089695930480957,
    1.4088244438171387,
    0.08456537127494812,
    0.0,
    0.0,
    0.0
  ],
  "params": {
    "QC": 10,
    "QL": 80,
    "MU": 10,
    "DVTHETA_MAX": 2,
    "N": 20,
    "T_HORIZON": 1.5,
    "RAMP_TIME": 1.8,
    "BARRIER_WEIGHT": 10,
    "TUNNEL_WIDTH": 0.5,
    "TUNNEL_WIDTH_GATE": 0.2,
    "Q_OMEGA": 2,
    "R_VTHETA": 1.0,
    "IN_GATE_RAMP_TIME": 0.3,
    "OUT_GATE_RAMP_TIME": 3
  },
  "box_lims": {
    "vtheta_max": 2.0,
    "dvtheta_max": 2.0
  }
}
2025-06-06 19:00:10,053 | ERROR   | Solver failed | status=4 | SQP it=88 | KKT=1.09e-09 | t=0.067s
2025-06-06 19:00:10,054 | ERROR   | Dump saved → debug_logs/fail/tick0064.json
2025-06-06 19:00:10,151 | ERROR   | Solver failed | status=1 | SQP it=81 | KKT=1.17e-11 | t=0.072s
2025-06-06 19:00:10,152 | ERROR   | Dump saved → debug_logs/fail/tick0065.json
2025-06-06 19:00:10,178 | ERROR   | Solver failed | status=1 | SQP it=0 | KKT=nan | t=0.000s
2025-06-06 19:00:10,179 | ERROR   | Dump saved → debug_logs/fail/tick0066.json
2025-06-06 19:00:10,201 | ERROR   | Solver failed | status=1 | SQP it=0 | KKT=nan | t=0.000s
2025-06-06 19:00:10,201 | ERROR   | Dump saved → debug_logs/fail/tick0067.json
2025-06-06 19:00:10,224 | ERROR   | Solver failed | status=1 | SQP it=0 | KKT=nan | t=0.000s
2025-06-06 19:00:10,225 | ERROR   | Dump saved → debug_logs/fail/tick0068.json
2025-06-06 19:00:10,248 | ERROR   | Solver failed | status=1 | SQP it=0 | KKT=nan | t=0.000s
2025-06-06 19:00:10,249 | ERROR   | Dump saved → debug_logs/fail/tick0069.json
2025-06-06 19:00:10,272 | ERROR   | Solver failed | status=1 | SQP it=0 | KKT=nan | t=0.000s
2025-06-06 19:00:10,273 | ERROR   | Dump saved → debug_logs/fail/tick0070.json
2025-06-06 19:00:10,297 | ERROR   | Solver failed | status=1 | SQP it=0 | KKT=nan | t=0.000s
2025-06-06 19:00:10,298 | ERROR   | Dump saved → debug_logs/fail/tick0071.json
2025-06-06 19:00:10,322 | ERROR   | Solver failed | status=1 | SQP it=0 | KKT=nan | t=0.000s
2025-06-06 19:00:10,323 | ERROR   | Dump saved → debug_logs/fail/tick0072.json
2025-06-06 19:00:10,350 | ERROR   | Solver failed | status=1 | SQP it=0 | KKT=nan | t=0.000s
2025-06-06 19:00:10,350 | ERROR   | Dump saved → debug_logs/fail/tick0073.json
2025-06-06 19:00:10,377 | ERROR   | Solver failed | status=4 | SQP it=1 | KKT=2.64e+02 | t=0.000s
2025-06-06 19:00:10,378 | ERROR   | Dump saved → debug_logs/fail/tick0074.json
2025-06-06 19:00:10,403 | ERROR   | Solver failed | status=4 | SQP it=1 | KKT=2.64e+02 | t=0.000s
2025-06-06 19:00:10,404 | ERROR   | Dump saved → debug_logs/fail/tick0075.json
2025-06-06 19:00:10,431 | ERROR   | Solver failed | status=4 | SQP it=1 | KKT=2.64e+02 | t=0.000s
2025-06-06 19:00:10,432 | ERROR   | Dump saved → debug_logs/fail/tick0076.json
2025-06-06 19:00:10,458 | ERROR   | Solver failed | status=4 | SQP it=1 | KKT=2.64e+02 | t=0.000s
2025-06-06 19:00:10,459 | ERROR   | Dump saved → debug_logs/fail/tick0077.json
2025-06-06 19:00:10,485 | ERROR   | Solver failed | status=4 | SQP it=1 | KKT=2.65e+02 | t=0.000s
2025-06-06 19:00:10,485 | ERROR   | Dump saved → debug_logs/fail/tick0078.json
2025-06-06 19:00:10,512 | ERROR   | Solver failed | status=4 | SQP it=1 | KKT=2.65e+02 | t=0.000s
2025-06-06 19:00:10,512 | ERROR   | Dump saved → debug_logs/fail/tick0079.json
2025-06-06 19:00:10,538 | ERROR   | Solver failed | status=4 | SQP it=1 | KKT=2.66e+02 | t=0.000s
2025-06-06 19:00:10,539 | ERROR   | Dump saved → debug_logs/fail/tick0080.json
2025-06-06 19:00:10,566 | ERROR   | Solver failed | status=1 | SQP it=0 | KKT=nan | t=0.000s
2025-06-06 19:00:10,566 | ERROR   | Dump saved → debug_logs/fail/tick0081.json
2025-06-06 19:00:10,593 | ERROR   | Solver failed | status=1 | SQP it=0 | KKT=nan | t=0.000s
2025-06-06 19:00:10,593 | ERROR   | Dump saved → debug_logs/fail/tick0082.json
2025-06-06 19:00:10,616 | ERROR   | Solver failed | status=1 | SQP it=0 | KKT=nan | t=0.000s
2025-06-06 19:00:10,617 | ERROR   | Dump saved → debug_logs/fail/tick0083.json
2025-06-06 19:00:10,641 | ERROR   | Solver failed | status=1 | SQP it=0 | KKT=nan | t=0.000s
2025-06-06 19:00:10,641 | ERROR   | Dump saved → debug_logs/fail/tick0084.json
2025-06-06 19:00:10,665 | ERROR   | Solver failed | status=1 | SQP it=0 | KKT=nan | t=0.000s
2025-06-06 19:00:10,666 | ERROR   | Dump saved → debug_logs/fail/tick0085.json
2025-06-06 19:00:10,691 | ERROR   | Solver failed | status=1 | SQP it=0 | KKT=nan | t=0.000s
2025-06-06 19:00:10,691 | ERROR   | Dump saved → debug_logs/fail/tick0086.json
2025-06-06 19:00:10,718 | ERROR   | Solver failed | status=1 | SQP it=0 | KKT=nan | t=0.000s
2025-06-06 19:00:10,719 | ERROR   | Dump saved → debug_logs/fail/tick0087.json
2025-06-06 19:00:10,743 | ERROR   | Solver failed | status=1 | SQP it=0 | KKT=nan | t=0.000s
2025-06-06 19:00:10,743 | ERROR   | Dump saved → debug_logs/fail/tick0088.json
2025-06-06 19:00:10,767 | ERROR   | Solver failed | status=1 | SQP it=0 | KKT=nan | t=0.000s
2025-06-06 19:00:10,768 | ERROR   | Dump saved → debug_logs/fail/tick0089.json
2025-06-06 19:00:10,792 | ERROR   | Solver failed | status=1 | SQP it=0 | KKT=nan | t=0.000s
2025-06-06 19:00:10,792 | ERROR   | Dump saved → debug_logs/fail/tick0090.json
2025-06-06 19:00:10,817 | ERROR   | Solver failed | status=1 | SQP it=0 | KKT=nan | t=0.000s
2025-06-06 19:00:10,817 | ERROR   | Dump saved → debug_logs/fail/tick0091.json
2025-06-06 19:00:10,842 | ERROR   | Solver failed | status=1 | SQP it=0 | KKT=nan | t=0.000s
2025-06-06 19:00:10,843 | ERROR   | Dump saved → debug_logs/fail/tick0092.json
2025-06-06 19:00:10,868 | ERROR   | Solver failed | status=1 | SQP it=0 | KKT=nan | t=0.000s
2025-06-06 19:00:10,869 | ERROR   | Dump saved → debug_logs/fail/tick0093.json
2025-06-06 19:00:10,894 | ERROR   | Solver failed | status=1 | SQP it=0 | KKT=nan | t=0.000s
2025-06-06 19:00:10,895 | ERROR   | Dump saved → debug_logs/fail/tick0094.json
2025-06-06 19:00:10,921 | ERROR   | Solver failed | status=1 | SQP it=0 | KKT=nan | t=0.000s
2025-06-06 19:00:10,922 | ERROR   | Dump saved → debug_logs/fail/tick0095.json
2025-06-06 19:00:10,948 | ERROR   | Solver failed | status=1 | SQP it=0 | KKT=nan | t=0.000s
2025-06-06 19:00:10,949 | ERROR   | Dump saved → debug_logs/fail/tick0096.json
2025-06-06 19:00:10,974 | ERROR   | Solver failed | status=1 | SQP it=0 | KKT=nan | t=0.000s
2025-06-06 19:00:10,975 | ERROR   | Dump saved → debug_logs/fail/tick0097.json
2025-06-06 19:00:11,001 | ERROR   | Solver failed | status=1 | SQP it=0 | KKT=nan | t=0.000s
2025-06-06 19:00:11,001 | ERROR   | Dump saved → debug_logs/fail/tick0098.json
2025-06-06 19:00:11,028 | ERROR   | Solver failed | status=1 | SQP it=0 | KKT=nan | t=0.000s
2025-06-06 19:00:11,029 | ERROR   | Dump saved → debug_logs/fail/tick0099.json
2025-06-06 19:00:11,056 | ERROR   | Solver failed | status=1 | SQP it=0 | KKT=nan | t=0.000s
2025-06-06 19:00:11,056 | ERROR   | Dump saved → debug_logs/fail/tick0100.json
2025-06-06 19:00:11,084 | ERROR   | Solver failed | status=1 | SQP it=0 | KKT=nan | t=0.000s
2025-06-06 19:00:11,084 | ERROR   | Dump saved → debug_logs/fail/tick0101.json
2025-06-06 19:00:11,111 | ERROR   | Solver failed | status=1 | SQP it=0 | KKT=nan | t=0.000s
2025-06-06 19:00:11,112 | ERROR   | Dump saved → debug_logs/fail/tick0102.json
2025-06-06 19:00:11,138 | ERROR   | Solver failed | status=1 | SQP it=0 | KKT=nan | t=0.000s
2025-06-06 19:00:11,138 | ERROR   | Dump saved → debug_logs/fail/tick0103.json
2025-06-06 19:00:11,165 | ERROR   | Solver failed | status=1 | SQP it=0 | KKT=nan | t=0.000s
2025-06-06 19:00:11,166 | ERROR   | Dump saved → debug_logs/fail/tick0104.json
2025-06-06 19:00:11,192 | ERROR   | Solver failed | status=1 | SQP it=0 | KKT=nan | t=0.000s
2025-06-06 19:00:11,192 | ERROR   | Dump saved → debug_logs/fail/tick0105.json
2025-06-06 19:00:11,218 | ERROR   | Solver failed | status=1 | SQP it=0 | KKT=nan | t=0.000s
2025-06-06 19:00:11,219 | ERROR   | Dump saved → debug_logs/fail/tick0106.json
2025-06-06 19:00:11,245 | ERROR   | Solver failed | status=1 | SQP it=0 | KKT=nan | t=0.000s
2025-06-06 19:00:11,246 | ERROR   | Dump saved → debug_logs/fail/tick0107.json
2025-06-06 19:00:11,271 | ERROR   | Solver failed | status=1 | SQP it=0 | KKT=nan | t=0.000s
2025-06-06 19:00:11,272 | ERROR   | Dump saved → debug_logs/fail/tick0108.json
2025-06-06 19:00:11,297 | ERROR   | Solver failed | status=1 | SQP it=0 | KKT=nan | t=0.000s
2025-06-06 19:00:11,298 | ERROR   | Dump saved → debug_logs/fail/tick0109.json
2025-06-06 19:00:11,324 | ERROR   | Solver failed | status=1 | SQP it=0 | KKT=nan | t=0.000s
2025-06-06 19:00:11,325 | ERROR   | Dump saved → debug_logs/fail/tick0110.json
2025-06-06 19:00:11,351 | ERROR   | Solver failed | status=1 | SQP it=0 | KKT=nan | t=0.000s
2025-06-06 19:00:11,351 | ERROR   | Dump saved → debug_logs/fail/tick0111.json
2025-06-06 19:00:11,377 | ERROR   | Solver failed | status=1 | SQP it=0 | KKT=nan | t=0.000s
2025-06-06 19:00:11,378 | ERROR   | Dump saved → debug_logs/fail/tick0112.json
2025-06-06 19:00:11,404 | ERROR   | Solver failed | status=1 | SQP it=0 | KKT=nan | t=0.000s
2025-06-06 19:00:11,404 | ERROR   | Dump saved → debug_logs/fail/tick0113.json
2025-06-06 19:00:11,430 | ERROR   | Solver failed | status=1 | SQP it=0 | KKT=nan | t=0.000s
2025-06-06 19:00:11,431 | ERROR   | Dump saved → debug_logs/fail/tick0114.json
2025-06-06 19:00:11,457 | ERROR   | Solver failed | status=4 | SQP it=1 | KKT=3.34e+02 | t=0.000s
2025-06-06 19:00:11,458 | ERROR   | Dump saved → debug_logs/fail/tick0115.json
2025-06-06 19:00:11,485 | ERROR   | Solver failed | status=4 | SQP it=1 | KKT=3.34e+02 | t=0.000s
2025-06-06 19:00:11,485 | ERROR   | Dump saved → debug_logs/fail/tick0116.json
