2025-06-08 22:17:34,447 | INFO    | ===== INITIAL STATE DUMP =====
2025-06-08 22:17:34,447 | DEBUG   | {
  "xcurrent": [
    1.089695930480957,
    1.4088244438171387,
    0.08456537127494812,
    0.0,
    0.0,
    0.0
  ],
  "params": {
    "QC": 10,
    "QL": 80,
    "MU": 10,
    "DVTHETA_MAX": 1.0,
    "N": 20,
    "T_HORIZON": 1.5,
    "RAMP_TIME": 1.8,
    "BARRIER_WEIGHT": 10,
    "TUNNEL_WIDTH": 0.5,
    "TUNNEL_WIDTH_GATE": 0.2,
    "Q_OMEGA": 2,
    "R_VTHETA": 1.0,
    "IN_GATE_RAMP_TIME": 0.4,
    "OUT_GATE_RAMP_TIME": 3
  },
  "box_lims": {
    "vtheta_max": 1.0,
    "dvtheta_max": 1.0
  }
}
2025-06-08 22:17:47,806 | ERROR   | Solver failed | status=1 | SQP it=2 | KKT=7.38e+01 | t=0.002s
2025-06-08 22:17:47,807 | ERROR   | Dump saved → debug_logs/fail/tick0068.json
2025-06-08 22:17:47,834 | ERROR   | Solver failed | status=1 | SQP it=0 | KKT=nan | t=0.000s
2025-06-08 22:17:47,834 | ERROR   | Dump saved → debug_logs/fail/tick0069.json
2025-06-08 22:17:54,149 | ERROR   | Solver failed | status=1 | SQP it=0 | KKT=nan | t=0.000s
2025-06-08 22:17:54,152 | ERROR   | Dump saved → debug_logs/fail/tick0070.json
2025-06-08 22:17:54,196 | ERROR   | Solver failed | status=1 | SQP it=0 | KKT=nan | t=0.000s
2025-06-08 22:17:54,197 | ERROR   | Dump saved → debug_logs/fail/tick0071.json
2025-06-08 22:17:54,226 | ERROR   | Solver failed | status=1 | SQP it=0 | KKT=nan | t=0.000s
2025-06-08 22:17:54,227 | ERROR   | Dump saved → debug_logs/fail/tick0072.json
2025-06-08 22:17:54,258 | ERROR   | Solver failed | status=1 | SQP it=0 | KKT=nan | t=0.000s
2025-06-08 22:17:54,259 | ERROR   | Dump saved → debug_logs/fail/tick0073.json
2025-06-08 22:17:54,287 | ERROR   | Solver failed | status=1 | SQP it=0 | KKT=nan | t=0.000s
2025-06-08 22:17:54,288 | ERROR   | Dump saved → debug_logs/fail/tick0074.json
2025-06-08 22:17:54,320 | ERROR   | Solver failed | status=1 | SQP it=0 | KKT=nan | t=0.000s
2025-06-08 22:17:54,320 | ERROR   | Dump saved → debug_logs/fail/tick0075.json
2025-06-08 22:17:54,350 | ERROR   | Solver failed | status=1 | SQP it=0 | KKT=nan | t=0.000s
2025-06-08 22:17:54,350 | ERROR   | Dump saved → debug_logs/fail/tick0076.json
2025-06-08 22:17:56,187 | ERROR   | Solver failed | status=1 | SQP it=0 | KKT=nan | t=0.000s
2025-06-08 22:17:56,189 | ERROR   | Dump saved → debug_logs/fail/tick0077.json
2025-06-08 22:17:56,230 | ERROR   | Solver failed | status=1 | SQP it=0 | KKT=nan | t=0.000s
2025-06-08 22:17:56,231 | ERROR   | Dump saved → debug_logs/fail/tick0078.json
2025-06-08 22:17:56,259 | ERROR   | Solver failed | status=1 | SQP it=0 | KKT=nan | t=0.000s
2025-06-08 22:17:56,260 | ERROR   | Dump saved → debug_logs/fail/tick0079.json
2025-06-08 22:17:56,288 | ERROR   | Solver failed | status=1 | SQP it=0 | KKT=nan | t=0.000s
2025-06-08 22:17:56,289 | ERROR   | Dump saved → debug_logs/fail/tick0080.json
2025-06-08 22:17:56,318 | ERROR   | Solver failed | status=1 | SQP it=0 | KKT=nan | t=0.000s
2025-06-08 22:17:56,319 | ERROR   | Dump saved → debug_logs/fail/tick0081.json
2025-06-08 22:17:56,346 | ERROR   | Solver failed | status=1 | SQP it=0 | KKT=nan | t=0.000s
2025-06-08 22:17:56,347 | ERROR   | Dump saved → debug_logs/fail/tick0082.json
2025-06-08 22:17:56,374 | ERROR   | Solver failed | status=1 | SQP it=0 | KKT=nan | t=0.000s
2025-06-08 22:17:56,375 | ERROR   | Dump saved → debug_logs/fail/tick0083.json
2025-06-08 22:17:56,404 | ERROR   | Solver failed | status=1 | SQP it=0 | KKT=nan | t=0.000s
2025-06-08 22:17:56,405 | ERROR   | Dump saved → debug_logs/fail/tick0084.json
2025-06-08 22:17:56,432 | ERROR   | Solver failed | status=1 | SQP it=0 | KKT=nan | t=0.000s
2025-06-08 22:17:56,433 | ERROR   | Dump saved → debug_logs/fail/tick0085.json
2025-06-08 22:17:56,461 | ERROR   | Solver failed | status=1 | SQP it=0 | KKT=nan | t=0.000s
2025-06-08 22:17:56,462 | ERROR   | Dump saved → debug_logs/fail/tick0086.json
2025-06-08 22:17:56,494 | ERROR   | Solver failed | status=1 | SQP it=0 | KKT=nan | t=0.000s
2025-06-08 22:17:56,495 | ERROR   | Dump saved → debug_logs/fail/tick0087.json
2025-06-08 22:17:56,524 | ERROR   | Solver failed | status=1 | SQP it=0 | KKT=nan | t=0.000s
2025-06-08 22:17:56,525 | ERROR   | Dump saved → debug_logs/fail/tick0088.json
2025-06-08 22:17:56,551 | ERROR   | Solver failed | status=1 | SQP it=0 | KKT=nan | t=0.000s
2025-06-08 22:17:56,552 | ERROR   | Dump saved → debug_logs/fail/tick0089.json
2025-06-08 22:17:56,579 | ERROR   | Solver failed | status=1 | SQP it=0 | KKT=nan | t=0.000s
2025-06-08 22:17:56,580 | ERROR   | Dump saved → debug_logs/fail/tick0090.json
2025-06-08 22:17:56,606 | ERROR   | Solver failed | status=1 | SQP it=0 | KKT=nan | t=0.000s
2025-06-08 22:17:56,606 | ERROR   | Dump saved → debug_logs/fail/tick0091.json
2025-06-08 22:17:57,775 | ERROR   | Solver failed | status=1 | SQP it=0 | KKT=nan | t=0.000s
2025-06-08 22:17:57,777 | ERROR   | Dump saved → debug_logs/fail/tick0092.json
2025-06-08 22:17:57,819 | ERROR   | Solver failed | status=1 | SQP it=0 | KKT=nan | t=0.000s
2025-06-08 22:17:57,820 | ERROR   | Dump saved → debug_logs/fail/tick0093.json
2025-06-08 22:17:57,848 | ERROR   | Solver failed | status=1 | SQP it=0 | KKT=nan | t=0.000s
2025-06-08 22:17:57,849 | ERROR   | Dump saved → debug_logs/fail/tick0094.json
2025-06-08 22:17:57,879 | ERROR   | Solver failed | status=1 | SQP it=0 | KKT=nan | t=0.000s
2025-06-08 22:17:57,879 | ERROR   | Dump saved → debug_logs/fail/tick0095.json
2025-06-08 22:17:57,906 | ERROR   | Solver failed | status=1 | SQP it=0 | KKT=nan | t=0.000s
2025-06-08 22:17:57,906 | ERROR   | Dump saved → debug_logs/fail/tick0096.json
2025-06-08 22:17:57,936 | ERROR   | Solver failed | status=1 | SQP it=0 | KKT=nan | t=0.000s
2025-06-08 22:17:57,937 | ERROR   | Dump saved → debug_logs/fail/tick0097.json
2025-06-08 22:17:57,965 | ERROR   | Solver failed | status=1 | SQP it=0 | KKT=nan | t=0.000s
2025-06-08 22:17:57,966 | ERROR   | Dump saved → debug_logs/fail/tick0098.json
2025-06-08 22:17:57,993 | ERROR   | Solver failed | status=4 | SQP it=1 | KKT=9.85e+02 | t=0.000s
2025-06-08 22:17:57,994 | ERROR   | Dump saved → debug_logs/fail/tick0099.json
2025-06-08 22:17:58,024 | ERROR   | Solver failed | status=4 | SQP it=1 | KKT=9.85e+02 | t=0.000s
2025-06-08 22:17:58,025 | ERROR   | Dump saved → debug_logs/fail/tick0100.json
2025-06-08 22:17:58,052 | ERROR   | Solver failed | status=4 | SQP it=1 | KKT=9.85e+02 | t=0.000s
2025-06-08 22:17:58,052 | ERROR   | Dump saved → debug_logs/fail/tick0101.json
2025-06-08 22:17:58,079 | ERROR   | Solver failed | status=4 | SQP it=1 | KKT=9.85e+02 | t=0.000s
2025-06-08 22:17:58,080 | ERROR   | Dump saved → debug_logs/fail/tick0102.json
