2025-06-28 19:39:55,758 | INFO    | ===== INITIAL STATE DUMP =====
2025-06-28 19:39:55,758 | DEBUG   | {
  "xcurrent": [
    1.089695930480957,
    1.4088244438171387,
    0.08456537127494812,
    0.0,
    0.0,
    0.0
  ],
  "params": {
    "QC": 10,
    "QC_GATE": 50,
    "QL": 40,
    "MU": 10,
    "DVTHETA_MAX": 1.6,
    "N": 20,
    "T_HORIZON": 0.7,
    "RAMP_TIME": 0.7,
    "BARRIER_WEIGHT": 10,
    "OBSTACLE_WEIGHT": [
      10,
      10,
      10,
      10
    ],
    "OBSTACLE_RADIUS": 0.2,
    "TUNNEL_WIDTH": 0.4,
    "TUNNEL_WIDTH_GATE": 0.15,
    "NARROW_DIST": 0.6,
    "GATE_FLAT_DIST": 0.45,
    "Q_OMEGA": 2,
    "R_VTHETA": 1.0,
    "REG_THRUST": 0.05,
    "REG_INPUTS": 0.01
  },
  "box_lims": {
    "vtheta_max": 1.6,
    "dvtheta_max": 1.6
  }
}
2025-06-28 19:40:01,516 | ERROR   | Solver failed | status=4 | SQP it=52 | KKT=8.84e-08 | t=0.085s
2025-06-28 19:40:01,518 | ERROR   | Dump saved → debug_logs/fail/tick0060.json
2025-06-28 19:40:03,221 | ERROR   | Solver failed | status=4 | SQP it=893 | KKT=5.09e-10 | t=1.673s
2025-06-28 19:40:03,222 | ERROR   | Dump saved → debug_logs/fail/tick0061.json
2025-06-28 19:40:03,364 | ERROR   | Solver failed | status=4 | SQP it=1 | KKT=1.10e+02 | t=0.101s
2025-06-28 19:40:03,364 | ERROR   | Dump saved → debug_logs/fail/tick0062.json
2025-06-28 19:40:03,771 | ERROR   | Solver failed | status=4 | SQP it=1 | KKT=1.10e+02 | t=0.068s
2025-06-28 19:40:03,772 | ERROR   | Dump saved → debug_logs/fail/tick0063.json
2025-06-28 19:40:03,881 | ERROR   | Solver failed | status=4 | SQP it=81 | KKT=6.01e-09 | t=0.081s
2025-06-28 19:40:03,883 | ERROR   | Dump saved → debug_logs/fail/tick0064.json
2025-06-28 19:40:03,914 | ERROR   | Solver failed | status=4 | SQP it=1 | KKT=3.01e+02 | t=0.002s
2025-06-28 19:40:03,915 | ERROR   | Dump saved → debug_logs/fail/tick0065.json
2025-06-28 19:40:04,480 | ERROR   | Solver failed | status=4 | SQP it=347 | KKT=1.41e-10 | t=0.535s
2025-06-28 19:40:04,481 | ERROR   | Dump saved → debug_logs/fail/tick0066.json
2025-06-28 19:40:05,063 | ERROR   | Solver failed | status=4 | SQP it=413 | KKT=2.88e-08 | t=0.552s
2025-06-28 19:40:05,063 | ERROR   | Dump saved → debug_logs/fail/tick0067.json
2025-06-28 19:40:05,095 | ERROR   | Solver failed | status=4 | SQP it=1 | KKT=2.47e+02 | t=0.003s
2025-06-28 19:40:05,096 | ERROR   | Dump saved → debug_logs/fail/tick0068.json
2025-06-28 19:40:05,871 | ERROR   | Solver failed | status=4 | SQP it=165 | KKT=3.60e-09 | t=0.752s
2025-06-28 19:40:05,872 | ERROR   | Dump saved → debug_logs/fail/tick0069.json
2025-06-28 19:40:05,903 | ERROR   | Solver failed | status=4 | SQP it=1 | KKT=1.39e+02 | t=0.004s
2025-06-28 19:40:05,904 | ERROR   | Dump saved → debug_logs/fail/tick0070.json
2025-06-28 19:40:06,534 | ERROR   | Solver failed | status=2 | SQP it=1000 | KKT=4.85e-08 | t=0.607s
2025-06-28 19:40:06,536 | ERROR   | Dump saved → debug_logs/fail/tick0071.json
2025-06-28 19:40:07,131 | ERROR   | Solver failed | status=2 | SQP it=1000 | KKT=1.44e-08 | t=0.566s
2025-06-28 19:40:07,131 | ERROR   | Dump saved → debug_logs/fail/tick0072.json
2025-06-28 19:40:07,779 | ERROR   | Solver failed | status=2 | SQP it=1000 | KKT=7.36e-08 | t=0.619s
2025-06-28 19:40:07,779 | ERROR   | Dump saved → debug_logs/fail/tick0073.json
2025-06-28 19:40:07,850 | ERROR   | Solver failed | status=4 | SQP it=37 | KKT=1.34e-08 | t=0.044s
2025-06-28 19:40:07,851 | ERROR   | Dump saved → debug_logs/fail/tick0074.json
2025-06-28 19:40:07,893 | ERROR   | Solver failed | status=4 | SQP it=1 | KKT=2.21e+02 | t=0.014s
2025-06-28 19:40:07,894 | ERROR   | Dump saved → debug_logs/fail/tick0075.json
2025-06-28 19:40:08,169 | ERROR   | Solver failed | status=4 | SQP it=103 | KKT=7.74e-09 | t=0.249s
2025-06-28 19:40:08,169 | ERROR   | Dump saved → debug_logs/fail/tick0076.json
2025-06-28 19:40:08,227 | ERROR   | Solver failed | status=4 | SQP it=1 | KKT=9.96e+01 | t=0.031s
2025-06-28 19:40:08,228 | ERROR   | Dump saved → debug_logs/fail/tick0077.json
2025-06-28 19:40:08,276 | ERROR   | Solver failed | status=4 | SQP it=1 | KKT=9.96e+01 | t=0.016s
2025-06-28 19:40:08,277 | ERROR   | Dump saved → debug_logs/fail/tick0078.json
2025-06-28 19:40:08,705 | ERROR   | Solver failed | status=4 | SQP it=142 | KKT=7.61e-09 | t=0.401s
2025-06-28 19:40:08,706 | ERROR   | Dump saved → debug_logs/fail/tick0079.json
2025-06-28 19:40:08,920 | ERROR   | Solver failed | status=4 | SQP it=40 | KKT=2.65e-08 | t=0.183s
2025-06-28 19:40:08,920 | ERROR   | Dump saved → debug_logs/fail/tick0080.json
2025-06-28 19:40:08,951 | ERROR   | Solver failed | status=4 | SQP it=1 | KKT=7.16e+01 | t=0.002s
2025-06-28 19:40:08,952 | ERROR   | Dump saved → debug_logs/fail/tick0081.json
2025-06-28 19:40:08,975 | ERROR   | Solver failed | status=4 | SQP it=1 | KKT=7.16e+01 | t=0.001s
2025-06-28 19:40:08,975 | ERROR   | Dump saved → debug_logs/fail/tick0082.json
2025-06-28 19:40:09,001 | ERROR   | Solver failed | status=4 | SQP it=1 | KKT=7.16e+01 | t=0.002s
2025-06-28 19:40:09,002 | ERROR   | Dump saved → debug_logs/fail/tick0083.json
