2025-06-28 18:38:19,154 | INFO    | ===== INITIAL STATE DUMP =====
2025-06-28 18:38:19,154 | DEBUG   | {
  "xcurrent": [
    1.089695930480957,
    1.4088244438171387,
    0.08456537127494812,
    0.0,
    0.0,
    0.0
  ],
  "params": {
    "QC": 10,
    "QC_GATE": 50,
    "QL": 40,
    "MU": 10,
    "DVTHETA_MAX": 1.4,
    "N": 20,
    "T_HORIZON": 0.9,
    "RAMP_TIME": 0.5,
    "BARRIER_WEIGHT": 10,
    "OBSTACLE_WEIGHT": [
      50,
      100,
      70,
      30
    ],
    "OBSTACLE_RADIUS": 0.25,
    "TUNNEL_WIDTH": 0.5,
    "TUNNEL_WIDTH_GATE": 0.15,
    "NARROW_DIST": 0.5,
    "GATE_FLAT_DIST": 0.3,
    "Q_OMEGA": 2,
    "R_VTHETA": 1.0,
    "REG_THRUST": 0.008,
    "REG_INPUTS": 0.02
  },
  "box_lims": {
    "vtheta_max": 1.4,
    "dvtheta_max": 1.4
  }
}
2025-06-28 18:38:53,248 | INFO    | ===== INITIAL STATE DUMP =====
2025-06-28 18:38:53,248 | DEBUG   | {
  "xcurrent": [
    1.0936769247055054,
    1.4891141653060913,
    0.07114263623952866,
    0.0,
    0.0,
    0.0
  ],
  "params": {
    "QC": 10,
    "QC_GATE": 50,
    "QL": 40,
    "MU": 10,
    "DVTHETA_MAX": 1.4,
    "N": 20,
    "T_HORIZON": 0.9,
    "RAMP_TIME": 0.5,
    "BARRIER_WEIGHT": 10,
    "OBSTACLE_WEIGHT": [
      50,
      100,
      70,
      30
    ],
    "OBSTACLE_RADIUS": 0.25,
    "TUNNEL_WIDTH": 0.5,
    "TUNNEL_WIDTH_GATE": 0.15,
    "NARROW_DIST": 0.5,
    "GATE_FLAT_DIST": 0.3,
    "Q_OMEGA": 2,
    "R_VTHETA": 1.0,
    "REG_THRUST": 0.008,
    "REG_INPUTS": 0.02
  },
  "box_lims": {
    "vtheta_max": 1.4,
    "dvtheta_max": 1.4
  }
}
2025-06-28 18:39:05,507 | INFO    | ===== INITIAL STATE DUMP =====
2025-06-28 18:39:05,507 | DEBUG   | {
  "xcurrent": [
    1.0819960832595825,
    1.5786460638046265,
    0.07304418832063675,
    0.0,
    0.0,
    0.0
  ],
  "params": {
    "QC": 10,
    "QC_GATE": 50,
    "QL": 40,
    "MU": 10,
    "DVTHETA_MAX": 1.4,
    "N": 20,
    "T_HORIZON": 0.9,
    "RAMP_TIME": 0.5,
    "BARRIER_WEIGHT": 10,
    "OBSTACLE_WEIGHT": [
      50,
      100,
      70,
      30
    ],
    "OBSTACLE_RADIUS": 0.25,
    "TUNNEL_WIDTH": 0.5,
    "TUNNEL_WIDTH_GATE": 0.15,
    "NARROW_DIST": 0.5,
    "GATE_FLAT_DIST": 0.3,
    "Q_OMEGA": 2,
    "R_VTHETA": 1.0,
    "REG_THRUST": 0.008,
    "REG_INPUTS": 0.02
  },
  "box_lims": {
    "vtheta_max": 1.4,
    "dvtheta_max": 1.4
  }
}
2025-06-28 18:39:18,220 | INFO    | ===== INITIAL STATE DUMP =====
2025-06-28 18:39:18,220 | DEBUG   | {
  "xcurrent": [
    0.9118771553039551,
    1.5115389823913574,
    0.08276993036270142,
    0.0,
    0.0,
    0.0
  ],
  "params": {
    "QC": 10,
    "QC_GATE": 50,
    "QL": 40,
    "MU": 10,
    "DVTHETA_MAX": 1.4,
    "N": 20,
    "T_HORIZON": 0.9,
    "RAMP_TIME": 0.5,
    "BARRIER_WEIGHT": 10,
    "OBSTACLE_WEIGHT": [
      50,
      100,
      70,
      30
    ],
    "OBSTACLE_RADIUS": 0.25,
    "TUNNEL_WIDTH": 0.5,
    "TUNNEL_WIDTH_GATE": 0.15,
    "NARROW_DIST": 0.5,
    "GATE_FLAT_DIST": 0.3,
    "Q_OMEGA": 2,
    "R_VTHETA": 1.0,
    "REG_THRUST": 0.008,
    "REG_INPUTS": 0.02
  },
  "box_lims": {
    "vtheta_max": 1.4,
    "dvtheta_max": 1.4
  }
}
2025-06-28 18:39:23,430 | INFO    | ===== INITIAL STATE DUMP =====
2025-06-28 18:39:23,430 | DEBUG   | {
  "xcurrent": [
    1.0604419708251953,
    1.4981274604797363,
    0.07356052100658417,
    0.0,
    0.0,
    0.0
  ],
  "params": {
    "QC": 10,
    "QC_GATE": 50,
    "QL": 40,
    "MU": 10,
    "DVTHETA_MAX": 1.4,
    "N": 20,
    "T_HORIZON": 0.9,
    "RAMP_TIME": 0.5,
    "BARRIER_WEIGHT": 10,
    "OBSTACLE_WEIGHT": [
      50,
      100,
      70,
      30
    ],
    "OBSTACLE_RADIUS": 0.25,
    "TUNNEL_WIDTH": 0.5,
    "TUNNEL_WIDTH_GATE": 0.15,
    "NARROW_DIST": 0.5,
    "GATE_FLAT_DIST": 0.3,
    "Q_OMEGA": 2,
    "R_VTHETA": 1.0,
    "REG_THRUST": 0.008,
    "REG_INPUTS": 0.02
  },
  "box_lims": {
    "vtheta_max": 1.4,
    "dvtheta_max": 1.4
  }
}
2025-06-28 18:39:36,087 | INFO    | ===== INITIAL STATE DUMP =====
2025-06-28 18:39:36,087 | DEBUG   | {
  "xcurrent": [
    1.092092752456665,
    1.5144667625427246,
    0.0863724797964096,
    0.0,
    0.0,
    0.0
  ],
  "params": {
    "QC": 10,
    "QC_GATE": 50,
    "QL": 40,
    "MU": 10,
    "DVTHETA_MAX": 1.4,
    "N": 20,
    "T_HORIZON": 0.9,
    "RAMP_TIME": 0.5,
    "BARRIER_WEIGHT": 10,
    "OBSTACLE_WEIGHT": [
      50,
      100,
      70,
      30
    ],
    "OBSTACLE_RADIUS": 0.25,
    "TUNNEL_WIDTH": 0.5,
    "TUNNEL_WIDTH_GATE": 0.15,
    "NARROW_DIST": 0.5,
    "GATE_FLAT_DIST": 0.3,
    "Q_OMEGA": 2,
    "R_VTHETA": 1.0,
    "REG_THRUST": 0.008,
    "REG_INPUTS": 0.02
  },
  "box_lims": {
    "vtheta_max": 1.4,
    "dvtheta_max": 1.4
  }
}
2025-06-28 18:39:43,117 | INFO    | ===== INITIAL STATE DUMP =====
2025-06-28 18:39:43,117 | DEBUG   | {
  "xcurrent": [
    1.048858880996704,
    1.5489299297332764,
    0.08341018855571747,
    0.0,
    0.0,
    0.0
  ],
  "params": {
    "QC": 10,
    "QC_GATE": 50,
    "QL": 40,
    "MU": 10,
    "DVTHETA_MAX": 1.4,
    "N": 20,
    "T_HORIZON": 0.9,
    "RAMP_TIME": 0.5,
    "BARRIER_WEIGHT": 10,
    "OBSTACLE_WEIGHT": [
      50,
      100,
      70,
      30
    ],
    "OBSTACLE_RADIUS": 0.25,
    "TUNNEL_WIDTH": 0.5,
    "TUNNEL_WIDTH_GATE": 0.15,
    "NARROW_DIST": 0.5,
    "GATE_FLAT_DIST": 0.3,
    "Q_OMEGA": 2,
    "R_VTHETA": 1.0,
    "REG_THRUST": 0.008,
    "REG_INPUTS": 0.02
  },
  "box_lims": {
    "vtheta_max": 1.4,
    "dvtheta_max": 1.4
  }
}
2025-06-28 18:39:54,096 | ERROR   | Solver failed | status=2 | SQP it=1000 | KKT=1.61e-10 | t=1.034s
2025-06-28 18:39:54,098 | ERROR   | Dump saved → debug_logs/fail/tick0315.json
2025-06-28 18:39:57,426 | INFO    | ===== INITIAL STATE DUMP =====
2025-06-28 18:39:57,427 | DEBUG   | {
  "xcurrent": [
    0.9494514465332031,
    1.568932056427002,
    0.08830113708972931,
    0.0,
    0.0,
    0.0
  ],
  "params": {
    "QC": 10,
    "QC_GATE": 50,
    "QL": 40,
    "MU": 10,
    "DVTHETA_MAX": 1.4,
    "N": 20,
    "T_HORIZON": 0.9,
    "RAMP_TIME": 0.5,
    "BARRIER_WEIGHT": 10,
    "OBSTACLE_WEIGHT": [
      50,
      100,
      70,
      30
    ],
    "OBSTACLE_RADIUS": 0.25,
    "TUNNEL_WIDTH": 0.5,
    "TUNNEL_WIDTH_GATE": 0.15,
    "NARROW_DIST": 0.5,
    "GATE_FLAT_DIST": 0.3,
    "Q_OMEGA": 2,
    "R_VTHETA": 1.0,
    "REG_THRUST": 0.008,
    "REG_INPUTS": 0.02
  },
  "box_lims": {
    "vtheta_max": 1.4,
    "dvtheta_max": 1.4
  }
}
