2025-06-08 22:36:42,879 | INFO    | ===== INITIAL STATE DUMP =====
2025-06-08 22:36:42,879 | DEBUG   | {
  "xcurrent": [
    1.089695930480957,
    1.4088244438171387,
    0.08456537127494812,
    0.0,
    0.0,
    0.0
  ],
  "params": {
    "QC": 10,
    "QL": 80,
    "MU": 10,
    "DVTHETA_MAX": 1.0,
    "N": 20,
    "T_HORIZON": 1.5,
    "RAMP_TIME": 1.8,
    "BARRIER_WEIGHT": 10,
    "TUNNEL_WIDTH": 0.4,
    "TUNNEL_WIDTH_GATE": 0.25,
    "Q_OMEGA": 2,
    "R_VTHETA": 1.0,
    "IN_GATE_RAMP_TIME": 0.4,
    "OUT_GATE_RAMP_TIME": 3
  },
  "box_lims": {
    "vtheta_max": 1.0,
    "dvtheta_max": 1.0
  }
}
2025-06-08 22:36:47,664 | ERROR   | Solver failed | status=1 | SQP it=40 | KKT=1.35e-08 | t=0.036s
2025-06-08 22:36:47,665 | ERROR   | Dump saved → debug_logs/fail/tick0122.json
2025-06-08 22:36:47,694 | ERROR   | Solver failed | status=1 | SQP it=0 | KKT=nan | t=0.000s
2025-06-08 22:36:47,695 | ERROR   | Dump saved → debug_logs/fail/tick0123.json
2025-06-08 22:36:47,726 | ERROR   | Solver failed | status=1 | SQP it=0 | KKT=nan | t=0.000s
2025-06-08 22:36:47,726 | ERROR   | Dump saved → debug_logs/fail/tick0124.json
2025-06-08 22:36:47,752 | ERROR   | Solver failed | status=1 | SQP it=0 | KKT=nan | t=0.000s
2025-06-08 22:36:47,753 | ERROR   | Dump saved → debug_logs/fail/tick0125.json
2025-06-08 22:36:47,777 | ERROR   | Solver failed | status=1 | SQP it=0 | KKT=nan | t=0.000s
2025-06-08 22:36:47,777 | ERROR   | Dump saved → debug_logs/fail/tick0126.json
2025-06-08 22:36:47,804 | ERROR   | Solver failed | status=1 | SQP it=0 | KKT=nan | t=0.000s
2025-06-08 22:36:47,805 | ERROR   | Dump saved → debug_logs/fail/tick0127.json
2025-06-08 22:36:47,830 | ERROR   | Solver failed | status=1 | SQP it=0 | KKT=nan | t=0.000s
2025-06-08 22:36:47,830 | ERROR   | Dump saved → debug_logs/fail/tick0128.json
2025-06-08 22:36:47,862 | ERROR   | Solver failed | status=1 | SQP it=0 | KKT=nan | t=0.000s
2025-06-08 22:36:47,862 | ERROR   | Dump saved → debug_logs/fail/tick0129.json
2025-06-08 22:36:47,888 | ERROR   | Solver failed | status=1 | SQP it=0 | KKT=nan | t=0.000s
2025-06-08 22:36:47,889 | ERROR   | Dump saved → debug_logs/fail/tick0130.json
2025-06-08 22:36:47,913 | ERROR   | Solver failed | status=1 | SQP it=0 | KKT=nan | t=0.000s
2025-06-08 22:36:47,914 | ERROR   | Dump saved → debug_logs/fail/tick0131.json
2025-06-08 22:36:47,943 | ERROR   | Solver failed | status=1 | SQP it=0 | KKT=nan | t=0.000s
2025-06-08 22:36:47,943 | ERROR   | Dump saved → debug_logs/fail/tick0132.json
2025-06-08 22:36:47,970 | ERROR   | Solver failed | status=1 | SQP it=0 | KKT=nan | t=0.000s
2025-06-08 22:36:47,970 | ERROR   | Dump saved → debug_logs/fail/tick0133.json
2025-06-08 22:36:47,997 | ERROR   | Solver failed | status=1 | SQP it=0 | KKT=nan | t=0.000s
2025-06-08 22:36:47,998 | ERROR   | Dump saved → debug_logs/fail/tick0134.json
2025-06-08 22:36:48,025 | ERROR   | Solver failed | status=1 | SQP it=0 | KKT=nan | t=0.000s
2025-06-08 22:36:48,026 | ERROR   | Dump saved → debug_logs/fail/tick0135.json
2025-06-08 22:36:48,055 | ERROR   | Solver failed | status=1 | SQP it=0 | KKT=nan | t=0.000s
2025-06-08 22:36:48,056 | ERROR   | Dump saved → debug_logs/fail/tick0136.json
2025-06-08 22:36:48,083 | ERROR   | Solver failed | status=1 | SQP it=0 | KKT=nan | t=0.000s
2025-06-08 22:36:48,084 | ERROR   | Dump saved → debug_logs/fail/tick0137.json
2025-06-08 22:36:48,111 | ERROR   | Solver failed | status=1 | SQP it=0 | KKT=nan | t=0.000s
2025-06-08 22:36:48,112 | ERROR   | Dump saved → debug_logs/fail/tick0138.json
