2025-06-29 11:30:38,207 | INFO    | ===== INITIAL STATE DUMP =====
2025-06-29 11:30:38,207 | DEBUG   | {
  "xcurrent": [
    1.089695930480957,
    1.4088244438171387,
    0.08456537127494812,
    0.0,
    0.0,
    0.0
  ],
  "params": {
    "QC": 10,
    "QC_GATE": 50,
    "QL": 40,
    "MU": 10,
    "DVTHETA_MAX": 1.6,
    "N": 20,
    "T_HORIZON": 0.7,
    "RAMP_TIME": 0.1,
    "BARRIER_WEIGHT": 50,
    "TUNNEL_WIDTH": 0.4,
    "TUNNEL_WIDTH_GATE": 0.15,
    "NARROW_DIST": 0.6,
    "GATE_FLAT_DIST": 0.45,
    "Q_OMEGA": 2,
    "R_VTHETA": 1.0,
    "REG_THRUST": 0.009,
    "REG_INPUTS": 0.1
  },
  "box_lims": {
    "vtheta_max": 1.6,
    "dvtheta_max": 1.6
  }
}
2025-06-29 11:30:44,773 | ERROR   | Solver failed | status=2 | SQP it=1000 | KKT=3.90e-08 | t=0.519s
2025-06-29 11:30:44,774 | ERROR   | Dump saved → debug_logs/fail/tick0080.json
2025-06-29 11:30:53,407 | INFO    | ===== INITIAL STATE DUMP =====
2025-06-29 11:30:53,407 | DEBUG   | {
  "xcurrent": [
    1.050594687461853,
    1.4977706670761108,
    0.08238659054040909,
    0.0,
    0.0,
    0.0
  ],
  "params": {
    "QC": 10,
    "QC_GATE": 50,
    "QL": 40,
    "MU": 10,
    "DVTHETA_MAX": 1.6,
    "N": 20,
    "T_HORIZON": 0.7,
    "RAMP_TIME": 0.1,
    "BARRIER_WEIGHT": 50,
    "TUNNEL_WIDTH": 0.4,
    "TUNNEL_WIDTH_GATE": 0.15,
    "NARROW_DIST": 0.6,
    "GATE_FLAT_DIST": 0.45,
    "Q_OMEGA": 2,
    "R_VTHETA": 1.0,
    "REG_THRUST": 0.009,
    "REG_INPUTS": 0.1
  },
  "box_lims": {
    "vtheta_max": 1.6,
    "dvtheta_max": 1.6
  }
}
2025-06-29 11:31:16,245 | INFO    | ===== INITIAL STATE DUMP =====
2025-06-29 11:31:16,245 | DEBUG   | {
  "xcurrent": [
    1.0208452939987183,
    1.5239261388778687,
    0.0814313143491745,
    0.0,
    0.0,
    0.0
  ],
  "params": {
    "QC": 10,
    "QC_GATE": 50,
    "QL": 40,
    "MU": 10,
    "DVTHETA_MAX": 1.6,
    "N": 20,
    "T_HORIZON": 0.7,
    "RAMP_TIME": 0.1,
    "BARRIER_WEIGHT": 50,
    "TUNNEL_WIDTH": 0.4,
    "TUNNEL_WIDTH_GATE": 0.15,
    "NARROW_DIST": 0.6,
    "GATE_FLAT_DIST": 0.45,
    "Q_OMEGA": 2,
    "R_VTHETA": 1.0,
    "REG_THRUST": 0.009,
    "REG_INPUTS": 0.1
  },
  "box_lims": {
    "vtheta_max": 1.6,
    "dvtheta_max": 1.6
  }
}
2025-06-29 11:31:31,163 | ERROR   | Solver failed | status=2 | SQP it=1000 | KKT=2.39e-08 | t=0.544s
2025-06-29 11:31:31,164 | ERROR   | Dump saved → debug_logs/fail/tick0308.json
2025-06-29 11:31:33,108 | ERROR   | Solver failed | status=2 | SQP it=1000 | KKT=6.50e-09 | t=0.754s
2025-06-29 11:31:33,110 | ERROR   | Dump saved → debug_logs/fail/tick0339.json
2025-06-29 11:31:33,877 | ERROR   | Solver failed | status=2 | SQP it=1000 | KKT=2.21e-11 | t=0.739s
2025-06-29 11:31:33,878 | ERROR   | Dump saved → debug_logs/fail/tick0340.json
2025-06-29 11:31:34,871 | ERROR   | Solver failed | status=2 | SQP it=1000 | KKT=4.33e-08 | t=0.966s
2025-06-29 11:31:34,872 | ERROR   | Dump saved → debug_logs/fail/tick0341.json
2025-06-29 11:31:35,869 | ERROR   | Solver failed | status=2 | SQP it=1000 | KKT=1.49e-08 | t=0.968s
2025-06-29 11:31:35,870 | ERROR   | Dump saved → debug_logs/fail/tick0342.json
2025-06-29 11:31:36,904 | ERROR   | Solver failed | status=2 | SQP it=1000 | KKT=2.63e-08 | t=1.005s
2025-06-29 11:31:36,904 | ERROR   | Dump saved → debug_logs/fail/tick0343.json
