2025-06-08 22:28:35,798 | INFO    | ===== INITIAL STATE DUMP =====
2025-06-08 22:28:35,798 | DEBUG   | {
  "xcurrent": [
    1.089695930480957,
    1.4088244438171387,
    0.08456537127494812,
    0.0,
    0.0,
    0.0
  ],
  "params": {
    "QC": 10,
    "QL": 80,
    "MU": 10,
    "DVTHETA_MAX": 1.0,
    "N": 20,
    "T_HORIZON": 1.5,
    "RAMP_TIME": 1.8,
    "BARRIER_WEIGHT": 10,
    "TUNNEL_WIDTH": 0.4,
    "TUNNEL_WIDTH_GATE": 0.25,
    "Q_OMEGA": 2,
    "R_VTHETA": 1.0,
    "IN_GATE_RAMP_TIME": 0.4,
    "OUT_GATE_RAMP_TIME": 3
  },
  "box_lims": {
    "vtheta_max": 1.0,
    "dvtheta_max": 1.0
  }
}
2025-06-08 22:28:46,996 | ERROR   | Solver failed | status=1 | SQP it=5 | KKT=0.00e+00 | t=0.007s
2025-06-08 22:28:46,997 | ERROR   | Dump saved → debug_logs/fail/tick0068.json
2025-06-08 22:28:47,027 | ERROR   | Solver failed | status=1 | SQP it=0 | KKT=nan | t=0.000s
2025-06-08 22:28:47,028 | ERROR   | Dump saved → debug_logs/fail/tick0069.json
2025-06-08 22:28:47,061 | ERROR   | Solver failed | status=1 | SQP it=0 | KKT=nan | t=0.000s
2025-06-08 22:28:47,062 | ERROR   | Dump saved → debug_logs/fail/tick0070.json
2025-06-08 22:28:47,092 | ERROR   | Solver failed | status=1 | SQP it=0 | KKT=nan | t=0.000s
2025-06-08 22:28:47,092 | ERROR   | Dump saved → debug_logs/fail/tick0071.json
2025-06-08 22:28:47,125 | ERROR   | Solver failed | status=1 | SQP it=0 | KKT=nan | t=0.000s
2025-06-08 22:28:47,126 | ERROR   | Dump saved → debug_logs/fail/tick0072.json
2025-06-08 22:28:47,153 | ERROR   | Solver failed | status=1 | SQP it=0 | KKT=nan | t=0.000s
2025-06-08 22:28:47,153 | ERROR   | Dump saved → debug_logs/fail/tick0073.json
2025-06-08 22:28:47,179 | ERROR   | Solver failed | status=1 | SQP it=0 | KKT=nan | t=0.000s
2025-06-08 22:28:47,180 | ERROR   | Dump saved → debug_logs/fail/tick0074.json
2025-06-08 22:28:47,210 | ERROR   | Solver failed | status=1 | SQP it=0 | KKT=nan | t=0.000s
2025-06-08 22:28:47,211 | ERROR   | Dump saved → debug_logs/fail/tick0075.json
2025-06-08 22:28:47,237 | ERROR   | Solver failed | status=1 | SQP it=0 | KKT=nan | t=0.000s
2025-06-08 22:28:47,238 | ERROR   | Dump saved → debug_logs/fail/tick0076.json
2025-06-08 22:28:47,265 | ERROR   | Solver failed | status=1 | SQP it=0 | KKT=nan | t=0.000s
2025-06-08 22:28:47,266 | ERROR   | Dump saved → debug_logs/fail/tick0077.json
2025-06-08 22:28:47,292 | ERROR   | Solver failed | status=1 | SQP it=0 | KKT=nan | t=0.000s
2025-06-08 22:28:47,293 | ERROR   | Dump saved → debug_logs/fail/tick0078.json
2025-06-08 22:28:47,317 | ERROR   | Solver failed | status=1 | SQP it=0 | KKT=nan | t=0.000s
2025-06-08 22:28:47,318 | ERROR   | Dump saved → debug_logs/fail/tick0079.json
2025-06-08 22:28:47,344 | ERROR   | Solver failed | status=1 | SQP it=0 | KKT=nan | t=0.000s
2025-06-08 22:28:47,344 | ERROR   | Dump saved → debug_logs/fail/tick0080.json
2025-06-08 22:28:51,693 | ERROR   | Solver failed | status=1 | SQP it=0 | KKT=nan | t=0.000s
2025-06-08 22:28:51,695 | ERROR   | Dump saved → debug_logs/fail/tick0081.json
2025-06-08 22:28:51,735 | ERROR   | Solver failed | status=1 | SQP it=0 | KKT=nan | t=0.000s
2025-06-08 22:28:51,736 | ERROR   | Dump saved → debug_logs/fail/tick0082.json
2025-06-08 22:28:51,770 | ERROR   | Solver failed | status=1 | SQP it=0 | KKT=nan | t=0.000s
2025-06-08 22:28:51,771 | ERROR   | Dump saved → debug_logs/fail/tick0083.json
2025-06-08 22:28:51,797 | ERROR   | Solver failed | status=1 | SQP it=0 | KKT=nan | t=0.000s
2025-06-08 22:28:51,798 | ERROR   | Dump saved → debug_logs/fail/tick0084.json
2025-06-08 22:28:51,826 | ERROR   | Solver failed | status=1 | SQP it=0 | KKT=nan | t=0.000s
2025-06-08 22:28:51,827 | ERROR   | Dump saved → debug_logs/fail/tick0085.json
2025-06-08 22:28:51,858 | ERROR   | Solver failed | status=1 | SQP it=0 | KKT=nan | t=0.000s
2025-06-08 22:28:51,859 | ERROR   | Dump saved → debug_logs/fail/tick0086.json
2025-06-08 22:28:51,887 | ERROR   | Solver failed | status=1 | SQP it=0 | KKT=nan | t=0.000s
2025-06-08 22:28:51,887 | ERROR   | Dump saved → debug_logs/fail/tick0087.json
2025-06-08 22:28:51,916 | ERROR   | Solver failed | status=1 | SQP it=0 | KKT=nan | t=0.000s
2025-06-08 22:28:51,917 | ERROR   | Dump saved → debug_logs/fail/tick0088.json
2025-06-08 22:28:51,948 | ERROR   | Solver failed | status=1 | SQP it=0 | KKT=nan | t=0.000s
2025-06-08 22:28:51,948 | ERROR   | Dump saved → debug_logs/fail/tick0089.json
2025-06-08 22:28:51,982 | ERROR   | Solver failed | status=1 | SQP it=0 | KKT=nan | t=0.000s
2025-06-08 22:28:51,982 | ERROR   | Dump saved → debug_logs/fail/tick0090.json
2025-06-08 22:28:52,012 | ERROR   | Solver failed | status=1 | SQP it=0 | KKT=nan | t=0.000s
2025-06-08 22:28:52,013 | ERROR   | Dump saved → debug_logs/fail/tick0091.json
2025-06-08 22:28:52,044 | ERROR   | Solver failed | status=1 | SQP it=0 | KKT=nan | t=0.000s
2025-06-08 22:28:52,045 | ERROR   | Dump saved → debug_logs/fail/tick0092.json
2025-06-08 22:28:52,076 | ERROR   | Solver failed | status=1 | SQP it=0 | KKT=nan | t=0.000s
2025-06-08 22:28:52,077 | ERROR   | Dump saved → debug_logs/fail/tick0093.json
2025-06-08 22:28:52,103 | ERROR   | Solver failed | status=1 | SQP it=0 | KKT=nan | t=0.000s
2025-06-08 22:28:52,104 | ERROR   | Dump saved → debug_logs/fail/tick0094.json
2025-06-08 22:28:52,129 | ERROR   | Solver failed | status=1 | SQP it=0 | KKT=nan | t=0.000s
2025-06-08 22:28:52,130 | ERROR   | Dump saved → debug_logs/fail/tick0095.json
2025-06-08 22:28:52,159 | ERROR   | Solver failed | status=1 | SQP it=0 | KKT=nan | t=0.000s
2025-06-08 22:28:52,160 | ERROR   | Dump saved → debug_logs/fail/tick0096.json
2025-06-08 22:28:52,185 | ERROR   | Solver failed | status=1 | SQP it=0 | KKT=nan | t=0.000s
2025-06-08 22:28:52,186 | ERROR   | Dump saved → debug_logs/fail/tick0097.json
2025-06-08 22:28:52,803 | ERROR   | Solver failed | status=1 | SQP it=0 | KKT=nan | t=0.000s
2025-06-08 22:28:52,805 | ERROR   | Dump saved → debug_logs/fail/tick0098.json
2025-06-08 22:28:52,843 | ERROR   | Solver failed | status=1 | SQP it=0 | KKT=nan | t=0.000s
2025-06-08 22:28:52,844 | ERROR   | Dump saved → debug_logs/fail/tick0099.json
2025-06-08 22:28:52,870 | ERROR   | Solver failed | status=1 | SQP it=0 | KKT=nan | t=0.000s
2025-06-08 22:28:52,871 | ERROR   | Dump saved → debug_logs/fail/tick0100.json
2025-06-08 22:28:52,895 | ERROR   | Solver failed | status=1 | SQP it=0 | KKT=nan | t=0.000s
2025-06-08 22:28:52,896 | ERROR   | Dump saved → debug_logs/fail/tick0101.json
2025-06-08 22:28:52,925 | ERROR   | Solver failed | status=1 | SQP it=0 | KKT=nan | t=0.000s
2025-06-08 22:28:52,925 | ERROR   | Dump saved → debug_logs/fail/tick0102.json
