2025-06-06 16:09:14,310 | INFO    | ===== INITIAL STATE DUMP =====
2025-06-06 16:09:14,310 | DEBUG   | {
  "xcurrent": [
    1.089695930480957,
    1.4088244438171387,
    0.08456537127494812,
    0.0,
    0.0,
    0.0
  ],
  "params": {
    "QC": 10,
    "QL": 80,
    "MU": 10,
    "DVTHETA_MAX": 1.5,
    "N": 20,
    "T_HORIZON": 1.05,
    "RAMP_TIME": 1.8,
    "BARRIER_WEIGHT": 10,
    "TUNNEL_WIDTH": 0.25,
    "Q_OMEGA": 2,
    "R_VTHETA": 1.0,
    "GATE_RAMP_TIME": 0.05
  },
  "box_lims": {
    "vtheta_max": 1.5,
    "dvtheta_max": 1.5
  }
}
2025-06-06 16:09:17,801 | ERROR   | Solver failed | status=1 | SQP it=28 | KKT=7.67e-08 | t=0.026s
2025-06-06 16:09:17,802 | ERROR   | Dump saved → debug_logs/fail/tick0084.json
2025-06-06 16:09:17,828 | ERROR   | Solver failed | status=1 | SQP it=0 | KKT=nan | t=0.000s
2025-06-06 16:09:17,829 | ERROR   | Dump saved → debug_logs/fail/tick0085.json
2025-06-06 16:09:17,855 | ERROR   | Solver failed | status=1 | SQP it=0 | KKT=nan | t=0.000s
2025-06-06 16:09:17,856 | ERROR   | Dump saved → debug_logs/fail/tick0086.json
2025-06-06 16:09:17,883 | ERROR   | Solver failed | status=1 | SQP it=0 | KKT=nan | t=0.000s
2025-06-06 16:09:17,884 | ERROR   | Dump saved → debug_logs/fail/tick0087.json
2025-06-06 16:09:17,911 | ERROR   | Solver failed | status=1 | SQP it=0 | KKT=nan | t=0.000s
2025-06-06 16:09:17,912 | ERROR   | Dump saved → debug_logs/fail/tick0088.json
2025-06-06 16:09:17,936 | ERROR   | Solver failed | status=1 | SQP it=0 | KKT=nan | t=0.000s
2025-06-06 16:09:17,936 | ERROR   | Dump saved → debug_logs/fail/tick0089.json
2025-06-06 16:09:17,960 | ERROR   | Solver failed | status=1 | SQP it=0 | KKT=nan | t=0.000s
2025-06-06 16:09:17,961 | ERROR   | Dump saved → debug_logs/fail/tick0090.json
2025-06-06 16:09:17,985 | ERROR   | Solver failed | status=1 | SQP it=0 | KKT=nan | t=0.000s
2025-06-06 16:09:17,986 | ERROR   | Dump saved → debug_logs/fail/tick0091.json
2025-06-06 16:09:18,009 | ERROR   | Solver failed | status=1 | SQP it=0 | KKT=nan | t=0.000s
2025-06-06 16:09:18,010 | ERROR   | Dump saved → debug_logs/fail/tick0092.json
2025-06-06 16:09:18,034 | ERROR   | Solver failed | status=1 | SQP it=0 | KKT=nan | t=0.000s
2025-06-06 16:09:18,034 | ERROR   | Dump saved → debug_logs/fail/tick0093.json
2025-06-06 16:09:18,060 | ERROR   | Solver failed | status=4 | SQP it=1 | KKT=1.86e+02 | t=0.000s
2025-06-06 16:09:18,060 | ERROR   | Dump saved → debug_logs/fail/tick0094.json
