2025-06-15 19:14:15,331 | INFO    | ===== INITIAL STATE DUMP =====
2025-06-15 19:14:15,331 | DEBUG   | {
  "xcurrent": [
    1.089695930480957,
    1.4088244438171387,
    0.08456537127494812,
    0.0,
    0.0,
    0.0
  ],
  "params": {
    "QC": 10,
    "QC_GATE": 100,
    "QL": 80,
    "MU": 10,
    "DVTHETA_MAX": 1.9,
    "N": 15,
    "T_HORIZON": 0.8,
    "RAMP_TIME": 1.8,
    "BARRIER_WEIGHT": 10,
    "TUNNEL_WIDTH": 0.5,
    "TUNNEL_WIDTH_GATE": 0.1,
    "NARROW_DIST": 1,
    "Q_OMEGA": 2,
    "R_VTHETA": 1.0,
    "IN_GATE_RAMP_TIME": 0.1,
    "OUT_GATE_RAMP_TIME": 3
  },
  "box_lims": {
    "vtheta_max": 1.9,
    "dvtheta_max": 1.9
  }
}
2025-06-15 19:14:33,534 | INFO    | ===== INITIAL STATE DUMP =====
2025-06-15 19:14:33,534 | DEBUG   | {
  "xcurrent": [
    0.9028720855712891,
    1.5953963994979858,
    0.08499348908662796,
    0.0,
    0.0,
    0.0
  ],
  "params": {
    "QC": 10,
    "QC_GATE": 100,
    "QL": 80,
    "MU": 10,
    "DVTHETA_MAX": 1.9,
    "N": 15,
    "T_HORIZON": 0.8,
    "RAMP_TIME": 1.8,
    "BARRIER_WEIGHT": 10,
    "TUNNEL_WIDTH": 0.5,
    "TUNNEL_WIDTH_GATE": 0.1,
    "NARROW_DIST": 1,
    "Q_OMEGA": 2,
    "R_VTHETA": 1.0,
    "IN_GATE_RAMP_TIME": 0.1,
    "OUT_GATE_RAMP_TIME": 3
  },
  "box_lims": {
    "vtheta_max": 1.9,
    "dvtheta_max": 1.9
  }
}
2025-06-15 19:14:39,729 | ERROR   | Solver failed | status=2 | SQP it=1000 | KKT=6.71e-08 | t=0.417s
2025-06-15 19:14:39,731 | ERROR   | Dump saved → debug_logs/fail/tick0205.json
2025-06-15 19:14:40,173 | ERROR   | Solver failed | status=2 | SQP it=1000 | KKT=7.64e-08 | t=0.418s
2025-06-15 19:14:40,174 | ERROR   | Dump saved → debug_logs/fail/tick0206.json
2025-06-15 19:14:40,601 | ERROR   | Solver failed | status=2 | SQP it=1000 | KKT=2.90e-09 | t=0.404s
2025-06-15 19:14:40,601 | ERROR   | Dump saved → debug_logs/fail/tick0207.json
2025-06-15 19:14:41,408 | ERROR   | Solver failed | status=2 | SQP it=1000 | KKT=7.65e-09 | t=0.438s
2025-06-15 19:14:41,410 | ERROR   | Dump saved → debug_logs/fail/tick0212.json
2025-06-15 19:14:41,892 | ERROR   | Solver failed | status=2 | SQP it=1000 | KKT=9.67e-08 | t=0.457s
2025-06-15 19:14:41,892 | ERROR   | Dump saved → debug_logs/fail/tick0213.json
2025-06-15 19:14:42,375 | ERROR   | Solver failed | status=2 | SQP it=1000 | KKT=1.25e-12 | t=0.457s
2025-06-15 19:14:42,377 | ERROR   | Dump saved → debug_logs/fail/tick0214.json
2025-06-15 19:14:42,902 | ERROR   | Solver failed | status=2 | SQP it=1000 | KKT=1.64e-09 | t=0.501s
2025-06-15 19:14:42,903 | ERROR   | Dump saved → debug_logs/fail/tick0215.json
2025-06-15 19:14:43,445 | ERROR   | Solver failed | status=2 | SQP it=1000 | KKT=5.33e-08 | t=0.516s
2025-06-15 19:14:43,447 | ERROR   | Dump saved → debug_logs/fail/tick0216.json
2025-06-15 19:14:43,969 | ERROR   | Solver failed | status=2 | SQP it=1000 | KKT=8.77e-10 | t=0.497s
2025-06-15 19:14:43,970 | ERROR   | Dump saved → debug_logs/fail/tick0217.json
2025-06-15 19:14:44,534 | ERROR   | Solver failed | status=2 | SQP it=1000 | KKT=2.04e-08 | t=0.537s
2025-06-15 19:14:44,536 | ERROR   | Dump saved → debug_logs/fail/tick0218.json
2025-06-15 19:14:45,145 | ERROR   | Solver failed | status=2 | SQP it=1000 | KKT=1.63e-08 | t=0.582s
2025-06-15 19:14:45,146 | ERROR   | Dump saved → debug_logs/fail/tick0219.json
