2025-06-06 18:01:50,791 | INFO    | ===== INITIAL STATE DUMP =====
2025-06-06 18:01:50,792 | DEBUG   | {
  "xcurrent": [
    1.089695930480957,
    1.4088244438171387,
    0.08456537127494812,
    0.0,
    0.0,
    0.0
  ],
  "params": {
    "QC": 10,
    "QL": 80,
    "MU": 10,
    "DVTHETA_MAX": 1.5,
    "N": 20,
    "T_HORIZON": 1.05,
    "RAMP_TIME": 1.8,
    "BARRIER_WEIGHT": 10,
    "TUNNEL_WIDTH": 0.45,
    "TUNNEL_WIDTH_GATE": 0.25,
    "Q_OMEGA": 2,
    "R_VTHETA": 1.0,
    "IN_GATE_RAMP_TIME": 0.4,
    "OUT_GATE_RAMP_TIME": 0.4
  },
  "box_lims": {
    "vtheta_max": 1.5,
    "dvtheta_max": 1.5
  }
}
2025-06-06 18:02:10,534 | ERROR   | Solver failed | status=2 | SQP it=50 | KKT=1.20e-08 | t=0.031s
2025-06-06 18:02:10,536 | ERROR   | Dump saved → debug_logs/fail/tick0083.json
2025-06-06 18:02:10,600 | ERROR   | Solver failed | status=2 | SQP it=50 | KKT=4.59e-08 | t=0.039s
2025-06-06 18:02:10,602 | ERROR   | Dump saved → debug_logs/fail/tick0084.json
2025-06-06 18:02:10,663 | ERROR   | Solver failed | status=1 | SQP it=40 | KKT=2.38e-10 | t=0.036s
2025-06-06 18:02:10,664 | ERROR   | Dump saved → debug_logs/fail/tick0085.json
2025-06-06 18:02:10,689 | ERROR   | Solver failed | status=1 | SQP it=0 | KKT=nan | t=0.000s
2025-06-06 18:02:10,689 | ERROR   | Dump saved → debug_logs/fail/tick0086.json
2025-06-06 18:02:10,714 | ERROR   | Solver failed | status=1 | SQP it=0 | KKT=nan | t=0.000s
2025-06-06 18:02:10,714 | ERROR   | Dump saved → debug_logs/fail/tick0087.json
2025-06-06 18:02:10,739 | ERROR   | Solver failed | status=1 | SQP it=0 | KKT=nan | t=0.000s
2025-06-06 18:02:10,740 | ERROR   | Dump saved → debug_logs/fail/tick0088.json
2025-06-06 18:02:10,765 | ERROR   | Solver failed | status=1 | SQP it=0 | KKT=nan | t=0.000s
2025-06-06 18:02:10,766 | ERROR   | Dump saved → debug_logs/fail/tick0089.json
2025-06-06 18:02:10,793 | ERROR   | Solver failed | status=1 | SQP it=0 | KKT=nan | t=0.000s
2025-06-06 18:02:10,793 | ERROR   | Dump saved → debug_logs/fail/tick0090.json
2025-06-06 18:02:10,820 | ERROR   | Solver failed | status=1 | SQP it=0 | KKT=nan | t=0.000s
2025-06-06 18:02:10,821 | ERROR   | Dump saved → debug_logs/fail/tick0091.json
2025-06-06 18:02:10,847 | ERROR   | Solver failed | status=1 | SQP it=0 | KKT=nan | t=0.000s
2025-06-06 18:02:10,848 | ERROR   | Dump saved → debug_logs/fail/tick0092.json
2025-06-06 18:02:10,872 | ERROR   | Solver failed | status=1 | SQP it=0 | KKT=nan | t=0.000s
2025-06-06 18:02:10,873 | ERROR   | Dump saved → debug_logs/fail/tick0093.json
2025-06-06 18:02:10,896 | ERROR   | Solver failed | status=1 | SQP it=0 | KKT=nan | t=0.000s
2025-06-06 18:02:10,897 | ERROR   | Dump saved → debug_logs/fail/tick0094.json
2025-06-06 18:02:10,921 | ERROR   | Solver failed | status=1 | SQP it=0 | KKT=nan | t=0.000s
2025-06-06 18:02:10,922 | ERROR   | Dump saved → debug_logs/fail/tick0095.json
2025-06-06 18:02:10,946 | ERROR   | Solver failed | status=1 | SQP it=0 | KKT=nan | t=0.000s
2025-06-06 18:02:10,947 | ERROR   | Dump saved → debug_logs/fail/tick0096.json
