2025-06-06 16:05:33,064 | INFO    | ===== INITIAL STATE DUMP =====
2025-06-06 16:05:33,065 | DEBUG   | {
  "xcurrent": [
    1.089695930480957,
    1.4088244438171387,
    0.08456537127494812,
    0.0,
    0.0,
    0.0
  ],
  "params": {
    "QC": 10,
    "QL": 80,
    "MU": 10,
    "DVTHETA_MAX": 1.2,
    "N": 20,
    "T_HORIZON": 1.05,
    "RAMP_TIME": 1.8,
    "BARRIER_WEIGHT": 10,
    "TUNNEL_WIDTH": 0.25,
    "Q_OMEGA": 2,
    "R_VTHETA": 1.0,
    "GATE_RAMP_TIME": 2
  },
  "box_lims": {
    "vtheta_max": 1.2,
    "dvtheta_max": 1.2
  }
}
2025-06-06 16:05:35,449 | ERROR   | Solver failed | status=2 | SQP it=1000 | KKT=7.88e-08 | t=0.378s
2025-06-06 16:05:35,450 | ERROR   | Dump saved → debug_logs/fail/tick0033.json
2025-06-06 16:05:37,272 | ERROR   | Solver failed | status=1 | SQP it=21 | KKT=9.35e-10 | t=0.019s
2025-06-06 16:05:37,273 | ERROR   | Dump saved → debug_logs/fail/tick0097.json
2025-06-06 16:05:37,298 | ERROR   | Solver failed | status=1 | SQP it=0 | KKT=nan | t=0.000s
2025-06-06 16:05:37,299 | ERROR   | Dump saved → debug_logs/fail/tick0098.json
2025-06-06 16:05:37,324 | ERROR   | Solver failed | status=1 | SQP it=0 | KKT=nan | t=0.000s
2025-06-06 16:05:37,324 | ERROR   | Dump saved → debug_logs/fail/tick0099.json
2025-06-06 16:05:37,350 | ERROR   | Solver failed | status=1 | SQP it=0 | KKT=nan | t=0.000s
2025-06-06 16:05:37,350 | ERROR   | Dump saved → debug_logs/fail/tick0100.json
2025-06-06 16:05:37,378 | ERROR   | Solver failed | status=1 | SQP it=0 | KKT=nan | t=0.000s
2025-06-06 16:05:37,378 | ERROR   | Dump saved → debug_logs/fail/tick0101.json
2025-06-06 16:05:37,406 | ERROR   | Solver failed | status=1 | SQP it=0 | KKT=nan | t=0.000s
2025-06-06 16:05:37,406 | ERROR   | Dump saved → debug_logs/fail/tick0102.json
2025-06-06 16:05:37,434 | ERROR   | Solver failed | status=1 | SQP it=0 | KKT=nan | t=0.000s
2025-06-06 16:05:37,435 | ERROR   | Dump saved → debug_logs/fail/tick0103.json
2025-06-06 16:05:37,463 | ERROR   | Solver failed | status=1 | SQP it=0 | KKT=nan | t=0.000s
2025-06-06 16:05:37,463 | ERROR   | Dump saved → debug_logs/fail/tick0104.json
2025-06-06 16:05:37,491 | ERROR   | Solver failed | status=1 | SQP it=0 | KKT=nan | t=0.000s
2025-06-06 16:05:37,492 | ERROR   | Dump saved → debug_logs/fail/tick0105.json
2025-06-06 16:05:37,519 | ERROR   | Solver failed | status=1 | SQP it=0 | KKT=nan | t=0.000s
2025-06-06 16:05:37,520 | ERROR   | Dump saved → debug_logs/fail/tick0106.json
2025-06-06 16:05:37,547 | ERROR   | Solver failed | status=1 | SQP it=0 | KKT=nan | t=0.000s
2025-06-06 16:05:37,547 | ERROR   | Dump saved → debug_logs/fail/tick0107.json
2025-06-06 16:05:37,575 | ERROR   | Solver failed | status=1 | SQP it=0 | KKT=nan | t=0.000s
2025-06-06 16:05:37,575 | ERROR   | Dump saved → debug_logs/fail/tick0108.json
2025-06-06 16:05:37,603 | ERROR   | Solver failed | status=1 | SQP it=0 | KKT=nan | t=0.000s
2025-06-06 16:05:37,604 | ERROR   | Dump saved → debug_logs/fail/tick0109.json
2025-06-06 16:05:37,632 | ERROR   | Solver failed | status=1 | SQP it=0 | KKT=nan | t=0.000s
2025-06-06 16:05:37,633 | ERROR   | Dump saved → debug_logs/fail/tick0110.json
2025-06-06 16:05:37,662 | ERROR   | Solver failed | status=1 | SQP it=0 | KKT=nan | t=0.000s
2025-06-06 16:05:37,662 | ERROR   | Dump saved → debug_logs/fail/tick0111.json
2025-06-06 16:05:37,688 | ERROR   | Solver failed | status=1 | SQP it=0 | KKT=nan | t=0.000s
2025-06-06 16:05:37,688 | ERROR   | Dump saved → debug_logs/fail/tick0112.json
