2025-06-28 18:45:51,321 | INFO    | ===== INITIAL STATE DUMP =====
2025-06-28 18:45:51,321 | DEBUG   | {
  "xcurrent": [
    1.089695930480957,
    1.4088244438171387,
    0.08456537127494812,
    0.0,
    0.0,
    0.0
  ],
  "params": {
    "QC": 10,
    "QC_GATE": 50,
    "QL": 40,
    "MU": 10,
    "DVTHETA_MAX": 1.4,
    "N": 20,
    "T_HORIZON": 0.5,
    "RAMP_TIME": 0.5,
    "BARRIER_WEIGHT": 10,
    "OBSTACLE_WEIGHT": [
      300,
      300,
      200,
      100
    ],
    "OBSTACLE_RADIUS": 0.2,
    "TUNNEL_WIDTH": 0.5,
    "TUNNEL_WIDTH_GATE": 0.15,
    "NARROW_DIST": 0.5,
    "GATE_FLAT_DIST": 0.3,
    "Q_OMEGA": 2,
    "R_VTHETA": 1.0,
    "REG_THRUST": 0.008,
    "REG_INPUTS": 0.02
  },
  "box_lims": {
    "vtheta_max": 1.4,
    "dvtheta_max": 1.4
  }
}
2025-06-28 18:45:56,758 | ERROR   | Solver failed | status=4 | SQP it=1 | KKT=1.82e+00 | t=0.001s
2025-06-28 18:45:56,761 | ERROR   | Dump saved → debug_logs/fail/tick0077.json
2025-06-28 18:45:56,793 | ERROR   | Solver failed | status=4 | SQP it=1 | KKT=1.82e+00 | t=0.002s
2025-06-28 18:45:56,794 | ERROR   | Dump saved → debug_logs/fail/tick0078.json
2025-06-28 18:45:56,820 | ERROR   | Solver failed | status=4 | SQP it=1 | KKT=1.87e+00 | t=0.001s
2025-06-28 18:45:56,821 | ERROR   | Dump saved → debug_logs/fail/tick0079.json
2025-06-28 18:45:56,849 | ERROR   | Solver failed | status=4 | SQP it=1 | KKT=1.87e+00 | t=0.001s
2025-06-28 18:45:56,850 | ERROR   | Dump saved → debug_logs/fail/tick0080.json
2025-06-28 18:45:56,878 | ERROR   | Solver failed | status=4 | SQP it=1 | KKT=1.92e+00 | t=0.001s
2025-06-28 18:45:56,878 | ERROR   | Dump saved → debug_logs/fail/tick0081.json
2025-06-28 18:45:56,907 | ERROR   | Solver failed | status=4 | SQP it=1 | KKT=1.92e+00 | t=0.002s
2025-06-28 18:45:56,908 | ERROR   | Dump saved → debug_logs/fail/tick0082.json
2025-06-28 18:45:56,935 | ERROR   | Solver failed | status=4 | SQP it=1 | KKT=1.92e+00 | t=0.001s
2025-06-28 18:45:56,936 | ERROR   | Dump saved → debug_logs/fail/tick0083.json
2025-06-28 18:45:56,970 | ERROR   | Solver failed | status=4 | SQP it=7 | KKT=1.00e+00 | t=0.007s
2025-06-28 18:45:56,971 | ERROR   | Dump saved → debug_logs/fail/tick0084.json
2025-06-28 18:45:56,999 | ERROR   | Solver failed | status=4 | SQP it=1 | KKT=1.24e+02 | t=0.002s
2025-06-28 18:45:56,999 | ERROR   | Dump saved → debug_logs/fail/tick0085.json
2025-06-28 18:45:57,027 | ERROR   | Solver failed | status=4 | SQP it=1 | KKT=1.24e+02 | t=0.002s
2025-06-28 18:45:57,028 | ERROR   | Dump saved → debug_logs/fail/tick0086.json
2025-06-28 18:46:03,678 | INFO    | ===== INITIAL STATE DUMP =====
2025-06-28 18:46:03,678 | DEBUG   | {
  "xcurrent": [
    1.0187565088272095,
    1.5988187789916992,
    0.07042186707258224,
    0.0,
    0.0,
    0.0
  ],
  "params": {
    "QC": 10,
    "QC_GATE": 50,
    "QL": 40,
    "MU": 10,
    "DVTHETA_MAX": 1.4,
    "N": 20,
    "T_HORIZON": 0.5,
    "RAMP_TIME": 0.5,
    "BARRIER_WEIGHT": 10,
    "OBSTACLE_WEIGHT": [
      300,
      300,
      200,
      100
    ],
    "OBSTACLE_RADIUS": 0.2,
    "TUNNEL_WIDTH": 0.5,
    "TUNNEL_WIDTH_GATE": 0.15,
    "NARROW_DIST": 0.5,
    "GATE_FLAT_DIST": 0.3,
    "Q_OMEGA": 2,
    "R_VTHETA": 1.0,
    "REG_THRUST": 0.008,
    "REG_INPUTS": 0.02
  },
  "box_lims": {
    "vtheta_max": 1.4,
    "dvtheta_max": 1.4
  }
}
