2025-06-29 08:32:15,724 | INFO    | ===== INITIAL STATE DUMP =====
2025-06-29 08:32:15,725 | DEBUG   | {
  "xcurrent": [
    1.089695930480957,
    1.4088244438171387,
    0.08456537127494812,
    0.0,
    0.0,
    0.0
  ],
  "params": {
    "QC": 10,
    "QC_GATE": 50,
    "QL": 40,
    "MU": 10,
    "DVTHETA_MAX": 1.6,
    "N": 20,
    "T_HORIZON": 0.7,
    "RAMP_TIME": 0.7,
    "BARRIER_WEIGHT": 10,
    "OBSTACLE_WEIGHT": [
      0,
      100,
      0,
      0
    ],
    "OBSTACLE_RADIUS": 0.2,
    "OBSTACLE_ALPHA": 30.0,
    "TUNNEL_WIDTH": 0.4,
    "TUNNEL_WIDTH_GATE": 0.15,
    "NARROW_DIST": 0.6,
    "GATE_FLAT_DIST": 0.45,
    "Q_OMEGA": 2,
    "R_VTHETA": 1.0,
    "REG_THRUST": 0.02,
    "REG_INPUTS": 0.8
  },
  "box_lims": {
    "vtheta_max": 1.6,
    "dvtheta_max": 1.6
  }
}
2025-06-29 08:32:19,274 | ERROR   | Solver failed | status=4 | SQP it=34 | KKT=1.75e-09 | t=0.026s
2025-06-29 08:32:19,275 | ERROR   | Dump saved → debug_logs/fail/tick0073.json
2025-06-29 08:32:19,302 | ERROR   | Solver failed | status=4 | SQP it=1 | KKT=1.24e+01 | t=0.001s
2025-06-29 08:32:19,302 | ERROR   | Dump saved → debug_logs/fail/tick0074.json
2025-06-29 08:32:19,330 | ERROR   | Solver failed | status=4 | SQP it=1 | KKT=1.24e+01 | t=0.001s
2025-06-29 08:32:19,331 | ERROR   | Dump saved → debug_logs/fail/tick0075.json
2025-06-29 08:32:19,361 | ERROR   | Solver failed | status=4 | SQP it=9 | KKT=4.44e-16 | t=0.006s
2025-06-29 08:32:19,362 | ERROR   | Dump saved → debug_logs/fail/tick0076.json
2025-06-29 08:32:19,386 | ERROR   | Solver failed | status=4 | SQP it=1 | KKT=7.38e+01 | t=0.001s
2025-06-29 08:32:19,387 | ERROR   | Dump saved → debug_logs/fail/tick0077.json
2025-06-29 08:32:19,413 | ERROR   | Solver failed | status=4 | SQP it=1 | KKT=7.38e+01 | t=0.001s
2025-06-29 08:32:19,414 | ERROR   | Dump saved → debug_logs/fail/tick0078.json
2025-06-29 08:32:23,645 | ERROR   | Solver failed | status=4 | SQP it=1 | KKT=7.38e+01 | t=0.002s
2025-06-29 08:32:23,647 | ERROR   | Dump saved → debug_logs/fail/tick0079.json
2025-06-29 08:32:23,704 | ERROR   | Solver failed | status=4 | SQP it=18 | KKT=8.71e-10 | t=0.021s
2025-06-29 08:32:23,705 | ERROR   | Dump saved → debug_logs/fail/tick0080.json
2025-06-29 08:32:23,734 | ERROR   | Solver failed | status=4 | SQP it=1 | KKT=2.01e+02 | t=0.003s
2025-06-29 08:32:23,735 | ERROR   | Dump saved → debug_logs/fail/tick0081.json
2025-06-29 08:32:23,762 | ERROR   | Solver failed | status=4 | SQP it=1 | KKT=2.01e+02 | t=0.001s
2025-06-29 08:32:23,763 | ERROR   | Dump saved → debug_logs/fail/tick0082.json
2025-06-29 08:32:23,813 | ERROR   | Solver failed | status=4 | SQP it=25 | KKT=1.60e-08 | t=0.022s
2025-06-29 08:32:23,814 | ERROR   | Dump saved → debug_logs/fail/tick0083.json
2025-06-29 08:32:23,842 | ERROR   | Solver failed | status=4 | SQP it=1 | KKT=6.88e+01 | t=0.002s
2025-06-29 08:32:23,843 | ERROR   | Dump saved → debug_logs/fail/tick0084.json
2025-06-29 08:32:23,875 | ERROR   | Solver failed | status=4 | SQP it=1 | KKT=6.88e+01 | t=0.001s
2025-06-29 08:32:23,876 | ERROR   | Dump saved → debug_logs/fail/tick0085.json
2025-06-29 08:32:24,000 | ERROR   | Solver failed | status=4 | SQP it=110 | KKT=5.90e-11 | t=0.097s
2025-06-29 08:32:24,001 | ERROR   | Dump saved → debug_logs/fail/tick0086.json
2025-06-29 08:32:24,029 | ERROR   | Solver failed | status=4 | SQP it=1 | KKT=7.90e+01 | t=0.001s
2025-06-29 08:32:24,029 | ERROR   | Dump saved → debug_logs/fail/tick0087.json
2025-06-29 08:32:24,059 | ERROR   | Solver failed | status=4 | SQP it=1 | KKT=7.90e+01 | t=0.001s
2025-06-29 08:32:24,060 | ERROR   | Dump saved → debug_logs/fail/tick0088.json
2025-06-29 08:32:24,086 | ERROR   | Solver failed | status=4 | SQP it=1 | KKT=7.90e+01 | t=0.001s
2025-06-29 08:32:24,087 | ERROR   | Dump saved → debug_logs/fail/tick0089.json
2025-06-29 08:32:24,252 | ERROR   | Solver failed | status=4 | SQP it=154 | KKT=6.67e-08 | t=0.139s
2025-06-29 08:32:24,252 | ERROR   | Dump saved → debug_logs/fail/tick0090.json
2025-06-29 08:32:24,279 | ERROR   | Solver failed | status=4 | SQP it=1 | KKT=6.36e+01 | t=0.001s
2025-06-29 08:32:24,279 | ERROR   | Dump saved → debug_logs/fail/tick0091.json
2025-06-29 08:32:24,307 | ERROR   | Solver failed | status=4 | SQP it=1 | KKT=6.36e+01 | t=0.001s
2025-06-29 08:32:24,308 | ERROR   | Dump saved → debug_logs/fail/tick0092.json
2025-06-29 08:32:27,453 | ERROR   | Solver failed | status=4 | SQP it=2 | KKT=3.81e+00 | t=0.001s
2025-06-29 08:32:27,453 | ERROR   | Dump saved → debug_logs/fail/tick0129.json
2025-06-29 08:32:27,482 | ERROR   | Solver failed | status=4 | SQP it=1 | KKT=6.58e+00 | t=0.001s
2025-06-29 08:32:27,483 | ERROR   | Dump saved → debug_logs/fail/tick0130.json
2025-06-29 08:32:27,513 | ERROR   | Solver failed | status=4 | SQP it=2 | KKT=6.85e+00 | t=0.001s
2025-06-29 08:32:27,514 | ERROR   | Dump saved → debug_logs/fail/tick0131.json
2025-06-29 08:32:27,544 | ERROR   | Solver failed | status=4 | SQP it=1 | KKT=1.53e+01 | t=0.001s
2025-06-29 08:32:27,545 | ERROR   | Dump saved → debug_logs/fail/tick0132.json
2025-06-29 08:32:27,574 | ERROR   | Solver failed | status=4 | SQP it=1 | KKT=1.51e+01 | t=0.001s
2025-06-29 08:32:27,575 | ERROR   | Dump saved → debug_logs/fail/tick0133.json
2025-06-29 08:32:27,611 | ERROR   | Solver failed | status=4 | SQP it=15 | KKT=7.50e-09 | t=0.011s
2025-06-29 08:32:27,612 | ERROR   | Dump saved → debug_logs/fail/tick0134.json
2025-06-29 08:32:27,640 | ERROR   | Solver failed | status=4 | SQP it=1 | KKT=2.43e+01 | t=0.001s
2025-06-29 08:32:27,641 | ERROR   | Dump saved → debug_logs/fail/tick0135.json
2025-06-29 08:32:27,667 | ERROR   | Solver failed | status=4 | SQP it=1 | KKT=2.42e+01 | t=0.001s
2025-06-29 08:32:27,668 | ERROR   | Dump saved → debug_logs/fail/tick0136.json
2025-06-29 08:32:27,694 | ERROR   | Solver failed | status=4 | SQP it=1 | KKT=2.42e+01 | t=0.001s
2025-06-29 08:32:27,695 | ERROR   | Dump saved → debug_logs/fail/tick0137.json
2025-06-29 08:32:28,588 | ERROR   | Solver failed | status=4 | SQP it=6 | KKT=1.20e+01 | t=0.006s
2025-06-29 08:32:28,589 | ERROR   | Dump saved → debug_logs/fail/tick0142.json
2025-06-29 08:32:28,622 | ERROR   | Solver failed | status=4 | SQP it=1 | KKT=3.71e+00 | t=0.001s
2025-06-29 08:32:28,623 | ERROR   | Dump saved → debug_logs/fail/tick0143.json
2025-06-29 08:32:28,669 | ERROR   | Solver failed | status=4 | SQP it=21 | KKT=6.74e-08 | t=0.015s
2025-06-29 08:32:28,670 | ERROR   | Dump saved → debug_logs/fail/tick0144.json
2025-06-29 08:32:30,224 | INFO    | ===== INITIAL STATE DUMP =====
2025-06-29 08:32:30,224 | DEBUG   | {
  "xcurrent": [
    0.9662600755691528,
    1.571929931640625,
    0.08537481725215912,
    0.0,
    0.0,
    0.0
  ],
  "params": {
    "QC": 10,
    "QC_GATE": 50,
    "QL": 40,
    "MU": 10,
    "DVTHETA_MAX": 1.6,
    "N": 20,
    "T_HORIZON": 0.7,
    "RAMP_TIME": 0.7,
    "BARRIER_WEIGHT": 10,
    "OBSTACLE_WEIGHT": [
      0,
      100,
      0,
      0
    ],
    "OBSTACLE_RADIUS": 0.2,
    "OBSTACLE_ALPHA": 30.0,
    "TUNNEL_WIDTH": 0.4,
    "TUNNEL_WIDTH_GATE": 0.15,
    "NARROW_DIST": 0.6,
    "GATE_FLAT_DIST": 0.45,
    "Q_OMEGA": 2,
    "R_VTHETA": 1.0,
    "REG_THRUST": 0.02,
    "REG_INPUTS": 0.8
  },
  "box_lims": {
    "vtheta_max": 1.6,
    "dvtheta_max": 1.6
  }
}
2025-06-29 08:32:32,545 | ERROR   | Solver failed | status=4 | SQP it=41 | KKT=2.97e-15 | t=0.031s
2025-06-29 08:32:32,545 | ERROR   | Dump saved → debug_logs/fail/tick0070.json
2025-06-29 08:32:32,574 | ERROR   | Solver failed | status=4 | SQP it=1 | KKT=6.65e+01 | t=0.001s
2025-06-29 08:32:32,574 | ERROR   | Dump saved → debug_logs/fail/tick0071.json
2025-06-29 08:32:32,600 | ERROR   | Solver failed | status=4 | SQP it=1 | KKT=6.65e+01 | t=0.001s
2025-06-29 08:32:32,600 | ERROR   | Dump saved → debug_logs/fail/tick0072.json
2025-06-29 08:32:32,626 | ERROR   | Solver failed | status=4 | SQP it=1 | KKT=6.67e+01 | t=0.002s
2025-06-29 08:32:32,627 | ERROR   | Dump saved → debug_logs/fail/tick0073.json
2025-06-29 08:32:32,655 | ERROR   | Solver failed | status=4 | SQP it=1 | KKT=6.67e+01 | t=0.003s
2025-06-29 08:32:32,656 | ERROR   | Dump saved → debug_logs/fail/tick0074.json
2025-06-29 08:32:32,682 | ERROR   | Solver failed | status=4 | SQP it=1 | KKT=6.67e+01 | t=0.003s
2025-06-29 08:32:32,683 | ERROR   | Dump saved → debug_logs/fail/tick0075.json
2025-06-29 08:32:32,708 | ERROR   | Solver failed | status=4 | SQP it=1 | KKT=6.70e+01 | t=0.001s
2025-06-29 08:32:32,709 | ERROR   | Dump saved → debug_logs/fail/tick0076.json
2025-06-29 08:32:32,735 | ERROR   | Solver failed | status=4 | SQP it=1 | KKT=6.70e+01 | t=0.001s
2025-06-29 08:32:32,735 | ERROR   | Dump saved → debug_logs/fail/tick0077.json
2025-06-29 08:32:32,762 | ERROR   | Solver failed | status=4 | SQP it=1 | KKT=6.70e+01 | t=0.001s
2025-06-29 08:32:32,763 | ERROR   | Dump saved → debug_logs/fail/tick0078.json
2025-06-29 08:32:33,499 | ERROR   | Solver failed | status=4 | SQP it=59 | KKT=2.25e-08 | t=0.047s
2025-06-29 08:32:33,500 | ERROR   | Dump saved → debug_logs/fail/tick0096.json
2025-06-29 08:32:33,531 | ERROR   | Solver failed | status=4 | SQP it=1 | KKT=1.25e+02 | t=0.001s
2025-06-29 08:32:33,532 | ERROR   | Dump saved → debug_logs/fail/tick0097.json
2025-06-29 08:32:33,560 | ERROR   | Solver failed | status=4 | SQP it=1 | KKT=1.25e+02 | t=0.001s
2025-06-29 08:32:33,560 | ERROR   | Dump saved → debug_logs/fail/tick0098.json
2025-06-29 08:32:33,587 | ERROR   | Solver failed | status=4 | SQP it=1 | KKT=1.25e+02 | t=0.001s
2025-06-29 08:32:33,588 | ERROR   | Dump saved → debug_logs/fail/tick0099.json
2025-06-29 08:32:33,650 | ERROR   | Solver failed | status=4 | SQP it=49 | KKT=5.02e-09 | t=0.037s
2025-06-29 08:32:33,651 | ERROR   | Dump saved → debug_logs/fail/tick0100.json
2025-06-29 08:32:33,677 | ERROR   | Solver failed | status=4 | SQP it=1 | KKT=1.65e+02 | t=0.001s
2025-06-29 08:32:33,678 | ERROR   | Dump saved → debug_logs/fail/tick0101.json
2025-06-29 08:32:33,704 | ERROR   | Solver failed | status=4 | SQP it=1 | KKT=1.65e+02 | t=0.001s
2025-06-29 08:32:33,705 | ERROR   | Dump saved → debug_logs/fail/tick0102.json
2025-06-29 08:32:33,731 | ERROR   | Solver failed | status=4 | SQP it=1 | KKT=1.65e+02 | t=0.001s
2025-06-29 08:32:33,731 | ERROR   | Dump saved → debug_logs/fail/tick0103.json
2025-06-29 08:32:33,758 | ERROR   | Solver failed | status=4 | SQP it=1 | KKT=1.65e+02 | t=0.001s
2025-06-29 08:32:33,758 | ERROR   | Dump saved → debug_logs/fail/tick0104.json
2025-06-29 08:32:34,437 | ERROR   | Solver failed | status=2 | SQP it=1000 | KKT=1.27e-08 | t=0.652s
2025-06-29 08:32:34,438 | ERROR   | Dump saved → debug_logs/fail/tick0105.json
