2025-06-29 11:33:29,519 | INFO    | ===== INITIAL STATE DUMP =====
2025-06-29 11:33:29,519 | DEBUG   | {
  "xcurrent": [
    1.089695930480957,
    1.4088244438171387,
    0.08456537127494812,
    0.0,
    0.0,
    0.0
  ],
  "params": {
    "QC": 10,
    "QC_GATE": 50,
    "QL": 40,
    "MU": 10,
    "DVTHETA_MAX": 1.6,
    "N": 20,
    "T_HORIZON": 0.7,
    "RAMP_TIME": 0.1,
    "BARRIER_WEIGHT": 50,
    "TUNNEL_WIDTH": 0.4,
    "TUNNEL_WIDTH_GATE": 0.15,
    "NARROW_DIST": 0.6,
    "GATE_FLAT_DIST": 0.45,
    "Q_OMEGA": 2,
    "R_VTHETA": 1.0,
    "REG_THRUST": 0.009,
    "REG_INPUTS": 0.1
  },
  "box_lims": {
    "vtheta_max": 1.6,
    "dvtheta_max": 1.6
  }
}
2025-06-29 11:33:37,641 | ERROR   | Solver failed | status=2 | SQP it=1000 | KKT=3.90e-08 | t=0.511s
2025-06-29 11:33:37,641 | ERROR   | Dump saved → debug_logs/fail/tick0080.json
2025-06-29 11:33:44,178 | INFO    | ===== INITIAL STATE DUMP =====
2025-06-29 11:33:44,179 | DEBUG   | {
  "xcurrent": [
    1.050594687461853,
    1.4977706670761108,
    0.08238659054040909,
    0.0,
    0.0,
    0.0
  ],
  "params": {
    "QC": 10,
    "QC_GATE": 50,
    "QL": 40,
    "MU": 10,
    "DVTHETA_MAX": 1.6,
    "N": 20,
    "T_HORIZON": 0.7,
    "RAMP_TIME": 0.1,
    "BARRIER_WEIGHT": 50,
    "TUNNEL_WIDTH": 0.4,
    "TUNNEL_WIDTH_GATE": 0.15,
    "NARROW_DIST": 0.6,
    "GATE_FLAT_DIST": 0.45,
    "Q_OMEGA": 2,
    "R_VTHETA": 1.0,
    "REG_THRUST": 0.009,
    "REG_INPUTS": 0.1
  },
  "box_lims": {
    "vtheta_max": 1.6,
    "dvtheta_max": 1.6
  }
}
2025-06-29 11:33:56,746 | ERROR   | Solver failed | status=2 | SQP it=1000 | KKT=3.75e-08 | t=0.570s
2025-06-29 11:33:56,749 | ERROR   | Dump saved → debug_logs/fail/tick0378.json
2025-06-29 11:33:57,450 | ERROR   | Solver failed | status=2 | SQP it=1000 | KKT=3.33e-08 | t=0.672s
2025-06-29 11:33:57,450 | ERROR   | Dump saved → debug_logs/fail/tick0379.json
2025-06-29 11:33:58,822 | INFO    | ===== INITIAL STATE DUMP =====
2025-06-29 11:33:58,823 | DEBUG   | {
  "xcurrent": [
    1.093410611152649,
    1.4132575988769531,
    0.08145324885845184,
    0.0,
    0.0,
    0.0
  ],
  "params": {
    "QC": 10,
    "QC_GATE": 50,
    "QL": 40,
    "MU": 10,
    "DVTHETA_MAX": 1.6,
    "N": 20,
    "T_HORIZON": 0.7,
    "RAMP_TIME": 0.1,
    "BARRIER_WEIGHT": 50,
    "TUNNEL_WIDTH": 0.4,
    "TUNNEL_WIDTH_GATE": 0.15,
    "NARROW_DIST": 0.6,
    "GATE_FLAT_DIST": 0.45,
    "Q_OMEGA": 2,
    "R_VTHETA": 1.0,
    "REG_THRUST": 0.009,
    "REG_INPUTS": 0.1
  },
  "box_lims": {
    "vtheta_max": 1.6,
    "dvtheta_max": 1.6
  }
}
2025-06-29 11:34:10,743 | ERROR   | Solver failed | status=2 | SQP it=1000 | KKT=7.85e-08 | t=0.956s
2025-06-29 11:34:10,744 | ERROR   | Dump saved → debug_logs/fail/tick0329.json
2025-06-29 11:34:11,766 | ERROR   | Solver failed | status=2 | SQP it=1000 | KKT=3.61e-08 | t=0.994s
2025-06-29 11:34:11,766 | ERROR   | Dump saved → debug_logs/fail/tick0330.json
2025-06-29 11:34:12,776 | ERROR   | Solver failed | status=2 | SQP it=1000 | KKT=3.24e-08 | t=0.986s
2025-06-29 11:34:12,777 | ERROR   | Dump saved → debug_logs/fail/tick0331.json
2025-06-29 11:34:13,810 | ERROR   | Solver failed | status=2 | SQP it=1000 | KKT=3.56e-10 | t=1.005s
2025-06-29 11:34:13,810 | ERROR   | Dump saved → debug_logs/fail/tick0332.json
2025-06-29 11:34:14,868 | ERROR   | Solver failed | status=2 | SQP it=1000 | KKT=2.80e-08 | t=1.028s
2025-06-29 11:34:14,869 | ERROR   | Dump saved → debug_logs/fail/tick0333.json
