2025-06-29 11:20:41,474 | INFO    | ===== INITIAL STATE DUMP =====
2025-06-29 11:20:41,475 | DEBUG   | {
  "xcurrent": [
    1.089695930480957,
    1.4088244438171387,
    0.08456537127494812,
    0.0,
    0.0,
    0.0
  ],
  "params": {
    "QC": 10,
    "QC_GATE": 50,
    "QL": 40,
    "MU": 10,
    "DVTHETA_MAX": 1.6,
    "N": 20,
    "T_HORIZON": 0.7,
    "RAMP_TIME": 0.1,
    "BARRIER_WEIGHT": 50,
    "TUNNEL_WIDTH": 0.4,
    "TUNNEL_WIDTH_GATE": 0.15,
    "NARROW_DIST": 0.6,
    "GATE_FLAT_DIST": 0.45,
    "Q_OMEGA": 2,
    "R_VTHETA": 1.0,
    "REG_THRUST": 0.02,
    "REG_INPUTS": 0.05
  },
  "box_lims": {
    "vtheta_max": 1.6,
    "dvtheta_max": 1.6
  }
}
2025-06-29 11:21:08,917 | INFO    | ===== INITIAL STATE DUMP =====
2025-06-29 11:21:08,917 | DEBUG   | {
  "xcurrent": [
    0.9619128108024597,
    1.4115904569625854,
    0.08399292081594467,
    0.0,
    0.0,
    0.0
  ],
  "params": {
    "QC": 10,
    "QC_GATE": 50,
    "QL": 40,
    "MU": 10,
    "DVTHETA_MAX": 1.6,
    "N": 20,
    "T_HORIZON": 0.7,
    "RAMP_TIME": 0.1,
    "BARRIER_WEIGHT": 50,
    "TUNNEL_WIDTH": 0.4,
    "TUNNEL_WIDTH_GATE": 0.15,
    "NARROW_DIST": 0.6,
    "GATE_FLAT_DIST": 0.45,
    "Q_OMEGA": 2,
    "R_VTHETA": 1.0,
    "REG_THRUST": 0.02,
    "REG_INPUTS": 0.05
  },
  "box_lims": {
    "vtheta_max": 1.6,
    "dvtheta_max": 1.6
  }
}
2025-06-29 11:21:21,890 | ERROR   | Solver failed | status=2 | SQP it=1000 | KKT=1.65e-08 | t=0.645s
2025-06-29 11:21:21,891 | ERROR   | Dump saved → debug_logs/fail/tick0405.json
2025-06-29 11:21:22,625 | ERROR   | Solver failed | status=2 | SQP it=1000 | KKT=3.68e-08 | t=0.705s
2025-06-29 11:21:22,626 | ERROR   | Dump saved → debug_logs/fail/tick0406.json
2025-06-29 11:21:23,375 | ERROR   | Solver failed | status=2 | SQP it=1000 | KKT=5.89e-08 | t=0.724s
2025-06-29 11:21:23,376 | ERROR   | Dump saved → debug_logs/fail/tick0407.json
2025-06-29 11:21:24,186 | ERROR   | Solver failed | status=2 | SQP it=1000 | KKT=4.91e-08 | t=0.785s
2025-06-29 11:21:24,187 | ERROR   | Dump saved → debug_logs/fail/tick0408.json
2025-06-29 11:21:25,038 | ERROR   | Solver failed | status=2 | SQP it=1000 | KKT=1.42e-08 | t=0.822s
2025-06-29 11:21:25,038 | ERROR   | Dump saved → debug_logs/fail/tick0409.json
2025-06-29 11:21:25,921 | ERROR   | Solver failed | status=2 | SQP it=1000 | KKT=5.77e-08 | t=0.856s
2025-06-29 11:21:25,922 | ERROR   | Dump saved → debug_logs/fail/tick0410.json
2025-06-29 11:21:26,841 | ERROR   | Solver failed | status=2 | SQP it=1000 | KKT=6.18e-08 | t=0.893s
2025-06-29 11:21:26,842 | ERROR   | Dump saved → debug_logs/fail/tick0411.json
2025-06-29 11:21:27,756 | ERROR   | Solver failed | status=2 | SQP it=1000 | KKT=6.11e-08 | t=0.887s
2025-06-29 11:21:27,757 | ERROR   | Dump saved → debug_logs/fail/tick0412.json
2025-06-29 11:21:28,654 | ERROR   | Solver failed | status=2 | SQP it=1000 | KKT=4.33e-08 | t=0.870s
2025-06-29 11:21:28,655 | ERROR   | Dump saved → debug_logs/fail/tick0413.json
2025-06-29 11:21:29,686 | ERROR   | Solver failed | status=2 | SQP it=1000 | KKT=6.85e-11 | t=0.999s
2025-06-29 11:21:29,687 | ERROR   | Dump saved → debug_logs/fail/tick0414.json
2025-06-29 11:21:30,758 | ERROR   | Solver failed | status=2 | SQP it=1000 | KKT=2.56e-08 | t=1.043s
2025-06-29 11:21:30,758 | ERROR   | Dump saved → debug_logs/fail/tick0415.json
2025-06-29 11:21:31,866 | ERROR   | Solver failed | status=2 | SQP it=1000 | KKT=6.67e-08 | t=1.059s
2025-06-29 11:21:31,867 | ERROR   | Dump saved → debug_logs/fail/tick0416.json
2025-06-29 11:21:32,998 | ERROR   | Solver failed | status=2 | SQP it=1000 | KKT=1.56e-08 | t=1.090s
2025-06-29 11:21:32,998 | ERROR   | Dump saved → debug_logs/fail/tick0417.json
2025-06-29 11:21:34,098 | ERROR   | Solver failed | status=2 | SQP it=1000 | KKT=5.32e-09 | t=1.056s
2025-06-29 11:21:34,098 | ERROR   | Dump saved → debug_logs/fail/tick0418.json
2025-06-29 11:21:35,239 | ERROR   | Solver failed | status=2 | SQP it=1000 | KKT=7.60e-12 | t=1.095s
2025-06-29 11:21:35,240 | ERROR   | Dump saved → debug_logs/fail/tick0419.json
