2025-06-06 16:53:09,252 | INFO    | ===== INITIAL STATE DUMP =====
2025-06-06 16:53:09,252 | DEBUG   | {
  "xcurrent": [
    1.089695930480957,
    1.4088244438171387,
    0.08456537127494812,
    0.0,
    0.0,
    0.0
  ],
  "params": {
    "QC": 10,
    "QL": 80,
    "MU": 10,
    "DVTHETA_MAX": 1.3,
    "N": 20,
    "T_HORIZON": 1.05,
    "RAMP_TIME": 1.8,
    "BARRIER_WEIGHT": 10,
    "TUNNEL_WIDTH": 0.4,
    "TUNNEL_WIDTH_GATE": 0.25,
    "Q_OMEGA": 2,
    "R_VTHETA": 1.0,
    "GATE_RAMP_TIME": 0.4
  },
  "box_lims": {
    "vtheta_max": 1.3,
    "dvtheta_max": 1.3
  }
}
2025-06-06 16:53:50,820 | ERROR   | Solver failed | status=1 | SQP it=12 | KKT=1.41e-08 | t=0.016s
2025-06-06 16:53:50,821 | ERROR   | Dump saved → debug_logs/fail/tick0326.json
2025-06-06 16:53:50,848 | ERROR   | Solver failed | status=1 | SQP it=0 | KKT=nan | t=0.000s
2025-06-06 16:53:50,849 | ERROR   | Dump saved → debug_logs/fail/tick0327.json
2025-06-06 16:53:52,032 | ERROR   | Solver failed | status=1 | SQP it=0 | KKT=nan | t=0.000s
2025-06-06 16:53:52,035 | ERROR   | Dump saved → debug_logs/fail/tick0328.json
2025-06-06 16:53:52,073 | ERROR   | Solver failed | status=1 | SQP it=0 | KKT=nan | t=0.000s
2025-06-06 16:53:52,075 | ERROR   | Dump saved → debug_logs/fail/tick0329.json
2025-06-06 16:53:52,102 | ERROR   | Solver failed | status=1 | SQP it=0 | KKT=nan | t=0.000s
2025-06-06 16:53:52,104 | ERROR   | Dump saved → debug_logs/fail/tick0330.json
2025-06-06 16:53:52,130 | ERROR   | Solver failed | status=1 | SQP it=0 | KKT=nan | t=0.000s
2025-06-06 16:53:52,131 | ERROR   | Dump saved → debug_logs/fail/tick0331.json
2025-06-06 16:53:52,156 | ERROR   | Solver failed | status=1 | SQP it=0 | KKT=nan | t=0.000s
2025-06-06 16:53:52,157 | ERROR   | Dump saved → debug_logs/fail/tick0332.json
2025-06-06 16:53:52,183 | ERROR   | Solver failed | status=1 | SQP it=0 | KKT=nan | t=0.000s
2025-06-06 16:53:52,184 | ERROR   | Dump saved → debug_logs/fail/tick0333.json
2025-06-06 16:53:52,209 | ERROR   | Solver failed | status=1 | SQP it=0 | KKT=nan | t=0.000s
2025-06-06 16:53:52,210 | ERROR   | Dump saved → debug_logs/fail/tick0334.json
2025-06-06 16:53:52,237 | ERROR   | Solver failed | status=1 | SQP it=0 | KKT=nan | t=0.000s
2025-06-06 16:53:52,237 | ERROR   | Dump saved → debug_logs/fail/tick0335.json
2025-06-06 16:53:52,262 | ERROR   | Solver failed | status=1 | SQP it=0 | KKT=nan | t=0.000s
2025-06-06 16:53:52,263 | ERROR   | Dump saved → debug_logs/fail/tick0336.json
2025-06-06 16:53:52,289 | ERROR   | Solver failed | status=1 | SQP it=0 | KKT=nan | t=0.000s
2025-06-06 16:53:52,290 | ERROR   | Dump saved → debug_logs/fail/tick0337.json
2025-06-06 16:53:52,316 | ERROR   | Solver failed | status=1 | SQP it=0 | KKT=nan | t=0.000s
2025-06-06 16:53:52,317 | ERROR   | Dump saved → debug_logs/fail/tick0338.json
2025-06-06 16:53:52,343 | ERROR   | Solver failed | status=1 | SQP it=0 | KKT=nan | t=0.000s
2025-06-06 16:53:52,344 | ERROR   | Dump saved → debug_logs/fail/tick0339.json
