2025-06-08 22:28:58,827 | INFO    | ===== INITIAL STATE DUMP =====
2025-06-08 22:28:58,828 | DEBUG   | {
  "xcurrent": [
    1.089695930480957,
    1.4088244438171387,
    0.08456537127494812,
    0.0,
    0.0,
    0.0
  ],
  "params": {
    "QC": 10,
    "QL": 80,
    "MU": 10,
    "DVTHETA_MAX": 1.0,
    "N": 20,
    "T_HORIZON": 1.5,
    "RAMP_TIME": 1.8,
    "BARRIER_WEIGHT": 10,
    "TUNNEL_WIDTH": 0.4,
    "TUNNEL_WIDTH_GATE": 0.25,
    "Q_OMEGA": 2,
    "R_VTHETA": 1.0,
    "IN_GATE_RAMP_TIME": 0.4,
    "OUT_GATE_RAMP_TIME": 3
  },
  "box_lims": {
    "vtheta_max": 1.0,
    "dvtheta_max": 1.0
  }
}
2025-06-08 22:29:03,278 | ERROR   | Solver failed | status=1 | SQP it=5 | KKT=0.00e+00 | t=0.005s
2025-06-08 22:29:03,279 | ERROR   | Dump saved → debug_logs/fail/tick0068.json
2025-06-08 22:29:03,308 | ERROR   | Solver failed | status=1 | SQP it=0 | KKT=nan | t=0.000s
2025-06-08 22:29:03,309 | ERROR   | Dump saved → debug_logs/fail/tick0069.json
2025-06-08 22:29:03,334 | ERROR   | Solver failed | status=1 | SQP it=0 | KKT=nan | t=0.000s
2025-06-08 22:29:03,334 | ERROR   | Dump saved → debug_logs/fail/tick0070.json
2025-06-08 22:29:03,360 | ERROR   | Solver failed | status=1 | SQP it=0 | KKT=nan | t=0.000s
2025-06-08 22:29:03,361 | ERROR   | Dump saved → debug_logs/fail/tick0071.json
2025-06-08 22:29:03,392 | ERROR   | Solver failed | status=1 | SQP it=0 | KKT=nan | t=0.000s
2025-06-08 22:29:03,393 | ERROR   | Dump saved → debug_logs/fail/tick0072.json
2025-06-08 22:29:03,419 | ERROR   | Solver failed | status=1 | SQP it=0 | KKT=nan | t=0.000s
2025-06-08 22:29:03,420 | ERROR   | Dump saved → debug_logs/fail/tick0073.json
2025-06-08 22:29:03,447 | ERROR   | Solver failed | status=1 | SQP it=0 | KKT=nan | t=0.000s
2025-06-08 22:29:03,448 | ERROR   | Dump saved → debug_logs/fail/tick0074.json
2025-06-08 22:29:03,478 | ERROR   | Solver failed | status=1 | SQP it=0 | KKT=nan | t=0.000s
2025-06-08 22:29:03,478 | ERROR   | Dump saved → debug_logs/fail/tick0075.json
2025-06-08 22:29:06,836 | ERROR   | Solver failed | status=1 | SQP it=0 | KKT=nan | t=0.000s
2025-06-08 22:29:06,838 | ERROR   | Dump saved → debug_logs/fail/tick0076.json
2025-06-08 22:29:06,882 | ERROR   | Solver failed | status=1 | SQP it=0 | KKT=nan | t=0.000s
2025-06-08 22:29:06,883 | ERROR   | Dump saved → debug_logs/fail/tick0077.json
2025-06-08 22:29:06,912 | ERROR   | Solver failed | status=1 | SQP it=0 | KKT=nan | t=0.000s
2025-06-08 22:29:06,913 | ERROR   | Dump saved → debug_logs/fail/tick0078.json
2025-06-08 22:29:06,942 | ERROR   | Solver failed | status=1 | SQP it=0 | KKT=nan | t=0.000s
2025-06-08 22:29:06,943 | ERROR   | Dump saved → debug_logs/fail/tick0079.json
2025-06-08 22:29:06,975 | ERROR   | Solver failed | status=1 | SQP it=0 | KKT=nan | t=0.000s
2025-06-08 22:29:06,976 | ERROR   | Dump saved → debug_logs/fail/tick0080.json
2025-06-08 22:29:07,005 | ERROR   | Solver failed | status=1 | SQP it=0 | KKT=nan | t=0.000s
2025-06-08 22:29:07,006 | ERROR   | Dump saved → debug_logs/fail/tick0081.json
2025-06-08 22:29:07,039 | ERROR   | Solver failed | status=1 | SQP it=0 | KKT=nan | t=0.000s
2025-06-08 22:29:07,040 | ERROR   | Dump saved → debug_logs/fail/tick0082.json
2025-06-08 22:29:07,070 | ERROR   | Solver failed | status=1 | SQP it=0 | KKT=nan | t=0.000s
2025-06-08 22:29:07,071 | ERROR   | Dump saved → debug_logs/fail/tick0083.json
2025-06-08 22:29:07,101 | ERROR   | Solver failed | status=1 | SQP it=0 | KKT=nan | t=0.000s
2025-06-08 22:29:07,101 | ERROR   | Dump saved → debug_logs/fail/tick0084.json
2025-06-08 22:29:07,130 | ERROR   | Solver failed | status=1 | SQP it=0 | KKT=nan | t=0.000s
2025-06-08 22:29:07,131 | ERROR   | Dump saved → debug_logs/fail/tick0085.json
2025-06-08 22:29:07,487 | ERROR   | Solver failed | status=1 | SQP it=0 | KKT=nan | t=0.000s
2025-06-08 22:29:07,489 | ERROR   | Dump saved → debug_logs/fail/tick0086.json
2025-06-08 22:29:07,526 | ERROR   | Solver failed | status=1 | SQP it=0 | KKT=nan | t=0.000s
2025-06-08 22:29:07,527 | ERROR   | Dump saved → debug_logs/fail/tick0087.json
2025-06-08 22:29:07,560 | ERROR   | Solver failed | status=1 | SQP it=0 | KKT=nan | t=0.000s
2025-06-08 22:29:07,561 | ERROR   | Dump saved → debug_logs/fail/tick0088.json
2025-06-08 22:29:07,593 | ERROR   | Solver failed | status=1 | SQP it=0 | KKT=nan | t=0.000s
2025-06-08 22:29:07,594 | ERROR   | Dump saved → debug_logs/fail/tick0089.json
2025-06-08 22:29:07,619 | ERROR   | Solver failed | status=1 | SQP it=0 | KKT=nan | t=0.000s
2025-06-08 22:29:07,620 | ERROR   | Dump saved → debug_logs/fail/tick0090.json
2025-06-08 22:29:07,652 | ERROR   | Solver failed | status=1 | SQP it=0 | KKT=nan | t=0.000s
2025-06-08 22:29:07,653 | ERROR   | Dump saved → debug_logs/fail/tick0091.json
2025-06-08 22:29:07,679 | ERROR   | Solver failed | status=1 | SQP it=0 | KKT=nan | t=0.000s
2025-06-08 22:29:07,680 | ERROR   | Dump saved → debug_logs/fail/tick0092.json
2025-06-08 22:29:07,713 | ERROR   | Solver failed | status=1 | SQP it=0 | KKT=nan | t=0.000s
2025-06-08 22:29:07,713 | ERROR   | Dump saved → debug_logs/fail/tick0093.json
2025-06-08 22:29:08,074 | ERROR   | Solver failed | status=1 | SQP it=0 | KKT=nan | t=0.000s
2025-06-08 22:29:08,075 | ERROR   | Dump saved → debug_logs/fail/tick0094.json
2025-06-08 22:29:08,115 | ERROR   | Solver failed | status=1 | SQP it=0 | KKT=nan | t=0.000s
2025-06-08 22:29:08,116 | ERROR   | Dump saved → debug_logs/fail/tick0095.json
2025-06-08 22:29:08,144 | ERROR   | Solver failed | status=1 | SQP it=0 | KKT=nan | t=0.000s
2025-06-08 22:29:08,145 | ERROR   | Dump saved → debug_logs/fail/tick0096.json
2025-06-08 22:29:08,177 | ERROR   | Solver failed | status=1 | SQP it=0 | KKT=nan | t=0.000s
2025-06-08 22:29:08,177 | ERROR   | Dump saved → debug_logs/fail/tick0097.json
2025-06-08 22:29:08,206 | ERROR   | Solver failed | status=1 | SQP it=0 | KKT=nan | t=0.000s
2025-06-08 22:29:08,206 | ERROR   | Dump saved → debug_logs/fail/tick0098.json
2025-06-08 22:29:08,235 | ERROR   | Solver failed | status=1 | SQP it=0 | KKT=nan | t=0.000s
2025-06-08 22:29:08,236 | ERROR   | Dump saved → debug_logs/fail/tick0099.json
2025-06-08 22:29:08,264 | ERROR   | Solver failed | status=1 | SQP it=0 | KKT=nan | t=0.000s
2025-06-08 22:29:08,265 | ERROR   | Dump saved → debug_logs/fail/tick0100.json
2025-06-08 22:29:08,547 | ERROR   | Solver failed | status=1 | SQP it=0 | KKT=nan | t=0.000s
2025-06-08 22:29:08,548 | ERROR   | Dump saved → debug_logs/fail/tick0101.json
2025-06-08 22:29:08,580 | ERROR   | Solver failed | status=1 | SQP it=0 | KKT=nan | t=0.000s
2025-06-08 22:29:08,581 | ERROR   | Dump saved → debug_logs/fail/tick0102.json
