2025-06-10 14:18:00,285 | INFO    | ===== INITIAL STATE DUMP =====
2025-06-10 14:18:00,286 | DEBUG   | {
  "xcurrent": [
    1.0,
    1.5,
    0.07000000029802322,
    0.0,
    0.0,
    0.0
  ],
  "params": {
    "QC": 10,
    "QL": 80,
    "MU": 10,
    "DVTHETA_MAX": 1.8,
    "N": 20,
    "T_HORIZON": 1.05,
    "RAMP_TIME": 1.8,
    "BARRIER_WEIGHT": 10,
    "TUNNEL_WIDTH": 0.25,
    "Q_OMEGA": 2,
    "R_VTHETA": 1.0
  },
  "box_lims": {
    "vtheta_max": 1.8,
    "dvtheta_max": 1.8
  }
}
2025-06-10 14:18:08,413 | ERROR   | Solver failed | status=1 | SQP it=61 | KKT=1.20e-08 | t=0.065s
2025-06-10 14:18:08,414 | ERROR   | Dump saved → debug_logs/fail/tick0231.json
2025-06-10 14:18:08,443 | ERROR   | Solver failed | status=1 | SQP it=0 | KKT=nan | t=0.000s
2025-06-10 14:18:08,444 | ERROR   | Dump saved → debug_logs/fail/tick0232.json
2025-06-10 14:18:08,476 | ERROR   | Solver failed | status=1 | SQP it=0 | KKT=nan | t=0.000s
2025-06-10 14:18:08,477 | ERROR   | Dump saved → debug_logs/fail/tick0233.json
2025-06-10 14:18:08,502 | ERROR   | Solver failed | status=1 | SQP it=0 | KKT=nan | t=0.000s
2025-06-10 14:18:08,503 | ERROR   | Dump saved → debug_logs/fail/tick0234.json
2025-06-10 14:18:08,526 | ERROR   | Solver failed | status=1 | SQP it=0 | KKT=nan | t=0.000s
2025-06-10 14:18:08,527 | ERROR   | Dump saved → debug_logs/fail/tick0235.json
2025-06-10 14:18:08,551 | ERROR   | Solver failed | status=1 | SQP it=0 | KKT=nan | t=0.000s
2025-06-10 14:18:08,552 | ERROR   | Dump saved → debug_logs/fail/tick0236.json
2025-06-10 14:18:08,576 | ERROR   | Solver failed | status=1 | SQP it=0 | KKT=nan | t=0.000s
2025-06-10 14:18:08,576 | ERROR   | Dump saved → debug_logs/fail/tick0237.json
2025-06-10 14:18:08,600 | ERROR   | Solver failed | status=1 | SQP it=0 | KKT=nan | t=0.000s
2025-06-10 14:18:08,601 | ERROR   | Dump saved → debug_logs/fail/tick0238.json
2025-06-10 14:18:08,623 | ERROR   | Solver failed | status=1 | SQP it=0 | KKT=nan | t=0.000s
2025-06-10 14:18:08,624 | ERROR   | Dump saved → debug_logs/fail/tick0239.json
2025-06-10 14:18:08,648 | ERROR   | Solver failed | status=1 | SQP it=0 | KKT=nan | t=0.000s
2025-06-10 14:18:08,649 | ERROR   | Dump saved → debug_logs/fail/tick0240.json
2025-06-10 14:18:08,674 | ERROR   | Solver failed | status=1 | SQP it=0 | KKT=nan | t=0.000s
2025-06-10 14:18:08,675 | ERROR   | Dump saved → debug_logs/fail/tick0241.json
2025-06-10 14:18:08,698 | ERROR   | Solver failed | status=1 | SQP it=0 | KKT=nan | t=0.000s
2025-06-10 14:18:08,699 | ERROR   | Dump saved → debug_logs/fail/tick0242.json
2025-06-10 14:18:08,723 | ERROR   | Solver failed | status=1 | SQP it=0 | KKT=nan | t=0.000s
2025-06-10 14:18:08,724 | ERROR   | Dump saved → debug_logs/fail/tick0243.json
2025-06-10 14:18:08,749 | ERROR   | Solver failed | status=1 | SQP it=0 | KKT=nan | t=0.000s
2025-06-10 14:18:08,749 | ERROR   | Dump saved → debug_logs/fail/tick0244.json
2025-06-10 14:18:08,775 | ERROR   | Solver failed | status=1 | SQP it=0 | KKT=nan | t=0.000s
2025-06-10 14:18:08,775 | ERROR   | Dump saved → debug_logs/fail/tick0245.json
2025-06-10 14:18:08,802 | ERROR   | Solver failed | status=1 | SQP it=0 | KKT=nan | t=0.000s
2025-06-10 14:18:08,803 | ERROR   | Dump saved → debug_logs/fail/tick0246.json
2025-06-10 14:18:08,829 | ERROR   | Solver failed | status=1 | SQP it=0 | KKT=nan | t=0.000s
2025-06-10 14:18:08,830 | ERROR   | Dump saved → debug_logs/fail/tick0247.json
2025-06-10 14:18:08,855 | ERROR   | Solver failed | status=1 | SQP it=0 | KKT=nan | t=0.000s
2025-06-10 14:18:08,856 | ERROR   | Dump saved → debug_logs/fail/tick0248.json
2025-06-10 14:18:08,881 | ERROR   | Solver failed | status=1 | SQP it=0 | KKT=nan | t=0.000s
2025-06-10 14:18:08,881 | ERROR   | Dump saved → debug_logs/fail/tick0249.json
2025-06-10 14:18:08,909 | ERROR   | Solver failed | status=1 | SQP it=0 | KKT=nan | t=0.000s
2025-06-10 14:18:08,909 | ERROR   | Dump saved → debug_logs/fail/tick0250.json
2025-06-10 14:18:08,936 | ERROR   | Solver failed | status=1 | SQP it=0 | KKT=nan | t=0.000s
2025-06-10 14:18:08,937 | ERROR   | Dump saved → debug_logs/fail/tick0251.json
2025-06-10 14:18:08,965 | ERROR   | Solver failed | status=1 | SQP it=0 | KKT=nan | t=0.000s
2025-06-10 14:18:08,965 | ERROR   | Dump saved → debug_logs/fail/tick0252.json
2025-06-10 14:18:08,993 | ERROR   | Solver failed | status=1 | SQP it=0 | KKT=nan | t=0.000s
2025-06-10 14:18:08,994 | ERROR   | Dump saved → debug_logs/fail/tick0253.json
2025-06-10 14:18:09,026 | ERROR   | Solver failed | status=1 | SQP it=0 | KKT=nan | t=0.000s
2025-06-10 14:18:09,026 | ERROR   | Dump saved → debug_logs/fail/tick0254.json
2025-06-10 14:18:09,080 | ERROR   | Solver failed | status=1 | SQP it=0 | KKT=nan | t=0.000s
2025-06-10 14:18:09,080 | ERROR   | Dump saved → debug_logs/fail/tick0255.json
2025-06-10 14:18:09,107 | ERROR   | Solver failed | status=1 | SQP it=0 | KKT=nan | t=0.000s
2025-06-10 14:18:09,107 | ERROR   | Dump saved → debug_logs/fail/tick0256.json
2025-06-10 14:18:09,129 | ERROR   | Solver failed | status=1 | SQP it=0 | KKT=nan | t=0.000s
2025-06-10 14:18:09,130 | ERROR   | Dump saved → debug_logs/fail/tick0257.json
2025-06-10 14:18:09,157 | ERROR   | Solver failed | status=1 | SQP it=0 | KKT=nan | t=0.000s
2025-06-10 14:18:09,158 | ERROR   | Dump saved → debug_logs/fail/tick0258.json
2025-06-10 14:18:09,181 | ERROR   | Solver failed | status=1 | SQP it=0 | KKT=nan | t=0.000s
2025-06-10 14:18:09,182 | ERROR   | Dump saved → debug_logs/fail/tick0259.json
2025-06-10 14:18:09,207 | ERROR   | Solver failed | status=1 | SQP it=0 | KKT=nan | t=0.000s
2025-06-10 14:18:09,207 | ERROR   | Dump saved → debug_logs/fail/tick0260.json
2025-06-10 14:18:09,231 | ERROR   | Solver failed | status=1 | SQP it=0 | KKT=nan | t=0.000s
2025-06-10 14:18:09,232 | ERROR   | Dump saved → debug_logs/fail/tick0261.json
2025-06-10 14:18:09,258 | ERROR   | Solver failed | status=1 | SQP it=0 | KKT=nan | t=0.000s
2025-06-10 14:18:09,259 | ERROR   | Dump saved → debug_logs/fail/tick0262.json
2025-06-10 14:18:09,646 | ERROR   | Solver failed | status=1 | SQP it=0 | KKT=nan | t=0.000s
2025-06-10 14:18:09,648 | ERROR   | Dump saved → debug_logs/fail/tick0263.json
2025-06-10 14:18:09,688 | ERROR   | Solver failed | status=1 | SQP it=0 | KKT=nan | t=0.000s
2025-06-10 14:18:09,689 | ERROR   | Dump saved → debug_logs/fail/tick0264.json
2025-06-10 14:18:09,726 | ERROR   | Solver failed | status=1 | SQP it=0 | KKT=nan | t=0.000s
2025-06-10 14:18:09,727 | ERROR   | Dump saved → debug_logs/fail/tick0265.json
2025-06-10 14:18:09,758 | ERROR   | Solver failed | status=1 | SQP it=0 | KKT=nan | t=0.000s
2025-06-10 14:18:09,759 | ERROR   | Dump saved → debug_logs/fail/tick0266.json
2025-06-10 14:18:09,787 | ERROR   | Solver failed | status=1 | SQP it=0 | KKT=nan | t=0.000s
2025-06-10 14:18:09,787 | ERROR   | Dump saved → debug_logs/fail/tick0267.json
2025-06-10 14:18:09,814 | ERROR   | Solver failed | status=1 | SQP it=0 | KKT=nan | t=0.000s
2025-06-10 14:18:09,815 | ERROR   | Dump saved → debug_logs/fail/tick0268.json
2025-06-10 14:18:09,843 | ERROR   | Solver failed | status=1 | SQP it=0 | KKT=nan | t=0.000s
2025-06-10 14:18:09,844 | ERROR   | Dump saved → debug_logs/fail/tick0269.json
2025-06-10 14:18:09,875 | ERROR   | Solver failed | status=1 | SQP it=0 | KKT=nan | t=0.000s
2025-06-10 14:18:09,876 | ERROR   | Dump saved → debug_logs/fail/tick0270.json
2025-06-10 14:18:09,903 | ERROR   | Solver failed | status=1 | SQP it=0 | KKT=nan | t=0.000s
2025-06-10 14:18:09,904 | ERROR   | Dump saved → debug_logs/fail/tick0271.json
2025-06-10 14:18:09,929 | ERROR   | Solver failed | status=1 | SQP it=0 | KKT=nan | t=0.000s
2025-06-10 14:18:09,930 | ERROR   | Dump saved → debug_logs/fail/tick0272.json
2025-06-10 14:18:09,963 | ERROR   | Solver failed | status=1 | SQP it=0 | KKT=nan | t=0.000s
2025-06-10 14:18:09,963 | ERROR   | Dump saved → debug_logs/fail/tick0273.json
2025-06-10 14:18:09,991 | ERROR   | Solver failed | status=1 | SQP it=0 | KKT=nan | t=0.000s
2025-06-10 14:18:09,992 | ERROR   | Dump saved → debug_logs/fail/tick0274.json
2025-06-10 14:18:10,027 | ERROR   | Solver failed | status=1 | SQP it=0 | KKT=nan | t=0.000s
2025-06-10 14:18:10,027 | ERROR   | Dump saved → debug_logs/fail/tick0275.json
2025-06-10 14:18:10,059 | ERROR   | Solver failed | status=1 | SQP it=0 | KKT=nan | t=0.000s
2025-06-10 14:18:10,060 | ERROR   | Dump saved → debug_logs/fail/tick0276.json
2025-06-10 14:18:10,094 | ERROR   | Solver failed | status=1 | SQP it=0 | KKT=nan | t=0.000s
2025-06-10 14:18:10,095 | ERROR   | Dump saved → debug_logs/fail/tick0277.json
2025-06-10 14:18:10,128 | ERROR   | Solver failed | status=1 | SQP it=0 | KKT=nan | t=0.000s
2025-06-10 14:18:10,129 | ERROR   | Dump saved → debug_logs/fail/tick0278.json
2025-06-10 14:18:10,160 | ERROR   | Solver failed | status=1 | SQP it=0 | KKT=nan | t=0.000s
2025-06-10 14:18:10,161 | ERROR   | Dump saved → debug_logs/fail/tick0279.json
2025-06-10 14:18:10,192 | ERROR   | Solver failed | status=1 | SQP it=0 | KKT=nan | t=0.000s
2025-06-10 14:18:10,193 | ERROR   | Dump saved → debug_logs/fail/tick0280.json
2025-06-10 14:18:10,220 | ERROR   | Solver failed | status=1 | SQP it=0 | KKT=nan | t=0.000s
2025-06-10 14:18:10,221 | ERROR   | Dump saved → debug_logs/fail/tick0281.json
2025-06-10 14:18:10,247 | ERROR   | Solver failed | status=1 | SQP it=0 | KKT=nan | t=0.000s
2025-06-10 14:18:10,248 | ERROR   | Dump saved → debug_logs/fail/tick0282.json
2025-06-10 14:18:10,275 | ERROR   | Solver failed | status=1 | SQP it=0 | KKT=nan | t=0.000s
2025-06-10 14:18:10,276 | ERROR   | Dump saved → debug_logs/fail/tick0283.json
2025-06-10 14:18:10,302 | ERROR   | Solver failed | status=1 | SQP it=0 | KKT=nan | t=0.000s
2025-06-10 14:18:10,303 | ERROR   | Dump saved → debug_logs/fail/tick0284.json
2025-06-10 14:18:10,327 | ERROR   | Solver failed | status=1 | SQP it=0 | KKT=nan | t=0.000s
2025-06-10 14:18:10,328 | ERROR   | Dump saved → debug_logs/fail/tick0285.json
2025-06-10 14:18:10,358 | ERROR   | Solver failed | status=1 | SQP it=0 | KKT=nan | t=0.000s
2025-06-10 14:18:10,358 | ERROR   | Dump saved → debug_logs/fail/tick0286.json
2025-06-10 14:18:10,385 | ERROR   | Solver failed | status=1 | SQP it=0 | KKT=nan | t=0.000s
2025-06-10 14:18:10,385 | ERROR   | Dump saved → debug_logs/fail/tick0287.json
2025-06-10 14:18:10,412 | ERROR   | Solver failed | status=1 | SQP it=0 | KKT=nan | t=0.000s
2025-06-10 14:18:10,413 | ERROR   | Dump saved → debug_logs/fail/tick0288.json
2025-06-10 14:18:10,440 | ERROR   | Solver failed | status=1 | SQP it=0 | KKT=nan | t=0.000s
2025-06-10 14:18:10,441 | ERROR   | Dump saved → debug_logs/fail/tick0289.json
2025-06-10 14:18:11,943 | INFO    | ===== INITIAL STATE DUMP =====
2025-06-10 14:18:11,944 | DEBUG   | {
  "xcurrent": [
    1.0,
    1.5,
    0.07000000029802322,
    0.0,
    0.0,
    0.0
  ],
  "params": {
    "QC": 10,
    "QL": 80,
    "MU": 10,
    "DVTHETA_MAX": 1.8,
    "N": 20,
    "T_HORIZON": 1.05,
    "RAMP_TIME": 1.8,
    "BARRIER_WEIGHT": 10,
    "TUNNEL_WIDTH": 0.25,
    "Q_OMEGA": 2,
    "R_VTHETA": 1.0
  },
  "box_lims": {
    "vtheta_max": 1.8,
    "dvtheta_max": 1.8
  }
}
2025-06-10 14:19:08,933 | INFO    | ===== INITIAL STATE DUMP =====
2025-06-10 14:19:08,934 | DEBUG   | {
  "xcurrent": [
    1.0,
    1.5,
    0.07000000029802322,
    0.0,
    0.0,
    0.0
  ],
  "params": {
    "QC": 10,
    "QL": 80,
    "MU": 10,
    "DVTHETA_MAX": 1.8,
    "N": 20,
    "T_HORIZON": 1.05,
    "RAMP_TIME": 1.8,
    "BARRIER_WEIGHT": 10,
    "TUNNEL_WIDTH": 0.25,
    "Q_OMEGA": 2,
    "R_VTHETA": 1.0
  },
  "box_lims": {
    "vtheta_max": 1.8,
    "dvtheta_max": 1.8
  }
}
