2025-06-29 08:29:52,489 | INFO    | ===== INITIAL STATE DUMP =====
2025-06-29 08:29:52,490 | DEBUG   | {
  "xcurrent": [
    1.089695930480957,
    1.4088244438171387,
    0.08456537127494812,
    0.0,
    0.0,
    0.0
  ],
  "params": {
    "QC": 10,
    "QC_GATE": 50,
    "QL": 40,
    "MU": 10,
    "DVTHETA_MAX": 1.6,
    "N": 20,
    "T_HORIZON": 0.7,
    "RAMP_TIME": 0.7,
    "BARRIER_WEIGHT": 10,
    "OBSTACLE_WEIGHT": [
      0,
      10,
      0,
      0
    ],
    "OBSTACLE_RADIUS": 0.15,
    "OBSTACLE_ALPHA": 10.0,
    "TUNNEL_WIDTH": 0.4,
    "TUNNEL_WIDTH_GATE": 0.15,
    "NARROW_DIST": 0.6,
    "GATE_FLAT_DIST": 0.45,
    "Q_OMEGA": 2,
    "R_VTHETA": 1.0,
    "REG_THRUST": 0.02,
    "REG_INPUTS": 0.8
  },
  "box_lims": {
    "vtheta_max": 1.6,
    "dvtheta_max": 1.6
  }
}
2025-06-29 08:29:59,438 | ERROR   | Solver failed | status=4 | SQP it=49 | KKT=1.84e-09 | t=0.037s
2025-06-29 08:29:59,439 | ERROR   | Dump saved → debug_logs/fail/tick0075.json
2025-06-29 08:29:59,467 | ERROR   | Solver failed | status=4 | SQP it=1 | KKT=1.29e+02 | t=0.001s
2025-06-29 08:29:59,468 | ERROR   | Dump saved → debug_logs/fail/tick0076.json
2025-06-29 08:29:59,495 | ERROR   | Solver failed | status=4 | SQP it=1 | KKT=1.29e+02 | t=0.001s
2025-06-29 08:29:59,496 | ERROR   | Dump saved → debug_logs/fail/tick0077.json
2025-06-29 08:29:59,550 | ERROR   | Solver failed | status=4 | SQP it=28 | KKT=1.98e-08 | t=0.025s
2025-06-29 08:29:59,552 | ERROR   | Dump saved → debug_logs/fail/tick0078.json
2025-06-29 08:29:59,578 | ERROR   | Solver failed | status=4 | SQP it=1 | KKT=1.40e+02 | t=0.002s
2025-06-29 08:29:59,579 | ERROR   | Dump saved → debug_logs/fail/tick0079.json
2025-06-29 08:29:59,606 | ERROR   | Solver failed | status=4 | SQP it=1 | KKT=1.40e+02 | t=0.002s
2025-06-29 08:29:59,607 | ERROR   | Dump saved → debug_logs/fail/tick0080.json
2025-06-29 08:29:59,643 | ERROR   | Solver failed | status=4 | SQP it=13 | KKT=3.61e-10 | t=0.011s
2025-06-29 08:29:59,644 | ERROR   | Dump saved → debug_logs/fail/tick0081.json
2025-06-29 08:29:59,669 | ERROR   | Solver failed | status=4 | SQP it=1 | KKT=6.88e+01 | t=0.001s
2025-06-29 08:29:59,670 | ERROR   | Dump saved → debug_logs/fail/tick0082.json
2025-06-29 08:29:59,695 | ERROR   | Solver failed | status=4 | SQP it=1 | KKT=6.88e+01 | t=0.001s
2025-06-29 08:29:59,696 | ERROR   | Dump saved → debug_logs/fail/tick0083.json
2025-06-29 08:29:59,769 | ERROR   | Solver failed | status=4 | SQP it=54 | KKT=4.26e-08 | t=0.047s
2025-06-29 08:29:59,771 | ERROR   | Dump saved → debug_logs/fail/tick0084.json
2025-06-29 08:29:59,798 | ERROR   | Solver failed | status=4 | SQP it=1 | KKT=1.42e+02 | t=0.001s
2025-06-29 08:29:59,798 | ERROR   | Dump saved → debug_logs/fail/tick0085.json
2025-06-29 08:29:59,826 | ERROR   | Solver failed | status=4 | SQP it=1 | KKT=1.42e+02 | t=0.001s
2025-06-29 08:29:59,827 | ERROR   | Dump saved → debug_logs/fail/tick0086.json
2025-06-29 08:30:00,775 | ERROR   | Solver failed | status=4 | SQP it=13 | KKT=1.92e-08 | t=0.008s
2025-06-29 08:30:00,776 | ERROR   | Dump saved → debug_logs/fail/tick0114.json
2025-06-29 08:30:00,983 | ERROR   | Solver failed | status=4 | SQP it=8 | KKT=1.24e-14 | t=0.006s
2025-06-29 08:30:00,985 | ERROR   | Dump saved → debug_logs/fail/tick0120.json
2025-06-29 08:30:01,016 | ERROR   | Solver failed | status=4 | SQP it=1 | KKT=2.84e+01 | t=0.001s
2025-06-29 08:30:01,016 | ERROR   | Dump saved → debug_logs/fail/tick0121.json
2025-06-29 08:30:01,100 | ERROR   | Solver failed | status=4 | SQP it=3 | KKT=1.40e+00 | t=0.002s
2025-06-29 08:30:01,101 | ERROR   | Dump saved → debug_logs/fail/tick0123.json
2025-06-29 08:30:01,172 | ERROR   | Solver failed | status=4 | SQP it=59 | KKT=6.40e-08 | t=0.043s
2025-06-29 08:30:01,173 | ERROR   | Dump saved → debug_logs/fail/tick0124.json
2025-06-29 08:30:01,266 | ERROR   | Solver failed | status=4 | SQP it=88 | KKT=9.77e-10 | t=0.068s
2025-06-29 08:30:01,267 | ERROR   | Dump saved → debug_logs/fail/tick0125.json
2025-06-29 08:30:01,338 | ERROR   | Solver failed | status=4 | SQP it=64 | KKT=5.56e-09 | t=0.046s
2025-06-29 08:30:01,338 | ERROR   | Dump saved → debug_logs/fail/tick0126.json
2025-06-29 08:30:01,363 | ERROR   | Solver failed | status=4 | SQP it=1 | KKT=9.18e+01 | t=0.001s
2025-06-29 08:30:01,364 | ERROR   | Dump saved → debug_logs/fail/tick0127.json
2025-06-29 08:30:01,397 | ERROR   | Solver failed | status=4 | SQP it=9 | KKT=3.55e-15 | t=0.007s
2025-06-29 08:30:01,397 | ERROR   | Dump saved → debug_logs/fail/tick0128.json
2025-06-29 08:30:01,425 | ERROR   | Solver failed | status=4 | SQP it=2 | KKT=6.91e+01 | t=0.001s
2025-06-29 08:30:01,426 | ERROR   | Dump saved → debug_logs/fail/tick0129.json
2025-06-29 08:30:02,105 | ERROR   | Solver failed | status=4 | SQP it=1 | KKT=5.64e+01 | t=0.003s
2025-06-29 08:30:02,107 | ERROR   | Dump saved → debug_logs/fail/tick0130.json
2025-06-29 08:30:02,151 | ERROR   | Solver failed | status=4 | SQP it=1 | KKT=5.64e+01 | t=0.001s
2025-06-29 08:30:02,152 | ERROR   | Dump saved → debug_logs/fail/tick0131.json
2025-06-29 08:30:02,185 | ERROR   | Solver failed | status=4 | SQP it=1 | KKT=5.64e+01 | t=0.001s
2025-06-29 08:30:02,186 | ERROR   | Dump saved → debug_logs/fail/tick0132.json
2025-06-29 08:30:02,217 | ERROR   | Solver failed | status=4 | SQP it=2 | KKT=5.54e+01 | t=0.001s
2025-06-29 08:30:02,218 | ERROR   | Dump saved → debug_logs/fail/tick0133.json
2025-06-29 08:30:02,247 | ERROR   | Solver failed | status=4 | SQP it=1 | KKT=8.76e+01 | t=0.001s
2025-06-29 08:30:02,248 | ERROR   | Dump saved → debug_logs/fail/tick0134.json
2025-06-29 08:30:02,285 | ERROR   | Solver failed | status=4 | SQP it=12 | KKT=5.60e-08 | t=0.009s
2025-06-29 08:30:02,286 | ERROR   | Dump saved → debug_logs/fail/tick0135.json
2025-06-29 08:30:02,314 | ERROR   | Solver failed | status=4 | SQP it=1 | KKT=1.29e+01 | t=0.001s
2025-06-29 08:30:02,315 | ERROR   | Dump saved → debug_logs/fail/tick0136.json
2025-06-29 08:30:02,355 | ERROR   | Solver failed | status=4 | SQP it=18 | KKT=2.58e-08 | t=0.012s
2025-06-29 08:30:02,356 | ERROR   | Dump saved → debug_logs/fail/tick0137.json
2025-06-29 08:30:02,423 | ERROR   | Solver failed | status=4 | SQP it=59 | KKT=6.90e-09 | t=0.039s
2025-06-29 08:30:02,424 | ERROR   | Dump saved → debug_logs/fail/tick0138.json
2025-06-29 08:30:02,450 | ERROR   | Solver failed | status=4 | SQP it=1 | KKT=3.42e+00 | t=0.001s
2025-06-29 08:30:02,451 | ERROR   | Dump saved → debug_logs/fail/tick0139.json
2025-06-29 08:30:02,477 | ERROR   | Solver failed | status=4 | SQP it=1 | KKT=3.42e+00 | t=0.001s
2025-06-29 08:30:02,477 | ERROR   | Dump saved → debug_logs/fail/tick0140.json
2025-06-29 08:30:04,030 | INFO    | ===== INITIAL STATE DUMP =====
2025-06-29 08:30:04,031 | DEBUG   | {
  "xcurrent": [
    1.0746203660964966,
    1.5476146936416626,
    0.07050605118274689,
    0.0,
    0.0,
    0.0
  ],
  "params": {
    "QC": 10,
    "QC_GATE": 50,
    "QL": 40,
    "MU": 10,
    "DVTHETA_MAX": 1.6,
    "N": 20,
    "T_HORIZON": 0.7,
    "RAMP_TIME": 0.7,
    "BARRIER_WEIGHT": 10,
    "OBSTACLE_WEIGHT": [
      0,
      10,
      0,
      0
    ],
    "OBSTACLE_RADIUS": 0.15,
    "OBSTACLE_ALPHA": 10.0,
    "TUNNEL_WIDTH": 0.4,
    "TUNNEL_WIDTH_GATE": 0.15,
    "NARROW_DIST": 0.6,
    "GATE_FLAT_DIST": 0.45,
    "Q_OMEGA": 2,
    "R_VTHETA": 1.0,
    "REG_THRUST": 0.02,
    "REG_INPUTS": 0.8
  },
  "box_lims": {
    "vtheta_max": 1.6,
    "dvtheta_max": 1.6
  }
}
2025-06-29 08:30:06,209 | ERROR   | Solver failed | status=4 | SQP it=5 | KKT=0.00e+00 | t=0.003s
2025-06-29 08:30:06,210 | ERROR   | Dump saved → debug_logs/fail/tick0066.json
2025-06-29 08:30:06,242 | ERROR   | Solver failed | status=4 | SQP it=1 | KKT=8.40e+01 | t=0.001s
2025-06-29 08:30:06,243 | ERROR   | Dump saved → debug_logs/fail/tick0067.json
2025-06-29 08:30:06,275 | ERROR   | Solver failed | status=4 | SQP it=1 | KKT=8.40e+01 | t=0.001s
2025-06-29 08:30:06,276 | ERROR   | Dump saved → debug_logs/fail/tick0068.json
2025-06-29 08:30:06,304 | ERROR   | Solver failed | status=4 | SQP it=1 | KKT=8.40e+01 | t=0.001s
2025-06-29 08:30:06,304 | ERROR   | Dump saved → debug_logs/fail/tick0069.json
2025-06-29 08:30:06,339 | ERROR   | Solver failed | status=4 | SQP it=18 | KKT=7.59e-14 | t=0.010s
2025-06-29 08:30:06,340 | ERROR   | Dump saved → debug_logs/fail/tick0070.json
2025-06-29 08:30:06,365 | ERROR   | Solver failed | status=4 | SQP it=1 | KKT=7.86e+00 | t=0.001s
2025-06-29 08:30:06,366 | ERROR   | Dump saved → debug_logs/fail/tick0071.json
2025-06-29 08:30:06,391 | ERROR   | Solver failed | status=4 | SQP it=1 | KKT=7.86e+00 | t=0.001s
2025-06-29 08:30:06,392 | ERROR   | Dump saved → debug_logs/fail/tick0072.json
2025-06-29 08:30:06,418 | ERROR   | Solver failed | status=4 | SQP it=1 | KKT=3.08e+01 | t=0.001s
2025-06-29 08:30:06,419 | ERROR   | Dump saved → debug_logs/fail/tick0073.json
2025-06-29 08:30:06,445 | ERROR   | Solver failed | status=4 | SQP it=1 | KKT=3.08e+01 | t=0.001s
2025-06-29 08:30:06,445 | ERROR   | Dump saved → debug_logs/fail/tick0074.json
2025-06-29 08:30:06,470 | ERROR   | Solver failed | status=4 | SQP it=1 | KKT=3.08e+01 | t=0.001s
2025-06-29 08:30:06,472 | ERROR   | Dump saved → debug_logs/fail/tick0075.json
2025-06-29 08:30:06,536 | ERROR   | Solver failed | status=4 | SQP it=47 | KKT=8.82e-10 | t=0.040s
2025-06-29 08:30:06,537 | ERROR   | Dump saved → debug_logs/fail/tick0076.json
2025-06-29 08:30:06,564 | ERROR   | Solver failed | status=4 | SQP it=1 | KKT=1.06e+02 | t=0.001s
2025-06-29 08:30:06,565 | ERROR   | Dump saved → debug_logs/fail/tick0077.json
2025-06-29 08:30:06,592 | ERROR   | Solver failed | status=4 | SQP it=1 | KKT=1.06e+02 | t=0.001s
2025-06-29 08:30:06,593 | ERROR   | Dump saved → debug_logs/fail/tick0078.json
2025-06-29 08:30:06,670 | ERROR   | Solver failed | status=4 | SQP it=56 | KKT=5.63e-08 | t=0.051s
2025-06-29 08:30:06,671 | ERROR   | Dump saved → debug_logs/fail/tick0079.json
2025-06-29 08:30:06,699 | ERROR   | Solver failed | status=4 | SQP it=1 | KKT=1.52e+02 | t=0.001s
2025-06-29 08:30:06,699 | ERROR   | Dump saved → debug_logs/fail/tick0080.json
2025-06-29 08:30:06,727 | ERROR   | Solver failed | status=4 | SQP it=1 | KKT=1.52e+02 | t=0.001s
2025-06-29 08:30:06,728 | ERROR   | Dump saved → debug_logs/fail/tick0081.json
2025-06-29 08:30:09,384 | ERROR   | Solver failed | status=2 | SQP it=1000 | KKT=3.70e-08 | t=0.736s
2025-06-29 08:30:09,385 | ERROR   | Dump saved → debug_logs/fail/tick0138.json
2025-06-29 08:30:10,204 | ERROR   | Solver failed | status=2 | SQP it=1000 | KKT=2.19e-08 | t=0.792s
2025-06-29 08:30:10,205 | ERROR   | Dump saved → debug_logs/fail/tick0139.json
2025-06-29 08:30:11,045 | ERROR   | Solver failed | status=2 | SQP it=1000 | KKT=9.25e-08 | t=0.811s
2025-06-29 08:30:11,048 | ERROR   | Dump saved → debug_logs/fail/tick0140.json
2025-06-29 08:30:11,125 | ERROR   | Solver failed | status=4 | SQP it=15 | KKT=8.64e-09 | t=0.011s
2025-06-29 08:30:11,127 | ERROR   | Dump saved → debug_logs/fail/tick0142.json
2025-06-29 08:30:11,149 | ERROR   | Solver failed | status=4 | SQP it=1 | KKT=9.89e+00 | t=0.000s
2025-06-29 08:30:11,149 | ERROR   | Dump saved → debug_logs/fail/tick0143.json
2025-06-29 08:30:12,021 | ERROR   | Solver failed | status=2 | SQP it=1000 | KKT=6.23e-12 | t=0.809s
2025-06-29 08:30:12,022 | ERROR   | Dump saved → debug_logs/fail/tick0145.json
2025-06-29 08:30:12,079 | ERROR   | Solver failed | status=4 | SQP it=37 | KKT=7.07e-09 | t=0.030s
2025-06-29 08:30:12,080 | ERROR   | Dump saved → debug_logs/fail/tick0146.json
2025-06-29 08:30:12,922 | ERROR   | Solver failed | status=2 | SQP it=1000 | KKT=4.08e-08 | t=0.815s
2025-06-29 08:30:12,923 | ERROR   | Dump saved → debug_logs/fail/tick0147.json
2025-06-29 08:30:12,976 | ERROR   | Solver failed | status=4 | SQP it=25 | KKT=6.52e-08 | t=0.021s
2025-06-29 08:30:12,976 | ERROR   | Dump saved → debug_logs/fail/tick0148.json
2025-06-29 08:30:13,842 | ERROR   | Solver failed | status=2 | SQP it=1000 | KKT=1.86e-09 | t=0.836s
2025-06-29 08:30:13,843 | ERROR   | Dump saved → debug_logs/fail/tick0149.json
2025-06-29 08:30:14,743 | ERROR   | Solver failed | status=2 | SQP it=1000 | KKT=1.79e-08 | t=0.867s
2025-06-29 08:30:14,744 | ERROR   | Dump saved → debug_logs/fail/tick0150.json
