2025-06-28 20:54:13,142 | INFO    | ===== INITIAL STATE DUMP =====
2025-06-28 20:54:13,143 | DEBUG   | {
  "xcurrent": [
    1.089695930480957,
    1.4088244438171387,
    0.08456537127494812,
    0.0,
    0.0,
    0.0
  ],
  "params": {
    "QC": 10,
    "QC_GATE": 50,
    "QL": 40,
    "MU": 10,
    "DVTHETA_MAX": 1.6,
    "N": 20,
    "T_HORIZON": 0.7,
    "RAMP_TIME": 0.7,
    "BARRIER_WEIGHT": 10,
    "OBSTACLE_WEIGHT": [
      30,
      30,
      30,
      30
    ],
    "OBSTACLE_RADIUS": 0.25,
    "OBSTACLE_ALPHA": 100.0,
    "TUNNEL_WIDTH": 0.4,
    "TUNNEL_WIDTH_GATE": 0.15,
    "NARROW_DIST": 0.6,
    "GATE_FLAT_DIST": 0.45,
    "Q_OMEGA": 2,
    "R_VTHETA": 1.0,
    "REG_THRUST": 0.02,
    "REG_INPUTS": 0.8
  },
  "box_lims": {
    "vtheta_max": 1.6,
    "dvtheta_max": 1.6
  }
}
2025-06-28 20:54:18,464 | ERROR   | Solver failed | status=4 | SQP it=24 | KKT=5.51e-08 | t=0.020s
2025-06-28 20:54:18,466 | ERROR   | Dump saved → debug_logs/fail/tick0073.json
2025-06-28 20:54:18,496 | ERROR   | Solver failed | status=4 | SQP it=1 | KKT=6.04e+01 | t=0.001s
2025-06-28 20:54:18,496 | ERROR   | Dump saved → debug_logs/fail/tick0074.json
2025-06-28 20:54:18,523 | ERROR   | Solver failed | status=4 | SQP it=1 | KKT=6.04e+01 | t=0.001s
2025-06-28 20:54:18,524 | ERROR   | Dump saved → debug_logs/fail/tick0075.json
2025-06-28 20:54:18,551 | ERROR   | Solver failed | status=4 | SQP it=1 | KKT=6.04e+01 | t=0.001s
2025-06-28 20:54:18,552 | ERROR   | Dump saved → debug_logs/fail/tick0076.json
2025-06-28 20:54:18,579 | ERROR   | Solver failed | status=4 | SQP it=1 | KKT=5.84e+01 | t=0.001s
2025-06-28 20:54:18,580 | ERROR   | Dump saved → debug_logs/fail/tick0077.json
2025-06-28 20:54:18,606 | ERROR   | Solver failed | status=4 | SQP it=1 | KKT=5.84e+01 | t=0.001s
2025-06-28 20:54:18,607 | ERROR   | Dump saved → debug_logs/fail/tick0078.json
2025-06-28 20:54:18,636 | ERROR   | Solver failed | status=4 | SQP it=1 | KKT=5.84e+01 | t=0.001s
2025-06-28 20:54:18,637 | ERROR   | Dump saved → debug_logs/fail/tick0079.json
2025-06-28 20:54:18,664 | ERROR   | Solver failed | status=4 | SQP it=1 | KKT=5.84e+01 | t=0.001s
2025-06-28 20:54:18,665 | ERROR   | Dump saved → debug_logs/fail/tick0080.json
2025-06-28 20:54:18,691 | ERROR   | Solver failed | status=4 | SQP it=1 | KKT=5.15e+01 | t=0.001s
2025-06-28 20:54:18,692 | ERROR   | Dump saved → debug_logs/fail/tick0081.json
2025-06-28 20:54:19,724 | ERROR   | Solver failed | status=4 | SQP it=1 | KKT=5.15e+01 | t=0.002s
2025-06-28 20:54:19,726 | ERROR   | Dump saved → debug_logs/fail/tick0082.json
2025-06-28 20:54:19,771 | ERROR   | Solver failed | status=4 | SQP it=1 | KKT=5.15e+01 | t=0.001s
2025-06-28 20:54:19,772 | ERROR   | Dump saved → debug_logs/fail/tick0083.json
2025-06-28 20:54:19,804 | ERROR   | Solver failed | status=4 | SQP it=1 | KKT=5.15e+01 | t=0.001s
2025-06-28 20:54:19,805 | ERROR   | Dump saved → debug_logs/fail/tick0084.json
