2025-06-25 16:03:45,195 | INFO    | ===== INITIAL STATE DUMP =====
2025-06-25 16:03:45,196 | DEBUG   | {
  "xcurrent": [
    1.089695930480957,
    1.4088244438171387,
    0.08456537127494812,
    0.0,
    0.0,
    0.0
  ],
  "params": {
    "QC": 10,
    "QC_GATE": 50,
    "QL": 40,
    "MU": 10,
    "DVTHETA_MAX": 1.7,
    "N": 15,
    "T_HORIZON": 0.8,
    "RAMP_TIME": 1.8,
    "BARRIER_WEIGHT": 10,
    "TUNNEL_WIDTH": 0.5,
    "TUNNEL_WIDTH_GATE": 0.15,
    "NARROW_DIST": 0.7,
    "GATE_FLAT_DIST": 0.2,
    "Q_OMEGA": 2,
    "R_VTHETA": 1.0,
    "IN_GATE_RAMP_TIME": 0.3,
    "OUT_GATE_RAMP_TIME": 0.5
  },
  "box_lims": {
    "vtheta_max": 1.7,
    "dvtheta_max": 1.7
  }
}
2025-06-25 16:04:00,031 | INFO    | ===== INITIAL STATE DUMP =====
2025-06-25 16:04:00,031 | DEBUG   | {
  "xcurrent": [
    0.9804356098175049,
    1.473188042640686,
    0.07493816316127777,
    0.0,
    0.0,
    0.0
  ],
  "params": {
    "QC": 10,
    "QC_GATE": 50,
    "QL": 40,
    "MU": 10,
    "DVTHETA_MAX": 1.7,
    "N": 15,
    "T_HORIZON": 0.8,
    "RAMP_TIME": 1.8,
    "BARRIER_WEIGHT": 10,
    "TUNNEL_WIDTH": 0.5,
    "TUNNEL_WIDTH_GATE": 0.15,
    "NARROW_DIST": 0.7,
    "GATE_FLAT_DIST": 0.2,
    "Q_OMEGA": 2,
    "R_VTHETA": 1.0,
    "IN_GATE_RAMP_TIME": 0.3,
    "OUT_GATE_RAMP_TIME": 0.5
  },
  "box_lims": {
    "vtheta_max": 1.7,
    "dvtheta_max": 1.7
  }
}
2025-06-25 16:04:11,351 | INFO    | ===== INITIAL STATE DUMP =====
2025-06-25 16:04:11,352 | DEBUG   | {
  "xcurrent": [
    1.0908342599868774,
    1.5647329092025757,
    0.0865323543548584,
    0.0,
    0.0,
    0.0
  ],
  "params": {
    "QC": 10,
    "QC_GATE": 50,
    "QL": 40,
    "MU": 10,
    "DVTHETA_MAX": 1.7,
    "N": 15,
    "T_HORIZON": 0.8,
    "RAMP_TIME": 1.8,
    "BARRIER_WEIGHT": 10,
    "TUNNEL_WIDTH": 0.5,
    "TUNNEL_WIDTH_GATE": 0.15,
    "NARROW_DIST": 0.7,
    "GATE_FLAT_DIST": 0.2,
    "Q_OMEGA": 2,
    "R_VTHETA": 1.0,
    "IN_GATE_RAMP_TIME": 0.3,
    "OUT_GATE_RAMP_TIME": 0.5
  },
  "box_lims": {
    "vtheta_max": 1.7,
    "dvtheta_max": 1.7
  }
}
2025-06-25 16:04:18,167 | ERROR   | Solver failed | status=2 | SQP it=1000 | KKT=9.34e-08 | t=0.789s
2025-06-25 16:04:18,168 | ERROR   | Dump saved → debug_logs/fail/tick0127.json
2025-06-25 16:04:19,022 | ERROR   | Solver failed | status=2 | SQP it=1000 | KKT=1.89e-08 | t=0.823s
2025-06-25 16:04:19,024 | ERROR   | Dump saved → debug_logs/fail/tick0128.json
2025-06-25 16:04:19,919 | ERROR   | Solver failed | status=2 | SQP it=1000 | KKT=3.57e-08 | t=0.868s
2025-06-25 16:04:19,920 | ERROR   | Dump saved → debug_logs/fail/tick0129.json
2025-06-25 16:04:20,778 | ERROR   | Solver failed | status=2 | SQP it=1000 | KKT=2.71e-09 | t=0.832s
2025-06-25 16:04:20,779 | ERROR   | Dump saved → debug_logs/fail/tick0130.json
2025-06-25 16:04:21,690 | ERROR   | Solver failed | status=2 | SQP it=1000 | KKT=2.46e-11 | t=0.883s
2025-06-25 16:04:21,690 | ERROR   | Dump saved → debug_logs/fail/tick0131.json
2025-06-25 16:04:22,591 | ERROR   | Solver failed | status=2 | SQP it=1000 | KKT=4.52e-08 | t=0.873s
2025-06-25 16:04:22,591 | ERROR   | Dump saved → debug_logs/fail/tick0132.json
2025-06-25 16:04:23,472 | ERROR   | Solver failed | status=2 | SQP it=1000 | KKT=5.26e-10 | t=0.851s
2025-06-25 16:04:23,474 | ERROR   | Dump saved → debug_logs/fail/tick0133.json
2025-06-25 16:04:24,353 | ERROR   | Solver failed | status=2 | SQP it=1000 | KKT=2.83e-11 | t=0.851s
2025-06-25 16:04:24,354 | ERROR   | Dump saved → debug_logs/fail/tick0134.json
2025-06-25 16:04:25,277 | ERROR   | Solver failed | status=2 | SQP it=1000 | KKT=1.75e-12 | t=0.894s
2025-06-25 16:04:25,278 | ERROR   | Dump saved → debug_logs/fail/tick0135.json
2025-06-25 16:04:26,167 | ERROR   | Solver failed | status=2 | SQP it=1000 | KKT=8.17e-10 | t=0.857s
2025-06-25 16:04:26,168 | ERROR   | Dump saved → debug_logs/fail/tick0136.json
2025-06-25 16:04:30,161 | INFO    | ===== INITIAL STATE DUMP =====
2025-06-25 16:04:30,161 | DEBUG   | {
  "xcurrent": [
    0.945854902267456,
    1.5706547498703003,
    0.0726708248257637,
    0.0,
    0.0,
    0.0
  ],
  "params": {
    "QC": 10,
    "QC_GATE": 50,
    "QL": 40,
    "MU": 10,
    "DVTHETA_MAX": 1.7,
    "N": 15,
    "T_HORIZON": 0.8,
    "RAMP_TIME": 1.8,
    "BARRIER_WEIGHT": 10,
    "TUNNEL_WIDTH": 0.5,
    "TUNNEL_WIDTH_GATE": 0.15,
    "NARROW_DIST": 0.7,
    "GATE_FLAT_DIST": 0.2,
    "Q_OMEGA": 2,
    "R_VTHETA": 1.0,
    "IN_GATE_RAMP_TIME": 0.3,
    "OUT_GATE_RAMP_TIME": 0.5
  },
  "box_lims": {
    "vtheta_max": 1.7,
    "dvtheta_max": 1.7
  }
}
2025-06-25 16:04:34,475 | ERROR   | Solver failed | status=2 | SQP it=1000 | KKT=8.97e-10 | t=0.791s
2025-06-25 16:04:34,476 | ERROR   | Dump saved → debug_logs/fail/tick0123.json
2025-06-25 16:04:35,243 | ERROR   | Solver failed | status=2 | SQP it=1000 | KKT=2.98e-09 | t=0.739s
2025-06-25 16:04:35,243 | ERROR   | Dump saved → debug_logs/fail/tick0124.json
2025-06-25 16:04:36,080 | ERROR   | Solver failed | status=2 | SQP it=1000 | KKT=6.40e-08 | t=0.811s
2025-06-25 16:04:36,082 | ERROR   | Dump saved → debug_logs/fail/tick0125.json
2025-06-25 16:04:36,949 | ERROR   | Solver failed | status=2 | SQP it=1000 | KKT=1.22e-10 | t=0.837s
2025-06-25 16:04:36,950 | ERROR   | Dump saved → debug_logs/fail/tick0126.json
2025-06-25 16:04:37,788 | ERROR   | Solver failed | status=2 | SQP it=1000 | KKT=3.51e-10 | t=0.810s
2025-06-25 16:04:37,788 | ERROR   | Dump saved → debug_logs/fail/tick0127.json
2025-06-25 16:04:38,642 | ERROR   | Solver failed | status=2 | SQP it=1000 | KKT=7.64e-09 | t=0.820s
2025-06-25 16:04:38,643 | ERROR   | Dump saved → debug_logs/fail/tick0128.json
2025-06-25 16:04:39,460 | ERROR   | Solver failed | status=2 | SQP it=1000 | KKT=4.27e-08 | t=0.790s
2025-06-25 16:04:39,461 | ERROR   | Dump saved → debug_logs/fail/tick0129.json
2025-06-25 16:04:40,351 | ERROR   | Solver failed | status=2 | SQP it=1000 | KKT=3.63e-11 | t=0.863s
2025-06-25 16:04:40,352 | ERROR   | Dump saved → debug_logs/fail/tick0130.json
