2025-06-06 18:48:05,375 | INFO    | ===== INITIAL STATE DUMP =====
2025-06-06 18:48:05,375 | DEBUG   | {
  "xcurrent": [
    1.089695930480957,
    1.4088244438171387,
    0.08456537127494812,
    0.0,
    0.0,
    0.0
  ],
  "params": {
    "QC": 10,
    "QL": 80,
    "MU": 10,
    "DVTHETA_MAX": 2,
    "N": 20,
    "T_HORIZON": 1.05,
    "RAMP_TIME": 1.8,
    "BARRIER_WEIGHT": 10,
    "TUNNEL_WIDTH": 0.45,
    "TUNNEL_WIDTH_GATE": 0.25,
    "Q_OMEGA": 2,
    "R_VTHETA": 1.0,
    "IN_GATE_RAMP_TIME": 0.3,
    "OUT_GATE_RAMP_TIME": 0.4
  },
  "box_lims": {
    "vtheta_max": 2.0,
    "dvtheta_max": 2.0
  }
}
2025-06-06 18:48:10,318 | ERROR   | Solver failed | status=2 | SQP it=1000 | KKT=3.35e-09 | t=0.459s
2025-06-06 18:48:10,319 | ERROR   | Dump saved → debug_logs/fail/tick0112.json
2025-06-06 18:48:13,210 | ERROR   | Solver failed | status=2 | SQP it=1000 | KKT=6.04e-11 | t=0.485s
2025-06-06 18:48:13,210 | ERROR   | Dump saved → debug_logs/fail/tick0188.json
