2025-06-29 17:01:30,580 | INFO    | ===== INITIAL STATE DUMP =====
2025-06-29 17:01:30,580 | DEBUG   | {
  "xcurrent": [
    1.089695930480957,
    1.4088244438171387,
    0.08456537127494812,
    0.0,
    0.0,
    0.0
  ],
  "params": {
    "QC": 10,
    "QL": 40,
    "MU": 10,
    "DVTHETA_MAX": 1.7,
    "N": 20,
    "T_HORIZON": 0.7,
    "RAMP_TIME": 1.8,
    "BW_RAMP": 0.3,
    "BARRIER_WEIGHT": 100,
    "TUNNEL_WIDTH": 0.4,
    "TUNNEL_WIDTH_GATE": 0.15,
    "NARROW_DIST": 0.7,
    "GATE_FLAT_DIST": 0.1,
    "Q_OMEGA": 2,
    "R_VTHETA": 1.0,
    "REG_THRUST": 0.018,
    "REG_INPUTS": 0.09
  },
  "box_lims": {
    "vtheta_max": 1.7,
    "dvtheta_max": 1.7
  }
}
2025-06-29 17:01:44,309 | ERROR   | Solver failed | status=2 | SQP it=1000 | KKT=3.28e-08 | t=1.193s
2025-06-29 17:01:44,309 | ERROR   | Dump saved → debug_logs/fail/tick0102.json
2025-06-29 17:01:54,336 | ERROR   | Solver failed | status=2 | SQP it=1000 | KKT=9.97e-09 | t=0.806s
2025-06-29 17:01:54,337 | ERROR   | Dump saved → debug_logs/fail/tick0116.json
2025-06-29 17:01:55,066 | ERROR   | Solver failed | status=2 | SQP it=1000 | KKT=3.19e-08 | t=0.701s
2025-06-29 17:01:55,067 | ERROR   | Dump saved → debug_logs/fail/tick0117.json
2025-06-29 17:02:04,165 | ERROR   | Solver failed | status=2 | SQP it=1000 | KKT=1.96e-09 | t=0.726s
2025-06-29 17:02:04,166 | ERROR   | Dump saved → debug_logs/fail/tick0119.json
2025-06-29 17:02:05,728 | ERROR   | Solver failed | status=2 | SQP it=1000 | KKT=2.41e-08 | t=1.262s
2025-06-29 17:02:05,729 | ERROR   | Dump saved → debug_logs/fail/tick0124.json
2025-06-29 17:02:07,357 | INFO    | ===== INITIAL STATE DUMP =====
2025-06-29 17:02:07,358 | DEBUG   | {
  "xcurrent": [
    1.0755877494812012,
    1.4561316967010498,
    0.07109877467155457,
    0.0,
    0.0,
    0.0
  ],
  "params": {
    "QC": 10,
    "QL": 40,
    "MU": 10,
    "DVTHETA_MAX": 1.7,
    "N": 20,
    "T_HORIZON": 0.7,
    "RAMP_TIME": 1.8,
    "BW_RAMP": 0.3,
    "BARRIER_WEIGHT": 100,
    "TUNNEL_WIDTH": 0.4,
    "TUNNEL_WIDTH_GATE": 0.15,
    "NARROW_DIST": 0.7,
    "GATE_FLAT_DIST": 0.1,
    "Q_OMEGA": 2,
    "R_VTHETA": 1.0,
    "REG_THRUST": 0.018,
    "REG_INPUTS": 0.09
  },
  "box_lims": {
    "vtheta_max": 1.7,
    "dvtheta_max": 1.7
  }
}
2025-06-29 17:02:07,877 | ERROR   | Solver failed | status=2 | SQP it=1000 | KKT=5.66e-08 | t=0.272s
2025-06-29 17:02:07,878 | ERROR   | Dump saved → debug_logs/fail/tick0008.json
