2025-06-25 14:31:46,321 | INFO    | ===== INITIAL STATE DUMP =====
2025-06-25 14:31:46,321 | DEBUG   | {
  "xcurrent": [
    1.089695930480957,
    1.4088244438171387,
    0.08456537127494812,
    0.0,
    0.0,
    0.0
  ],
  "params": {
    "QC": 10,
    "QC_GATE": 50,
    "QL": 40,
    "MU": 10,
    "DVTHETA_MAX": 1.7,
    "N": 15,
    "T_HORIZON": 0.8,
    "RAMP_TIME": 1.8,
    "BARRIER_WEIGHT": 10,
    "TUNNEL_WIDTH": 0.5,
    "TUNNEL_WIDTH_GATE": 0.15,
    "NARROW_DIST": 0.7,
    "GATE_FLAT_DIST": 0.2,
    "Q_OMEGA": 2,
    "R_VTHETA": 1.0,
    "IN_GATE_RAMP_TIME": 0.3,
    "OUT_GATE_RAMP_TIME": 0.5
  },
  "box_lims": {
    "vtheta_max": 1.7,
    "dvtheta_max": 1.7
  }
}
2025-06-25 14:32:03,741 | ERROR   | Solver failed | status=2 | SQP it=1000 | KKT=6.17e-13 | t=0.619s
2025-06-25 14:32:03,742 | ERROR   | Dump saved → debug_logs/fail/tick0093.json
2025-06-25 14:32:04,843 | ERROR   | Solver failed | status=2 | SQP it=1000 | KKT=5.59e-09 | t=0.612s
2025-06-25 14:32:04,845 | ERROR   | Dump saved → debug_logs/fail/tick0104.json
2025-06-25 14:32:05,786 | ERROR   | Solver failed | status=2 | SQP it=1000 | KKT=4.20e-11 | t=0.627s
2025-06-25 14:32:05,788 | ERROR   | Dump saved → debug_logs/fail/tick0107.json
