2025-06-29 11:31:42,735 | INFO    | ===== INITIAL STATE DUMP =====
2025-06-29 11:31:42,735 | DEBUG   | {
  "xcurrent": [
    1.089695930480957,
    1.4088244438171387,
    0.08456537127494812,
    0.0,
    0.0,
    0.0
  ],
  "params": {
    "QC": 10,
    "QC_GATE": 50,
    "QL": 40,
    "MU": 10,
    "DVTHETA_MAX": 1.6,
    "N": 20,
    "T_HORIZON": 0.7,
    "RAMP_TIME": 0.1,
    "BARRIER_WEIGHT": 50,
    "TUNNEL_WIDTH": 0.4,
    "TUNNEL_WIDTH_GATE": 0.15,
    "NARROW_DIST": 0.6,
    "GATE_FLAT_DIST": 0.45,
    "Q_OMEGA": 2,
    "R_VTHETA": 1.0,
    "REG_THRUST": 0.009,
    "REG_INPUTS": 0.1
  },
  "box_lims": {
    "vtheta_max": 1.6,
    "dvtheta_max": 1.6
  }
}
2025-06-29 11:31:46,969 | ERROR   | Solver failed | status=2 | SQP it=1000 | KKT=3.90e-08 | t=0.517s
2025-06-29 11:31:46,970 | ERROR   | Dump saved → debug_logs/fail/tick0080.json
2025-06-29 11:31:52,449 | INFO    | ===== INITIAL STATE DUMP =====
2025-06-29 11:31:52,449 | DEBUG   | {
  "xcurrent": [
    1.050594687461853,
    1.4977706670761108,
    0.08238659054040909,
    0.0,
    0.0,
    0.0
  ],
  "params": {
    "QC": 10,
    "QC_GATE": 50,
    "QL": 40,
    "MU": 10,
    "DVTHETA_MAX": 1.6,
    "N": 20,
    "T_HORIZON": 0.7,
    "RAMP_TIME": 0.1,
    "BARRIER_WEIGHT": 50,
    "TUNNEL_WIDTH": 0.4,
    "TUNNEL_WIDTH_GATE": 0.15,
    "NARROW_DIST": 0.6,
    "GATE_FLAT_DIST": 0.45,
    "Q_OMEGA": 2,
    "R_VTHETA": 1.0,
    "REG_THRUST": 0.009,
    "REG_INPUTS": 0.1
  },
  "box_lims": {
    "vtheta_max": 1.6,
    "dvtheta_max": 1.6
  }
}
2025-06-29 11:32:15,458 | INFO    | ===== INITIAL STATE DUMP =====
2025-06-29 11:32:15,458 | DEBUG   | {
  "xcurrent": [
    1.0208452939987183,
    1.5239261388778687,
    0.0814313143491745,
    0.0,
    0.0,
    0.0
  ],
  "params": {
    "QC": 10,
    "QC_GATE": 50,
    "QL": 40,
    "MU": 10,
    "DVTHETA_MAX": 1.6,
    "N": 20,
    "T_HORIZON": 0.7,
    "RAMP_TIME": 0.1,
    "BARRIER_WEIGHT": 50,
    "TUNNEL_WIDTH": 0.4,
    "TUNNEL_WIDTH_GATE": 0.15,
    "NARROW_DIST": 0.6,
    "GATE_FLAT_DIST": 0.45,
    "Q_OMEGA": 2,
    "R_VTHETA": 1.0,
    "REG_THRUST": 0.009,
    "REG_INPUTS": 0.1
  },
  "box_lims": {
    "vtheta_max": 1.6,
    "dvtheta_max": 1.6
  }
}
2025-06-29 11:32:25,606 | ERROR   | Solver failed | status=2 | SQP it=1000 | KKT=2.39e-08 | t=0.544s
2025-06-29 11:32:25,607 | ERROR   | Dump saved → debug_logs/fail/tick0308.json
2025-06-29 11:32:27,578 | ERROR   | Solver failed | status=2 | SQP it=1000 | KKT=6.50e-09 | t=0.754s
2025-06-29 11:32:27,579 | ERROR   | Dump saved → debug_logs/fail/tick0339.json
2025-06-29 11:32:28,334 | ERROR   | Solver failed | status=2 | SQP it=1000 | KKT=2.21e-11 | t=0.729s
2025-06-29 11:32:28,335 | ERROR   | Dump saved → debug_logs/fail/tick0340.json
2025-06-29 11:32:29,320 | ERROR   | Solver failed | status=2 | SQP it=1000 | KKT=4.33e-08 | t=0.956s
2025-06-29 11:32:29,320 | ERROR   | Dump saved → debug_logs/fail/tick0341.json
2025-06-29 11:32:30,327 | ERROR   | Solver failed | status=2 | SQP it=1000 | KKT=1.49e-08 | t=0.978s
2025-06-29 11:32:30,328 | ERROR   | Dump saved → debug_logs/fail/tick0342.json
2025-06-29 11:32:31,347 | ERROR   | Solver failed | status=2 | SQP it=1000 | KKT=2.63e-08 | t=0.992s
2025-06-29 11:32:31,347 | ERROR   | Dump saved → debug_logs/fail/tick0343.json
2025-06-29 11:32:32,384 | ERROR   | Solver failed | status=2 | SQP it=1000 | KKT=5.16e-08 | t=1.006s
2025-06-29 11:32:32,385 | ERROR   | Dump saved → debug_logs/fail/tick0344.json
2025-06-29 11:32:33,439 | ERROR   | Solver failed | status=2 | SQP it=1000 | KKT=9.39e-10 | t=1.023s
2025-06-29 11:32:33,439 | ERROR   | Dump saved → debug_logs/fail/tick0345.json
2025-06-29 11:32:34,499 | ERROR   | Solver failed | status=2 | SQP it=1000 | KKT=4.99e-08 | t=1.030s
2025-06-29 11:32:34,500 | ERROR   | Dump saved → debug_logs/fail/tick0346.json
2025-06-29 11:32:35,581 | ERROR   | Solver failed | status=2 | SQP it=1000 | KKT=2.29e-08 | t=1.053s
2025-06-29 11:32:35,582 | ERROR   | Dump saved → debug_logs/fail/tick0347.json
