2025-06-06 18:02:25,248 | INFO    | ===== INITIAL STATE DUMP =====
2025-06-06 18:02:25,249 | DEBUG   | {
  "xcurrent": [
    1.089695930480957,
    1.4088244438171387,
    0.08456537127494812,
    0.0,
    0.0,
    0.0
  ],
  "params": {
    "QC": 10,
    "QL": 80,
    "MU": 10,
    "DVTHETA_MAX": 1.5,
    "N": 20,
    "T_HORIZON": 1.05,
    "RAMP_TIME": 1.8,
    "BARRIER_WEIGHT": 10,
    "TUNNEL_WIDTH": 0.45,
    "TUNNEL_WIDTH_GATE": 0.25,
    "Q_OMEGA": 2,
    "R_VTHETA": 1.0,
    "IN_GATE_RAMP_TIME": 0.4,
    "OUT_GATE_RAMP_TIME": 0.4
  },
  "box_lims": {
    "vtheta_max": 1.5,
    "dvtheta_max": 1.5
  }
}
2025-06-06 18:02:40,811 | ERROR   | Solver failed | status=2 | SQP it=50 | KKT=1.20e-08 | t=0.037s
2025-06-06 18:02:40,812 | ERROR   | Dump saved → debug_logs/fail/tick0083.json
2025-06-06 18:02:40,880 | ERROR   | Solver failed | status=2 | SQP it=50 | KKT=4.59e-08 | t=0.039s
2025-06-06 18:02:40,881 | ERROR   | Dump saved → debug_logs/fail/tick0084.json
2025-06-06 18:02:40,944 | ERROR   | Solver failed | status=1 | SQP it=40 | KKT=2.38e-10 | t=0.036s
2025-06-06 18:02:40,945 | ERROR   | Dump saved → debug_logs/fail/tick0085.json
