2025-06-28 11:04:42,696 | INFO    | ===== INITIAL STATE DUMP =====
2025-06-28 11:04:42,696 | DEBUG   | {
  "xcurrent": [
    1.089695930480957,
    1.4088244438171387,
    0.08456537127494812,
    0.0,
    0.0,
    0.0
  ],
  "params": {
    "QC": 10,
    "QC_GATE": 50,
    "QL": 40,
    "MU": 10,
    "DVTHETA_MAX": 1.0,
    "N": 20,
    "T_HORIZON": 0.8,
    "RAMP_TIME": 1.8,
    "BARRIER_WEIGHT": 10,
    "TUNNEL_WIDTH": 0.4,
    "TUNNEL_WIDTH_GATE": 0.15,
    "NARROW_DIST": 0.7,
    "GATE_FLAT_DIST": 0.2,
    "Q_OMEGA": 2,
    "R_VTHETA": 1.0,
    "IN_GATE_RAMP_TIME": 0.3,
    "OUT_GATE_RAMP_TIME": 0.5,
    "REG_THRUST": 0.018,
    "REG_INPUTS": 0.1
  },
  "box_lims": {
    "vtheta_max": 1.0,
    "dvtheta_max": 1.0
  }
}
2025-06-28 11:04:51,490 | ERROR   | Solver failed | status=2 | SQP it=1000 | KKT=2.90e-08 | t=0.434s
2025-06-28 11:04:51,491 | ERROR   | Dump saved → debug_logs/fail/tick0250.json
2025-06-28 11:04:52,004 | ERROR   | Solver failed | status=2 | SQP it=1000 | KKT=3.03e-08 | t=0.486s
2025-06-28 11:04:52,005 | ERROR   | Dump saved → debug_logs/fail/tick0251.json
2025-06-28 11:04:52,547 | ERROR   | Solver failed | status=2 | SQP it=1000 | KKT=5.37e-08 | t=0.513s
2025-06-28 11:04:52,548 | ERROR   | Dump saved → debug_logs/fail/tick0252.json
2025-06-28 11:04:55,107 | ERROR   | Solver failed | status=2 | SQP it=1000 | KKT=3.75e-08 | t=0.540s
2025-06-28 11:04:55,108 | ERROR   | Dump saved → debug_logs/fail/tick0305.json
2025-06-28 11:04:56,348 | ERROR   | Solver failed | status=2 | SQP it=1000 | KKT=2.12e-13 | t=0.988s
2025-06-28 11:04:56,349 | ERROR   | Dump saved → debug_logs/fail/tick0311.json
