2025-06-28 18:02:38,810 | INFO    | ===== INITIAL STATE DUMP =====
2025-06-28 18:02:38,811 | DEBUG   | {
  "xcurrent": [
    1.089695930480957,
    1.4088244438171387,
    0.08456537127494812,
    0.0,
    0.0,
    0.0
  ],
  "params": {
    "QC": 10,
    "QC_GATE": 50,
    "QL": 40,
    "MU": 10,
    "DVTHETA_MAX": 1.5,
    "N": 25,
    "T_HORIZON": 0.8,
    "RAMP_TIME": 0.5,
    "BARRIER_WEIGHT": 10,
    "OBSTACLE_WEIGHT": [
      30,
      200,
      100,
      10
    ],
    "OBSTACLE_RADIUS": 0.2,
    "TUNNEL_WIDTH": 0.4,
    "TUNNEL_WIDTH_GATE": 0.2,
    "NARROW_DIST": 0.5,
    "GATE_FLAT_DIST": 0.3,
    "Q_OMEGA": 2,
    "R_VTHETA": 1.0,
    "REG_THRUST": 0.008,
    "REG_INPUTS": 0.01
  },
  "box_lims": {
    "vtheta_max": 1.5,
    "dvtheta_max": 1.5
  }
}
2025-06-28 18:02:43,887 | INFO    | ===== INITIAL STATE DUMP =====
2025-06-28 18:02:43,887 | DEBUG   | {
  "xcurrent": [
    0.9928708076477051,
    1.5269144773483276,
    0.07714859396219254,
    0.0,
    0.0,
    0.0
  ],
  "params": {
    "QC": 10,
    "QC_GATE": 50,
    "QL": 40,
    "MU": 10,
    "DVTHETA_MAX": 1.5,
    "N": 25,
    "T_HORIZON": 0.8,
    "RAMP_TIME": 0.5,
    "BARRIER_WEIGHT": 10,
    "OBSTACLE_WEIGHT": [
      30,
      200,
      100,
      10
    ],
    "OBSTACLE_RADIUS": 0.2,
    "TUNNEL_WIDTH": 0.4,
    "TUNNEL_WIDTH_GATE": 0.2,
    "NARROW_DIST": 0.5,
    "GATE_FLAT_DIST": 0.3,
    "Q_OMEGA": 2,
    "R_VTHETA": 1.0,
    "REG_THRUST": 0.008,
    "REG_INPUTS": 0.01
  },
  "box_lims": {
    "vtheta_max": 1.5,
    "dvtheta_max": 1.5
  }
}
2025-06-28 18:02:44,266 | ERROR   | Solver failed | status=2 | SQP it=1000 | KKT=1.89e-08 | t=0.349s
2025-06-28 18:02:44,267 | ERROR   | Dump saved → debug_logs/fail/tick0004.json
2025-06-28 18:02:46,502 | ERROR   | Solver failed | status=2 | SQP it=1000 | KKT=1.87e-08 | t=0.823s
2025-06-28 18:02:46,504 | ERROR   | Dump saved → debug_logs/fail/tick0164.json
2025-06-28 18:02:47,472 | ERROR   | Solver failed | status=2 | SQP it=1000 | KKT=1.17e-08 | t=0.965s
2025-06-28 18:02:47,473 | ERROR   | Dump saved → debug_logs/fail/tick0165.json
2025-06-28 18:02:48,873 | ERROR   | Solver failed | status=2 | SQP it=1000 | KKT=1.54e-08 | t=1.396s
2025-06-28 18:02:48,875 | ERROR   | Dump saved → debug_logs/fail/tick0166.json
2025-06-28 18:02:49,997 | ERROR   | Solver failed | status=2 | SQP it=1000 | KKT=3.46e-09 | t=1.119s
2025-06-28 18:02:49,998 | ERROR   | Dump saved → debug_logs/fail/tick0167.json
2025-06-28 18:02:51,381 | ERROR   | Solver failed | status=2 | SQP it=1000 | KKT=3.21e-08 | t=1.379s
2025-06-28 18:02:51,381 | ERROR   | Dump saved → debug_logs/fail/tick0168.json
2025-06-28 18:02:52,649 | ERROR   | Solver failed | status=2 | SQP it=1000 | KKT=9.89e-08 | t=1.264s
2025-06-28 18:02:52,650 | ERROR   | Dump saved → debug_logs/fail/tick0169.json
2025-06-28 18:02:53,941 | ERROR   | Solver failed | status=2 | SQP it=1000 | KKT=1.09e-11 | t=1.288s
2025-06-28 18:02:53,942 | ERROR   | Dump saved → debug_logs/fail/tick0170.json
2025-06-28 18:02:55,252 | ERROR   | Solver failed | status=2 | SQP it=1000 | KKT=6.86e-14 | t=1.306s
2025-06-28 18:02:55,252 | ERROR   | Dump saved → debug_logs/fail/tick0171.json
2025-06-28 18:02:56,613 | ERROR   | Solver failed | status=2 | SQP it=1000 | KKT=3.48e-08 | t=1.357s
2025-06-28 18:02:56,614 | ERROR   | Dump saved → debug_logs/fail/tick0172.json
2025-06-28 18:02:57,925 | ERROR   | Solver failed | status=2 | SQP it=1000 | KKT=5.52e-10 | t=1.307s
2025-06-28 18:02:57,926 | ERROR   | Dump saved → debug_logs/fail/tick0173.json
2025-06-28 18:02:59,427 | ERROR   | Solver failed | status=2 | SQP it=1000 | KKT=2.30e-08 | t=1.498s
2025-06-28 18:02:59,428 | ERROR   | Dump saved → debug_logs/fail/tick0174.json
2025-06-28 18:03:00,739 | ERROR   | Solver failed | status=2 | SQP it=1000 | KKT=6.00e-09 | t=1.308s
2025-06-28 18:03:00,740 | ERROR   | Dump saved → debug_logs/fail/tick0175.json
2025-06-28 18:03:02,064 | ERROR   | Solver failed | status=2 | SQP it=1000 | KKT=1.24e-09 | t=1.320s
2025-06-28 18:03:02,065 | ERROR   | Dump saved → debug_logs/fail/tick0176.json
2025-06-28 18:03:03,499 | ERROR   | Solver failed | status=4 | SQP it=926 | KKT=2.70e-09 | t=1.430s
2025-06-28 18:03:03,501 | ERROR   | Dump saved → debug_logs/fail/tick0177.json
2025-06-28 18:03:03,507 | ERROR   | Solver failed | status=4 | SQP it=1 | KKT=7.92e+01 | t=0.003s
2025-06-28 18:03:03,508 | ERROR   | Dump saved → debug_logs/fail/tick0178.json
2025-06-28 18:03:03,513 | ERROR   | Solver failed | status=4 | SQP it=1 | KKT=7.92e+01 | t=0.002s
2025-06-28 18:03:03,514 | ERROR   | Dump saved → debug_logs/fail/tick0179.json
2025-06-28 18:03:03,519 | ERROR   | Solver failed | status=4 | SQP it=1 | KKT=7.92e+01 | t=0.002s
2025-06-28 18:03:03,520 | ERROR   | Dump saved → debug_logs/fail/tick0180.json
2025-06-28 18:03:03,525 | ERROR   | Solver failed | status=4 | SQP it=1 | KKT=7.92e+01 | t=0.002s
2025-06-28 18:03:03,526 | ERROR   | Dump saved → debug_logs/fail/tick0181.json
2025-06-28 18:03:03,532 | ERROR   | Solver failed | status=4 | SQP it=1 | KKT=7.92e+01 | t=0.003s
2025-06-28 18:03:03,533 | ERROR   | Dump saved → debug_logs/fail/tick0182.json
2025-06-28 18:03:03,543 | ERROR   | Solver failed | status=4 | SQP it=1 | KKT=7.92e+01 | t=0.007s
2025-06-28 18:03:03,544 | ERROR   | Dump saved → debug_logs/fail/tick0183.json
2025-06-28 18:03:04,859 | ERROR   | Solver failed | status=2 | SQP it=1000 | KKT=6.25e-11 | t=1.313s
2025-06-28 18:03:04,860 | ERROR   | Dump saved → debug_logs/fail/tick0184.json
2025-06-28 18:03:05,415 | ERROR   | Solver failed | status=4 | SQP it=434 | KKT=9.08e-09 | t=0.552s
2025-06-28 18:03:05,416 | ERROR   | Dump saved → debug_logs/fail/tick0185.json
2025-06-28 18:03:05,420 | ERROR   | Solver failed | status=4 | SQP it=1 | KKT=3.86e+03 | t=0.000s
2025-06-28 18:03:05,420 | ERROR   | Dump saved → debug_logs/fail/tick0186.json
2025-06-28 18:03:05,424 | ERROR   | Solver failed | status=4 | SQP it=1 | KKT=3.86e+03 | t=0.000s
2025-06-28 18:03:05,424 | ERROR   | Dump saved → debug_logs/fail/tick0187.json
2025-06-28 18:03:05,427 | ERROR   | Solver failed | status=4 | SQP it=1 | KKT=3.86e+03 | t=0.000s
2025-06-28 18:03:05,428 | ERROR   | Dump saved → debug_logs/fail/tick0188.json
2025-06-28 18:03:05,431 | ERROR   | Solver failed | status=4 | SQP it=1 | KKT=3.86e+03 | t=0.000s
2025-06-28 18:03:05,432 | ERROR   | Dump saved → debug_logs/fail/tick0189.json
2025-06-28 18:03:05,435 | ERROR   | Solver failed | status=4 | SQP it=1 | KKT=3.86e+03 | t=0.000s
2025-06-28 18:03:05,436 | ERROR   | Dump saved → debug_logs/fail/tick0190.json
2025-06-28 18:03:05,439 | ERROR   | Solver failed | status=4 | SQP it=1 | KKT=3.86e+03 | t=0.000s
2025-06-28 18:03:05,440 | ERROR   | Dump saved → debug_logs/fail/tick0191.json
2025-06-28 18:03:05,443 | ERROR   | Solver failed | status=4 | SQP it=1 | KKT=3.86e+03 | t=0.000s
2025-06-28 18:03:05,444 | ERROR   | Dump saved → debug_logs/fail/tick0192.json
2025-06-28 18:03:05,447 | ERROR   | Solver failed | status=4 | SQP it=1 | KKT=3.86e+03 | t=0.000s
2025-06-28 18:03:05,448 | ERROR   | Dump saved → debug_logs/fail/tick0193.json
2025-06-28 18:03:05,451 | ERROR   | Solver failed | status=4 | SQP it=1 | KKT=3.86e+03 | t=0.000s
2025-06-28 18:03:05,452 | ERROR   | Dump saved → debug_logs/fail/tick0194.json
2025-06-28 18:03:05,455 | ERROR   | Solver failed | status=4 | SQP it=1 | KKT=3.86e+03 | t=0.000s
2025-06-28 18:03:05,455 | ERROR   | Dump saved → debug_logs/fail/tick0195.json
2025-06-28 18:03:05,459 | ERROR   | Solver failed | status=4 | SQP it=1 | KKT=3.86e+03 | t=0.000s
2025-06-28 18:03:05,459 | ERROR   | Dump saved → debug_logs/fail/tick0196.json
2025-06-28 18:03:05,463 | ERROR   | Solver failed | status=4 | SQP it=1 | KKT=3.86e+03 | t=0.000s
2025-06-28 18:03:05,463 | ERROR   | Dump saved → debug_logs/fail/tick0197.json
2025-06-28 18:03:05,466 | ERROR   | Solver failed | status=4 | SQP it=1 | KKT=3.86e+03 | t=0.000s
2025-06-28 18:03:05,467 | ERROR   | Dump saved → debug_logs/fail/tick0198.json
2025-06-28 18:03:05,470 | ERROR   | Solver failed | status=4 | SQP it=1 | KKT=3.86e+03 | t=0.000s
2025-06-28 18:03:05,471 | ERROR   | Dump saved → debug_logs/fail/tick0199.json
2025-06-28 18:03:05,474 | ERROR   | Solver failed | status=4 | SQP it=1 | KKT=3.86e+03 | t=0.000s
2025-06-28 18:03:05,475 | ERROR   | Dump saved → debug_logs/fail/tick0200.json
2025-06-28 18:03:05,478 | ERROR   | Solver failed | status=4 | SQP it=1 | KKT=3.86e+03 | t=0.000s
2025-06-28 18:03:05,479 | ERROR   | Dump saved → debug_logs/fail/tick0201.json
2025-06-28 18:03:05,482 | ERROR   | Solver failed | status=4 | SQP it=1 | KKT=3.86e+03 | t=0.000s
2025-06-28 18:03:05,482 | ERROR   | Dump saved → debug_logs/fail/tick0202.json
2025-06-28 18:03:05,485 | ERROR   | Solver failed | status=4 | SQP it=1 | KKT=3.86e+03 | t=0.000s
2025-06-28 18:03:05,486 | ERROR   | Dump saved → debug_logs/fail/tick0203.json
2025-06-28 18:03:05,489 | ERROR   | Solver failed | status=4 | SQP it=1 | KKT=3.86e+03 | t=0.000s
2025-06-28 18:03:05,490 | ERROR   | Dump saved → debug_logs/fail/tick0204.json
2025-06-28 18:03:05,493 | ERROR   | Solver failed | status=4 | SQP it=1 | KKT=3.86e+03 | t=0.000s
2025-06-28 18:03:05,494 | ERROR   | Dump saved → debug_logs/fail/tick0205.json
2025-06-28 18:03:05,497 | ERROR   | Solver failed | status=4 | SQP it=1 | KKT=3.86e+03 | t=0.000s
2025-06-28 18:03:05,497 | ERROR   | Dump saved → debug_logs/fail/tick0206.json
2025-06-28 18:03:05,500 | ERROR   | Solver failed | status=4 | SQP it=1 | KKT=3.86e+03 | t=0.000s
2025-06-28 18:03:05,501 | ERROR   | Dump saved → debug_logs/fail/tick0207.json
2025-06-28 18:03:05,504 | ERROR   | Solver failed | status=1 | SQP it=0 | KKT=nan | t=0.000s
2025-06-28 18:03:05,505 | ERROR   | Dump saved → debug_logs/fail/tick0208.json
2025-06-28 18:03:05,508 | ERROR   | Solver failed | status=1 | SQP it=0 | KKT=nan | t=0.000s
2025-06-28 18:03:05,509 | ERROR   | Dump saved → debug_logs/fail/tick0209.json
2025-06-28 18:03:05,512 | ERROR   | Solver failed | status=1 | SQP it=0 | KKT=nan | t=0.000s
2025-06-28 18:03:05,512 | ERROR   | Dump saved → debug_logs/fail/tick0210.json
2025-06-28 18:03:05,515 | ERROR   | Solver failed | status=1 | SQP it=0 | KKT=nan | t=0.000s
2025-06-28 18:03:05,516 | ERROR   | Dump saved → debug_logs/fail/tick0211.json
2025-06-28 18:03:07,120 | INFO    | ===== INITIAL STATE DUMP =====
2025-06-28 18:03:07,121 | DEBUG   | {
  "xcurrent": [
    0.9635920524597168,
    1.4484741687774658,
    0.08585122227668762,
    0.0,
    0.0,
    0.0
  ],
  "params": {
    "QC": 10,
    "QC_GATE": 50,
    "QL": 40,
    "MU": 10,
    "DVTHETA_MAX": 1.5,
    "N": 25,
    "T_HORIZON": 0.8,
    "RAMP_TIME": 0.5,
    "BARRIER_WEIGHT": 10,
    "OBSTACLE_WEIGHT": [
      30,
      200,
      100,
      10
    ],
    "OBSTACLE_RADIUS": 0.2,
    "TUNNEL_WIDTH": 0.4,
    "TUNNEL_WIDTH_GATE": 0.2,
    "NARROW_DIST": 0.5,
    "GATE_FLAT_DIST": 0.3,
    "Q_OMEGA": 2,
    "R_VTHETA": 1.0,
    "REG_THRUST": 0.008,
    "REG_INPUTS": 0.01
  },
  "box_lims": {
    "vtheta_max": 1.5,
    "dvtheta_max": 1.5
  }
}
2025-06-28 18:03:09,057 | ERROR   | Solver failed | status=2 | SQP it=1000 | KKT=9.11e-11 | t=0.887s
2025-06-28 18:03:09,059 | ERROR   | Dump saved → debug_logs/fail/tick0123.json
2025-06-28 18:03:10,041 | ERROR   | Solver failed | status=2 | SQP it=1000 | KKT=5.04e-09 | t=0.893s
2025-06-28 18:03:10,042 | ERROR   | Dump saved → debug_logs/fail/tick0129.json
2025-06-28 18:03:10,942 | ERROR   | Solver failed | status=2 | SQP it=1000 | KKT=3.00e-08 | t=0.897s
2025-06-28 18:03:10,942 | ERROR   | Dump saved → debug_logs/fail/tick0130.json
2025-06-28 18:03:11,896 | ERROR   | Solver failed | status=2 | SQP it=1000 | KKT=4.74e-11 | t=0.930s
2025-06-28 18:03:11,897 | ERROR   | Dump saved → debug_logs/fail/tick0132.json
2025-06-28 18:03:12,762 | ERROR   | Solver failed | status=2 | SQP it=1000 | KKT=6.18e-10 | t=0.861s
2025-06-28 18:03:12,763 | ERROR   | Dump saved → debug_logs/fail/tick0133.json
