2025-06-29 17:11:01,451 | INFO    | ===== INITIAL STATE DUMP =====
2025-06-29 17:11:01,452 | DEBUG   | {
  "xcurrent": [
    1.089695930480957,
    1.4088244438171387,
    0.08456537127494812,
    0.0,
    0.0,
    0.0
  ],
  "params": {
    "QC": 10,
    "QL": 40,
    "MU": 10,
    "DVTHETA_MAX": 1.0,
    "N": 20,
    "T_HORIZON": 0.7,
    "RAMP_TIME": 1.8,
    "BW_RAMP": 1,
    "BARRIER_WEIGHT": 100,
    "TUNNEL_WIDTH": 0.4,
    "TUNNEL_WIDTH_GATE": 0.15,
    "NARROW_DIST": 0.7,
    "GATE_FLAT_DIST": 0.1,
    "Q_OMEGA": 2,
    "R_VTHETA": 1.0,
    "REG_THRUST": 0.018,
    "REG_INPUTS": 0.09
  },
  "box_lims": {
    "vtheta_max": 1.0,
    "dvtheta_max": 1.0
  }
}
2025-06-29 17:11:51,149 | INFO    | ===== INITIAL STATE DUMP =====
2025-06-29 17:11:51,149 | DEBUG   | {
  "xcurrent": [
    1.0223697423934937,
    1.498863697052002,
    0.07000704109668732,
    0.0,
    0.0,
    0.0
  ],
  "params": {
    "QC": 10,
    "QL": 40,
    "MU": 10,
    "DVTHETA_MAX": 1.0,
    "N": 20,
    "T_HORIZON": 0.7,
    "RAMP_TIME": 1.8,
    "BW_RAMP": 1,
    "BARRIER_WEIGHT": 100,
    "TUNNEL_WIDTH": 0.4,
    "TUNNEL_WIDTH_GATE": 0.15,
    "NARROW_DIST": 0.7,
    "GATE_FLAT_DIST": 0.1,
    "Q_OMEGA": 2,
    "R_VTHETA": 1.0,
    "REG_THRUST": 0.018,
    "REG_INPUTS": 0.09
  },
  "box_lims": {
    "vtheta_max": 1.0,
    "dvtheta_max": 1.0
  }
}
2025-06-29 17:12:08,606 | ERROR   | Solver failed | status=2 | SQP it=1000 | KKT=3.66e-08 | t=0.599s
2025-06-29 17:12:08,607 | ERROR   | Dump saved → debug_logs/fail/tick0570.json
2025-06-29 17:12:09,288 | ERROR   | Solver failed | status=2 | SQP it=1000 | KKT=2.59e-08 | t=0.652s
2025-06-29 17:12:09,289 | ERROR   | Dump saved → debug_logs/fail/tick0571.json
2025-06-29 17:12:09,959 | ERROR   | Solver failed | status=2 | SQP it=1000 | KKT=3.28e-08 | t=0.646s
2025-06-29 17:12:09,960 | ERROR   | Dump saved → debug_logs/fail/tick0572.json
2025-06-29 17:12:10,608 | ERROR   | Solver failed | status=2 | SQP it=1000 | KKT=4.21e-08 | t=0.620s
2025-06-29 17:12:10,609 | ERROR   | Dump saved → debug_logs/fail/tick0573.json
2025-06-29 17:12:11,291 | ERROR   | Solver failed | status=2 | SQP it=1000 | KKT=9.33e-08 | t=0.652s
2025-06-29 17:12:11,292 | ERROR   | Dump saved → debug_logs/fail/tick0574.json
2025-06-29 17:12:11,963 | ERROR   | Solver failed | status=2 | SQP it=1000 | KKT=2.28e-08 | t=0.644s
2025-06-29 17:12:11,964 | ERROR   | Dump saved → debug_logs/fail/tick0575.json
2025-06-29 17:12:12,636 | ERROR   | Solver failed | status=2 | SQP it=1000 | KKT=3.79e-08 | t=0.645s
2025-06-29 17:12:12,638 | ERROR   | Dump saved → debug_logs/fail/tick0576.json
2025-06-29 17:12:13,321 | ERROR   | Solver failed | status=2 | SQP it=1000 | KKT=9.55e-08 | t=0.652s
2025-06-29 17:12:13,322 | ERROR   | Dump saved → debug_logs/fail/tick0577.json
2025-06-29 17:12:13,991 | ERROR   | Solver failed | status=2 | SQP it=1000 | KKT=1.43e-08 | t=0.644s
2025-06-29 17:12:13,992 | ERROR   | Dump saved → debug_logs/fail/tick0578.json
2025-06-29 17:12:14,665 | ERROR   | Solver failed | status=2 | SQP it=1000 | KKT=1.48e-08 | t=0.646s
2025-06-29 17:12:14,666 | ERROR   | Dump saved → debug_logs/fail/tick0579.json
2025-06-29 17:12:16,037 | INFO    | ===== INITIAL STATE DUMP =====
2025-06-29 17:12:16,037 | DEBUG   | {
  "xcurrent": [
    0.9652911424636841,
    1.5802741050720215,
    0.08427645266056061,
    0.0,
    0.0,
    0.0
  ],
  "params": {
    "QC": 10,
    "QL": 40,
    "MU": 10,
    "DVTHETA_MAX": 1.0,
    "N": 20,
    "T_HORIZON": 0.7,
    "RAMP_TIME": 1.8,
    "BW_RAMP": 1,
    "BARRIER_WEIGHT": 100,
    "TUNNEL_WIDTH": 0.4,
    "TUNNEL_WIDTH_GATE": 0.15,
    "NARROW_DIST": 0.7,
    "GATE_FLAT_DIST": 0.1,
    "Q_OMEGA": 2,
    "R_VTHETA": 1.0,
    "REG_THRUST": 0.018,
    "REG_INPUTS": 0.09
  },
  "box_lims": {
    "vtheta_max": 1.0,
    "dvtheta_max": 1.0
  }
}
2025-06-29 17:12:36,350 | INFO    | ===== INITIAL STATE DUMP =====
2025-06-29 17:12:36,350 | DEBUG   | {
  "xcurrent": [
    0.9096847176551819,
    1.5855159759521484,
    0.08477198332548141,
    0.0,
    0.0,
    0.0
  ],
  "params": {
    "QC": 10,
    "QL": 40,
    "MU": 10,
    "DVTHETA_MAX": 1.0,
    "N": 20,
    "T_HORIZON": 0.7,
    "RAMP_TIME": 1.8,
    "BW_RAMP": 1,
    "BARRIER_WEIGHT": 100,
    "TUNNEL_WIDTH": 0.4,
    "TUNNEL_WIDTH_GATE": 0.15,
    "NARROW_DIST": 0.7,
    "GATE_FLAT_DIST": 0.1,
    "Q_OMEGA": 2,
    "R_VTHETA": 1.0,
    "REG_THRUST": 0.018,
    "REG_INPUTS": 0.09
  },
  "box_lims": {
    "vtheta_max": 1.0,
    "dvtheta_max": 1.0
  }
}
2025-06-29 17:13:09,514 | INFO    | ===== INITIAL STATE DUMP =====
2025-06-29 17:13:09,514 | DEBUG   | {
  "xcurrent": [
    1.064310073852539,
    1.5487658977508545,
    0.07650890946388245,
    0.0,
    0.0,
    0.0
  ],
  "params": {
    "QC": 10,
    "QL": 40,
    "MU": 10,
    "DVTHETA_MAX": 1.0,
    "N": 20,
    "T_HORIZON": 0.7,
    "RAMP_TIME": 1.8,
    "BW_RAMP": 1,
    "BARRIER_WEIGHT": 100,
    "TUNNEL_WIDTH": 0.4,
    "TUNNEL_WIDTH_GATE": 0.15,
    "NARROW_DIST": 0.7,
    "GATE_FLAT_DIST": 0.1,
    "Q_OMEGA": 2,
    "R_VTHETA": 1.0,
    "REG_THRUST": 0.018,
    "REG_INPUTS": 0.09
  },
  "box_lims": {
    "vtheta_max": 1.0,
    "dvtheta_max": 1.0
  }
}
