2025-06-20 16:02:03,092 | INFO    | ===== INITIAL STATE DUMP =====
2025-06-20 16:02:03,093 | DEBUG   | {
  "xcurrent": [
    1.089695930480957,
    1.4088244438171387,
    0.08456537127494812,
    0.0,
    0.0,
    0.0
  ],
  "params": {
    "QC": 10,
    "QC_GATE": 50,
    "QL": 40,
    "MU": 10,
    "DVTHETA_MAX": 1.7,
    "N": 15,
    "T_HORIZON": 0.8,
    "RAMP_TIME": 1.8,
    "BARRIER_WEIGHT": 10,
    "TUNNEL_WIDTH": 0.7,
    "TUNNEL_WIDTH_GATE": 0.2,
    "NARROW_DIST": 0.7,
    "GATE_FLAT_DIST": 0.3,
    "Q_OMEGA": 2,
    "R_VTHETA": 1.0,
    "IN_GATE_RAMP_TIME": 0.3,
    "OUT_GATE_RAMP_TIME": 0.5
  },
  "box_lims": {
    "vtheta_max": 1.7,
    "dvtheta_max": 1.7
  }
}
2025-06-20 16:02:24,668 | INFO    | ===== INITIAL STATE DUMP =====
2025-06-20 16:02:24,668 | DEBUG   | {
  "xcurrent": [
    1.0483169555664062,
    1.4418078660964966,
    0.07502284646034241,
    0.0,
    0.0,
    0.0
  ],
  "params": {
    "QC": 10,
    "QC_GATE": 50,
    "QL": 40,
    "MU": 10,
    "DVTHETA_MAX": 1.7,
    "N": 15,
    "T_HORIZON": 0.8,
    "RAMP_TIME": 1.8,
    "BARRIER_WEIGHT": 10,
    "TUNNEL_WIDTH": 0.7,
    "TUNNEL_WIDTH_GATE": 0.2,
    "NARROW_DIST": 0.7,
    "GATE_FLAT_DIST": 0.3,
    "Q_OMEGA": 2,
    "R_VTHETA": 1.0,
    "IN_GATE_RAMP_TIME": 0.3,
    "OUT_GATE_RAMP_TIME": 0.5
  },
  "box_lims": {
    "vtheta_max": 1.7,
    "dvtheta_max": 1.7
  }
}
2025-06-20 16:02:35,648 | INFO    | ===== INITIAL STATE DUMP =====
2025-06-20 16:02:35,648 | DEBUG   | {
  "xcurrent": [
    1.0491856336593628,
    1.4353078603744507,
    0.07697850465774536,
    0.0,
    0.0,
    0.0
  ],
  "params": {
    "QC": 10,
    "QC_GATE": 50,
    "QL": 40,
    "MU": 10,
    "DVTHETA_MAX": 1.7,
    "N": 15,
    "T_HORIZON": 0.8,
    "RAMP_TIME": 1.8,
    "BARRIER_WEIGHT": 10,
    "TUNNEL_WIDTH": 0.7,
    "TUNNEL_WIDTH_GATE": 0.2,
    "NARROW_DIST": 0.7,
    "GATE_FLAT_DIST": 0.3,
    "Q_OMEGA": 2,
    "R_VTHETA": 1.0,
    "IN_GATE_RAMP_TIME": 0.3,
    "OUT_GATE_RAMP_TIME": 0.5
  },
  "box_lims": {
    "vtheta_max": 1.7,
    "dvtheta_max": 1.7
  }
}
2025-06-20 16:02:39,749 | INFO    | ===== INITIAL STATE DUMP =====
2025-06-20 16:02:39,750 | DEBUG   | {
  "xcurrent": [
    0.955207109451294,
    1.5993423461914062,
    0.08415676653385162,
    0.0,
    0.0,
    0.0
  ],
  "params": {
    "QC": 10,
    "QC_GATE": 50,
    "QL": 40,
    "MU": 10,
    "DVTHETA_MAX": 1.7,
    "N": 15,
    "T_HORIZON": 0.8,
    "RAMP_TIME": 1.8,
    "BARRIER_WEIGHT": 10,
    "TUNNEL_WIDTH": 0.7,
    "TUNNEL_WIDTH_GATE": 0.2,
    "NARROW_DIST": 0.7,
    "GATE_FLAT_DIST": 0.3,
    "Q_OMEGA": 2,
    "R_VTHETA": 1.0,
    "IN_GATE_RAMP_TIME": 0.3,
    "OUT_GATE_RAMP_TIME": 0.5
  },
  "box_lims": {
    "vtheta_max": 1.7,
    "dvtheta_max": 1.7
  }
}
2025-06-20 16:02:50,302 | INFO    | ===== INITIAL STATE DUMP =====
2025-06-20 16:02:50,302 | DEBUG   | {
  "xcurrent": [
    0.9747167825698853,
    1.5595571994781494,
    0.08467425405979156,
    0.0,
    0.0,
    0.0
  ],
  "params": {
    "QC": 10,
    "QC_GATE": 50,
    "QL": 40,
    "MU": 10,
    "DVTHETA_MAX": 1.7,
    "N": 15,
    "T_HORIZON": 0.8,
    "RAMP_TIME": 1.8,
    "BARRIER_WEIGHT": 10,
    "TUNNEL_WIDTH": 0.7,
    "TUNNEL_WIDTH_GATE": 0.2,
    "NARROW_DIST": 0.7,
    "GATE_FLAT_DIST": 0.3,
    "Q_OMEGA": 2,
    "R_VTHETA": 1.0,
    "IN_GATE_RAMP_TIME": 0.3,
    "OUT_GATE_RAMP_TIME": 0.5
  },
  "box_lims": {
    "vtheta_max": 1.7,
    "dvtheta_max": 1.7
  }
}
2025-06-20 16:02:54,963 | INFO    | ===== INITIAL STATE DUMP =====
2025-06-20 16:02:54,963 | DEBUG   | {
  "xcurrent": [
    0.9733511209487915,
    1.4697840213775635,
    0.08452237397432327,
    0.0,
    0.0,
    0.0
  ],
  "params": {
    "QC": 10,
    "QC_GATE": 50,
    "QL": 40,
    "MU": 10,
    "DVTHETA_MAX": 1.7,
    "N": 15,
    "T_HORIZON": 0.8,
    "RAMP_TIME": 1.8,
    "BARRIER_WEIGHT": 10,
    "TUNNEL_WIDTH": 0.7,
    "TUNNEL_WIDTH_GATE": 0.2,
    "NARROW_DIST": 0.7,
    "GATE_FLAT_DIST": 0.3,
    "Q_OMEGA": 2,
    "R_VTHETA": 1.0,
    "IN_GATE_RAMP_TIME": 0.3,
    "OUT_GATE_RAMP_TIME": 0.5
  },
  "box_lims": {
    "vtheta_max": 1.7,
    "dvtheta_max": 1.7
  }
}
2025-06-20 16:02:58,792 | ERROR   | Solver failed | status=2 | SQP it=1000 | KKT=1.37e-11 | t=0.320s
2025-06-20 16:02:58,794 | ERROR   | Dump saved → debug_logs/fail/tick0105.json
