2025-06-28 15:40:50,716 | INFO    | ===== INITIAL STATE DUMP =====
2025-06-28 15:40:50,716 | DEBUG   | {
  "xcurrent": [
    1.089695930480957,
    1.4088244438171387,
    0.08456537127494812,
    0.0,
    0.0,
    0.0
  ],
  "params": {
    "QC": 10,
    "QC_GATE": 50,
    "QL": 40,
    "MU": 10,
    "DVTHETA_MAX": 1.0,
    "N": 20,
    "T_HORIZON": 0.8,
    "RAMP_TIME": 0.6,
    "BARRIER_WEIGHT": 10,
    "OBSTACLE_WEIGHT": 80,
    "OBSTACLE_RADIUS": 0.3,
    "TUNNEL_WIDTH": 0.4,
    "TUNNEL_WIDTH_GATE": 0.15,
    "NARROW_DIST": 0.3,
    "GATE_FLAT_DIST": 0.3,
    "BACK_FLAT_DIST": 0.1,
    "BACK_RAMP_DIST": 0.2,
    "Q_OMEGA": 2,
    "R_VTHETA": 1.0,
    "REG_THRUST": 0.018,
    "REG_INPUTS": 0.1
  },
  "box_lims": {
    "vtheta_max": 1.0,
    "dvtheta_max": 1.0
  }
}
2025-06-28 15:41:10,684 | ERROR   | Solver failed | status=4 | SQP it=152 | KKT=4.96e-08 | t=0.132s
2025-06-28 15:41:10,686 | ERROR   | Dump saved → debug_logs/fail/tick0131.json
2025-06-28 15:41:12,646 | ERROR   | Solver failed | status=4 | SQP it=1 | KKT=1.18e+01 | t=0.003s
2025-06-28 15:41:12,648 | ERROR   | Dump saved → debug_logs/fail/tick0132.json
2025-06-28 15:41:12,921 | ERROR   | Solver failed | status=4 | SQP it=74 | KKT=9.21e-10 | t=0.226s
2025-06-28 15:41:12,921 | ERROR   | Dump saved → debug_logs/fail/tick0133.json
2025-06-28 15:41:13,251 | ERROR   | Solver failed | status=4 | SQP it=183 | KKT=4.06e-09 | t=0.301s
2025-06-28 15:41:13,252 | ERROR   | Dump saved → debug_logs/fail/tick0134.json
