2025-06-05 15:40:04,743 | INFO    | ===== INITIAL STATE DUMP =====
2025-06-05 15:40:04,744 | DEBUG   | {
  "xcurrent": [
    1.0,
    1.5,
    0.07000000029802322,
    0.0,
    0.0,
    0.0
  ],
  "params": {
    "QC": 10,
    "QL": 80,
    "MU": 10,
    "DVTHETA_MAX": 2.0,
    "N": 20,
    "T_HORIZON": 1.05,
    "RAMP_TIME": 1.8,
    "BARRIER_WEIGHT": 10,
    "TUNNEL_WIDTH": 0.25,
    "Q_OMEGA": 2,
    "R_VTHETA": 1.0
  },
  "box_lims": {
    "vtheta_max": 2.0,
    "dvtheta_max": 2.0
  }
}
2025-06-05 15:40:12,297 | ERROR   | Solver failed | status=1 | SQP it=48 | KKT=2.39e-08 | t=0.044s
2025-06-05 15:40:12,298 | ERROR   | Dump saved → debug_logs/fail/tick0214.json
2025-06-05 15:40:12,326 | ERROR   | Solver failed | status=1 | SQP it=0 | KKT=nan | t=0.000s
2025-06-05 15:40:12,327 | ERROR   | Dump saved → debug_logs/fail/tick0215.json
2025-06-05 15:40:12,351 | ERROR   | Solver failed | status=1 | SQP it=0 | KKT=nan | t=0.000s
2025-06-05 15:40:12,352 | ERROR   | Dump saved → debug_logs/fail/tick0216.json
2025-06-05 15:40:12,376 | ERROR   | Solver failed | status=1 | SQP it=0 | KKT=nan | t=0.000s
2025-06-05 15:40:12,376 | ERROR   | Dump saved → debug_logs/fail/tick0217.json
2025-06-05 15:40:12,401 | ERROR   | Solver failed | status=1 | SQP it=0 | KKT=nan | t=0.000s
2025-06-05 15:40:12,401 | ERROR   | Dump saved → debug_logs/fail/tick0218.json
2025-06-05 15:40:12,424 | ERROR   | Solver failed | status=1 | SQP it=0 | KKT=nan | t=0.000s
2025-06-05 15:40:12,425 | ERROR   | Dump saved → debug_logs/fail/tick0219.json
2025-06-05 15:40:12,449 | ERROR   | Solver failed | status=1 | SQP it=0 | KKT=nan | t=0.000s
2025-06-05 15:40:12,449 | ERROR   | Dump saved → debug_logs/fail/tick0220.json
2025-06-05 15:40:12,473 | ERROR   | Solver failed | status=1 | SQP it=0 | KKT=nan | t=0.000s
2025-06-05 15:40:12,474 | ERROR   | Dump saved → debug_logs/fail/tick0221.json
2025-06-05 15:40:12,501 | ERROR   | Solver failed | status=1 | SQP it=0 | KKT=nan | t=0.000s
2025-06-05 15:40:12,501 | ERROR   | Dump saved → debug_logs/fail/tick0222.json
2025-06-05 15:40:12,525 | ERROR   | Solver failed | status=1 | SQP it=0 | KKT=nan | t=0.000s
2025-06-05 15:40:12,526 | ERROR   | Dump saved → debug_logs/fail/tick0223.json
2025-06-05 15:40:12,551 | ERROR   | Solver failed | status=1 | SQP it=0 | KKT=nan | t=0.000s
2025-06-05 15:40:12,551 | ERROR   | Dump saved → debug_logs/fail/tick0224.json
2025-06-05 15:40:12,576 | ERROR   | Solver failed | status=1 | SQP it=0 | KKT=nan | t=0.000s
2025-06-05 15:40:12,576 | ERROR   | Dump saved → debug_logs/fail/tick0225.json
2025-06-05 15:40:12,601 | ERROR   | Solver failed | status=1 | SQP it=0 | KKT=nan | t=0.000s
2025-06-05 15:40:12,602 | ERROR   | Dump saved → debug_logs/fail/tick0226.json
2025-06-05 15:40:12,627 | ERROR   | Solver failed | status=1 | SQP it=0 | KKT=nan | t=0.000s
2025-06-05 15:40:12,628 | ERROR   | Dump saved → debug_logs/fail/tick0227.json
2025-06-05 15:40:12,653 | ERROR   | Solver failed | status=1 | SQP it=0 | KKT=nan | t=0.000s
2025-06-05 15:40:12,654 | ERROR   | Dump saved → debug_logs/fail/tick0228.json
2025-06-05 15:40:12,679 | ERROR   | Solver failed | status=1 | SQP it=0 | KKT=nan | t=0.000s
2025-06-05 15:40:12,679 | ERROR   | Dump saved → debug_logs/fail/tick0229.json
2025-06-05 15:40:12,704 | ERROR   | Solver failed | status=1 | SQP it=0 | KKT=nan | t=0.000s
2025-06-05 15:40:12,705 | ERROR   | Dump saved → debug_logs/fail/tick0230.json
2025-06-05 15:40:12,733 | ERROR   | Solver failed | status=1 | SQP it=0 | KKT=nan | t=0.000s
2025-06-05 15:40:12,734 | ERROR   | Dump saved → debug_logs/fail/tick0231.json
2025-06-05 15:40:12,757 | ERROR   | Solver failed | status=1 | SQP it=0 | KKT=nan | t=0.000s
2025-06-05 15:40:12,758 | ERROR   | Dump saved → debug_logs/fail/tick0232.json
2025-06-05 15:40:12,782 | ERROR   | Solver failed | status=1 | SQP it=0 | KKT=nan | t=0.000s
2025-06-05 15:40:12,782 | ERROR   | Dump saved → debug_logs/fail/tick0233.json
2025-06-05 15:40:12,806 | ERROR   | Solver failed | status=1 | SQP it=0 | KKT=nan | t=0.000s
2025-06-05 15:40:12,806 | ERROR   | Dump saved → debug_logs/fail/tick0234.json
2025-06-05 15:40:12,830 | ERROR   | Solver failed | status=1 | SQP it=0 | KKT=nan | t=0.000s
2025-06-05 15:40:12,830 | ERROR   | Dump saved → debug_logs/fail/tick0235.json
2025-06-05 15:40:12,855 | ERROR   | Solver failed | status=1 | SQP it=0 | KKT=nan | t=0.000s
2025-06-05 15:40:12,855 | ERROR   | Dump saved → debug_logs/fail/tick0236.json
2025-06-05 15:40:12,879 | ERROR   | Solver failed | status=1 | SQP it=0 | KKT=nan | t=0.000s
2025-06-05 15:40:12,879 | ERROR   | Dump saved → debug_logs/fail/tick0237.json
2025-06-05 15:40:12,902 | ERROR   | Solver failed | status=1 | SQP it=0 | KKT=nan | t=0.000s
2025-06-05 15:40:12,903 | ERROR   | Dump saved → debug_logs/fail/tick0238.json
2025-06-05 15:40:12,928 | ERROR   | Solver failed | status=1 | SQP it=0 | KKT=nan | t=0.000s
2025-06-05 15:40:12,929 | ERROR   | Dump saved → debug_logs/fail/tick0239.json
2025-06-05 15:40:12,954 | ERROR   | Solver failed | status=1 | SQP it=0 | KKT=nan | t=0.000s
2025-06-05 15:40:12,955 | ERROR   | Dump saved → debug_logs/fail/tick0240.json
2025-06-05 15:40:12,979 | ERROR   | Solver failed | status=1 | SQP it=0 | KKT=nan | t=0.000s
2025-06-05 15:40:12,980 | ERROR   | Dump saved → debug_logs/fail/tick0241.json
2025-06-05 15:40:13,005 | ERROR   | Solver failed | status=1 | SQP it=0 | KKT=nan | t=0.000s
2025-06-05 15:40:13,006 | ERROR   | Dump saved → debug_logs/fail/tick0242.json
2025-06-05 15:40:13,035 | ERROR   | Solver failed | status=1 | SQP it=0 | KKT=nan | t=0.000s
2025-06-05 15:40:13,035 | ERROR   | Dump saved → debug_logs/fail/tick0243.json
2025-06-05 15:40:13,061 | ERROR   | Solver failed | status=1 | SQP it=0 | KKT=nan | t=0.000s
2025-06-05 15:40:13,062 | ERROR   | Dump saved → debug_logs/fail/tick0244.json
2025-06-05 15:40:13,087 | ERROR   | Solver failed | status=1 | SQP it=0 | KKT=nan | t=0.000s
2025-06-05 15:40:13,088 | ERROR   | Dump saved → debug_logs/fail/tick0245.json
2025-06-05 15:40:13,118 | ERROR   | Solver failed | status=1 | SQP it=0 | KKT=nan | t=0.000s
2025-06-05 15:40:13,118 | ERROR   | Dump saved → debug_logs/fail/tick0246.json
2025-06-05 15:40:13,145 | ERROR   | Solver failed | status=1 | SQP it=0 | KKT=nan | t=0.000s
2025-06-05 15:40:13,145 | ERROR   | Dump saved → debug_logs/fail/tick0247.json
2025-06-05 15:40:13,168 | ERROR   | Solver failed | status=1 | SQP it=0 | KKT=nan | t=0.000s
2025-06-05 15:40:13,168 | ERROR   | Dump saved → debug_logs/fail/tick0248.json
2025-06-05 15:40:13,193 | ERROR   | Solver failed | status=1 | SQP it=0 | KKT=nan | t=0.000s
2025-06-05 15:40:13,193 | ERROR   | Dump saved → debug_logs/fail/tick0249.json
2025-06-05 15:40:13,218 | ERROR   | Solver failed | status=1 | SQP it=0 | KKT=nan | t=0.000s
2025-06-05 15:40:13,219 | ERROR   | Dump saved → debug_logs/fail/tick0250.json
2025-06-05 15:40:13,243 | ERROR   | Solver failed | status=1 | SQP it=0 | KKT=nan | t=0.000s
2025-06-05 15:40:13,243 | ERROR   | Dump saved → debug_logs/fail/tick0251.json
2025-06-05 15:40:13,267 | ERROR   | Solver failed | status=1 | SQP it=0 | KKT=nan | t=0.000s
2025-06-05 15:40:13,267 | ERROR   | Dump saved → debug_logs/fail/tick0252.json
2025-06-05 15:40:13,291 | ERROR   | Solver failed | status=1 | SQP it=0 | KKT=nan | t=0.000s
2025-06-05 15:40:13,291 | ERROR   | Dump saved → debug_logs/fail/tick0253.json
2025-06-05 15:40:13,316 | ERROR   | Solver failed | status=1 | SQP it=0 | KKT=nan | t=0.000s
2025-06-05 15:40:13,317 | ERROR   | Dump saved → debug_logs/fail/tick0254.json
2025-06-05 15:40:13,342 | ERROR   | Solver failed | status=1 | SQP it=0 | KKT=nan | t=0.000s
2025-06-05 15:40:13,343 | ERROR   | Dump saved → debug_logs/fail/tick0255.json
2025-06-05 15:40:13,368 | ERROR   | Solver failed | status=1 | SQP it=0 | KKT=nan | t=0.000s
2025-06-05 15:40:13,368 | ERROR   | Dump saved → debug_logs/fail/tick0256.json
2025-06-05 15:40:13,392 | ERROR   | Solver failed | status=1 | SQP it=0 | KKT=nan | t=0.000s
2025-06-05 15:40:13,393 | ERROR   | Dump saved → debug_logs/fail/tick0257.json
2025-06-05 15:40:13,417 | ERROR   | Solver failed | status=1 | SQP it=0 | KKT=nan | t=0.000s
2025-06-05 15:40:13,418 | ERROR   | Dump saved → debug_logs/fail/tick0258.json
2025-06-05 15:40:13,442 | ERROR   | Solver failed | status=1 | SQP it=0 | KKT=nan | t=0.000s
2025-06-05 15:40:13,443 | ERROR   | Dump saved → debug_logs/fail/tick0259.json
2025-06-05 15:40:13,468 | ERROR   | Solver failed | status=1 | SQP it=0 | KKT=nan | t=0.000s
2025-06-05 15:40:13,469 | ERROR   | Dump saved → debug_logs/fail/tick0260.json
2025-06-05 15:40:13,494 | ERROR   | Solver failed | status=1 | SQP it=0 | KKT=nan | t=0.000s
2025-06-05 15:40:13,495 | ERROR   | Dump saved → debug_logs/fail/tick0261.json
2025-06-05 15:40:13,520 | ERROR   | Solver failed | status=1 | SQP it=0 | KKT=nan | t=0.000s
2025-06-05 15:40:13,521 | ERROR   | Dump saved → debug_logs/fail/tick0262.json
2025-06-05 15:40:13,551 | ERROR   | Solver failed | status=1 | SQP it=0 | KKT=nan | t=0.000s
2025-06-05 15:40:13,551 | ERROR   | Dump saved → debug_logs/fail/tick0263.json
2025-06-05 15:40:13,578 | ERROR   | Solver failed | status=1 | SQP it=0 | KKT=nan | t=0.000s
2025-06-05 15:40:13,579 | ERROR   | Dump saved → debug_logs/fail/tick0264.json
2025-06-05 15:40:13,602 | ERROR   | Solver failed | status=1 | SQP it=0 | KKT=nan | t=0.000s
2025-06-05 15:40:13,602 | ERROR   | Dump saved → debug_logs/fail/tick0265.json
2025-06-05 15:40:13,625 | ERROR   | Solver failed | status=1 | SQP it=0 | KKT=nan | t=0.000s
2025-06-05 15:40:13,626 | ERROR   | Dump saved → debug_logs/fail/tick0266.json
2025-06-05 15:40:13,650 | ERROR   | Solver failed | status=1 | SQP it=0 | KKT=nan | t=0.000s
2025-06-05 15:40:13,651 | ERROR   | Dump saved → debug_logs/fail/tick0267.json
2025-06-05 15:40:13,674 | ERROR   | Solver failed | status=1 | SQP it=0 | KKT=nan | t=0.000s
2025-06-05 15:40:13,674 | ERROR   | Dump saved → debug_logs/fail/tick0268.json
2025-06-05 15:40:13,701 | ERROR   | Solver failed | status=1 | SQP it=0 | KKT=nan | t=0.000s
2025-06-05 15:40:13,701 | ERROR   | Dump saved → debug_logs/fail/tick0269.json
2025-06-05 15:40:13,725 | ERROR   | Solver failed | status=1 | SQP it=0 | KKT=nan | t=0.000s
2025-06-05 15:40:13,726 | ERROR   | Dump saved → debug_logs/fail/tick0270.json
2025-06-05 15:40:13,751 | ERROR   | Solver failed | status=1 | SQP it=0 | KKT=nan | t=0.000s
2025-06-05 15:40:13,752 | ERROR   | Dump saved → debug_logs/fail/tick0271.json
2025-06-05 15:40:13,776 | ERROR   | Solver failed | status=1 | SQP it=0 | KKT=nan | t=0.000s
2025-06-05 15:40:13,776 | ERROR   | Dump saved → debug_logs/fail/tick0272.json
2025-06-05 15:40:13,801 | ERROR   | Solver failed | status=1 | SQP it=0 | KKT=nan | t=0.000s
2025-06-05 15:40:13,801 | ERROR   | Dump saved → debug_logs/fail/tick0273.json
2025-06-05 15:40:13,826 | ERROR   | Solver failed | status=1 | SQP it=0 | KKT=nan | t=0.000s
2025-06-05 15:40:13,827 | ERROR   | Dump saved → debug_logs/fail/tick0274.json
2025-06-05 15:40:13,852 | ERROR   | Solver failed | status=1 | SQP it=0 | KKT=nan | t=0.000s
2025-06-05 15:40:13,853 | ERROR   | Dump saved → debug_logs/fail/tick0275.json
2025-06-05 15:40:13,878 | ERROR   | Solver failed | status=1 | SQP it=0 | KKT=nan | t=0.000s
2025-06-05 15:40:13,879 | ERROR   | Dump saved → debug_logs/fail/tick0276.json
