2025-06-28 19:36:53,640 | INFO    | ===== INITIAL STATE DUMP =====
2025-06-28 19:36:53,640 | DEBUG   | {
  "xcurrent": [
    1.089695930480957,
    1.4088244438171387,
    0.08456537127494812,
    0.0,
    0.0,
    0.0
  ],
  "params": {
    "QC": 10,
    "QC_GATE": 50,
    "QL": 40,
    "MU": 10,
    "DVTHETA_MAX": 1.6,
    "N": 20,
    "T_HORIZON": 0.7,
    "RAMP_TIME": 0.6,
    "BARRIER_WEIGHT": 10,
    "OBSTACLE_WEIGHT": [
      1,
      20,
      1,
      1
    ],
    "OBSTACLE_RADIUS": 0.3,
    "TUNNEL_WIDTH": 0.4,
    "TUNNEL_WIDTH_GATE": 0.15,
    "NARROW_DIST": 0.6,
    "GATE_FLAT_DIST": 0.45,
    "Q_OMEGA": 2,
    "R_VTHETA": 1.0,
    "REG_THRUST": 0.05,
    "REG_INPUTS": 0.03
  },
  "box_lims": {
    "vtheta_max": 1.6,
    "dvtheta_max": 1.6
  }
}
2025-06-28 19:37:02,703 | ERROR   | Solver failed | status=4 | SQP it=12 | KKT=4.09e-08 | t=0.013s
2025-06-28 19:37:02,705 | ERROR   | Dump saved → debug_logs/fail/tick0090.json
2025-06-28 19:37:02,746 | ERROR   | Solver failed | status=4 | SQP it=16 | KKT=3.68e-08 | t=0.013s
2025-06-28 19:37:02,747 | ERROR   | Dump saved → debug_logs/fail/tick0091.json
2025-06-28 19:37:02,779 | ERROR   | Solver failed | status=4 | SQP it=1 | KKT=2.62e+01 | t=0.001s
2025-06-28 19:37:02,780 | ERROR   | Dump saved → debug_logs/fail/tick0092.json
2025-06-28 19:37:02,815 | ERROR   | Solver failed | status=4 | SQP it=3 | KKT=2.55e+01 | t=0.004s
2025-06-28 19:37:02,816 | ERROR   | Dump saved → debug_logs/fail/tick0093.json
2025-06-28 19:37:02,846 | ERROR   | Solver failed | status=4 | SQP it=1 | KKT=3.20e+01 | t=0.002s
2025-06-28 19:37:02,847 | ERROR   | Dump saved → debug_logs/fail/tick0094.json
2025-06-28 19:37:04,231 | ERROR   | Solver failed | status=4 | SQP it=3 | KKT=3.06e+01 | t=0.071s
2025-06-28 19:37:04,234 | ERROR   | Dump saved → debug_logs/fail/tick0095.json
2025-06-28 19:37:04,428 | ERROR   | Solver failed | status=4 | SQP it=18 | KKT=5.82e-08 | t=0.164s
2025-06-28 19:37:04,429 | ERROR   | Dump saved → debug_logs/fail/tick0096.json
2025-06-28 19:37:04,459 | ERROR   | Solver failed | status=4 | SQP it=4 | KKT=5.82e-08 | t=0.003s
2025-06-28 19:37:04,460 | ERROR   | Dump saved → debug_logs/fail/tick0097.json
2025-06-28 19:37:07,336 | INFO    | ===== INITIAL STATE DUMP =====
2025-06-28 19:37:07,337 | DEBUG   | {
  "xcurrent": [
    1.0518913269042969,
    1.5442349910736084,
    0.07058893144130707,
    0.0,
    0.0,
    0.0
  ],
  "params": {
    "QC": 10,
    "QC_GATE": 50,
    "QL": 40,
    "MU": 10,
    "DVTHETA_MAX": 1.6,
    "N": 20,
    "T_HORIZON": 0.7,
    "RAMP_TIME": 0.6,
    "BARRIER_WEIGHT": 10,
    "OBSTACLE_WEIGHT": [
      1,
      20,
      1,
      1
    ],
    "OBSTACLE_RADIUS": 0.3,
    "TUNNEL_WIDTH": 0.4,
    "TUNNEL_WIDTH_GATE": 0.15,
    "NARROW_DIST": 0.6,
    "GATE_FLAT_DIST": 0.45,
    "Q_OMEGA": 2,
    "R_VTHETA": 1.0,
    "REG_THRUST": 0.05,
    "REG_INPUTS": 0.03
  },
  "box_lims": {
    "vtheta_max": 1.6,
    "dvtheta_max": 1.6
  }
}
