2025-06-08 23:02:48,195 | INFO    | ===== INITIAL STATE DUMP =====
2025-06-08 23:02:48,195 | DEBUG   | {
  "xcurrent": [
    1.089695930480957,
    1.4088244438171387,
    0.08456537127494812,
    0.0,
    0.0,
    0.0
  ],
  "params": {
    "QC": 10,
    "QL": 80,
    "MU": 10,
    "DVTHETA_MAX": 1.0,
    "N": 30,
    "T_HORIZON": 1.5,
    "RAMP_TIME": 1.8,
    "BARRIER_WEIGHT": 10,
    "TUNNEL_WIDTH": 0.35,
    "TUNNEL_WIDTH_GATE": 0.3,
    "Q_OMEGA": 2,
    "R_VTHETA": 1.0,
    "IN_GATE_RAMP_TIME": 0.4,
    "OUT_GATE_RAMP_TIME": 1
  },
  "box_lims": {
    "vtheta_max": 1.0,
    "dvtheta_max": 1.0
  }
}
2025-06-08 23:04:05,204 | ERROR   | Solver failed | status=1 | SQP it=185 | KKT=7.89e-09 | t=0.227s
2025-06-08 23:04:05,206 | ERROR   | Dump saved → debug_logs/fail/tick0370.json
2025-06-08 23:04:05,235 | ERROR   | Solver failed | status=1 | SQP it=0 | KKT=nan | t=0.000s
2025-06-08 23:04:05,236 | ERROR   | Dump saved → debug_logs/fail/tick0371.json
2025-06-08 23:04:08,111 | ERROR   | Solver failed | status=1 | SQP it=0 | KKT=nan | t=0.001s
2025-06-08 23:04:08,114 | ERROR   | Dump saved → debug_logs/fail/tick0372.json
2025-06-08 23:04:08,160 | ERROR   | Solver failed | status=1 | SQP it=0 | KKT=nan | t=0.000s
2025-06-08 23:04:08,162 | ERROR   | Dump saved → debug_logs/fail/tick0373.json
2025-06-08 23:04:08,196 | ERROR   | Solver failed | status=1 | SQP it=0 | KKT=nan | t=0.000s
2025-06-08 23:04:08,198 | ERROR   | Dump saved → debug_logs/fail/tick0374.json
2025-06-08 23:04:08,236 | ERROR   | Solver failed | status=1 | SQP it=0 | KKT=nan | t=0.000s
2025-06-08 23:04:08,237 | ERROR   | Dump saved → debug_logs/fail/tick0375.json
2025-06-08 23:04:08,269 | ERROR   | Solver failed | status=1 | SQP it=0 | KKT=nan | t=0.000s
2025-06-08 23:04:08,270 | ERROR   | Dump saved → debug_logs/fail/tick0376.json
2025-06-08 23:04:08,300 | ERROR   | Solver failed | status=1 | SQP it=0 | KKT=nan | t=0.000s
2025-06-08 23:04:08,301 | ERROR   | Dump saved → debug_logs/fail/tick0377.json
2025-06-08 23:04:08,327 | ERROR   | Solver failed | status=1 | SQP it=0 | KKT=nan | t=0.000s
2025-06-08 23:04:08,328 | ERROR   | Dump saved → debug_logs/fail/tick0378.json
2025-06-08 23:04:09,112 | ERROR   | Solver failed | status=1 | SQP it=0 | KKT=nan | t=0.001s
2025-06-08 23:04:09,115 | ERROR   | Dump saved → debug_logs/fail/tick0379.json
2025-06-08 23:04:09,159 | ERROR   | Solver failed | status=1 | SQP it=0 | KKT=nan | t=0.000s
2025-06-08 23:04:09,160 | ERROR   | Dump saved → debug_logs/fail/tick0380.json
2025-06-08 23:04:09,191 | ERROR   | Solver failed | status=1 | SQP it=0 | KKT=nan | t=0.000s
2025-06-08 23:04:09,192 | ERROR   | Dump saved → debug_logs/fail/tick0381.json
2025-06-08 23:04:09,227 | ERROR   | Solver failed | status=1 | SQP it=0 | KKT=nan | t=0.000s
2025-06-08 23:04:09,228 | ERROR   | Dump saved → debug_logs/fail/tick0382.json
2025-06-08 23:04:09,259 | ERROR   | Solver failed | status=1 | SQP it=0 | KKT=nan | t=0.000s
2025-06-08 23:04:09,260 | ERROR   | Dump saved → debug_logs/fail/tick0383.json
2025-06-08 23:04:09,291 | ERROR   | Solver failed | status=1 | SQP it=0 | KKT=nan | t=0.000s
2025-06-08 23:04:09,291 | ERROR   | Dump saved → debug_logs/fail/tick0384.json
2025-06-08 23:04:09,324 | ERROR   | Solver failed | status=1 | SQP it=0 | KKT=nan | t=0.000s
2025-06-08 23:04:09,325 | ERROR   | Dump saved → debug_logs/fail/tick0385.json
2025-06-08 23:04:09,357 | ERROR   | Solver failed | status=1 | SQP it=0 | KKT=nan | t=0.000s
2025-06-08 23:04:09,357 | ERROR   | Dump saved → debug_logs/fail/tick0386.json
2025-06-08 23:04:09,390 | ERROR   | Solver failed | status=1 | SQP it=0 | KKT=nan | t=0.000s
2025-06-08 23:04:09,391 | ERROR   | Dump saved → debug_logs/fail/tick0387.json
2025-06-08 23:04:09,422 | ERROR   | Solver failed | status=1 | SQP it=0 | KKT=nan | t=0.000s
2025-06-08 23:04:09,423 | ERROR   | Dump saved → debug_logs/fail/tick0388.json
2025-06-08 23:04:09,455 | ERROR   | Solver failed | status=1 | SQP it=0 | KKT=nan | t=0.000s
2025-06-08 23:04:09,456 | ERROR   | Dump saved → debug_logs/fail/tick0389.json
2025-06-08 23:04:09,485 | ERROR   | Solver failed | status=1 | SQP it=0 | KKT=nan | t=0.000s
2025-06-08 23:04:09,486 | ERROR   | Dump saved → debug_logs/fail/tick0390.json
2025-06-08 23:04:10,509 | ERROR   | Solver failed | status=1 | SQP it=0 | KKT=nan | t=0.001s
2025-06-08 23:04:10,512 | ERROR   | Dump saved → debug_logs/fail/tick0391.json
2025-06-08 23:04:10,557 | ERROR   | Solver failed | status=1 | SQP it=0 | KKT=nan | t=0.000s
2025-06-08 23:04:10,559 | ERROR   | Dump saved → debug_logs/fail/tick0392.json
2025-06-08 23:04:10,593 | ERROR   | Solver failed | status=1 | SQP it=0 | KKT=nan | t=0.000s
2025-06-08 23:04:10,594 | ERROR   | Dump saved → debug_logs/fail/tick0393.json
2025-06-08 23:04:10,631 | ERROR   | Solver failed | status=1 | SQP it=0 | KKT=nan | t=0.000s
2025-06-08 23:04:10,632 | ERROR   | Dump saved → debug_logs/fail/tick0394.json
2025-06-08 23:04:10,662 | ERROR   | Solver failed | status=1 | SQP it=0 | KKT=nan | t=0.000s
2025-06-08 23:04:10,663 | ERROR   | Dump saved → debug_logs/fail/tick0395.json
2025-06-08 23:04:10,696 | ERROR   | Solver failed | status=1 | SQP it=0 | KKT=nan | t=0.000s
2025-06-08 23:04:10,697 | ERROR   | Dump saved → debug_logs/fail/tick0396.json
2025-06-08 23:04:10,727 | ERROR   | Solver failed | status=1 | SQP it=0 | KKT=nan | t=0.000s
2025-06-08 23:04:10,728 | ERROR   | Dump saved → debug_logs/fail/tick0397.json
