2025-06-30 18:36:59,706 | INFO    | ===== INITIAL STATE DUMP =====
2025-06-30 18:36:59,707 | DEBUG   | {
  "xcurrent": [
    1.089695930480957,
    1.4088244438171387,
    0.08456537127494812,
    0.0,
    0.0,
    0.0
  ],
  "params": {
    "QC": 10,
    "QL": 40,
    "MU": 10,
    "DVTHETA_MAX": 1.0,
    "N": 20,
    "T_HORIZON": 0.7,
    "RAMP_TIME": 1.8,
    "BW_RAMP": 1,
    "BARRIER_WEIGHT": 100,
    "TUNNEL_WIDTH": 0.4,
    "TUNNEL_WIDTH_GATE": 0.15,
    "NARROW_DIST": 0.7,
    "GATE_FLAT_DIST": 0.1,
    "Q_OMEGA": 0,
    "R_VTHETA": 1.0,
    "REG_THRUST": 0.0001,
    "REG_INPUTS": 0.09
  },
  "box_lims": {
    "vtheta_max": 1.0,
    "dvtheta_max": 1.0
  }
}
2025-06-30 18:37:01,524 | ERROR   | Solver failed | status=2 | SQP it=1000 | KKT=6.20e-08 | t=0.276s
2025-06-30 18:37:01,525 | ERROR   | Dump saved → debug_logs/fail/tick0014.json
2025-06-30 18:37:10,471 | INFO    | ===== INITIAL STATE DUMP =====
2025-06-30 18:37:10,471 | DEBUG   | {
  "xcurrent": [
    1.0049855709075928,
    1.534491777420044,
    0.08708272874355316,
    0.0,
    0.0,
    0.0
  ],
  "params": {
    "QC": 10,
    "QL": 40,
    "MU": 10,
    "DVTHETA_MAX": 1.0,
    "N": 20,
    "T_HORIZON": 0.7,
    "RAMP_TIME": 1.8,
    "BW_RAMP": 1,
    "BARRIER_WEIGHT": 100,
    "TUNNEL_WIDTH": 0.4,
    "TUNNEL_WIDTH_GATE": 0.15,
    "NARROW_DIST": 0.7,
    "GATE_FLAT_DIST": 0.1,
    "Q_OMEGA": 0,
    "R_VTHETA": 1.0,
    "REG_THRUST": 0.0001,
    "REG_INPUTS": 0.09
  },
  "box_lims": {
    "vtheta_max": 1.0,
    "dvtheta_max": 1.0
  }
}
2025-06-30 18:37:15,148 | ERROR   | Solver failed | status=2 | SQP it=1000 | KKT=4.77e-11 | t=0.460s
2025-06-30 18:37:15,149 | ERROR   | Dump saved → debug_logs/fail/tick0125.json
2025-06-30 18:37:15,638 | ERROR   | Solver failed | status=2 | SQP it=1000 | KKT=5.34e-11 | t=0.459s
2025-06-30 18:37:15,639 | ERROR   | Dump saved → debug_logs/fail/tick0126.json
2025-06-30 18:37:35,500 | INFO    | ===== INITIAL STATE DUMP =====
2025-06-30 18:37:35,500 | DEBUG   | {
  "xcurrent": [
    1.0639830827713013,
    1.5567517280578613,
    0.08799457550048828,
    0.0,
    0.0,
    0.0
  ],
  "params": {
    "QC": 10,
    "QL": 40,
    "MU": 10,
    "DVTHETA_MAX": 1.0,
    "N": 20,
    "T_HORIZON": 0.7,
    "RAMP_TIME": 1.8,
    "BW_RAMP": 1,
    "BARRIER_WEIGHT": 100,
    "TUNNEL_WIDTH": 0.4,
    "TUNNEL_WIDTH_GATE": 0.15,
    "NARROW_DIST": 0.7,
    "GATE_FLAT_DIST": 0.1,
    "Q_OMEGA": 0,
    "R_VTHETA": 1.0,
    "REG_THRUST": 0.0001,
    "REG_INPUTS": 0.09
  },
  "box_lims": {
    "vtheta_max": 1.0,
    "dvtheta_max": 1.0
  }
}
2025-06-30 18:37:52,385 | ERROR   | Solver failed | status=2 | SQP it=1000 | KKT=1.00e-07 | t=0.565s
2025-06-30 18:37:52,386 | ERROR   | Dump saved → debug_logs/fail/tick0552.json
2025-06-30 18:38:01,889 | INFO    | ===== INITIAL STATE DUMP =====
2025-06-30 18:38:01,889 | DEBUG   | {
  "xcurrent": [
    0.9874918460845947,
    1.4915764331817627,
    0.07558131217956543,
    0.0,
    0.0,
    0.0
  ],
  "params": {
    "QC": 10,
    "QL": 40,
    "MU": 10,
    "DVTHETA_MAX": 1.0,
    "N": 20,
    "T_HORIZON": 0.7,
    "RAMP_TIME": 1.8,
    "BW_RAMP": 1,
    "BARRIER_WEIGHT": 100,
    "TUNNEL_WIDTH": 0.4,
    "TUNNEL_WIDTH_GATE": 0.15,
    "NARROW_DIST": 0.7,
    "GATE_FLAT_DIST": 0.1,
    "Q_OMEGA": 0,
    "R_VTHETA": 1.0,
    "REG_THRUST": 0.0001,
    "REG_INPUTS": 0.09
  },
  "box_lims": {
    "vtheta_max": 1.0,
    "dvtheta_max": 1.0
  }
}
2025-06-30 18:38:07,841 | ERROR   | Solver failed | status=2 | SQP it=1000 | KKT=5.60e-11 | t=0.460s
2025-06-30 18:38:07,843 | ERROR   | Dump saved → debug_logs/fail/tick0183.json
2025-06-30 18:38:22,169 | ERROR   | Solver failed | status=2 | SQP it=1000 | KKT=9.85e-08 | t=0.465s
2025-06-30 18:38:22,169 | ERROR   | Dump saved → debug_logs/fail/tick0635.json
2025-06-30 18:38:27,020 | INFO    | ===== INITIAL STATE DUMP =====
2025-06-30 18:38:27,020 | DEBUG   | {
  "xcurrent": [
    0.9761490225791931,
    1.4452886581420898,
    0.07656988501548767,
    0.0,
    0.0,
    0.0
  ],
  "params": {
    "QC": 10,
    "QL": 40,
    "MU": 10,
    "DVTHETA_MAX": 1.0,
    "N": 20,
    "T_HORIZON": 0.7,
    "RAMP_TIME": 1.8,
    "BW_RAMP": 1,
    "BARRIER_WEIGHT": 100,
    "TUNNEL_WIDTH": 0.4,
    "TUNNEL_WIDTH_GATE": 0.15,
    "NARROW_DIST": 0.7,
    "GATE_FLAT_DIST": 0.1,
    "Q_OMEGA": 0,
    "R_VTHETA": 1.0,
    "REG_THRUST": 0.0001,
    "REG_INPUTS": 0.09
  },
  "box_lims": {
    "vtheta_max": 1.0,
    "dvtheta_max": 1.0
  }
}
2025-06-30 18:38:27,764 | ERROR   | Solver failed | status=2 | SQP it=1000 | KKT=5.41e-08 | t=0.742s
2025-06-30 18:38:27,764 | ERROR   | Dump saved → debug_logs/fail/tick0000.json
