2025-07-03 12:26:52,060 | INFO    | ===== INITIAL STATE DUMP =====
2025-07-03 12:26:52,060 | DEBUG   | {
  "xcurrent": [
    1.089695930480957,
    1.4088244438171387,
    0.08456537127494812,
    0.0,
    0.0,
    0.0
  ],
  "params": {
    "QC": 10,
    "QL": 40,
    "MU": 10,
    "DVTHETA_MAX": 1.0,
    "N": 20,
    "T_HORIZON": 0.7,
    "RAMP_TIME": 1.8,
    "BW_RAMP": 1,
    "BARRIER_WEIGHT": 100,
    "TUNNEL_WIDTH": 0.4,
    "TUNNEL_WIDTH_GATE": 0.15,
    "NARROW_DIST": 0.7,
    "GATE_FLAT_DIST": 0.1,
    "Q_OMEGA": 0,
    "R_VTHETA": 1.0,
    "REG_THRUST": 0.0001,
    "REG_INPUTS": 0.09
  },
  "box_lims": {
    "vtheta_max": 1.0,
    "dvtheta_max": 1.0
  }
}
2025-07-03 12:26:53,860 | ERROR   | Solver failed | status=2 | SQP it=1000 | KKT=6.20e-08 | t=0.272s
2025-07-03 12:26:53,861 | ERROR   | Dump saved → debug_logs/fail/tick0014.json
2025-07-03 12:27:09,045 | INFO    | ===== INITIAL STATE DUMP =====
2025-07-03 12:27:09,045 | DEBUG   | {
  "xcurrent": [
    1.0496498346328735,
    1.492522120475769,
    0.07982796430587769,
    0.0,
    0.0,
    0.0
  ],
  "params": {
    "QC": 10,
    "QL": 40,
    "MU": 10,
    "DVTHETA_MAX": 1.0,
    "N": 20,
    "T_HORIZON": 0.7,
    "RAMP_TIME": 1.8,
    "BW_RAMP": 1,
    "BARRIER_WEIGHT": 100,
    "TUNNEL_WIDTH": 0.4,
    "TUNNEL_WIDTH_GATE": 0.15,
    "NARROW_DIST": 0.7,
    "GATE_FLAT_DIST": 0.1,
    "Q_OMEGA": 0,
    "R_VTHETA": 1.0,
    "REG_THRUST": 0.0001,
    "REG_INPUTS": 0.09
  },
  "box_lims": {
    "vtheta_max": 1.0,
    "dvtheta_max": 1.0
  }
}
2025-07-03 12:27:19,904 | ERROR   | Solver failed | status=2 | SQP it=1000 | KKT=6.87e-11 | t=0.462s
2025-07-03 12:27:19,905 | ERROR   | Dump saved → debug_logs/fail/tick0116.json
2025-07-03 12:27:20,905 | ERROR   | Solver failed | status=2 | SQP it=1000 | KKT=9.87e-08 | t=0.459s
2025-07-03 12:27:20,906 | ERROR   | Dump saved → debug_logs/fail/tick0133.json
2025-07-03 12:27:23,294 | ERROR   | Solver failed | status=2 | SQP it=1000 | KKT=5.71e-11 | t=0.458s
2025-07-03 12:27:23,295 | ERROR   | Dump saved → debug_logs/fail/tick0194.json
2025-07-03 12:27:23,815 | ERROR   | Solver failed | status=2 | SQP it=1000 | KKT=5.91e-11 | t=0.462s
2025-07-03 12:27:23,816 | ERROR   | Dump saved → debug_logs/fail/tick0196.json
2025-07-03 12:27:47,032 | INFO    | ===== INITIAL STATE DUMP =====
2025-07-03 12:27:47,032 | DEBUG   | {
  "xcurrent": [
    0.9790511727333069,
    1.535434365272522,
    0.07626025378704071,
    0.0,
    0.0,
    0.0
  ],
  "params": {
    "QC": 10,
    "QL": 40,
    "MU": 10,
    "DVTHETA_MAX": 1.0,
    "N": 20,
    "T_HORIZON": 0.7,
    "RAMP_TIME": 1.8,
    "BW_RAMP": 1,
    "BARRIER_WEIGHT": 100,
    "TUNNEL_WIDTH": 0.4,
    "TUNNEL_WIDTH_GATE": 0.15,
    "NARROW_DIST": 0.7,
    "GATE_FLAT_DIST": 0.1,
    "Q_OMEGA": 0,
    "R_VTHETA": 1.0,
    "REG_THRUST": 0.0001,
    "REG_INPUTS": 0.09
  },
  "box_lims": {
    "vtheta_max": 1.0,
    "dvtheta_max": 1.0
  }
}
2025-07-03 12:28:11,073 | INFO    | ===== INITIAL STATE DUMP =====
2025-07-03 12:28:11,073 | DEBUG   | {
  "xcurrent": [
    0.91181880235672,
    1.5764175653457642,
    0.08509495854377747,
    0.0,
    0.0,
    0.0
  ],
  "params": {
    "QC": 10,
    "QL": 40,
    "MU": 10,
    "DVTHETA_MAX": 1.0,
    "N": 20,
    "T_HORIZON": 0.7,
    "RAMP_TIME": 1.8,
    "BW_RAMP": 1,
    "BARRIER_WEIGHT": 100,
    "TUNNEL_WIDTH": 0.4,
    "TUNNEL_WIDTH_GATE": 0.15,
    "NARROW_DIST": 0.7,
    "GATE_FLAT_DIST": 0.1,
    "Q_OMEGA": 0,
    "R_VTHETA": 1.0,
    "REG_THRUST": 0.0001,
    "REG_INPUTS": 0.09
  },
  "box_lims": {
    "vtheta_max": 1.0,
    "dvtheta_max": 1.0
  }
}
2025-07-03 12:28:25,819 | ERROR   | Solver failed | status=2 | SQP it=1000 | KKT=1.81e-11 | t=0.459s
2025-07-03 12:28:25,820 | ERROR   | Dump saved → debug_logs/fail/tick0429.json
2025-07-03 12:28:36,787 | INFO    | ===== INITIAL STATE DUMP =====
2025-07-03 12:28:36,787 | DEBUG   | {
  "xcurrent": [
    0.9731327295303345,
    1.5093873739242554,
    0.08048039674758911,
    0.0,
    0.0,
    0.0
  ],
  "params": {
    "QC": 10,
    "QL": 40,
    "MU": 10,
    "DVTHETA_MAX": 1.0,
    "N": 20,
    "T_HORIZON": 0.7,
    "RAMP_TIME": 1.8,
    "BW_RAMP": 1,
    "BARRIER_WEIGHT": 100,
    "TUNNEL_WIDTH": 0.4,
    "TUNNEL_WIDTH_GATE": 0.15,
    "NARROW_DIST": 0.7,
    "GATE_FLAT_DIST": 0.1,
    "Q_OMEGA": 0,
    "R_VTHETA": 1.0,
    "REG_THRUST": 0.0001,
    "REG_INPUTS": 0.09
  },
  "box_lims": {
    "vtheta_max": 1.0,
    "dvtheta_max": 1.0
  }
}
2025-07-03 12:28:46,853 | ERROR   | Solver failed | status=2 | SQP it=1000 | KKT=5.73e-11 | t=0.460s
2025-07-03 12:28:46,855 | ERROR   | Dump saved → debug_logs/fail/tick0185.json
2025-07-03 12:28:55,074 | ERROR   | Solver failed | status=2 | SQP it=1000 | KKT=7.17e-11 | t=0.464s
2025-07-03 12:28:55,075 | ERROR   | Dump saved → debug_logs/fail/tick0420.json
2025-07-03 12:29:01,585 | ERROR   | Solver failed | status=2 | SQP it=1000 | KKT=9.83e-08 | t=0.517s
2025-07-03 12:29:01,586 | ERROR   | Dump saved → debug_logs/fail/tick0600.json
2025-07-03 12:29:02,931 | ERROR   | Solver failed | status=2 | SQP it=1000 | KKT=1.10e-10 | t=0.465s
2025-07-03 12:29:02,932 | ERROR   | Dump saved → debug_logs/fail/tick0626.json
2025-07-03 12:29:07,436 | ERROR   | Solver failed | status=2 | SQP it=1000 | KKT=9.99e-08 | t=1.198s
2025-07-03 12:29:07,437 | ERROR   | Dump saved → debug_logs/fail/tick0722.json
2025-07-03 12:29:08,752 | ERROR   | Solver failed | status=2 | SQP it=1000 | KKT=3.42e-10 | t=1.273s
2025-07-03 12:29:08,753 | ERROR   | Dump saved → debug_logs/fail/tick0723.json
2025-07-03 12:29:10,019 | ERROR   | Solver failed | status=2 | SQP it=1000 | KKT=8.49e-09 | t=1.225s
2025-07-03 12:29:10,020 | ERROR   | Dump saved → debug_logs/fail/tick0724.json
2025-07-03 12:29:11,929 | ERROR   | Solver failed | status=2 | SQP it=1000 | KKT=3.82e-08 | t=1.271s
2025-07-03 12:29:11,930 | ERROR   | Dump saved → debug_logs/fail/tick0725.json
2025-07-03 12:29:13,191 | ERROR   | Solver failed | status=2 | SQP it=1000 | KKT=3.85e-10 | t=1.224s
2025-07-03 12:29:13,192 | ERROR   | Dump saved → debug_logs/fail/tick0726.json
2025-07-03 12:29:14,439 | ERROR   | Solver failed | status=2 | SQP it=1000 | KKT=1.21e-08 | t=1.210s
2025-07-03 12:29:14,440 | ERROR   | Dump saved → debug_logs/fail/tick0727.json
2025-07-03 12:29:15,660 | ERROR   | Solver failed | status=2 | SQP it=1000 | KKT=9.00e-08 | t=1.184s
2025-07-03 12:29:15,661 | ERROR   | Dump saved → debug_logs/fail/tick0728.json
2025-07-03 12:29:17,019 | ERROR   | Solver failed | status=2 | SQP it=1000 | KKT=1.34e-09 | t=0.579s
2025-07-03 12:29:17,020 | ERROR   | Dump saved → debug_logs/fail/tick0749.json
2025-07-03 12:29:18,460 | INFO    | ===== INITIAL STATE DUMP =====
2025-07-03 12:29:18,460 | DEBUG   | {
  "xcurrent": [
    0.9102271795272827,
    1.4640514850616455,
    0.07463246583938599,
    0.0,
    0.0,
    0.0
  ],
  "params": {
    "QC": 10,
    "QL": 40,
    "MU": 10,
    "DVTHETA_MAX": 1.0,
    "N": 20,
    "T_HORIZON": 0.7,
    "RAMP_TIME": 1.8,
    "BW_RAMP": 1,
    "BARRIER_WEIGHT": 100,
    "TUNNEL_WIDTH": 0.4,
    "TUNNEL_WIDTH_GATE": 0.15,
    "NARROW_DIST": 0.7,
    "GATE_FLAT_DIST": 0.1,
    "Q_OMEGA": 0,
    "R_VTHETA": 1.0,
    "REG_THRUST": 0.0001,
    "REG_INPUTS": 0.09
  },
  "box_lims": {
    "vtheta_max": 1.0,
    "dvtheta_max": 1.0
  }
}
2025-07-03 12:29:19,218 | ERROR   | Solver failed | status=2 | SQP it=1000 | KKT=1.99e-08 | t=0.754s
2025-07-03 12:29:19,219 | ERROR   | Dump saved → debug_logs/fail/tick0000.json
