2025-06-28 18:10:43,884 | INFO    | ===== INITIAL STATE DUMP =====
2025-06-28 18:10:43,885 | DEBUG   | {
  "xcurrent": [
    1.089695930480957,
    1.4088244438171387,
    0.08456537127494812,
    0.0,
    0.0,
    0.0
  ],
  "params": {
    "QC": 10,
    "QC_GATE": 50,
    "QL": 40,
    "MU": 10,
    "DVTHETA_MAX": 1.4,
    "N": 20,
    "T_HORIZON": 0.9,
    "RAMP_TIME": 0.5,
    "BARRIER_WEIGHT": 10,
    "OBSTACLE_WEIGHT": [
      50,
      200,
      100,
      30
    ],
    "OBSTACLE_RADIUS": 0.2,
    "TUNNEL_WIDTH": 0.4,
    "TUNNEL_WIDTH_GATE": 0.2,
    "NARROW_DIST": 0.5,
    "GATE_FLAT_DIST": 0.3,
    "Q_OMEGA": 2,
    "R_VTHETA": 1.0,
    "REG_THRUST": 0.008,
    "REG_INPUTS": 0.05
  },
  "box_lims": {
    "vtheta_max": 1.4,
    "dvtheta_max": 1.4
  }
}
2025-06-28 18:10:51,013 | ERROR   | Solver failed | status=4 | SQP it=146 | KKT=2.93e-10 | t=0.285s
2025-06-28 18:10:51,014 | ERROR   | Dump saved → debug_logs/fail/tick0105.json
2025-06-28 18:10:51,048 | ERROR   | Solver failed | status=4 | SQP it=1 | KKT=1.74e+02 | t=0.003s
2025-06-28 18:10:51,048 | ERROR   | Dump saved → debug_logs/fail/tick0106.json
2025-06-28 18:10:51,073 | ERROR   | Solver failed | status=4 | SQP it=1 | KKT=1.74e+02 | t=0.001s
2025-06-28 18:10:51,074 | ERROR   | Dump saved → debug_logs/fail/tick0107.json
2025-06-28 18:10:51,128 | ERROR   | Solver failed | status=4 | SQP it=1 | KKT=1.74e+02 | t=0.030s
2025-06-28 18:10:51,129 | ERROR   | Dump saved → debug_logs/fail/tick0108.json
2025-06-28 18:10:51,157 | ERROR   | Solver failed | status=4 | SQP it=1 | KKT=1.74e+02 | t=0.003s
2025-06-28 18:10:51,158 | ERROR   | Dump saved → debug_logs/fail/tick0109.json
2025-06-28 18:10:51,187 | ERROR   | Solver failed | status=4 | SQP it=1 | KKT=1.74e+02 | t=0.003s
2025-06-28 18:10:51,187 | ERROR   | Dump saved → debug_logs/fail/tick0110.json
2025-06-28 18:11:01,675 | INFO    | ===== INITIAL STATE DUMP =====
2025-06-28 18:11:01,675 | DEBUG   | {
  "xcurrent": [
    0.9612171053886414,
    1.497869849205017,
    0.0751100480556488,
    0.0,
    0.0,
    0.0
  ],
  "params": {
    "QC": 10,
    "QC_GATE": 50,
    "QL": 40,
    "MU": 10,
    "DVTHETA_MAX": 1.4,
    "N": 20,
    "T_HORIZON": 0.9,
    "RAMP_TIME": 0.5,
    "BARRIER_WEIGHT": 10,
    "OBSTACLE_WEIGHT": [
      50,
      200,
      100,
      30
    ],
    "OBSTACLE_RADIUS": 0.2,
    "TUNNEL_WIDTH": 0.4,
    "TUNNEL_WIDTH_GATE": 0.2,
    "NARROW_DIST": 0.5,
    "GATE_FLAT_DIST": 0.3,
    "Q_OMEGA": 2,
    "R_VTHETA": 1.0,
    "REG_THRUST": 0.008,
    "REG_INPUTS": 0.05
  },
  "box_lims": {
    "vtheta_max": 1.4,
    "dvtheta_max": 1.4
  }
}
2025-06-28 18:11:14,652 | INFO    | ===== INITIAL STATE DUMP =====
2025-06-28 18:11:14,652 | DEBUG   | {
  "xcurrent": [
    0.9925042390823364,
    1.4145947694778442,
    0.08769924938678741,
    0.0,
    0.0,
    0.0
  ],
  "params": {
    "QC": 10,
    "QC_GATE": 50,
    "QL": 40,
    "MU": 10,
    "DVTHETA_MAX": 1.4,
    "N": 20,
    "T_HORIZON": 0.9,
    "RAMP_TIME": 0.5,
    "BARRIER_WEIGHT": 10,
    "OBSTACLE_WEIGHT": [
      50,
      200,
      100,
      30
    ],
    "OBSTACLE_RADIUS": 0.2,
    "TUNNEL_WIDTH": 0.4,
    "TUNNEL_WIDTH_GATE": 0.2,
    "NARROW_DIST": 0.5,
    "GATE_FLAT_DIST": 0.3,
    "Q_OMEGA": 2,
    "R_VTHETA": 1.0,
    "REG_THRUST": 0.008,
    "REG_INPUTS": 0.05
  },
  "box_lims": {
    "vtheta_max": 1.4,
    "dvtheta_max": 1.4
  }
}
2025-06-28 18:11:18,210 | ERROR   | Solver failed | status=4 | SQP it=90 | KKT=1.00e-12 | t=0.081s
2025-06-28 18:11:18,212 | ERROR   | Dump saved → debug_logs/fail/tick0113.json
2025-06-28 18:11:18,242 | ERROR   | Solver failed | status=4 | SQP it=1 | KKT=2.53e+02 | t=0.001s
2025-06-28 18:11:18,243 | ERROR   | Dump saved → debug_logs/fail/tick0114.json
2025-06-28 18:11:18,269 | ERROR   | Solver failed | status=4 | SQP it=1 | KKT=2.53e+02 | t=0.001s
2025-06-28 18:11:18,270 | ERROR   | Dump saved → debug_logs/fail/tick0115.json
2025-06-28 18:11:18,322 | ERROR   | Solver failed | status=4 | SQP it=23 | KKT=6.01e-08 | t=0.024s
2025-06-28 18:11:18,323 | ERROR   | Dump saved → debug_logs/fail/tick0116.json
2025-06-28 18:11:18,354 | ERROR   | Solver failed | status=4 | SQP it=1 | KKT=2.64e+02 | t=0.003s
2025-06-28 18:11:18,355 | ERROR   | Dump saved → debug_logs/fail/tick0117.json
2025-06-28 18:11:18,385 | ERROR   | Solver failed | status=4 | SQP it=1 | KKT=2.64e+02 | t=0.002s
2025-06-28 18:11:18,386 | ERROR   | Dump saved → debug_logs/fail/tick0118.json
2025-06-28 18:11:18,418 | ERROR   | Solver failed | status=4 | SQP it=1 | KKT=2.64e+02 | t=0.003s
2025-06-28 18:11:18,418 | ERROR   | Dump saved → debug_logs/fail/tick0119.json
2025-06-28 18:11:28,487 | INFO    | ===== INITIAL STATE DUMP =====
2025-06-28 18:11:28,487 | DEBUG   | {
  "xcurrent": [
    0.9976782202720642,
    1.4002238512039185,
    0.07109983265399933,
    0.0,
    0.0,
    0.0
  ],
  "params": {
    "QC": 10,
    "QC_GATE": 50,
    "QL": 40,
    "MU": 10,
    "DVTHETA_MAX": 1.4,
    "N": 20,
    "T_HORIZON": 0.9,
    "RAMP_TIME": 0.5,
    "BARRIER_WEIGHT": 10,
    "OBSTACLE_WEIGHT": [
      50,
      200,
      100,
      30
    ],
    "OBSTACLE_RADIUS": 0.2,
    "TUNNEL_WIDTH": 0.4,
    "TUNNEL_WIDTH_GATE": 0.2,
    "NARROW_DIST": 0.5,
    "GATE_FLAT_DIST": 0.3,
    "Q_OMEGA": 2,
    "R_VTHETA": 1.0,
    "REG_THRUST": 0.008,
    "REG_INPUTS": 0.05
  },
  "box_lims": {
    "vtheta_max": 1.4,
    "dvtheta_max": 1.4
  }
}
