2025-06-25 14:20:30,779 | INFO    | ===== INITIAL STATE DUMP =====
2025-06-25 14:20:30,779 | DEBUG   | {
  "xcurrent": [
    1.089695930480957,
    1.4088244438171387,
    0.08456537127494812,
    0.0,
    0.0,
    0.0
  ],
  "params": {
    "QC": 10,
    "QC_GATE": 50,
    "QL": 40,
    "MU": 10,
    "DVTHETA_MAX": 1.7,
    "N": 15,
    "T_HORIZON": 0.8,
    "RAMP_TIME": 1.8,
    "BARRIER_WEIGHT": 10,
    "TUNNEL_WIDTH": 0.5,
    "TUNNEL_WIDTH_GATE": 0.15,
    "NARROW_DIST": 0.7,
    "GATE_FLAT_DIST": 0.2,
    "Q_OMEGA": 2,
    "R_VTHETA": 1.0,
    "IN_GATE_RAMP_TIME": 0.3,
    "OUT_GATE_RAMP_TIME": 0.5
  },
  "box_lims": {
    "vtheta_max": 1.7,
    "dvtheta_max": 1.7
  }
}
2025-06-25 14:20:51,500 | ERROR   | Solver failed | status=4 | SQP it=896 | KKT=3.17e-08 | t=0.593s
2025-06-25 14:20:51,501 | ERROR   | Dump saved → debug_logs/fail/tick0311.json
2025-06-25 14:20:51,528 | ERROR   | Solver failed | status=4 | SQP it=1 | KKT=8.59e+02 | t=0.002s
2025-06-25 14:20:51,529 | ERROR   | Dump saved → debug_logs/fail/tick0312.json
2025-06-25 14:20:51,551 | ERROR   | Solver failed | status=4 | SQP it=1 | KKT=8.59e+02 | t=0.002s
2025-06-25 14:20:51,552 | ERROR   | Dump saved → debug_logs/fail/tick0313.json
2025-06-25 14:20:51,574 | ERROR   | Solver failed | status=4 | SQP it=1 | KKT=8.59e+02 | t=0.002s
2025-06-25 14:20:51,575 | ERROR   | Dump saved → debug_logs/fail/tick0314.json
2025-06-25 14:20:51,599 | ERROR   | Solver failed | status=4 | SQP it=1 | KKT=8.59e+02 | t=0.002s
2025-06-25 14:20:51,599 | ERROR   | Dump saved → debug_logs/fail/tick0315.json
2025-06-25 14:20:53,205 | INFO    | ===== INITIAL STATE DUMP =====
2025-06-25 14:20:53,206 | DEBUG   | {
  "xcurrent": [
    1.0505876541137695,
    1.5901734828948975,
    0.07210198044776917,
    0.0,
    0.0,
    0.0
  ],
  "params": {
    "QC": 10,
    "QC_GATE": 50,
    "QL": 40,
    "MU": 10,
    "DVTHETA_MAX": 1.7,
    "N": 15,
    "T_HORIZON": 0.8,
    "RAMP_TIME": 1.8,
    "BARRIER_WEIGHT": 10,
    "TUNNEL_WIDTH": 0.5,
    "TUNNEL_WIDTH_GATE": 0.15,
    "NARROW_DIST": 0.7,
    "GATE_FLAT_DIST": 0.2,
    "Q_OMEGA": 2,
    "R_VTHETA": 1.0,
    "IN_GATE_RAMP_TIME": 0.3,
    "OUT_GATE_RAMP_TIME": 0.5
  },
  "box_lims": {
    "vtheta_max": 1.7,
    "dvtheta_max": 1.7
  }
}
2025-06-25 14:20:57,182 | INFO    | ===== INITIAL STATE DUMP =====
2025-06-25 14:20:57,182 | DEBUG   | {
  "xcurrent": [
    0.92941814661026,
    1.5098193883895874,
    0.07628019154071808,
    0.0,
    0.0,
    0.0
  ],
  "params": {
    "QC": 10,
    "QC_GATE": 50,
    "QL": 40,
    "MU": 10,
    "DVTHETA_MAX": 1.7,
    "N": 15,
    "T_HORIZON": 0.8,
    "RAMP_TIME": 1.8,
    "BARRIER_WEIGHT": 10,
    "TUNNEL_WIDTH": 0.5,
    "TUNNEL_WIDTH_GATE": 0.15,
    "NARROW_DIST": 0.7,
    "GATE_FLAT_DIST": 0.2,
    "Q_OMEGA": 2,
    "R_VTHETA": 1.0,
    "IN_GATE_RAMP_TIME": 0.3,
    "OUT_GATE_RAMP_TIME": 0.5
  },
  "box_lims": {
    "vtheta_max": 1.7,
    "dvtheta_max": 1.7
  }
}
