2025-06-28 17:37:17,849 | INFO    | ===== INITIAL STATE DUMP =====
2025-06-28 17:37:17,850 | DEBUG   | {
  "xcurrent": [
    1.089695930480957,
    1.4088244438171387,
    0.08456537127494812,
    0.0,
    0.0,
    0.0
  ],
  "params": {
    "QC": 10,
    "QC_GATE": 50,
    "QL": 40,
    "MU": 10,
    "DVTHETA_MAX": 1.6,
    "N": 25,
    "T_HORIZON": 0.8,
    "RAMP_TIME": 0.4,
    "BARRIER_WEIGHT": 10,
    "OBSTACLE_WEIGHT": [
      30,
      150,
      80,
      20
    ],
    "OBSTACLE_RADIUS": 0.2,
    "TUNNEL_WIDTH": 0.4,
    "TUNNEL_WIDTH_GATE": 0.3,
    "NARROW_DIST": 0.5,
    "GATE_FLAT_DIST": 0.3,
    "Q_OMEGA": 2,
    "R_VTHETA": 1.0,
    "REG_THRUST": 0.01,
    "REG_INPUTS": 0.005
  },
  "box_lims": {
    "vtheta_max": 1.6,
    "dvtheta_max": 1.6
  }
}
2025-06-28 17:37:19,523 | ERROR   | Solver failed | status=2 | SQP it=1000 | KKT=9.35e-08 | t=0.418s
2025-06-28 17:37:19,524 | ERROR   | Dump saved → debug_logs/fail/tick0003.json
2025-06-28 17:37:39,652 | ERROR   | Solver failed | status=2 | SQP it=1000 | KKT=1.69e-08 | t=0.725s
2025-06-28 17:37:39,653 | ERROR   | Dump saved → debug_logs/fail/tick0262.json
2025-06-28 17:37:40,542 | ERROR   | Solver failed | status=2 | SQP it=1000 | KKT=9.89e-14 | t=0.859s
2025-06-28 17:37:40,543 | ERROR   | Dump saved → debug_logs/fail/tick0263.json
2025-06-28 17:37:41,485 | ERROR   | Solver failed | status=2 | SQP it=1000 | KKT=2.87e-08 | t=0.912s
2025-06-28 17:37:41,485 | ERROR   | Dump saved → debug_logs/fail/tick0264.json
2025-06-28 17:37:42,505 | ERROR   | Solver failed | status=2 | SQP it=1000 | KKT=7.11e-08 | t=0.990s
2025-06-28 17:37:42,506 | ERROR   | Dump saved → debug_logs/fail/tick0265.json
