2025-06-28 19:41:41,459 | INFO    | ===== INITIAL STATE DUMP =====
2025-06-28 19:41:41,460 | DEBUG   | {
  "xcurrent": [
    1.089695930480957,
    1.4088244438171387,
    0.08456537127494812,
    0.0,
    0.0,
    0.0
  ],
  "params": {
    "QC": 10,
    "QC_GATE": 50,
    "QL": 40,
    "MU": 10,
    "DVTHETA_MAX": 1.6,
    "N": 20,
    "T_HORIZON": 0.7,
    "RAMP_TIME": 0.7,
    "BARRIER_WEIGHT": 10,
    "OBSTACLE_WEIGHT": [
      5,
      10,
      10,
      10
    ],
    "OBSTACLE_RADIUS": 0.15,
    "TUNNEL_WIDTH": 0.4,
    "TUNNEL_WIDTH_GATE": 0.15,
    "NARROW_DIST": 0.6,
    "GATE_FLAT_DIST": 0.45,
    "Q_OMEGA": 2,
    "R_VTHETA": 1.0,
    "REG_THRUST": 0.05,
    "REG_INPUTS": 0.8
  },
  "box_lims": {
    "vtheta_max": 1.6,
    "dvtheta_max": 1.6
  }
}
2025-06-28 19:41:51,602 | ERROR   | Solver failed | status=4 | SQP it=2 | KKT=1.12e+01 | t=0.009s
2025-06-28 19:41:51,603 | ERROR   | Dump saved → debug_logs/fail/tick0114.json
2025-06-28 19:41:51,633 | ERROR   | Solver failed | status=4 | SQP it=1 | KKT=4.87e+00 | t=0.003s
2025-06-28 19:41:51,634 | ERROR   | Dump saved → debug_logs/fail/tick0115.json
2025-06-28 19:41:51,662 | ERROR   | Solver failed | status=4 | SQP it=1 | KKT=4.87e+00 | t=0.004s
2025-06-28 19:41:51,663 | ERROR   | Dump saved → debug_logs/fail/tick0116.json
2025-06-28 19:41:51,687 | ERROR   | Solver failed | status=4 | SQP it=1 | KKT=4.85e+00 | t=0.001s
2025-06-28 19:41:51,688 | ERROR   | Dump saved → debug_logs/fail/tick0117.json
2025-06-28 19:41:51,712 | ERROR   | Solver failed | status=4 | SQP it=1 | KKT=4.85e+00 | t=0.001s
2025-06-28 19:41:51,712 | ERROR   | Dump saved → debug_logs/fail/tick0118.json
2025-06-28 19:41:51,736 | ERROR   | Solver failed | status=4 | SQP it=1 | KKT=4.85e+00 | t=0.001s
2025-06-28 19:41:51,736 | ERROR   | Dump saved → debug_logs/fail/tick0119.json
2025-06-28 19:41:51,764 | ERROR   | Solver failed | status=4 | SQP it=1 | KKT=4.80e+00 | t=0.001s
2025-06-28 19:41:51,764 | ERROR   | Dump saved → debug_logs/fail/tick0120.json
2025-06-28 19:41:52,347 | ERROR   | Solver failed | status=4 | SQP it=4 | KKT=4.12e-15 | t=0.009s
2025-06-28 19:41:52,348 | ERROR   | Dump saved → debug_logs/fail/tick0121.json
2025-06-28 19:41:52,387 | ERROR   | Solver failed | status=4 | SQP it=1 | KKT=9.29e+00 | t=0.001s
2025-06-28 19:41:52,389 | ERROR   | Dump saved → debug_logs/fail/tick0122.json
2025-06-28 19:41:52,421 | ERROR   | Solver failed | status=4 | SQP it=1 | KKT=9.38e+00 | t=0.001s
2025-06-28 19:41:52,421 | ERROR   | Dump saved → debug_logs/fail/tick0123.json
2025-06-28 19:41:52,451 | ERROR   | Solver failed | status=4 | SQP it=1 | KKT=9.91e+00 | t=0.001s
2025-06-28 19:41:52,452 | ERROR   | Dump saved → debug_logs/fail/tick0124.json
2025-06-28 19:41:59,163 | INFO    | ===== INITIAL STATE DUMP =====
2025-06-28 19:41:59,164 | DEBUG   | {
  "xcurrent": [
    1.0869777202606201,
    1.4610648155212402,
    0.08122343569993973,
    0.0,
    0.0,
    0.0
  ],
  "params": {
    "QC": 10,
    "QC_GATE": 50,
    "QL": 40,
    "MU": 10,
    "DVTHETA_MAX": 1.6,
    "N": 20,
    "T_HORIZON": 0.7,
    "RAMP_TIME": 0.7,
    "BARRIER_WEIGHT": 10,
    "OBSTACLE_WEIGHT": [
      5,
      10,
      10,
      10
    ],
    "OBSTACLE_RADIUS": 0.15,
    "TUNNEL_WIDTH": 0.4,
    "TUNNEL_WIDTH_GATE": 0.15,
    "NARROW_DIST": 0.6,
    "GATE_FLAT_DIST": 0.45,
    "Q_OMEGA": 2,
    "R_VTHETA": 1.0,
    "REG_THRUST": 0.05,
    "REG_INPUTS": 0.8
  },
  "box_lims": {
    "vtheta_max": 1.6,
    "dvtheta_max": 1.6
  }
}
2025-06-28 19:42:07,530 | INFO    | ===== INITIAL STATE DUMP =====
2025-06-28 19:42:07,530 | DEBUG   | {
  "xcurrent": [
    0.9185207486152649,
    1.5193489789962769,
    0.07354234158992767,
    0.0,
    0.0,
    0.0
  ],
  "params": {
    "QC": 10,
    "QC_GATE": 50,
    "QL": 40,
    "MU": 10,
    "DVTHETA_MAX": 1.6,
    "N": 20,
    "T_HORIZON": 0.7,
    "RAMP_TIME": 0.7,
    "BARRIER_WEIGHT": 10,
    "OBSTACLE_WEIGHT": [
      5,
      10,
      10,
      10
    ],
    "OBSTACLE_RADIUS": 0.15,
    "TUNNEL_WIDTH": 0.4,
    "TUNNEL_WIDTH_GATE": 0.15,
    "NARROW_DIST": 0.6,
    "GATE_FLAT_DIST": 0.45,
    "Q_OMEGA": 2,
    "R_VTHETA": 1.0,
    "REG_THRUST": 0.05,
    "REG_INPUTS": 0.8
  },
  "box_lims": {
    "vtheta_max": 1.6,
    "dvtheta_max": 1.6
  }
}
