2025-06-08 22:16:07,553 | INFO    | ===== INITIAL STATE DUMP =====
2025-06-08 22:16:07,553 | DEBUG   | {
  "xcurrent": [
    1.089695930480957,
    1.4088244438171387,
    0.08456537127494812,
    0.0,
    0.0,
    0.0
  ],
  "params": {
    "QC": 10,
    "QL": 80,
    "MU": 10,
    "DVTHETA_MAX": 1.0,
    "N": 20,
    "T_HORIZON": 1.5,
    "RAMP_TIME": 1.8,
    "BARRIER_WEIGHT": 10,
    "TUNNEL_WIDTH": 0.5,
    "TUNNEL_WIDTH_GATE": 0.2,
    "Q_OMEGA": 2,
    "R_VTHETA": 1.0,
    "IN_GATE_RAMP_TIME": 0.4,
    "OUT_GATE_RAMP_TIME": 3
  },
  "box_lims": {
    "vtheta_max": 1.0,
    "dvtheta_max": 1.0
  }
}
2025-06-08 22:16:20,699 | ERROR   | Solver failed | status=1 | SQP it=5 | KKT=0.00e+00 | t=0.005s
2025-06-08 22:16:20,701 | ERROR   | Dump saved → debug_logs/fail/tick0068.json
2025-06-08 22:16:22,268 | ERROR   | Solver failed | status=1 | SQP it=0 | KKT=nan | t=0.001s
2025-06-08 22:16:22,270 | ERROR   | Dump saved → debug_logs/fail/tick0069.json
2025-06-08 22:16:22,316 | ERROR   | Solver failed | status=1 | SQP it=0 | KKT=nan | t=0.000s
2025-06-08 22:16:22,318 | ERROR   | Dump saved → debug_logs/fail/tick0070.json
2025-06-08 22:16:22,348 | ERROR   | Solver failed | status=1 | SQP it=0 | KKT=nan | t=0.000s
2025-06-08 22:16:22,349 | ERROR   | Dump saved → debug_logs/fail/tick0071.json
2025-06-08 22:16:22,377 | ERROR   | Solver failed | status=1 | SQP it=0 | KKT=nan | t=0.000s
2025-06-08 22:16:22,377 | ERROR   | Dump saved → debug_logs/fail/tick0072.json
2025-06-08 22:16:22,406 | ERROR   | Solver failed | status=1 | SQP it=0 | KKT=nan | t=0.000s
2025-06-08 22:16:22,407 | ERROR   | Dump saved → debug_logs/fail/tick0073.json
2025-06-08 22:16:22,438 | ERROR   | Solver failed | status=1 | SQP it=0 | KKT=nan | t=0.000s
2025-06-08 22:16:22,439 | ERROR   | Dump saved → debug_logs/fail/tick0074.json
2025-06-08 22:16:22,473 | ERROR   | Solver failed | status=1 | SQP it=0 | KKT=nan | t=0.000s
2025-06-08 22:16:22,474 | ERROR   | Dump saved → debug_logs/fail/tick0075.json
2025-06-08 22:16:22,504 | ERROR   | Solver failed | status=1 | SQP it=0 | KKT=nan | t=0.000s
2025-06-08 22:16:22,505 | ERROR   | Dump saved → debug_logs/fail/tick0076.json
2025-06-08 22:16:23,456 | ERROR   | Solver failed | status=1 | SQP it=0 | KKT=nan | t=0.000s
2025-06-08 22:16:23,458 | ERROR   | Dump saved → debug_logs/fail/tick0077.json
2025-06-08 22:16:23,506 | ERROR   | Solver failed | status=1 | SQP it=0 | KKT=nan | t=0.000s
2025-06-08 22:16:23,507 | ERROR   | Dump saved → debug_logs/fail/tick0078.json
2025-06-08 22:16:23,545 | ERROR   | Solver failed | status=1 | SQP it=0 | KKT=nan | t=0.000s
2025-06-08 22:16:23,546 | ERROR   | Dump saved → debug_logs/fail/tick0079.json
2025-06-08 22:16:23,575 | ERROR   | Solver failed | status=1 | SQP it=0 | KKT=nan | t=0.000s
2025-06-08 22:16:23,576 | ERROR   | Dump saved → debug_logs/fail/tick0080.json
2025-06-08 22:16:23,605 | ERROR   | Solver failed | status=1 | SQP it=0 | KKT=nan | t=0.000s
2025-06-08 22:16:23,606 | ERROR   | Dump saved → debug_logs/fail/tick0081.json
2025-06-08 22:16:23,637 | ERROR   | Solver failed | status=1 | SQP it=0 | KKT=nan | t=0.000s
2025-06-08 22:16:23,638 | ERROR   | Dump saved → debug_logs/fail/tick0082.json
2025-06-08 22:16:23,667 | ERROR   | Solver failed | status=1 | SQP it=0 | KKT=nan | t=0.000s
2025-06-08 22:16:23,668 | ERROR   | Dump saved → debug_logs/fail/tick0083.json
2025-06-08 22:16:24,756 | ERROR   | Solver failed | status=1 | SQP it=0 | KKT=nan | t=0.000s
2025-06-08 22:16:24,758 | ERROR   | Dump saved → debug_logs/fail/tick0084.json
2025-06-08 22:16:24,800 | ERROR   | Solver failed | status=1 | SQP it=0 | KKT=nan | t=0.000s
2025-06-08 22:16:24,801 | ERROR   | Dump saved → debug_logs/fail/tick0085.json
2025-06-08 22:16:24,831 | ERROR   | Solver failed | status=1 | SQP it=0 | KKT=nan | t=0.000s
2025-06-08 22:16:24,832 | ERROR   | Dump saved → debug_logs/fail/tick0086.json
2025-06-08 22:16:24,861 | ERROR   | Solver failed | status=1 | SQP it=0 | KKT=nan | t=0.000s
2025-06-08 22:16:24,862 | ERROR   | Dump saved → debug_logs/fail/tick0087.json
2025-06-08 22:16:24,887 | ERROR   | Solver failed | status=1 | SQP it=0 | KKT=nan | t=0.000s
2025-06-08 22:16:24,888 | ERROR   | Dump saved → debug_logs/fail/tick0088.json
2025-06-08 22:16:24,914 | ERROR   | Solver failed | status=1 | SQP it=0 | KKT=nan | t=0.000s
2025-06-08 22:16:24,915 | ERROR   | Dump saved → debug_logs/fail/tick0089.json
2025-06-08 22:16:24,940 | ERROR   | Solver failed | status=1 | SQP it=0 | KKT=nan | t=0.000s
2025-06-08 22:16:24,941 | ERROR   | Dump saved → debug_logs/fail/tick0090.json
2025-06-08 22:16:24,967 | ERROR   | Solver failed | status=1 | SQP it=0 | KKT=nan | t=0.000s
2025-06-08 22:16:24,968 | ERROR   | Dump saved → debug_logs/fail/tick0091.json
2025-06-08 22:16:24,995 | ERROR   | Solver failed | status=1 | SQP it=0 | KKT=nan | t=0.000s
2025-06-08 22:16:24,996 | ERROR   | Dump saved → debug_logs/fail/tick0092.json
2025-06-08 22:16:25,021 | ERROR   | Solver failed | status=1 | SQP it=0 | KKT=nan | t=0.000s
2025-06-08 22:16:25,021 | ERROR   | Dump saved → debug_logs/fail/tick0093.json
2025-06-08 22:16:25,051 | ERROR   | Solver failed | status=1 | SQP it=0 | KKT=nan | t=0.000s
2025-06-08 22:16:25,055 | ERROR   | Dump saved → debug_logs/fail/tick0094.json
2025-06-08 22:16:25,879 | ERROR   | Solver failed | status=1 | SQP it=0 | KKT=nan | t=0.000s
2025-06-08 22:16:25,883 | ERROR   | Dump saved → debug_logs/fail/tick0095.json
2025-06-08 22:16:25,927 | ERROR   | Solver failed | status=1 | SQP it=0 | KKT=nan | t=0.000s
2025-06-08 22:16:25,929 | ERROR   | Dump saved → debug_logs/fail/tick0096.json
2025-06-08 22:16:25,962 | ERROR   | Solver failed | status=1 | SQP it=0 | KKT=nan | t=0.000s
2025-06-08 22:16:25,963 | ERROR   | Dump saved → debug_logs/fail/tick0097.json
2025-06-08 22:16:25,995 | ERROR   | Solver failed | status=1 | SQP it=0 | KKT=nan | t=0.000s
2025-06-08 22:16:25,996 | ERROR   | Dump saved → debug_logs/fail/tick0098.json
2025-06-08 22:16:26,027 | ERROR   | Solver failed | status=1 | SQP it=0 | KKT=nan | t=0.000s
2025-06-08 22:16:26,028 | ERROR   | Dump saved → debug_logs/fail/tick0099.json
2025-06-08 22:16:26,059 | ERROR   | Solver failed | status=1 | SQP it=0 | KKT=nan | t=0.000s
2025-06-08 22:16:26,060 | ERROR   | Dump saved → debug_logs/fail/tick0100.json
2025-06-08 22:16:26,095 | ERROR   | Solver failed | status=1 | SQP it=0 | KKT=nan | t=0.000s
2025-06-08 22:16:26,096 | ERROR   | Dump saved → debug_logs/fail/tick0101.json
2025-06-08 22:16:26,132 | ERROR   | Solver failed | status=1 | SQP it=0 | KKT=nan | t=0.000s
2025-06-08 22:16:26,133 | ERROR   | Dump saved → debug_logs/fail/tick0102.json
