2025-07-03 12:26:19,000 | INFO    | ===== INITIAL STATE DUMP =====
2025-07-03 12:26:19,001 | DEBUG   | {
  "xcurrent": [
    1.089695930480957,
    1.4088244438171387,
    0.08456537127494812,
    0.0,
    0.0,
    0.0
  ],
  "params": {
    "QC": 10,
    "QL": 40,
    "MU": 10,
    "DVTHETA_MAX": 1.0,
    "N": 20,
    "T_HORIZON": 0.7,
    "RAMP_TIME": 1.8,
    "BW_RAMP": 1,
    "BARRIER_WEIGHT": 100,
    "TUNNEL_WIDTH": 0.4,
    "TUNNEL_WIDTH_GATE": 0.15,
    "NARROW_DIST": 0.7,
    "GATE_FLAT_DIST": 0.1,
    "Q_OMEGA": 0,
    "R_VTHETA": 1.0,
    "REG_THRUST": 0.0001,
    "REG_INPUTS": 0.09
  },
  "box_lims": {
    "vtheta_max": 1.0,
    "dvtheta_max": 1.0
  }
}
2025-07-03 12:26:20,797 | ERROR   | Solver failed | status=2 | SQP it=1000 | KKT=6.20e-08 | t=0.274s
2025-07-03 12:26:20,798 | ERROR   | Dump saved → debug_logs/fail/tick0014.json
2025-07-03 12:26:38,140 | INFO    | ===== INITIAL STATE DUMP =====
2025-07-03 12:26:38,141 | DEBUG   | {
  "xcurrent": [
    0.9320768713951111,
    1.4925106763839722,
    0.0711633488535881,
    0.0,
    0.0,
    0.0
  ],
  "params": {
    "QC": 10,
    "QL": 40,
    "MU": 10,
    "DVTHETA_MAX": 1.0,
    "N": 20,
    "T_HORIZON": 0.7,
    "RAMP_TIME": 1.8,
    "BW_RAMP": 1,
    "BARRIER_WEIGHT": 100,
    "TUNNEL_WIDTH": 0.4,
    "TUNNEL_WIDTH_GATE": 0.15,
    "NARROW_DIST": 0.7,
    "GATE_FLAT_DIST": 0.1,
    "Q_OMEGA": 0,
    "R_VTHETA": 1.0,
    "REG_THRUST": 0.0001,
    "REG_INPUTS": 0.09
  },
  "box_lims": {
    "vtheta_max": 1.0,
    "dvtheta_max": 1.0
  }
}
2025-07-03 12:26:38,903 | ERROR   | Solver failed | status=2 | SQP it=1000 | KKT=1.64e-08 | t=0.759s
2025-07-03 12:26:38,903 | ERROR   | Dump saved → debug_logs/fail/tick0000.json
