2025-06-06 18:57:13,117 | INFO    | ===== INITIAL STATE DUMP =====
2025-06-06 18:57:13,118 | DEBUG   | {
  "xcurrent": [
    1.089695930480957,
    1.4088244438171387,
    0.08456537127494812,
    0.0,
    0.0,
    0.0
  ],
  "params": {
    "QC": 10,
    "QL": 80,
    "MU": 10,
    "DVTHETA_MAX": 2,
    "N": 20,
    "T_HORIZON": 1.5,
    "RAMP_TIME": 1.8,
    "BARRIER_WEIGHT": 10,
    "TUNNEL_WIDTH": 0.5,
    "TUNNEL_WIDTH_GATE": 0.2,
    "Q_OMEGA": 2,
    "R_VTHETA": 1.0,
    "IN_GATE_RAMP_TIME": 0.4,
    "OUT_GATE_RAMP_TIME": 3
  },
  "box_lims": {
    "vtheta_max": 2.0,
    "dvtheta_max": 2.0
  }
}
2025-06-06 18:57:24,337 | ERROR   | Solver failed | status=1 | SQP it=8 | KKT=4.32e-12 | t=0.011s
2025-06-06 18:57:24,338 | ERROR   | Dump saved → debug_logs/fail/tick0231.json
2025-06-06 18:57:24,366 | ERROR   | Solver failed | status=1 | SQP it=0 | KKT=nan | t=0.000s
2025-06-06 18:57:24,367 | ERROR   | Dump saved → debug_logs/fail/tick0232.json
2025-06-06 18:57:31,594 | ERROR   | Solver failed | status=1 | SQP it=0 | KKT=nan | t=0.001s
2025-06-06 18:57:31,596 | ERROR   | Dump saved → debug_logs/fail/tick0233.json
2025-06-06 18:57:31,638 | ERROR   | Solver failed | status=1 | SQP it=0 | KKT=nan | t=0.000s
2025-06-06 18:57:31,639 | ERROR   | Dump saved → debug_logs/fail/tick0234.json
2025-06-06 18:57:31,672 | ERROR   | Solver failed | status=1 | SQP it=0 | KKT=nan | t=0.000s
2025-06-06 18:57:31,673 | ERROR   | Dump saved → debug_logs/fail/tick0235.json
2025-06-06 18:57:31,703 | ERROR   | Solver failed | status=1 | SQP it=0 | KKT=nan | t=0.000s
2025-06-06 18:57:31,704 | ERROR   | Dump saved → debug_logs/fail/tick0236.json
2025-06-06 18:57:31,757 | ERROR   | Solver failed | status=1 | SQP it=0 | KKT=nan | t=0.000s
2025-06-06 18:57:31,758 | ERROR   | Dump saved → debug_logs/fail/tick0237.json
2025-06-06 18:57:33,188 | ERROR   | Solver failed | status=1 | SQP it=0 | KKT=nan | t=0.001s
2025-06-06 18:57:33,190 | ERROR   | Dump saved → debug_logs/fail/tick0238.json
2025-06-06 18:57:33,233 | ERROR   | Solver failed | status=1 | SQP it=0 | KKT=nan | t=0.000s
2025-06-06 18:57:33,234 | ERROR   | Dump saved → debug_logs/fail/tick0239.json
2025-06-06 18:57:33,264 | ERROR   | Solver failed | status=1 | SQP it=0 | KKT=nan | t=0.000s
2025-06-06 18:57:33,265 | ERROR   | Dump saved → debug_logs/fail/tick0240.json
2025-06-06 18:57:33,291 | ERROR   | Solver failed | status=1 | SQP it=0 | KKT=nan | t=0.000s
2025-06-06 18:57:33,292 | ERROR   | Dump saved → debug_logs/fail/tick0241.json
2025-06-06 18:57:33,318 | ERROR   | Solver failed | status=1 | SQP it=0 | KKT=nan | t=0.000s
2025-06-06 18:57:33,319 | ERROR   | Dump saved → debug_logs/fail/tick0242.json
2025-06-06 18:57:33,344 | ERROR   | Solver failed | status=1 | SQP it=0 | KKT=nan | t=0.000s
2025-06-06 18:57:33,345 | ERROR   | Dump saved → debug_logs/fail/tick0243.json
2025-06-06 18:57:33,371 | ERROR   | Solver failed | status=1 | SQP it=0 | KKT=nan | t=0.000s
2025-06-06 18:57:33,372 | ERROR   | Dump saved → debug_logs/fail/tick0244.json
2025-06-06 18:57:33,399 | ERROR   | Solver failed | status=1 | SQP it=0 | KKT=nan | t=0.000s
2025-06-06 18:57:33,400 | ERROR   | Dump saved → debug_logs/fail/tick0245.json
2025-06-06 18:57:33,426 | ERROR   | Solver failed | status=1 | SQP it=0 | KKT=nan | t=0.000s
2025-06-06 18:57:33,427 | ERROR   | Dump saved → debug_logs/fail/tick0246.json
2025-06-06 18:57:33,454 | ERROR   | Solver failed | status=1 | SQP it=0 | KKT=nan | t=0.000s
2025-06-06 18:57:33,455 | ERROR   | Dump saved → debug_logs/fail/tick0247.json
2025-06-06 18:57:33,479 | ERROR   | Solver failed | status=1 | SQP it=0 | KKT=nan | t=0.000s
2025-06-06 18:57:33,479 | ERROR   | Dump saved → debug_logs/fail/tick0248.json
2025-06-06 18:57:33,504 | ERROR   | Solver failed | status=1 | SQP it=0 | KKT=nan | t=0.000s
2025-06-06 18:57:33,505 | ERROR   | Dump saved → debug_logs/fail/tick0249.json
2025-06-06 18:57:33,529 | ERROR   | Solver failed | status=1 | SQP it=0 | KKT=nan | t=0.000s
2025-06-06 18:57:33,530 | ERROR   | Dump saved → debug_logs/fail/tick0250.json
2025-06-06 18:57:33,555 | ERROR   | Solver failed | status=1 | SQP it=0 | KKT=nan | t=0.000s
2025-06-06 18:57:33,555 | ERROR   | Dump saved → debug_logs/fail/tick0251.json
