2025-06-29 09:50:59,126 | INFO    | ===== INITIAL STATE DUMP =====
2025-06-29 09:50:59,127 | DEBUG   | {
  "xcurrent": [
    1.089695930480957,
    1.4088244438171387,
    0.08456537127494812,
    0.0,
    0.0,
    0.0
  ],
  "params": {
    "QC": 10,
    "QC_GATE": 50,
    "QL": 40,
    "MU": 10,
    "DVTHETA_MAX": 1.6,
    "N": 20,
    "T_HORIZON": 0.7,
    "RAMP_TIME": 0.7,
    "BARRIER_WEIGHT": 10,
    "TUNNEL_WIDTH": 0.4,
    "TUNNEL_WIDTH_GATE": 0.15,
    "NARROW_DIST": 0.6,
    "GATE_FLAT_DIST": 0.45,
    "Q_OMEGA": 2,
    "R_VTHETA": 1.0,
    "REG_THRUST": 0.02,
    "REG_INPUTS": 0.8
  },
  "box_lims": {
    "vtheta_max": 1.6,
    "dvtheta_max": 1.6
  }
}
2025-06-29 09:51:15,959 | INFO    | ===== INITIAL STATE DUMP =====
2025-06-29 09:51:15,959 | DEBUG   | {
  "xcurrent": [
    0.910315990447998,
    1.4834246635437012,
    0.08380524814128876,
    0.0,
    0.0,
    0.0
  ],
  "params": {
    "QC": 10,
    "QC_GATE": 50,
    "QL": 40,
    "MU": 10,
    "DVTHETA_MAX": 1.6,
    "N": 20,
    "T_HORIZON": 0.7,
    "RAMP_TIME": 0.7,
    "BARRIER_WEIGHT": 10,
    "TUNNEL_WIDTH": 0.4,
    "TUNNEL_WIDTH_GATE": 0.15,
    "NARROW_DIST": 0.6,
    "GATE_FLAT_DIST": 0.45,
    "Q_OMEGA": 2,
    "R_VTHETA": 1.0,
    "REG_THRUST": 0.02,
    "REG_INPUTS": 0.8
  },
  "box_lims": {
    "vtheta_max": 1.6,
    "dvtheta_max": 1.6
  }
}
2025-06-29 09:51:21,782 | INFO    | ===== INITIAL STATE DUMP =====
2025-06-29 09:51:21,782 | DEBUG   | {
  "xcurrent": [
    0.9890227913856506,
    1.4293965101242065,
    0.07741106301546097,
    0.0,
    0.0,
    0.0
  ],
  "params": {
    "QC": 10,
    "QC_GATE": 50,
    "QL": 40,
    "MU": 10,
    "DVTHETA_MAX": 1.6,
    "N": 20,
    "T_HORIZON": 0.7,
    "RAMP_TIME": 0.7,
    "BARRIER_WEIGHT": 10,
    "TUNNEL_WIDTH": 0.4,
    "TUNNEL_WIDTH_GATE": 0.15,
    "NARROW_DIST": 0.6,
    "GATE_FLAT_DIST": 0.45,
    "Q_OMEGA": 2,
    "R_VTHETA": 1.0,
    "REG_THRUST": 0.02,
    "REG_INPUTS": 0.8
  },
  "box_lims": {
    "vtheta_max": 1.6,
    "dvtheta_max": 1.6
  }
}
2025-06-29 09:51:26,272 | ERROR   | Solver failed | status=2 | SQP it=1000 | KKT=6.40e-08 | t=0.519s
2025-06-29 09:51:26,274 | ERROR   | Dump saved → debug_logs/fail/tick0124.json
2025-06-29 09:51:27,822 | INFO    | ===== INITIAL STATE DUMP =====
2025-06-29 09:51:27,822 | DEBUG   | {
  "xcurrent": [
    0.9908698797225952,
    1.4804166555404663,
    0.07500342279672623,
    0.0,
    0.0,
    0.0
  ],
  "params": {
    "QC": 10,
    "QC_GATE": 50,
    "QL": 40,
    "MU": 10,
    "DVTHETA_MAX": 1.6,
    "N": 20,
    "T_HORIZON": 0.7,
    "RAMP_TIME": 0.7,
    "BARRIER_WEIGHT": 10,
    "TUNNEL_WIDTH": 0.4,
    "TUNNEL_WIDTH_GATE": 0.15,
    "NARROW_DIST": 0.6,
    "GATE_FLAT_DIST": 0.45,
    "Q_OMEGA": 2,
    "R_VTHETA": 1.0,
    "REG_THRUST": 0.02,
    "REG_INPUTS": 0.8
  },
  "box_lims": {
    "vtheta_max": 1.6,
    "dvtheta_max": 1.6
  }
}
2025-06-29 09:51:33,917 | ERROR   | Solver failed | status=2 | SQP it=1000 | KKT=8.61e-09 | t=0.666s
2025-06-29 09:51:33,919 | ERROR   | Dump saved → debug_logs/fail/tick0159.json
2025-06-29 09:51:34,600 | ERROR   | Solver failed | status=2 | SQP it=1000 | KKT=5.87e-11 | t=0.653s
2025-06-29 09:51:34,601 | ERROR   | Dump saved → debug_logs/fail/tick0160.json
