2025-06-28 19:43:06,684 | INFO    | ===== INITIAL STATE DUMP =====
2025-06-28 19:43:06,685 | DEBUG   | {
  "xcurrent": [
    1.089695930480957,
    1.4088244438171387,
    0.08456537127494812,
    0.0,
    0.0,
    0.0
  ],
  "params": {
    "QC": 10,
    "QC_GATE": 50,
    "QL": 40,
    "MU": 10,
    "DVTHETA_MAX": 1.6,
    "N": 20,
    "T_HORIZON": 0.7,
    "RAMP_TIME": 0.7,
    "BARRIER_WEIGHT": 10,
    "OBSTACLE_WEIGHT": [
      10,
      10,
      10,
      10
    ],
    "OBSTACLE_RADIUS": 0.25,
    "TUNNEL_WIDTH": 0.4,
    "TUNNEL_WIDTH_GATE": 0.15,
    "NARROW_DIST": 0.6,
    "GATE_FLAT_DIST": 0.45,
    "Q_OMEGA": 2,
    "R_VTHETA": 1.0,
    "REG_THRUST": 0.02,
    "REG_INPUTS": 0.8
  },
  "box_lims": {
    "vtheta_max": 1.6,
    "dvtheta_max": 1.6
  }
}
2025-06-28 19:43:13,629 | ERROR   | Solver failed | status=4 | SQP it=2 | KKT=2.68e+01 | t=0.002s
2025-06-28 19:43:13,631 | ERROR   | Dump saved → debug_logs/fail/tick0069.json
2025-06-28 19:43:13,662 | ERROR   | Solver failed | status=4 | SQP it=1 | KKT=1.67e+01 | t=0.001s
2025-06-28 19:43:13,663 | ERROR   | Dump saved → debug_logs/fail/tick0070.json
2025-06-28 19:43:13,692 | ERROR   | Solver failed | status=4 | SQP it=1 | KKT=1.67e+01 | t=0.001s
2025-06-28 19:43:13,694 | ERROR   | Dump saved → debug_logs/fail/tick0071.json
2025-06-28 19:43:23,806 | ERROR   | Solver failed | status=4 | SQP it=5 | KKT=0.00e+00 | t=0.004s
2025-06-28 19:43:23,808 | ERROR   | Dump saved → debug_logs/fail/tick0121.json
2025-06-28 19:43:23,841 | ERROR   | Solver failed | status=4 | SQP it=4 | KKT=9.48e-08 | t=0.003s
2025-06-28 19:43:23,841 | ERROR   | Dump saved → debug_logs/fail/tick0122.json
2025-06-28 19:43:26,818 | ERROR   | Solver failed | status=4 | SQP it=7 | KKT=1.00e+00 | t=0.015s
2025-06-28 19:43:26,820 | ERROR   | Dump saved → debug_logs/fail/tick0123.json
2025-06-28 19:43:26,862 | ERROR   | Solver failed | status=4 | SQP it=4 | KKT=4.47e-11 | t=0.005s
2025-06-28 19:43:26,863 | ERROR   | Dump saved → debug_logs/fail/tick0124.json
2025-06-28 19:43:26,898 | ERROR   | Solver failed | status=4 | SQP it=1 | KKT=1.06e+02 | t=0.001s
2025-06-28 19:43:26,898 | ERROR   | Dump saved → debug_logs/fail/tick0125.json
2025-06-28 19:43:31,187 | INFO    | ===== INITIAL STATE DUMP =====
2025-06-28 19:43:31,188 | DEBUG   | {
  "xcurrent": [
    1.0577173233032227,
    1.455078363418579,
    0.07263592630624771,
    0.0,
    0.0,
    0.0
  ],
  "params": {
    "QC": 10,
    "QC_GATE": 50,
    "QL": 40,
    "MU": 10,
    "DVTHETA_MAX": 1.6,
    "N": 20,
    "T_HORIZON": 0.7,
    "RAMP_TIME": 0.7,
    "BARRIER_WEIGHT": 10,
    "OBSTACLE_WEIGHT": [
      10,
      10,
      10,
      10
    ],
    "OBSTACLE_RADIUS": 0.25,
    "TUNNEL_WIDTH": 0.4,
    "TUNNEL_WIDTH_GATE": 0.15,
    "NARROW_DIST": 0.6,
    "GATE_FLAT_DIST": 0.45,
    "Q_OMEGA": 2,
    "R_VTHETA": 1.0,
    "REG_THRUST": 0.02,
    "REG_INPUTS": 0.8
  },
  "box_lims": {
    "vtheta_max": 1.6,
    "dvtheta_max": 1.6
  }
}
2025-06-28 19:43:33,366 | ERROR   | Solver failed | status=4 | SQP it=2 | KKT=2.55e+01 | t=0.001s
2025-06-28 19:43:33,368 | ERROR   | Dump saved → debug_logs/fail/tick0067.json
2025-06-28 19:43:33,402 | ERROR   | Solver failed | status=4 | SQP it=1 | KKT=6.27e+00 | t=0.004s
2025-06-28 19:43:33,403 | ERROR   | Dump saved → debug_logs/fail/tick0068.json
2025-06-28 19:43:33,435 | ERROR   | Solver failed | status=4 | SQP it=1 | KKT=6.27e+00 | t=0.004s
2025-06-28 19:43:33,437 | ERROR   | Dump saved → debug_logs/fail/tick0069.json
2025-06-28 19:43:33,470 | ERROR   | Solver failed | status=4 | SQP it=1 | KKT=6.27e+00 | t=0.005s
2025-06-28 19:43:33,471 | ERROR   | Dump saved → debug_logs/fail/tick0070.json
2025-06-28 19:43:44,352 | INFO    | ===== INITIAL STATE DUMP =====
2025-06-28 19:43:44,352 | DEBUG   | {
  "xcurrent": [
    1.0250498056411743,
    1.5280041694641113,
    0.08757421374320984,
    0.0,
    0.0,
    0.0
  ],
  "params": {
    "QC": 10,
    "QC_GATE": 50,
    "QL": 40,
    "MU": 10,
    "DVTHETA_MAX": 1.6,
    "N": 20,
    "T_HORIZON": 0.7,
    "RAMP_TIME": 0.7,
    "BARRIER_WEIGHT": 10,
    "OBSTACLE_WEIGHT": [
      10,
      10,
      10,
      10
    ],
    "OBSTACLE_RADIUS": 0.25,
    "TUNNEL_WIDTH": 0.4,
    "TUNNEL_WIDTH_GATE": 0.15,
    "NARROW_DIST": 0.6,
    "GATE_FLAT_DIST": 0.45,
    "Q_OMEGA": 2,
    "R_VTHETA": 1.0,
    "REG_THRUST": 0.02,
    "REG_INPUTS": 0.8
  },
  "box_lims": {
    "vtheta_max": 1.6,
    "dvtheta_max": 1.6
  }
}
