2025-06-24 12:42:41,093 | INFO    | ===== INITIAL STATE DUMP =====
2025-06-24 12:42:41,093 | DEBUG   | {
  "xcurrent": [
    1.089695930480957,
    1.4088244438171387,
    0.08456537127494812,
    0.0,
    0.0,
    0.0
  ],
  "params": {
    "QC": 10,
    "QC_GATE": 50,
    "QL": 40,
    "MU": 10,
    "DVTHETA_MAX": 1.3,
    "N": 15,
    "T_HORIZON": 0.8,
    "RAMP_TIME": 1.8,
    "BARRIER_WEIGHT": 10,
    "TUNNEL_WIDTH": 0.5,
    "TUNNEL_WIDTH_GATE": 0.15,
    "NARROW_DIST": 0.7,
    "GATE_FLAT_DIST": 0.2,
    "Q_OMEGA": 2,
    "R_VTHETA": 1.0,
    "IN_GATE_RAMP_TIME": 0.3,
    "OUT_GATE_RAMP_TIME": 0.5,
    "OBS_MARGIN": 0.05,
    "OBS_NARROW_DIST": 0.5,
    "OBS_FLAT_DIST": 0.25
  },
  "box_lims": {
    "vtheta_max": 1.3,
    "dvtheta_max": 1.3
  }
}
2025-06-24 12:44:36,538 | INFO    | ===== INITIAL STATE DUMP =====
2025-06-24 12:44:36,539 | DEBUG   | {
  "xcurrent": [
    1.0755877494812012,
    1.4561316967010498,
    0.07109877467155457,
    0.0,
    0.0,
    0.0
  ],
  "params": {
    "QC": 10,
    "QC_GATE": 50,
    "QL": 40,
    "MU": 10,
    "DVTHETA_MAX": 1.3,
    "N": 15,
    "T_HORIZON": 0.8,
    "RAMP_TIME": 1.8,
    "BARRIER_WEIGHT": 10,
    "TUNNEL_WIDTH": 0.5,
    "TUNNEL_WIDTH_GATE": 0.15,
    "NARROW_DIST": 0.7,
    "GATE_FLAT_DIST": 0.2,
    "Q_OMEGA": 2,
    "R_VTHETA": 1.0,
    "IN_GATE_RAMP_TIME": 0.3,
    "OUT_GATE_RAMP_TIME": 0.5,
    "OBS_MARGIN": 0.05,
    "OBS_NARROW_DIST": 0.5,
    "OBS_FLAT_DIST": 0.25
  },
  "box_lims": {
    "vtheta_max": 1.3,
    "dvtheta_max": 1.3
  }
}
2025-06-24 12:45:41,645 | INFO    | ===== INITIAL STATE DUMP =====
2025-06-24 12:45:41,646 | DEBUG   | {
  "xcurrent": [
    1.0673288106918335,
    1.521027684211731,
    0.08679432421922684,
    0.0,
    0.0,
    0.0
  ],
  "params": {
    "QC": 10,
    "QC_GATE": 50,
    "QL": 40,
    "MU": 10,
    "DVTHETA_MAX": 1.3,
    "N": 15,
    "T_HORIZON": 0.8,
    "RAMP_TIME": 1.8,
    "BARRIER_WEIGHT": 10,
    "TUNNEL_WIDTH": 0.5,
    "TUNNEL_WIDTH_GATE": 0.15,
    "NARROW_DIST": 0.7,
    "GATE_FLAT_DIST": 0.2,
    "Q_OMEGA": 2,
    "R_VTHETA": 1.0,
    "IN_GATE_RAMP_TIME": 0.3,
    "OUT_GATE_RAMP_TIME": 0.5,
    "OBS_MARGIN": 0.05,
    "OBS_NARROW_DIST": 0.5,
    "OBS_FLAT_DIST": 0.25
  },
  "box_lims": {
    "vtheta_max": 1.3,
    "dvtheta_max": 1.3
  }
}
2025-06-24 12:46:02,393 | INFO    | ===== INITIAL STATE DUMP =====
2025-06-24 12:46:02,393 | DEBUG   | {
  "xcurrent": [
    0.9420512914657593,
    1.5173577070236206,
    0.08892642706632614,
    0.0,
    0.0,
    0.0
  ],
  "params": {
    "QC": 10,
    "QC_GATE": 50,
    "QL": 40,
    "MU": 10,
    "DVTHETA_MAX": 1.3,
    "N": 15,
    "T_HORIZON": 0.8,
    "RAMP_TIME": 1.8,
    "BARRIER_WEIGHT": 10,
    "TUNNEL_WIDTH": 0.5,
    "TUNNEL_WIDTH_GATE": 0.15,
    "NARROW_DIST": 0.7,
    "GATE_FLAT_DIST": 0.2,
    "Q_OMEGA": 2,
    "R_VTHETA": 1.0,
    "IN_GATE_RAMP_TIME": 0.3,
    "OUT_GATE_RAMP_TIME": 0.5,
    "OBS_MARGIN": 0.05,
    "OBS_NARROW_DIST": 0.5,
    "OBS_FLAT_DIST": 0.25
  },
  "box_lims": {
    "vtheta_max": 1.3,
    "dvtheta_max": 1.3
  }
}
2025-06-24 12:46:10,551 | INFO    | ===== INITIAL STATE DUMP =====
2025-06-24 12:46:10,551 | DEBUG   | {
  "xcurrent": [
    1.009224772453308,
    1.554197072982788,
    0.083383709192276,
    0.0,
    0.0,
    0.0
  ],
  "params": {
    "QC": 10,
    "QC_GATE": 50,
    "QL": 40,
    "MU": 10,
    "DVTHETA_MAX": 1.3,
    "N": 15,
    "T_HORIZON": 0.8,
    "RAMP_TIME": 1.8,
    "BARRIER_WEIGHT": 10,
    "TUNNEL_WIDTH": 0.5,
    "TUNNEL_WIDTH_GATE": 0.15,
    "NARROW_DIST": 0.7,
    "GATE_FLAT_DIST": 0.2,
    "Q_OMEGA": 2,
    "R_VTHETA": 1.0,
    "IN_GATE_RAMP_TIME": 0.3,
    "OUT_GATE_RAMP_TIME": 0.5,
    "OBS_MARGIN": 0.05,
    "OBS_NARROW_DIST": 0.5,
    "OBS_FLAT_DIST": 0.25
  },
  "box_lims": {
    "vtheta_max": 1.3,
    "dvtheta_max": 1.3
  }
}
2025-06-24 12:46:15,758 | INFO    | ===== INITIAL STATE DUMP =====
2025-06-24 12:46:15,758 | DEBUG   | {
  "xcurrent": [
    1.058934211730957,
    1.5044326782226562,
    0.0821472704410553,
    0.0,
    0.0,
    0.0
  ],
  "params": {
    "QC": 10,
    "QC_GATE": 50,
    "QL": 40,
    "MU": 10,
    "DVTHETA_MAX": 1.3,
    "N": 15,
    "T_HORIZON": 0.8,
    "RAMP_TIME": 1.8,
    "BARRIER_WEIGHT": 10,
    "TUNNEL_WIDTH": 0.5,
    "TUNNEL_WIDTH_GATE": 0.15,
    "NARROW_DIST": 0.7,
    "GATE_FLAT_DIST": 0.2,
    "Q_OMEGA": 2,
    "R_VTHETA": 1.0,
    "IN_GATE_RAMP_TIME": 0.3,
    "OUT_GATE_RAMP_TIME": 0.5,
    "OBS_MARGIN": 0.05,
    "OBS_NARROW_DIST": 0.5,
    "OBS_FLAT_DIST": 0.25
  },
  "box_lims": {
    "vtheta_max": 1.3,
    "dvtheta_max": 1.3
  }
}
2025-06-24 12:46:24,535 | INFO    | ===== INITIAL STATE DUMP =====
2025-06-24 12:46:24,535 | DEBUG   | {
  "xcurrent": [
    0.9078415632247925,
    1.5248618125915527,
    0.08406290411949158,
    0.0,
    0.0,
    0.0
  ],
  "params": {
    "QC": 10,
    "QC_GATE": 50,
    "QL": 40,
    "MU": 10,
    "DVTHETA_MAX": 1.3,
    "N": 15,
    "T_HORIZON": 0.8,
    "RAMP_TIME": 1.8,
    "BARRIER_WEIGHT": 10,
    "TUNNEL_WIDTH": 0.5,
    "TUNNEL_WIDTH_GATE": 0.15,
    "NARROW_DIST": 0.7,
    "GATE_FLAT_DIST": 0.2,
    "Q_OMEGA": 2,
    "R_VTHETA": 1.0,
    "IN_GATE_RAMP_TIME": 0.3,
    "OUT_GATE_RAMP_TIME": 0.5,
    "OBS_MARGIN": 0.05,
    "OBS_NARROW_DIST": 0.5,
    "OBS_FLAT_DIST": 0.25
  },
  "box_lims": {
    "vtheta_max": 1.3,
    "dvtheta_max": 1.3
  }
}
2025-06-24 12:46:28,277 | INFO    | ===== INITIAL STATE DUMP =====
2025-06-24 12:46:28,278 | DEBUG   | {
  "xcurrent": [
    1.0004115104675293,
    1.4960107803344727,
    0.07540052384138107,
    0.0,
    0.0,
    0.0
  ],
  "params": {
    "QC": 10,
    "QC_GATE": 50,
    "QL": 40,
    "MU": 10,
    "DVTHETA_MAX": 1.3,
    "N": 15,
    "T_HORIZON": 0.8,
    "RAMP_TIME": 1.8,
    "BARRIER_WEIGHT": 10,
    "TUNNEL_WIDTH": 0.5,
    "TUNNEL_WIDTH_GATE": 0.15,
    "NARROW_DIST": 0.7,
    "GATE_FLAT_DIST": 0.2,
    "Q_OMEGA": 2,
    "R_VTHETA": 1.0,
    "IN_GATE_RAMP_TIME": 0.3,
    "OUT_GATE_RAMP_TIME": 0.5,
    "OBS_MARGIN": 0.05,
    "OBS_NARROW_DIST": 0.5,
    "OBS_FLAT_DIST": 0.25
  },
  "box_lims": {
    "vtheta_max": 1.3,
    "dvtheta_max": 1.3
  }
}
2025-06-24 12:46:33,658 | ERROR   | Solver failed | status=2 | SQP it=1000 | KKT=5.55e-11 | t=0.320s
2025-06-24 12:46:33,660 | ERROR   | Dump saved → debug_logs/fail/tick0161.json
2025-06-24 12:46:41,566 | INFO    | ===== INITIAL STATE DUMP =====
2025-06-24 12:46:41,566 | DEBUG   | {
  "xcurrent": [
    1.022012710571289,
    1.4832913875579834,
    0.07427480816841125,
    0.0,
    0.0,
    0.0
  ],
  "params": {
    "QC": 10,
    "QC_GATE": 50,
    "QL": 40,
    "MU": 10,
    "DVTHETA_MAX": 1.3,
    "N": 15,
    "T_HORIZON": 0.8,
    "RAMP_TIME": 1.8,
    "BARRIER_WEIGHT": 10,
    "TUNNEL_WIDTH": 0.5,
    "TUNNEL_WIDTH_GATE": 0.15,
    "NARROW_DIST": 0.7,
    "GATE_FLAT_DIST": 0.2,
    "Q_OMEGA": 2,
    "R_VTHETA": 1.0,
    "IN_GATE_RAMP_TIME": 0.3,
    "OUT_GATE_RAMP_TIME": 0.5,
    "OBS_MARGIN": 0.05,
    "OBS_NARROW_DIST": 0.5,
    "OBS_FLAT_DIST": 0.25
  },
  "box_lims": {
    "vtheta_max": 1.3,
    "dvtheta_max": 1.3
  }
}
2025-06-24 12:46:55,231 | INFO    | ===== INITIAL STATE DUMP =====
2025-06-24 12:46:55,231 | DEBUG   | {
  "xcurrent": [
    0.9469597339630127,
    1.4464325904846191,
    0.0849294438958168,
    0.0,
    0.0,
    0.0
  ],
  "params": {
    "QC": 10,
    "QC_GATE": 50,
    "QL": 40,
    "MU": 10,
    "DVTHETA_MAX": 1.3,
    "N": 15,
    "T_HORIZON": 0.8,
    "RAMP_TIME": 1.8,
    "BARRIER_WEIGHT": 10,
    "TUNNEL_WIDTH": 0.5,
    "TUNNEL_WIDTH_GATE": 0.15,
    "NARROW_DIST": 0.7,
    "GATE_FLAT_DIST": 0.2,
    "Q_OMEGA": 2,
    "R_VTHETA": 1.0,
    "IN_GATE_RAMP_TIME": 0.3,
    "OUT_GATE_RAMP_TIME": 0.5,
    "OBS_MARGIN": 0.05,
    "OBS_NARROW_DIST": 0.5,
    "OBS_FLAT_DIST": 0.25
  },
  "box_lims": {
    "vtheta_max": 1.3,
    "dvtheta_max": 1.3
  }
}
2025-06-24 12:47:01,119 | ERROR   | Solver failed | status=2 | SQP it=1000 | KKT=5.22e-11 | t=0.319s
2025-06-24 12:47:01,121 | ERROR   | Dump saved → debug_logs/fail/tick0169.json
2025-06-24 12:47:05,180 | ERROR   | Solver failed | status=2 | SQP it=1000 | KKT=2.71e-08 | t=0.703s
2025-06-24 12:47:05,182 | ERROR   | Dump saved → debug_logs/fail/tick0272.json
2025-06-24 12:47:06,028 | ERROR   | Solver failed | status=2 | SQP it=1000 | KKT=1.65e-12 | t=0.820s
2025-06-24 12:47:06,028 | ERROR   | Dump saved → debug_logs/fail/tick0273.json
