2025-06-28 18:44:01,671 | INFO    | ===== INITIAL STATE DUMP =====
2025-06-28 18:44:01,671 | DEBUG   | {
  "xcurrent": [
    1.089695930480957,
    1.4088244438171387,
    0.08456537127494812,
    0.0,
    0.0,
    0.0
  ],
  "params": {
    "QC": 10,
    "QC_GATE": 50,
    "QL": 40,
    "MU": 10,
    "DVTHETA_MAX": 1.4,
    "N": 20,
    "T_HORIZON": 0.9,
    "RAMP_TIME": 0.5,
    "BARRIER_WEIGHT": 10,
    "OBSTACLE_WEIGHT": [
      300,
      300,
      200,
      100
    ],
    "OBSTACLE_RADIUS": 0.3,
    "TUNNEL_WIDTH": 0.5,
    "TUNNEL_WIDTH_GATE": 0.15,
    "NARROW_DIST": 0.5,
    "GATE_FLAT_DIST": 0.3,
    "Q_OMEGA": 2,
    "R_VTHETA": 1.0,
    "REG_THRUST": 0.008,
    "REG_INPUTS": 0.02
  },
  "box_lims": {
    "vtheta_max": 1.4,
    "dvtheta_max": 1.4
  }
}
2025-06-28 18:44:07,969 | ERROR   | Solver failed | status=4 | SQP it=49 | KKT=3.99e-08 | t=0.051s
2025-06-28 18:44:07,971 | ERROR   | Dump saved → debug_logs/fail/tick0059.json
2025-06-28 18:44:08,607 | ERROR   | Solver failed | status=4 | SQP it=161 | KKT=3.19e-08 | t=0.611s
2025-06-28 18:44:08,610 | ERROR   | Dump saved → debug_logs/fail/tick0060.json
2025-06-28 18:44:08,980 | ERROR   | Solver failed | status=4 | SQP it=44 | KKT=3.16e-11 | t=0.340s
2025-06-28 18:44:08,981 | ERROR   | Dump saved → debug_logs/fail/tick0061.json
