2025-06-06 18:09:31,047 | INFO    | ===== INITIAL STATE DUMP =====
2025-06-06 18:09:31,047 | DEBUG   | {
  "xcurrent": [
    1.089695930480957,
    1.4088244438171387,
    0.08456537127494812,
    0.0,
    0.0,
    0.0
  ],
  "params": {
    "QC": 10,
    "QL": 80,
    "MU": 10,
    "DVTHETA_MAX": 2,
    "N": 20,
    "T_HORIZON": 1.05,
    "RAMP_TIME": 1.8,
    "BARRIER_WEIGHT": 10,
    "TUNNEL_WIDTH": 0.45,
    "TUNNEL_WIDTH_GATE": 0.25,
    "Q_OMEGA": 2,
    "R_VTHETA": 1.0,
    "IN_GATE_RAMP_TIME": 0.3,
    "OUT_GATE_RAMP_TIME": 0.4
  },
  "box_lims": {
    "vtheta_max": 2.0,
    "dvtheta_max": 2.0
  }
}
2025-06-06 18:09:35,541 | ERROR   | Solver failed | status=2 | SQP it=50 | KKT=3.35e-09 | t=0.023s
2025-06-06 18:09:35,542 | ERROR   | Dump saved → debug_logs/fail/tick0112.json
2025-06-06 18:09:35,605 | ERROR   | Solver failed | status=2 | SQP it=50 | KKT=4.87e-08 | t=0.039s
2025-06-06 18:09:35,606 | ERROR   | Dump saved → debug_logs/fail/tick0113.json
2025-06-06 18:09:35,674 | ERROR   | Solver failed | status=2 | SQP it=50 | KKT=7.90e-11 | t=0.041s
2025-06-06 18:09:35,675 | ERROR   | Dump saved → debug_logs/fail/tick0114.json
2025-06-06 18:09:35,754 | ERROR   | Solver failed | status=2 | SQP it=50 | KKT=1.60e-09 | t=0.053s
2025-06-06 18:09:35,755 | ERROR   | Dump saved → debug_logs/fail/tick0115.json
2025-06-06 18:09:35,815 | ERROR   | Solver failed | status=1 | SQP it=38 | KKT=5.45e-10 | t=0.033s
2025-06-06 18:09:35,815 | ERROR   | Dump saved → debug_logs/fail/tick0116.json
2025-06-06 18:09:35,842 | ERROR   | Solver failed | status=1 | SQP it=0 | KKT=nan | t=0.000s
2025-06-06 18:09:35,843 | ERROR   | Dump saved → debug_logs/fail/tick0117.json
2025-06-06 18:09:35,864 | ERROR   | Solver failed | status=1 | SQP it=0 | KKT=nan | t=0.000s
2025-06-06 18:09:35,864 | ERROR   | Dump saved → debug_logs/fail/tick0118.json
2025-06-06 18:09:35,886 | ERROR   | Solver failed | status=1 | SQP it=0 | KKT=nan | t=0.000s
2025-06-06 18:09:35,887 | ERROR   | Dump saved → debug_logs/fail/tick0119.json
2025-06-06 18:09:35,914 | ERROR   | Solver failed | status=1 | SQP it=0 | KKT=nan | t=0.000s
2025-06-06 18:09:35,915 | ERROR   | Dump saved → debug_logs/fail/tick0120.json
2025-06-06 18:09:35,939 | ERROR   | Solver failed | status=1 | SQP it=0 | KKT=nan | t=0.000s
2025-06-06 18:09:35,939 | ERROR   | Dump saved → debug_logs/fail/tick0121.json
2025-06-06 18:09:35,966 | ERROR   | Solver failed | status=1 | SQP it=0 | KKT=nan | t=0.000s
2025-06-06 18:09:35,967 | ERROR   | Dump saved → debug_logs/fail/tick0122.json
2025-06-06 18:09:35,992 | ERROR   | Solver failed | status=1 | SQP it=0 | KKT=nan | t=0.000s
2025-06-06 18:09:35,992 | ERROR   | Dump saved → debug_logs/fail/tick0123.json
2025-06-06 18:09:36,015 | ERROR   | Solver failed | status=1 | SQP it=0 | KKT=nan | t=0.000s
2025-06-06 18:09:36,016 | ERROR   | Dump saved → debug_logs/fail/tick0124.json
2025-06-06 18:09:36,040 | ERROR   | Solver failed | status=1 | SQP it=0 | KKT=nan | t=0.000s
2025-06-06 18:09:36,041 | ERROR   | Dump saved → debug_logs/fail/tick0125.json
2025-06-06 18:09:36,064 | ERROR   | Solver failed | status=1 | SQP it=0 | KKT=nan | t=0.000s
2025-06-06 18:09:36,064 | ERROR   | Dump saved → debug_logs/fail/tick0126.json
2025-06-06 18:09:36,088 | ERROR   | Solver failed | status=1 | SQP it=0 | KKT=nan | t=0.000s
2025-06-06 18:09:36,089 | ERROR   | Dump saved → debug_logs/fail/tick0127.json
2025-06-06 18:09:36,114 | ERROR   | Solver failed | status=1 | SQP it=0 | KKT=nan | t=0.000s
2025-06-06 18:09:36,114 | ERROR   | Dump saved → debug_logs/fail/tick0128.json
2025-06-06 18:09:36,139 | ERROR   | Solver failed | status=1 | SQP it=0 | KKT=nan | t=0.000s
2025-06-06 18:09:36,139 | ERROR   | Dump saved → debug_logs/fail/tick0129.json
2025-06-06 18:09:36,165 | ERROR   | Solver failed | status=1 | SQP it=0 | KKT=nan | t=0.000s
2025-06-06 18:09:36,166 | ERROR   | Dump saved → debug_logs/fail/tick0130.json
2025-06-06 18:09:36,190 | ERROR   | Solver failed | status=1 | SQP it=0 | KKT=nan | t=0.000s
2025-06-06 18:09:36,190 | ERROR   | Dump saved → debug_logs/fail/tick0131.json
2025-06-06 18:09:36,214 | ERROR   | Solver failed | status=1 | SQP it=0 | KKT=nan | t=0.000s
2025-06-06 18:09:36,215 | ERROR   | Dump saved → debug_logs/fail/tick0132.json
2025-06-06 18:09:36,240 | ERROR   | Solver failed | status=1 | SQP it=0 | KKT=nan | t=0.000s
2025-06-06 18:09:36,241 | ERROR   | Dump saved → debug_logs/fail/tick0133.json
2025-06-06 18:09:36,266 | ERROR   | Solver failed | status=1 | SQP it=0 | KKT=nan | t=0.000s
2025-06-06 18:09:36,266 | ERROR   | Dump saved → debug_logs/fail/tick0134.json
