2025-06-28 18:17:17,790 | INFO    | ===== INITIAL STATE DUMP =====
2025-06-28 18:17:17,791 | DEBUG   | {
  "xcurrent": [
    1.089695930480957,
    1.4088244438171387,
    0.08456537127494812,
    0.0,
    0.0,
    0.0
  ],
  "params": {
    "QC": 10,
    "QC_GATE": 50,
    "QL": 40,
    "MU": 10,
    "DVTHETA_MAX": 1.4,
    "N": 20,
    "T_HORIZON": 0.9,
    "RAMP_TIME": 0.5,
    "BARRIER_WEIGHT": 10,
    "OBSTACLE_WEIGHT": [
      50,
      200,
      100,
      30
    ],
    "OBSTACLE_RADIUS": 0.25,
    "TUNNEL_WIDTH": 0.5,
    "TUNNEL_WIDTH_GATE": 0.2,
    "NARROW_DIST": 0.5,
    "GATE_FLAT_DIST": 0.3,
    "Q_OMEGA": 2,
    "R_VTHETA": 1.0,
    "REG_THRUST": 0.008,
    "REG_INPUTS": 0.03
  },
  "box_lims": {
    "vtheta_max": 1.4,
    "dvtheta_max": 1.4
  }
}
2025-06-28 18:17:24,938 | ERROR   | Solver failed | status=4 | SQP it=3 | KKT=4.45e+00 | t=0.048s
2025-06-28 18:17:24,941 | ERROR   | Dump saved → debug_logs/fail/tick0089.json
2025-06-28 18:17:25,110 | ERROR   | Solver failed | status=4 | SQP it=1 | KKT=2.71e+01 | t=0.143s
2025-06-28 18:17:25,111 | ERROR   | Dump saved → debug_logs/fail/tick0090.json
2025-06-28 18:17:25,569 | ERROR   | Solver failed | status=4 | SQP it=311 | KKT=1.11e-10 | t=0.428s
2025-06-28 18:17:25,570 | ERROR   | Dump saved → debug_logs/fail/tick0091.json
2025-06-28 18:17:26,621 | ERROR   | Solver failed | status=4 | SQP it=13 | KKT=1.32e-12 | t=0.062s
2025-06-28 18:17:26,623 | ERROR   | Dump saved → debug_logs/fail/tick0092.json
2025-06-28 18:17:26,653 | ERROR   | Solver failed | status=4 | SQP it=1 | KKT=2.11e+02 | t=0.002s
2025-06-28 18:17:26,653 | ERROR   | Dump saved → debug_logs/fail/tick0093.json
2025-06-28 18:17:26,734 | ERROR   | Solver failed | status=4 | SQP it=13 | KKT=1.72e-08 | t=0.053s
2025-06-28 18:17:26,734 | ERROR   | Dump saved → debug_logs/fail/tick0094.json
2025-06-28 18:17:26,764 | ERROR   | Solver failed | status=4 | SQP it=1 | KKT=2.70e+02 | t=0.002s
2025-06-28 18:17:26,765 | ERROR   | Dump saved → debug_logs/fail/tick0095.json
2025-06-28 18:17:28,122 | ERROR   | Solver failed | status=2 | SQP it=1000 | KKT=9.80e-08 | t=1.331s
2025-06-28 18:17:28,123 | ERROR   | Dump saved → debug_logs/fail/tick0096.json
2025-06-28 18:17:29,445 | ERROR   | Solver failed | status=2 | SQP it=1000 | KKT=2.17e-09 | t=1.286s
2025-06-28 18:17:29,446 | ERROR   | Dump saved → debug_logs/fail/tick0097.json
2025-06-28 18:17:30,755 | ERROR   | Solver failed | status=2 | SQP it=1000 | KKT=4.51e-14 | t=1.261s
2025-06-28 18:17:30,756 | ERROR   | Dump saved → debug_logs/fail/tick0098.json
2025-06-28 18:17:31,010 | ERROR   | Solver failed | status=4 | SQP it=63 | KKT=6.56e-09 | t=0.213s
2025-06-28 18:17:31,012 | ERROR   | Dump saved → debug_logs/fail/tick0099.json
2025-06-28 18:17:31,043 | ERROR   | Solver failed | status=4 | SQP it=1 | KKT=9.25e+01 | t=0.002s
2025-06-28 18:17:31,044 | ERROR   | Dump saved → debug_logs/fail/tick0100.json
2025-06-28 18:17:31,070 | ERROR   | Solver failed | status=4 | SQP it=1 | KKT=9.25e+01 | t=0.002s
2025-06-28 18:17:31,071 | ERROR   | Dump saved → debug_logs/fail/tick0101.json
2025-06-28 18:17:31,097 | ERROR   | Solver failed | status=4 | SQP it=1 | KKT=9.25e+01 | t=0.002s
2025-06-28 18:17:31,098 | ERROR   | Dump saved → debug_logs/fail/tick0102.json
2025-06-28 18:17:33,121 | INFO    | ===== INITIAL STATE DUMP =====
2025-06-28 18:17:33,122 | DEBUG   | {
  "xcurrent": [
    1.0268652439117432,
    1.5604404211044312,
    0.07767997682094574,
    0.0,
    0.0,
    0.0
  ],
  "params": {
    "QC": 10,
    "QC_GATE": 50,
    "QL": 40,
    "MU": 10,
    "DVTHETA_MAX": 1.4,
    "N": 20,
    "T_HORIZON": 0.9,
    "RAMP_TIME": 0.5,
    "BARRIER_WEIGHT": 10,
    "OBSTACLE_WEIGHT": [
      50,
      200,
      100,
      30
    ],
    "OBSTACLE_RADIUS": 0.25,
    "TUNNEL_WIDTH": 0.5,
    "TUNNEL_WIDTH_GATE": 0.2,
    "NARROW_DIST": 0.5,
    "GATE_FLAT_DIST": 0.3,
    "Q_OMEGA": 2,
    "R_VTHETA": 1.0,
    "REG_THRUST": 0.008,
    "REG_INPUTS": 0.03
  },
  "box_lims": {
    "vtheta_max": 1.4,
    "dvtheta_max": 1.4
  }
}
