2025-06-29 16:45:58,317 | INFO    | ===== INITIAL STATE DUMP =====
2025-06-29 16:45:58,317 | DEBUG   | {
  "xcurrent": [
    1.089695930480957,
    1.4088244438171387,
    0.08456537127494812,
    0.0,
    0.0,
    0.0
  ],
  "params": {
    "QC": 10,
    "QL": 40,
    "MU": 10,
    "DVTHETA_MAX": 1.7,
    "N": 20,
    "T_HORIZON": 0.7,
    "RAMP_TIME": 1.8,
    "BW_RAMP": 0.3,
    "BARRIER_WEIGHT": 30,
    "TUNNEL_WIDTH": 0.4,
    "TUNNEL_WIDTH_GATE": 0.15,
    "NARROW_DIST": 0.7,
    "GATE_FLAT_DIST": 0.2,
    "Q_OMEGA": 2,
    "R_VTHETA": 1.0,
    "IN_GATE_RAMP_TIME": 0.3,
    "OUT_GATE_RAMP_TIME": 0.5,
    "REG_THRUST": 0.018,
    "REG_INPUTS": 0.04
  },
  "box_lims": {
    "vtheta_max": 1.7,
    "dvtheta_max": 1.7
  }
}
2025-06-29 16:46:08,672 | ERROR   | Solver failed | status=2 | SQP it=1000 | KKT=2.90e-08 | t=0.619s
2025-06-29 16:46:08,673 | ERROR   | Dump saved → debug_logs/fail/tick0104.json
2025-06-29 16:46:09,270 | ERROR   | Solver failed | status=2 | SQP it=1000 | KKT=8.75e-11 | t=0.566s
2025-06-29 16:46:09,270 | ERROR   | Dump saved → debug_logs/fail/tick0105.json
2025-06-29 16:46:10,319 | ERROR   | Solver failed | status=2 | SQP it=1000 | KKT=6.41e-08 | t=0.646s
2025-06-29 16:46:10,320 | ERROR   | Dump saved → debug_logs/fail/tick0110.json
2025-06-29 16:46:11,243 | ERROR   | Solver failed | status=2 | SQP it=1000 | KKT=1.15e-11 | t=0.895s
2025-06-29 16:46:11,244 | ERROR   | Dump saved → debug_logs/fail/tick0111.json
2025-06-29 16:46:12,166 | ERROR   | Solver failed | status=2 | SQP it=1000 | KKT=1.15e-10 | t=0.894s
2025-06-29 16:46:12,167 | ERROR   | Dump saved → debug_logs/fail/tick0112.json
