2025-06-12 14:45:55,754 | INFO    | ===== INITIAL STATE DUMP =====
2025-06-12 14:45:55,755 | DEBUG   | {
  "xcurrent": [
    1.089695930480957,
    1.4088244438171387,
    0.08456537127494812,
    0.0,
    0.0,
    0.0
  ],
  "params": {
    "QC": 10,
    "QL": 80,
    "MU": 10,
    "DVTHETA_MAX": 2.0,
    "N": 20,
    "T_HORIZON": 1.05,
    "RAMP_TIME": 1.8,
    "BARRIER_WEIGHT": 10,
    "TUNNEL_WIDTH": 0.25,
    "Q_OMEGA": 2,
    "R_VTHETA": 1.0
  },
  "box_lims": {
    "vtheta_max": 2.0,
    "dvtheta_max": 2.0
  }
}
2025-06-12 14:45:58,424 | ERROR   | Solver failed | status=2 | SQP it=1000 | KKT=9.56e-08 | t=0.234s
2025-06-12 14:45:58,424 | ERROR   | Dump saved → debug_logs/fail/tick0005.json
