2025-06-06 18:56:01,332 | INFO    | ===== INITIAL STATE DUMP =====
2025-06-06 18:56:01,332 | DEBUG   | {
  "xcurrent": [
    1.089695930480957,
    1.4088244438171387,
    0.08456537127494812,
    0.0,
    0.0,
    0.0
  ],
  "params": {
    "QC": 10,
    "QL": 80,
    "MU": 10,
    "DVTHETA_MAX": 2,
    "N": 20,
    "T_HORIZON": 1.5,
    "RAMP_TIME": 1.8,
    "BARRIER_WEIGHT": 10,
    "TUNNEL_WIDTH": 0.5,
    "TUNNEL_WIDTH_GATE": 0.2,
    "Q_OMEGA": 2,
    "R_VTHETA": 1.0,
    "IN_GATE_RAMP_TIME": 0.4,
    "OUT_GATE_RAMP_TIME": 1.5
  },
  "box_lims": {
    "vtheta_max": 2.0,
    "dvtheta_max": 2.0
  }
}
2025-06-06 18:56:43,316 | ERROR   | Solver failed | status=1 | SQP it=7 | KKT=1.00e+00 | t=0.010s
2025-06-06 18:56:43,318 | ERROR   | Dump saved → debug_logs/fail/tick0231.json
2025-06-06 18:56:43,343 | ERROR   | Solver failed | status=1 | SQP it=0 | KKT=nan | t=0.000s
2025-06-06 18:56:43,343 | ERROR   | Dump saved → debug_logs/fail/tick0232.json
2025-06-06 18:56:43,367 | ERROR   | Solver failed | status=1 | SQP it=0 | KKT=nan | t=0.000s
2025-06-06 18:56:43,368 | ERROR   | Dump saved → debug_logs/fail/tick0233.json
2025-06-06 18:56:43,392 | ERROR   | Solver failed | status=1 | SQP it=0 | KKT=nan | t=0.000s
2025-06-06 18:56:43,392 | ERROR   | Dump saved → debug_logs/fail/tick0234.json
2025-06-06 18:56:43,416 | ERROR   | Solver failed | status=1 | SQP it=0 | KKT=nan | t=0.000s
2025-06-06 18:56:43,416 | ERROR   | Dump saved → debug_logs/fail/tick0235.json
2025-06-06 18:56:43,441 | ERROR   | Solver failed | status=1 | SQP it=0 | KKT=nan | t=0.000s
2025-06-06 18:56:43,441 | ERROR   | Dump saved → debug_logs/fail/tick0236.json
2025-06-06 18:56:43,466 | ERROR   | Solver failed | status=1 | SQP it=0 | KKT=nan | t=0.000s
2025-06-06 18:56:43,467 | ERROR   | Dump saved → debug_logs/fail/tick0237.json
2025-06-06 18:56:43,493 | ERROR   | Solver failed | status=1 | SQP it=0 | KKT=nan | t=0.000s
2025-06-06 18:56:43,494 | ERROR   | Dump saved → debug_logs/fail/tick0238.json
2025-06-06 18:56:43,520 | ERROR   | Solver failed | status=1 | SQP it=0 | KKT=nan | t=0.000s
2025-06-06 18:56:43,521 | ERROR   | Dump saved → debug_logs/fail/tick0239.json
2025-06-06 18:56:43,548 | ERROR   | Solver failed | status=1 | SQP it=0 | KKT=nan | t=0.000s
2025-06-06 18:56:43,549 | ERROR   | Dump saved → debug_logs/fail/tick0240.json
2025-06-06 18:56:43,575 | ERROR   | Solver failed | status=1 | SQP it=0 | KKT=nan | t=0.000s
2025-06-06 18:56:43,576 | ERROR   | Dump saved → debug_logs/fail/tick0241.json
2025-06-06 18:56:43,603 | ERROR   | Solver failed | status=1 | SQP it=0 | KKT=nan | t=0.000s
2025-06-06 18:56:43,603 | ERROR   | Dump saved → debug_logs/fail/tick0242.json
2025-06-06 18:56:43,630 | ERROR   | Solver failed | status=1 | SQP it=0 | KKT=nan | t=0.000s
2025-06-06 18:56:43,631 | ERROR   | Dump saved → debug_logs/fail/tick0243.json
2025-06-06 18:56:43,656 | ERROR   | Solver failed | status=1 | SQP it=0 | KKT=nan | t=0.000s
2025-06-06 18:56:43,657 | ERROR   | Dump saved → debug_logs/fail/tick0244.json
2025-06-06 18:56:43,683 | ERROR   | Solver failed | status=1 | SQP it=0 | KKT=nan | t=0.000s
2025-06-06 18:56:43,684 | ERROR   | Dump saved → debug_logs/fail/tick0245.json
2025-06-06 18:56:43,710 | ERROR   | Solver failed | status=1 | SQP it=0 | KKT=nan | t=0.000s
2025-06-06 18:56:43,711 | ERROR   | Dump saved → debug_logs/fail/tick0246.json
2025-06-06 18:56:43,737 | ERROR   | Solver failed | status=1 | SQP it=0 | KKT=nan | t=0.000s
2025-06-06 18:56:43,738 | ERROR   | Dump saved → debug_logs/fail/tick0247.json
2025-06-06 18:56:43,763 | ERROR   | Solver failed | status=1 | SQP it=0 | KKT=nan | t=0.000s
2025-06-06 18:56:43,764 | ERROR   | Dump saved → debug_logs/fail/tick0248.json
2025-06-06 18:56:43,790 | ERROR   | Solver failed | status=1 | SQP it=0 | KKT=nan | t=0.000s
2025-06-06 18:56:43,791 | ERROR   | Dump saved → debug_logs/fail/tick0249.json
2025-06-06 18:56:43,817 | ERROR   | Solver failed | status=1 | SQP it=0 | KKT=nan | t=0.000s
2025-06-06 18:56:43,818 | ERROR   | Dump saved → debug_logs/fail/tick0250.json
2025-06-06 18:56:43,844 | ERROR   | Solver failed | status=1 | SQP it=0 | KKT=nan | t=0.000s
2025-06-06 18:56:43,844 | ERROR   | Dump saved → debug_logs/fail/tick0251.json
