2025-06-06 16:08:52,686 | INFO    | ===== INITIAL STATE DUMP =====
2025-06-06 16:08:52,687 | DEBUG   | {
  "xcurrent": [
    1.089695930480957,
    1.4088244438171387,
    0.08456537127494812,
    0.0,
    0.0,
    0.0
  ],
  "params": {
    "QC": 10,
    "QL": 80,
    "MU": 10,
    "DVTHETA_MAX": 1.5,
    "N": 20,
    "T_HORIZON": 1.05,
    "RAMP_TIME": 1.8,
    "BARRIER_WEIGHT": 10,
    "TUNNEL_WIDTH": 0.25,
    "Q_OMEGA": 2,
    "R_VTHETA": 1.0,
    "GATE_RAMP_TIME": 0.01
  },
  "box_lims": {
    "vtheta_max": 1.5,
    "dvtheta_max": 1.5
  }
}
2025-06-06 16:08:56,155 | ERROR   | Solver failed | status=1 | SQP it=28 | KKT=7.67e-08 | t=0.026s
2025-06-06 16:08:56,156 | ERROR   | Dump saved → debug_logs/fail/tick0084.json
2025-06-06 16:08:56,183 | ERROR   | Solver failed | status=1 | SQP it=0 | KKT=nan | t=0.000s
2025-06-06 16:08:56,184 | ERROR   | Dump saved → debug_logs/fail/tick0085.json
2025-06-06 16:08:56,207 | ERROR   | Solver failed | status=1 | SQP it=0 | KKT=nan | t=0.000s
2025-06-06 16:08:56,208 | ERROR   | Dump saved → debug_logs/fail/tick0086.json
2025-06-06 16:08:56,231 | ERROR   | Solver failed | status=1 | SQP it=0 | KKT=nan | t=0.000s
2025-06-06 16:08:56,232 | ERROR   | Dump saved → debug_logs/fail/tick0087.json
2025-06-06 16:08:56,256 | ERROR   | Solver failed | status=1 | SQP it=0 | KKT=nan | t=0.000s
2025-06-06 16:08:56,257 | ERROR   | Dump saved → debug_logs/fail/tick0088.json
2025-06-06 16:08:56,282 | ERROR   | Solver failed | status=1 | SQP it=0 | KKT=nan | t=0.000s
2025-06-06 16:08:56,282 | ERROR   | Dump saved → debug_logs/fail/tick0089.json
2025-06-06 16:08:56,308 | ERROR   | Solver failed | status=1 | SQP it=0 | KKT=nan | t=0.000s
2025-06-06 16:08:56,308 | ERROR   | Dump saved → debug_logs/fail/tick0090.json
2025-06-06 16:08:56,334 | ERROR   | Solver failed | status=1 | SQP it=0 | KKT=nan | t=0.000s
2025-06-06 16:08:56,335 | ERROR   | Dump saved → debug_logs/fail/tick0091.json
2025-06-06 16:08:56,360 | ERROR   | Solver failed | status=1 | SQP it=0 | KKT=nan | t=0.000s
2025-06-06 16:08:56,360 | ERROR   | Dump saved → debug_logs/fail/tick0092.json
2025-06-06 16:08:56,386 | ERROR   | Solver failed | status=1 | SQP it=0 | KKT=nan | t=0.000s
2025-06-06 16:08:56,386 | ERROR   | Dump saved → debug_logs/fail/tick0093.json
2025-06-06 16:08:56,412 | ERROR   | Solver failed | status=4 | SQP it=1 | KKT=1.86e+02 | t=0.000s
2025-06-06 16:08:56,413 | ERROR   | Dump saved → debug_logs/fail/tick0094.json
