2025-06-28 18:44:22,248 | INFO    | ===== INITIAL STATE DUMP =====
2025-06-28 18:44:22,249 | DEBUG   | {
  "xcurrent": [
    1.089695930480957,
    1.4088244438171387,
    0.08456537127494812,
    0.0,
    0.0,
    0.0
  ],
  "params": {
    "QC": 10,
    "QC_GATE": 50,
    "QL": 40,
    "MU": 10,
    "DVTHETA_MAX": 1.4,
    "N": 20,
    "T_HORIZON": 0.9,
    "RAMP_TIME": 0.5,
    "BARRIER_WEIGHT": 10,
    "OBSTACLE_WEIGHT": [
      300,
      300,
      200,
      100
    ],
    "OBSTACLE_RADIUS": 0.25,
    "TUNNEL_WIDTH": 0.5,
    "TUNNEL_WIDTH_GATE": 0.15,
    "NARROW_DIST": 0.5,
    "GATE_FLAT_DIST": 0.3,
    "Q_OMEGA": 2,
    "R_VTHETA": 1.0,
    "REG_THRUST": 0.008,
    "REG_INPUTS": 0.02
  },
  "box_lims": {
    "vtheta_max": 1.4,
    "dvtheta_max": 1.4
  }
}
2025-06-28 18:44:26,207 | ERROR   | Solver failed | status=4 | SQP it=4 | KKT=3.65e-09 | t=0.004s
2025-06-28 18:44:26,208 | ERROR   | Dump saved → debug_logs/fail/tick0058.json
2025-06-28 18:44:26,239 | ERROR   | Solver failed | status=4 | SQP it=1 | KKT=1.47e+02 | t=0.001s
2025-06-28 18:44:26,240 | ERROR   | Dump saved → debug_logs/fail/tick0059.json
2025-06-28 18:44:26,270 | ERROR   | Solver failed | status=4 | SQP it=1 | KKT=1.48e+02 | t=0.001s
2025-06-28 18:44:26,270 | ERROR   | Dump saved → debug_logs/fail/tick0060.json
2025-06-28 18:44:26,867 | ERROR   | Solver failed | status=4 | SQP it=1 | KKT=1.48e+02 | t=0.003s
2025-06-28 18:44:26,869 | ERROR   | Dump saved → debug_logs/fail/tick0061.json
2025-06-28 18:44:26,913 | ERROR   | Solver failed | status=4 | SQP it=1 | KKT=1.48e+02 | t=0.001s
2025-06-28 18:44:26,914 | ERROR   | Dump saved → debug_logs/fail/tick0062.json
2025-06-28 18:44:26,949 | ERROR   | Solver failed | status=4 | SQP it=1 | KKT=1.48e+02 | t=0.001s
2025-06-28 18:44:26,950 | ERROR   | Dump saved → debug_logs/fail/tick0063.json
2025-06-28 18:44:26,982 | ERROR   | Solver failed | status=4 | SQP it=1 | KKT=1.48e+02 | t=0.001s
2025-06-28 18:44:26,984 | ERROR   | Dump saved → debug_logs/fail/tick0064.json
2025-06-28 18:44:27,016 | ERROR   | Solver failed | status=4 | SQP it=1 | KKT=1.48e+02 | t=0.002s
2025-06-28 18:44:27,016 | ERROR   | Dump saved → debug_logs/fail/tick0065.json
2025-06-28 18:44:27,048 | ERROR   | Solver failed | status=4 | SQP it=1 | KKT=1.48e+02 | t=0.002s
2025-06-28 18:44:27,049 | ERROR   | Dump saved → debug_logs/fail/tick0066.json
2025-06-28 18:44:27,078 | ERROR   | Solver failed | status=4 | SQP it=1 | KKT=1.48e+02 | t=0.002s
2025-06-28 18:44:27,080 | ERROR   | Dump saved → debug_logs/fail/tick0067.json
2025-06-28 18:44:27,116 | ERROR   | Solver failed | status=4 | SQP it=10 | KKT=4.44e-16 | t=0.010s
2025-06-28 18:44:27,117 | ERROR   | Dump saved → debug_logs/fail/tick0068.json
2025-06-28 18:44:28,312 | ERROR   | Solver failed | status=4 | SQP it=1 | KKT=1.59e+02 | t=0.003s
2025-06-28 18:44:28,316 | ERROR   | Dump saved → debug_logs/fail/tick0069.json
2025-06-28 18:44:28,359 | ERROR   | Solver failed | status=4 | SQP it=1 | KKT=1.59e+02 | t=0.001s
2025-06-28 18:44:28,360 | ERROR   | Dump saved → debug_logs/fail/tick0070.json
