2025-06-28 20:55:25,836 | INFO    | ===== INITIAL STATE DUMP =====
2025-06-28 20:55:25,836 | DEBUG   | {
  "xcurrent": [
    1.089695930480957,
    1.4088244438171387,
    0.08456537127494812,
    0.0,
    0.0,
    0.0
  ],
  "params": {
    "QC": 10,
    "QC_GATE": 50,
    "QL": 40,
    "MU": 10,
    "DVTHETA_MAX": 1.6,
    "N": 20,
    "T_HORIZON": 0.7,
    "RAMP_TIME": 0.7,
    "BARRIER_WEIGHT": 10,
    "OBSTACLE_WEIGHT": [
      30,
      30,
      30,
      30
    ],
    "OBSTACLE_RADIUS": 0.25,
    "OBSTACLE_ALPHA": 100.0,
    "TUNNEL_WIDTH": 0.4,
    "TUNNEL_WIDTH_GATE": 0.15,
    "NARROW_DIST": 0.6,
    "GATE_FLAT_DIST": 0.45,
    "Q_OMEGA": 2,
    "R_VTHETA": 1.0,
    "REG_THRUST": 0.02,
    "REG_INPUTS": 0.8
  },
  "box_lims": {
    "vtheta_max": 1.6,
    "dvtheta_max": 1.6
  }
}
2025-06-28 20:55:27,466 | ERROR   | Solver failed | status=2 | SQP it=1000 | KKT=3.29e-09 | t=0.539s
2025-06-28 20:55:27,467 | ERROR   | Dump saved → debug_logs/fail/tick0001.json
2025-06-28 20:55:28,093 | ERROR   | Solver failed | status=2 | SQP it=1000 | KKT=1.34e-15 | t=0.565s
2025-06-28 20:55:28,094 | ERROR   | Dump saved → debug_logs/fail/tick0002.json
2025-06-28 20:55:28,671 | ERROR   | Solver failed | status=2 | SQP it=1000 | KKT=9.65e-08 | t=0.546s
2025-06-28 20:55:28,672 | ERROR   | Dump saved → debug_logs/fail/tick0003.json
2025-06-28 20:55:46,325 | INFO    | ===== INITIAL STATE DUMP =====
2025-06-28 20:55:46,326 | DEBUG   | {
  "xcurrent": [
    0.9395605325698853,
    1.4897215366363525,
    0.08280151337385178,
    0.0,
    0.0,
    0.0
  ],
  "params": {
    "QC": 10,
    "QC_GATE": 50,
    "QL": 40,
    "MU": 10,
    "DVTHETA_MAX": 1.6,
    "N": 20,
    "T_HORIZON": 0.7,
    "RAMP_TIME": 0.7,
    "BARRIER_WEIGHT": 10,
    "OBSTACLE_WEIGHT": [
      30,
      30,
      30,
      30
    ],
    "OBSTACLE_RADIUS": 0.25,
    "OBSTACLE_ALPHA": 100.0,
    "TUNNEL_WIDTH": 0.4,
    "TUNNEL_WIDTH_GATE": 0.15,
    "NARROW_DIST": 0.6,
    "GATE_FLAT_DIST": 0.45,
    "Q_OMEGA": 2,
    "R_VTHETA": 1.0,
    "REG_THRUST": 0.02,
    "REG_INPUTS": 0.8
  },
  "box_lims": {
    "vtheta_max": 1.6,
    "dvtheta_max": 1.6
  }
}
2025-06-28 20:55:47,044 | ERROR   | Solver failed | status=2 | SQP it=1000 | KKT=4.84e-09 | t=0.650s
2025-06-28 20:55:47,044 | ERROR   | Dump saved → debug_logs/fail/tick0001.json
2025-06-28 20:55:47,705 | ERROR   | Solver failed | status=2 | SQP it=1000 | KKT=5.43e-08 | t=0.633s
2025-06-28 20:55:47,706 | ERROR   | Dump saved → debug_logs/fail/tick0002.json
