2025-07-03 12:13:52,773 | INFO    | ===== INITIAL STATE DUMP =====
2025-07-03 12:13:52,774 | DEBUG   | {
  "xcurrent": [
    1.089695930480957,
    1.4088244438171387,
    0.08456537127494812,
    0.0,
    0.0,
    0.0
  ],
  "params": {
    "QC": 10,
    "QL": 40,
    "MU": 10,
    "DVTHETA_MAX": 1.0,
    "N": 20,
    "T_HORIZON": 0.7,
    "RAMP_TIME": 1.8,
    "BW_RAMP": 1,
    "BARRIER_WEIGHT": 100,
    "TUNNEL_WIDTH": 0.4,
    "TUNNEL_WIDTH_GATE": 0.15,
    "NARROW_DIST": 0.7,
    "GATE_FLAT_DIST": 0.1,
    "Q_OMEGA": 0,
    "R_VTHETA": 1.0,
    "REG_THRUST": 0.0001,
    "REG_INPUTS": 0.09
  },
  "box_lims": {
    "vtheta_max": 1.0,
    "dvtheta_max": 1.0
  }
}
2025-07-03 12:13:54,581 | ERROR   | Solver failed | status=2 | SQP it=1000 | KKT=6.20e-08 | t=0.272s
2025-07-03 12:13:54,581 | ERROR   | Dump saved → debug_logs/fail/tick0014.json
2025-07-03 12:14:02,778 | INFO    | ===== INITIAL STATE DUMP =====
2025-07-03 12:14:02,779 | DEBUG   | {
  "xcurrent": [
    0.919409453868866,
    1.5226045846939087,
    0.07932590693235397,
    0.0,
    0.0,
    0.0
  ],
  "params": {
    "QC": 10,
    "QL": 40,
    "MU": 10,
    "DVTHETA_MAX": 1.0,
    "N": 20,
    "T_HORIZON": 0.7,
    "RAMP_TIME": 1.8,
    "BW_RAMP": 1,
    "BARRIER_WEIGHT": 100,
    "TUNNEL_WIDTH": 0.4,
    "TUNNEL_WIDTH_GATE": 0.15,
    "NARROW_DIST": 0.7,
    "GATE_FLAT_DIST": 0.1,
    "Q_OMEGA": 0,
    "R_VTHETA": 1.0,
    "REG_THRUST": 0.0001,
    "REG_INPUTS": 0.09
  },
  "box_lims": {
    "vtheta_max": 1.0,
    "dvtheta_max": 1.0
  }
}
2025-07-03 12:14:06,670 | ERROR   | Solver failed | status=2 | SQP it=1000 | KKT=9.96e-08 | t=0.473s
2025-07-03 12:14:06,672 | ERROR   | Dump saved → debug_logs/fail/tick0124.json
2025-07-03 12:14:07,141 | ERROR   | Solver failed | status=2 | SQP it=1000 | KKT=4.94e-11 | t=0.460s
2025-07-03 12:14:07,142 | ERROR   | Dump saved → debug_logs/fail/tick0125.json
