2025-06-29 11:35:50,602 | INFO    | ===== INITIAL STATE DUMP =====
2025-06-29 11:35:50,603 | DEBUG   | {
  "xcurrent": [
    1.089695930480957,
    1.4088244438171387,
    0.08456537127494812,
    0.0,
    0.0,
    0.0
  ],
  "params": {
    "QC": 10,
    "QC_GATE": 50,
    "QL": 40,
    "MU": 10,
    "DVTHETA_MAX": 1.6,
    "N": 20,
    "T_HORIZON": 0.7,
    "RAMP_TIME": 0.1,
    "BARRIER_WEIGHT": 50,
    "TUNNEL_WIDTH": 0.4,
    "TUNNEL_WIDTH_GATE": 0.15,
    "NARROW_DIST": 0.6,
    "GATE_FLAT_DIST": 0.45,
    "Q_OMEGA": 2,
    "R_VTHETA": 1.0,
    "REG_THRUST": 0.009,
    "REG_INPUTS": 0.1
  },
  "box_lims": {
    "vtheta_max": 1.6,
    "dvtheta_max": 1.6
  }
}
2025-06-29 11:35:59,950 | INFO    | ===== INITIAL STATE DUMP =====
2025-06-29 11:35:59,950 | DEBUG   | {
  "xcurrent": [
    1.050594687461853,
    1.4977706670761108,
    0.08238659054040909,
    0.0,
    0.0,
    0.0
  ],
  "params": {
    "QC": 10,
    "QC_GATE": 50,
    "QL": 40,
    "MU": 10,
    "DVTHETA_MAX": 1.6,
    "N": 20,
    "T_HORIZON": 0.7,
    "RAMP_TIME": 0.1,
    "BARRIER_WEIGHT": 50,
    "TUNNEL_WIDTH": 0.4,
    "TUNNEL_WIDTH_GATE": 0.15,
    "NARROW_DIST": 0.6,
    "GATE_FLAT_DIST": 0.45,
    "Q_OMEGA": 2,
    "R_VTHETA": 1.0,
    "REG_THRUST": 0.009,
    "REG_INPUTS": 0.1
  },
  "box_lims": {
    "vtheta_max": 1.6,
    "dvtheta_max": 1.6
  }
}
2025-06-29 11:36:13,667 | INFO    | ===== INITIAL STATE DUMP =====
2025-06-29 11:36:13,667 | DEBUG   | {
  "xcurrent": [
    0.9999309778213501,
    1.4672918319702148,
    0.07441362738609314,
    0.0,
    0.0,
    0.0
  ],
  "params": {
    "QC": 10,
    "QC_GATE": 50,
    "QL": 40,
    "MU": 10,
    "DVTHETA_MAX": 1.6,
    "N": 20,
    "T_HORIZON": 0.7,
    "RAMP_TIME": 0.1,
    "BARRIER_WEIGHT": 50,
    "TUNNEL_WIDTH": 0.4,
    "TUNNEL_WIDTH_GATE": 0.15,
    "NARROW_DIST": 0.6,
    "GATE_FLAT_DIST": 0.45,
    "Q_OMEGA": 2,
    "R_VTHETA": 1.0,
    "REG_THRUST": 0.009,
    "REG_INPUTS": 0.1
  },
  "box_lims": {
    "vtheta_max": 1.6,
    "dvtheta_max": 1.6
  }
}
2025-06-29 11:36:28,001 | INFO    | ===== INITIAL STATE DUMP =====
2025-06-29 11:36:28,001 | DEBUG   | {
  "xcurrent": [
    0.9143221378326416,
    1.4095630645751953,
    0.0785132348537445,
    0.0,
    0.0,
    0.0
  ],
  "params": {
    "QC": 10,
    "QC_GATE": 50,
    "QL": 40,
    "MU": 10,
    "DVTHETA_MAX": 1.6,
    "N": 20,
    "T_HORIZON": 0.7,
    "RAMP_TIME": 0.1,
    "BARRIER_WEIGHT": 50,
    "TUNNEL_WIDTH": 0.4,
    "TUNNEL_WIDTH_GATE": 0.15,
    "NARROW_DIST": 0.6,
    "GATE_FLAT_DIST": 0.45,
    "Q_OMEGA": 2,
    "R_VTHETA": 1.0,
    "REG_THRUST": 0.009,
    "REG_INPUTS": 0.1
  },
  "box_lims": {
    "vtheta_max": 1.6,
    "dvtheta_max": 1.6
  }
}
2025-06-29 11:36:33,639 | INFO    | ===== INITIAL STATE DUMP =====
2025-06-29 11:36:33,639 | DEBUG   | {
  "xcurrent": [
    1.0813699960708618,
    1.4751341342926025,
    0.07670088112354279,
    0.0,
    0.0,
    0.0
  ],
  "params": {
    "QC": 10,
    "QC_GATE": 50,
    "QL": 40,
    "MU": 10,
    "DVTHETA_MAX": 1.6,
    "N": 20,
    "T_HORIZON": 0.7,
    "RAMP_TIME": 0.1,
    "BARRIER_WEIGHT": 50,
    "TUNNEL_WIDTH": 0.4,
    "TUNNEL_WIDTH_GATE": 0.15,
    "NARROW_DIST": 0.6,
    "GATE_FLAT_DIST": 0.45,
    "Q_OMEGA": 2,
    "R_VTHETA": 1.0,
    "REG_THRUST": 0.009,
    "REG_INPUTS": 0.1
  },
  "box_lims": {
    "vtheta_max": 1.6,
    "dvtheta_max": 1.6
  }
}
2025-06-29 11:36:39,702 | ERROR   | Solver failed | status=2 | SQP it=1000 | KKT=5.31e-12 | t=1.184s
2025-06-29 11:36:39,704 | ERROR   | Dump saved → debug_logs/fail/tick0153.json
2025-06-29 11:36:40,919 | ERROR   | Solver failed | status=2 | SQP it=1000 | KKT=2.53e-09 | t=1.178s
2025-06-29 11:36:40,920 | ERROR   | Dump saved → debug_logs/fail/tick0154.json
