2025-06-29 16:39:51,576 | INFO    | ===== INITIAL STATE DUMP =====
2025-06-29 16:39:51,577 | DEBUG   | {
  "xcurrent": [
    1.089695930480957,
    1.4088244438171387,
    0.08456537127494812,
    0.0,
    0.0,
    0.0
  ],
  "params": {
    "QC": 10,
    "QL": 40,
    "MU": 10,
    "DVTHETA_MAX": 1.7,
    "N": 20,
    "T_HORIZON": 1.0,
    "RAMP_TIME": 1.8,
    "BW_RAMP": 1.0,
    "BARRIER_WEIGHT": 10,
    "TUNNEL_WIDTH": 0.4,
    "TUNNEL_WIDTH_GATE": 0.15,
    "NARROW_DIST": 0.7,
    "GATE_FLAT_DIST": 0.2,
    "Q_OMEGA": 2,
    "R_VTHETA": 1.0,
    "IN_GATE_RAMP_TIME": 0.3,
    "OUT_GATE_RAMP_TIME": 0.5,
    "REG_THRUST": 0.018,
    "REG_INPUTS": 0.1
  },
  "box_lims": {
    "vtheta_max": 1.7,
    "dvtheta_max": 1.7
  }
}
2025-06-29 16:39:53,152 | ERROR   | Solver failed | status=2 | SQP it=1000 | KKT=4.57e-08 | t=0.275s
2025-06-29 16:39:53,152 | ERROR   | Dump saved → debug_logs/fail/tick0007.json
2025-06-29 16:40:17,184 | INFO    | ===== INITIAL STATE DUMP =====
2025-06-29 16:40:17,184 | DEBUG   | {
  "xcurrent": [
    0.9804356098175049,
    1.473188042640686,
    0.07493816316127777,
    0.0,
    0.0,
    0.0
  ],
  "params": {
    "QC": 10,
    "QL": 40,
    "MU": 10,
    "DVTHETA_MAX": 1.7,
    "N": 20,
    "T_HORIZON": 1.0,
    "RAMP_TIME": 1.8,
    "BW_RAMP": 1.0,
    "BARRIER_WEIGHT": 10,
    "TUNNEL_WIDTH": 0.4,
    "TUNNEL_WIDTH_GATE": 0.15,
    "NARROW_DIST": 0.7,
    "GATE_FLAT_DIST": 0.2,
    "Q_OMEGA": 2,
    "R_VTHETA": 1.0,
    "IN_GATE_RAMP_TIME": 0.3,
    "OUT_GATE_RAMP_TIME": 0.5,
    "REG_THRUST": 0.018,
    "REG_INPUTS": 0.1
  },
  "box_lims": {
    "vtheta_max": 1.7,
    "dvtheta_max": 1.7
  }
}
2025-06-29 16:40:19,960 | ERROR   | Solver failed | status=4 | SQP it=50 | KKT=4.62e-08 | t=0.045s
2025-06-29 16:40:19,962 | ERROR   | Dump saved → debug_logs/fail/tick0092.json
2025-06-29 16:40:19,990 | ERROR   | Solver failed | status=4 | SQP it=1 | KKT=1.01e+02 | t=0.000s
2025-06-29 16:40:19,991 | ERROR   | Dump saved → debug_logs/fail/tick0093.json
2025-06-29 16:40:20,015 | ERROR   | Solver failed | status=4 | SQP it=1 | KKT=1.01e+02 | t=0.000s
2025-06-29 16:40:20,015 | ERROR   | Dump saved → debug_logs/fail/tick0094.json
2025-06-29 16:40:20,040 | ERROR   | Solver failed | status=4 | SQP it=1 | KKT=1.01e+02 | t=0.000s
2025-06-29 16:40:20,041 | ERROR   | Dump saved → debug_logs/fail/tick0095.json
2025-06-29 16:40:20,065 | ERROR   | Solver failed | status=4 | SQP it=1 | KKT=1.01e+02 | t=0.000s
2025-06-29 16:40:20,066 | ERROR   | Dump saved → debug_logs/fail/tick0096.json
2025-06-29 16:40:20,090 | ERROR   | Solver failed | status=1 | SQP it=0 | KKT=nan | t=0.000s
2025-06-29 16:40:20,091 | ERROR   | Dump saved → debug_logs/fail/tick0097.json
2025-06-29 16:40:20,116 | ERROR   | Solver failed | status=1 | SQP it=0 | KKT=nan | t=0.000s
2025-06-29 16:40:20,117 | ERROR   | Dump saved → debug_logs/fail/tick0098.json
2025-06-29 16:40:20,142 | ERROR   | Solver failed | status=1 | SQP it=0 | KKT=nan | t=0.000s
2025-06-29 16:40:20,143 | ERROR   | Dump saved → debug_logs/fail/tick0099.json
2025-06-29 16:40:20,168 | ERROR   | Solver failed | status=4 | SQP it=1 | KKT=1.01e+02 | t=0.000s
2025-06-29 16:40:20,169 | ERROR   | Dump saved → debug_logs/fail/tick0100.json
2025-06-29 16:40:20,193 | ERROR   | Solver failed | status=4 | SQP it=1 | KKT=1.01e+02 | t=0.000s
2025-06-29 16:40:20,194 | ERROR   | Dump saved → debug_logs/fail/tick0101.json
2025-06-29 16:40:20,218 | ERROR   | Solver failed | status=4 | SQP it=1 | KKT=1.01e+02 | t=0.000s
2025-06-29 16:40:20,219 | ERROR   | Dump saved → debug_logs/fail/tick0102.json
2025-06-29 16:40:20,245 | ERROR   | Solver failed | status=4 | SQP it=1 | KKT=1.01e+02 | t=0.000s
2025-06-29 16:40:20,246 | ERROR   | Dump saved → debug_logs/fail/tick0103.json
2025-06-29 16:40:20,273 | ERROR   | Solver failed | status=4 | SQP it=1 | KKT=1.00e+02 | t=0.000s
2025-06-29 16:40:20,274 | ERROR   | Dump saved → debug_logs/fail/tick0104.json
2025-06-29 16:40:20,301 | ERROR   | Solver failed | status=4 | SQP it=1 | KKT=1.00e+02 | t=0.000s
2025-06-29 16:40:20,301 | ERROR   | Dump saved → debug_logs/fail/tick0105.json
2025-06-29 16:40:20,327 | ERROR   | Solver failed | status=4 | SQP it=1 | KKT=1.00e+02 | t=0.000s
2025-06-29 16:40:20,328 | ERROR   | Dump saved → debug_logs/fail/tick0106.json
2025-06-29 16:40:20,356 | ERROR   | Solver failed | status=4 | SQP it=1 | KKT=1.00e+02 | t=0.000s
2025-06-29 16:40:20,357 | ERROR   | Dump saved → debug_logs/fail/tick0107.json
2025-06-29 16:40:20,384 | ERROR   | Solver failed | status=4 | SQP it=1 | KKT=9.48e+01 | t=0.000s
2025-06-29 16:40:20,385 | ERROR   | Dump saved → debug_logs/fail/tick0108.json
2025-06-29 16:40:20,412 | ERROR   | Solver failed | status=4 | SQP it=1 | KKT=9.45e+01 | t=0.000s
2025-06-29 16:40:20,414 | ERROR   | Dump saved → debug_logs/fail/tick0109.json
2025-06-29 16:40:20,443 | ERROR   | Solver failed | status=4 | SQP it=1 | KKT=7.96e+01 | t=0.000s
2025-06-29 16:40:20,443 | ERROR   | Dump saved → debug_logs/fail/tick0110.json
2025-06-29 16:40:20,474 | ERROR   | Solver failed | status=4 | SQP it=1 | KKT=8.00e+01 | t=0.000s
2025-06-29 16:40:20,474 | ERROR   | Dump saved → debug_logs/fail/tick0111.json
2025-06-29 16:40:20,499 | ERROR   | Solver failed | status=4 | SQP it=1 | KKT=7.84e+01 | t=0.000s
2025-06-29 16:40:20,499 | ERROR   | Dump saved → debug_logs/fail/tick0112.json
2025-06-29 16:40:20,523 | ERROR   | Solver failed | status=4 | SQP it=1 | KKT=8.03e+01 | t=0.000s
2025-06-29 16:40:20,524 | ERROR   | Dump saved → debug_logs/fail/tick0113.json
2025-06-29 16:40:20,550 | ERROR   | Solver failed | status=4 | SQP it=1 | KKT=8.91e+01 | t=0.000s
2025-06-29 16:40:20,551 | ERROR   | Dump saved → debug_logs/fail/tick0114.json
2025-06-29 16:40:20,575 | ERROR   | Solver failed | status=4 | SQP it=1 | KKT=8.91e+01 | t=0.000s
2025-06-29 16:40:20,576 | ERROR   | Dump saved → debug_logs/fail/tick0115.json
2025-06-29 16:40:20,600 | ERROR   | Solver failed | status=4 | SQP it=1 | KKT=8.90e+01 | t=0.000s
2025-06-29 16:40:20,601 | ERROR   | Dump saved → debug_logs/fail/tick0116.json
2025-06-29 16:40:20,626 | ERROR   | Solver failed | status=4 | SQP it=1 | KKT=9.72e+01 | t=0.000s
2025-06-29 16:40:20,627 | ERROR   | Dump saved → debug_logs/fail/tick0117.json
2025-06-29 16:40:20,651 | ERROR   | Solver failed | status=4 | SQP it=1 | KKT=9.72e+01 | t=0.000s
2025-06-29 16:40:20,652 | ERROR   | Dump saved → debug_logs/fail/tick0118.json
2025-06-29 16:40:20,677 | ERROR   | Solver failed | status=4 | SQP it=1 | KKT=9.72e+01 | t=0.000s
2025-06-29 16:40:20,677 | ERROR   | Dump saved → debug_logs/fail/tick0119.json
2025-06-29 16:40:20,703 | ERROR   | Solver failed | status=4 | SQP it=1 | KKT=9.72e+01 | t=0.000s
2025-06-29 16:40:20,704 | ERROR   | Dump saved → debug_logs/fail/tick0120.json
2025-06-29 16:40:20,729 | ERROR   | Solver failed | status=4 | SQP it=1 | KKT=9.72e+01 | t=0.000s
2025-06-29 16:40:20,730 | ERROR   | Dump saved → debug_logs/fail/tick0121.json
2025-06-29 16:40:20,757 | ERROR   | Solver failed | status=4 | SQP it=1 | KKT=9.72e+01 | t=0.000s
2025-06-29 16:40:20,758 | ERROR   | Dump saved → debug_logs/fail/tick0122.json
2025-06-29 16:40:20,783 | ERROR   | Solver failed | status=4 | SQP it=1 | KKT=8.47e+01 | t=0.000s
2025-06-29 16:40:20,784 | ERROR   | Dump saved → debug_logs/fail/tick0123.json
2025-06-29 16:40:20,811 | ERROR   | Solver failed | status=4 | SQP it=1 | KKT=9.81e+01 | t=0.000s
2025-06-29 16:40:20,812 | ERROR   | Dump saved → debug_logs/fail/tick0124.json
2025-06-29 16:40:20,841 | ERROR   | Solver failed | status=4 | SQP it=1 | KKT=9.97e+01 | t=0.000s
2025-06-29 16:40:20,842 | ERROR   | Dump saved → debug_logs/fail/tick0125.json
2025-06-29 16:40:20,868 | ERROR   | Solver failed | status=1 | SQP it=0 | KKT=nan | t=0.000s
2025-06-29 16:40:20,869 | ERROR   | Dump saved → debug_logs/fail/tick0126.json
2025-06-29 16:40:20,896 | ERROR   | Solver failed | status=1 | SQP it=0 | KKT=nan | t=0.000s
2025-06-29 16:40:20,897 | ERROR   | Dump saved → debug_logs/fail/tick0127.json
2025-06-29 16:40:20,924 | ERROR   | Solver failed | status=1 | SQP it=0 | KKT=nan | t=0.000s
2025-06-29 16:40:20,925 | ERROR   | Dump saved → debug_logs/fail/tick0128.json
2025-06-29 16:40:20,952 | ERROR   | Solver failed | status=1 | SQP it=0 | KKT=nan | t=0.000s
2025-06-29 16:40:20,953 | ERROR   | Dump saved → debug_logs/fail/tick0129.json
2025-06-29 16:40:20,982 | ERROR   | Solver failed | status=1 | SQP it=0 | KKT=nan | t=0.000s
2025-06-29 16:40:20,982 | ERROR   | Dump saved → debug_logs/fail/tick0130.json
2025-06-29 16:40:21,010 | ERROR   | Solver failed | status=1 | SQP it=0 | KKT=nan | t=0.000s
2025-06-29 16:40:21,011 | ERROR   | Dump saved → debug_logs/fail/tick0131.json
2025-06-29 16:40:21,040 | ERROR   | Solver failed | status=1 | SQP it=0 | KKT=nan | t=0.000s
2025-06-29 16:40:21,041 | ERROR   | Dump saved → debug_logs/fail/tick0132.json
2025-06-29 16:40:21,065 | ERROR   | Solver failed | status=1 | SQP it=0 | KKT=nan | t=0.000s
2025-06-29 16:40:21,066 | ERROR   | Dump saved → debug_logs/fail/tick0133.json
2025-06-29 16:40:21,091 | ERROR   | Solver failed | status=1 | SQP it=0 | KKT=nan | t=0.000s
2025-06-29 16:40:21,091 | ERROR   | Dump saved → debug_logs/fail/tick0134.json
2025-06-29 16:40:21,116 | ERROR   | Solver failed | status=1 | SQP it=0 | KKT=nan | t=0.000s
2025-06-29 16:40:21,116 | ERROR   | Dump saved → debug_logs/fail/tick0135.json
2025-06-29 16:40:22,493 | INFO    | ===== INITIAL STATE DUMP =====
2025-06-29 16:40:22,493 | DEBUG   | {
  "xcurrent": [
    0.9977943301200867,
    1.5959362983703613,
    0.08930975198745728,
    0.0,
    0.0,
    0.0
  ],
  "params": {
    "QC": 10,
    "QL": 40,
    "MU": 10,
    "DVTHETA_MAX": 1.7,
    "N": 20,
    "T_HORIZON": 1.0,
    "RAMP_TIME": 1.8,
    "BW_RAMP": 1.0,
    "BARRIER_WEIGHT": 10,
    "TUNNEL_WIDTH": 0.4,
    "TUNNEL_WIDTH_GATE": 0.15,
    "NARROW_DIST": 0.7,
    "GATE_FLAT_DIST": 0.2,
    "Q_OMEGA": 2,
    "R_VTHETA": 1.0,
    "IN_GATE_RAMP_TIME": 0.3,
    "OUT_GATE_RAMP_TIME": 0.5,
    "REG_THRUST": 0.018,
    "REG_INPUTS": 0.1
  },
  "box_lims": {
    "vtheta_max": 1.7,
    "dvtheta_max": 1.7
  }
}
2025-06-29 16:40:25,352 | ERROR   | Solver failed | status=1 | SQP it=30 | KKT=3.17e-10 | t=0.027s
2025-06-29 16:40:25,353 | ERROR   | Dump saved → debug_logs/fail/tick0094.json
2025-06-29 16:40:25,379 | ERROR   | Solver failed | status=1 | SQP it=0 | KKT=nan | t=0.000s
2025-06-29 16:40:25,380 | ERROR   | Dump saved → debug_logs/fail/tick0095.json
2025-06-29 16:40:25,407 | ERROR   | Solver failed | status=1 | SQP it=0 | KKT=nan | t=0.000s
2025-06-29 16:40:25,408 | ERROR   | Dump saved → debug_logs/fail/tick0096.json
2025-06-29 16:40:25,435 | ERROR   | Solver failed | status=1 | SQP it=0 | KKT=nan | t=0.000s
2025-06-29 16:40:25,435 | ERROR   | Dump saved → debug_logs/fail/tick0097.json
2025-06-29 16:40:25,462 | ERROR   | Solver failed | status=1 | SQP it=0 | KKT=nan | t=0.000s
2025-06-29 16:40:25,463 | ERROR   | Dump saved → debug_logs/fail/tick0098.json
2025-06-29 16:40:25,490 | ERROR   | Solver failed | status=1 | SQP it=0 | KKT=nan | t=0.000s
2025-06-29 16:40:25,491 | ERROR   | Dump saved → debug_logs/fail/tick0099.json
2025-06-29 16:40:25,519 | ERROR   | Solver failed | status=1 | SQP it=0 | KKT=nan | t=0.000s
2025-06-29 16:40:25,519 | ERROR   | Dump saved → debug_logs/fail/tick0100.json
2025-06-29 16:40:25,543 | ERROR   | Solver failed | status=1 | SQP it=0 | KKT=nan | t=0.000s
2025-06-29 16:40:25,544 | ERROR   | Dump saved → debug_logs/fail/tick0101.json
2025-06-29 16:40:25,568 | ERROR   | Solver failed | status=1 | SQP it=0 | KKT=nan | t=0.000s
2025-06-29 16:40:25,569 | ERROR   | Dump saved → debug_logs/fail/tick0102.json
2025-06-29 16:40:25,593 | ERROR   | Solver failed | status=1 | SQP it=0 | KKT=nan | t=0.000s
2025-06-29 16:40:25,594 | ERROR   | Dump saved → debug_logs/fail/tick0103.json
2025-06-29 16:40:25,618 | ERROR   | Solver failed | status=1 | SQP it=0 | KKT=nan | t=0.000s
2025-06-29 16:40:25,619 | ERROR   | Dump saved → debug_logs/fail/tick0104.json
2025-06-29 16:40:25,644 | ERROR   | Solver failed | status=1 | SQP it=0 | KKT=nan | t=0.000s
2025-06-29 16:40:25,645 | ERROR   | Dump saved → debug_logs/fail/tick0105.json
2025-06-29 16:40:25,669 | ERROR   | Solver failed | status=1 | SQP it=0 | KKT=nan | t=0.000s
2025-06-29 16:40:25,670 | ERROR   | Dump saved → debug_logs/fail/tick0106.json
2025-06-29 16:40:25,695 | ERROR   | Solver failed | status=1 | SQP it=0 | KKT=nan | t=0.000s
2025-06-29 16:40:25,696 | ERROR   | Dump saved → debug_logs/fail/tick0107.json
2025-06-29 16:40:25,720 | ERROR   | Solver failed | status=4 | SQP it=1 | KKT=3.15e+02 | t=0.000s
2025-06-29 16:40:25,720 | ERROR   | Dump saved → debug_logs/fail/tick0108.json
2025-06-29 16:40:25,745 | ERROR   | Solver failed | status=4 | SQP it=1 | KKT=3.15e+02 | t=0.000s
2025-06-29 16:40:25,746 | ERROR   | Dump saved → debug_logs/fail/tick0109.json
2025-06-29 16:40:25,773 | ERROR   | Solver failed | status=4 | SQP it=1 | KKT=3.17e+02 | t=0.000s
2025-06-29 16:40:25,774 | ERROR   | Dump saved → debug_logs/fail/tick0110.json
2025-06-29 16:40:25,799 | ERROR   | Solver failed | status=4 | SQP it=1 | KKT=3.17e+02 | t=0.000s
2025-06-29 16:40:25,800 | ERROR   | Dump saved → debug_logs/fail/tick0111.json
2025-06-29 16:40:25,826 | ERROR   | Solver failed | status=4 | SQP it=1 | KKT=3.18e+02 | t=0.000s
2025-06-29 16:40:25,826 | ERROR   | Dump saved → debug_logs/fail/tick0112.json
2025-06-29 16:40:25,853 | ERROR   | Solver failed | status=4 | SQP it=1 | KKT=3.18e+02 | t=0.000s
2025-06-29 16:40:25,854 | ERROR   | Dump saved → debug_logs/fail/tick0113.json
2025-06-29 16:40:25,879 | ERROR   | Solver failed | status=4 | SQP it=1 | KKT=3.19e+02 | t=0.000s
2025-06-29 16:40:25,880 | ERROR   | Dump saved → debug_logs/fail/tick0114.json
2025-06-29 16:40:25,907 | ERROR   | Solver failed | status=4 | SQP it=1 | KKT=3.15e+02 | t=0.000s
2025-06-29 16:40:25,908 | ERROR   | Dump saved → debug_logs/fail/tick0115.json
2025-06-29 16:40:25,936 | ERROR   | Solver failed | status=4 | SQP it=1 | KKT=3.15e+02 | t=0.000s
2025-06-29 16:40:25,937 | ERROR   | Dump saved → debug_logs/fail/tick0116.json
2025-06-29 16:40:25,965 | ERROR   | Solver failed | status=4 | SQP it=1 | KKT=3.15e+02 | t=0.000s
2025-06-29 16:40:25,966 | ERROR   | Dump saved → debug_logs/fail/tick0117.json
2025-06-29 16:40:25,993 | ERROR   | Solver failed | status=4 | SQP it=1 | KKT=3.15e+02 | t=0.000s
2025-06-29 16:40:25,994 | ERROR   | Dump saved → debug_logs/fail/tick0118.json
2025-06-29 16:40:26,024 | ERROR   | Solver failed | status=4 | SQP it=1 | KKT=3.15e+02 | t=0.000s
2025-06-29 16:40:26,025 | ERROR   | Dump saved → debug_logs/fail/tick0119.json
2025-06-29 16:40:26,053 | ERROR   | Solver failed | status=4 | SQP it=1 | KKT=3.15e+02 | t=0.000s
2025-06-29 16:40:26,053 | ERROR   | Dump saved → debug_logs/fail/tick0120.json
2025-06-29 16:40:26,082 | ERROR   | Solver failed | status=4 | SQP it=1 | KKT=3.15e+02 | t=0.000s
2025-06-29 16:40:26,083 | ERROR   | Dump saved → debug_logs/fail/tick0121.json
2025-06-29 16:40:26,111 | ERROR   | Solver failed | status=4 | SQP it=1 | KKT=3.15e+02 | t=0.000s
2025-06-29 16:40:26,112 | ERROR   | Dump saved → debug_logs/fail/tick0122.json
2025-06-29 16:40:26,141 | ERROR   | Solver failed | status=4 | SQP it=1 | KKT=3.15e+02 | t=0.000s
2025-06-29 16:40:26,141 | ERROR   | Dump saved → debug_logs/fail/tick0123.json
2025-06-29 16:40:26,166 | ERROR   | Solver failed | status=1 | SQP it=0 | KKT=nan | t=0.000s
2025-06-29 16:40:26,166 | ERROR   | Dump saved → debug_logs/fail/tick0124.json
2025-06-29 16:40:26,190 | ERROR   | Solver failed | status=1 | SQP it=0 | KKT=nan | t=0.000s
2025-06-29 16:40:26,191 | ERROR   | Dump saved → debug_logs/fail/tick0125.json
2025-06-29 16:40:26,216 | ERROR   | Solver failed | status=1 | SQP it=0 | KKT=nan | t=0.000s
2025-06-29 16:40:26,217 | ERROR   | Dump saved → debug_logs/fail/tick0126.json
2025-06-29 16:40:26,241 | ERROR   | Solver failed | status=1 | SQP it=0 | KKT=nan | t=0.000s
2025-06-29 16:40:26,242 | ERROR   | Dump saved → debug_logs/fail/tick0127.json
2025-06-29 16:40:26,267 | ERROR   | Solver failed | status=1 | SQP it=0 | KKT=nan | t=0.000s
2025-06-29 16:40:26,268 | ERROR   | Dump saved → debug_logs/fail/tick0128.json
2025-06-29 16:40:26,292 | ERROR   | Solver failed | status=1 | SQP it=0 | KKT=nan | t=0.000s
2025-06-29 16:40:26,293 | ERROR   | Dump saved → debug_logs/fail/tick0129.json
2025-06-29 16:40:26,317 | ERROR   | Solver failed | status=1 | SQP it=0 | KKT=nan | t=0.000s
2025-06-29 16:40:26,318 | ERROR   | Dump saved → debug_logs/fail/tick0130.json
2025-06-29 16:40:26,344 | ERROR   | Solver failed | status=1 | SQP it=0 | KKT=nan | t=0.000s
2025-06-29 16:40:26,344 | ERROR   | Dump saved → debug_logs/fail/tick0131.json
2025-06-29 16:40:26,369 | ERROR   | Solver failed | status=1 | SQP it=0 | KKT=nan | t=0.000s
2025-06-29 16:40:26,370 | ERROR   | Dump saved → debug_logs/fail/tick0132.json
2025-06-29 16:40:26,395 | ERROR   | Solver failed | status=1 | SQP it=0 | KKT=nan | t=0.000s
2025-06-29 16:40:26,395 | ERROR   | Dump saved → debug_logs/fail/tick0133.json
2025-06-29 16:40:27,767 | INFO    | ===== INITIAL STATE DUMP =====
2025-06-29 16:40:27,767 | DEBUG   | {
  "xcurrent": [
    1.0879501104354858,
    1.4723812341690063,
    0.07830295711755753,
    0.0,
    0.0,
    0.0
  ],
  "params": {
    "QC": 10,
    "QL": 40,
    "MU": 10,
    "DVTHETA_MAX": 1.7,
    "N": 20,
    "T_HORIZON": 1.0,
    "RAMP_TIME": 1.8,
    "BW_RAMP": 1.0,
    "BARRIER_WEIGHT": 10,
    "TUNNEL_WIDTH": 0.4,
    "TUNNEL_WIDTH_GATE": 0.15,
    "NARROW_DIST": 0.7,
    "GATE_FLAT_DIST": 0.2,
    "Q_OMEGA": 2,
    "R_VTHETA": 1.0,
    "IN_GATE_RAMP_TIME": 0.3,
    "OUT_GATE_RAMP_TIME": 0.5,
    "REG_THRUST": 0.018,
    "REG_INPUTS": 0.1
  },
  "box_lims": {
    "vtheta_max": 1.7,
    "dvtheta_max": 1.7
  }
}
2025-06-29 16:40:34,284 | INFO    | ===== INITIAL STATE DUMP =====
2025-06-29 16:40:34,284 | DEBUG   | {
  "xcurrent": [
    1.0700050592422485,
    1.5826199054718018,
    0.08948215842247009,
    0.0,
    0.0,
    0.0
  ],
  "params": {
    "QC": 10,
    "QL": 40,
    "MU": 10,
    "DVTHETA_MAX": 1.7,
    "N": 20,
    "T_HORIZON": 1.0,
    "RAMP_TIME": 1.8,
    "BW_RAMP": 1.0,
    "BARRIER_WEIGHT": 10,
    "TUNNEL_WIDTH": 0.4,
    "TUNNEL_WIDTH_GATE": 0.15,
    "NARROW_DIST": 0.7,
    "GATE_FLAT_DIST": 0.2,
    "Q_OMEGA": 2,
    "R_VTHETA": 1.0,
    "IN_GATE_RAMP_TIME": 0.3,
    "OUT_GATE_RAMP_TIME": 0.5,
    "REG_THRUST": 0.018,
    "REG_INPUTS": 0.1
  },
  "box_lims": {
    "vtheta_max": 1.7,
    "dvtheta_max": 1.7
  }
}
2025-06-29 16:40:37,429 | ERROR   | Solver failed | status=1 | SQP it=151 | KKT=7.52e-08 | t=0.149s
2025-06-29 16:40:37,430 | ERROR   | Dump saved → debug_logs/fail/tick0100.json
2025-06-29 16:40:37,457 | ERROR   | Solver failed | status=1 | SQP it=0 | KKT=nan | t=0.000s
2025-06-29 16:40:37,457 | ERROR   | Dump saved → debug_logs/fail/tick0101.json
2025-06-29 16:40:37,481 | ERROR   | Solver failed | status=1 | SQP it=0 | KKT=nan | t=0.000s
2025-06-29 16:40:37,482 | ERROR   | Dump saved → debug_logs/fail/tick0102.json
2025-06-29 16:40:37,506 | ERROR   | Solver failed | status=1 | SQP it=0 | KKT=nan | t=0.000s
2025-06-29 16:40:37,506 | ERROR   | Dump saved → debug_logs/fail/tick0103.json
2025-06-29 16:40:37,531 | ERROR   | Solver failed | status=1 | SQP it=0 | KKT=nan | t=0.000s
2025-06-29 16:40:37,532 | ERROR   | Dump saved → debug_logs/fail/tick0104.json
2025-06-29 16:40:37,557 | ERROR   | Solver failed | status=1 | SQP it=0 | KKT=nan | t=0.000s
2025-06-29 16:40:37,558 | ERROR   | Dump saved → debug_logs/fail/tick0105.json
2025-06-29 16:40:37,583 | ERROR   | Solver failed | status=1 | SQP it=0 | KKT=nan | t=0.000s
2025-06-29 16:40:37,583 | ERROR   | Dump saved → debug_logs/fail/tick0106.json
2025-06-29 16:40:37,609 | ERROR   | Solver failed | status=1 | SQP it=0 | KKT=nan | t=0.000s
2025-06-29 16:40:37,609 | ERROR   | Dump saved → debug_logs/fail/tick0107.json
2025-06-29 16:40:37,635 | ERROR   | Solver failed | status=1 | SQP it=0 | KKT=nan | t=0.000s
2025-06-29 16:40:37,636 | ERROR   | Dump saved → debug_logs/fail/tick0108.json
2025-06-29 16:40:37,663 | ERROR   | Solver failed | status=1 | SQP it=0 | KKT=nan | t=0.000s
2025-06-29 16:40:37,663 | ERROR   | Dump saved → debug_logs/fail/tick0109.json
2025-06-29 16:40:37,691 | ERROR   | Solver failed | status=1 | SQP it=0 | KKT=nan | t=0.000s
2025-06-29 16:40:37,691 | ERROR   | Dump saved → debug_logs/fail/tick0110.json
2025-06-29 16:40:37,718 | ERROR   | Solver failed | status=4 | SQP it=1 | KKT=9.58e+01 | t=0.000s
2025-06-29 16:40:37,719 | ERROR   | Dump saved → debug_logs/fail/tick0111.json
2025-06-29 16:40:37,744 | ERROR   | Solver failed | status=4 | SQP it=1 | KKT=9.58e+01 | t=0.000s
2025-06-29 16:40:37,744 | ERROR   | Dump saved → debug_logs/fail/tick0112.json
2025-06-29 16:40:37,769 | ERROR   | Solver failed | status=4 | SQP it=1 | KKT=9.58e+01 | t=0.000s
2025-06-29 16:40:37,769 | ERROR   | Dump saved → debug_logs/fail/tick0113.json
2025-06-29 16:40:37,793 | ERROR   | Solver failed | status=4 | SQP it=1 | KKT=9.58e+01 | t=0.000s
2025-06-29 16:40:37,794 | ERROR   | Dump saved → debug_logs/fail/tick0114.json
2025-06-29 16:40:37,818 | ERROR   | Solver failed | status=4 | SQP it=1 | KKT=9.58e+01 | t=0.000s
2025-06-29 16:40:37,819 | ERROR   | Dump saved → debug_logs/fail/tick0115.json
2025-06-29 16:40:37,844 | ERROR   | Solver failed | status=4 | SQP it=1 | KKT=9.58e+01 | t=0.000s
2025-06-29 16:40:37,845 | ERROR   | Dump saved → debug_logs/fail/tick0116.json
2025-06-29 16:40:37,869 | ERROR   | Solver failed | status=4 | SQP it=1 | KKT=9.58e+01 | t=0.000s
2025-06-29 16:40:37,870 | ERROR   | Dump saved → debug_logs/fail/tick0117.json
2025-06-29 16:40:37,895 | ERROR   | Solver failed | status=4 | SQP it=1 | KKT=9.58e+01 | t=0.000s
2025-06-29 16:40:37,895 | ERROR   | Dump saved → debug_logs/fail/tick0118.json
2025-06-29 16:40:37,919 | ERROR   | Solver failed | status=4 | SQP it=1 | KKT=9.58e+01 | t=0.000s
2025-06-29 16:40:37,920 | ERROR   | Dump saved → debug_logs/fail/tick0119.json
2025-06-29 16:40:37,946 | ERROR   | Solver failed | status=4 | SQP it=1 | KKT=9.58e+01 | t=0.000s
2025-06-29 16:40:37,946 | ERROR   | Dump saved → debug_logs/fail/tick0120.json
2025-06-29 16:40:37,974 | ERROR   | Solver failed | status=4 | SQP it=1 | KKT=9.58e+01 | t=0.000s
2025-06-29 16:40:37,975 | ERROR   | Dump saved → debug_logs/fail/tick0121.json
2025-06-29 16:40:37,999 | ERROR   | Solver failed | status=4 | SQP it=1 | KKT=9.58e+01 | t=0.000s
2025-06-29 16:40:38,000 | ERROR   | Dump saved → debug_logs/fail/tick0122.json
2025-06-29 16:40:38,026 | ERROR   | Solver failed | status=4 | SQP it=1 | KKT=9.58e+01 | t=0.000s
2025-06-29 16:40:38,026 | ERROR   | Dump saved → debug_logs/fail/tick0123.json
2025-06-29 16:40:38,057 | ERROR   | Solver failed | status=4 | SQP it=1 | KKT=9.58e+01 | t=0.000s
2025-06-29 16:40:38,058 | ERROR   | Dump saved → debug_logs/fail/tick0124.json
2025-06-29 16:40:38,084 | ERROR   | Solver failed | status=4 | SQP it=1 | KKT=9.58e+01 | t=0.000s
2025-06-29 16:40:38,085 | ERROR   | Dump saved → debug_logs/fail/tick0125.json
2025-06-29 16:40:38,112 | ERROR   | Solver failed | status=4 | SQP it=1 | KKT=9.58e+01 | t=0.000s
2025-06-29 16:40:38,113 | ERROR   | Dump saved → debug_logs/fail/tick0126.json
2025-06-29 16:40:38,140 | ERROR   | Solver failed | status=4 | SQP it=1 | KKT=9.58e+01 | t=0.000s
2025-06-29 16:40:38,141 | ERROR   | Dump saved → debug_logs/fail/tick0127.json
2025-06-29 16:40:38,165 | ERROR   | Solver failed | status=4 | SQP it=1 | KKT=9.58e+01 | t=0.000s
2025-06-29 16:40:38,166 | ERROR   | Dump saved → debug_logs/fail/tick0128.json
2025-06-29 16:40:38,190 | ERROR   | Solver failed | status=4 | SQP it=1 | KKT=9.58e+01 | t=0.000s
2025-06-29 16:40:38,191 | ERROR   | Dump saved → debug_logs/fail/tick0129.json
2025-06-29 16:40:38,215 | ERROR   | Solver failed | status=4 | SQP it=1 | KKT=9.58e+01 | t=0.000s
2025-06-29 16:40:38,216 | ERROR   | Dump saved → debug_logs/fail/tick0130.json
2025-06-29 16:40:38,241 | ERROR   | Solver failed | status=4 | SQP it=1 | KKT=9.58e+01 | t=0.000s
2025-06-29 16:40:38,242 | ERROR   | Dump saved → debug_logs/fail/tick0131.json
2025-06-29 16:40:38,266 | ERROR   | Solver failed | status=4 | SQP it=1 | KKT=9.58e+01 | t=0.000s
2025-06-29 16:40:38,267 | ERROR   | Dump saved → debug_logs/fail/tick0132.json
2025-06-29 16:40:38,292 | ERROR   | Solver failed | status=4 | SQP it=1 | KKT=9.58e+01 | t=0.000s
2025-06-29 16:40:38,293 | ERROR   | Dump saved → debug_logs/fail/tick0133.json
2025-06-29 16:40:38,318 | ERROR   | Solver failed | status=4 | SQP it=1 | KKT=9.58e+01 | t=0.000s
2025-06-29 16:40:38,318 | ERROR   | Dump saved → debug_logs/fail/tick0134.json
2025-06-29 16:40:38,344 | ERROR   | Solver failed | status=4 | SQP it=1 | KKT=9.58e+01 | t=0.000s
2025-06-29 16:40:38,344 | ERROR   | Dump saved → debug_logs/fail/tick0135.json
2025-06-29 16:40:38,369 | ERROR   | Solver failed | status=4 | SQP it=1 | KKT=9.58e+01 | t=0.000s
2025-06-29 16:40:38,370 | ERROR   | Dump saved → debug_logs/fail/tick0136.json
2025-06-29 16:40:38,395 | ERROR   | Solver failed | status=4 | SQP it=1 | KKT=9.58e+01 | t=0.000s
2025-06-29 16:40:38,395 | ERROR   | Dump saved → debug_logs/fail/tick0137.json
2025-06-29 16:40:38,424 | ERROR   | Solver failed | status=4 | SQP it=1 | KKT=9.58e+01 | t=0.000s
2025-06-29 16:40:38,424 | ERROR   | Dump saved → debug_logs/fail/tick0138.json
2025-06-29 16:40:38,450 | ERROR   | Solver failed | status=4 | SQP it=1 | KKT=9.58e+01 | t=0.000s
2025-06-29 16:40:38,450 | ERROR   | Dump saved → debug_logs/fail/tick0139.json
2025-06-29 16:40:38,477 | ERROR   | Solver failed | status=4 | SQP it=1 | KKT=9.58e+01 | t=0.000s
2025-06-29 16:40:38,478 | ERROR   | Dump saved → debug_logs/fail/tick0140.json
2025-06-29 16:40:38,507 | ERROR   | Solver failed | status=4 | SQP it=1 | KKT=9.58e+01 | t=0.000s
2025-06-29 16:40:38,508 | ERROR   | Dump saved → debug_logs/fail/tick0141.json
2025-06-29 16:40:38,535 | ERROR   | Solver failed | status=4 | SQP it=1 | KKT=9.58e+01 | t=0.000s
2025-06-29 16:40:38,536 | ERROR   | Dump saved → debug_logs/fail/tick0142.json
2025-06-29 16:40:38,563 | ERROR   | Solver failed | status=4 | SQP it=1 | KKT=9.58e+01 | t=0.000s
2025-06-29 16:40:38,564 | ERROR   | Dump saved → debug_logs/fail/tick0143.json
2025-06-29 16:40:38,592 | ERROR   | Solver failed | status=4 | SQP it=1 | KKT=9.58e+01 | t=0.000s
2025-06-29 16:40:38,593 | ERROR   | Dump saved → debug_logs/fail/tick0144.json
2025-06-29 16:40:38,624 | ERROR   | Solver failed | status=4 | SQP it=1 | KKT=9.58e+01 | t=0.000s
2025-06-29 16:40:38,624 | ERROR   | Dump saved → debug_logs/fail/tick0145.json
2025-06-29 16:40:38,652 | ERROR   | Solver failed | status=4 | SQP it=1 | KKT=9.58e+01 | t=0.000s
2025-06-29 16:40:38,653 | ERROR   | Dump saved → debug_logs/fail/tick0146.json
2025-06-29 16:40:38,677 | ERROR   | Solver failed | status=4 | SQP it=1 | KKT=9.58e+01 | t=0.000s
2025-06-29 16:40:38,677 | ERROR   | Dump saved → debug_logs/fail/tick0147.json
2025-06-29 16:40:38,701 | ERROR   | Solver failed | status=4 | SQP it=1 | KKT=9.58e+01 | t=0.000s
2025-06-29 16:40:38,702 | ERROR   | Dump saved → debug_logs/fail/tick0148.json
2025-06-29 16:40:38,727 | ERROR   | Solver failed | status=4 | SQP it=1 | KKT=9.58e+01 | t=0.000s
2025-06-29 16:40:38,727 | ERROR   | Dump saved → debug_logs/fail/tick0149.json
2025-06-29 16:40:38,753 | ERROR   | Solver failed | status=4 | SQP it=1 | KKT=9.58e+01 | t=0.000s
2025-06-29 16:40:38,753 | ERROR   | Dump saved → debug_logs/fail/tick0150.json
2025-06-29 16:40:38,779 | ERROR   | Solver failed | status=4 | SQP it=1 | KKT=9.58e+01 | t=0.000s
2025-06-29 16:40:38,779 | ERROR   | Dump saved → debug_logs/fail/tick0151.json
2025-06-29 16:40:38,806 | ERROR   | Solver failed | status=4 | SQP it=1 | KKT=9.58e+01 | t=0.000s
2025-06-29 16:40:38,807 | ERROR   | Dump saved → debug_logs/fail/tick0152.json
2025-06-29 16:40:38,831 | ERROR   | Solver failed | status=4 | SQP it=1 | KKT=9.58e+01 | t=0.000s
2025-06-29 16:40:38,832 | ERROR   | Dump saved → debug_logs/fail/tick0153.json
2025-06-29 16:40:38,857 | ERROR   | Solver failed | status=4 | SQP it=1 | KKT=9.58e+01 | t=0.000s
2025-06-29 16:40:38,858 | ERROR   | Dump saved → debug_logs/fail/tick0154.json
2025-06-29 16:40:38,883 | ERROR   | Solver failed | status=4 | SQP it=1 | KKT=9.58e+01 | t=0.000s
2025-06-29 16:40:38,884 | ERROR   | Dump saved → debug_logs/fail/tick0155.json
2025-06-29 16:40:38,909 | ERROR   | Solver failed | status=4 | SQP it=1 | KKT=9.58e+01 | t=0.000s
2025-06-29 16:40:38,910 | ERROR   | Dump saved → debug_logs/fail/tick0156.json
2025-06-29 16:40:38,936 | ERROR   | Solver failed | status=4 | SQP it=1 | KKT=9.58e+01 | t=0.000s
2025-06-29 16:40:38,937 | ERROR   | Dump saved → debug_logs/fail/tick0157.json
2025-06-29 16:40:38,963 | ERROR   | Solver failed | status=4 | SQP it=1 | KKT=9.58e+01 | t=0.000s
2025-06-29 16:40:38,964 | ERROR   | Dump saved → debug_logs/fail/tick0158.json
2025-06-29 16:40:38,991 | ERROR   | Solver failed | status=4 | SQP it=1 | KKT=9.58e+01 | t=0.000s
2025-06-29 16:40:38,991 | ERROR   | Dump saved → debug_logs/fail/tick0159.json
2025-06-29 16:40:39,018 | ERROR   | Solver failed | status=4 | SQP it=1 | KKT=9.58e+01 | t=0.000s
2025-06-29 16:40:39,018 | ERROR   | Dump saved → debug_logs/fail/tick0160.json
2025-06-29 16:40:39,046 | ERROR   | Solver failed | status=4 | SQP it=1 | KKT=9.58e+01 | t=0.000s
2025-06-29 16:40:39,047 | ERROR   | Dump saved → debug_logs/fail/tick0161.json
2025-06-29 16:40:39,075 | ERROR   | Solver failed | status=4 | SQP it=1 | KKT=9.58e+01 | t=0.000s
2025-06-29 16:40:39,076 | ERROR   | Dump saved → debug_logs/fail/tick0162.json
2025-06-29 16:40:39,103 | ERROR   | Solver failed | status=4 | SQP it=1 | KKT=9.58e+01 | t=0.000s
2025-06-29 16:40:39,104 | ERROR   | Dump saved → debug_logs/fail/tick0163.json
2025-06-29 16:40:39,128 | ERROR   | Solver failed | status=4 | SQP it=1 | KKT=9.58e+01 | t=0.000s
2025-06-29 16:40:39,129 | ERROR   | Dump saved → debug_logs/fail/tick0164.json
2025-06-29 16:40:39,153 | ERROR   | Solver failed | status=4 | SQP it=1 | KKT=9.58e+01 | t=0.000s
2025-06-29 16:40:39,153 | ERROR   | Dump saved → debug_logs/fail/tick0165.json
2025-06-29 16:40:39,179 | ERROR   | Solver failed | status=4 | SQP it=1 | KKT=9.58e+01 | t=0.000s
2025-06-29 16:40:39,179 | ERROR   | Dump saved → debug_logs/fail/tick0166.json
2025-06-29 16:40:39,207 | ERROR   | Solver failed | status=4 | SQP it=1 | KKT=9.58e+01 | t=0.000s
2025-06-29 16:40:39,207 | ERROR   | Dump saved → debug_logs/fail/tick0167.json
2025-06-29 16:40:39,232 | ERROR   | Solver failed | status=4 | SQP it=1 | KKT=9.58e+01 | t=0.000s
2025-06-29 16:40:39,232 | ERROR   | Dump saved → debug_logs/fail/tick0168.json
2025-06-29 16:40:39,257 | ERROR   | Solver failed | status=4 | SQP it=1 | KKT=9.58e+01 | t=0.000s
2025-06-29 16:40:39,257 | ERROR   | Dump saved → debug_logs/fail/tick0169.json
2025-06-29 16:40:39,283 | ERROR   | Solver failed | status=4 | SQP it=1 | KKT=9.58e+01 | t=0.000s
2025-06-29 16:40:39,284 | ERROR   | Dump saved → debug_logs/fail/tick0170.json
2025-06-29 16:40:39,308 | ERROR   | Solver failed | status=4 | SQP it=1 | KKT=9.58e+01 | t=0.000s
2025-06-29 16:40:39,309 | ERROR   | Dump saved → debug_logs/fail/tick0171.json
2025-06-29 16:40:39,333 | ERROR   | Solver failed | status=4 | SQP it=1 | KKT=9.58e+01 | t=0.000s
2025-06-29 16:40:39,334 | ERROR   | Dump saved → debug_logs/fail/tick0172.json
2025-06-29 16:40:39,360 | ERROR   | Solver failed | status=4 | SQP it=1 | KKT=9.58e+01 | t=0.000s
2025-06-29 16:40:39,360 | ERROR   | Dump saved → debug_logs/fail/tick0173.json
2025-06-29 16:40:39,390 | ERROR   | Solver failed | status=4 | SQP it=1 | KKT=9.58e+01 | t=0.000s
2025-06-29 16:40:39,390 | ERROR   | Dump saved → debug_logs/fail/tick0174.json
2025-06-29 16:40:39,416 | ERROR   | Solver failed | status=4 | SQP it=1 | KKT=9.58e+01 | t=0.000s
2025-06-29 16:40:39,417 | ERROR   | Dump saved → debug_logs/fail/tick0175.json
2025-06-29 16:40:39,444 | ERROR   | Solver failed | status=4 | SQP it=1 | KKT=9.58e+01 | t=0.000s
2025-06-29 16:40:39,445 | ERROR   | Dump saved → debug_logs/fail/tick0176.json
2025-06-29 16:40:39,474 | ERROR   | Solver failed | status=4 | SQP it=1 | KKT=9.58e+01 | t=0.000s
2025-06-29 16:40:39,474 | ERROR   | Dump saved → debug_logs/fail/tick0177.json
2025-06-29 16:40:39,501 | ERROR   | Solver failed | status=4 | SQP it=1 | KKT=9.58e+01 | t=0.000s
2025-06-29 16:40:39,502 | ERROR   | Dump saved → debug_logs/fail/tick0178.json
2025-06-29 16:40:40,883 | INFO    | ===== INITIAL STATE DUMP =====
2025-06-29 16:40:40,883 | DEBUG   | {
  "xcurrent": [
    0.9699569940567017,
    1.5096811056137085,
    0.08025836944580078,
    0.0,
    0.0,
    0.0
  ],
  "params": {
    "QC": 10,
    "QL": 40,
    "MU": 10,
    "DVTHETA_MAX": 1.7,
    "N": 20,
    "T_HORIZON": 1.0,
    "RAMP_TIME": 1.8,
    "BW_RAMP": 1.0,
    "BARRIER_WEIGHT": 10,
    "TUNNEL_WIDTH": 0.4,
    "TUNNEL_WIDTH_GATE": 0.15,
    "NARROW_DIST": 0.7,
    "GATE_FLAT_DIST": 0.2,
    "Q_OMEGA": 2,
    "R_VTHETA": 1.0,
    "IN_GATE_RAMP_TIME": 0.3,
    "OUT_GATE_RAMP_TIME": 0.5,
    "REG_THRUST": 0.018,
    "REG_INPUTS": 0.1
  },
  "box_lims": {
    "vtheta_max": 1.7,
    "dvtheta_max": 1.7
  }
}
2025-06-29 16:40:43,562 | ERROR   | Solver failed | status=1 | SQP it=35 | KKT=6.21e-09 | t=0.031s
2025-06-29 16:40:43,563 | ERROR   | Dump saved → debug_logs/fail/tick0089.json
2025-06-29 16:40:43,590 | ERROR   | Solver failed | status=1 | SQP it=0 | KKT=nan | t=0.000s
2025-06-29 16:40:43,591 | ERROR   | Dump saved → debug_logs/fail/tick0090.json
2025-06-29 16:40:43,615 | ERROR   | Solver failed | status=1 | SQP it=0 | KKT=nan | t=0.000s
2025-06-29 16:40:43,616 | ERROR   | Dump saved → debug_logs/fail/tick0091.json
2025-06-29 16:40:43,641 | ERROR   | Solver failed | status=1 | SQP it=0 | KKT=nan | t=0.000s
2025-06-29 16:40:43,642 | ERROR   | Dump saved → debug_logs/fail/tick0092.json
2025-06-29 16:40:43,666 | ERROR   | Solver failed | status=1 | SQP it=0 | KKT=nan | t=0.000s
2025-06-29 16:40:43,666 | ERROR   | Dump saved → debug_logs/fail/tick0093.json
2025-06-29 16:40:43,691 | ERROR   | Solver failed | status=1 | SQP it=0 | KKT=nan | t=0.000s
2025-06-29 16:40:43,691 | ERROR   | Dump saved → debug_logs/fail/tick0094.json
2025-06-29 16:40:43,716 | ERROR   | Solver failed | status=1 | SQP it=0 | KKT=nan | t=0.000s
2025-06-29 16:40:43,717 | ERROR   | Dump saved → debug_logs/fail/tick0095.json
2025-06-29 16:40:43,741 | ERROR   | Solver failed | status=1 | SQP it=0 | KKT=nan | t=0.000s
2025-06-29 16:40:43,742 | ERROR   | Dump saved → debug_logs/fail/tick0096.json
2025-06-29 16:40:43,767 | ERROR   | Solver failed | status=1 | SQP it=0 | KKT=nan | t=0.000s
2025-06-29 16:40:43,767 | ERROR   | Dump saved → debug_logs/fail/tick0097.json
2025-06-29 16:40:43,793 | ERROR   | Solver failed | status=1 | SQP it=0 | KKT=nan | t=0.000s
2025-06-29 16:40:43,793 | ERROR   | Dump saved → debug_logs/fail/tick0098.json
2025-06-29 16:40:43,818 | ERROR   | Solver failed | status=4 | SQP it=1 | KKT=1.73e+02 | t=0.000s
2025-06-29 16:40:43,819 | ERROR   | Dump saved → debug_logs/fail/tick0099.json
2025-06-29 16:40:43,845 | ERROR   | Solver failed | status=4 | SQP it=1 | KKT=1.73e+02 | t=0.000s
2025-06-29 16:40:43,846 | ERROR   | Dump saved → debug_logs/fail/tick0100.json
2025-06-29 16:40:43,873 | ERROR   | Solver failed | status=4 | SQP it=1 | KKT=1.80e+02 | t=0.000s
2025-06-29 16:40:43,873 | ERROR   | Dump saved → debug_logs/fail/tick0101.json
2025-06-29 16:40:43,899 | ERROR   | Solver failed | status=4 | SQP it=1 | KKT=1.80e+02 | t=0.000s
2025-06-29 16:40:43,900 | ERROR   | Dump saved → debug_logs/fail/tick0102.json
2025-06-29 16:40:43,926 | ERROR   | Solver failed | status=4 | SQP it=1 | KKT=1.80e+02 | t=0.000s
2025-06-29 16:40:43,927 | ERROR   | Dump saved → debug_logs/fail/tick0103.json
2025-06-29 16:40:43,956 | ERROR   | Solver failed | status=4 | SQP it=1 | KKT=1.82e+02 | t=0.000s
2025-06-29 16:40:43,957 | ERROR   | Dump saved → debug_logs/fail/tick0104.json
2025-06-29 16:40:43,984 | ERROR   | Solver failed | status=4 | SQP it=1 | KKT=1.82e+02 | t=0.000s
2025-06-29 16:40:43,984 | ERROR   | Dump saved → debug_logs/fail/tick0105.json
2025-06-29 16:40:44,012 | ERROR   | Solver failed | status=4 | SQP it=1 | KKT=1.81e+02 | t=0.000s
2025-06-29 16:40:44,012 | ERROR   | Dump saved → debug_logs/fail/tick0106.json
2025-06-29 16:40:44,041 | ERROR   | Solver failed | status=4 | SQP it=1 | KKT=1.81e+02 | t=0.000s
2025-06-29 16:40:44,041 | ERROR   | Dump saved → debug_logs/fail/tick0107.json
2025-06-29 16:40:44,066 | ERROR   | Solver failed | status=4 | SQP it=1 | KKT=1.46e+02 | t=0.000s
2025-06-29 16:40:44,066 | ERROR   | Dump saved → debug_logs/fail/tick0108.json
2025-06-29 16:40:44,091 | ERROR   | Solver failed | status=4 | SQP it=1 | KKT=1.64e+02 | t=0.000s
2025-06-29 16:40:44,091 | ERROR   | Dump saved → debug_logs/fail/tick0109.json
2025-06-29 16:40:44,116 | ERROR   | Solver failed | status=1 | SQP it=0 | KKT=nan | t=0.000s
2025-06-29 16:40:44,116 | ERROR   | Dump saved → debug_logs/fail/tick0110.json
2025-06-29 16:40:44,141 | ERROR   | Solver failed | status=1 | SQP it=0 | KKT=nan | t=0.000s
2025-06-29 16:40:44,142 | ERROR   | Dump saved → debug_logs/fail/tick0111.json
2025-06-29 16:40:44,166 | ERROR   | Solver failed | status=1 | SQP it=0 | KKT=nan | t=0.000s
2025-06-29 16:40:44,166 | ERROR   | Dump saved → debug_logs/fail/tick0112.json
2025-06-29 16:40:44,192 | ERROR   | Solver failed | status=1 | SQP it=0 | KKT=nan | t=0.000s
2025-06-29 16:40:44,192 | ERROR   | Dump saved → debug_logs/fail/tick0113.json
2025-06-29 16:40:44,217 | ERROR   | Solver failed | status=1 | SQP it=0 | KKT=nan | t=0.000s
2025-06-29 16:40:44,218 | ERROR   | Dump saved → debug_logs/fail/tick0114.json
2025-06-29 16:40:44,243 | ERROR   | Solver failed | status=1 | SQP it=0 | KKT=nan | t=0.000s
2025-06-29 16:40:44,243 | ERROR   | Dump saved → debug_logs/fail/tick0115.json
2025-06-29 16:40:44,268 | ERROR   | Solver failed | status=1 | SQP it=0 | KKT=nan | t=0.000s
2025-06-29 16:40:44,269 | ERROR   | Dump saved → debug_logs/fail/tick0116.json
2025-06-29 16:40:44,294 | ERROR   | Solver failed | status=1 | SQP it=0 | KKT=nan | t=0.000s
2025-06-29 16:40:44,295 | ERROR   | Dump saved → debug_logs/fail/tick0117.json
2025-06-29 16:40:44,323 | ERROR   | Solver failed | status=1 | SQP it=0 | KKT=nan | t=0.000s
2025-06-29 16:40:44,324 | ERROR   | Dump saved → debug_logs/fail/tick0118.json
2025-06-29 16:40:44,349 | ERROR   | Solver failed | status=1 | SQP it=0 | KKT=nan | t=0.000s
2025-06-29 16:40:44,350 | ERROR   | Dump saved → debug_logs/fail/tick0119.json
2025-06-29 16:40:44,377 | ERROR   | Solver failed | status=1 | SQP it=0 | KKT=nan | t=0.000s
2025-06-29 16:40:44,377 | ERROR   | Dump saved → debug_logs/fail/tick0120.json
2025-06-29 16:40:44,407 | ERROR   | Solver failed | status=1 | SQP it=0 | KKT=nan | t=0.000s
2025-06-29 16:40:44,407 | ERROR   | Dump saved → debug_logs/fail/tick0121.json
2025-06-29 16:40:45,778 | INFO    | ===== INITIAL STATE DUMP =====
2025-06-29 16:40:45,778 | DEBUG   | {
  "xcurrent": [
    1.0302064418792725,
    1.5774126052856445,
    0.07173170149326324,
    0.0,
    0.0,
    0.0
  ],
  "params": {
    "QC": 10,
    "QL": 40,
    "MU": 10,
    "DVTHETA_MAX": 1.7,
    "N": 20,
    "T_HORIZON": 1.0,
    "RAMP_TIME": 1.8,
    "BW_RAMP": 1.0,
    "BARRIER_WEIGHT": 10,
    "TUNNEL_WIDTH": 0.4,
    "TUNNEL_WIDTH_GATE": 0.15,
    "NARROW_DIST": 0.7,
    "GATE_FLAT_DIST": 0.2,
    "Q_OMEGA": 2,
    "R_VTHETA": 1.0,
    "IN_GATE_RAMP_TIME": 0.3,
    "OUT_GATE_RAMP_TIME": 0.5,
    "REG_THRUST": 0.018,
    "REG_INPUTS": 0.1
  },
  "box_lims": {
    "vtheta_max": 1.7,
    "dvtheta_max": 1.7
  }
}
2025-06-29 16:40:53,371 | ERROR   | Solver failed | status=4 | SQP it=149 | KKT=1.31e-09 | t=0.129s
2025-06-29 16:40:53,373 | ERROR   | Dump saved → debug_logs/fail/tick0240.json
2025-06-29 16:40:54,223 | ERROR   | Solver failed | status=1 | SQP it=978 | KKT=4.36e-08 | t=0.822s
2025-06-29 16:40:54,224 | ERROR   | Dump saved → debug_logs/fail/tick0241.json
2025-06-29 16:40:54,250 | ERROR   | Solver failed | status=1 | SQP it=0 | KKT=nan | t=0.000s
2025-06-29 16:40:54,251 | ERROR   | Dump saved → debug_logs/fail/tick0242.json
2025-06-29 16:40:54,273 | ERROR   | Solver failed | status=1 | SQP it=0 | KKT=nan | t=0.000s
2025-06-29 16:40:54,274 | ERROR   | Dump saved → debug_logs/fail/tick0243.json
2025-06-29 16:40:54,296 | ERROR   | Solver failed | status=1 | SQP it=0 | KKT=nan | t=0.000s
2025-06-29 16:40:54,296 | ERROR   | Dump saved → debug_logs/fail/tick0244.json
2025-06-29 16:40:54,319 | ERROR   | Solver failed | status=1 | SQP it=0 | KKT=nan | t=0.000s
2025-06-29 16:40:54,320 | ERROR   | Dump saved → debug_logs/fail/tick0245.json
2025-06-29 16:40:54,344 | ERROR   | Solver failed | status=1 | SQP it=0 | KKT=nan | t=0.000s
2025-06-29 16:40:54,345 | ERROR   | Dump saved → debug_logs/fail/tick0246.json
2025-06-29 16:40:54,369 | ERROR   | Solver failed | status=1 | SQP it=0 | KKT=nan | t=0.000s
2025-06-29 16:40:54,370 | ERROR   | Dump saved → debug_logs/fail/tick0247.json
2025-06-29 16:40:54,394 | ERROR   | Solver failed | status=1 | SQP it=0 | KKT=nan | t=0.000s
2025-06-29 16:40:54,395 | ERROR   | Dump saved → debug_logs/fail/tick0248.json
2025-06-29 16:40:54,419 | ERROR   | Solver failed | status=1 | SQP it=0 | KKT=nan | t=0.000s
2025-06-29 16:40:54,420 | ERROR   | Dump saved → debug_logs/fail/tick0249.json
2025-06-29 16:40:54,445 | ERROR   | Solver failed | status=1 | SQP it=0 | KKT=nan | t=0.000s
2025-06-29 16:40:54,446 | ERROR   | Dump saved → debug_logs/fail/tick0250.json
2025-06-29 16:40:55,813 | INFO    | ===== INITIAL STATE DUMP =====
2025-06-29 16:40:55,813 | DEBUG   | {
  "xcurrent": [
    1.0591644048690796,
    1.436123013496399,
    0.07097228616476059,
    0.0,
    0.0,
    0.0
  ],
  "params": {
    "QC": 10,
    "QL": 40,
    "MU": 10,
    "DVTHETA_MAX": 1.7,
    "N": 20,
    "T_HORIZON": 1.0,
    "RAMP_TIME": 1.8,
    "BW_RAMP": 1.0,
    "BARRIER_WEIGHT": 10,
    "TUNNEL_WIDTH": 0.4,
    "TUNNEL_WIDTH_GATE": 0.15,
    "NARROW_DIST": 0.7,
    "GATE_FLAT_DIST": 0.2,
    "Q_OMEGA": 2,
    "R_VTHETA": 1.0,
    "IN_GATE_RAMP_TIME": 0.3,
    "OUT_GATE_RAMP_TIME": 0.5,
    "REG_THRUST": 0.018,
    "REG_INPUTS": 0.1
  },
  "box_lims": {
    "vtheta_max": 1.7,
    "dvtheta_max": 1.7
  }
}
2025-06-29 16:40:58,647 | ERROR   | Solver failed | status=1 | SQP it=52 | KKT=5.46e-10 | t=0.054s
2025-06-29 16:40:58,648 | ERROR   | Dump saved → debug_logs/fail/tick0094.json
2025-06-29 16:40:58,675 | ERROR   | Solver failed | status=1 | SQP it=0 | KKT=nan | t=0.000s
2025-06-29 16:40:58,675 | ERROR   | Dump saved → debug_logs/fail/tick0095.json
2025-06-29 16:40:58,700 | ERROR   | Solver failed | status=1 | SQP it=0 | KKT=nan | t=0.000s
2025-06-29 16:40:58,700 | ERROR   | Dump saved → debug_logs/fail/tick0096.json
2025-06-29 16:40:58,725 | ERROR   | Solver failed | status=1 | SQP it=0 | KKT=nan | t=0.000s
2025-06-29 16:40:58,725 | ERROR   | Dump saved → debug_logs/fail/tick0097.json
2025-06-29 16:40:58,749 | ERROR   | Solver failed | status=1 | SQP it=0 | KKT=nan | t=0.000s
2025-06-29 16:40:58,750 | ERROR   | Dump saved → debug_logs/fail/tick0098.json
2025-06-29 16:40:58,775 | ERROR   | Solver failed | status=1 | SQP it=0 | KKT=nan | t=0.000s
2025-06-29 16:40:58,775 | ERROR   | Dump saved → debug_logs/fail/tick0099.json
2025-06-29 16:40:58,800 | ERROR   | Solver failed | status=1 | SQP it=0 | KKT=nan | t=0.000s
2025-06-29 16:40:58,801 | ERROR   | Dump saved → debug_logs/fail/tick0100.json
2025-06-29 16:40:58,825 | ERROR   | Solver failed | status=1 | SQP it=0 | KKT=nan | t=0.000s
2025-06-29 16:40:58,826 | ERROR   | Dump saved → debug_logs/fail/tick0101.json
2025-06-29 16:40:58,850 | ERROR   | Solver failed | status=1 | SQP it=0 | KKT=nan | t=0.000s
2025-06-29 16:40:58,851 | ERROR   | Dump saved → debug_logs/fail/tick0102.json
2025-06-29 16:40:58,877 | ERROR   | Solver failed | status=1 | SQP it=0 | KKT=nan | t=0.000s
2025-06-29 16:40:58,877 | ERROR   | Dump saved → debug_logs/fail/tick0103.json
2025-06-29 16:40:58,902 | ERROR   | Solver failed | status=1 | SQP it=0 | KKT=nan | t=0.000s
2025-06-29 16:40:58,903 | ERROR   | Dump saved → debug_logs/fail/tick0104.json
2025-06-29 16:40:58,928 | ERROR   | Solver failed | status=1 | SQP it=0 | KKT=nan | t=0.000s
2025-06-29 16:40:58,928 | ERROR   | Dump saved → debug_logs/fail/tick0105.json
2025-06-29 16:40:58,956 | ERROR   | Solver failed | status=1 | SQP it=0 | KKT=nan | t=0.000s
2025-06-29 16:40:58,957 | ERROR   | Dump saved → debug_logs/fail/tick0106.json
2025-06-29 16:40:58,983 | ERROR   | Solver failed | status=4 | SQP it=1 | KKT=8.99e+01 | t=0.000s
2025-06-29 16:40:58,984 | ERROR   | Dump saved → debug_logs/fail/tick0107.json
2025-06-29 16:40:59,010 | ERROR   | Solver failed | status=4 | SQP it=1 | KKT=8.99e+01 | t=0.000s
2025-06-29 16:40:59,011 | ERROR   | Dump saved → debug_logs/fail/tick0108.json
2025-06-29 16:40:59,040 | ERROR   | Solver failed | status=4 | SQP it=1 | KKT=8.99e+01 | t=0.000s
2025-06-29 16:40:59,040 | ERROR   | Dump saved → debug_logs/fail/tick0109.json
2025-06-29 16:40:59,067 | ERROR   | Solver failed | status=4 | SQP it=1 | KKT=8.98e+01 | t=0.000s
2025-06-29 16:40:59,068 | ERROR   | Dump saved → debug_logs/fail/tick0110.json
2025-06-29 16:40:59,095 | ERROR   | Solver failed | status=4 | SQP it=1 | KKT=8.98e+01 | t=0.000s
2025-06-29 16:40:59,096 | ERROR   | Dump saved → debug_logs/fail/tick0111.json
2025-06-29 16:40:59,124 | ERROR   | Solver failed | status=4 | SQP it=1 | KKT=8.97e+01 | t=0.000s
2025-06-29 16:40:59,125 | ERROR   | Dump saved → debug_logs/fail/tick0112.json
2025-06-29 16:40:59,152 | ERROR   | Solver failed | status=4 | SQP it=1 | KKT=8.98e+01 | t=0.000s
2025-06-29 16:40:59,152 | ERROR   | Dump saved → debug_logs/fail/tick0113.json
2025-06-29 16:40:59,180 | ERROR   | Solver failed | status=4 | SQP it=1 | KKT=8.97e+01 | t=0.000s
2025-06-29 16:40:59,180 | ERROR   | Dump saved → debug_logs/fail/tick0114.json
2025-06-29 16:40:59,208 | ERROR   | Solver failed | status=4 | SQP it=1 | KKT=8.82e+01 | t=0.000s
2025-06-29 16:40:59,208 | ERROR   | Dump saved → debug_logs/fail/tick0115.json
2025-06-29 16:40:59,236 | ERROR   | Solver failed | status=4 | SQP it=1 | KKT=8.83e+01 | t=0.000s
2025-06-29 16:40:59,237 | ERROR   | Dump saved → debug_logs/fail/tick0116.json
2025-06-29 16:40:59,265 | ERROR   | Solver failed | status=4 | SQP it=1 | KKT=8.84e+01 | t=0.000s
2025-06-29 16:40:59,266 | ERROR   | Dump saved → debug_logs/fail/tick0117.json
2025-06-29 16:40:59,293 | ERROR   | Solver failed | status=4 | SQP it=1 | KKT=8.26e+01 | t=0.000s
2025-06-29 16:40:59,294 | ERROR   | Dump saved → debug_logs/fail/tick0118.json
2025-06-29 16:40:59,323 | ERROR   | Solver failed | status=4 | SQP it=1 | KKT=8.26e+01 | t=0.000s
2025-06-29 16:40:59,323 | ERROR   | Dump saved → debug_logs/fail/tick0119.json
2025-06-29 16:40:59,348 | ERROR   | Solver failed | status=4 | SQP it=1 | KKT=8.26e+01 | t=0.000s
2025-06-29 16:40:59,349 | ERROR   | Dump saved → debug_logs/fail/tick0120.json
2025-06-29 16:40:59,374 | ERROR   | Solver failed | status=4 | SQP it=1 | KKT=8.32e+01 | t=0.000s
2025-06-29 16:40:59,374 | ERROR   | Dump saved → debug_logs/fail/tick0121.json
2025-06-29 16:40:59,398 | ERROR   | Solver failed | status=4 | SQP it=1 | KKT=8.32e+01 | t=0.000s
2025-06-29 16:40:59,399 | ERROR   | Dump saved → debug_logs/fail/tick0122.json
2025-06-29 16:40:59,423 | ERROR   | Solver failed | status=4 | SQP it=1 | KKT=8.32e+01 | t=0.000s
2025-06-29 16:40:59,424 | ERROR   | Dump saved → debug_logs/fail/tick0123.json
2025-06-29 16:40:59,449 | ERROR   | Solver failed | status=4 | SQP it=1 | KKT=8.32e+01 | t=0.000s
2025-06-29 16:40:59,450 | ERROR   | Dump saved → debug_logs/fail/tick0124.json
2025-06-29 16:40:59,474 | ERROR   | Solver failed | status=4 | SQP it=1 | KKT=8.36e+01 | t=0.000s
2025-06-29 16:40:59,475 | ERROR   | Dump saved → debug_logs/fail/tick0125.json
2025-06-29 16:40:59,500 | ERROR   | Solver failed | status=4 | SQP it=1 | KKT=8.36e+01 | t=0.000s
2025-06-29 16:40:59,501 | ERROR   | Dump saved → debug_logs/fail/tick0126.json
2025-06-29 16:40:59,525 | ERROR   | Solver failed | status=4 | SQP it=1 | KKT=8.36e+01 | t=0.000s
2025-06-29 16:40:59,526 | ERROR   | Dump saved → debug_logs/fail/tick0127.json
2025-06-29 16:40:59,551 | ERROR   | Solver failed | status=4 | SQP it=1 | KKT=8.36e+01 | t=0.000s
2025-06-29 16:40:59,551 | ERROR   | Dump saved → debug_logs/fail/tick0128.json
2025-06-29 16:40:59,577 | ERROR   | Solver failed | status=4 | SQP it=1 | KKT=8.35e+01 | t=0.000s
2025-06-29 16:40:59,578 | ERROR   | Dump saved → debug_logs/fail/tick0129.json
2025-06-29 16:40:59,606 | ERROR   | Solver failed | status=4 | SQP it=1 | KKT=8.36e+01 | t=0.000s
2025-06-29 16:40:59,606 | ERROR   | Dump saved → debug_logs/fail/tick0130.json
2025-06-29 16:40:59,631 | ERROR   | Solver failed | status=4 | SQP it=1 | KKT=8.36e+01 | t=0.000s
2025-06-29 16:40:59,632 | ERROR   | Dump saved → debug_logs/fail/tick0131.json
2025-06-29 16:40:59,660 | ERROR   | Solver failed | status=4 | SQP it=1 | KKT=8.36e+01 | t=0.000s
2025-06-29 16:40:59,660 | ERROR   | Dump saved → debug_logs/fail/tick0132.json
2025-06-29 16:40:59,690 | ERROR   | Solver failed | status=4 | SQP it=1 | KKT=8.36e+01 | t=0.000s
2025-06-29 16:40:59,690 | ERROR   | Dump saved → debug_logs/fail/tick0133.json
2025-06-29 16:40:59,717 | ERROR   | Solver failed | status=4 | SQP it=1 | KKT=8.36e+01 | t=0.000s
2025-06-29 16:40:59,718 | ERROR   | Dump saved → debug_logs/fail/tick0134.json
2025-06-29 16:40:59,745 | ERROR   | Solver failed | status=4 | SQP it=1 | KKT=8.49e+01 | t=0.000s
2025-06-29 16:40:59,746 | ERROR   | Dump saved → debug_logs/fail/tick0135.json
2025-06-29 16:40:59,774 | ERROR   | Solver failed | status=4 | SQP it=1 | KKT=8.52e+01 | t=0.000s
2025-06-29 16:40:59,774 | ERROR   | Dump saved → debug_logs/fail/tick0136.json
2025-06-29 16:40:59,802 | ERROR   | Solver failed | status=4 | SQP it=1 | KKT=8.52e+01 | t=0.000s
2025-06-29 16:40:59,803 | ERROR   | Dump saved → debug_logs/fail/tick0137.json
2025-06-29 16:40:59,831 | ERROR   | Solver failed | status=4 | SQP it=1 | KKT=8.52e+01 | t=0.000s
2025-06-29 16:40:59,832 | ERROR   | Dump saved → debug_logs/fail/tick0138.json
2025-06-29 16:40:59,859 | ERROR   | Solver failed | status=4 | SQP it=1 | KKT=8.52e+01 | t=0.000s
2025-06-29 16:40:59,860 | ERROR   | Dump saved → debug_logs/fail/tick0139.json
2025-06-29 16:40:59,890 | ERROR   | Solver failed | status=4 | SQP it=1 | KKT=8.52e+01 | t=0.000s
2025-06-29 16:40:59,891 | ERROR   | Dump saved → debug_logs/fail/tick0140.json
2025-06-29 16:40:59,916 | ERROR   | Solver failed | status=4 | SQP it=1 | KKT=8.52e+01 | t=0.000s
2025-06-29 16:40:59,916 | ERROR   | Dump saved → debug_logs/fail/tick0141.json
2025-06-29 16:40:59,942 | ERROR   | Solver failed | status=4 | SQP it=1 | KKT=8.52e+01 | t=0.000s
2025-06-29 16:40:59,942 | ERROR   | Dump saved → debug_logs/fail/tick0142.json
2025-06-29 16:40:59,966 | ERROR   | Solver failed | status=4 | SQP it=1 | KKT=8.52e+01 | t=0.000s
2025-06-29 16:40:59,967 | ERROR   | Dump saved → debug_logs/fail/tick0143.json
2025-06-29 16:40:59,991 | ERROR   | Solver failed | status=4 | SQP it=1 | KKT=8.52e+01 | t=0.000s
2025-06-29 16:40:59,992 | ERROR   | Dump saved → debug_logs/fail/tick0144.json
2025-06-29 16:41:00,017 | ERROR   | Solver failed | status=4 | SQP it=1 | KKT=8.52e+01 | t=0.000s
2025-06-29 16:41:00,018 | ERROR   | Dump saved → debug_logs/fail/tick0145.json
2025-06-29 16:41:00,045 | ERROR   | Solver failed | status=4 | SQP it=1 | KKT=8.52e+01 | t=0.000s
2025-06-29 16:41:00,046 | ERROR   | Dump saved → debug_logs/fail/tick0146.json
2025-06-29 16:41:00,073 | ERROR   | Solver failed | status=4 | SQP it=1 | KKT=8.52e+01 | t=0.000s
2025-06-29 16:41:00,074 | ERROR   | Dump saved → debug_logs/fail/tick0147.json
2025-06-29 16:41:00,099 | ERROR   | Solver failed | status=4 | SQP it=1 | KKT=8.52e+01 | t=0.000s
2025-06-29 16:41:00,099 | ERROR   | Dump saved → debug_logs/fail/tick0148.json
2025-06-29 16:41:00,124 | ERROR   | Solver failed | status=4 | SQP it=1 | KKT=8.52e+01 | t=0.000s
2025-06-29 16:41:00,125 | ERROR   | Dump saved → debug_logs/fail/tick0149.json
2025-06-29 16:41:00,150 | ERROR   | Solver failed | status=4 | SQP it=1 | KKT=8.52e+01 | t=0.000s
2025-06-29 16:41:00,151 | ERROR   | Dump saved → debug_logs/fail/tick0150.json
2025-06-29 16:41:00,177 | ERROR   | Solver failed | status=4 | SQP it=1 | KKT=8.52e+01 | t=0.000s
2025-06-29 16:41:00,178 | ERROR   | Dump saved → debug_logs/fail/tick0151.json
2025-06-29 16:41:00,207 | ERROR   | Solver failed | status=4 | SQP it=1 | KKT=8.52e+01 | t=0.000s
2025-06-29 16:41:00,207 | ERROR   | Dump saved → debug_logs/fail/tick0152.json
2025-06-29 16:41:00,233 | ERROR   | Solver failed | status=4 | SQP it=1 | KKT=8.52e+01 | t=0.000s
2025-06-29 16:41:00,234 | ERROR   | Dump saved → debug_logs/fail/tick0153.json
2025-06-29 16:41:00,261 | ERROR   | Solver failed | status=4 | SQP it=1 | KKT=8.52e+01 | t=0.000s
2025-06-29 16:41:00,261 | ERROR   | Dump saved → debug_logs/fail/tick0154.json
2025-06-29 16:41:00,290 | ERROR   | Solver failed | status=4 | SQP it=1 | KKT=8.52e+01 | t=0.000s
2025-06-29 16:41:00,291 | ERROR   | Dump saved → debug_logs/fail/tick0155.json
2025-06-29 16:41:00,315 | ERROR   | Solver failed | status=4 | SQP it=1 | KKT=8.52e+01 | t=0.000s
2025-06-29 16:41:00,316 | ERROR   | Dump saved → debug_logs/fail/tick0156.json
2025-06-29 16:41:00,340 | ERROR   | Solver failed | status=4 | SQP it=1 | KKT=8.52e+01 | t=0.000s
2025-06-29 16:41:00,341 | ERROR   | Dump saved → debug_logs/fail/tick0157.json
2025-06-29 16:41:00,365 | ERROR   | Solver failed | status=4 | SQP it=1 | KKT=8.52e+01 | t=0.000s
2025-06-29 16:41:00,366 | ERROR   | Dump saved → debug_logs/fail/tick0158.json
2025-06-29 16:41:00,391 | ERROR   | Solver failed | status=4 | SQP it=1 | KKT=8.52e+01 | t=0.000s
2025-06-29 16:41:00,392 | ERROR   | Dump saved → debug_logs/fail/tick0159.json
2025-06-29 16:41:00,417 | ERROR   | Solver failed | status=4 | SQP it=1 | KKT=8.52e+01 | t=0.000s
2025-06-29 16:41:00,418 | ERROR   | Dump saved → debug_logs/fail/tick0160.json
2025-06-29 16:41:00,443 | ERROR   | Solver failed | status=4 | SQP it=1 | KKT=8.52e+01 | t=0.000s
2025-06-29 16:41:00,444 | ERROR   | Dump saved → debug_logs/fail/tick0161.json
2025-06-29 16:41:00,469 | ERROR   | Solver failed | status=4 | SQP it=1 | KKT=8.52e+01 | t=0.000s
2025-06-29 16:41:00,469 | ERROR   | Dump saved → debug_logs/fail/tick0162.json
2025-06-29 16:41:00,494 | ERROR   | Solver failed | status=4 | SQP it=1 | KKT=8.52e+01 | t=0.000s
2025-06-29 16:41:00,495 | ERROR   | Dump saved → debug_logs/fail/tick0163.json
2025-06-29 16:41:00,519 | ERROR   | Solver failed | status=4 | SQP it=1 | KKT=8.52e+01 | t=0.000s
2025-06-29 16:41:00,520 | ERROR   | Dump saved → debug_logs/fail/tick0164.json
2025-06-29 16:41:00,546 | ERROR   | Solver failed | status=4 | SQP it=1 | KKT=8.52e+01 | t=0.000s
2025-06-29 16:41:00,546 | ERROR   | Dump saved → debug_logs/fail/tick0165.json
2025-06-29 16:41:00,574 | ERROR   | Solver failed | status=4 | SQP it=1 | KKT=8.52e+01 | t=0.000s
2025-06-29 16:41:00,574 | ERROR   | Dump saved → debug_logs/fail/tick0166.json
2025-06-29 16:41:00,599 | ERROR   | Solver failed | status=4 | SQP it=1 | KKT=8.52e+01 | t=0.000s
2025-06-29 16:41:00,600 | ERROR   | Dump saved → debug_logs/fail/tick0167.json
2025-06-29 16:41:00,627 | ERROR   | Solver failed | status=4 | SQP it=1 | KKT=8.52e+01 | t=0.000s
2025-06-29 16:41:00,628 | ERROR   | Dump saved → debug_logs/fail/tick0168.json
2025-06-29 16:41:00,656 | ERROR   | Solver failed | status=4 | SQP it=1 | KKT=8.52e+01 | t=0.000s
2025-06-29 16:41:00,657 | ERROR   | Dump saved → debug_logs/fail/tick0169.json
2025-06-29 16:41:00,684 | ERROR   | Solver failed | status=4 | SQP it=1 | KKT=8.52e+01 | t=0.000s
2025-06-29 16:41:00,684 | ERROR   | Dump saved → debug_logs/fail/tick0170.json
2025-06-29 16:41:00,712 | ERROR   | Solver failed | status=4 | SQP it=1 | KKT=8.52e+01 | t=0.000s
2025-06-29 16:41:00,713 | ERROR   | Dump saved → debug_logs/fail/tick0171.json
2025-06-29 16:41:00,740 | ERROR   | Solver failed | status=4 | SQP it=1 | KKT=8.52e+01 | t=0.000s
2025-06-29 16:41:00,741 | ERROR   | Dump saved → debug_logs/fail/tick0172.json
2025-06-29 16:41:00,769 | ERROR   | Solver failed | status=4 | SQP it=1 | KKT=8.52e+01 | t=0.000s
2025-06-29 16:41:00,769 | ERROR   | Dump saved → debug_logs/fail/tick0173.json
2025-06-29 16:41:00,797 | ERROR   | Solver failed | status=4 | SQP it=1 | KKT=8.52e+01 | t=0.000s
2025-06-29 16:41:00,797 | ERROR   | Dump saved → debug_logs/fail/tick0174.json
2025-06-29 16:41:00,825 | ERROR   | Solver failed | status=4 | SQP it=1 | KKT=8.52e+01 | t=0.000s
2025-06-29 16:41:00,826 | ERROR   | Dump saved → debug_logs/fail/tick0175.json
2025-06-29 16:41:00,853 | ERROR   | Solver failed | status=4 | SQP it=1 | KKT=8.52e+01 | t=0.000s
2025-06-29 16:41:00,853 | ERROR   | Dump saved → debug_logs/fail/tick0176.json
2025-06-29 16:41:00,879 | ERROR   | Solver failed | status=4 | SQP it=1 | KKT=8.52e+01 | t=0.000s
2025-06-29 16:41:00,879 | ERROR   | Dump saved → debug_logs/fail/tick0177.json
2025-06-29 16:41:00,906 | ERROR   | Solver failed | status=4 | SQP it=1 | KKT=8.52e+01 | t=0.000s
2025-06-29 16:41:00,907 | ERROR   | Dump saved → debug_logs/fail/tick0178.json
2025-06-29 16:41:00,932 | ERROR   | Solver failed | status=4 | SQP it=1 | KKT=8.52e+01 | t=0.000s
2025-06-29 16:41:00,933 | ERROR   | Dump saved → debug_logs/fail/tick0179.json
2025-06-29 16:41:00,957 | ERROR   | Solver failed | status=4 | SQP it=1 | KKT=8.52e+01 | t=0.000s
2025-06-29 16:41:00,958 | ERROR   | Dump saved → debug_logs/fail/tick0180.json
2025-06-29 16:41:00,983 | ERROR   | Solver failed | status=4 | SQP it=1 | KKT=8.52e+01 | t=0.000s
2025-06-29 16:41:00,984 | ERROR   | Dump saved → debug_logs/fail/tick0181.json
2025-06-29 16:41:01,010 | ERROR   | Solver failed | status=4 | SQP it=1 | KKT=8.52e+01 | t=0.000s
2025-06-29 16:41:01,011 | ERROR   | Dump saved → debug_logs/fail/tick0182.json
2025-06-29 16:41:01,035 | ERROR   | Solver failed | status=4 | SQP it=1 | KKT=8.52e+01 | t=0.000s
2025-06-29 16:41:01,035 | ERROR   | Dump saved → debug_logs/fail/tick0183.json
2025-06-29 16:41:02,410 | INFO    | ===== INITIAL STATE DUMP =====
2025-06-29 16:41:02,410 | DEBUG   | {
  "xcurrent": [
    0.9525755047798157,
    1.5587092638015747,
    0.08243420720100403,
    0.0,
    0.0,
    0.0
  ],
  "params": {
    "QC": 10,
    "QL": 40,
    "MU": 10,
    "DVTHETA_MAX": 1.7,
    "N": 20,
    "T_HORIZON": 1.0,
    "RAMP_TIME": 1.8,
    "BW_RAMP": 1.0,
    "BARRIER_WEIGHT": 10,
    "TUNNEL_WIDTH": 0.4,
    "TUNNEL_WIDTH_GATE": 0.15,
    "NARROW_DIST": 0.7,
    "GATE_FLAT_DIST": 0.2,
    "Q_OMEGA": 2,
    "R_VTHETA": 1.0,
    "IN_GATE_RAMP_TIME": 0.3,
    "OUT_GATE_RAMP_TIME": 0.5,
    "REG_THRUST": 0.018,
    "REG_INPUTS": 0.1
  },
  "box_lims": {
    "vtheta_max": 1.7,
    "dvtheta_max": 1.7
  }
}
2025-06-29 16:41:02,868 | ERROR   | Solver failed | status=2 | SQP it=1000 | KKT=4.52e-08 | t=0.218s
2025-06-29 16:41:02,868 | ERROR   | Dump saved → debug_logs/fail/tick0008.json
2025-06-29 16:41:05,728 | ERROR   | Solver failed | status=1 | SQP it=129 | KKT=1.19e-09 | t=0.129s
2025-06-29 16:41:05,729 | ERROR   | Dump saved → debug_logs/fail/tick0099.json
2025-06-29 16:41:05,757 | ERROR   | Solver failed | status=1 | SQP it=0 | KKT=nan | t=0.000s
2025-06-29 16:41:05,758 | ERROR   | Dump saved → debug_logs/fail/tick0100.json
2025-06-29 16:41:05,781 | ERROR   | Solver failed | status=1 | SQP it=0 | KKT=nan | t=0.000s
2025-06-29 16:41:05,781 | ERROR   | Dump saved → debug_logs/fail/tick0101.json
2025-06-29 16:41:05,806 | ERROR   | Solver failed | status=1 | SQP it=0 | KKT=nan | t=0.000s
2025-06-29 16:41:05,807 | ERROR   | Dump saved → debug_logs/fail/tick0102.json
2025-06-29 16:41:05,831 | ERROR   | Solver failed | status=1 | SQP it=0 | KKT=nan | t=0.000s
2025-06-29 16:41:05,832 | ERROR   | Dump saved → debug_logs/fail/tick0103.json
2025-06-29 16:41:05,859 | ERROR   | Solver failed | status=1 | SQP it=0 | KKT=nan | t=0.000s
2025-06-29 16:41:05,860 | ERROR   | Dump saved → debug_logs/fail/tick0104.json
2025-06-29 16:41:05,889 | ERROR   | Solver failed | status=1 | SQP it=0 | KKT=nan | t=0.000s
2025-06-29 16:41:05,890 | ERROR   | Dump saved → debug_logs/fail/tick0105.json
2025-06-29 16:41:05,914 | ERROR   | Solver failed | status=1 | SQP it=0 | KKT=nan | t=0.000s
2025-06-29 16:41:05,915 | ERROR   | Dump saved → debug_logs/fail/tick0106.json
2025-06-29 16:41:05,939 | ERROR   | Solver failed | status=1 | SQP it=0 | KKT=nan | t=0.000s
2025-06-29 16:41:05,940 | ERROR   | Dump saved → debug_logs/fail/tick0107.json
2025-06-29 16:41:05,965 | ERROR   | Solver failed | status=1 | SQP it=0 | KKT=nan | t=0.000s
2025-06-29 16:41:05,965 | ERROR   | Dump saved → debug_logs/fail/tick0108.json
2025-06-29 16:41:05,991 | ERROR   | Solver failed | status=4 | SQP it=1 | KKT=1.37e+02 | t=0.000s
2025-06-29 16:41:05,992 | ERROR   | Dump saved → debug_logs/fail/tick0109.json
2025-06-29 16:41:06,015 | ERROR   | Solver failed | status=4 | SQP it=1 | KKT=1.37e+02 | t=0.000s
2025-06-29 16:41:06,016 | ERROR   | Dump saved → debug_logs/fail/tick0110.json
2025-06-29 16:41:06,041 | ERROR   | Solver failed | status=4 | SQP it=1 | KKT=1.38e+02 | t=0.000s
2025-06-29 16:41:06,041 | ERROR   | Dump saved → debug_logs/fail/tick0111.json
2025-06-29 16:41:06,066 | ERROR   | Solver failed | status=4 | SQP it=1 | KKT=1.07e+02 | t=0.000s
2025-06-29 16:41:06,067 | ERROR   | Dump saved → debug_logs/fail/tick0112.json
2025-06-29 16:41:06,092 | ERROR   | Solver failed | status=4 | SQP it=1 | KKT=1.08e+02 | t=0.000s
2025-06-29 16:41:06,093 | ERROR   | Dump saved → debug_logs/fail/tick0113.json
2025-06-29 16:41:06,118 | ERROR   | Solver failed | status=4 | SQP it=1 | KKT=1.06e+02 | t=0.000s
2025-06-29 16:41:06,118 | ERROR   | Dump saved → debug_logs/fail/tick0114.json
2025-06-29 16:41:06,144 | ERROR   | Solver failed | status=4 | SQP it=1 | KKT=1.06e+02 | t=0.000s
2025-06-29 16:41:06,145 | ERROR   | Dump saved → debug_logs/fail/tick0115.json
2025-06-29 16:41:06,173 | ERROR   | Solver failed | status=4 | SQP it=1 | KKT=1.14e+02 | t=0.000s
2025-06-29 16:41:06,174 | ERROR   | Dump saved → debug_logs/fail/tick0116.json
2025-06-29 16:41:06,200 | ERROR   | Solver failed | status=4 | SQP it=1 | KKT=1.14e+02 | t=0.000s
2025-06-29 16:41:06,200 | ERROR   | Dump saved → debug_logs/fail/tick0117.json
2025-06-29 16:41:06,227 | ERROR   | Solver failed | status=4 | SQP it=1 | KKT=1.14e+02 | t=0.000s
2025-06-29 16:41:06,228 | ERROR   | Dump saved → debug_logs/fail/tick0118.json
2025-06-29 16:41:06,257 | ERROR   | Solver failed | status=4 | SQP it=1 | KKT=1.16e+02 | t=0.000s
2025-06-29 16:41:06,258 | ERROR   | Dump saved → debug_logs/fail/tick0119.json
2025-06-29 16:41:06,284 | ERROR   | Solver failed | status=4 | SQP it=1 | KKT=1.16e+02 | t=0.000s
2025-06-29 16:41:06,285 | ERROR   | Dump saved → debug_logs/fail/tick0120.json
2025-06-29 16:41:06,313 | ERROR   | Solver failed | status=4 | SQP it=1 | KKT=1.14e+02 | t=0.000s
2025-06-29 16:41:06,313 | ERROR   | Dump saved → debug_logs/fail/tick0121.json
2025-06-29 16:41:06,342 | ERROR   | Solver failed | status=4 | SQP it=1 | KKT=1.14e+02 | t=0.000s
2025-06-29 16:41:06,342 | ERROR   | Dump saved → debug_logs/fail/tick0122.json
2025-06-29 16:41:06,369 | ERROR   | Solver failed | status=4 | SQP it=1 | KKT=1.12e+02 | t=0.000s
2025-06-29 16:41:06,370 | ERROR   | Dump saved → debug_logs/fail/tick0123.json
2025-06-29 16:41:06,394 | ERROR   | Solver failed | status=4 | SQP it=1 | KKT=1.13e+02 | t=0.000s
2025-06-29 16:41:06,395 | ERROR   | Dump saved → debug_logs/fail/tick0124.json
2025-06-29 16:41:06,419 | ERROR   | Solver failed | status=4 | SQP it=1 | KKT=1.13e+02 | t=0.000s
2025-06-29 16:41:06,420 | ERROR   | Dump saved → debug_logs/fail/tick0125.json
2025-06-29 16:41:06,445 | ERROR   | Solver failed | status=4 | SQP it=1 | KKT=1.20e+02 | t=0.000s
2025-06-29 16:41:06,445 | ERROR   | Dump saved → debug_logs/fail/tick0126.json
2025-06-29 16:41:06,472 | ERROR   | Solver failed | status=4 | SQP it=1 | KKT=1.20e+02 | t=0.000s
2025-06-29 16:41:06,473 | ERROR   | Dump saved → debug_logs/fail/tick0127.json
2025-06-29 16:41:06,498 | ERROR   | Solver failed | status=4 | SQP it=1 | KKT=1.20e+02 | t=0.000s
2025-06-29 16:41:06,498 | ERROR   | Dump saved → debug_logs/fail/tick0128.json
2025-06-29 16:41:06,523 | ERROR   | Solver failed | status=4 | SQP it=1 | KKT=1.26e+02 | t=0.000s
2025-06-29 16:41:06,524 | ERROR   | Dump saved → debug_logs/fail/tick0129.json
2025-06-29 16:41:06,548 | ERROR   | Solver failed | status=4 | SQP it=1 | KKT=1.26e+02 | t=0.000s
2025-06-29 16:41:06,549 | ERROR   | Dump saved → debug_logs/fail/tick0130.json
2025-06-29 16:41:06,574 | ERROR   | Solver failed | status=4 | SQP it=1 | KKT=1.26e+02 | t=0.000s
2025-06-29 16:41:06,575 | ERROR   | Dump saved → debug_logs/fail/tick0131.json
2025-06-29 16:41:06,599 | ERROR   | Solver failed | status=4 | SQP it=1 | KKT=1.26e+02 | t=0.000s
2025-06-29 16:41:06,600 | ERROR   | Dump saved → debug_logs/fail/tick0132.json
2025-06-29 16:41:06,625 | ERROR   | Solver failed | status=4 | SQP it=1 | KKT=1.26e+02 | t=0.000s
2025-06-29 16:41:06,626 | ERROR   | Dump saved → debug_logs/fail/tick0133.json
2025-06-29 16:41:06,653 | ERROR   | Solver failed | status=4 | SQP it=1 | KKT=1.26e+02 | t=0.000s
2025-06-29 16:41:06,653 | ERROR   | Dump saved → debug_logs/fail/tick0134.json
2025-06-29 16:41:06,679 | ERROR   | Solver failed | status=4 | SQP it=1 | KKT=8.88e+01 | t=0.000s
2025-06-29 16:41:06,679 | ERROR   | Dump saved → debug_logs/fail/tick0135.json
2025-06-29 16:41:06,707 | ERROR   | Solver failed | status=1 | SQP it=0 | KKT=nan | t=0.000s
2025-06-29 16:41:06,707 | ERROR   | Dump saved → debug_logs/fail/tick0136.json
2025-06-29 16:41:06,733 | ERROR   | Solver failed | status=1 | SQP it=0 | KKT=nan | t=0.000s
2025-06-29 16:41:06,734 | ERROR   | Dump saved → debug_logs/fail/tick0137.json
2025-06-29 16:41:06,761 | ERROR   | Solver failed | status=1 | SQP it=0 | KKT=nan | t=0.000s
2025-06-29 16:41:06,761 | ERROR   | Dump saved → debug_logs/fail/tick0138.json
2025-06-29 16:41:06,790 | ERROR   | Solver failed | status=1 | SQP it=0 | KKT=nan | t=0.000s
2025-06-29 16:41:06,791 | ERROR   | Dump saved → debug_logs/fail/tick0139.json
2025-06-29 16:41:06,815 | ERROR   | Solver failed | status=1 | SQP it=0 | KKT=nan | t=0.000s
2025-06-29 16:41:06,815 | ERROR   | Dump saved → debug_logs/fail/tick0140.json
2025-06-29 16:41:06,840 | ERROR   | Solver failed | status=1 | SQP it=0 | KKT=nan | t=0.000s
2025-06-29 16:41:06,841 | ERROR   | Dump saved → debug_logs/fail/tick0141.json
2025-06-29 16:41:06,865 | ERROR   | Solver failed | status=1 | SQP it=0 | KKT=nan | t=0.000s
2025-06-29 16:41:06,866 | ERROR   | Dump saved → debug_logs/fail/tick0142.json
2025-06-29 16:41:06,891 | ERROR   | Solver failed | status=1 | SQP it=0 | KKT=nan | t=0.000s
2025-06-29 16:41:06,892 | ERROR   | Dump saved → debug_logs/fail/tick0143.json
2025-06-29 16:41:06,916 | ERROR   | Solver failed | status=1 | SQP it=0 | KKT=nan | t=0.000s
2025-06-29 16:41:06,917 | ERROR   | Dump saved → debug_logs/fail/tick0144.json
2025-06-29 16:41:06,941 | ERROR   | Solver failed | status=1 | SQP it=0 | KKT=nan | t=0.000s
2025-06-29 16:41:06,942 | ERROR   | Dump saved → debug_logs/fail/tick0145.json
2025-06-29 16:41:06,966 | ERROR   | Solver failed | status=1 | SQP it=0 | KKT=nan | t=0.000s
2025-06-29 16:41:06,967 | ERROR   | Dump saved → debug_logs/fail/tick0146.json
2025-06-29 16:41:06,991 | ERROR   | Solver failed | status=1 | SQP it=0 | KKT=nan | t=0.000s
2025-06-29 16:41:06,992 | ERROR   | Dump saved → debug_logs/fail/tick0147.json
2025-06-29 16:41:07,016 | ERROR   | Solver failed | status=1 | SQP it=0 | KKT=nan | t=0.000s
2025-06-29 16:41:07,017 | ERROR   | Dump saved → debug_logs/fail/tick0148.json
2025-06-29 16:41:07,043 | ERROR   | Solver failed | status=1 | SQP it=0 | KKT=nan | t=0.000s
2025-06-29 16:41:07,043 | ERROR   | Dump saved → debug_logs/fail/tick0149.json
2025-06-29 16:41:07,069 | ERROR   | Solver failed | status=1 | SQP it=0 | KKT=nan | t=0.000s
2025-06-29 16:41:07,070 | ERROR   | Dump saved → debug_logs/fail/tick0150.json
2025-06-29 16:41:07,096 | ERROR   | Solver failed | status=1 | SQP it=0 | KKT=nan | t=0.000s
2025-06-29 16:41:07,096 | ERROR   | Dump saved → debug_logs/fail/tick0151.json
2025-06-29 16:41:07,123 | ERROR   | Solver failed | status=1 | SQP it=0 | KKT=nan | t=0.000s
2025-06-29 16:41:07,124 | ERROR   | Dump saved → debug_logs/fail/tick0152.json
2025-06-29 16:41:07,149 | ERROR   | Solver failed | status=1 | SQP it=0 | KKT=nan | t=0.000s
2025-06-29 16:41:07,149 | ERROR   | Dump saved → debug_logs/fail/tick0153.json
2025-06-29 16:41:07,173 | ERROR   | Solver failed | status=1 | SQP it=0 | KKT=nan | t=0.000s
2025-06-29 16:41:07,173 | ERROR   | Dump saved → debug_logs/fail/tick0154.json
2025-06-29 16:41:07,198 | ERROR   | Solver failed | status=1 | SQP it=0 | KKT=nan | t=0.000s
2025-06-29 16:41:07,199 | ERROR   | Dump saved → debug_logs/fail/tick0155.json
2025-06-29 16:41:07,226 | ERROR   | Solver failed | status=1 | SQP it=0 | KKT=nan | t=0.000s
2025-06-29 16:41:07,227 | ERROR   | Dump saved → debug_logs/fail/tick0156.json
2025-06-29 16:41:07,257 | ERROR   | Solver failed | status=1 | SQP it=0 | KKT=nan | t=0.000s
2025-06-29 16:41:07,258 | ERROR   | Dump saved → debug_logs/fail/tick0157.json
2025-06-29 16:41:07,285 | ERROR   | Solver failed | status=1 | SQP it=0 | KKT=nan | t=0.000s
2025-06-29 16:41:07,286 | ERROR   | Dump saved → debug_logs/fail/tick0158.json
2025-06-29 16:41:07,313 | ERROR   | Solver failed | status=1 | SQP it=0 | KKT=nan | t=0.000s
2025-06-29 16:41:07,313 | ERROR   | Dump saved → debug_logs/fail/tick0159.json
2025-06-29 16:41:07,341 | ERROR   | Solver failed | status=1 | SQP it=0 | KKT=nan | t=0.000s
2025-06-29 16:41:07,342 | ERROR   | Dump saved → debug_logs/fail/tick0160.json
2025-06-29 16:41:07,369 | ERROR   | Solver failed | status=1 | SQP it=0 | KKT=nan | t=0.000s
2025-06-29 16:41:07,370 | ERROR   | Dump saved → debug_logs/fail/tick0161.json
2025-06-29 16:41:07,394 | ERROR   | Solver failed | status=1 | SQP it=0 | KKT=nan | t=0.000s
2025-06-29 16:41:07,395 | ERROR   | Dump saved → debug_logs/fail/tick0162.json
2025-06-29 16:41:07,418 | ERROR   | Solver failed | status=1 | SQP it=0 | KKT=nan | t=0.000s
2025-06-29 16:41:07,419 | ERROR   | Dump saved → debug_logs/fail/tick0163.json
2025-06-29 16:41:08,787 | INFO    | ===== INITIAL STATE DUMP =====
2025-06-29 16:41:08,787 | DEBUG   | {
  "xcurrent": [
    1.0020873546600342,
    1.442512035369873,
    0.08937965333461761,
    0.0,
    0.0,
    0.0
  ],
  "params": {
    "QC": 10,
    "QL": 40,
    "MU": 10,
    "DVTHETA_MAX": 1.7,
    "N": 20,
    "T_HORIZON": 1.0,
    "RAMP_TIME": 1.8,
    "BW_RAMP": 1.0,
    "BARRIER_WEIGHT": 10,
    "TUNNEL_WIDTH": 0.4,
    "TUNNEL_WIDTH_GATE": 0.15,
    "NARROW_DIST": 0.7,
    "GATE_FLAT_DIST": 0.2,
    "Q_OMEGA": 2,
    "R_VTHETA": 1.0,
    "IN_GATE_RAMP_TIME": 0.3,
    "OUT_GATE_RAMP_TIME": 0.5,
    "REG_THRUST": 0.018,
    "REG_INPUTS": 0.1
  },
  "box_lims": {
    "vtheta_max": 1.7,
    "dvtheta_max": 1.7
  }
}
2025-06-29 16:41:16,728 | ERROR   | Solver failed | status=1 | SQP it=130 | KKT=6.77e-12 | t=0.123s
2025-06-29 16:41:16,729 | ERROR   | Dump saved → debug_logs/fail/tick0254.json
2025-06-29 16:41:16,757 | ERROR   | Solver failed | status=1 | SQP it=0 | KKT=nan | t=0.000s
2025-06-29 16:41:16,758 | ERROR   | Dump saved → debug_logs/fail/tick0255.json
2025-06-29 16:41:16,782 | ERROR   | Solver failed | status=1 | SQP it=0 | KKT=nan | t=0.000s
2025-06-29 16:41:16,782 | ERROR   | Dump saved → debug_logs/fail/tick0256.json
2025-06-29 16:41:16,808 | ERROR   | Solver failed | status=1 | SQP it=0 | KKT=nan | t=0.000s
2025-06-29 16:41:16,809 | ERROR   | Dump saved → debug_logs/fail/tick0257.json
2025-06-29 16:41:16,833 | ERROR   | Solver failed | status=1 | SQP it=0 | KKT=nan | t=0.000s
2025-06-29 16:41:16,834 | ERROR   | Dump saved → debug_logs/fail/tick0258.json
2025-06-29 16:41:16,861 | ERROR   | Solver failed | status=1 | SQP it=0 | KKT=nan | t=0.000s
2025-06-29 16:41:16,862 | ERROR   | Dump saved → debug_logs/fail/tick0259.json
2025-06-29 16:41:16,890 | ERROR   | Solver failed | status=4 | SQP it=1 | KKT=1.40e+02 | t=0.000s
2025-06-29 16:41:16,891 | ERROR   | Dump saved → debug_logs/fail/tick0260.json
2025-06-29 16:41:16,918 | ERROR   | Solver failed | status=4 | SQP it=1 | KKT=1.40e+02 | t=0.000s
2025-06-29 16:41:16,919 | ERROR   | Dump saved → debug_logs/fail/tick0261.json
2025-06-29 16:41:16,943 | ERROR   | Solver failed | status=4 | SQP it=1 | KKT=1.40e+02 | t=0.000s
2025-06-29 16:41:16,944 | ERROR   | Dump saved → debug_logs/fail/tick0262.json
2025-06-29 16:41:16,968 | ERROR   | Solver failed | status=4 | SQP it=1 | KKT=1.40e+02 | t=0.000s
2025-06-29 16:41:16,969 | ERROR   | Dump saved → debug_logs/fail/tick0263.json
2025-06-29 16:41:16,994 | ERROR   | Solver failed | status=4 | SQP it=1 | KKT=1.40e+02 | t=0.000s
2025-06-29 16:41:16,994 | ERROR   | Dump saved → debug_logs/fail/tick0264.json
2025-06-29 16:41:17,019 | ERROR   | Solver failed | status=1 | SQP it=0 | KKT=nan | t=0.000s
2025-06-29 16:41:17,020 | ERROR   | Dump saved → debug_logs/fail/tick0265.json
2025-06-29 16:41:17,045 | ERROR   | Solver failed | status=1 | SQP it=0 | KKT=nan | t=0.000s
2025-06-29 16:41:17,046 | ERROR   | Dump saved → debug_logs/fail/tick0266.json
2025-06-29 16:41:17,072 | ERROR   | Solver failed | status=1 | SQP it=0 | KKT=nan | t=0.000s
2025-06-29 16:41:17,073 | ERROR   | Dump saved → debug_logs/fail/tick0267.json
2025-06-29 16:41:17,098 | ERROR   | Solver failed | status=1 | SQP it=0 | KKT=nan | t=0.000s
2025-06-29 16:41:17,098 | ERROR   | Dump saved → debug_logs/fail/tick0268.json
2025-06-29 16:41:17,123 | ERROR   | Solver failed | status=1 | SQP it=0 | KKT=nan | t=0.000s
2025-06-29 16:41:17,124 | ERROR   | Dump saved → debug_logs/fail/tick0269.json
2025-06-29 16:41:17,148 | ERROR   | Solver failed | status=1 | SQP it=0 | KKT=nan | t=0.000s
2025-06-29 16:41:17,149 | ERROR   | Dump saved → debug_logs/fail/tick0270.json
2025-06-29 16:41:17,172 | ERROR   | Solver failed | status=1 | SQP it=0 | KKT=nan | t=0.000s
2025-06-29 16:41:17,173 | ERROR   | Dump saved → debug_logs/fail/tick0271.json
2025-06-29 16:41:17,195 | ERROR   | Solver failed | status=1 | SQP it=0 | KKT=nan | t=0.000s
2025-06-29 16:41:17,196 | ERROR   | Dump saved → debug_logs/fail/tick0272.json
2025-06-29 16:41:17,223 | ERROR   | Solver failed | status=1 | SQP it=0 | KKT=nan | t=0.000s
2025-06-29 16:41:17,224 | ERROR   | Dump saved → debug_logs/fail/tick0273.json
2025-06-29 16:41:17,250 | ERROR   | Solver failed | status=1 | SQP it=0 | KKT=nan | t=0.000s
2025-06-29 16:41:17,251 | ERROR   | Dump saved → debug_logs/fail/tick0274.json
2025-06-29 16:41:17,278 | ERROR   | Solver failed | status=1 | SQP it=0 | KKT=nan | t=0.000s
2025-06-29 16:41:17,278 | ERROR   | Dump saved → debug_logs/fail/tick0275.json
2025-06-29 16:41:17,306 | ERROR   | Solver failed | status=1 | SQP it=0 | KKT=nan | t=0.000s
2025-06-29 16:41:17,307 | ERROR   | Dump saved → debug_logs/fail/tick0276.json
2025-06-29 16:41:17,331 | ERROR   | Solver failed | status=1 | SQP it=0 | KKT=nan | t=0.000s
2025-06-29 16:41:17,332 | ERROR   | Dump saved → debug_logs/fail/tick0277.json
2025-06-29 16:41:17,357 | ERROR   | Solver failed | status=1 | SQP it=0 | KKT=nan | t=0.000s
2025-06-29 16:41:17,358 | ERROR   | Dump saved → debug_logs/fail/tick0278.json
2025-06-29 16:41:17,382 | ERROR   | Solver failed | status=1 | SQP it=0 | KKT=nan | t=0.000s
2025-06-29 16:41:17,383 | ERROR   | Dump saved → debug_logs/fail/tick0279.json
2025-06-29 16:41:17,407 | ERROR   | Solver failed | status=1 | SQP it=0 | KKT=nan | t=0.000s
2025-06-29 16:41:17,408 | ERROR   | Dump saved → debug_logs/fail/tick0280.json
2025-06-29 16:41:17,432 | ERROR   | Solver failed | status=1 | SQP it=0 | KKT=nan | t=0.000s
2025-06-29 16:41:17,433 | ERROR   | Dump saved → debug_logs/fail/tick0281.json
2025-06-29 16:41:17,458 | ERROR   | Solver failed | status=1 | SQP it=0 | KKT=nan | t=0.000s
2025-06-29 16:41:17,458 | ERROR   | Dump saved → debug_logs/fail/tick0282.json
2025-06-29 16:41:17,483 | ERROR   | Solver failed | status=1 | SQP it=0 | KKT=nan | t=0.000s
2025-06-29 16:41:17,484 | ERROR   | Dump saved → debug_logs/fail/tick0283.json
2025-06-29 16:41:17,509 | ERROR   | Solver failed | status=1 | SQP it=0 | KKT=nan | t=0.000s
2025-06-29 16:41:17,509 | ERROR   | Dump saved → debug_logs/fail/tick0284.json
2025-06-29 16:41:17,534 | ERROR   | Solver failed | status=1 | SQP it=0 | KKT=nan | t=0.000s
2025-06-29 16:41:17,535 | ERROR   | Dump saved → debug_logs/fail/tick0285.json
2025-06-29 16:41:17,559 | ERROR   | Solver failed | status=1 | SQP it=0 | KKT=nan | t=0.000s
2025-06-29 16:41:17,560 | ERROR   | Dump saved → debug_logs/fail/tick0286.json
2025-06-29 16:41:17,586 | ERROR   | Solver failed | status=1 | SQP it=0 | KKT=nan | t=0.000s
2025-06-29 16:41:17,587 | ERROR   | Dump saved → debug_logs/fail/tick0287.json
2025-06-29 16:41:17,612 | ERROR   | Solver failed | status=1 | SQP it=0 | KKT=nan | t=0.000s
2025-06-29 16:41:17,613 | ERROR   | Dump saved → debug_logs/fail/tick0288.json
2025-06-29 16:41:17,640 | ERROR   | Solver failed | status=1 | SQP it=0 | KKT=nan | t=0.000s
2025-06-29 16:41:17,641 | ERROR   | Dump saved → debug_logs/fail/tick0289.json
2025-06-29 16:41:17,667 | ERROR   | Solver failed | status=1 | SQP it=0 | KKT=nan | t=0.000s
2025-06-29 16:41:17,667 | ERROR   | Dump saved → debug_logs/fail/tick0290.json
2025-06-29 16:41:17,694 | ERROR   | Solver failed | status=1 | SQP it=0 | KKT=nan | t=0.000s
2025-06-29 16:41:17,695 | ERROR   | Dump saved → debug_logs/fail/tick0291.json
2025-06-29 16:41:17,723 | ERROR   | Solver failed | status=1 | SQP it=0 | KKT=nan | t=0.000s
2025-06-29 16:41:17,724 | ERROR   | Dump saved → debug_logs/fail/tick0292.json
