2025-06-28 18:04:27,591 | INFO    | ===== INITIAL STATE DUMP =====
2025-06-28 18:04:27,591 | DEBUG   | {
  "xcurrent": [
    1.089695930480957,
    1.4088244438171387,
    0.08456537127494812,
    0.0,
    0.0,
    0.0
  ],
  "params": {
    "QC": 10,
    "QC_GATE": 50,
    "QL": 40,
    "MU": 10,
    "DVTHETA_MAX": 1.4,
    "N": 25,
    "T_HORIZON": 0.8,
    "RAMP_TIME": 0.5,
    "BARRIER_WEIGHT": 10,
    "OBSTACLE_WEIGHT": [
      30,
      200,
      100,
      10
    ],
    "OBSTACLE_RADIUS": 0.2,
    "TUNNEL_WIDTH": 0.4,
    "TUNNEL_WIDTH_GATE": 0.2,
    "NARROW_DIST": 0.5,
    "GATE_FLAT_DIST": 0.3,
    "Q_OMEGA": 2,
    "R_VTHETA": 1.0,
    "REG_THRUST": 0.008,
    "REG_INPUTS": 0.05
  },
  "box_lims": {
    "vtheta_max": 1.4,
    "dvtheta_max": 1.4
  }
}
2025-06-28 18:04:30,002 | ERROR   | Solver failed | status=2 | SQP it=1000 | KKT=6.55e-08 | t=0.684s
2025-06-28 18:04:30,003 | ERROR   | Dump saved → debug_logs/fail/tick0017.json
2025-06-28 18:04:30,715 | ERROR   | Solver failed | status=2 | SQP it=1000 | KKT=6.73e-08 | t=0.683s
2025-06-28 18:04:30,716 | ERROR   | Dump saved → debug_logs/fail/tick0018.json
2025-06-28 18:04:40,730 | INFO    | ===== INITIAL STATE DUMP =====
2025-06-28 18:04:40,730 | DEBUG   | {
  "xcurrent": [
    0.9395605325698853,
    1.4897215366363525,
    0.08280151337385178,
    0.0,
    0.0,
    0.0
  ],
  "params": {
    "QC": 10,
    "QC_GATE": 50,
    "QL": 40,
    "MU": 10,
    "DVTHETA_MAX": 1.4,
    "N": 25,
    "T_HORIZON": 0.8,
    "RAMP_TIME": 0.5,
    "BARRIER_WEIGHT": 10,
    "OBSTACLE_WEIGHT": [
      30,
      200,
      100,
      10
    ],
    "OBSTACLE_RADIUS": 0.2,
    "TUNNEL_WIDTH": 0.4,
    "TUNNEL_WIDTH_GATE": 0.2,
    "NARROW_DIST": 0.5,
    "GATE_FLAT_DIST": 0.3,
    "Q_OMEGA": 2,
    "R_VTHETA": 1.0,
    "REG_THRUST": 0.008,
    "REG_INPUTS": 0.05
  },
  "box_lims": {
    "vtheta_max": 1.4,
    "dvtheta_max": 1.4
  }
}
2025-06-28 18:04:45,729 | ERROR   | Solver failed | status=4 | SQP it=119 | KKT=1.29e-10 | t=0.167s
2025-06-28 18:04:45,730 | ERROR   | Dump saved → debug_logs/fail/tick0140.json
2025-06-28 18:04:45,853 | ERROR   | Solver failed | status=4 | SQP it=1 | KKT=7.26e+01 | t=0.089s
2025-06-28 18:04:45,854 | ERROR   | Dump saved → debug_logs/fail/tick0141.json
2025-06-28 18:04:45,928 | ERROR   | Solver failed | status=4 | SQP it=1 | KKT=7.26e+01 | t=0.047s
2025-06-28 18:04:45,928 | ERROR   | Dump saved → debug_logs/fail/tick0142.json
2025-06-28 18:04:45,970 | ERROR   | Solver failed | status=4 | SQP it=1 | KKT=7.26e+01 | t=0.015s
2025-06-28 18:04:45,971 | ERROR   | Dump saved → debug_logs/fail/tick0143.json
2025-06-28 18:04:46,074 | ERROR   | Solver failed | status=4 | SQP it=62 | KKT=8.82e-08 | t=0.076s
2025-06-28 18:04:46,074 | ERROR   | Dump saved → debug_logs/fail/tick0144.json
2025-06-28 18:04:46,101 | ERROR   | Solver failed | status=4 | SQP it=1 | KKT=6.40e+01 | t=0.001s
2025-06-28 18:04:46,102 | ERROR   | Dump saved → debug_logs/fail/tick0145.json
2025-06-28 18:04:46,131 | ERROR   | Solver failed | status=4 | SQP it=1 | KKT=6.40e+01 | t=0.003s
2025-06-28 18:04:46,131 | ERROR   | Dump saved → debug_logs/fail/tick0146.json
2025-06-28 18:04:46,886 | ERROR   | Solver failed | status=2 | SQP it=1000 | KKT=7.99e-10 | t=0.729s
2025-06-28 18:04:46,886 | ERROR   | Dump saved → debug_logs/fail/tick0147.json
2025-06-28 18:04:48,954 | ERROR   | Solver failed | status=2 | SQP it=1000 | KKT=1.33e-08 | t=0.753s
2025-06-28 18:04:48,956 | ERROR   | Dump saved → debug_logs/fail/tick0178.json
2025-06-28 18:04:50,684 | INFO    | ===== INITIAL STATE DUMP =====
2025-06-28 18:04:50,684 | DEBUG   | {
  "xcurrent": [
    1.000569224357605,
    1.591463327407837,
    0.07913634926080704,
    0.0,
    0.0,
    0.0
  ],
  "params": {
    "QC": 10,
    "QC_GATE": 50,
    "QL": 40,
    "MU": 10,
    "DVTHETA_MAX": 1.4,
    "N": 25,
    "T_HORIZON": 0.8,
    "RAMP_TIME": 0.5,
    "BARRIER_WEIGHT": 10,
    "OBSTACLE_WEIGHT": [
      30,
      200,
      100,
      10
    ],
    "OBSTACLE_RADIUS": 0.2,
    "TUNNEL_WIDTH": 0.4,
    "TUNNEL_WIDTH_GATE": 0.2,
    "NARROW_DIST": 0.5,
    "GATE_FLAT_DIST": 0.3,
    "Q_OMEGA": 2,
    "R_VTHETA": 1.0,
    "REG_THRUST": 0.008,
    "REG_INPUTS": 0.05
  },
  "box_lims": {
    "vtheta_max": 1.4,
    "dvtheta_max": 1.4
  }
}
2025-06-28 18:04:51,568 | ERROR   | Solver failed | status=2 | SQP it=1000 | KKT=6.70e-08 | t=0.615s
2025-06-28 18:04:51,568 | ERROR   | Dump saved → debug_logs/fail/tick0008.json
2025-06-28 18:04:52,360 | ERROR   | Solver failed | status=2 | SQP it=1000 | KKT=9.75e-08 | t=0.622s
2025-06-28 18:04:52,362 | ERROR   | Dump saved → debug_logs/fail/tick0014.json
2025-06-28 18:04:56,105 | INFO    | ===== INITIAL STATE DUMP =====
2025-06-28 18:04:56,105 | DEBUG   | {
  "xcurrent": [
    0.987706184387207,
    1.5000134706497192,
    0.07259897142648697,
    0.0,
    0.0,
    0.0
  ],
  "params": {
    "QC": 10,
    "QC_GATE": 50,
    "QL": 40,
    "MU": 10,
    "DVTHETA_MAX": 1.4,
    "N": 25,
    "T_HORIZON": 0.8,
    "RAMP_TIME": 0.5,
    "BARRIER_WEIGHT": 10,
    "OBSTACLE_WEIGHT": [
      30,
      200,
      100,
      10
    ],
    "OBSTACLE_RADIUS": 0.2,
    "TUNNEL_WIDTH": 0.4,
    "TUNNEL_WIDTH_GATE": 0.2,
    "NARROW_DIST": 0.5,
    "GATE_FLAT_DIST": 0.3,
    "Q_OMEGA": 2,
    "R_VTHETA": 1.0,
    "REG_THRUST": 0.008,
    "REG_INPUTS": 0.05
  },
  "box_lims": {
    "vtheta_max": 1.4,
    "dvtheta_max": 1.4
  }
}
2025-06-28 18:05:04,060 | INFO    | ===== INITIAL STATE DUMP =====
2025-06-28 18:05:04,060 | DEBUG   | {
  "xcurrent": [
    1.0619300603866577,
    1.577767252922058,
    0.08897902816534042,
    0.0,
    0.0,
    0.0
  ],
  "params": {
    "QC": 10,
    "QC_GATE": 50,
    "QL": 40,
    "MU": 10,
    "DVTHETA_MAX": 1.4,
    "N": 25,
    "T_HORIZON": 0.8,
    "RAMP_TIME": 0.5,
    "BARRIER_WEIGHT": 10,
    "OBSTACLE_WEIGHT": [
      30,
      200,
      100,
      10
    ],
    "OBSTACLE_RADIUS": 0.2,
    "TUNNEL_WIDTH": 0.4,
    "TUNNEL_WIDTH_GATE": 0.2,
    "NARROW_DIST": 0.5,
    "GATE_FLAT_DIST": 0.3,
    "Q_OMEGA": 2,
    "R_VTHETA": 1.0,
    "REG_THRUST": 0.008,
    "REG_INPUTS": 0.05
  },
  "box_lims": {
    "vtheta_max": 1.4,
    "dvtheta_max": 1.4
  }
}
2025-06-28 18:05:04,934 | ERROR   | Solver failed | status=2 | SQP it=1000 | KKT=5.23e-08 | t=0.617s
2025-06-28 18:05:04,935 | ERROR   | Dump saved → debug_logs/fail/tick0007.json
