2025-06-28 18:03:22,596 | INFO    | ===== INITIAL STATE DUMP =====
2025-06-28 18:03:22,596 | DEBUG   | {
  "xcurrent": [
    1.089695930480957,
    1.4088244438171387,
    0.08456537127494812,
    0.0,
    0.0,
    0.0
  ],
  "params": {
    "QC": 10,
    "QC_GATE": 50,
    "QL": 40,
    "MU": 10,
    "DVTHETA_MAX": 1.5,
    "N": 25,
    "T_HORIZON": 0.8,
    "RAMP_TIME": 0.5,
    "BARRIER_WEIGHT": 10,
    "OBSTACLE_WEIGHT": [
      30,
      200,
      100,
      10
    ],
    "OBSTACLE_RADIUS": 0.2,
    "TUNNEL_WIDTH": 0.4,
    "TUNNEL_WIDTH_GATE": 0.2,
    "NARROW_DIST": 0.5,
    "GATE_FLAT_DIST": 0.3,
    "Q_OMEGA": 2,
    "R_VTHETA": 1.0,
    "REG_THRUST": 0.008,
    "REG_INPUTS": 0.01
  },
  "box_lims": {
    "vtheta_max": 1.5,
    "dvtheta_max": 1.5
  }
}
2025-06-28 18:03:37,246 | INFO    | ===== INITIAL STATE DUMP =====
2025-06-28 18:03:37,247 | DEBUG   | {
  "xcurrent": [
    0.9928708076477051,
    1.5269144773483276,
    0.07714859396219254,
    0.0,
    0.0,
    0.0
  ],
  "params": {
    "QC": 10,
    "QC_GATE": 50,
    "QL": 40,
    "MU": 10,
    "DVTHETA_MAX": 1.5,
    "N": 25,
    "T_HORIZON": 0.8,
    "RAMP_TIME": 0.5,
    "BARRIER_WEIGHT": 10,
    "OBSTACLE_WEIGHT": [
      30,
      200,
      100,
      10
    ],
    "OBSTACLE_RADIUS": 0.2,
    "TUNNEL_WIDTH": 0.4,
    "TUNNEL_WIDTH_GATE": 0.2,
    "NARROW_DIST": 0.5,
    "GATE_FLAT_DIST": 0.3,
    "Q_OMEGA": 2,
    "R_VTHETA": 1.0,
    "REG_THRUST": 0.008,
    "REG_INPUTS": 0.01
  },
  "box_lims": {
    "vtheta_max": 1.5,
    "dvtheta_max": 1.5
  }
}
2025-06-28 18:03:37,735 | ERROR   | Solver failed | status=2 | SQP it=1000 | KKT=1.89e-08 | t=0.347s
2025-06-28 18:03:37,736 | ERROR   | Dump saved → debug_logs/fail/tick0004.json
2025-06-28 18:03:44,069 | ERROR   | Solver failed | status=2 | SQP it=1000 | KKT=1.87e-08 | t=0.832s
2025-06-28 18:03:44,070 | ERROR   | Dump saved → debug_logs/fail/tick0164.json
2025-06-28 18:03:45,054 | ERROR   | Solver failed | status=2 | SQP it=1000 | KKT=1.17e-08 | t=0.955s
2025-06-28 18:03:45,055 | ERROR   | Dump saved → debug_logs/fail/tick0165.json
2025-06-28 18:03:46,464 | ERROR   | Solver failed | status=2 | SQP it=1000 | KKT=1.54e-08 | t=1.381s
2025-06-28 18:03:46,465 | ERROR   | Dump saved → debug_logs/fail/tick0166.json
2025-06-28 18:03:47,626 | ERROR   | Solver failed | status=2 | SQP it=1000 | KKT=3.46e-09 | t=1.122s
2025-06-28 18:03:47,627 | ERROR   | Dump saved → debug_logs/fail/tick0167.json
2025-06-28 18:03:49,036 | ERROR   | Solver failed | status=2 | SQP it=1000 | KKT=3.21e-08 | t=1.382s
2025-06-28 18:03:49,036 | ERROR   | Dump saved → debug_logs/fail/tick0168.json
2025-06-28 18:03:50,340 | ERROR   | Solver failed | status=2 | SQP it=1000 | KKT=9.89e-08 | t=1.260s
2025-06-28 18:03:50,340 | ERROR   | Dump saved → debug_logs/fail/tick0169.json
2025-06-28 18:03:51,674 | ERROR   | Solver failed | status=2 | SQP it=1000 | KKT=1.09e-11 | t=1.290s
2025-06-28 18:03:51,675 | ERROR   | Dump saved → debug_logs/fail/tick0170.json
2025-06-28 18:03:53,009 | ERROR   | Solver failed | status=2 | SQP it=1000 | KKT=6.86e-14 | t=1.289s
2025-06-28 18:03:53,010 | ERROR   | Dump saved → debug_logs/fail/tick0171.json
2025-06-28 18:03:54,407 | ERROR   | Solver failed | status=2 | SQP it=1000 | KKT=3.48e-08 | t=1.359s
2025-06-28 18:03:54,408 | ERROR   | Dump saved → debug_logs/fail/tick0172.json
2025-06-28 18:03:55,756 | ERROR   | Solver failed | status=2 | SQP it=1000 | KKT=5.52e-10 | t=1.309s
2025-06-28 18:03:55,757 | ERROR   | Dump saved → debug_logs/fail/tick0173.json
