2025-06-25 14:13:42,104 | INFO    | ===== INITIAL STATE DUMP =====
2025-06-25 14:13:42,104 | DEBUG   | {
  "xcurrent": [
    1.089695930480957,
    1.4088244438171387,
    0.08456537127494812,
    0.0,
    0.0,
    0.0
  ],
  "params": {
    "QC": 10,
    "QC_GATE": 50,
    "QL": 40,
    "MU": 10,
    "DVTHETA_MAX": 1.7,
    "N": 15,
    "T_HORIZON": 0.8,
    "RAMP_TIME": 1.8,
    "BARRIER_WEIGHT": 10,
    "TUNNEL_WIDTH": 0.5,
    "TUNNEL_WIDTH_GATE": 0.15,
    "NARROW_DIST": 0.7,
    "GATE_FLAT_DIST": 0.2,
    "Q_OMEGA": 2,
    "R_VTHETA": 1.0,
    "IN_GATE_RAMP_TIME": 0.3,
    "OUT_GATE_RAMP_TIME": 0.5
  },
  "box_lims": {
    "vtheta_max": 1.7,
    "dvtheta_max": 1.7
  }
}
2025-06-25 14:13:59,733 | ERROR   | Solver failed | status=2 | SQP it=1000 | KKT=2.19e-09 | t=0.418s
2025-06-25 14:13:59,735 | ERROR   | Dump saved → debug_logs/fail/tick0143.json
2025-06-25 14:14:00,160 | ERROR   | Solver failed | status=2 | SQP it=1000 | KKT=6.11e-09 | t=0.399s
2025-06-25 14:14:00,161 | ERROR   | Dump saved → debug_logs/fail/tick0144.json
2025-06-25 14:14:00,582 | ERROR   | Solver failed | status=2 | SQP it=1000 | KKT=4.89e-08 | t=0.399s
2025-06-25 14:14:00,583 | ERROR   | Dump saved → debug_logs/fail/tick0145.json
2025-06-25 14:14:01,046 | ERROR   | Solver failed | status=2 | SQP it=1000 | KKT=3.80e-09 | t=0.437s
2025-06-25 14:14:01,047 | ERROR   | Dump saved → debug_logs/fail/tick0146.json
2025-06-25 14:14:03,574 | INFO    | ===== INITIAL STATE DUMP =====
2025-06-25 14:14:03,574 | DEBUG   | {
  "xcurrent": [
    0.9554418325424194,
    1.4177806377410889,
    0.08779869973659515,
    0.0,
    0.0,
    0.0
  ],
  "params": {
    "QC": 10,
    "QC_GATE": 50,
    "QL": 40,
    "MU": 10,
    "DVTHETA_MAX": 1.7,
    "N": 15,
    "T_HORIZON": 0.8,
    "RAMP_TIME": 1.8,
    "BARRIER_WEIGHT": 10,
    "TUNNEL_WIDTH": 0.5,
    "TUNNEL_WIDTH_GATE": 0.15,
    "NARROW_DIST": 0.7,
    "GATE_FLAT_DIST": 0.2,
    "Q_OMEGA": 2,
    "R_VTHETA": 1.0,
    "IN_GATE_RAMP_TIME": 0.3,
    "OUT_GATE_RAMP_TIME": 0.5
  },
  "box_lims": {
    "vtheta_max": 1.7,
    "dvtheta_max": 1.7
  }
}
2025-06-25 14:14:04,092 | ERROR   | Solver failed | status=2 | SQP it=1000 | KKT=4.87e-08 | t=0.204s
2025-06-25 14:14:04,093 | ERROR   | Dump saved → debug_logs/fail/tick0012.json
