2025-06-08 22:38:20,719 | INFO    | ===== INITIAL STATE DUMP =====
2025-06-08 22:38:20,719 | DEBUG   | {
  "xcurrent": [
    1.089695930480957,
    1.4088244438171387,
    0.08456537127494812,
    0.0,
    0.0,
    0.0
  ],
  "params": {
    "QC": 10,
    "QL": 80,
    "MU": 10,
    "DVTHETA_MAX": 1.0,
    "N": 20,
    "T_HORIZON": 1.5,
    "RAMP_TIME": 1.8,
    "BARRIER_WEIGHT": 10,
    "TUNNEL_WIDTH": 0.4,
    "TUNNEL_WIDTH_GATE": 0.25,
    "Q_OMEGA": 2,
    "R_VTHETA": 1.0,
    "IN_GATE_RAMP_TIME": 0.4,
    "OUT_GATE_RAMP_TIME": 3
  },
  "box_lims": {
    "vtheta_max": 1.0,
    "dvtheta_max": 1.0
  }
}
2025-06-08 22:38:31,808 | ERROR   | Solver failed | status=1 | SQP it=40 | KKT=1.36e-08 | t=0.037s
2025-06-08 22:38:31,809 | ERROR   | Dump saved → debug_logs/fail/tick0122.json
2025-06-08 22:38:31,838 | ERROR   | Solver failed | status=4 | SQP it=1 | KKT=4.53e+02 | t=0.000s
2025-06-08 22:38:31,838 | ERROR   | Dump saved → debug_logs/fail/tick0123.json
2025-06-08 22:38:31,864 | ERROR   | Solver failed | status=4 | SQP it=1 | KKT=4.53e+02 | t=0.000s
2025-06-08 22:38:31,865 | ERROR   | Dump saved → debug_logs/fail/tick0124.json
2025-06-08 22:38:31,895 | ERROR   | Solver failed | status=4 | SQP it=1 | KKT=4.53e+02 | t=0.000s
2025-06-08 22:38:31,895 | ERROR   | Dump saved → debug_logs/fail/tick0125.json
2025-06-08 22:38:31,928 | ERROR   | Solver failed | status=4 | SQP it=1 | KKT=4.53e+02 | t=0.000s
2025-06-08 22:38:31,929 | ERROR   | Dump saved → debug_logs/fail/tick0126.json
2025-06-08 22:38:31,957 | ERROR   | Solver failed | status=4 | SQP it=1 | KKT=4.51e+02 | t=0.000s
2025-06-08 22:38:31,958 | ERROR   | Dump saved → debug_logs/fail/tick0127.json
2025-06-08 22:38:31,989 | ERROR   | Solver failed | status=4 | SQP it=1 | KKT=4.51e+02 | t=0.000s
2025-06-08 22:38:31,989 | ERROR   | Dump saved → debug_logs/fail/tick0128.json
2025-06-08 22:38:32,016 | ERROR   | Solver failed | status=4 | SQP it=1 | KKT=4.51e+02 | t=0.000s
2025-06-08 22:38:32,017 | ERROR   | Dump saved → debug_logs/fail/tick0129.json
2025-06-08 22:38:32,048 | ERROR   | Solver failed | status=4 | SQP it=1 | KKT=4.51e+02 | t=0.000s
2025-06-08 22:38:32,049 | ERROR   | Dump saved → debug_logs/fail/tick0130.json
2025-06-08 22:38:32,077 | ERROR   | Solver failed | status=4 | SQP it=1 | KKT=4.51e+02 | t=0.000s
2025-06-08 22:38:32,078 | ERROR   | Dump saved → debug_logs/fail/tick0131.json
2025-06-08 22:38:32,109 | ERROR   | Solver failed | status=4 | SQP it=1 | KKT=4.51e+02 | t=0.000s
2025-06-08 22:38:32,110 | ERROR   | Dump saved → debug_logs/fail/tick0132.json
2025-06-08 22:38:32,136 | ERROR   | Solver failed | status=4 | SQP it=1 | KKT=4.50e+02 | t=0.000s
2025-06-08 22:38:32,136 | ERROR   | Dump saved → debug_logs/fail/tick0133.json
2025-06-08 22:38:32,163 | ERROR   | Solver failed | status=4 | SQP it=1 | KKT=5.28e+02 | t=0.000s
2025-06-08 22:38:32,164 | ERROR   | Dump saved → debug_logs/fail/tick0134.json
2025-06-08 22:38:32,190 | ERROR   | Solver failed | status=4 | SQP it=1 | KKT=5.28e+02 | t=0.000s
2025-06-08 22:38:32,190 | ERROR   | Dump saved → debug_logs/fail/tick0135.json
2025-06-08 22:38:32,214 | ERROR   | Solver failed | status=4 | SQP it=1 | KKT=5.28e+02 | t=0.000s
2025-06-08 22:38:32,214 | ERROR   | Dump saved → debug_logs/fail/tick0136.json
2025-06-08 22:38:32,243 | ERROR   | Solver failed | status=4 | SQP it=1 | KKT=5.28e+02 | t=0.000s
2025-06-08 22:38:32,244 | ERROR   | Dump saved → debug_logs/fail/tick0137.json
2025-06-08 22:38:32,269 | ERROR   | Solver failed | status=4 | SQP it=1 | KKT=5.28e+02 | t=0.000s
2025-06-08 22:38:32,270 | ERROR   | Dump saved → debug_logs/fail/tick0138.json
