2025-06-12 16:14:42,024 | INFO    | ===== INITIAL STATE DUMP =====
2025-06-12 16:14:42,025 | DEBUG   | {
  "xcurrent": [
    1.089695930480957,
    1.4088244438171387,
    0.08456537127494812,
    0.0,
    0.0,
    0.0
  ],
  "params": {
    "QC": 10,
    "QL": 80,
    "MU": 10,
    "DVTHETA_MAX": 1.9,
    "N": 20,
    "T_HORIZON": 1.2,
    "RAMP_TIME": 1.8,
    "BARRIER_WEIGHT": 10,
    "TUNNEL_WIDTH": 0.5,
    "TUNNEL_WIDTH_GATE": 0.2,
    "Q_OMEGA": 2,
    "R_VTHETA": 1.0,
    "IN_GATE_RAMP_TIME": 0.4,
    "OUT_GATE_RAMP_TIME": 3
  },
  "box_lims": {
    "vtheta_max": 1.9,
    "dvtheta_max": 1.9
  }
}
2025-06-12 16:15:13,401 | ERROR   | Solver failed | status=2 | SQP it=1000 | KKT=1.06e-10 | t=0.521s
2025-06-12 16:15:13,402 | ERROR   | Dump saved → debug_logs/fail/tick0192.json
2025-06-12 16:15:17,083 | INFO    | ===== INITIAL STATE DUMP =====
2025-06-12 16:15:17,084 | DEBUG   | {
  "xcurrent": [
    1.0827112197875977,
    1.49158775806427,
    0.08536490797996521,
    0.0,
    0.0,
    0.0
  ],
  "params": {
    "QC": 10,
    "QL": 80,
    "MU": 10,
    "DVTHETA_MAX": 1.9,
    "N": 20,
    "T_HORIZON": 1.2,
    "RAMP_TIME": 1.8,
    "BARRIER_WEIGHT": 10,
    "TUNNEL_WIDTH": 0.5,
    "TUNNEL_WIDTH_GATE": 0.2,
    "Q_OMEGA": 2,
    "R_VTHETA": 1.0,
    "IN_GATE_RAMP_TIME": 0.4,
    "OUT_GATE_RAMP_TIME": 3
  },
  "box_lims": {
    "vtheta_max": 1.9,
    "dvtheta_max": 1.9
  }
}
2025-06-12 16:15:22,611 | INFO    | ===== INITIAL STATE DUMP =====
2025-06-12 16:15:22,612 | DEBUG   | {
  "xcurrent": [
    1.0684267282485962,
    1.5105814933776855,
    0.07681404054164886,
    0.0,
    0.0,
    0.0
  ],
  "params": {
    "QC": 10,
    "QL": 80,
    "MU": 10,
    "DVTHETA_MAX": 1.9,
    "N": 20,
    "T_HORIZON": 1.2,
    "RAMP_TIME": 1.8,
    "BARRIER_WEIGHT": 10,
    "TUNNEL_WIDTH": 0.5,
    "TUNNEL_WIDTH_GATE": 0.2,
    "Q_OMEGA": 2,
    "R_VTHETA": 1.0,
    "IN_GATE_RAMP_TIME": 0.4,
    "OUT_GATE_RAMP_TIME": 3
  },
  "box_lims": {
    "vtheta_max": 1.9,
    "dvtheta_max": 1.9
  }
}
