2025-06-08 22:30:30,435 | INFO    | ===== INITIAL STATE DUMP =====
2025-06-08 22:30:30,435 | DEBUG   | {
  "xcurrent": [
    1.089695930480957,
    1.4088244438171387,
    0.08456537127494812,
    0.0,
    0.0,
    0.0
  ],
  "params": {
    "QC": 10,
    "QL": 80,
    "MU": 10,
    "DVTHETA_MAX": 1.0,
    "N": 20,
    "T_HORIZON": 1.5,
    "RAMP_TIME": 1.8,
    "BARRIER_WEIGHT": 10,
    "TUNNEL_WIDTH": 0.4,
    "TUNNEL_WIDTH_GATE": 0.25,
    "Q_OMEGA": 2,
    "R_VTHETA": 1.0,
    "IN_GATE_RAMP_TIME": 0.4,
    "OUT_GATE_RAMP_TIME": 3
  },
  "box_lims": {
    "vtheta_max": 1.0,
    "dvtheta_max": 1.0
  }
}
2025-06-08 22:30:50,275 | ERROR   | Solver failed | status=1 | SQP it=5 | KKT=0.00e+00 | t=0.005s
2025-06-08 22:30:50,277 | ERROR   | Dump saved → debug_logs/fail/tick0068.json
2025-06-08 22:31:40,480 | ERROR   | Solver failed | status=1 | SQP it=0 | KKT=nan | t=0.000s
2025-06-08 22:31:40,482 | ERROR   | Dump saved → debug_logs/fail/tick0069.json
2025-06-08 22:31:40,526 | ERROR   | Solver failed | status=1 | SQP it=0 | KKT=nan | t=0.000s
2025-06-08 22:31:40,528 | ERROR   | Dump saved → debug_logs/fail/tick0070.json
2025-06-08 22:31:40,564 | ERROR   | Solver failed | status=1 | SQP it=0 | KKT=nan | t=0.000s
2025-06-08 22:31:40,565 | ERROR   | Dump saved → debug_logs/fail/tick0071.json
2025-06-08 22:31:40,953 | ERROR   | Solver failed | status=1 | SQP it=0 | KKT=nan | t=0.000s
2025-06-08 22:31:40,955 | ERROR   | Dump saved → debug_logs/fail/tick0072.json
2025-06-08 22:31:40,996 | ERROR   | Solver failed | status=1 | SQP it=0 | KKT=nan | t=0.000s
2025-06-08 22:31:40,997 | ERROR   | Dump saved → debug_logs/fail/tick0073.json
2025-06-08 22:31:41,029 | ERROR   | Solver failed | status=1 | SQP it=0 | KKT=nan | t=0.000s
2025-06-08 22:31:41,030 | ERROR   | Dump saved → debug_logs/fail/tick0074.json
2025-06-08 22:31:41,061 | ERROR   | Solver failed | status=1 | SQP it=0 | KKT=nan | t=0.000s
2025-06-08 22:31:41,062 | ERROR   | Dump saved → debug_logs/fail/tick0075.json
2025-06-08 22:31:41,092 | ERROR   | Solver failed | status=1 | SQP it=0 | KKT=nan | t=0.000s
2025-06-08 22:31:41,093 | ERROR   | Dump saved → debug_logs/fail/tick0076.json
2025-06-08 22:31:41,123 | ERROR   | Solver failed | status=1 | SQP it=0 | KKT=nan | t=0.000s
2025-06-08 22:31:41,124 | ERROR   | Dump saved → debug_logs/fail/tick0077.json
2025-06-08 22:31:41,152 | ERROR   | Solver failed | status=1 | SQP it=0 | KKT=nan | t=0.000s
2025-06-08 22:31:41,153 | ERROR   | Dump saved → debug_logs/fail/tick0078.json
2025-06-08 22:31:41,182 | ERROR   | Solver failed | status=1 | SQP it=0 | KKT=nan | t=0.000s
2025-06-08 22:31:41,183 | ERROR   | Dump saved → debug_logs/fail/tick0079.json
2025-06-08 22:31:41,212 | ERROR   | Solver failed | status=1 | SQP it=0 | KKT=nan | t=0.000s
2025-06-08 22:31:41,212 | ERROR   | Dump saved → debug_logs/fail/tick0080.json
2025-06-08 22:31:41,243 | ERROR   | Solver failed | status=1 | SQP it=0 | KKT=nan | t=0.000s
2025-06-08 22:31:41,244 | ERROR   | Dump saved → debug_logs/fail/tick0081.json
2025-06-08 22:31:41,275 | ERROR   | Solver failed | status=1 | SQP it=0 | KKT=nan | t=0.000s
2025-06-08 22:31:41,276 | ERROR   | Dump saved → debug_logs/fail/tick0082.json
2025-06-08 22:31:41,309 | ERROR   | Solver failed | status=1 | SQP it=0 | KKT=nan | t=0.000s
2025-06-08 22:31:41,310 | ERROR   | Dump saved → debug_logs/fail/tick0083.json
2025-06-08 22:31:41,337 | ERROR   | Solver failed | status=1 | SQP it=0 | KKT=nan | t=0.000s
2025-06-08 22:31:41,337 | ERROR   | Dump saved → debug_logs/fail/tick0084.json
2025-06-08 22:31:41,364 | ERROR   | Solver failed | status=1 | SQP it=0 | KKT=nan | t=0.000s
2025-06-08 22:31:41,365 | ERROR   | Dump saved → debug_logs/fail/tick0085.json
2025-06-08 22:31:41,937 | ERROR   | Solver failed | status=1 | SQP it=0 | KKT=nan | t=0.001s
2025-06-08 22:31:41,939 | ERROR   | Dump saved → debug_logs/fail/tick0086.json
2025-06-08 22:31:41,986 | ERROR   | Solver failed | status=1 | SQP it=0 | KKT=nan | t=0.000s
2025-06-08 22:31:41,987 | ERROR   | Dump saved → debug_logs/fail/tick0087.json
2025-06-08 22:31:42,021 | ERROR   | Solver failed | status=1 | SQP it=0 | KKT=nan | t=0.000s
2025-06-08 22:31:42,022 | ERROR   | Dump saved → debug_logs/fail/tick0088.json
2025-06-08 22:31:42,058 | ERROR   | Solver failed | status=1 | SQP it=0 | KKT=nan | t=0.000s
2025-06-08 22:31:42,059 | ERROR   | Dump saved → debug_logs/fail/tick0089.json
2025-06-08 22:31:42,087 | ERROR   | Solver failed | status=1 | SQP it=0 | KKT=nan | t=0.000s
2025-06-08 22:31:42,088 | ERROR   | Dump saved → debug_logs/fail/tick0090.json
2025-06-08 22:31:42,117 | ERROR   | Solver failed | status=1 | SQP it=0 | KKT=nan | t=0.000s
2025-06-08 22:31:42,118 | ERROR   | Dump saved → debug_logs/fail/tick0091.json
2025-06-08 22:31:42,149 | ERROR   | Solver failed | status=1 | SQP it=0 | KKT=nan | t=0.000s
2025-06-08 22:31:42,150 | ERROR   | Dump saved → debug_logs/fail/tick0092.json
2025-06-08 22:31:42,177 | ERROR   | Solver failed | status=1 | SQP it=0 | KKT=nan | t=0.000s
2025-06-08 22:31:42,178 | ERROR   | Dump saved → debug_logs/fail/tick0093.json
2025-06-08 22:31:42,544 | ERROR   | Solver failed | status=1 | SQP it=0 | KKT=nan | t=0.000s
2025-06-08 22:31:42,545 | ERROR   | Dump saved → debug_logs/fail/tick0094.json
2025-06-08 22:31:42,586 | ERROR   | Solver failed | status=1 | SQP it=0 | KKT=nan | t=0.000s
2025-06-08 22:31:42,587 | ERROR   | Dump saved → debug_logs/fail/tick0095.json
2025-06-08 22:31:42,625 | ERROR   | Solver failed | status=1 | SQP it=0 | KKT=nan | t=0.000s
2025-06-08 22:31:42,625 | ERROR   | Dump saved → debug_logs/fail/tick0096.json
2025-06-08 22:31:42,660 | ERROR   | Solver failed | status=1 | SQP it=0 | KKT=nan | t=0.000s
2025-06-08 22:31:42,660 | ERROR   | Dump saved → debug_logs/fail/tick0097.json
2025-06-08 22:31:42,689 | ERROR   | Solver failed | status=1 | SQP it=0 | KKT=nan | t=0.000s
2025-06-08 22:31:42,690 | ERROR   | Dump saved → debug_logs/fail/tick0098.json
2025-06-08 22:31:42,720 | ERROR   | Solver failed | status=1 | SQP it=0 | KKT=nan | t=0.000s
2025-06-08 22:31:42,720 | ERROR   | Dump saved → debug_logs/fail/tick0099.json
2025-06-08 22:31:42,749 | ERROR   | Solver failed | status=1 | SQP it=0 | KKT=nan | t=0.000s
2025-06-08 22:31:42,749 | ERROR   | Dump saved → debug_logs/fail/tick0100.json
2025-06-08 22:31:42,782 | ERROR   | Solver failed | status=1 | SQP it=0 | KKT=nan | t=0.000s
2025-06-08 22:31:42,782 | ERROR   | Dump saved → debug_logs/fail/tick0101.json
2025-06-08 22:31:42,810 | ERROR   | Solver failed | status=1 | SQP it=0 | KKT=nan | t=0.000s
2025-06-08 22:31:42,811 | ERROR   | Dump saved → debug_logs/fail/tick0102.json
