2025-07-03 12:21:53,736 | INFO    | ===== INITIAL STATE DUMP =====
2025-07-03 12:21:53,736 | DEBUG   | {
  "xcurrent": [
    1.089695930480957,
    1.4088244438171387,
    0.08456537127494812,
    0.0,
    0.0,
    0.0
  ],
  "params": {
    "QC": 10,
    "QL": 40,
    "MU": 10,
    "DVTHETA_MAX": 1.0,
    "N": 20,
    "T_HORIZON": 0.7,
    "RAMP_TIME": 1.8,
    "BW_RAMP": 1,
    "BARRIER_WEIGHT": 100,
    "TUNNEL_WIDTH": 0.4,
    "TUNNEL_WIDTH_GATE": 0.15,
    "NARROW_DIST": 0.7,
    "GATE_FLAT_DIST": 0.1,
    "Q_OMEGA": 0,
    "R_VTHETA": 1.0,
    "REG_THRUST": 0.0001,
    "REG_INPUTS": 0.09
  },
  "box_lims": {
    "vtheta_max": 1.0,
    "dvtheta_max": 1.0
  }
}
2025-07-03 12:21:55,536 | ERROR   | Solver failed | status=2 | SQP it=1000 | KKT=6.20e-08 | t=0.273s
2025-07-03 12:21:55,537 | ERROR   | Dump saved → debug_logs/fail/tick0014.json
2025-07-03 12:22:05,962 | ERROR   | Solver failed | status=2 | SQP it=1000 | KKT=4.60e-11 | t=0.513s
2025-07-03 12:22:05,964 | ERROR   | Dump saved → debug_logs/fail/tick0295.json
2025-07-03 12:22:09,950 | ERROR   | Solver failed | status=2 | SQP it=1000 | KKT=5.02e-11 | t=0.464s
2025-07-03 12:22:09,950 | ERROR   | Dump saved → debug_logs/fail/tick0399.json
2025-07-03 12:22:22,322 | INFO    | ===== INITIAL STATE DUMP =====
2025-07-03 12:22:22,322 | DEBUG   | {
  "xcurrent": [
    1.0859724283218384,
    1.5541324615478516,
    0.0773356556892395,
    0.0,
    0.0,
    0.0
  ],
  "params": {
    "QC": 10,
    "QL": 40,
    "MU": 10,
    "DVTHETA_MAX": 1.0,
    "N": 20,
    "T_HORIZON": 0.7,
    "RAMP_TIME": 1.8,
    "BW_RAMP": 1,
    "BARRIER_WEIGHT": 100,
    "TUNNEL_WIDTH": 0.4,
    "TUNNEL_WIDTH_GATE": 0.15,
    "NARROW_DIST": 0.7,
    "GATE_FLAT_DIST": 0.1,
    "Q_OMEGA": 0,
    "R_VTHETA": 1.0,
    "REG_THRUST": 0.0001,
    "REG_INPUTS": 0.09
  },
  "box_lims": {
    "vtheta_max": 1.0,
    "dvtheta_max": 1.0
  }
}
2025-07-03 12:22:58,508 | ERROR   | Solver failed | status=2 | SQP it=1000 | KKT=9.98e-08 | t=0.569s
2025-07-03 12:22:58,510 | ERROR   | Dump saved → debug_logs/fail/tick0581.json
2025-07-03 12:23:04,728 | INFO    | ===== INITIAL STATE DUMP =====
2025-07-03 12:23:04,728 | DEBUG   | {
  "xcurrent": [
    1.0348280668258667,
    1.570277452468872,
    0.08420993387699127,
    0.0,
    0.0,
    0.0
  ],
  "params": {
    "QC": 10,
    "QL": 40,
    "MU": 10,
    "DVTHETA_MAX": 1.0,
    "N": 20,
    "T_HORIZON": 0.7,
    "RAMP_TIME": 1.8,
    "BW_RAMP": 1,
    "BARRIER_WEIGHT": 100,
    "TUNNEL_WIDTH": 0.4,
    "TUNNEL_WIDTH_GATE": 0.15,
    "NARROW_DIST": 0.7,
    "GATE_FLAT_DIST": 0.1,
    "Q_OMEGA": 0,
    "R_VTHETA": 1.0,
    "REG_THRUST": 0.0001,
    "REG_INPUTS": 0.09
  },
  "box_lims": {
    "vtheta_max": 1.0,
    "dvtheta_max": 1.0
  }
}
2025-07-03 12:23:30,579 | INFO    | ===== INITIAL STATE DUMP =====
2025-07-03 12:23:30,579 | DEBUG   | {
  "xcurrent": [
    0.9987528920173645,
    1.5235199928283691,
    0.08246772736310959,
    0.0,
    0.0,
    0.0
  ],
  "params": {
    "QC": 10,
    "QL": 40,
    "MU": 10,
    "DVTHETA_MAX": 1.0,
    "N": 20,
    "T_HORIZON": 0.7,
    "RAMP_TIME": 1.8,
    "BW_RAMP": 1,
    "BARRIER_WEIGHT": 100,
    "TUNNEL_WIDTH": 0.4,
    "TUNNEL_WIDTH_GATE": 0.15,
    "NARROW_DIST": 0.7,
    "GATE_FLAT_DIST": 0.1,
    "Q_OMEGA": 0,
    "R_VTHETA": 1.0,
    "REG_THRUST": 0.0001,
    "REG_INPUTS": 0.09
  },
  "box_lims": {
    "vtheta_max": 1.0,
    "dvtheta_max": 1.0
  }
}
2025-07-03 12:23:45,037 | INFO    | ===== INITIAL STATE DUMP =====
2025-07-03 12:23:45,037 | DEBUG   | {
  "xcurrent": [
    1.0330370664596558,
    1.4474635124206543,
    0.07532182335853577,
    0.0,
    0.0,
    0.0
  ],
  "params": {
    "QC": 10,
    "QL": 40,
    "MU": 10,
    "DVTHETA_MAX": 1.0,
    "N": 20,
    "T_HORIZON": 0.7,
    "RAMP_TIME": 1.8,
    "BW_RAMP": 1,
    "BARRIER_WEIGHT": 100,
    "TUNNEL_WIDTH": 0.4,
    "TUNNEL_WIDTH_GATE": 0.15,
    "NARROW_DIST": 0.7,
    "GATE_FLAT_DIST": 0.1,
    "Q_OMEGA": 0,
    "R_VTHETA": 1.0,
    "REG_THRUST": 0.0001,
    "REG_INPUTS": 0.09
  },
  "box_lims": {
    "vtheta_max": 1.0,
    "dvtheta_max": 1.0
  }
}
2025-07-03 12:23:57,389 | ERROR   | Solver failed | status=2 | SQP it=1000 | KKT=6.79e-08 | t=0.485s
2025-07-03 12:23:57,389 | ERROR   | Dump saved → debug_logs/fail/tick0721.json
2025-07-03 12:23:59,037 | ERROR   | Solver failed | status=2 | SQP it=1000 | KKT=1.81e-08 | t=1.139s
2025-07-03 12:23:59,038 | ERROR   | Dump saved → debug_logs/fail/tick0750.json
2025-07-03 12:24:00,207 | ERROR   | Solver failed | status=2 | SQP it=1000 | KKT=3.33e-09 | t=1.157s
2025-07-03 12:24:00,208 | ERROR   | Dump saved → debug_logs/fail/tick0751.json
2025-07-03 12:24:01,375 | ERROR   | Solver failed | status=2 | SQP it=1000 | KKT=2.59e-10 | t=1.146s
2025-07-03 12:24:01,375 | ERROR   | Dump saved → debug_logs/fail/tick0752.json
2025-07-03 12:24:02,630 | ERROR   | Solver failed | status=2 | SQP it=1000 | KKT=2.73e-08 | t=1.239s
2025-07-03 12:24:02,630 | ERROR   | Dump saved → debug_logs/fail/tick0753.json
2025-07-03 12:24:03,888 | ERROR   | Solver failed | status=2 | SQP it=1000 | KKT=2.42e-08 | t=1.241s
2025-07-03 12:24:03,888 | ERROR   | Dump saved → debug_logs/fail/tick0754.json
2025-07-03 12:24:05,447 | INFO    | ===== INITIAL STATE DUMP =====
2025-07-03 12:24:05,447 | DEBUG   | {
  "xcurrent": [
    0.9982162714004517,
    1.5864890813827515,
    0.0758252888917923,
    0.0,
    0.0,
    0.0
  ],
  "params": {
    "QC": 10,
    "QL": 40,
    "MU": 10,
    "DVTHETA_MAX": 1.0,
    "N": 20,
    "T_HORIZON": 0.7,
    "RAMP_TIME": 1.8,
    "BW_RAMP": 1,
    "BARRIER_WEIGHT": 100,
    "TUNNEL_WIDTH": 0.4,
    "TUNNEL_WIDTH_GATE": 0.15,
    "NARROW_DIST": 0.7,
    "GATE_FLAT_DIST": 0.1,
    "Q_OMEGA": 0,
    "R_VTHETA": 1.0,
    "REG_THRUST": 0.0001,
    "REG_INPUTS": 0.09
  },
  "box_lims": {
    "vtheta_max": 1.0,
    "dvtheta_max": 1.0
  }
}
2025-07-03 12:24:18,244 | INFO    | ===== INITIAL STATE DUMP =====
2025-07-03 12:24:18,244 | DEBUG   | {
  "xcurrent": [
    0.9771179556846619,
    1.4597623348236084,
    0.07924262434244156,
    0.0,
    0.0,
    0.0
  ],
  "params": {
    "QC": 10,
    "QL": 40,
    "MU": 10,
    "DVTHETA_MAX": 1.0,
    "N": 20,
    "T_HORIZON": 0.7,
    "RAMP_TIME": 1.8,
    "BW_RAMP": 1,
    "BARRIER_WEIGHT": 100,
    "TUNNEL_WIDTH": 0.4,
    "TUNNEL_WIDTH_GATE": 0.15,
    "NARROW_DIST": 0.7,
    "GATE_FLAT_DIST": 0.1,
    "Q_OMEGA": 0,
    "R_VTHETA": 1.0,
    "REG_THRUST": 0.0001,
    "REG_INPUTS": 0.09
  },
  "box_lims": {
    "vtheta_max": 1.0,
    "dvtheta_max": 1.0
  }
}
2025-07-03 12:24:19,011 | ERROR   | Solver failed | status=2 | SQP it=1000 | KKT=2.07e-08 | t=0.764s
2025-07-03 12:24:19,011 | ERROR   | Dump saved → debug_logs/fail/tick0000.json
