2025-06-28 12:54:19,362 | INFO    | ===== INITIAL STATE DUMP =====
2025-06-28 12:54:19,363 | DEBUG   | {
  "xcurrent": [
    1.089695930480957,
    1.4088244438171387,
    0.08456537127494812,
    0.0,
    0.0,
    0.0
  ],
  "params": {
    "QC": 10,
    "QC_GATE": 50,
    "QL": 40,
    "MU": 10,
    "DVTHETA_MAX": 1.0,
    "N": 20,
    "T_HORIZON": 0.8,
    "RAMP_TIME": 1.8,
    "BARRIER_WEIGHT": 10,
    "TUNNEL_WIDTH": 0.4,
    "TUNNEL_WIDTH_GATE": 0.15,
    "NARROW_DIST": 0.7,
    "GATE_FLAT_DIST": 0.2,
    "Q_OMEGA": 2,
    "R_VTHETA": 1.0,
    "IN_GATE_RAMP_TIME": 0.3,
    "OUT_GATE_RAMP_TIME": 0.5,
    "REG_THRUST": 0.018,
    "REG_INPUTS": 0.1
  },
  "box_lims": {
    "vtheta_max": 1.0,
    "dvtheta_max": 1.0
  }
}
2025-06-28 12:54:26,093 | ERROR   | Solver failed | status=2 | SQP it=1000 | KKT=2.05e-09 | t=0.952s
2025-06-28 12:54:26,094 | ERROR   | Dump saved → debug_logs/fail/tick0109.json
2025-06-28 12:54:27,073 | ERROR   | Solver failed | status=2 | SQP it=1000 | KKT=2.43e-08 | t=0.948s
2025-06-28 12:54:27,074 | ERROR   | Dump saved → debug_logs/fail/tick0110.json
2025-06-28 12:54:28,054 | ERROR   | Solver failed | status=2 | SQP it=1000 | KKT=1.80e-09 | t=0.952s
2025-06-28 12:54:28,055 | ERROR   | Dump saved → debug_logs/fail/tick0111.json
2025-06-28 12:54:29,029 | ERROR   | Solver failed | status=2 | SQP it=1000 | KKT=3.29e-08 | t=0.944s
2025-06-28 12:54:29,030 | ERROR   | Dump saved → debug_logs/fail/tick0112.json
