2025-06-28 20:13:01,374 | INFO    | ===== INITIAL STATE DUMP =====
2025-06-28 20:13:01,375 | DEBUG   | {
  "xcurrent": [
    1.089695930480957,
    1.4088244438171387,
    0.08456537127494812,
    0.0,
    0.0,
    0.0
  ],
  "params": {
    "QC": 10,
    "QC_GATE": 50,
    "QL": 40,
    "MU": 10,
    "DVTHETA_MAX": 1.6,
    "N": 20,
    "T_HORIZON": 0.7,
    "RAMP_TIME": 0.7,
    "BARRIER_WEIGHT": 10,
    "OBSTACLE_WEIGHT": [
      10,
      100,
      10,
      10
    ],
    "OBSTACLE_RADIUS": 0.3,
    "OBSTACLE_ALPHA": 100.0,
    "TUNNEL_WIDTH": 0.4,
    "TUNNEL_WIDTH_GATE": 0.15,
    "NARROW_DIST": 0.6,
    "GATE_FLAT_DIST": 0.45,
    "Q_OMEGA": 2,
    "R_VTHETA": 1.0,
    "REG_THRUST": 0.02,
    "REG_INPUTS": 0.8
  },
  "box_lims": {
    "vtheta_max": 1.6,
    "dvtheta_max": 1.6
  }
}
2025-06-28 20:13:24,999 | INFO    | ===== INITIAL STATE DUMP =====
2025-06-28 20:13:24,999 | DEBUG   | {
  "xcurrent": [
    1.0869777202606201,
    1.4610648155212402,
    0.08122343569993973,
    0.0,
    0.0,
    0.0
  ],
  "params": {
    "QC": 10,
    "QC_GATE": 50,
    "QL": 40,
    "MU": 10,
    "DVTHETA_MAX": 1.6,
    "N": 20,
    "T_HORIZON": 0.7,
    "RAMP_TIME": 0.7,
    "BARRIER_WEIGHT": 10,
    "OBSTACLE_WEIGHT": [
      10,
      100,
      10,
      10
    ],
    "OBSTACLE_RADIUS": 0.3,
    "OBSTACLE_ALPHA": 100.0,
    "TUNNEL_WIDTH": 0.4,
    "TUNNEL_WIDTH_GATE": 0.15,
    "NARROW_DIST": 0.6,
    "GATE_FLAT_DIST": 0.45,
    "Q_OMEGA": 2,
    "R_VTHETA": 1.0,
    "REG_THRUST": 0.02,
    "REG_INPUTS": 0.8
  },
  "box_lims": {
    "vtheta_max": 1.6,
    "dvtheta_max": 1.6
  }
}
2025-06-28 20:13:29,506 | INFO    | ===== INITIAL STATE DUMP =====
2025-06-28 20:13:29,507 | DEBUG   | {
  "xcurrent": [
    0.9185207486152649,
    1.5193489789962769,
    0.07354234158992767,
    0.0,
    0.0,
    0.0
  ],
  "params": {
    "QC": 10,
    "QC_GATE": 50,
    "QL": 40,
    "MU": 10,
    "DVTHETA_MAX": 1.6,
    "N": 20,
    "T_HORIZON": 0.7,
    "RAMP_TIME": 0.7,
    "BARRIER_WEIGHT": 10,
    "OBSTACLE_WEIGHT": [
      10,
      100,
      10,
      10
    ],
    "OBSTACLE_RADIUS": 0.3,
    "OBSTACLE_ALPHA": 100.0,
    "TUNNEL_WIDTH": 0.4,
    "TUNNEL_WIDTH_GATE": 0.15,
    "NARROW_DIST": 0.6,
    "GATE_FLAT_DIST": 0.45,
    "Q_OMEGA": 2,
    "R_VTHETA": 1.0,
    "REG_THRUST": 0.02,
    "REG_INPUTS": 0.8
  },
  "box_lims": {
    "vtheta_max": 1.6,
    "dvtheta_max": 1.6
  }
}
2025-06-28 20:13:36,082 | ERROR   | Solver failed | status=2 | SQP it=1000 | KKT=4.98e-15 | t=0.548s
2025-06-28 20:13:36,085 | ERROR   | Dump saved → debug_logs/fail/tick0115.json
2025-06-28 20:13:36,679 | ERROR   | Solver failed | status=2 | SQP it=1000 | KKT=2.48e-11 | t=0.566s
2025-06-28 20:13:36,681 | ERROR   | Dump saved → debug_logs/fail/tick0116.json
2025-06-28 20:13:39,032 | ERROR   | Solver failed | status=2 | SQP it=1000 | KKT=1.12e-11 | t=0.564s
2025-06-28 20:13:39,034 | ERROR   | Dump saved → debug_logs/fail/tick0117.json
2025-06-28 20:13:39,602 | ERROR   | Solver failed | status=2 | SQP it=1000 | KKT=1.12e-12 | t=0.539s
2025-06-28 20:13:39,603 | ERROR   | Dump saved → debug_logs/fail/tick0118.json
2025-06-28 20:13:40,175 | ERROR   | Solver failed | status=2 | SQP it=1000 | KKT=1.14e-11 | t=0.545s
2025-06-28 20:13:40,177 | ERROR   | Dump saved → debug_logs/fail/tick0119.json
2025-06-28 20:13:40,745 | ERROR   | Solver failed | status=2 | SQP it=1000 | KKT=2.61e-12 | t=0.540s
2025-06-28 20:13:40,746 | ERROR   | Dump saved → debug_logs/fail/tick0120.json
2025-06-28 20:13:42,711 | INFO    | ===== INITIAL STATE DUMP =====
2025-06-28 20:13:42,711 | DEBUG   | {
  "xcurrent": [
    0.9025107026100159,
    1.558644413948059,
    0.08376073837280273,
    0.0,
    0.0,
    0.0
  ],
  "params": {
    "QC": 10,
    "QC_GATE": 50,
    "QL": 40,
    "MU": 10,
    "DVTHETA_MAX": 1.6,
    "N": 20,
    "T_HORIZON": 0.7,
    "RAMP_TIME": 0.7,
    "BARRIER_WEIGHT": 10,
    "OBSTACLE_WEIGHT": [
      10,
      100,
      10,
      10
    ],
    "OBSTACLE_RADIUS": 0.3,
    "OBSTACLE_ALPHA": 100.0,
    "TUNNEL_WIDTH": 0.4,
    "TUNNEL_WIDTH_GATE": 0.15,
    "NARROW_DIST": 0.6,
    "GATE_FLAT_DIST": 0.45,
    "Q_OMEGA": 2,
    "R_VTHETA": 1.0,
    "REG_THRUST": 0.02,
    "REG_INPUTS": 0.8
  },
  "box_lims": {
    "vtheta_max": 1.6,
    "dvtheta_max": 1.6
  }
}
2025-06-28 20:13:47,760 | INFO    | ===== INITIAL STATE DUMP =====
2025-06-28 20:13:47,760 | DEBUG   | {
  "xcurrent": [
    1.0457662343978882,
    1.5076212882995605,
    0.08569300174713135,
    0.0,
    0.0,
    0.0
  ],
  "params": {
    "QC": 10,
    "QC_GATE": 50,
    "QL": 40,
    "MU": 10,
    "DVTHETA_MAX": 1.6,
    "N": 20,
    "T_HORIZON": 0.7,
    "RAMP_TIME": 0.7,
    "BARRIER_WEIGHT": 10,
    "OBSTACLE_WEIGHT": [
      10,
      100,
      10,
      10
    ],
    "OBSTACLE_RADIUS": 0.3,
    "OBSTACLE_ALPHA": 100.0,
    "TUNNEL_WIDTH": 0.4,
    "TUNNEL_WIDTH_GATE": 0.15,
    "NARROW_DIST": 0.6,
    "GATE_FLAT_DIST": 0.45,
    "Q_OMEGA": 2,
    "R_VTHETA": 1.0,
    "REG_THRUST": 0.02,
    "REG_INPUTS": 0.8
  },
  "box_lims": {
    "vtheta_max": 1.6,
    "dvtheta_max": 1.6
  }
}
2025-06-28 20:13:52,560 | INFO    | ===== INITIAL STATE DUMP =====
2025-06-28 20:13:52,560 | DEBUG   | {
  "xcurrent": [
    1.0553739070892334,
    1.5268207788467407,
    0.08845227211713791,
    0.0,
    0.0,
    0.0
  ],
  "params": {
    "QC": 10,
    "QC_GATE": 50,
    "QL": 40,
    "MU": 10,
    "DVTHETA_MAX": 1.6,
    "N": 20,
    "T_HORIZON": 0.7,
    "RAMP_TIME": 0.7,
    "BARRIER_WEIGHT": 10,
    "OBSTACLE_WEIGHT": [
      10,
      100,
      10,
      10
    ],
    "OBSTACLE_RADIUS": 0.3,
    "OBSTACLE_ALPHA": 100.0,
    "TUNNEL_WIDTH": 0.4,
    "TUNNEL_WIDTH_GATE": 0.15,
    "NARROW_DIST": 0.6,
    "GATE_FLAT_DIST": 0.45,
    "Q_OMEGA": 2,
    "R_VTHETA": 1.0,
    "REG_THRUST": 0.02,
    "REG_INPUTS": 0.8
  },
  "box_lims": {
    "vtheta_max": 1.6,
    "dvtheta_max": 1.6
  }
}
2025-06-28 20:13:58,683 | INFO    | ===== INITIAL STATE DUMP =====
2025-06-28 20:13:58,683 | DEBUG   | {
  "xcurrent": [
    1.0826609134674072,
    1.483515977859497,
    0.08019985258579254,
    0.0,
    0.0,
    0.0
  ],
  "params": {
    "QC": 10,
    "QC_GATE": 50,
    "QL": 40,
    "MU": 10,
    "DVTHETA_MAX": 1.6,
    "N": 20,
    "T_HORIZON": 0.7,
    "RAMP_TIME": 0.7,
    "BARRIER_WEIGHT": 10,
    "OBSTACLE_WEIGHT": [
      10,
      100,
      10,
      10
    ],
    "OBSTACLE_RADIUS": 0.3,
    "OBSTACLE_ALPHA": 100.0,
    "TUNNEL_WIDTH": 0.4,
    "TUNNEL_WIDTH_GATE": 0.15,
    "NARROW_DIST": 0.6,
    "GATE_FLAT_DIST": 0.45,
    "Q_OMEGA": 2,
    "R_VTHETA": 1.0,
    "REG_THRUST": 0.02,
    "REG_INPUTS": 0.8
  },
  "box_lims": {
    "vtheta_max": 1.6,
    "dvtheta_max": 1.6
  }
}
2025-06-28 20:14:04,312 | INFO    | ===== INITIAL STATE DUMP =====
2025-06-28 20:14:04,313 | DEBUG   | {
  "xcurrent": [
    0.9474473595619202,
    1.4045416116714478,
    0.08330997824668884,
    0.0,
    0.0,
    0.0
  ],
  "params": {
    "QC": 10,
    "QC_GATE": 50,
    "QL": 40,
    "MU": 10,
    "DVTHETA_MAX": 1.6,
    "N": 20,
    "T_HORIZON": 0.7,
    "RAMP_TIME": 0.7,
    "BARRIER_WEIGHT": 10,
    "OBSTACLE_WEIGHT": [
      10,
      100,
      10,
      10
    ],
    "OBSTACLE_RADIUS": 0.3,
    "OBSTACLE_ALPHA": 100.0,
    "TUNNEL_WIDTH": 0.4,
    "TUNNEL_WIDTH_GATE": 0.15,
    "NARROW_DIST": 0.6,
    "GATE_FLAT_DIST": 0.45,
    "Q_OMEGA": 2,
    "R_VTHETA": 1.0,
    "REG_THRUST": 0.02,
    "REG_INPUTS": 0.8
  },
  "box_lims": {
    "vtheta_max": 1.6,
    "dvtheta_max": 1.6
  }
}
2025-06-28 20:14:19,073 | INFO    | ===== INITIAL STATE DUMP =====
2025-06-28 20:14:19,073 | DEBUG   | {
  "xcurrent": [
    1.0525083541870117,
    1.473799705505371,
    0.07981529831886292,
    0.0,
    0.0,
    0.0
  ],
  "params": {
    "QC": 10,
    "QC_GATE": 50,
    "QL": 40,
    "MU": 10,
    "DVTHETA_MAX": 1.6,
    "N": 20,
    "T_HORIZON": 0.7,
    "RAMP_TIME": 0.7,
    "BARRIER_WEIGHT": 10,
    "OBSTACLE_WEIGHT": [
      10,
      100,
      10,
      10
    ],
    "OBSTACLE_RADIUS": 0.3,
    "OBSTACLE_ALPHA": 100.0,
    "TUNNEL_WIDTH": 0.4,
    "TUNNEL_WIDTH_GATE": 0.15,
    "NARROW_DIST": 0.6,
    "GATE_FLAT_DIST": 0.45,
    "Q_OMEGA": 2,
    "R_VTHETA": 1.0,
    "REG_THRUST": 0.02,
    "REG_INPUTS": 0.8
  },
  "box_lims": {
    "vtheta_max": 1.6,
    "dvtheta_max": 1.6
  }
}
2025-06-28 20:14:23,151 | ERROR   | Solver failed | status=2 | SQP it=1000 | KKT=1.04e-12 | t=0.572s
2025-06-28 20:14:23,152 | ERROR   | Dump saved → debug_logs/fail/tick0110.json
2025-06-28 20:14:25,074 | INFO    | ===== INITIAL STATE DUMP =====
2025-06-28 20:14:25,075 | DEBUG   | {
  "xcurrent": [
    0.9416214227676392,
    1.5011990070343018,
    0.07277537882328033,
    0.0,
    0.0,
    0.0
  ],
  "params": {
    "QC": 10,
    "QC_GATE": 50,
    "QL": 40,
    "MU": 10,
    "DVTHETA_MAX": 1.6,
    "N": 20,
    "T_HORIZON": 0.7,
    "RAMP_TIME": 0.7,
    "BARRIER_WEIGHT": 10,
    "OBSTACLE_WEIGHT": [
      10,
      100,
      10,
      10
    ],
    "OBSTACLE_RADIUS": 0.3,
    "OBSTACLE_ALPHA": 100.0,
    "TUNNEL_WIDTH": 0.4,
    "TUNNEL_WIDTH_GATE": 0.15,
    "NARROW_DIST": 0.6,
    "GATE_FLAT_DIST": 0.45,
    "Q_OMEGA": 2,
    "R_VTHETA": 1.0,
    "REG_THRUST": 0.02,
    "REG_INPUTS": 0.8
  },
  "box_lims": {
    "vtheta_max": 1.6,
    "dvtheta_max": 1.6
  }
}
