2025-06-28 20:50:55,855 | INFO    | ===== INITIAL STATE DUMP =====
2025-06-28 20:50:55,856 | DEBUG   | {
  "xcurrent": [
    1.089695930480957,
    1.4088244438171387,
    0.08456537127494812,
    0.0,
    0.0,
    0.0
  ],
  "params": {
    "QC": 10,
    "QC_GATE": 50,
    "QL": 40,
    "MU": 10,
    "DVTHETA_MAX": 1.6,
    "N": 20,
    "T_HORIZON": 0.7,
    "RAMP_TIME": 0.7,
    "BARRIER_WEIGHT": 10,
    "OBSTACLE_WEIGHT": [
      10,
      10,
      10,
      10
    ],
    "OBSTACLE_RADIUS": 0.25,
    "OBSTACLE_ALPHA": 100.0,
    "TUNNEL_WIDTH": 0.4,
    "TUNNEL_WIDTH_GATE": 0.15,
    "NARROW_DIST": 0.6,
    "GATE_FLAT_DIST": 0.45,
    "Q_OMEGA": 2,
    "R_VTHETA": 1.0,
    "REG_THRUST": 0.02,
    "REG_INPUTS": 0.8
  },
  "box_lims": {
    "vtheta_max": 1.6,
    "dvtheta_max": 1.6
  }
}
2025-06-28 20:51:10,088 | ERROR   | Solver failed | status=4 | SQP it=49 | KKT=7.68e-08 | t=0.039s
2025-06-28 20:51:10,090 | ERROR   | Dump saved → debug_logs/fail/tick0120.json
2025-06-28 20:51:10,120 | ERROR   | Solver failed | status=4 | SQP it=1 | KKT=1.44e+01 | t=0.001s
2025-06-28 20:51:10,121 | ERROR   | Dump saved → debug_logs/fail/tick0121.json
2025-06-28 20:51:12,267 | ERROR   | Solver failed | status=4 | SQP it=1 | KKT=1.49e+01 | t=0.002s
2025-06-28 20:51:12,270 | ERROR   | Dump saved → debug_logs/fail/tick0122.json
2025-06-28 20:51:14,228 | INFO    | ===== INITIAL STATE DUMP =====
2025-06-28 20:51:14,228 | DEBUG   | {
  "xcurrent": [
    1.0577173233032227,
    1.455078363418579,
    0.07263592630624771,
    0.0,
    0.0,
    0.0
  ],
  "params": {
    "QC": 10,
    "QC_GATE": 50,
    "QL": 40,
    "MU": 10,
    "DVTHETA_MAX": 1.6,
    "N": 20,
    "T_HORIZON": 0.7,
    "RAMP_TIME": 0.7,
    "BARRIER_WEIGHT": 10,
    "OBSTACLE_WEIGHT": [
      10,
      10,
      10,
      10
    ],
    "OBSTACLE_RADIUS": 0.25,
    "OBSTACLE_ALPHA": 100.0,
    "TUNNEL_WIDTH": 0.4,
    "TUNNEL_WIDTH_GATE": 0.15,
    "NARROW_DIST": 0.6,
    "GATE_FLAT_DIST": 0.45,
    "Q_OMEGA": 2,
    "R_VTHETA": 1.0,
    "REG_THRUST": 0.02,
    "REG_INPUTS": 0.8
  },
  "box_lims": {
    "vtheta_max": 1.6,
    "dvtheta_max": 1.6
  }
}
2025-06-28 20:51:26,993 | INFO    | ===== INITIAL STATE DUMP =====
2025-06-28 20:51:26,993 | DEBUG   | {
  "xcurrent": [
    0.9289778470993042,
    1.448394775390625,
    0.07944408059120178,
    0.0,
    0.0,
    0.0
  ],
  "params": {
    "QC": 10,
    "QC_GATE": 50,
    "QL": 40,
    "MU": 10,
    "DVTHETA_MAX": 1.6,
    "N": 20,
    "T_HORIZON": 0.7,
    "RAMP_TIME": 0.7,
    "BARRIER_WEIGHT": 10,
    "OBSTACLE_WEIGHT": [
      10,
      10,
      10,
      10
    ],
    "OBSTACLE_RADIUS": 0.25,
    "OBSTACLE_ALPHA": 100.0,
    "TUNNEL_WIDTH": 0.4,
    "TUNNEL_WIDTH_GATE": 0.15,
    "NARROW_DIST": 0.6,
    "GATE_FLAT_DIST": 0.45,
    "Q_OMEGA": 2,
    "R_VTHETA": 1.0,
    "REG_THRUST": 0.02,
    "REG_INPUTS": 0.8
  },
  "box_lims": {
    "vtheta_max": 1.6,
    "dvtheta_max": 1.6
  }
}
2025-06-28 20:51:31,579 | INFO    | ===== INITIAL STATE DUMP =====
2025-06-28 20:51:31,579 | DEBUG   | {
  "xcurrent": [
    1.06827974319458,
    1.469584345817566,
    0.07150063663721085,
    0.0,
    0.0,
    0.0
  ],
  "params": {
    "QC": 10,
    "QC_GATE": 50,
    "QL": 40,
    "MU": 10,
    "DVTHETA_MAX": 1.6,
    "N": 20,
    "T_HORIZON": 0.7,
    "RAMP_TIME": 0.7,
    "BARRIER_WEIGHT": 10,
    "OBSTACLE_WEIGHT": [
      10,
      10,
      10,
      10
    ],
    "OBSTACLE_RADIUS": 0.25,
    "OBSTACLE_ALPHA": 100.0,
    "TUNNEL_WIDTH": 0.4,
    "TUNNEL_WIDTH_GATE": 0.15,
    "NARROW_DIST": 0.6,
    "GATE_FLAT_DIST": 0.45,
    "Q_OMEGA": 2,
    "R_VTHETA": 1.0,
    "REG_THRUST": 0.02,
    "REG_INPUTS": 0.8
  },
  "box_lims": {
    "vtheta_max": 1.6,
    "dvtheta_max": 1.6
  }
}
2025-06-28 20:51:33,800 | ERROR   | Solver failed | status=4 | SQP it=60 | KKT=5.72e-10 | t=0.046s
2025-06-28 20:51:33,801 | ERROR   | Dump saved → debug_logs/fail/tick0067.json
2025-06-28 20:51:33,828 | ERROR   | Solver failed | status=4 | SQP it=1 | KKT=9.11e+01 | t=0.001s
2025-06-28 20:51:33,829 | ERROR   | Dump saved → debug_logs/fail/tick0068.json
2025-06-28 20:51:33,854 | ERROR   | Solver failed | status=4 | SQP it=1 | KKT=9.11e+01 | t=0.001s
2025-06-28 20:51:33,855 | ERROR   | Dump saved → debug_logs/fail/tick0069.json
2025-06-28 20:51:33,881 | ERROR   | Solver failed | status=4 | SQP it=1 | KKT=9.11e+01 | t=0.001s
2025-06-28 20:51:33,882 | ERROR   | Dump saved → debug_logs/fail/tick0070.json
2025-06-28 20:51:36,168 | INFO    | ===== INITIAL STATE DUMP =====
2025-06-28 20:51:36,168 | DEBUG   | {
  "xcurrent": [
    0.9389523267745972,
    1.5844653844833374,
    0.07931214570999146,
    0.0,
    0.0,
    0.0
  ],
  "params": {
    "QC": 10,
    "QC_GATE": 50,
    "QL": 40,
    "MU": 10,
    "DVTHETA_MAX": 1.6,
    "N": 20,
    "T_HORIZON": 0.7,
    "RAMP_TIME": 0.7,
    "BARRIER_WEIGHT": 10,
    "OBSTACLE_WEIGHT": [
      10,
      10,
      10,
      10
    ],
    "OBSTACLE_RADIUS": 0.25,
    "OBSTACLE_ALPHA": 100.0,
    "TUNNEL_WIDTH": 0.4,
    "TUNNEL_WIDTH_GATE": 0.15,
    "NARROW_DIST": 0.6,
    "GATE_FLAT_DIST": 0.45,
    "Q_OMEGA": 2,
    "R_VTHETA": 1.0,
    "REG_THRUST": 0.02,
    "REG_INPUTS": 0.8
  },
  "box_lims": {
    "vtheta_max": 1.6,
    "dvtheta_max": 1.6
  }
}
2025-06-28 20:51:41,515 | INFO    | ===== INITIAL STATE DUMP =====
2025-06-28 20:51:41,515 | DEBUG   | {
  "xcurrent": [
    0.9257426261901855,
    1.4084450006484985,
    0.08701255917549133,
    0.0,
    0.0,
    0.0
  ],
  "params": {
    "QC": 10,
    "QC_GATE": 50,
    "QL": 40,
    "MU": 10,
    "DVTHETA_MAX": 1.6,
    "N": 20,
    "T_HORIZON": 0.7,
    "RAMP_TIME": 0.7,
    "BARRIER_WEIGHT": 10,
    "OBSTACLE_WEIGHT": [
      10,
      10,
      10,
      10
    ],
    "OBSTACLE_RADIUS": 0.25,
    "OBSTACLE_ALPHA": 100.0,
    "TUNNEL_WIDTH": 0.4,
    "TUNNEL_WIDTH_GATE": 0.15,
    "NARROW_DIST": 0.6,
    "GATE_FLAT_DIST": 0.45,
    "Q_OMEGA": 2,
    "R_VTHETA": 1.0,
    "REG_THRUST": 0.02,
    "REG_INPUTS": 0.8
  },
  "box_lims": {
    "vtheta_max": 1.6,
    "dvtheta_max": 1.6
  }
}
2025-06-28 20:51:43,328 | ERROR   | Solver failed | status=4 | SQP it=27 | KKT=5.52e-11 | t=0.019s
2025-06-28 20:51:43,329 | ERROR   | Dump saved → debug_logs/fail/tick0056.json
2025-06-28 20:51:43,356 | ERROR   | Solver failed | status=4 | SQP it=1 | KKT=6.64e+01 | t=0.001s
2025-06-28 20:51:43,356 | ERROR   | Dump saved → debug_logs/fail/tick0057.json
2025-06-28 20:51:43,382 | ERROR   | Solver failed | status=4 | SQP it=1 | KKT=6.64e+01 | t=0.001s
2025-06-28 20:51:43,383 | ERROR   | Dump saved → debug_logs/fail/tick0058.json
2025-06-28 20:51:43,411 | ERROR   | Solver failed | status=4 | SQP it=1 | KKT=6.64e+01 | t=0.001s
2025-06-28 20:51:43,412 | ERROR   | Dump saved → debug_logs/fail/tick0059.json
2025-06-28 20:51:43,438 | ERROR   | Solver failed | status=4 | SQP it=1 | KKT=6.64e+01 | t=0.001s
2025-06-28 20:51:43,439 | ERROR   | Dump saved → debug_logs/fail/tick0060.json
2025-06-28 20:51:43,467 | ERROR   | Solver failed | status=4 | SQP it=1 | KKT=6.62e+01 | t=0.001s
2025-06-28 20:51:43,467 | ERROR   | Dump saved → debug_logs/fail/tick0061.json
2025-06-28 20:51:43,495 | ERROR   | Solver failed | status=4 | SQP it=1 | KKT=6.62e+01 | t=0.001s
2025-06-28 20:51:43,496 | ERROR   | Dump saved → debug_logs/fail/tick0062.json
2025-06-28 20:51:43,523 | ERROR   | Solver failed | status=4 | SQP it=1 | KKT=6.62e+01 | t=0.001s
2025-06-28 20:51:43,524 | ERROR   | Dump saved → debug_logs/fail/tick0063.json
2025-06-28 20:51:43,552 | ERROR   | Solver failed | status=4 | SQP it=1 | KKT=6.62e+01 | t=0.001s
2025-06-28 20:51:43,553 | ERROR   | Dump saved → debug_logs/fail/tick0064.json
2025-06-28 20:51:43,582 | ERROR   | Solver failed | status=4 | SQP it=1 | KKT=6.56e+01 | t=0.001s
2025-06-28 20:51:43,583 | ERROR   | Dump saved → debug_logs/fail/tick0065.json
2025-06-28 20:51:43,612 | ERROR   | Solver failed | status=4 | SQP it=1 | KKT=6.56e+01 | t=0.001s
2025-06-28 20:51:43,613 | ERROR   | Dump saved → debug_logs/fail/tick0066.json
2025-06-28 20:51:43,642 | ERROR   | Solver failed | status=4 | SQP it=1 | KKT=6.56e+01 | t=0.001s
2025-06-28 20:51:43,642 | ERROR   | Dump saved → debug_logs/fail/tick0067.json
2025-06-28 20:51:43,671 | ERROR   | Solver failed | status=4 | SQP it=1 | KKT=6.56e+01 | t=0.001s
2025-06-28 20:51:43,671 | ERROR   | Dump saved → debug_logs/fail/tick0068.json
2025-06-28 20:51:44,670 | ERROR   | Solver failed | status=4 | SQP it=4 | KKT=4.98e-08 | t=0.003s
2025-06-28 20:51:44,672 | ERROR   | Dump saved → debug_logs/fail/tick0095.json
2025-06-28 20:51:44,701 | ERROR   | Solver failed | status=4 | SQP it=1 | KKT=5.24e+00 | t=0.001s
2025-06-28 20:51:44,702 | ERROR   | Dump saved → debug_logs/fail/tick0096.json
2025-06-28 20:51:44,731 | ERROR   | Solver failed | status=4 | SQP it=1 | KKT=5.24e+00 | t=0.001s
2025-06-28 20:51:44,731 | ERROR   | Dump saved → debug_logs/fail/tick0097.json
2025-06-28 20:51:44,761 | ERROR   | Solver failed | status=4 | SQP it=1 | KKT=5.24e+00 | t=0.001s
2025-06-28 20:51:44,762 | ERROR   | Dump saved → debug_logs/fail/tick0098.json
2025-06-28 20:51:46,042 | ERROR   | Solver failed | status=2 | SQP it=1000 | KKT=2.09e-10 | t=0.552s
2025-06-28 20:51:46,042 | ERROR   | Dump saved → debug_logs/fail/tick0110.json
2025-06-28 20:51:47,239 | ERROR   | Solver failed | status=2 | SQP it=1000 | KKT=1.03e-10 | t=0.794s
2025-06-28 20:51:47,239 | ERROR   | Dump saved → debug_logs/fail/tick0112.json
2025-06-28 20:51:48,093 | ERROR   | Solver failed | status=2 | SQP it=1000 | KKT=4.30e-08 | t=0.826s
2025-06-28 20:51:48,095 | ERROR   | Dump saved → debug_logs/fail/tick0113.json
2025-06-28 20:51:48,957 | ERROR   | Solver failed | status=2 | SQP it=1000 | KKT=2.67e-10 | t=0.835s
2025-06-28 20:51:48,958 | ERROR   | Dump saved → debug_logs/fail/tick0114.json
2025-06-28 20:51:49,873 | ERROR   | Solver failed | status=2 | SQP it=1000 | KKT=1.41e-11 | t=0.886s
2025-06-28 20:51:49,873 | ERROR   | Dump saved → debug_logs/fail/tick0115.json
2025-06-28 20:51:50,796 | ERROR   | Solver failed | status=2 | SQP it=1000 | KKT=7.36e-10 | t=0.895s
2025-06-28 20:51:50,797 | ERROR   | Dump saved → debug_logs/fail/tick0116.json
2025-06-28 20:51:51,748 | ERROR   | Solver failed | status=2 | SQP it=1000 | KKT=2.13e-08 | t=0.922s
2025-06-28 20:51:51,749 | ERROR   | Dump saved → debug_logs/fail/tick0117.json
2025-06-28 20:51:52,709 | ERROR   | Solver failed | status=2 | SQP it=1000 | KKT=6.47e-10 | t=0.933s
2025-06-28 20:51:52,710 | ERROR   | Dump saved → debug_logs/fail/tick0118.json
2025-06-28 20:51:53,681 | ERROR   | Solver failed | status=2 | SQP it=1000 | KKT=1.21e-08 | t=0.943s
2025-06-28 20:51:53,682 | ERROR   | Dump saved → debug_logs/fail/tick0119.json
2025-06-28 20:51:54,656 | ERROR   | Solver failed | status=2 | SQP it=1000 | KKT=8.37e-08 | t=0.946s
2025-06-28 20:51:54,657 | ERROR   | Dump saved → debug_logs/fail/tick0120.json
2025-06-28 20:51:55,619 | ERROR   | Solver failed | status=2 | SQP it=1000 | KKT=5.06e-09 | t=0.933s
2025-06-28 20:51:55,620 | ERROR   | Dump saved → debug_logs/fail/tick0121.json
2025-06-28 20:51:56,592 | ERROR   | Solver failed | status=2 | SQP it=1000 | KKT=4.55e-10 | t=0.948s
2025-06-28 20:51:56,592 | ERROR   | Dump saved → debug_logs/fail/tick0122.json
2025-06-28 20:51:57,575 | ERROR   | Solver failed | status=2 | SQP it=1000 | KKT=7.42e-09 | t=0.955s
2025-06-28 20:51:57,576 | ERROR   | Dump saved → debug_logs/fail/tick0123.json
2025-06-28 20:51:58,535 | ERROR   | Solver failed | status=2 | SQP it=1000 | KKT=4.88e-08 | t=0.932s
2025-06-28 20:51:58,536 | ERROR   | Dump saved → debug_logs/fail/tick0124.json
2025-06-28 20:51:59,485 | ERROR   | Solver failed | status=2 | SQP it=1000 | KKT=3.12e-08 | t=0.924s
2025-06-28 20:51:59,486 | ERROR   | Dump saved → debug_logs/fail/tick0125.json
2025-06-28 20:52:00,875 | INFO    | ===== INITIAL STATE DUMP =====
2025-06-28 20:52:00,876 | DEBUG   | {
  "xcurrent": [
    0.931600034236908,
    1.4181857109069824,
    0.08225845545530319,
    0.0,
    0.0,
    0.0
  ],
  "params": {
    "QC": 10,
    "QC_GATE": 50,
    "QL": 40,
    "MU": 10,
    "DVTHETA_MAX": 1.6,
    "N": 20,
    "T_HORIZON": 0.7,
    "RAMP_TIME": 0.7,
    "BARRIER_WEIGHT": 10,
    "OBSTACLE_WEIGHT": [
      10,
      10,
      10,
      10
    ],
    "OBSTACLE_RADIUS": 0.25,
    "OBSTACLE_ALPHA": 100.0,
    "TUNNEL_WIDTH": 0.4,
    "TUNNEL_WIDTH_GATE": 0.15,
    "NARROW_DIST": 0.6,
    "GATE_FLAT_DIST": 0.45,
    "Q_OMEGA": 2,
    "R_VTHETA": 1.0,
    "REG_THRUST": 0.02,
    "REG_INPUTS": 0.8
  },
  "box_lims": {
    "vtheta_max": 1.6,
    "dvtheta_max": 1.6
  }
}
2025-06-28 20:52:01,434 | ERROR   | Solver failed | status=2 | SQP it=1000 | KKT=5.87e-08 | t=0.276s
2025-06-28 20:52:01,436 | ERROR   | Dump saved → debug_logs/fail/tick0009.json
2025-06-28 20:52:05,806 | ERROR   | Solver failed | status=4 | SQP it=19 | KKT=8.23e-08 | t=0.016s
2025-06-28 20:52:05,807 | ERROR   | Dump saved → debug_logs/fail/tick0141.json
2025-06-28 20:52:05,837 | ERROR   | Solver failed | status=4 | SQP it=1 | KKT=2.39e+02 | t=0.001s
2025-06-28 20:52:05,838 | ERROR   | Dump saved → debug_logs/fail/tick0142.json
2025-06-28 20:52:05,864 | ERROR   | Solver failed | status=4 | SQP it=1 | KKT=2.39e+02 | t=0.001s
2025-06-28 20:52:05,865 | ERROR   | Dump saved → debug_logs/fail/tick0143.json
2025-06-28 20:52:08,915 | ERROR   | Solver failed | status=4 | SQP it=6 | KKT=8.00e+00 | t=0.004s
2025-06-28 20:52:08,917 | ERROR   | Dump saved → debug_logs/fail/tick0233.json
2025-06-28 20:52:08,944 | ERROR   | Solver failed | status=4 | SQP it=1 | KKT=7.28e-02 | t=0.001s
2025-06-28 20:52:08,945 | ERROR   | Dump saved → debug_logs/fail/tick0234.json
2025-06-28 20:52:08,974 | ERROR   | Solver failed | status=4 | SQP it=1 | KKT=7.28e-02 | t=0.001s
2025-06-28 20:52:08,974 | ERROR   | Dump saved → debug_logs/fail/tick0235.json
2025-06-28 20:52:11,946 | INFO    | ===== INITIAL STATE DUMP =====
2025-06-28 20:52:11,947 | DEBUG   | {
  "xcurrent": [
    0.9697508811950684,
    1.5773159265518188,
    0.08051946759223938,
    0.0,
    0.0,
    0.0
  ],
  "params": {
    "QC": 10,
    "QC_GATE": 50,
    "QL": 40,
    "MU": 10,
    "DVTHETA_MAX": 1.6,
    "N": 20,
    "T_HORIZON": 0.7,
    "RAMP_TIME": 0.7,
    "BARRIER_WEIGHT": 10,
    "OBSTACLE_WEIGHT": [
      10,
      10,
      10,
      10
    ],
    "OBSTACLE_RADIUS": 0.25,
    "OBSTACLE_ALPHA": 100.0,
    "TUNNEL_WIDTH": 0.4,
    "TUNNEL_WIDTH_GATE": 0.15,
    "NARROW_DIST": 0.6,
    "GATE_FLAT_DIST": 0.45,
    "Q_OMEGA": 2,
    "R_VTHETA": 1.0,
    "REG_THRUST": 0.02,
    "REG_INPUTS": 0.8
  },
  "box_lims": {
    "vtheta_max": 1.6,
    "dvtheta_max": 1.6
  }
}
2025-06-28 20:52:14,549 | ERROR   | Solver failed | status=4 | SQP it=26 | KKT=6.24e-09 | t=0.019s
2025-06-28 20:52:14,550 | ERROR   | Dump saved → debug_logs/fail/tick0080.json
2025-06-28 20:52:14,577 | ERROR   | Solver failed | status=4 | SQP it=1 | KKT=8.48e+01 | t=0.000s
2025-06-28 20:52:14,578 | ERROR   | Dump saved → debug_logs/fail/tick0081.json
2025-06-28 20:52:14,605 | ERROR   | Solver failed | status=4 | SQP it=1 | KKT=8.48e+01 | t=0.000s
2025-06-28 20:52:14,606 | ERROR   | Dump saved → debug_logs/fail/tick0082.json
2025-06-28 20:52:14,634 | ERROR   | Solver failed | status=4 | SQP it=1 | KKT=8.48e+01 | t=0.000s
2025-06-28 20:52:14,635 | ERROR   | Dump saved → debug_logs/fail/tick0083.json
2025-06-28 20:52:14,661 | ERROR   | Solver failed | status=4 | SQP it=1 | KKT=6.41e+01 | t=0.000s
2025-06-28 20:52:14,662 | ERROR   | Dump saved → debug_logs/fail/tick0084.json
2025-06-28 20:52:14,691 | ERROR   | Solver failed | status=4 | SQP it=1 | KKT=6.41e+01 | t=0.001s
2025-06-28 20:52:14,691 | ERROR   | Dump saved → debug_logs/fail/tick0085.json
2025-06-28 20:52:14,720 | ERROR   | Solver failed | status=4 | SQP it=1 | KKT=6.41e+01 | t=0.001s
2025-06-28 20:52:14,720 | ERROR   | Dump saved → debug_logs/fail/tick0086.json
2025-06-28 20:52:14,750 | ERROR   | Solver failed | status=4 | SQP it=1 | KKT=6.59e+01 | t=0.001s
2025-06-28 20:52:14,751 | ERROR   | Dump saved → debug_logs/fail/tick0087.json
2025-06-28 20:52:14,780 | ERROR   | Solver failed | status=4 | SQP it=1 | KKT=6.59e+01 | t=0.001s
2025-06-28 20:52:14,781 | ERROR   | Dump saved → debug_logs/fail/tick0088.json
2025-06-28 20:52:14,809 | ERROR   | Solver failed | status=4 | SQP it=1 | KKT=6.59e+01 | t=0.001s
2025-06-28 20:52:14,810 | ERROR   | Dump saved → debug_logs/fail/tick0089.json
2025-06-28 20:52:14,838 | ERROR   | Solver failed | status=4 | SQP it=1 | KKT=6.59e+01 | t=0.001s
2025-06-28 20:52:14,839 | ERROR   | Dump saved → debug_logs/fail/tick0090.json
2025-06-28 20:52:15,686 | ERROR   | Solver failed | status=4 | SQP it=3 | KKT=8.12e-07 | t=0.002s
2025-06-28 20:52:15,687 | ERROR   | Dump saved → debug_logs/fail/tick0113.json
2025-06-28 20:52:15,714 | ERROR   | Solver failed | status=4 | SQP it=1 | KKT=8.62e-01 | t=0.001s
2025-06-28 20:52:15,714 | ERROR   | Dump saved → debug_logs/fail/tick0114.json
2025-06-28 20:52:16,499 | ERROR   | Solver failed | status=2 | SQP it=1000 | KKT=1.03e-08 | t=0.659s
2025-06-28 20:52:16,499 | ERROR   | Dump saved → debug_logs/fail/tick0118.json
2025-06-28 20:52:17,803 | ERROR   | Solver failed | status=2 | SQP it=1000 | KKT=2.32e-08 | t=0.752s
2025-06-28 20:52:17,804 | ERROR   | Dump saved → debug_logs/fail/tick0131.json
2025-06-28 20:52:18,619 | ERROR   | Solver failed | status=2 | SQP it=1000 | KKT=4.56e-08 | t=0.785s
2025-06-28 20:52:18,620 | ERROR   | Dump saved → debug_logs/fail/tick0132.json
2025-06-28 20:52:19,417 | ERROR   | Solver failed | status=2 | SQP it=1000 | KKT=3.46e-09 | t=0.771s
2025-06-28 20:52:19,417 | ERROR   | Dump saved → debug_logs/fail/tick0133.json
2025-06-28 20:52:20,231 | ERROR   | Solver failed | status=2 | SQP it=1000 | KKT=6.33e-10 | t=0.787s
2025-06-28 20:52:20,232 | ERROR   | Dump saved → debug_logs/fail/tick0134.json
2025-06-28 20:52:21,074 | ERROR   | Solver failed | status=2 | SQP it=1000 | KKT=2.50e-08 | t=0.814s
2025-06-28 20:52:21,074 | ERROR   | Dump saved → debug_logs/fail/tick0135.json
2025-06-28 20:52:21,922 | ERROR   | Solver failed | status=2 | SQP it=1000 | KKT=6.20e-11 | t=0.821s
2025-06-28 20:52:21,923 | ERROR   | Dump saved → debug_logs/fail/tick0136.json
2025-06-28 20:52:22,780 | ERROR   | Solver failed | status=2 | SQP it=1000 | KKT=4.49e-09 | t=0.828s
2025-06-28 20:52:22,781 | ERROR   | Dump saved → debug_logs/fail/tick0137.json
2025-06-28 20:52:23,661 | ERROR   | Solver failed | status=2 | SQP it=1000 | KKT=6.29e-08 | t=0.854s
2025-06-28 20:52:23,662 | ERROR   | Dump saved → debug_logs/fail/tick0138.json
2025-06-28 20:52:24,561 | ERROR   | Solver failed | status=2 | SQP it=1000 | KKT=7.98e-08 | t=0.872s
2025-06-28 20:52:24,561 | ERROR   | Dump saved → debug_logs/fail/tick0139.json
2025-06-28 20:52:25,462 | ERROR   | Solver failed | status=2 | SQP it=1000 | KKT=4.65e-09 | t=0.874s
2025-06-28 20:52:25,462 | ERROR   | Dump saved → debug_logs/fail/tick0140.json
2025-06-28 20:52:26,369 | ERROR   | Solver failed | status=2 | SQP it=1000 | KKT=8.13e-11 | t=0.878s
2025-06-28 20:52:26,369 | ERROR   | Dump saved → debug_logs/fail/tick0141.json
2025-06-28 20:52:27,266 | ERROR   | Solver failed | status=2 | SQP it=1000 | KKT=8.68e-09 | t=0.871s
2025-06-28 20:52:27,266 | ERROR   | Dump saved → debug_logs/fail/tick0142.json
2025-06-28 20:52:28,151 | ERROR   | Solver failed | status=2 | SQP it=1000 | KKT=4.04e-09 | t=0.858s
2025-06-28 20:52:28,152 | ERROR   | Dump saved → debug_logs/fail/tick0143.json
2025-06-28 20:52:29,007 | ERROR   | Solver failed | status=2 | SQP it=1000 | KKT=3.65e-08 | t=0.830s
2025-06-28 20:52:29,008 | ERROR   | Dump saved → debug_logs/fail/tick0144.json
2025-06-28 20:52:29,826 | ERROR   | Solver failed | status=2 | SQP it=1000 | KKT=2.05e-11 | t=0.789s
2025-06-28 20:52:29,827 | ERROR   | Dump saved → debug_logs/fail/tick0145.json
2025-06-28 20:52:31,215 | INFO    | ===== INITIAL STATE DUMP =====
2025-06-28 20:52:31,215 | DEBUG   | {
  "xcurrent": [
    1.0590848922729492,
    1.5712417364120483,
    0.08191759884357452,
    0.0,
    0.0,
    0.0
  ],
  "params": {
    "QC": 10,
    "QC_GATE": 50,
    "QL": 40,
    "MU": 10,
    "DVTHETA_MAX": 1.6,
    "N": 20,
    "T_HORIZON": 0.7,
    "RAMP_TIME": 0.7,
    "BARRIER_WEIGHT": 10,
    "OBSTACLE_WEIGHT": [
      10,
      10,
      10,
      10
    ],
    "OBSTACLE_RADIUS": 0.25,
    "OBSTACLE_ALPHA": 100.0,
    "TUNNEL_WIDTH": 0.4,
    "TUNNEL_WIDTH_GATE": 0.15,
    "NARROW_DIST": 0.6,
    "GATE_FLAT_DIST": 0.45,
    "Q_OMEGA": 2,
    "R_VTHETA": 1.0,
    "REG_THRUST": 0.02,
    "REG_INPUTS": 0.8
  },
  "box_lims": {
    "vtheta_max": 1.6,
    "dvtheta_max": 1.6
  }
}
2025-06-28 20:52:51,602 | INFO    | ===== INITIAL STATE DUMP =====
2025-06-28 20:52:51,602 | DEBUG   | {
  "xcurrent": [
    1.0054082870483398,
    1.5511072874069214,
    0.07305068522691727,
    0.0,
    0.0,
    0.0
  ],
  "params": {
    "QC": 10,
    "QC_GATE": 50,
    "QL": 40,
    "MU": 10,
    "DVTHETA_MAX": 1.6,
    "N": 20,
    "T_HORIZON": 0.7,
    "RAMP_TIME": 0.7,
    "BARRIER_WEIGHT": 10,
    "OBSTACLE_WEIGHT": [
      10,
      10,
      10,
      10
    ],
    "OBSTACLE_RADIUS": 0.25,
    "OBSTACLE_ALPHA": 100.0,
    "TUNNEL_WIDTH": 0.4,
    "TUNNEL_WIDTH_GATE": 0.15,
    "NARROW_DIST": 0.6,
    "GATE_FLAT_DIST": 0.45,
    "Q_OMEGA": 2,
    "R_VTHETA": 1.0,
    "REG_THRUST": 0.02,
    "REG_INPUTS": 0.8
  },
  "box_lims": {
    "vtheta_max": 1.6,
    "dvtheta_max": 1.6
  }
}
