2025-06-05 14:54:55,296 | INFO    | ===== INITIAL STATE DUMP =====
2025-06-05 14:54:55,296 | DEBUG   | {
  "xcurrent": [
    0.9900396466255188,
    1.5776442289352417,
    0.0515327975153923,
    -0.0008740514749661088,
    -0.004277197178453207,
    -0.0008551713544875383
  ],
  "params": {
    "QC": 10,
    "QL": 80,
    "MU": 10,
    "DVTHETA_MAX": 1.5,
    "N": 20,
    "T_HORIZON": 1.05,
    "RAMP_TIME": 1.8,
    "BARRIER_WEIGHT": 10,
    "TUNNEL_WIDTH": 0.2,
    "Q_OMEGA": 2,
    "R_VTHETA": 1.0
  },
  "box_lims": {
    "vtheta_max": 1.5,
    "dvtheta_max": 1.5
  }
}
