2025-06-05 14:57:43,639 | INFO    | ===== INITIAL STATE DUMP =====
2025-06-05 14:57:43,639 | DEBUG   | {
  "xcurrent": [
    1.0093599557876587,
    1.4577184915542603,
    0.05011555925011635,
    -0.002777291927486658,
    0.003768651280552149,
    -0.0007032383582554758
  ],
  "params": {
    "QC": 10,
    "QL": 80,
    "MU": 10,
    "DVTHETA_MAX": 1.5,
    "N": 20,
    "T_HORIZON": 1.05,
    "RAMP_TIME": 1.8,
    "BARRIER_WEIGHT": 10,
    "TUNNEL_WIDTH": 0.2,
    "Q_OMEGA": 2,
    "R_VTHETA": 1.0
  },
  "box_lims": {
    "vtheta_max": 1.5,
    "dvtheta_max": 1.5
  }
}
