2025-06-28 18:05:27,586 | INFO    | ===== INITIAL STATE DUMP =====
2025-06-28 18:05:27,586 | DEBUG   | {
  "xcurrent": [
    1.089695930480957,
    1.4088244438171387,
    0.08456537127494812,
    0.0,
    0.0,
    0.0
  ],
  "params": {
    "QC": 10,
    "QC_GATE": 50,
    "QL": 40,
    "MU": 10,
    "DVTHETA_MAX": 1.4,
    "N": 20,
    "T_HORIZON": 0.7,
    "RAMP_TIME": 0.5,
    "BARRIER_WEIGHT": 10,
    "OBSTACLE_WEIGHT": [
      30,
      200,
      100,
      10
    ],
    "OBSTACLE_RADIUS": 0.2,
    "TUNNEL_WIDTH": 0.4,
    "TUNNEL_WIDTH_GATE": 0.2,
    "NARROW_DIST": 0.5,
    "GATE_FLAT_DIST": 0.3,
    "Q_OMEGA": 2,
    "R_VTHETA": 1.0,
    "REG_THRUST": 0.008,
    "REG_INPUTS": 0.05
  },
  "box_lims": {
    "vtheta_max": 1.4,
    "dvtheta_max": 1.4
  }
}
2025-06-28 18:05:44,383 | INFO    | ===== INITIAL STATE DUMP =====
2025-06-28 18:05:44,383 | DEBUG   | {
  "xcurrent": [
    1.0424933433532715,
    1.5035451650619507,
    0.07035171985626221,
    0.0,
    0.0,
    0.0
  ],
  "params": {
    "QC": 10,
    "QC_GATE": 50,
    "QL": 40,
    "MU": 10,
    "DVTHETA_MAX": 1.4,
    "N": 20,
    "T_HORIZON": 0.7,
    "RAMP_TIME": 0.5,
    "BARRIER_WEIGHT": 10,
    "OBSTACLE_WEIGHT": [
      30,
      200,
      100,
      10
    ],
    "OBSTACLE_RADIUS": 0.2,
    "TUNNEL_WIDTH": 0.4,
    "TUNNEL_WIDTH_GATE": 0.2,
    "NARROW_DIST": 0.5,
    "GATE_FLAT_DIST": 0.3,
    "Q_OMEGA": 2,
    "R_VTHETA": 1.0,
    "REG_THRUST": 0.008,
    "REG_INPUTS": 0.05
  },
  "box_lims": {
    "vtheta_max": 1.4,
    "dvtheta_max": 1.4
  }
}
2025-06-28 18:06:23,844 | ERROR   | Solver failed | status=4 | SQP it=10 | KKT=4.44e-16 | t=0.017s
2025-06-28 18:06:23,846 | ERROR   | Dump saved → debug_logs/fail/tick0300.json
2025-06-28 18:06:23,885 | ERROR   | Solver failed | status=4 | SQP it=1 | KKT=9.33e-01 | t=0.006s
2025-06-28 18:06:23,885 | ERROR   | Dump saved → debug_logs/fail/tick0301.json
2025-06-28 18:06:23,925 | ERROR   | Solver failed | status=4 | SQP it=1 | KKT=9.33e-01 | t=0.006s
2025-06-28 18:06:23,925 | ERROR   | Dump saved → debug_logs/fail/tick0302.json
2025-06-28 18:06:24,872 | ERROR   | Solver failed | status=4 | SQP it=8 | KKT=5.33e-14 | t=0.018s
2025-06-28 18:06:24,873 | ERROR   | Dump saved → debug_logs/fail/tick0303.json
2025-06-28 18:06:24,908 | ERROR   | Solver failed | status=4 | SQP it=1 | KKT=6.46e+01 | t=0.001s
2025-06-28 18:06:24,909 | ERROR   | Dump saved → debug_logs/fail/tick0304.json
2025-06-28 18:06:28,546 | INFO    | ===== INITIAL STATE DUMP =====
2025-06-28 18:06:28,546 | DEBUG   | {
  "xcurrent": [
    1.0771476030349731,
    1.4136617183685303,
    0.07627600431442261,
    0.0,
    0.0,
    0.0
  ],
  "params": {
    "QC": 10,
    "QC_GATE": 50,
    "QL": 40,
    "MU": 10,
    "DVTHETA_MAX": 1.4,
    "N": 20,
    "T_HORIZON": 0.7,
    "RAMP_TIME": 0.5,
    "BARRIER_WEIGHT": 10,
    "OBSTACLE_WEIGHT": [
      30,
      200,
      100,
      10
    ],
    "OBSTACLE_RADIUS": 0.2,
    "TUNNEL_WIDTH": 0.4,
    "TUNNEL_WIDTH_GATE": 0.2,
    "NARROW_DIST": 0.5,
    "GATE_FLAT_DIST": 0.3,
    "Q_OMEGA": 2,
    "R_VTHETA": 1.0,
    "REG_THRUST": 0.008,
    "REG_INPUTS": 0.05
  },
  "box_lims": {
    "vtheta_max": 1.4,
    "dvtheta_max": 1.4
  }
}
2025-06-28 18:06:32,886 | INFO    | ===== INITIAL STATE DUMP =====
2025-06-28 18:06:32,886 | DEBUG   | {
  "xcurrent": [
    1.0320260524749756,
    1.5231091976165771,
    0.08618044853210449,
    0.0,
    0.0,
    0.0
  ],
  "params": {
    "QC": 10,
    "QC_GATE": 50,
    "QL": 40,
    "MU": 10,
    "DVTHETA_MAX": 1.4,
    "N": 20,
    "T_HORIZON": 0.7,
    "RAMP_TIME": 0.5,
    "BARRIER_WEIGHT": 10,
    "OBSTACLE_WEIGHT": [
      30,
      200,
      100,
      10
    ],
    "OBSTACLE_RADIUS": 0.2,
    "TUNNEL_WIDTH": 0.4,
    "TUNNEL_WIDTH_GATE": 0.2,
    "NARROW_DIST": 0.5,
    "GATE_FLAT_DIST": 0.3,
    "Q_OMEGA": 2,
    "R_VTHETA": 1.0,
    "REG_THRUST": 0.008,
    "REG_INPUTS": 0.05
  },
  "box_lims": {
    "vtheta_max": 1.4,
    "dvtheta_max": 1.4
  }
}
2025-06-28 18:06:36,951 | ERROR   | Solver failed | status=4 | SQP it=3 | KKT=3.24e+01 | t=0.002s
2025-06-28 18:06:36,952 | ERROR   | Dump saved → debug_logs/fail/tick0120.json
2025-06-28 18:06:36,985 | ERROR   | Solver failed | status=4 | SQP it=1 | KKT=4.13e+01 | t=0.001s
2025-06-28 18:06:36,986 | ERROR   | Dump saved → debug_logs/fail/tick0121.json
2025-06-28 18:06:46,854 | INFO    | ===== INITIAL STATE DUMP =====
2025-06-28 18:06:46,854 | DEBUG   | {
  "xcurrent": [
    0.930963933467865,
    1.5559329986572266,
    0.08802549540996552,
    0.0,
    0.0,
    0.0
  ],
  "params": {
    "QC": 10,
    "QC_GATE": 50,
    "QL": 40,
    "MU": 10,
    "DVTHETA_MAX": 1.4,
    "N": 20,
    "T_HORIZON": 0.7,
    "RAMP_TIME": 0.5,
    "BARRIER_WEIGHT": 10,
    "OBSTACLE_WEIGHT": [
      30,
      200,
      100,
      10
    ],
    "OBSTACLE_RADIUS": 0.2,
    "TUNNEL_WIDTH": 0.4,
    "TUNNEL_WIDTH_GATE": 0.2,
    "NARROW_DIST": 0.5,
    "GATE_FLAT_DIST": 0.3,
    "Q_OMEGA": 2,
    "R_VTHETA": 1.0,
    "REG_THRUST": 0.008,
    "REG_INPUTS": 0.05
  },
  "box_lims": {
    "vtheta_max": 1.4,
    "dvtheta_max": 1.4
  }
}
2025-06-28 18:06:50,575 | ERROR   | Solver failed | status=4 | SQP it=28 | KKT=2.06e-10 | t=0.024s
2025-06-28 18:06:50,577 | ERROR   | Dump saved → debug_logs/fail/tick0110.json
2025-06-28 18:07:01,414 | INFO    | ===== INITIAL STATE DUMP =====
2025-06-28 18:07:01,414 | DEBUG   | {
  "xcurrent": [
    1.063462495803833,
    1.5809648036956787,
    0.08479801565408707,
    0.0,
    0.0,
    0.0
  ],
  "params": {
    "QC": 10,
    "QC_GATE": 50,
    "QL": 40,
    "MU": 10,
    "DVTHETA_MAX": 1.4,
    "N": 20,
    "T_HORIZON": 0.7,
    "RAMP_TIME": 0.5,
    "BARRIER_WEIGHT": 10,
    "OBSTACLE_WEIGHT": [
      30,
      200,
      100,
      10
    ],
    "OBSTACLE_RADIUS": 0.2,
    "TUNNEL_WIDTH": 0.4,
    "TUNNEL_WIDTH_GATE": 0.2,
    "NARROW_DIST": 0.5,
    "GATE_FLAT_DIST": 0.3,
    "Q_OMEGA": 2,
    "R_VTHETA": 1.0,
    "REG_THRUST": 0.008,
    "REG_INPUTS": 0.05
  },
  "box_lims": {
    "vtheta_max": 1.4,
    "dvtheta_max": 1.4
  }
}
2025-06-28 18:07:10,787 | INFO    | ===== INITIAL STATE DUMP =====
2025-06-28 18:07:10,788 | DEBUG   | {
  "xcurrent": [
    0.9617205262184143,
    1.5416226387023926,
    0.08681284636259079,
    0.0,
    0.0,
    0.0
  ],
  "params": {
    "QC": 10,
    "QC_GATE": 50,
    "QL": 40,
    "MU": 10,
    "DVTHETA_MAX": 1.4,
    "N": 20,
    "T_HORIZON": 0.7,
    "RAMP_TIME": 0.5,
    "BARRIER_WEIGHT": 10,
    "OBSTACLE_WEIGHT": [
      30,
      200,
      100,
      10
    ],
    "OBSTACLE_RADIUS": 0.2,
    "TUNNEL_WIDTH": 0.4,
    "TUNNEL_WIDTH_GATE": 0.2,
    "NARROW_DIST": 0.5,
    "GATE_FLAT_DIST": 0.3,
    "Q_OMEGA": 2,
    "R_VTHETA": 1.0,
    "REG_THRUST": 0.008,
    "REG_INPUTS": 0.05
  },
  "box_lims": {
    "vtheta_max": 1.4,
    "dvtheta_max": 1.4
  }
}
2025-06-28 18:07:15,927 | INFO    | ===== INITIAL STATE DUMP =====
2025-06-28 18:07:15,927 | DEBUG   | {
  "xcurrent": [
    0.9442641139030457,
    1.440853238105774,
    0.07219427824020386,
    0.0,
    0.0,
    0.0
  ],
  "params": {
    "QC": 10,
    "QC_GATE": 50,
    "QL": 40,
    "MU": 10,
    "DVTHETA_MAX": 1.4,
    "N": 20,
    "T_HORIZON": 0.7,
    "RAMP_TIME": 0.5,
    "BARRIER_WEIGHT": 10,
    "OBSTACLE_WEIGHT": [
      30,
      200,
      100,
      10
    ],
    "OBSTACLE_RADIUS": 0.2,
    "TUNNEL_WIDTH": 0.4,
    "TUNNEL_WIDTH_GATE": 0.2,
    "NARROW_DIST": 0.5,
    "GATE_FLAT_DIST": 0.3,
    "Q_OMEGA": 2,
    "R_VTHETA": 1.0,
    "REG_THRUST": 0.008,
    "REG_INPUTS": 0.05
  },
  "box_lims": {
    "vtheta_max": 1.4,
    "dvtheta_max": 1.4
  }
}
2025-06-28 18:07:16,366 | ERROR   | Solver failed | status=2 | SQP it=1000 | KKT=9.04e-08 | t=0.325s
2025-06-28 18:07:16,368 | ERROR   | Dump saved → debug_logs/fail/tick0003.json
2025-06-28 18:07:30,072 | INFO    | ===== INITIAL STATE DUMP =====
2025-06-28 18:07:30,073 | DEBUG   | {
  "xcurrent": [
    1.0003708600997925,
    1.4629522562026978,
    0.07200326770544052,
    0.0,
    0.0,
    0.0
  ],
  "params": {
    "QC": 10,
    "QC_GATE": 50,
    "QL": 40,
    "MU": 10,
    "DVTHETA_MAX": 1.4,
    "N": 20,
    "T_HORIZON": 0.7,
    "RAMP_TIME": 0.5,
    "BARRIER_WEIGHT": 10,
    "OBSTACLE_WEIGHT": [
      30,
      200,
      100,
      10
    ],
    "OBSTACLE_RADIUS": 0.2,
    "TUNNEL_WIDTH": 0.4,
    "TUNNEL_WIDTH_GATE": 0.2,
    "NARROW_DIST": 0.5,
    "GATE_FLAT_DIST": 0.3,
    "Q_OMEGA": 2,
    "R_VTHETA": 1.0,
    "REG_THRUST": 0.008,
    "REG_INPUTS": 0.05
  },
  "box_lims": {
    "vtheta_max": 1.4,
    "dvtheta_max": 1.4
  }
}
2025-06-28 18:07:40,414 | ERROR   | Solver failed | status=4 | SQP it=1 | KKT=6.12e-01 | t=0.001s
2025-06-28 18:07:40,416 | ERROR   | Dump saved → debug_logs/fail/tick0306.json
2025-06-28 18:07:40,447 | ERROR   | Solver failed | status=4 | SQP it=1 | KKT=2.80e+01 | t=0.001s
2025-06-28 18:07:40,448 | ERROR   | Dump saved → debug_logs/fail/tick0307.json
2025-06-28 18:07:40,480 | ERROR   | Solver failed | status=4 | SQP it=1 | KKT=2.80e+01 | t=0.001s
2025-06-28 18:07:40,480 | ERROR   | Dump saved → debug_logs/fail/tick0308.json
2025-06-28 18:07:40,511 | ERROR   | Solver failed | status=4 | SQP it=1 | KKT=2.80e+01 | t=0.001s
2025-06-28 18:07:40,512 | ERROR   | Dump saved → debug_logs/fail/tick0309.json
2025-06-28 18:07:40,542 | ERROR   | Solver failed | status=4 | SQP it=1 | KKT=2.80e+01 | t=0.001s
2025-06-28 18:07:40,543 | ERROR   | Dump saved → debug_logs/fail/tick0310.json
2025-06-28 18:07:40,578 | ERROR   | Solver failed | status=4 | SQP it=7 | KKT=1.00e+00 | t=0.006s
2025-06-28 18:07:40,579 | ERROR   | Dump saved → debug_logs/fail/tick0311.json
2025-06-28 18:07:40,612 | ERROR   | Solver failed | status=4 | SQP it=1 | KKT=4.97e+01 | t=0.001s
2025-06-28 18:07:40,613 | ERROR   | Dump saved → debug_logs/fail/tick0312.json
2025-06-28 18:07:40,646 | ERROR   | Solver failed | status=4 | SQP it=1 | KKT=4.97e+01 | t=0.001s
2025-06-28 18:07:40,646 | ERROR   | Dump saved → debug_logs/fail/tick0313.json
2025-06-28 18:07:42,688 | INFO    | ===== INITIAL STATE DUMP =====
2025-06-28 18:07:42,689 | DEBUG   | {
  "xcurrent": [
    1.0116705894470215,
    1.5747857093811035,
    0.0851878970861435,
    0.0,
    0.0,
    0.0
  ],
  "params": {
    "QC": 10,
    "QC_GATE": 50,
    "QL": 40,
    "MU": 10,
    "DVTHETA_MAX": 1.4,
    "N": 20,
    "T_HORIZON": 0.7,
    "RAMP_TIME": 0.5,
    "BARRIER_WEIGHT": 10,
    "OBSTACLE_WEIGHT": [
      30,
      200,
      100,
      10
    ],
    "OBSTACLE_RADIUS": 0.2,
    "TUNNEL_WIDTH": 0.4,
    "TUNNEL_WIDTH_GATE": 0.2,
    "NARROW_DIST": 0.5,
    "GATE_FLAT_DIST": 0.3,
    "Q_OMEGA": 2,
    "R_VTHETA": 1.0,
    "REG_THRUST": 0.008,
    "REG_INPUTS": 0.05
  },
  "box_lims": {
    "vtheta_max": 1.4,
    "dvtheta_max": 1.4
  }
}
