2025-06-28 17:36:05,800 | INFO    | ===== INITIAL STATE DUMP =====
2025-06-28 17:36:05,800 | DEBUG   | {
  "xcurrent": [
    1.089695930480957,
    1.4088244438171387,
    0.08456537127494812,
    0.0,
    0.0,
    0.0
  ],
  "params": {
    "QC": 10,
    "QC_GATE": 50,
    "QL": 40,
    "MU": 10,
    "DVTHETA_MAX": 1.6,
    "N": 25,
    "T_HORIZON": 0.8,
    "RAMP_TIME": 0.4,
    "BARRIER_WEIGHT": 10,
    "OBSTACLE_WEIGHT": [
      30,
      150,
      80,
      20
    ],
    "OBSTACLE_RADIUS": 0.2,
    "TUNNEL_WIDTH": 0.4,
    "TUNNEL_WIDTH_GATE": 0.2,
    "NARROW_DIST": 0.5,
    "GATE_FLAT_DIST": 0.3,
    "Q_OMEGA": 2,
    "R_VTHETA": 1.0,
    "REG_THRUST": 0.01,
    "REG_INPUTS": 0.005
  },
  "box_lims": {
    "vtheta_max": 1.6,
    "dvtheta_max": 1.6
  }
}
2025-06-28 17:36:07,409 | ERROR   | Solver failed | status=2 | SQP it=1000 | KKT=9.35e-08 | t=0.416s
2025-06-28 17:36:07,410 | ERROR   | Dump saved → debug_logs/fail/tick0003.json
2025-06-28 17:36:36,735 | ERROR   | Solver failed | status=2 | SQP it=1000 | KKT=5.39e-08 | t=0.991s
2025-06-28 17:36:36,737 | ERROR   | Dump saved → debug_logs/fail/tick0262.json
2025-06-28 17:36:37,790 | ERROR   | Solver failed | status=2 | SQP it=1000 | KKT=7.11e-08 | t=1.021s
2025-06-28 17:36:37,791 | ERROR   | Dump saved → debug_logs/fail/tick0263.json
2025-06-28 17:36:38,931 | ERROR   | Solver failed | status=2 | SQP it=1000 | KKT=3.85e-08 | t=1.109s
2025-06-28 17:36:38,932 | ERROR   | Dump saved → debug_logs/fail/tick0264.json
2025-06-28 17:36:40,135 | ERROR   | Solver failed | status=2 | SQP it=1000 | KKT=4.66e-09 | t=1.165s
2025-06-28 17:36:40,136 | ERROR   | Dump saved → debug_logs/fail/tick0265.json
