2025-06-29 17:04:19,605 | INFO    | ===== INITIAL STATE DUMP =====
2025-06-29 17:04:19,606 | DEBUG   | {
  "xcurrent": [
    1.089695930480957,
    1.4088244438171387,
    0.08456537127494812,
    0.0,
    0.0,
    0.0
  ],
  "params": {
    "QC": 10,
    "QL": 40,
    "MU": 10,
    "DVTHETA_MAX": 1.0,
    "N": 20,
    "T_HORIZON": 0.7,
    "RAMP_TIME": 1.8,
    "BW_RAMP": 0.3,
    "BARRIER_WEIGHT": 100,
    "TUNNEL_WIDTH": 0.4,
    "TUNNEL_WIDTH_GATE": 0.15,
    "NARROW_DIST": 0.7,
    "GATE_FLAT_DIST": 0.1,
    "Q_OMEGA": 2,
    "R_VTHETA": 1.0,
    "REG_THRUST": 0.018,
    "REG_INPUTS": 0.09
  },
  "box_lims": {
    "vtheta_max": 1.0,
    "dvtheta_max": 1.0
  }
}
2025-06-29 17:05:10,943 | ERROR   | Solver failed | status=2 | SQP it=1000 | KKT=3.40e-08 | t=0.666s
2025-06-29 17:05:10,943 | ERROR   | Dump saved → debug_logs/fail/tick0421.json
2025-06-29 17:05:11,668 | ERROR   | Solver failed | status=2 | SQP it=1000 | KKT=4.98e-12 | t=0.699s
2025-06-29 17:05:11,668 | ERROR   | Dump saved → debug_logs/fail/tick0422.json
2025-06-29 17:05:12,540 | ERROR   | Solver failed | status=2 | SQP it=1000 | KKT=3.44e-11 | t=0.842s
2025-06-29 17:05:12,541 | ERROR   | Dump saved → debug_logs/fail/tick0423.json
2025-06-29 17:05:13,875 | ERROR   | Solver failed | status=2 | SQP it=1000 | KKT=8.34e-08 | t=1.306s
2025-06-29 17:05:13,876 | ERROR   | Dump saved → debug_logs/fail/tick0424.json
2025-06-29 17:05:14,854 | ERROR   | Solver failed | status=2 | SQP it=1000 | KKT=6.23e-10 | t=0.944s
2025-06-29 17:05:14,854 | ERROR   | Dump saved → debug_logs/fail/tick0425.json
2025-06-29 17:05:15,754 | ERROR   | Solver failed | status=2 | SQP it=1000 | KKT=7.84e-08 | t=0.871s
2025-06-29 17:05:15,755 | ERROR   | Dump saved → debug_logs/fail/tick0426.json
2025-06-29 17:05:16,620 | ERROR   | Solver failed | status=2 | SQP it=1000 | KKT=2.42e-08 | t=0.836s
2025-06-29 17:05:16,621 | ERROR   | Dump saved → debug_logs/fail/tick0427.json
