2025-06-29 08:30:20,223 | INFO    | ===== INITIAL STATE DUMP =====
2025-06-29 08:30:20,224 | DEBUG   | {
  "xcurrent": [
    1.089695930480957,
    1.4088244438171387,
    0.08456537127494812,
    0.0,
    0.0,
    0.0
  ],
  "params": {
    "QC": 10,
    "QC_GATE": 50,
    "QL": 40,
    "MU": 10,
    "DVTHETA_MAX": 1.6,
    "N": 20,
    "T_HORIZON": 0.7,
    "RAMP_TIME": 0.7,
    "BARRIER_WEIGHT": 10,
    "OBSTACLE_WEIGHT": [
      0,
      1,
      0,
      0
    ],
    "OBSTACLE_RADIUS": 0.15,
    "OBSTACLE_ALPHA": 10.0,
    "TUNNEL_WIDTH": 0.4,
    "TUNNEL_WIDTH_GATE": 0.15,
    "NARROW_DIST": 0.6,
    "GATE_FLAT_DIST": 0.45,
    "Q_OMEGA": 2,
    "R_VTHETA": 1.0,
    "REG_THRUST": 0.02,
    "REG_INPUTS": 0.8
  },
  "box_lims": {
    "vtheta_max": 1.6,
    "dvtheta_max": 1.6
  }
}
2025-06-29 08:30:26,752 | ERROR   | Solver failed | status=4 | SQP it=25 | KKT=2.22e-08 | t=0.016s
2025-06-29 08:30:26,753 | ERROR   | Dump saved → debug_logs/fail/tick0122.json
2025-06-29 08:30:28,081 | ERROR   | Solver failed | status=4 | SQP it=1 | KKT=1.57e+00 | t=0.002s
2025-06-29 08:30:28,084 | ERROR   | Dump saved → debug_logs/fail/tick0123.json
2025-06-29 08:30:28,203 | ERROR   | Solver failed | status=4 | SQP it=31 | KKT=4.46e-08 | t=0.023s
2025-06-29 08:30:28,204 | ERROR   | Dump saved → debug_logs/fail/tick0125.json
2025-06-29 08:30:28,342 | ERROR   | Solver failed | status=4 | SQP it=52 | KKT=3.93e-08 | t=0.034s
2025-06-29 08:30:28,343 | ERROR   | Dump saved → debug_logs/fail/tick0128.json
2025-06-29 08:30:28,435 | ERROR   | Solver failed | status=4 | SQP it=2 | KKT=4.27e-01 | t=0.001s
2025-06-29 08:30:28,436 | ERROR   | Dump saved → debug_logs/fail/tick0131.json
2025-06-29 08:30:28,463 | ERROR   | Solver failed | status=4 | SQP it=1 | KKT=1.92e+00 | t=0.001s
2025-06-29 08:30:28,464 | ERROR   | Dump saved → debug_logs/fail/tick0132.json
2025-06-29 08:30:29,451 | ERROR   | Solver failed | status=4 | SQP it=3 | KKT=1.78e-08 | t=0.002s
2025-06-29 08:30:29,452 | ERROR   | Dump saved → debug_logs/fail/tick0134.json
2025-06-29 08:30:29,483 | ERROR   | Solver failed | status=4 | SQP it=1 | KKT=8.65e-01 | t=0.001s
2025-06-29 08:30:29,484 | ERROR   | Dump saved → debug_logs/fail/tick0135.json
2025-06-29 08:30:31,148 | INFO    | ===== INITIAL STATE DUMP =====
2025-06-29 08:30:31,148 | DEBUG   | {
  "xcurrent": [
    1.0577173233032227,
    1.455078363418579,
    0.07263592630624771,
    0.0,
    0.0,
    0.0
  ],
  "params": {
    "QC": 10,
    "QC_GATE": 50,
    "QL": 40,
    "MU": 10,
    "DVTHETA_MAX": 1.6,
    "N": 20,
    "T_HORIZON": 0.7,
    "RAMP_TIME": 0.7,
    "BARRIER_WEIGHT": 10,
    "OBSTACLE_WEIGHT": [
      0,
      1,
      0,
      0
    ],
    "OBSTACLE_RADIUS": 0.15,
    "OBSTACLE_ALPHA": 10.0,
    "TUNNEL_WIDTH": 0.4,
    "TUNNEL_WIDTH_GATE": 0.15,
    "NARROW_DIST": 0.6,
    "GATE_FLAT_DIST": 0.45,
    "Q_OMEGA": 2,
    "R_VTHETA": 1.0,
    "REG_THRUST": 0.02,
    "REG_INPUTS": 0.8
  },
  "box_lims": {
    "vtheta_max": 1.6,
    "dvtheta_max": 1.6
  }
}
