2025-06-15 19:02:39,616 | INFO    | ===== INITIAL STATE DUMP =====
2025-06-15 19:02:39,616 | DEBUG   | {
  "xcurrent": [
    1.089695930480957,
    1.4088244438171387,
    0.08456537127494812,
    0.0,
    0.0,
    0.0
  ],
  "params": {
    "QC": 10,
    "QL": 80,
    "MU": 10,
    "DVTHETA_MAX": 1.9,
    "N": 20,
    "T_HORIZON": 1.2,
    "RAMP_TIME": 1.8,
    "BARRIER_WEIGHT": 10,
    "TUNNEL_WIDTH": 0.5,
    "TUNNEL_WIDTH_GATE": 0.1,
    "NARROW_DIST": 1.5,
    "Q_OMEGA": 2,
    "R_VTHETA": 1.0,
    "IN_GATE_RAMP_TIME": 0.1,
    "OUT_GATE_RAMP_TIME": 3
  },
  "box_lims": {
    "vtheta_max": 1.9,
    "dvtheta_max": 1.9
  }
}
2025-06-15 19:03:06,433 | INFO    | ===== INITIAL STATE DUMP =====
2025-06-15 19:03:06,434 | DEBUG   | {
  "xcurrent": [
    1.032991886138916,
    1.5715376138687134,
    0.07275685667991638,
    0.0,
    0.0,
    0.0
  ],
  "params": {
    "QC": 10,
    "QL": 80,
    "MU": 10,
    "DVTHETA_MAX": 1.9,
    "N": 20,
    "T_HORIZON": 1.2,
    "RAMP_TIME": 1.8,
    "BARRIER_WEIGHT": 10,
    "TUNNEL_WIDTH": 0.5,
    "TUNNEL_WIDTH_GATE": 0.1,
    "NARROW_DIST": 1.5,
    "Q_OMEGA": 2,
    "R_VTHETA": 1.0,
    "IN_GATE_RAMP_TIME": 0.1,
    "OUT_GATE_RAMP_TIME": 3
  },
  "box_lims": {
    "vtheta_max": 1.9,
    "dvtheta_max": 1.9
  }
}
2025-06-15 19:03:11,230 | ERROR   | Solver failed | status=1 | SQP it=28 | KKT=2.97e-09 | t=0.027s
2025-06-15 19:03:11,233 | ERROR   | Dump saved → debug_logs/fail/tick0070.json
2025-06-15 19:03:11,257 | ERROR   | Solver failed | status=1 | SQP it=0 | KKT=nan | t=0.000s
2025-06-15 19:03:11,258 | ERROR   | Dump saved → debug_logs/fail/tick0071.json
2025-06-15 19:03:11,281 | ERROR   | Solver failed | status=1 | SQP it=0 | KKT=nan | t=0.000s
2025-06-15 19:03:11,282 | ERROR   | Dump saved → debug_logs/fail/tick0072.json
2025-06-15 19:03:11,303 | ERROR   | Solver failed | status=4 | SQP it=1 | KKT=6.99e+02 | t=0.000s
2025-06-15 19:03:11,304 | ERROR   | Dump saved → debug_logs/fail/tick0073.json
2025-06-15 19:03:11,327 | ERROR   | Solver failed | status=4 | SQP it=1 | KKT=6.99e+02 | t=0.000s
2025-06-15 19:03:11,328 | ERROR   | Dump saved → debug_logs/fail/tick0074.json
2025-06-15 19:03:11,350 | ERROR   | Solver failed | status=1 | SQP it=0 | KKT=nan | t=0.000s
2025-06-15 19:03:11,350 | ERROR   | Dump saved → debug_logs/fail/tick0075.json
2025-06-15 19:03:11,375 | ERROR   | Solver failed | status=1 | SQP it=0 | KKT=nan | t=0.000s
2025-06-15 19:03:11,376 | ERROR   | Dump saved → debug_logs/fail/tick0076.json
2025-06-15 19:03:11,399 | ERROR   | Solver failed | status=1 | SQP it=0 | KKT=nan | t=0.000s
2025-06-15 19:03:11,399 | ERROR   | Dump saved → debug_logs/fail/tick0077.json
2025-06-15 19:03:11,423 | ERROR   | Solver failed | status=1 | SQP it=0 | KKT=nan | t=0.000s
2025-06-15 19:03:11,424 | ERROR   | Dump saved → debug_logs/fail/tick0078.json
2025-06-15 19:03:11,448 | ERROR   | Solver failed | status=1 | SQP it=0 | KKT=nan | t=0.000s
2025-06-15 19:03:11,449 | ERROR   | Dump saved → debug_logs/fail/tick0079.json
2025-06-15 19:03:11,475 | ERROR   | Solver failed | status=1 | SQP it=0 | KKT=nan | t=0.000s
2025-06-15 19:03:11,476 | ERROR   | Dump saved → debug_logs/fail/tick0080.json
2025-06-15 19:03:11,502 | ERROR   | Solver failed | status=1 | SQP it=0 | KKT=nan | t=0.000s
2025-06-15 19:03:11,503 | ERROR   | Dump saved → debug_logs/fail/tick0081.json
2025-06-15 19:03:12,909 | INFO    | ===== INITIAL STATE DUMP =====
2025-06-15 19:03:12,910 | DEBUG   | {
  "xcurrent": [
    0.9857577085494995,
    1.5778659582138062,
    0.08024738729000092,
    0.0,
    0.0,
    0.0
  ],
  "params": {
    "QC": 10,
    "QL": 80,
    "MU": 10,
    "DVTHETA_MAX": 1.9,
    "N": 20,
    "T_HORIZON": 1.2,
    "RAMP_TIME": 1.8,
    "BARRIER_WEIGHT": 10,
    "TUNNEL_WIDTH": 0.5,
    "TUNNEL_WIDTH_GATE": 0.1,
    "NARROW_DIST": 1.5,
    "Q_OMEGA": 2,
    "R_VTHETA": 1.0,
    "IN_GATE_RAMP_TIME": 0.1,
    "OUT_GATE_RAMP_TIME": 3
  },
  "box_lims": {
    "vtheta_max": 1.9,
    "dvtheta_max": 1.9
  }
}
