2025-06-06 15:58:31,512 | INFO    | ===== INITIAL STATE DUMP =====
2025-06-06 15:58:31,513 | DEBUG   | {
  "xcurrent": [
    1.089695930480957,
    1.4088244438171387,
    0.08456537127494812,
    0.0,
    0.0,
    0.0
  ],
  "params": {
    "QC": 10,
    "QL": 80,
    "MU": 10,
    "DVTHETA_MAX": 1.2,
    "N": 20,
    "T_HORIZON": 1.05,
    "RAMP_TIME": 1.8,
    "BARRIER_WEIGHT": 10,
    "TUNNEL_WIDTH": 0.25,
    "Q_OMEGA": 2,
    "R_VTHETA": 1.0,
    "GATE_RAMP_TIME": 0.5
  },
  "box_lims": {
    "vtheta_max": 1.2,
    "dvtheta_max": 1.2
  }
}
2025-06-06 15:58:39,373 | ERROR   | Solver failed | status=2 | SQP it=1000 | KKT=7.88e-08 | t=0.383s
2025-06-06 15:58:39,374 | ERROR   | Dump saved → debug_logs/fail/tick0033.json
2025-06-06 15:58:48,459 | ERROR   | Solver failed | status=1 | SQP it=21 | KKT=9.35e-10 | t=0.019s
2025-06-06 15:58:48,460 | ERROR   | Dump saved → debug_logs/fail/tick0097.json
2025-06-06 15:58:48,486 | ERROR   | Solver failed | status=1 | SQP it=0 | KKT=nan | t=0.000s
2025-06-06 15:58:48,487 | ERROR   | Dump saved → debug_logs/fail/tick0098.json
2025-06-06 15:58:48,513 | ERROR   | Solver failed | status=1 | SQP it=0 | KKT=nan | t=0.000s
2025-06-06 15:58:48,514 | ERROR   | Dump saved → debug_logs/fail/tick0099.json
2025-06-06 15:58:48,539 | ERROR   | Solver failed | status=1 | SQP it=0 | KKT=nan | t=0.000s
2025-06-06 15:58:48,540 | ERROR   | Dump saved → debug_logs/fail/tick0100.json
2025-06-06 15:58:55,784 | ERROR   | Solver failed | status=1 | SQP it=0 | KKT=nan | t=0.000s
2025-06-06 15:58:55,786 | ERROR   | Dump saved → debug_logs/fail/tick0101.json
2025-06-06 15:58:55,829 | ERROR   | Solver failed | status=1 | SQP it=0 | KKT=nan | t=0.000s
2025-06-06 15:58:55,831 | ERROR   | Dump saved → debug_logs/fail/tick0102.json
2025-06-06 15:58:55,862 | ERROR   | Solver failed | status=1 | SQP it=0 | KKT=nan | t=0.000s
2025-06-06 15:58:55,863 | ERROR   | Dump saved → debug_logs/fail/tick0103.json
2025-06-06 15:58:55,892 | ERROR   | Solver failed | status=1 | SQP it=0 | KKT=nan | t=0.000s
2025-06-06 15:58:55,893 | ERROR   | Dump saved → debug_logs/fail/tick0104.json
2025-06-06 15:58:55,923 | ERROR   | Solver failed | status=1 | SQP it=0 | KKT=nan | t=0.000s
2025-06-06 15:58:55,924 | ERROR   | Dump saved → debug_logs/fail/tick0105.json
2025-06-06 15:58:55,953 | ERROR   | Solver failed | status=1 | SQP it=0 | KKT=nan | t=0.000s
2025-06-06 15:58:55,954 | ERROR   | Dump saved → debug_logs/fail/tick0106.json
2025-06-06 15:58:55,982 | ERROR   | Solver failed | status=1 | SQP it=0 | KKT=nan | t=0.000s
2025-06-06 15:58:55,983 | ERROR   | Dump saved → debug_logs/fail/tick0107.json
2025-06-06 15:58:56,011 | ERROR   | Solver failed | status=1 | SQP it=0 | KKT=nan | t=0.000s
2025-06-06 15:58:56,012 | ERROR   | Dump saved → debug_logs/fail/tick0108.json
2025-06-06 15:58:56,040 | ERROR   | Solver failed | status=1 | SQP it=0 | KKT=nan | t=0.000s
2025-06-06 15:58:56,041 | ERROR   | Dump saved → debug_logs/fail/tick0109.json
2025-06-06 15:58:57,196 | ERROR   | Solver failed | status=1 | SQP it=0 | KKT=nan | t=0.000s
2025-06-06 15:58:57,199 | ERROR   | Dump saved → debug_logs/fail/tick0110.json
2025-06-06 15:58:57,244 | ERROR   | Solver failed | status=1 | SQP it=0 | KKT=nan | t=0.000s
2025-06-06 15:58:57,245 | ERROR   | Dump saved → debug_logs/fail/tick0111.json
2025-06-06 15:58:57,276 | ERROR   | Solver failed | status=1 | SQP it=0 | KKT=nan | t=0.000s
2025-06-06 15:58:57,277 | ERROR   | Dump saved → debug_logs/fail/tick0112.json
