2025-06-28 20:27:55,946 | INFO    | ===== INITIAL STATE DUMP =====
2025-06-28 20:27:55,946 | DEBUG   | {
  "xcurrent": [
    1.089695930480957,
    1.4088244438171387,
    0.08456537127494812,
    0.0,
    0.0,
    0.0
  ],
  "params": {
    "QC": 10,
    "QC_GATE": 50,
    "QL": 40,
    "MU": 10,
    "DVTHETA_MAX": 1.6,
    "N": 20,
    "T_HORIZON": 0.7,
    "RAMP_TIME": 0.7,
    "BARRIER_WEIGHT": 10,
    "OBSTACLE_WEIGHT": [
      100,
      100,
      100,
      100
    ],
    "OBSTACLE_RADIUS": 0.5,
    "OBSTACLE_ALPHA": 100.0,
    "TUNNEL_WIDTH": 0.4,
    "TUNNEL_WIDTH_GATE": 0.15,
    "NARROW_DIST": 0.6,
    "GATE_FLAT_DIST": 0.45,
    "Q_OMEGA": 2,
    "R_VTHETA": 1.0,
    "REG_THRUST": 0.02,
    "REG_INPUTS": 0.8
  },
  "box_lims": {
    "vtheta_max": 1.6,
    "dvtheta_max": 1.6
  }
}
2025-06-28 20:28:04,978 | ERROR   | Solver failed | status=4 | SQP it=5 | KKT=0.00e+00 | t=0.004s
2025-06-28 20:28:04,980 | ERROR   | Dump saved → debug_logs/fail/tick0072.json
2025-06-28 20:28:05,010 | ERROR   | Solver failed | status=4 | SQP it=1 | KKT=1.81e+02 | t=0.002s
2025-06-28 20:28:05,011 | ERROR   | Dump saved → debug_logs/fail/tick0073.json
2025-06-28 20:28:05,040 | ERROR   | Solver failed | status=4 | SQP it=1 | KKT=1.81e+02 | t=0.002s
2025-06-28 20:28:05,041 | ERROR   | Dump saved → debug_logs/fail/tick0074.json
2025-06-28 20:28:05,071 | ERROR   | Solver failed | status=4 | SQP it=1 | KKT=1.81e+02 | t=0.001s
2025-06-28 20:28:05,071 | ERROR   | Dump saved → debug_logs/fail/tick0075.json
2025-06-28 20:28:05,100 | ERROR   | Solver failed | status=4 | SQP it=1 | KKT=1.81e+02 | t=0.001s
2025-06-28 20:28:05,101 | ERROR   | Dump saved → debug_logs/fail/tick0076.json
2025-06-28 20:28:05,130 | ERROR   | Solver failed | status=4 | SQP it=1 | KKT=1.81e+02 | t=0.001s
2025-06-28 20:28:05,130 | ERROR   | Dump saved → debug_logs/fail/tick0077.json
2025-06-28 20:28:05,158 | ERROR   | Solver failed | status=4 | SQP it=1 | KKT=1.81e+02 | t=0.001s
2025-06-28 20:28:05,159 | ERROR   | Dump saved → debug_logs/fail/tick0078.json
2025-06-28 20:28:05,189 | ERROR   | Solver failed | status=4 | SQP it=1 | KKT=1.81e+02 | t=0.001s
2025-06-28 20:28:05,189 | ERROR   | Dump saved → debug_logs/fail/tick0079.json
2025-06-28 20:28:11,625 | ERROR   | Solver failed | status=4 | SQP it=18 | KKT=4.98e-08 | t=0.013s
2025-06-28 20:28:11,627 | ERROR   | Dump saved → debug_logs/fail/tick0122.json
2025-06-28 20:28:11,657 | ERROR   | Solver failed | status=4 | SQP it=1 | KKT=2.67e+01 | t=0.001s
2025-06-28 20:28:11,658 | ERROR   | Dump saved → debug_logs/fail/tick0123.json
2025-06-28 20:28:11,696 | ERROR   | Solver failed | status=4 | SQP it=12 | KKT=9.54e-08 | t=0.009s
2025-06-28 20:28:11,696 | ERROR   | Dump saved → debug_logs/fail/tick0124.json
2025-06-28 20:28:15,140 | ERROR   | Solver failed | status=4 | SQP it=1 | KKT=3.91e+01 | t=0.002s
2025-06-28 20:28:15,142 | ERROR   | Dump saved → debug_logs/fail/tick0125.json
2025-06-28 20:28:15,184 | ERROR   | Solver failed | status=4 | SQP it=1 | KKT=3.58e+01 | t=0.001s
2025-06-28 20:28:15,185 | ERROR   | Dump saved → debug_logs/fail/tick0126.json
2025-06-28 20:28:15,250 | ERROR   | Solver failed | status=4 | SQP it=35 | KKT=8.81e-09 | t=0.033s
2025-06-28 20:28:15,251 | ERROR   | Dump saved → debug_logs/fail/tick0127.json
2025-06-28 20:28:21,697 | INFO    | ===== INITIAL STATE DUMP =====
2025-06-28 20:28:21,698 | DEBUG   | {
  "xcurrent": [
    0.9374604821205139,
    1.4895585775375366,
    0.08528231084346771,
    0.0,
    0.0,
    0.0
  ],
  "params": {
    "QC": 10,
    "QC_GATE": 50,
    "QL": 40,
    "MU": 10,
    "DVTHETA_MAX": 1.6,
    "N": 20,
    "T_HORIZON": 0.7,
    "RAMP_TIME": 0.7,
    "BARRIER_WEIGHT": 10,
    "OBSTACLE_WEIGHT": [
      100,
      100,
      100,
      100
    ],
    "OBSTACLE_RADIUS": 0.5,
    "OBSTACLE_ALPHA": 100.0,
    "TUNNEL_WIDTH": 0.4,
    "TUNNEL_WIDTH_GATE": 0.15,
    "NARROW_DIST": 0.6,
    "GATE_FLAT_DIST": 0.45,
    "Q_OMEGA": 2,
    "R_VTHETA": 1.0,
    "REG_THRUST": 0.02,
    "REG_INPUTS": 0.8
  },
  "box_lims": {
    "vtheta_max": 1.6,
    "dvtheta_max": 1.6
  }
}
