2025-06-06 15:37:48,605 | INFO    | ===== INITIAL STATE DUMP =====
2025-06-06 15:37:48,606 | DEBUG   | {
  "xcurrent": [
    1.089695930480957,
    1.4088244438171387,
    0.08456537127494812,
    0.0,
    0.0,
    0.0
  ],
  "params": {
    "QC": 10,
    "QL": 80,
    "MU": 10,
    "DVTHETA_MAX": 2.0,
    "N": 20,
    "T_HORIZON": 1.05,
    "RAMP_TIME": 1.8,
    "BARRIER_WEIGHT": 10,
    "TUNNEL_WIDTH": 0.25,
    "Q_OMEGA": 2,
    "R_VTHETA": 1.0
  },
  "box_lims": {
    "vtheta_max": 2.0,
    "dvtheta_max": 2.0
  }
}
2025-06-06 15:37:50,044 | ERROR   | Solver failed | status=2 | SQP it=1000 | KKT=9.56e-08 | t=0.220s
2025-06-06 15:37:50,044 | ERROR   | Dump saved → debug_logs/fail/tick0005.json
2025-06-06 15:38:05,859 | ERROR   | Solver failed | status=4 | SQP it=99 | KKT=6.98e-10 | t=0.106s
2025-06-06 15:38:05,859 | ERROR   | Dump saved → debug_logs/fail/tick0071.json
2025-06-06 15:38:11,567 | ERROR   | Solver failed | status=4 | SQP it=1 | KKT=3.60e+02 | t=0.027s
2025-06-06 15:38:11,568 | ERROR   | Dump saved → debug_logs/fail/tick0072.json
2025-06-06 15:38:11,775 | ERROR   | Solver failed | status=1 | SQP it=191 | KKT=1.25e-10 | t=0.175s
2025-06-06 15:38:11,776 | ERROR   | Dump saved → debug_logs/fail/tick0073.json
2025-06-06 15:38:11,802 | ERROR   | Solver failed | status=1 | SQP it=0 | KKT=nan | t=0.000s
2025-06-06 15:38:11,802 | ERROR   | Dump saved → debug_logs/fail/tick0074.json
2025-06-06 15:38:11,825 | ERROR   | Solver failed | status=1 | SQP it=0 | KKT=nan | t=0.000s
2025-06-06 15:38:11,826 | ERROR   | Dump saved → debug_logs/fail/tick0075.json
2025-06-06 15:38:11,848 | ERROR   | Solver failed | status=1 | SQP it=0 | KKT=nan | t=0.000s
2025-06-06 15:38:11,849 | ERROR   | Dump saved → debug_logs/fail/tick0076.json
2025-06-06 15:38:11,875 | ERROR   | Solver failed | status=1 | SQP it=0 | KKT=nan | t=0.000s
2025-06-06 15:38:11,875 | ERROR   | Dump saved → debug_logs/fail/tick0077.json
