2025-06-28 19:25:55,936 | INFO    | ===== INITIAL STATE DUMP =====
2025-06-28 19:25:55,936 | DEBUG   | {
  "xcurrent": [
    1.089695930480957,
    1.4088244438171387,
    0.08456537127494812,
    0.0,
    0.0,
    0.0
  ],
  "params": {
    "QC": 10,
    "QC_GATE": 50,
    "QL": 40,
    "MU": 10,
    "DVTHETA_MAX": 1.6,
    "N": 20,
    "T_HORIZON": 0.7,
    "RAMP_TIME": 0.6,
    "BARRIER_WEIGHT": 10,
    "OBSTACLE_WEIGHT": [
      50,
      100,
      100,
      50
    ],
    "OBSTACLE_RADIUS": 1,
    "TUNNEL_WIDTH": 0.4,
    "TUNNEL_WIDTH_GATE": 0.15,
    "NARROW_DIST": 0.6,
    "GATE_FLAT_DIST": 0.45,
    "Q_OMEGA": 2,
    "R_VTHETA": 1.0,
    "REG_THRUST": 0.05,
    "REG_INPUTS": 0.03
  },
  "box_lims": {
    "vtheta_max": 1.6,
    "dvtheta_max": 1.6
  }
}
2025-06-28 19:25:59,586 | ERROR   | Solver failed | status=4 | SQP it=26 | KKT=9.03e-11 | t=0.021s
2025-06-28 19:25:59,589 | ERROR   | Dump saved → debug_logs/fail/tick0064.json
2025-06-28 19:25:59,618 | ERROR   | Solver failed | status=4 | SQP it=1 | KKT=1.00e+02 | t=0.001s
2025-06-28 19:25:59,619 | ERROR   | Dump saved → debug_logs/fail/tick0065.json
2025-06-28 19:25:59,648 | ERROR   | Solver failed | status=4 | SQP it=1 | KKT=1.00e+02 | t=0.001s
2025-06-28 19:25:59,649 | ERROR   | Dump saved → debug_logs/fail/tick0066.json
2025-06-28 19:25:59,679 | ERROR   | Solver failed | status=4 | SQP it=1 | KKT=1.00e+02 | t=0.002s
2025-06-28 19:25:59,679 | ERROR   | Dump saved → debug_logs/fail/tick0067.json
2025-06-28 19:25:59,709 | ERROR   | Solver failed | status=4 | SQP it=1 | KKT=1.00e+02 | t=0.001s
2025-06-28 19:25:59,709 | ERROR   | Dump saved → debug_logs/fail/tick0068.json
2025-06-28 19:25:59,734 | ERROR   | Solver failed | status=4 | SQP it=1 | KKT=1.00e+02 | t=0.001s
2025-06-28 19:25:59,735 | ERROR   | Dump saved → debug_logs/fail/tick0069.json
2025-06-28 19:25:59,760 | ERROR   | Solver failed | status=4 | SQP it=1 | KKT=1.00e+02 | t=0.001s
2025-06-28 19:25:59,760 | ERROR   | Dump saved → debug_logs/fail/tick0070.json
2025-06-28 19:25:59,785 | ERROR   | Solver failed | status=4 | SQP it=1 | KKT=1.00e+02 | t=0.001s
2025-06-28 19:25:59,786 | ERROR   | Dump saved → debug_logs/fail/tick0071.json
2025-06-28 19:25:59,811 | ERROR   | Solver failed | status=4 | SQP it=1 | KKT=1.00e+02 | t=0.001s
2025-06-28 19:25:59,812 | ERROR   | Dump saved → debug_logs/fail/tick0072.json
2025-06-28 19:25:59,838 | ERROR   | Solver failed | status=4 | SQP it=1 | KKT=1.00e+02 | t=0.001s
2025-06-28 19:25:59,839 | ERROR   | Dump saved → debug_logs/fail/tick0073.json
2025-06-28 19:25:59,866 | ERROR   | Solver failed | status=4 | SQP it=1 | KKT=1.00e+02 | t=0.001s
2025-06-28 19:25:59,866 | ERROR   | Dump saved → debug_logs/fail/tick0074.json
2025-06-28 19:25:59,892 | ERROR   | Solver failed | status=4 | SQP it=1 | KKT=1.00e+02 | t=0.001s
2025-06-28 19:25:59,892 | ERROR   | Dump saved → debug_logs/fail/tick0075.json
2025-06-28 19:25:59,918 | ERROR   | Solver failed | status=4 | SQP it=1 | KKT=1.00e+02 | t=0.001s
2025-06-28 19:25:59,919 | ERROR   | Dump saved → debug_logs/fail/tick0076.json
2025-06-28 19:25:59,946 | ERROR   | Solver failed | status=4 | SQP it=1 | KKT=1.00e+02 | t=0.001s
2025-06-28 19:25:59,947 | ERROR   | Dump saved → debug_logs/fail/tick0077.json
2025-06-28 19:25:59,974 | ERROR   | Solver failed | status=4 | SQP it=1 | KKT=1.00e+02 | t=0.001s
2025-06-28 19:25:59,975 | ERROR   | Dump saved → debug_logs/fail/tick0078.json
2025-06-28 19:26:00,876 | ERROR   | Solver failed | status=4 | SQP it=1 | KKT=1.00e+02 | t=0.003s
2025-06-28 19:26:00,878 | ERROR   | Dump saved → debug_logs/fail/tick0079.json
2025-06-28 19:26:00,915 | ERROR   | Solver failed | status=4 | SQP it=1 | KKT=1.00e+02 | t=0.002s
2025-06-28 19:26:00,916 | ERROR   | Dump saved → debug_logs/fail/tick0080.json
2025-06-28 19:26:00,946 | ERROR   | Solver failed | status=4 | SQP it=1 | KKT=1.00e+02 | t=0.001s
2025-06-28 19:26:00,947 | ERROR   | Dump saved → debug_logs/fail/tick0081.json
2025-06-28 19:26:00,976 | ERROR   | Solver failed | status=4 | SQP it=1 | KKT=1.00e+02 | t=0.001s
2025-06-28 19:26:00,977 | ERROR   | Dump saved → debug_logs/fail/tick0082.json
2025-06-28 19:26:01,003 | ERROR   | Solver failed | status=4 | SQP it=1 | KKT=1.00e+02 | t=0.001s
2025-06-28 19:26:01,004 | ERROR   | Dump saved → debug_logs/fail/tick0083.json
2025-06-28 19:26:01,030 | ERROR   | Solver failed | status=4 | SQP it=1 | KKT=1.00e+02 | t=0.001s
2025-06-28 19:26:01,031 | ERROR   | Dump saved → debug_logs/fail/tick0084.json
2025-06-28 19:26:01,059 | ERROR   | Solver failed | status=4 | SQP it=1 | KKT=1.00e+02 | t=0.001s
2025-06-28 19:26:01,060 | ERROR   | Dump saved → debug_logs/fail/tick0085.json
2025-06-28 19:26:01,085 | ERROR   | Solver failed | status=4 | SQP it=1 | KKT=1.00e+02 | t=0.001s
2025-06-28 19:26:01,086 | ERROR   | Dump saved → debug_logs/fail/tick0086.json
2025-06-28 19:26:01,112 | ERROR   | Solver failed | status=4 | SQP it=1 | KKT=1.00e+02 | t=0.001s
2025-06-28 19:26:01,112 | ERROR   | Dump saved → debug_logs/fail/tick0087.json
2025-06-28 19:26:01,140 | ERROR   | Solver failed | status=4 | SQP it=1 | KKT=1.00e+02 | t=0.001s
2025-06-28 19:26:01,142 | ERROR   | Dump saved → debug_logs/fail/tick0088.json
2025-06-28 19:26:01,198 | ERROR   | Solver failed | status=4 | SQP it=28 | KKT=3.06e-08 | t=0.032s
2025-06-28 19:26:01,199 | ERROR   | Dump saved → debug_logs/fail/tick0089.json
2025-06-28 19:26:01,228 | ERROR   | Solver failed | status=4 | SQP it=1 | KKT=1.14e+02 | t=0.002s
2025-06-28 19:26:01,229 | ERROR   | Dump saved → debug_logs/fail/tick0090.json
2025-06-28 19:26:01,259 | ERROR   | Solver failed | status=4 | SQP it=1 | KKT=1.14e+02 | t=0.002s
2025-06-28 19:26:01,260 | ERROR   | Dump saved → debug_logs/fail/tick0091.json
2025-06-28 19:26:01,291 | ERROR   | Solver failed | status=4 | SQP it=1 | KKT=1.14e+02 | t=0.002s
2025-06-28 19:26:01,292 | ERROR   | Dump saved → debug_logs/fail/tick0092.json
2025-06-28 19:26:01,321 | ERROR   | Solver failed | status=4 | SQP it=1 | KKT=1.14e+02 | t=0.002s
2025-06-28 19:26:01,321 | ERROR   | Dump saved → debug_logs/fail/tick0093.json
2025-06-28 19:26:01,351 | ERROR   | Solver failed | status=4 | SQP it=1 | KKT=1.14e+02 | t=0.002s
2025-06-28 19:26:01,352 | ERROR   | Dump saved → debug_logs/fail/tick0094.json
2025-06-28 19:26:01,383 | ERROR   | Solver failed | status=4 | SQP it=1 | KKT=1.14e+02 | t=0.002s
2025-06-28 19:26:01,383 | ERROR   | Dump saved → debug_logs/fail/tick0095.json
2025-06-28 19:26:01,413 | ERROR   | Solver failed | status=4 | SQP it=1 | KKT=1.14e+02 | t=0.001s
2025-06-28 19:26:01,414 | ERROR   | Dump saved → debug_logs/fail/tick0096.json
2025-06-28 19:26:01,443 | ERROR   | Solver failed | status=4 | SQP it=1 | KKT=1.14e+02 | t=0.001s
2025-06-28 19:26:01,443 | ERROR   | Dump saved → debug_logs/fail/tick0097.json
2025-06-28 19:26:01,473 | ERROR   | Solver failed | status=4 | SQP it=1 | KKT=1.14e+02 | t=0.002s
2025-06-28 19:26:01,473 | ERROR   | Dump saved → debug_logs/fail/tick0098.json
2025-06-28 19:26:01,502 | ERROR   | Solver failed | status=4 | SQP it=1 | KKT=1.14e+02 | t=0.001s
2025-06-28 19:26:01,503 | ERROR   | Dump saved → debug_logs/fail/tick0099.json
2025-06-28 19:26:01,533 | ERROR   | Solver failed | status=4 | SQP it=1 | KKT=1.14e+02 | t=0.003s
2025-06-28 19:26:01,533 | ERROR   | Dump saved → debug_logs/fail/tick0100.json
2025-06-28 19:26:01,563 | ERROR   | Solver failed | status=4 | SQP it=1 | KKT=1.14e+02 | t=0.002s
2025-06-28 19:26:01,564 | ERROR   | Dump saved → debug_logs/fail/tick0101.json
2025-06-28 19:26:01,594 | ERROR   | Solver failed | status=4 | SQP it=1 | KKT=1.14e+02 | t=0.002s
2025-06-28 19:26:01,594 | ERROR   | Dump saved → debug_logs/fail/tick0102.json
2025-06-28 19:26:01,627 | ERROR   | Solver failed | status=4 | SQP it=1 | KKT=1.14e+02 | t=0.003s
2025-06-28 19:26:01,627 | ERROR   | Dump saved → debug_logs/fail/tick0103.json
2025-06-28 19:26:01,653 | ERROR   | Solver failed | status=4 | SQP it=1 | KKT=1.14e+02 | t=0.002s
2025-06-28 19:26:01,654 | ERROR   | Dump saved → debug_logs/fail/tick0104.json
2025-06-28 19:26:01,677 | ERROR   | Solver failed | status=4 | SQP it=1 | KKT=1.14e+02 | t=0.002s
2025-06-28 19:26:01,677 | ERROR   | Dump saved → debug_logs/fail/tick0105.json
2025-06-28 19:26:01,701 | ERROR   | Solver failed | status=4 | SQP it=1 | KKT=1.14e+02 | t=0.002s
2025-06-28 19:26:01,702 | ERROR   | Dump saved → debug_logs/fail/tick0106.json
2025-06-28 19:26:01,728 | ERROR   | Solver failed | status=4 | SQP it=1 | KKT=1.14e+02 | t=0.002s
2025-06-28 19:26:01,728 | ERROR   | Dump saved → debug_logs/fail/tick0107.json
2025-06-28 19:26:01,755 | ERROR   | Solver failed | status=4 | SQP it=1 | KKT=1.14e+02 | t=0.002s
2025-06-28 19:26:01,756 | ERROR   | Dump saved → debug_logs/fail/tick0108.json
2025-06-28 19:26:01,782 | ERROR   | Solver failed | status=4 | SQP it=1 | KKT=1.14e+02 | t=0.002s
2025-06-28 19:26:01,783 | ERROR   | Dump saved → debug_logs/fail/tick0109.json
2025-06-28 19:26:01,811 | ERROR   | Solver failed | status=4 | SQP it=1 | KKT=1.14e+02 | t=0.003s
2025-06-28 19:26:01,811 | ERROR   | Dump saved → debug_logs/fail/tick0110.json
2025-06-28 19:26:03,500 | INFO    | ===== INITIAL STATE DUMP =====
2025-06-28 19:26:03,501 | DEBUG   | {
  "xcurrent": [
    0.9559448957443237,
    1.4790202379226685,
    0.07992087304592133,
    0.0,
    0.0,
    0.0
  ],
  "params": {
    "QC": 10,
    "QC_GATE": 50,
    "QL": 40,
    "MU": 10,
    "DVTHETA_MAX": 1.6,
    "N": 20,
    "T_HORIZON": 0.7,
    "RAMP_TIME": 0.6,
    "BARRIER_WEIGHT": 10,
    "OBSTACLE_WEIGHT": [
      50,
      100,
      100,
      50
    ],
    "OBSTACLE_RADIUS": 1,
    "TUNNEL_WIDTH": 0.4,
    "TUNNEL_WIDTH_GATE": 0.15,
    "NARROW_DIST": 0.6,
    "GATE_FLAT_DIST": 0.45,
    "Q_OMEGA": 2,
    "R_VTHETA": 1.0,
    "REG_THRUST": 0.05,
    "REG_INPUTS": 0.03
  },
  "box_lims": {
    "vtheta_max": 1.6,
    "dvtheta_max": 1.6
  }
}
2025-06-28 19:26:05,398 | ERROR   | Solver failed | status=4 | SQP it=7 | KKT=1.00e+00 | t=0.005s
2025-06-28 19:26:05,400 | ERROR   | Dump saved → debug_logs/fail/tick0060.json
2025-06-28 19:26:05,427 | ERROR   | Solver failed | status=4 | SQP it=1 | KKT=6.53e+01 | t=0.001s
2025-06-28 19:26:05,428 | ERROR   | Dump saved → debug_logs/fail/tick0061.json
2025-06-28 19:26:05,455 | ERROR   | Solver failed | status=4 | SQP it=1 | KKT=6.53e+01 | t=0.003s
2025-06-28 19:26:05,456 | ERROR   | Dump saved → debug_logs/fail/tick0062.json
2025-06-28 19:26:05,528 | ERROR   | Solver failed | status=4 | SQP it=1 | KKT=6.53e+01 | t=0.047s
2025-06-28 19:26:05,529 | ERROR   | Dump saved → debug_logs/fail/tick0063.json
2025-06-28 19:26:05,558 | ERROR   | Solver failed | status=4 | SQP it=1 | KKT=6.53e+01 | t=0.002s
2025-06-28 19:26:05,559 | ERROR   | Dump saved → debug_logs/fail/tick0064.json
2025-06-28 19:26:05,587 | ERROR   | Solver failed | status=4 | SQP it=1 | KKT=6.53e+01 | t=0.001s
2025-06-28 19:26:05,587 | ERROR   | Dump saved → debug_logs/fail/tick0065.json
2025-06-28 19:26:05,628 | ERROR   | Solver failed | status=4 | SQP it=1 | KKT=6.53e+01 | t=0.008s
2025-06-28 19:26:05,629 | ERROR   | Dump saved → debug_logs/fail/tick0066.json
2025-06-28 19:26:05,678 | ERROR   | Solver failed | status=4 | SQP it=1 | KKT=6.53e+01 | t=0.022s
2025-06-28 19:26:05,679 | ERROR   | Dump saved → debug_logs/fail/tick0067.json
2025-06-28 19:26:05,707 | ERROR   | Solver failed | status=4 | SQP it=1 | KKT=6.53e+01 | t=0.003s
2025-06-28 19:26:05,708 | ERROR   | Dump saved → debug_logs/fail/tick0068.json
2025-06-28 19:26:05,736 | ERROR   | Solver failed | status=4 | SQP it=1 | KKT=6.53e+01 | t=0.004s
2025-06-28 19:26:05,736 | ERROR   | Dump saved → debug_logs/fail/tick0069.json
2025-06-28 19:26:05,772 | ERROR   | Solver failed | status=4 | SQP it=1 | KKT=6.53e+01 | t=0.010s
2025-06-28 19:26:05,772 | ERROR   | Dump saved → debug_logs/fail/tick0070.json
2025-06-28 19:26:05,800 | ERROR   | Solver failed | status=4 | SQP it=1 | KKT=6.53e+01 | t=0.003s
2025-06-28 19:26:05,801 | ERROR   | Dump saved → debug_logs/fail/tick0071.json
2025-06-28 19:26:07,650 | ERROR   | Solver failed | status=2 | SQP it=1000 | KKT=8.97e-10 | t=0.608s
2025-06-28 19:26:07,651 | ERROR   | Dump saved → debug_logs/fail/tick0099.json
2025-06-28 19:26:08,443 | ERROR   | Solver failed | status=2 | SQP it=1000 | KKT=2.69e-08 | t=0.767s
2025-06-28 19:26:08,444 | ERROR   | Dump saved → debug_logs/fail/tick0100.json
2025-06-28 19:26:09,381 | ERROR   | Solver failed | status=2 | SQP it=1000 | KKT=6.21e-08 | t=0.906s
2025-06-28 19:26:09,382 | ERROR   | Dump saved → debug_logs/fail/tick0101.json
2025-06-28 19:26:10,356 | ERROR   | Solver failed | status=2 | SQP it=1000 | KKT=3.37e-08 | t=0.944s
2025-06-28 19:26:10,357 | ERROR   | Dump saved → debug_logs/fail/tick0102.json
2025-06-28 19:26:11,342 | ERROR   | Solver failed | status=2 | SQP it=1000 | KKT=1.41e-09 | t=0.956s
2025-06-28 19:26:11,343 | ERROR   | Dump saved → debug_logs/fail/tick0103.json
2025-06-28 19:26:12,358 | ERROR   | Solver failed | status=2 | SQP it=1000 | KKT=5.53e-08 | t=0.985s
2025-06-28 19:26:12,359 | ERROR   | Dump saved → debug_logs/fail/tick0104.json
2025-06-28 19:26:13,378 | ERROR   | Solver failed | status=2 | SQP it=1000 | KKT=3.40e-13 | t=0.986s
2025-06-28 19:26:13,379 | ERROR   | Dump saved → debug_logs/fail/tick0105.json
2025-06-28 19:26:14,423 | ERROR   | Solver failed | status=2 | SQP it=1000 | KKT=2.95e-09 | t=1.013s
2025-06-28 19:26:14,424 | ERROR   | Dump saved → debug_logs/fail/tick0106.json
2025-06-28 19:26:15,484 | ERROR   | Solver failed | status=2 | SQP it=1000 | KKT=8.19e-08 | t=1.028s
2025-06-28 19:26:15,485 | ERROR   | Dump saved → debug_logs/fail/tick0107.json
