2025-06-28 18:51:21,511 | INFO    | ===== INITIAL STATE DUMP =====
2025-06-28 18:51:21,512 | DEBUG   | {
  "xcurrent": [
    1.089695930480957,
    1.4088244438171387,
    0.08456537127494812,
    0.0,
    0.0,
    0.0
  ],
  "params": {
    "QC": 10,
    "QC_GATE": 50,
    "QL": 40,
    "MU": 10,
    "DVTHETA_MAX": 1.6,
    "N": 20,
    "T_HORIZON": 0.7,
    "RAMP_TIME": 0.5,
    "BARRIER_WEIGHT": 10,
    "OBSTACLE_WEIGHT": [
      200,
      300,
      200,
      100
    ],
    "OBSTACLE_RADIUS": 0.2,
    "TUNNEL_WIDTH": 0.4,
    "TUNNEL_WIDTH_GATE": 0.2,
    "NARROW_DIST": 0.5,
    "GATE_FLAT_DIST": 0.3,
    "Q_OMEGA": 2,
    "R_VTHETA": 1.0,
    "REG_THRUST": 0.05,
    "REG_INPUTS": 0.01
  },
  "box_lims": {
    "vtheta_max": 1.6,
    "dvtheta_max": 1.6
  }
}
2025-06-28 18:51:35,379 | ERROR   | Solver failed | status=4 | SQP it=22 | KKT=1.22e-08 | t=0.021s
2025-06-28 18:51:35,381 | ERROR   | Dump saved → debug_logs/fail/tick0251.json
2025-06-28 18:51:35,413 | ERROR   | Solver failed | status=4 | SQP it=1 | KKT=6.87e+01 | t=0.006s
2025-06-28 18:51:35,414 | ERROR   | Dump saved → debug_logs/fail/tick0252.json
2025-06-28 18:51:37,454 | ERROR   | Solver failed | status=2 | SQP it=1000 | KKT=4.62e-08 | t=0.594s
2025-06-28 18:51:37,456 | ERROR   | Dump saved → debug_logs/fail/tick0259.json
2025-06-28 18:51:38,077 | ERROR   | Solver failed | status=2 | SQP it=1000 | KKT=4.53e-08 | t=0.594s
2025-06-28 18:51:38,078 | ERROR   | Dump saved → debug_logs/fail/tick0260.json
2025-06-28 18:51:38,845 | ERROR   | Solver failed | status=2 | SQP it=1000 | KKT=3.37e-08 | t=0.595s
2025-06-28 18:51:38,845 | ERROR   | Dump saved → debug_logs/fail/tick0263.json
2025-06-28 18:51:39,940 | ERROR   | Solver failed | status=2 | SQP it=1000 | KKT=7.63e-08 | t=0.651s
2025-06-28 18:51:39,942 | ERROR   | Dump saved → debug_logs/fail/tick0277.json
2025-06-28 18:51:41,611 | INFO    | ===== INITIAL STATE DUMP =====
2025-06-28 18:51:41,611 | DEBUG   | {
  "xcurrent": [
    0.9838135838508606,
    1.572652816772461,
    0.07017023116350174,
    0.0,
    0.0,
    0.0
  ],
  "params": {
    "QC": 10,
    "QC_GATE": 50,
    "QL": 40,
    "MU": 10,
    "DVTHETA_MAX": 1.6,
    "N": 20,
    "T_HORIZON": 0.7,
    "RAMP_TIME": 0.5,
    "BARRIER_WEIGHT": 10,
    "OBSTACLE_WEIGHT": [
      200,
      300,
      200,
      100
    ],
    "OBSTACLE_RADIUS": 0.2,
    "TUNNEL_WIDTH": 0.4,
    "TUNNEL_WIDTH_GATE": 0.2,
    "NARROW_DIST": 0.5,
    "GATE_FLAT_DIST": 0.3,
    "Q_OMEGA": 2,
    "R_VTHETA": 1.0,
    "REG_THRUST": 0.05,
    "REG_INPUTS": 0.01
  },
  "box_lims": {
    "vtheta_max": 1.6,
    "dvtheta_max": 1.6
  }
}
2025-06-28 18:51:48,283 | ERROR   | Solver failed | status=4 | SQP it=10 | KKT=2.22e-16 | t=0.008s
2025-06-28 18:51:48,285 | ERROR   | Dump saved → debug_logs/fail/tick0229.json
2025-06-28 18:51:48,466 | ERROR   | Solver failed | status=4 | SQP it=14 | KKT=5.99e-08 | t=0.156s
2025-06-28 18:51:48,467 | ERROR   | Dump saved → debug_logs/fail/tick0230.json
2025-06-28 18:51:48,502 | ERROR   | Solver failed | status=4 | SQP it=1 | KKT=8.57e-01 | t=0.002s
2025-06-28 18:51:48,504 | ERROR   | Dump saved → debug_logs/fail/tick0231.json
2025-06-28 18:51:48,531 | ERROR   | Solver failed | status=4 | SQP it=1 | KKT=2.06e+00 | t=0.001s
2025-06-28 18:51:48,532 | ERROR   | Dump saved → debug_logs/fail/tick0232.json
2025-06-28 18:51:48,558 | ERROR   | Solver failed | status=4 | SQP it=1 | KKT=3.76e+00 | t=0.001s
2025-06-28 18:51:48,559 | ERROR   | Dump saved → debug_logs/fail/tick0233.json
2025-06-28 18:51:48,588 | ERROR   | Solver failed | status=4 | SQP it=1 | KKT=5.50e+00 | t=0.001s
2025-06-28 18:51:48,588 | ERROR   | Dump saved → debug_logs/fail/tick0234.json
2025-06-28 18:51:48,618 | ERROR   | Solver failed | status=4 | SQP it=1 | KKT=7.54e+00 | t=0.002s
2025-06-28 18:51:48,620 | ERROR   | Dump saved → debug_logs/fail/tick0235.json
2025-06-28 18:51:48,650 | ERROR   | Solver failed | status=4 | SQP it=1 | KKT=1.00e+01 | t=0.002s
2025-06-28 18:51:48,651 | ERROR   | Dump saved → debug_logs/fail/tick0236.json
2025-06-28 18:51:48,683 | ERROR   | Solver failed | status=4 | SQP it=3 | KKT=1.29e+01 | t=0.003s
2025-06-28 18:51:48,683 | ERROR   | Dump saved → debug_logs/fail/tick0237.json
2025-06-28 18:51:50,745 | INFO    | ===== INITIAL STATE DUMP =====
2025-06-28 18:51:50,745 | DEBUG   | {
  "xcurrent": [
    0.9907276034355164,
    1.4888242483139038,
    0.07907875627279282,
    0.0,
    0.0,
    0.0
  ],
  "params": {
    "QC": 10,
    "QC_GATE": 50,
    "QL": 40,
    "MU": 10,
    "DVTHETA_MAX": 1.6,
    "N": 20,
    "T_HORIZON": 0.7,
    "RAMP_TIME": 0.5,
    "BARRIER_WEIGHT": 10,
    "OBSTACLE_WEIGHT": [
      200,
      300,
      200,
      100
    ],
    "OBSTACLE_RADIUS": 0.2,
    "TUNNEL_WIDTH": 0.4,
    "TUNNEL_WIDTH_GATE": 0.2,
    "NARROW_DIST": 0.5,
    "GATE_FLAT_DIST": 0.3,
    "Q_OMEGA": 2,
    "R_VTHETA": 1.0,
    "REG_THRUST": 0.05,
    "REG_INPUTS": 0.01
  },
  "box_lims": {
    "vtheta_max": 1.6,
    "dvtheta_max": 1.6
  }
}
