2025-06-06 18:07:07,959 | INFO    | ===== INITIAL STATE DUMP =====
2025-06-06 18:07:07,960 | DEBUG   | {
  "xcurrent": [
    1.089695930480957,
    1.4088244438171387,
    0.08456537127494812,
    0.0,
    0.0,
    0.0
  ],
  "params": {
    "QC": 10,
    "QL": 80,
    "MU": 10,
    "DVTHETA_MAX": 1.5,
    "N": 20,
    "T_HORIZON": 1.05,
    "RAMP_TIME": 1.8,
    "BARRIER_WEIGHT": 10,
    "TUNNEL_WIDTH": 0.45,
    "TUNNEL_WIDTH_GATE": 0.25,
    "Q_OMEGA": 2,
    "R_VTHETA": 1.0,
    "IN_GATE_RAMP_TIME": 0.4,
    "OUT_GATE_RAMP_TIME": 0.4
  },
  "box_lims": {
    "vtheta_max": 1.5,
    "dvtheta_max": 1.5
  }
}
2025-06-06 18:07:11,935 | INFO    | ===== INITIAL STATE DUMP =====
2025-06-06 18:07:11,935 | DEBUG   | {
  "xcurrent": [
    0.9608458280563354,
    1.596975326538086,
    0.07818405330181122,
    0.0,
    0.0,
    0.0
  ],
  "params": {
    "QC": 10,
    "QL": 80,
    "MU": 10,
    "DVTHETA_MAX": 1.5,
    "N": 20,
    "T_HORIZON": 1.05,
    "RAMP_TIME": 1.8,
    "BARRIER_WEIGHT": 10,
    "TUNNEL_WIDTH": 0.45,
    "TUNNEL_WIDTH_GATE": 0.25,
    "Q_OMEGA": 2,
    "R_VTHETA": 1.0,
    "IN_GATE_RAMP_TIME": 0.4,
    "OUT_GATE_RAMP_TIME": 0.4
  },
  "box_lims": {
    "vtheta_max": 1.5,
    "dvtheta_max": 1.5
  }
}
2025-06-06 18:07:14,751 | INFO    | ===== INITIAL STATE DUMP =====
2025-06-06 18:07:14,752 | DEBUG   | {
  "xcurrent": [
    1.057254433631897,
    1.5749019384384155,
    0.08907566964626312,
    0.0,
    0.0,
    0.0
  ],
  "params": {
    "QC": 10,
    "QL": 80,
    "MU": 10,
    "DVTHETA_MAX": 1.5,
    "N": 20,
    "T_HORIZON": 1.05,
    "RAMP_TIME": 1.8,
    "BARRIER_WEIGHT": 10,
    "TUNNEL_WIDTH": 0.45,
    "TUNNEL_WIDTH_GATE": 0.25,
    "Q_OMEGA": 2,
    "R_VTHETA": 1.0,
    "IN_GATE_RAMP_TIME": 0.4,
    "OUT_GATE_RAMP_TIME": 0.4
  },
  "box_lims": {
    "vtheta_max": 1.5,
    "dvtheta_max": 1.5
  }
}
2025-06-06 18:07:17,949 | INFO    | ===== INITIAL STATE DUMP =====
2025-06-06 18:07:17,949 | DEBUG   | {
  "xcurrent": [
    1.040649175643921,
    1.416235089302063,
    0.07277484238147736,
    0.0,
    0.0,
    0.0
  ],
  "params": {
    "QC": 10,
    "QL": 80,
    "MU": 10,
    "DVTHETA_MAX": 1.5,
    "N": 20,
    "T_HORIZON": 1.05,
    "RAMP_TIME": 1.8,
    "BARRIER_WEIGHT": 10,
    "TUNNEL_WIDTH": 0.45,
    "TUNNEL_WIDTH_GATE": 0.25,
    "Q_OMEGA": 2,
    "R_VTHETA": 1.0,
    "IN_GATE_RAMP_TIME": 0.4,
    "OUT_GATE_RAMP_TIME": 0.4
  },
  "box_lims": {
    "vtheta_max": 1.5,
    "dvtheta_max": 1.5
  }
}
2025-06-06 18:07:18,685 | ERROR   | Solver failed | status=2 | SQP it=50 | KKT=3.40e-08 | t=0.020s
2025-06-06 18:07:18,687 | ERROR   | Dump saved → debug_logs/fail/tick0135.json
2025-06-06 18:07:18,724 | ERROR   | Solver failed | status=2 | SQP it=50 | KKT=1.98e-08 | t=0.034s
2025-06-06 18:07:18,724 | ERROR   | Dump saved → debug_logs/fail/tick0136.json
2025-06-06 18:07:18,767 | ERROR   | Solver failed | status=2 | SQP it=50 | KKT=2.96e-12 | t=0.040s
2025-06-06 18:07:18,768 | ERROR   | Dump saved → debug_logs/fail/tick0137.json
2025-06-06 18:07:18,814 | ERROR   | Solver failed | status=2 | SQP it=50 | KKT=2.40e-08 | t=0.044s
2025-06-06 18:07:18,815 | ERROR   | Dump saved → debug_logs/fail/tick0138.json
2025-06-06 18:07:18,865 | ERROR   | Solver failed | status=2 | SQP it=50 | KKT=2.70e-11 | t=0.048s
2025-06-06 18:07:18,866 | ERROR   | Dump saved → debug_logs/fail/tick0139.json
2025-06-06 18:07:18,889 | ERROR   | Solver failed | status=1 | SQP it=17 | KKT=1.41e-12 | t=0.021s
2025-06-06 18:07:18,890 | ERROR   | Dump saved → debug_logs/fail/tick0140.json
2025-06-06 18:07:18,893 | ERROR   | Solver failed | status=1 | SQP it=0 | KKT=nan | t=0.000s
2025-06-06 18:07:18,893 | ERROR   | Dump saved → debug_logs/fail/tick0141.json
2025-06-06 18:07:18,896 | ERROR   | Solver failed | status=1 | SQP it=0 | KKT=nan | t=0.000s
2025-06-06 18:07:18,896 | ERROR   | Dump saved → debug_logs/fail/tick0142.json
2025-06-06 18:07:18,899 | ERROR   | Solver failed | status=1 | SQP it=0 | KKT=nan | t=0.000s
2025-06-06 18:07:18,900 | ERROR   | Dump saved → debug_logs/fail/tick0143.json
2025-06-06 18:07:18,902 | ERROR   | Solver failed | status=1 | SQP it=0 | KKT=nan | t=0.000s
2025-06-06 18:07:18,903 | ERROR   | Dump saved → debug_logs/fail/tick0144.json
2025-06-06 18:07:18,905 | ERROR   | Solver failed | status=1 | SQP it=0 | KKT=nan | t=0.000s
2025-06-06 18:07:18,905 | ERROR   | Dump saved → debug_logs/fail/tick0145.json
2025-06-06 18:07:18,908 | ERROR   | Solver failed | status=1 | SQP it=0 | KKT=nan | t=0.000s
2025-06-06 18:07:18,908 | ERROR   | Dump saved → debug_logs/fail/tick0146.json
2025-06-06 18:07:18,911 | ERROR   | Solver failed | status=1 | SQP it=0 | KKT=nan | t=0.000s
2025-06-06 18:07:18,912 | ERROR   | Dump saved → debug_logs/fail/tick0147.json
2025-06-06 18:07:18,914 | ERROR   | Solver failed | status=1 | SQP it=0 | KKT=nan | t=0.000s
2025-06-06 18:07:18,915 | ERROR   | Dump saved → debug_logs/fail/tick0148.json
2025-06-06 18:07:18,918 | ERROR   | Solver failed | status=1 | SQP it=0 | KKT=nan | t=0.000s
2025-06-06 18:07:18,918 | ERROR   | Dump saved → debug_logs/fail/tick0149.json
2025-06-06 18:07:18,920 | ERROR   | Solver failed | status=1 | SQP it=0 | KKT=nan | t=0.000s
2025-06-06 18:07:18,921 | ERROR   | Dump saved → debug_logs/fail/tick0150.json
2025-06-06 18:07:18,923 | ERROR   | Solver failed | status=1 | SQP it=0 | KKT=nan | t=0.000s
2025-06-06 18:07:18,924 | ERROR   | Dump saved → debug_logs/fail/tick0151.json
2025-06-06 18:07:18,926 | ERROR   | Solver failed | status=1 | SQP it=0 | KKT=nan | t=0.000s
2025-06-06 18:07:18,927 | ERROR   | Dump saved → debug_logs/fail/tick0152.json
2025-06-06 18:07:18,929 | ERROR   | Solver failed | status=1 | SQP it=0 | KKT=nan | t=0.000s
2025-06-06 18:07:18,930 | ERROR   | Dump saved → debug_logs/fail/tick0153.json
2025-06-06 18:07:18,932 | ERROR   | Solver failed | status=1 | SQP it=0 | KKT=nan | t=0.000s
2025-06-06 18:07:18,933 | ERROR   | Dump saved → debug_logs/fail/tick0154.json
2025-06-06 18:07:18,935 | ERROR   | Solver failed | status=1 | SQP it=0 | KKT=nan | t=0.000s
2025-06-06 18:07:18,936 | ERROR   | Dump saved → debug_logs/fail/tick0155.json
2025-06-06 18:07:18,938 | ERROR   | Solver failed | status=1 | SQP it=0 | KKT=nan | t=0.000s
2025-06-06 18:07:18,939 | ERROR   | Dump saved → debug_logs/fail/tick0156.json
2025-06-06 18:07:18,941 | ERROR   | Solver failed | status=1 | SQP it=0 | KKT=nan | t=0.000s
2025-06-06 18:07:18,942 | ERROR   | Dump saved → debug_logs/fail/tick0157.json
2025-06-06 18:07:18,944 | ERROR   | Solver failed | status=1 | SQP it=0 | KKT=nan | t=0.000s
2025-06-06 18:07:18,945 | ERROR   | Dump saved → debug_logs/fail/tick0158.json
2025-06-06 18:07:18,947 | ERROR   | Solver failed | status=1 | SQP it=0 | KKT=nan | t=0.000s
2025-06-06 18:07:18,948 | ERROR   | Dump saved → debug_logs/fail/tick0159.json
2025-06-06 18:07:18,950 | ERROR   | Solver failed | status=1 | SQP it=0 | KKT=nan | t=0.000s
2025-06-06 18:07:18,951 | ERROR   | Dump saved → debug_logs/fail/tick0160.json
2025-06-06 18:07:18,953 | ERROR   | Solver failed | status=1 | SQP it=0 | KKT=nan | t=0.000s
2025-06-06 18:07:18,954 | ERROR   | Dump saved → debug_logs/fail/tick0161.json
2025-06-06 18:07:18,956 | ERROR   | Solver failed | status=1 | SQP it=0 | KKT=nan | t=0.000s
2025-06-06 18:07:18,957 | ERROR   | Dump saved → debug_logs/fail/tick0162.json
2025-06-06 18:07:18,959 | ERROR   | Solver failed | status=1 | SQP it=0 | KKT=nan | t=0.000s
2025-06-06 18:07:18,960 | ERROR   | Dump saved → debug_logs/fail/tick0163.json
2025-06-06 18:07:18,963 | ERROR   | Solver failed | status=1 | SQP it=0 | KKT=nan | t=0.000s
2025-06-06 18:07:18,963 | ERROR   | Dump saved → debug_logs/fail/tick0164.json
2025-06-06 18:07:18,966 | ERROR   | Solver failed | status=1 | SQP it=0 | KKT=nan | t=0.000s
2025-06-06 18:07:18,966 | ERROR   | Dump saved → debug_logs/fail/tick0165.json
2025-06-06 18:07:18,969 | ERROR   | Solver failed | status=1 | SQP it=0 | KKT=nan | t=0.000s
2025-06-06 18:07:18,969 | ERROR   | Dump saved → debug_logs/fail/tick0166.json
2025-06-06 18:07:18,972 | ERROR   | Solver failed | status=1 | SQP it=0 | KKT=nan | t=0.000s
2025-06-06 18:07:18,972 | ERROR   | Dump saved → debug_logs/fail/tick0167.json
2025-06-06 18:07:18,975 | ERROR   | Solver failed | status=1 | SQP it=0 | KKT=nan | t=0.000s
2025-06-06 18:07:18,975 | ERROR   | Dump saved → debug_logs/fail/tick0168.json
2025-06-06 18:07:18,978 | ERROR   | Solver failed | status=1 | SQP it=0 | KKT=nan | t=0.000s
2025-06-06 18:07:18,978 | ERROR   | Dump saved → debug_logs/fail/tick0169.json
2025-06-06 18:07:18,981 | ERROR   | Solver failed | status=1 | SQP it=0 | KKT=nan | t=0.000s
2025-06-06 18:07:18,981 | ERROR   | Dump saved → debug_logs/fail/tick0170.json
2025-06-06 18:07:18,984 | ERROR   | Solver failed | status=1 | SQP it=0 | KKT=nan | t=0.000s
2025-06-06 18:07:18,984 | ERROR   | Dump saved → debug_logs/fail/tick0171.json
2025-06-06 18:07:18,986 | ERROR   | Solver failed | status=1 | SQP it=0 | KKT=nan | t=0.000s
2025-06-06 18:07:18,987 | ERROR   | Dump saved → debug_logs/fail/tick0172.json
2025-06-06 18:07:18,989 | ERROR   | Solver failed | status=1 | SQP it=0 | KKT=nan | t=0.000s
2025-06-06 18:07:18,990 | ERROR   | Dump saved → debug_logs/fail/tick0173.json
2025-06-06 18:07:18,992 | ERROR   | Solver failed | status=1 | SQP it=0 | KKT=nan | t=0.000s
2025-06-06 18:07:18,993 | ERROR   | Dump saved → debug_logs/fail/tick0174.json
2025-06-06 18:07:18,995 | ERROR   | Solver failed | status=1 | SQP it=0 | KKT=nan | t=0.000s
2025-06-06 18:07:18,996 | ERROR   | Dump saved → debug_logs/fail/tick0175.json
2025-06-06 18:07:18,998 | ERROR   | Solver failed | status=1 | SQP it=0 | KKT=nan | t=0.000s
2025-06-06 18:07:18,999 | ERROR   | Dump saved → debug_logs/fail/tick0176.json
2025-06-06 18:07:19,001 | ERROR   | Solver failed | status=1 | SQP it=0 | KKT=nan | t=0.000s
2025-06-06 18:07:19,002 | ERROR   | Dump saved → debug_logs/fail/tick0177.json
2025-06-06 18:07:19,004 | ERROR   | Solver failed | status=1 | SQP it=0 | KKT=nan | t=0.000s
2025-06-06 18:07:19,005 | ERROR   | Dump saved → debug_logs/fail/tick0178.json
2025-06-06 18:07:19,007 | ERROR   | Solver failed | status=1 | SQP it=0 | KKT=nan | t=0.000s
2025-06-06 18:07:19,008 | ERROR   | Dump saved → debug_logs/fail/tick0179.json
2025-06-06 18:07:19,010 | ERROR   | Solver failed | status=1 | SQP it=0 | KKT=nan | t=0.000s
2025-06-06 18:07:19,011 | ERROR   | Dump saved → debug_logs/fail/tick0180.json
2025-06-06 18:07:19,013 | ERROR   | Solver failed | status=1 | SQP it=0 | KKT=nan | t=0.000s
2025-06-06 18:07:19,014 | ERROR   | Dump saved → debug_logs/fail/tick0181.json
2025-06-06 18:07:19,016 | ERROR   | Solver failed | status=1 | SQP it=0 | KKT=nan | t=0.000s
2025-06-06 18:07:19,017 | ERROR   | Dump saved → debug_logs/fail/tick0182.json
2025-06-06 18:07:19,019 | ERROR   | Solver failed | status=1 | SQP it=0 | KKT=nan | t=0.000s
2025-06-06 18:07:19,020 | ERROR   | Dump saved → debug_logs/fail/tick0183.json
2025-06-06 18:07:19,022 | ERROR   | Solver failed | status=1 | SQP it=0 | KKT=nan | t=0.000s
2025-06-06 18:07:19,023 | ERROR   | Dump saved → debug_logs/fail/tick0184.json
2025-06-06 18:07:19,025 | ERROR   | Solver failed | status=1 | SQP it=0 | KKT=nan | t=0.000s
2025-06-06 18:07:19,025 | ERROR   | Dump saved → debug_logs/fail/tick0185.json
2025-06-06 18:07:19,028 | ERROR   | Solver failed | status=1 | SQP it=0 | KKT=nan | t=0.000s
2025-06-06 18:07:19,028 | ERROR   | Dump saved → debug_logs/fail/tick0186.json
2025-06-06 18:07:19,031 | ERROR   | Solver failed | status=1 | SQP it=0 | KKT=nan | t=0.000s
2025-06-06 18:07:19,031 | ERROR   | Dump saved → debug_logs/fail/tick0187.json
2025-06-06 18:07:19,034 | ERROR   | Solver failed | status=1 | SQP it=0 | KKT=nan | t=0.000s
2025-06-06 18:07:19,034 | ERROR   | Dump saved → debug_logs/fail/tick0188.json
2025-06-06 18:07:19,037 | ERROR   | Solver failed | status=1 | SQP it=0 | KKT=nan | t=0.000s
2025-06-06 18:07:19,037 | ERROR   | Dump saved → debug_logs/fail/tick0189.json
2025-06-06 18:07:19,040 | ERROR   | Solver failed | status=1 | SQP it=0 | KKT=nan | t=0.000s
2025-06-06 18:07:19,040 | ERROR   | Dump saved → debug_logs/fail/tick0190.json
2025-06-06 18:07:19,043 | ERROR   | Solver failed | status=1 | SQP it=0 | KKT=nan | t=0.000s
2025-06-06 18:07:19,043 | ERROR   | Dump saved → debug_logs/fail/tick0191.json
2025-06-06 18:07:19,046 | ERROR   | Solver failed | status=1 | SQP it=0 | KKT=nan | t=0.000s
2025-06-06 18:07:19,046 | ERROR   | Dump saved → debug_logs/fail/tick0192.json
2025-06-06 18:07:19,048 | ERROR   | Solver failed | status=1 | SQP it=0 | KKT=nan | t=0.000s
2025-06-06 18:07:19,049 | ERROR   | Dump saved → debug_logs/fail/tick0193.json
2025-06-06 18:07:19,051 | ERROR   | Solver failed | status=1 | SQP it=0 | KKT=nan | t=0.000s
2025-06-06 18:07:19,052 | ERROR   | Dump saved → debug_logs/fail/tick0194.json
2025-06-06 18:07:19,054 | ERROR   | Solver failed | status=1 | SQP it=0 | KKT=nan | t=0.000s
2025-06-06 18:07:19,055 | ERROR   | Dump saved → debug_logs/fail/tick0195.json
2025-06-06 18:07:19,057 | ERROR   | Solver failed | status=1 | SQP it=0 | KKT=nan | t=0.000s
2025-06-06 18:07:19,058 | ERROR   | Dump saved → debug_logs/fail/tick0196.json
2025-06-06 18:07:19,060 | ERROR   | Solver failed | status=1 | SQP it=0 | KKT=nan | t=0.000s
2025-06-06 18:07:19,061 | ERROR   | Dump saved → debug_logs/fail/tick0197.json
2025-06-06 18:07:19,063 | ERROR   | Solver failed | status=1 | SQP it=0 | KKT=nan | t=0.000s
2025-06-06 18:07:19,063 | ERROR   | Dump saved → debug_logs/fail/tick0198.json
2025-06-06 18:07:19,066 | ERROR   | Solver failed | status=1 | SQP it=0 | KKT=nan | t=0.000s
2025-06-06 18:07:19,066 | ERROR   | Dump saved → debug_logs/fail/tick0199.json
2025-06-06 18:07:19,069 | ERROR   | Solver failed | status=1 | SQP it=0 | KKT=nan | t=0.000s
2025-06-06 18:07:19,069 | ERROR   | Dump saved → debug_logs/fail/tick0200.json
2025-06-06 18:07:19,072 | ERROR   | Solver failed | status=1 | SQP it=0 | KKT=nan | t=0.000s
2025-06-06 18:07:19,072 | ERROR   | Dump saved → debug_logs/fail/tick0201.json
2025-06-06 18:07:19,075 | ERROR   | Solver failed | status=1 | SQP it=0 | KKT=nan | t=0.000s
2025-06-06 18:07:19,075 | ERROR   | Dump saved → debug_logs/fail/tick0202.json
2025-06-06 18:07:19,078 | ERROR   | Solver failed | status=1 | SQP it=0 | KKT=nan | t=0.000s
2025-06-06 18:07:19,078 | ERROR   | Dump saved → debug_logs/fail/tick0203.json
2025-06-06 18:07:19,081 | ERROR   | Solver failed | status=1 | SQP it=0 | KKT=nan | t=0.000s
2025-06-06 18:07:19,081 | ERROR   | Dump saved → debug_logs/fail/tick0204.json
2025-06-06 18:07:19,084 | ERROR   | Solver failed | status=1 | SQP it=0 | KKT=nan | t=0.000s
2025-06-06 18:07:19,084 | ERROR   | Dump saved → debug_logs/fail/tick0205.json
2025-06-06 18:07:19,087 | ERROR   | Solver failed | status=1 | SQP it=0 | KKT=nan | t=0.000s
2025-06-06 18:07:19,087 | ERROR   | Dump saved → debug_logs/fail/tick0206.json
2025-06-06 18:07:19,089 | ERROR   | Solver failed | status=1 | SQP it=0 | KKT=nan | t=0.000s
2025-06-06 18:07:19,090 | ERROR   | Dump saved → debug_logs/fail/tick0207.json
2025-06-06 18:07:19,092 | ERROR   | Solver failed | status=1 | SQP it=0 | KKT=nan | t=0.000s
2025-06-06 18:07:19,093 | ERROR   | Dump saved → debug_logs/fail/tick0208.json
2025-06-06 18:07:19,095 | ERROR   | Solver failed | status=1 | SQP it=0 | KKT=nan | t=0.000s
2025-06-06 18:07:19,096 | ERROR   | Dump saved → debug_logs/fail/tick0209.json
2025-06-06 18:07:19,098 | ERROR   | Solver failed | status=1 | SQP it=0 | KKT=nan | t=0.000s
2025-06-06 18:07:19,099 | ERROR   | Dump saved → debug_logs/fail/tick0210.json
2025-06-06 18:07:19,101 | ERROR   | Solver failed | status=1 | SQP it=0 | KKT=nan | t=0.000s
2025-06-06 18:07:19,102 | ERROR   | Dump saved → debug_logs/fail/tick0211.json
2025-06-06 18:07:19,104 | ERROR   | Solver failed | status=1 | SQP it=0 | KKT=nan | t=0.000s
2025-06-06 18:07:19,104 | ERROR   | Dump saved → debug_logs/fail/tick0212.json
2025-06-06 18:07:19,107 | ERROR   | Solver failed | status=1 | SQP it=0 | KKT=nan | t=0.000s
2025-06-06 18:07:19,107 | ERROR   | Dump saved → debug_logs/fail/tick0213.json
2025-06-06 18:07:19,110 | ERROR   | Solver failed | status=1 | SQP it=0 | KKT=nan | t=0.000s
2025-06-06 18:07:19,111 | ERROR   | Dump saved → debug_logs/fail/tick0214.json
2025-06-06 18:07:19,113 | ERROR   | Solver failed | status=1 | SQP it=0 | KKT=nan | t=0.000s
2025-06-06 18:07:19,114 | ERROR   | Dump saved → debug_logs/fail/tick0215.json
2025-06-06 18:07:19,116 | ERROR   | Solver failed | status=1 | SQP it=0 | KKT=nan | t=0.000s
2025-06-06 18:07:19,117 | ERROR   | Dump saved → debug_logs/fail/tick0216.json
2025-06-06 18:07:19,119 | ERROR   | Solver failed | status=1 | SQP it=0 | KKT=nan | t=0.000s
2025-06-06 18:07:19,120 | ERROR   | Dump saved → debug_logs/fail/tick0217.json
2025-06-06 18:07:19,122 | ERROR   | Solver failed | status=1 | SQP it=0 | KKT=nan | t=0.000s
2025-06-06 18:07:19,123 | ERROR   | Dump saved → debug_logs/fail/tick0218.json
2025-06-06 18:07:19,125 | ERROR   | Solver failed | status=1 | SQP it=0 | KKT=nan | t=0.000s
2025-06-06 18:07:19,126 | ERROR   | Dump saved → debug_logs/fail/tick0219.json
2025-06-06 18:07:19,129 | ERROR   | Solver failed | status=1 | SQP it=0 | KKT=nan | t=0.000s
2025-06-06 18:07:19,129 | ERROR   | Dump saved → debug_logs/fail/tick0220.json
2025-06-06 18:07:19,131 | ERROR   | Solver failed | status=1 | SQP it=0 | KKT=nan | t=0.000s
2025-06-06 18:07:19,132 | ERROR   | Dump saved → debug_logs/fail/tick0221.json
2025-06-06 18:07:19,135 | ERROR   | Solver failed | status=1 | SQP it=0 | KKT=nan | t=0.000s
2025-06-06 18:07:19,135 | ERROR   | Dump saved → debug_logs/fail/tick0222.json
2025-06-06 18:07:19,138 | ERROR   | Solver failed | status=1 | SQP it=0 | KKT=nan | t=0.000s
2025-06-06 18:07:19,138 | ERROR   | Dump saved → debug_logs/fail/tick0223.json
2025-06-06 18:07:19,141 | ERROR   | Solver failed | status=1 | SQP it=0 | KKT=nan | t=0.000s
2025-06-06 18:07:19,141 | ERROR   | Dump saved → debug_logs/fail/tick0224.json
2025-06-06 18:07:19,144 | ERROR   | Solver failed | status=1 | SQP it=0 | KKT=nan | t=0.000s
2025-06-06 18:07:19,144 | ERROR   | Dump saved → debug_logs/fail/tick0225.json
2025-06-06 18:07:19,147 | ERROR   | Solver failed | status=1 | SQP it=0 | KKT=nan | t=0.000s
2025-06-06 18:07:19,148 | ERROR   | Dump saved → debug_logs/fail/tick0226.json
2025-06-06 18:07:19,150 | ERROR   | Solver failed | status=1 | SQP it=0 | KKT=nan | t=0.000s
2025-06-06 18:07:19,151 | ERROR   | Dump saved → debug_logs/fail/tick0227.json
2025-06-06 18:07:19,153 | ERROR   | Solver failed | status=1 | SQP it=0 | KKT=nan | t=0.000s
2025-06-06 18:07:19,153 | ERROR   | Dump saved → debug_logs/fail/tick0228.json
2025-06-06 18:07:19,156 | ERROR   | Solver failed | status=1 | SQP it=0 | KKT=nan | t=0.000s
2025-06-06 18:07:19,156 | ERROR   | Dump saved → debug_logs/fail/tick0229.json
2025-06-06 18:07:19,159 | ERROR   | Solver failed | status=1 | SQP it=0 | KKT=nan | t=0.000s
2025-06-06 18:07:19,159 | ERROR   | Dump saved → debug_logs/fail/tick0230.json
2025-06-06 18:07:19,162 | ERROR   | Solver failed | status=1 | SQP it=0 | KKT=nan | t=0.000s
2025-06-06 18:07:19,162 | ERROR   | Dump saved → debug_logs/fail/tick0231.json
2025-06-06 18:07:19,164 | ERROR   | Solver failed | status=1 | SQP it=0 | KKT=nan | t=0.000s
2025-06-06 18:07:19,165 | ERROR   | Dump saved → debug_logs/fail/tick0232.json
2025-06-06 18:07:19,167 | ERROR   | Solver failed | status=1 | SQP it=0 | KKT=nan | t=0.000s
2025-06-06 18:07:19,168 | ERROR   | Dump saved → debug_logs/fail/tick0233.json
2025-06-06 18:07:19,170 | ERROR   | Solver failed | status=1 | SQP it=0 | KKT=nan | t=0.000s
2025-06-06 18:07:19,171 | ERROR   | Dump saved → debug_logs/fail/tick0234.json
2025-06-06 18:07:19,173 | ERROR   | Solver failed | status=1 | SQP it=0 | KKT=nan | t=0.000s
2025-06-06 18:07:19,174 | ERROR   | Dump saved → debug_logs/fail/tick0235.json
2025-06-06 18:07:19,176 | ERROR   | Solver failed | status=1 | SQP it=0 | KKT=nan | t=0.000s
2025-06-06 18:07:19,177 | ERROR   | Dump saved → debug_logs/fail/tick0236.json
2025-06-06 18:07:19,179 | ERROR   | Solver failed | status=1 | SQP it=0 | KKT=nan | t=0.000s
2025-06-06 18:07:19,180 | ERROR   | Dump saved → debug_logs/fail/tick0237.json
2025-06-06 18:07:19,182 | ERROR   | Solver failed | status=1 | SQP it=0 | KKT=nan | t=0.000s
2025-06-06 18:07:19,183 | ERROR   | Dump saved → debug_logs/fail/tick0238.json
2025-06-06 18:07:19,185 | ERROR   | Solver failed | status=1 | SQP it=0 | KKT=nan | t=0.000s
2025-06-06 18:07:19,185 | ERROR   | Dump saved → debug_logs/fail/tick0239.json
2025-06-06 18:07:19,188 | ERROR   | Solver failed | status=1 | SQP it=0 | KKT=nan | t=0.000s
2025-06-06 18:07:19,188 | ERROR   | Dump saved → debug_logs/fail/tick0240.json
2025-06-06 18:07:19,191 | ERROR   | Solver failed | status=1 | SQP it=0 | KKT=nan | t=0.000s
2025-06-06 18:07:19,191 | ERROR   | Dump saved → debug_logs/fail/tick0241.json
2025-06-06 18:07:19,193 | ERROR   | Solver failed | status=1 | SQP it=0 | KKT=nan | t=0.000s
2025-06-06 18:07:19,194 | ERROR   | Dump saved → debug_logs/fail/tick0242.json
2025-06-06 18:07:19,196 | ERROR   | Solver failed | status=1 | SQP it=0 | KKT=nan | t=0.000s
2025-06-06 18:07:19,197 | ERROR   | Dump saved → debug_logs/fail/tick0243.json
2025-06-06 18:07:19,199 | ERROR   | Solver failed | status=1 | SQP it=0 | KKT=nan | t=0.000s
2025-06-06 18:07:19,200 | ERROR   | Dump saved → debug_logs/fail/tick0244.json
2025-06-06 18:07:19,202 | ERROR   | Solver failed | status=1 | SQP it=0 | KKT=nan | t=0.000s
2025-06-06 18:07:19,203 | ERROR   | Dump saved → debug_logs/fail/tick0245.json
2025-06-06 18:07:19,205 | ERROR   | Solver failed | status=1 | SQP it=0 | KKT=nan | t=0.000s
2025-06-06 18:07:19,206 | ERROR   | Dump saved → debug_logs/fail/tick0246.json
2025-06-06 18:07:19,208 | ERROR   | Solver failed | status=1 | SQP it=0 | KKT=nan | t=0.000s
2025-06-06 18:07:19,209 | ERROR   | Dump saved → debug_logs/fail/tick0247.json
2025-06-06 18:07:19,211 | ERROR   | Solver failed | status=1 | SQP it=0 | KKT=nan | t=0.000s
2025-06-06 18:07:19,211 | ERROR   | Dump saved → debug_logs/fail/tick0248.json
2025-06-06 18:07:19,214 | ERROR   | Solver failed | status=1 | SQP it=0 | KKT=nan | t=0.000s
2025-06-06 18:07:19,214 | ERROR   | Dump saved → debug_logs/fail/tick0249.json
2025-06-06 18:07:19,217 | ERROR   | Solver failed | status=1 | SQP it=0 | KKT=nan | t=0.000s
2025-06-06 18:07:19,217 | ERROR   | Dump saved → debug_logs/fail/tick0250.json
2025-06-06 18:07:19,220 | ERROR   | Solver failed | status=1 | SQP it=0 | KKT=nan | t=0.000s
2025-06-06 18:07:19,220 | ERROR   | Dump saved → debug_logs/fail/tick0251.json
2025-06-06 18:07:19,222 | ERROR   | Solver failed | status=1 | SQP it=0 | KKT=nan | t=0.000s
2025-06-06 18:07:19,223 | ERROR   | Dump saved → debug_logs/fail/tick0252.json
2025-06-06 18:07:19,225 | ERROR   | Solver failed | status=1 | SQP it=0 | KKT=nan | t=0.000s
2025-06-06 18:07:19,226 | ERROR   | Dump saved → debug_logs/fail/tick0253.json
2025-06-06 18:07:19,229 | ERROR   | Solver failed | status=1 | SQP it=0 | KKT=nan | t=0.000s
2025-06-06 18:07:19,230 | ERROR   | Dump saved → debug_logs/fail/tick0254.json
2025-06-06 18:07:19,232 | ERROR   | Solver failed | status=1 | SQP it=0 | KKT=nan | t=0.000s
2025-06-06 18:07:19,233 | ERROR   | Dump saved → debug_logs/fail/tick0255.json
2025-06-06 18:07:19,235 | ERROR   | Solver failed | status=1 | SQP it=0 | KKT=nan | t=0.000s
2025-06-06 18:07:19,236 | ERROR   | Dump saved → debug_logs/fail/tick0256.json
2025-06-06 18:07:19,239 | ERROR   | Solver failed | status=1 | SQP it=0 | KKT=nan | t=0.000s
2025-06-06 18:07:19,240 | ERROR   | Dump saved → debug_logs/fail/tick0257.json
2025-06-06 18:07:19,242 | ERROR   | Solver failed | status=1 | SQP it=0 | KKT=nan | t=0.000s
2025-06-06 18:07:19,243 | ERROR   | Dump saved → debug_logs/fail/tick0258.json
2025-06-06 18:07:19,245 | ERROR   | Solver failed | status=1 | SQP it=0 | KKT=nan | t=0.000s
2025-06-06 18:07:19,246 | ERROR   | Dump saved → debug_logs/fail/tick0259.json
2025-06-06 18:07:19,248 | ERROR   | Solver failed | status=1 | SQP it=0 | KKT=nan | t=0.000s
2025-06-06 18:07:19,249 | ERROR   | Dump saved → debug_logs/fail/tick0260.json
2025-06-06 18:07:19,251 | ERROR   | Solver failed | status=1 | SQP it=0 | KKT=nan | t=0.000s
2025-06-06 18:07:19,252 | ERROR   | Dump saved → debug_logs/fail/tick0261.json
2025-06-06 18:07:19,254 | ERROR   | Solver failed | status=1 | SQP it=0 | KKT=nan | t=0.000s
2025-06-06 18:07:19,255 | ERROR   | Dump saved → debug_logs/fail/tick0262.json
2025-06-06 18:07:19,257 | ERROR   | Solver failed | status=1 | SQP it=0 | KKT=nan | t=0.000s
2025-06-06 18:07:19,257 | ERROR   | Dump saved → debug_logs/fail/tick0263.json
2025-06-06 18:07:20,696 | INFO    | ===== INITIAL STATE DUMP =====
2025-06-06 18:07:20,696 | DEBUG   | {
  "xcurrent": [
    1.085803508758545,
    1.4258657693862915,
    0.07620708644390106,
    0.0,
    0.0,
    0.0
  ],
  "params": {
    "QC": 10,
    "QL": 80,
    "MU": 10,
    "DVTHETA_MAX": 1.5,
    "N": 20,
    "T_HORIZON": 1.05,
    "RAMP_TIME": 1.8,
    "BARRIER_WEIGHT": 10,
    "TUNNEL_WIDTH": 0.45,
    "TUNNEL_WIDTH_GATE": 0.25,
    "Q_OMEGA": 2,
    "R_VTHETA": 1.0,
    "IN_GATE_RAMP_TIME": 0.4,
    "OUT_GATE_RAMP_TIME": 0.4
  },
  "box_lims": {
    "vtheta_max": 1.5,
    "dvtheta_max": 1.5
  }
}
2025-06-06 18:07:21,072 | ERROR   | Solver failed | status=1 | SQP it=15 | KKT=7.94e-10 | t=0.014s
2025-06-06 18:07:21,073 | ERROR   | Dump saved → debug_logs/fail/tick0072.json
2025-06-06 18:07:21,076 | ERROR   | Solver failed | status=1 | SQP it=0 | KKT=nan | t=0.000s
2025-06-06 18:07:21,077 | ERROR   | Dump saved → debug_logs/fail/tick0073.json
2025-06-06 18:07:21,079 | ERROR   | Solver failed | status=1 | SQP it=0 | KKT=nan | t=0.000s
2025-06-06 18:07:21,080 | ERROR   | Dump saved → debug_logs/fail/tick0074.json
2025-06-06 18:07:21,082 | ERROR   | Solver failed | status=1 | SQP it=0 | KKT=nan | t=0.000s
2025-06-06 18:07:21,083 | ERROR   | Dump saved → debug_logs/fail/tick0075.json
2025-06-06 18:07:21,086 | ERROR   | Solver failed | status=1 | SQP it=0 | KKT=nan | t=0.000s
2025-06-06 18:07:21,086 | ERROR   | Dump saved → debug_logs/fail/tick0076.json
2025-06-06 18:07:21,088 | ERROR   | Solver failed | status=1 | SQP it=0 | KKT=nan | t=0.000s
2025-06-06 18:07:21,089 | ERROR   | Dump saved → debug_logs/fail/tick0077.json
2025-06-06 18:07:21,092 | ERROR   | Solver failed | status=1 | SQP it=0 | KKT=nan | t=0.000s
2025-06-06 18:07:21,092 | ERROR   | Dump saved → debug_logs/fail/tick0078.json
2025-06-06 18:07:21,095 | ERROR   | Solver failed | status=1 | SQP it=0 | KKT=nan | t=0.000s
2025-06-06 18:07:21,095 | ERROR   | Dump saved → debug_logs/fail/tick0079.json
2025-06-06 18:07:21,098 | ERROR   | Solver failed | status=1 | SQP it=0 | KKT=nan | t=0.000s
2025-06-06 18:07:21,098 | ERROR   | Dump saved → debug_logs/fail/tick0080.json
2025-06-06 18:07:21,101 | ERROR   | Solver failed | status=1 | SQP it=0 | KKT=nan | t=0.000s
2025-06-06 18:07:21,102 | ERROR   | Dump saved → debug_logs/fail/tick0081.json
2025-06-06 18:07:21,104 | ERROR   | Solver failed | status=1 | SQP it=0 | KKT=nan | t=0.000s
2025-06-06 18:07:21,105 | ERROR   | Dump saved → debug_logs/fail/tick0082.json
2025-06-06 18:07:21,107 | ERROR   | Solver failed | status=1 | SQP it=0 | KKT=nan | t=0.000s
2025-06-06 18:07:21,108 | ERROR   | Dump saved → debug_logs/fail/tick0083.json
2025-06-06 18:07:21,110 | ERROR   | Solver failed | status=1 | SQP it=0 | KKT=nan | t=0.000s
2025-06-06 18:07:21,111 | ERROR   | Dump saved → debug_logs/fail/tick0084.json
2025-06-06 18:07:21,114 | ERROR   | Solver failed | status=1 | SQP it=0 | KKT=nan | t=0.000s
2025-06-06 18:07:21,114 | ERROR   | Dump saved → debug_logs/fail/tick0085.json
2025-06-06 18:07:21,117 | ERROR   | Solver failed | status=1 | SQP it=0 | KKT=nan | t=0.000s
2025-06-06 18:07:21,117 | ERROR   | Dump saved → debug_logs/fail/tick0086.json
2025-06-06 18:07:21,120 | ERROR   | Solver failed | status=1 | SQP it=0 | KKT=nan | t=0.000s
2025-06-06 18:07:21,120 | ERROR   | Dump saved → debug_logs/fail/tick0087.json
2025-06-06 18:07:21,123 | ERROR   | Solver failed | status=1 | SQP it=0 | KKT=nan | t=0.000s
2025-06-06 18:07:21,123 | ERROR   | Dump saved → debug_logs/fail/tick0088.json
2025-06-06 18:07:21,126 | ERROR   | Solver failed | status=1 | SQP it=0 | KKT=nan | t=0.000s
2025-06-06 18:07:21,127 | ERROR   | Dump saved → debug_logs/fail/tick0089.json
2025-06-06 18:07:21,129 | ERROR   | Solver failed | status=1 | SQP it=0 | KKT=nan | t=0.000s
2025-06-06 18:07:21,130 | ERROR   | Dump saved → debug_logs/fail/tick0090.json
2025-06-06 18:07:21,132 | ERROR   | Solver failed | status=1 | SQP it=0 | KKT=nan | t=0.000s
2025-06-06 18:07:21,133 | ERROR   | Dump saved → debug_logs/fail/tick0091.json
2025-06-06 18:07:21,135 | ERROR   | Solver failed | status=1 | SQP it=0 | KKT=nan | t=0.000s
2025-06-06 18:07:21,136 | ERROR   | Dump saved → debug_logs/fail/tick0092.json
2025-06-06 18:07:21,138 | ERROR   | Solver failed | status=1 | SQP it=0 | KKT=nan | t=0.000s
2025-06-06 18:07:21,139 | ERROR   | Dump saved → debug_logs/fail/tick0093.json
2025-06-06 18:07:21,141 | ERROR   | Solver failed | status=1 | SQP it=0 | KKT=nan | t=0.000s
2025-06-06 18:07:21,142 | ERROR   | Dump saved → debug_logs/fail/tick0094.json
2025-06-06 18:07:21,144 | ERROR   | Solver failed | status=1 | SQP it=0 | KKT=nan | t=0.000s
2025-06-06 18:07:21,145 | ERROR   | Dump saved → debug_logs/fail/tick0095.json
2025-06-06 18:07:21,147 | ERROR   | Solver failed | status=1 | SQP it=0 | KKT=nan | t=0.000s
2025-06-06 18:07:21,148 | ERROR   | Dump saved → debug_logs/fail/tick0096.json
2025-06-06 18:07:21,150 | ERROR   | Solver failed | status=1 | SQP it=0 | KKT=nan | t=0.000s
2025-06-06 18:07:21,150 | ERROR   | Dump saved → debug_logs/fail/tick0097.json
2025-06-06 18:07:21,153 | ERROR   | Solver failed | status=1 | SQP it=0 | KKT=nan | t=0.000s
2025-06-06 18:07:21,153 | ERROR   | Dump saved → debug_logs/fail/tick0098.json
2025-06-06 18:07:21,156 | ERROR   | Solver failed | status=1 | SQP it=0 | KKT=nan | t=0.000s
2025-06-06 18:07:21,156 | ERROR   | Dump saved → debug_logs/fail/tick0099.json
2025-06-06 18:07:21,159 | ERROR   | Solver failed | status=1 | SQP it=0 | KKT=nan | t=0.000s
2025-06-06 18:07:21,159 | ERROR   | Dump saved → debug_logs/fail/tick0100.json
2025-06-06 18:07:21,162 | ERROR   | Solver failed | status=1 | SQP it=0 | KKT=nan | t=0.000s
2025-06-06 18:07:21,162 | ERROR   | Dump saved → debug_logs/fail/tick0101.json
2025-06-06 18:07:21,165 | ERROR   | Solver failed | status=1 | SQP it=0 | KKT=nan | t=0.000s
2025-06-06 18:07:21,166 | ERROR   | Dump saved → debug_logs/fail/tick0102.json
2025-06-06 18:07:21,168 | ERROR   | Solver failed | status=1 | SQP it=0 | KKT=nan | t=0.000s
2025-06-06 18:07:21,168 | ERROR   | Dump saved → debug_logs/fail/tick0103.json
2025-06-06 18:07:21,171 | ERROR   | Solver failed | status=1 | SQP it=0 | KKT=nan | t=0.000s
2025-06-06 18:07:21,171 | ERROR   | Dump saved → debug_logs/fail/tick0104.json
2025-06-06 18:07:22,607 | INFO    | ===== INITIAL STATE DUMP =====
2025-06-06 18:07:22,607 | DEBUG   | {
  "xcurrent": [
    1.0297788381576538,
    1.5771535634994507,
    0.0857381671667099,
    0.0,
    0.0,
    0.0
  ],
  "params": {
    "QC": 10,
    "QL": 80,
    "MU": 10,
    "DVTHETA_MAX": 1.5,
    "N": 20,
    "T_HORIZON": 1.05,
    "RAMP_TIME": 1.8,
    "BARRIER_WEIGHT": 10,
    "TUNNEL_WIDTH": 0.45,
    "TUNNEL_WIDTH_GATE": 0.25,
    "Q_OMEGA": 2,
    "R_VTHETA": 1.0,
    "IN_GATE_RAMP_TIME": 0.4,
    "OUT_GATE_RAMP_TIME": 0.4
  },
  "box_lims": {
    "vtheta_max": 1.5,
    "dvtheta_max": 1.5
  }
}
2025-06-06 18:07:22,642 | ERROR   | Solver failed | status=2 | SQP it=50 | KKT=3.80e-08 | t=0.011s
2025-06-06 18:07:22,643 | ERROR   | Dump saved → debug_logs/fail/tick0004.json
2025-06-06 18:07:25,881 | INFO    | ===== INITIAL STATE DUMP =====
2025-06-06 18:07:25,882 | DEBUG   | {
  "xcurrent": [
    0.9548343420028687,
    1.5740811824798584,
    0.0796494111418724,
    0.0,
    0.0,
    0.0
  ],
  "params": {
    "QC": 10,
    "QL": 80,
    "MU": 10,
    "DVTHETA_MAX": 1.5,
    "N": 20,
    "T_HORIZON": 1.05,
    "RAMP_TIME": 1.8,
    "BARRIER_WEIGHT": 10,
    "TUNNEL_WIDTH": 0.45,
    "TUNNEL_WIDTH_GATE": 0.25,
    "Q_OMEGA": 2,
    "R_VTHETA": 1.0,
    "IN_GATE_RAMP_TIME": 0.4,
    "OUT_GATE_RAMP_TIME": 0.4
  },
  "box_lims": {
    "vtheta_max": 1.5,
    "dvtheta_max": 1.5
  }
}
2025-06-06 18:07:28,676 | INFO    | ===== INITIAL STATE DUMP =====
2025-06-06 18:07:28,676 | DEBUG   | {
  "xcurrent": [
    1.0964105129241943,
    1.5464541912078857,
    0.07254026085138321,
    0.0,
    0.0,
    0.0
  ],
  "params": {
    "QC": 10,
    "QL": 80,
    "MU": 10,
    "DVTHETA_MAX": 1.5,
    "N": 20,
    "T_HORIZON": 1.05,
    "RAMP_TIME": 1.8,
    "BARRIER_WEIGHT": 10,
    "TUNNEL_WIDTH": 0.45,
    "TUNNEL_WIDTH_GATE": 0.25,
    "Q_OMEGA": 2,
    "R_VTHETA": 1.0,
    "IN_GATE_RAMP_TIME": 0.4,
    "OUT_GATE_RAMP_TIME": 0.4
  },
  "box_lims": {
    "vtheta_max": 1.5,
    "dvtheta_max": 1.5
  }
}
2025-06-06 18:07:30,574 | INFO    | ===== INITIAL STATE DUMP =====
2025-06-06 18:07:30,574 | DEBUG   | {
  "xcurrent": [
    1.030364990234375,
    1.416281819343567,
    0.08317332714796066,
    0.0,
    0.0,
    0.0
  ],
  "params": {
    "QC": 10,
    "QL": 80,
    "MU": 10,
    "DVTHETA_MAX": 1.5,
    "N": 20,
    "T_HORIZON": 1.05,
    "RAMP_TIME": 1.8,
    "BARRIER_WEIGHT": 10,
    "TUNNEL_WIDTH": 0.45,
    "TUNNEL_WIDTH_GATE": 0.25,
    "Q_OMEGA": 2,
    "R_VTHETA": 1.0,
    "IN_GATE_RAMP_TIME": 0.4,
    "OUT_GATE_RAMP_TIME": 0.4
  },
  "box_lims": {
    "vtheta_max": 1.5,
    "dvtheta_max": 1.5
  }
}
2025-06-06 18:07:30,974 | ERROR   | Solver failed | status=2 | SQP it=50 | KKT=4.02e-08 | t=0.027s
2025-06-06 18:07:30,974 | ERROR   | Dump saved → debug_logs/fail/tick0075.json
2025-06-06 18:07:31,162 | ERROR   | Solver failed | status=2 | SQP it=50 | KKT=5.67e-08 | t=0.019s
2025-06-06 18:07:31,163 | ERROR   | Dump saved → debug_logs/fail/tick0090.json
2025-06-06 18:07:31,414 | ERROR   | Solver failed | status=2 | SQP it=50 | KKT=5.96e-09 | t=0.050s
2025-06-06 18:07:31,416 | ERROR   | Dump saved → debug_logs/fail/tick0116.json
2025-06-06 18:07:31,461 | ERROR   | Solver failed | status=2 | SQP it=50 | KKT=9.56e-08 | t=0.043s
2025-06-06 18:07:31,463 | ERROR   | Dump saved → debug_logs/fail/tick0117.json
2025-06-06 18:07:31,512 | ERROR   | Solver failed | status=2 | SQP it=50 | KKT=8.29e-14 | t=0.047s
2025-06-06 18:07:31,513 | ERROR   | Dump saved → debug_logs/fail/tick0118.json
2025-06-06 18:07:31,532 | ERROR   | Solver failed | status=1 | SQP it=15 | KKT=6.41e-14 | t=0.016s
2025-06-06 18:07:31,533 | ERROR   | Dump saved → debug_logs/fail/tick0119.json
2025-06-06 18:07:31,536 | ERROR   | Solver failed | status=4 | SQP it=1 | KKT=9.10e+02 | t=0.000s
2025-06-06 18:07:31,536 | ERROR   | Dump saved → debug_logs/fail/tick0120.json
2025-06-06 18:07:31,539 | ERROR   | Solver failed | status=4 | SQP it=1 | KKT=9.10e+02 | t=0.000s
2025-06-06 18:07:31,539 | ERROR   | Dump saved → debug_logs/fail/tick0121.json
2025-06-06 18:07:32,972 | INFO    | ===== INITIAL STATE DUMP =====
2025-06-06 18:07:32,972 | DEBUG   | {
  "xcurrent": [
    1.0449281930923462,
    1.4480385780334473,
    0.07849816977977753,
    0.0,
    0.0,
    0.0
  ],
  "params": {
    "QC": 10,
    "QL": 80,
    "MU": 10,
    "DVTHETA_MAX": 1.5,
    "N": 20,
    "T_HORIZON": 1.05,
    "RAMP_TIME": 1.8,
    "BARRIER_WEIGHT": 10,
    "TUNNEL_WIDTH": 0.45,
    "TUNNEL_WIDTH_GATE": 0.25,
    "Q_OMEGA": 2,
    "R_VTHETA": 1.0,
    "IN_GATE_RAMP_TIME": 0.4,
    "OUT_GATE_RAMP_TIME": 0.4
  },
  "box_lims": {
    "vtheta_max": 1.5,
    "dvtheta_max": 1.5
  }
}
2025-06-06 18:07:33,524 | ERROR   | Solver failed | status=1 | SQP it=24 | KKT=4.68e-08 | t=0.027s
2025-06-06 18:07:33,525 | ERROR   | Dump saved → debug_logs/fail/tick0099.json
