2025-06-28 16:42:34,184 | INFO    | ===== INITIAL STATE DUMP =====
2025-06-28 16:42:34,184 | DEBUG   | {
  "xcurrent": [
    1.089695930480957,
    1.4088244438171387,
    0.08456537127494812,
    0.0,
    0.0,
    0.0
  ],
  "params": {
    "QC": 10,
    "QC_GATE": 50,
    "QL": 40,
    "MU": 10,
    "DVTHETA_MAX": 1.0,
    "N": 25,
    "T_HORIZON": 1.3,
    "RAMP_TIME": 0.6,
    "BARRIER_WEIGHT": 10,
    "OBSTACLE_WEIGHT": 80,
    "OBSTACLE_RADIUS": 0.15,
    "TUNNEL_WIDTH": 0.5,
    "TUNNEL_WIDTH_GATE": 0.3,
    "NARROW_DIST": 0.4,
    "GATE_FLAT_DIST": 0.2,
    "GATE_SWITCH_ALIGN": 0.4,
    "GATE_SWITCH_DIST": 1.2,
    "Q_OMEGA": 2,
    "R_VTHETA": 1.0,
    "REG_THRUST": 0.018,
    "REG_INPUTS": 0.01
  },
  "box_lims": {
    "vtheta_max": 1.0,
    "dvtheta_max": 1.0
  }
}
2025-06-28 16:42:44,134 | ERROR   | Solver failed | status=1 | SQP it=44 | KKT=5.70e-09 | t=0.064s
2025-06-28 16:42:44,135 | ERROR   | Dump saved → debug_logs/fail/tick0068.json
2025-06-28 16:42:44,168 | ERROR   | Solver failed | status=1 | SQP it=0 | KKT=nan | t=0.000s
2025-06-28 16:42:44,168 | ERROR   | Dump saved → debug_logs/fail/tick0069.json
2025-06-28 16:42:44,200 | ERROR   | Solver failed | status=1 | SQP it=0 | KKT=nan | t=0.000s
2025-06-28 16:42:44,201 | ERROR   | Dump saved → debug_logs/fail/tick0070.json
2025-06-28 16:42:44,231 | ERROR   | Solver failed | status=1 | SQP it=0 | KKT=nan | t=0.000s
2025-06-28 16:42:44,232 | ERROR   | Dump saved → debug_logs/fail/tick0071.json
2025-06-28 16:42:45,183 | ERROR   | Solver failed | status=1 | SQP it=0 | KKT=nan | t=0.001s
2025-06-28 16:42:45,186 | ERROR   | Dump saved → debug_logs/fail/tick0072.json
2025-06-28 16:42:45,232 | ERROR   | Solver failed | status=1 | SQP it=0 | KKT=nan | t=0.000s
2025-06-28 16:42:45,234 | ERROR   | Dump saved → debug_logs/fail/tick0073.json
2025-06-28 16:42:45,270 | ERROR   | Solver failed | status=1 | SQP it=0 | KKT=nan | t=0.000s
2025-06-28 16:42:45,271 | ERROR   | Dump saved → debug_logs/fail/tick0074.json
2025-06-28 16:42:45,303 | ERROR   | Solver failed | status=1 | SQP it=0 | KKT=nan | t=0.000s
2025-06-28 16:42:45,304 | ERROR   | Dump saved → debug_logs/fail/tick0075.json
2025-06-28 16:42:45,336 | ERROR   | Solver failed | status=1 | SQP it=0 | KKT=nan | t=0.000s
2025-06-28 16:42:45,337 | ERROR   | Dump saved → debug_logs/fail/tick0076.json
2025-06-28 16:42:45,370 | ERROR   | Solver failed | status=1 | SQP it=0 | KKT=nan | t=0.000s
2025-06-28 16:42:45,371 | ERROR   | Dump saved → debug_logs/fail/tick0077.json
2025-06-28 16:42:45,404 | ERROR   | Solver failed | status=1 | SQP it=0 | KKT=nan | t=0.000s
2025-06-28 16:42:45,405 | ERROR   | Dump saved → debug_logs/fail/tick0078.json
2025-06-28 16:42:45,438 | ERROR   | Solver failed | status=1 | SQP it=0 | KKT=nan | t=0.000s
2025-06-28 16:42:45,439 | ERROR   | Dump saved → debug_logs/fail/tick0079.json
2025-06-28 16:42:45,471 | ERROR   | Solver failed | status=1 | SQP it=0 | KKT=nan | t=0.000s
2025-06-28 16:42:45,472 | ERROR   | Dump saved → debug_logs/fail/tick0080.json
2025-06-28 16:42:45,504 | ERROR   | Solver failed | status=1 | SQP it=0 | KKT=nan | t=0.000s
2025-06-28 16:42:45,505 | ERROR   | Dump saved → debug_logs/fail/tick0081.json
2025-06-28 16:42:45,538 | ERROR   | Solver failed | status=1 | SQP it=0 | KKT=nan | t=0.000s
2025-06-28 16:42:45,538 | ERROR   | Dump saved → debug_logs/fail/tick0082.json
2025-06-28 16:42:45,571 | ERROR   | Solver failed | status=1 | SQP it=0 | KKT=nan | t=0.000s
2025-06-28 16:42:45,572 | ERROR   | Dump saved → debug_logs/fail/tick0083.json
2025-06-28 16:42:45,604 | ERROR   | Solver failed | status=1 | SQP it=0 | KKT=nan | t=0.000s
2025-06-28 16:42:45,605 | ERROR   | Dump saved → debug_logs/fail/tick0084.json
2025-06-28 16:42:45,638 | ERROR   | Solver failed | status=1 | SQP it=0 | KKT=nan | t=0.000s
2025-06-28 16:42:45,639 | ERROR   | Dump saved → debug_logs/fail/tick0085.json
2025-06-28 16:42:45,671 | ERROR   | Solver failed | status=1 | SQP it=0 | KKT=nan | t=0.000s
2025-06-28 16:42:45,672 | ERROR   | Dump saved → debug_logs/fail/tick0086.json
2025-06-28 16:42:45,705 | ERROR   | Solver failed | status=1 | SQP it=0 | KKT=nan | t=0.000s
2025-06-28 16:42:45,706 | ERROR   | Dump saved → debug_logs/fail/tick0087.json
