2025-06-29 11:23:55,329 | INFO    | ===== INITIAL STATE DUMP =====
2025-06-29 11:23:55,329 | DEBUG   | {
  "xcurrent": [
    1.089695930480957,
    1.4088244438171387,
    0.08456537127494812,
    0.0,
    0.0,
    0.0
  ],
  "params": {
    "QC": 10,
    "QC_GATE": 50,
    "QL": 40,
    "MU": 10,
    "DVTHETA_MAX": 1.6,
    "N": 20,
    "T_HORIZON": 0.7,
    "RAMP_TIME": 0.1,
    "BARRIER_WEIGHT": 50,
    "TUNNEL_WIDTH": 0.4,
    "TUNNEL_WIDTH_GATE": 0.15,
    "NARROW_DIST": 0.6,
    "GATE_FLAT_DIST": 0.45,
    "Q_OMEGA": 2,
    "R_VTHETA": 1.0,
    "REG_THRUST": 0.02,
    "REG_INPUTS": 0.1
  },
  "box_lims": {
    "vtheta_max": 1.6,
    "dvtheta_max": 1.6
  }
}
2025-06-29 11:24:06,642 | INFO    | ===== INITIAL STATE DUMP =====
2025-06-29 11:24:06,642 | DEBUG   | {
  "xcurrent": [
    1.0722136497497559,
    1.401116967201233,
    0.08752177655696869,
    0.0,
    0.0,
    0.0
  ],
  "params": {
    "QC": 10,
    "QC_GATE": 50,
    "QL": 40,
    "MU": 10,
    "DVTHETA_MAX": 1.6,
    "N": 20,
    "T_HORIZON": 0.7,
    "RAMP_TIME": 0.1,
    "BARRIER_WEIGHT": 50,
    "TUNNEL_WIDTH": 0.4,
    "TUNNEL_WIDTH_GATE": 0.15,
    "NARROW_DIST": 0.6,
    "GATE_FLAT_DIST": 0.45,
    "Q_OMEGA": 2,
    "R_VTHETA": 1.0,
    "REG_THRUST": 0.02,
    "REG_INPUTS": 0.1
  },
  "box_lims": {
    "vtheta_max": 1.6,
    "dvtheta_max": 1.6
  }
}
2025-06-29 11:24:22,701 | ERROR   | Solver failed | status=2 | SQP it=1000 | KKT=1.15e-08 | t=0.620s
2025-06-29 11:24:22,703 | ERROR   | Dump saved → debug_logs/fail/tick0452.json
2025-06-29 11:24:23,411 | ERROR   | Solver failed | status=2 | SQP it=1000 | KKT=2.93e-08 | t=0.680s
2025-06-29 11:24:23,411 | ERROR   | Dump saved → debug_logs/fail/tick0453.json
2025-06-29 11:24:24,154 | ERROR   | Solver failed | status=2 | SQP it=1000 | KKT=4.42e-08 | t=0.713s
2025-06-29 11:24:24,155 | ERROR   | Dump saved → debug_logs/fail/tick0454.json
2025-06-29 11:24:24,910 | ERROR   | Solver failed | status=2 | SQP it=1000 | KKT=1.32e-10 | t=0.728s
2025-06-29 11:24:24,911 | ERROR   | Dump saved → debug_logs/fail/tick0455.json
2025-06-29 11:24:25,750 | ERROR   | Solver failed | status=2 | SQP it=1000 | KKT=1.86e-08 | t=0.811s
2025-06-29 11:24:25,751 | ERROR   | Dump saved → debug_logs/fail/tick0456.json
