2025-06-28 20:33:22,914 | INFO    | ===== INITIAL STATE DUMP =====
2025-06-28 20:33:22,915 | DEBUG   | {
  "xcurrent": [
    1.089695930480957,
    1.4088244438171387,
    0.08456537127494812,
    0.0,
    0.0,
    0.0
  ],
  "params": {
    "QC": 10,
    "QC_GATE": 50,
    "QL": 40,
    "MU": 10,
    "DVTHETA_MAX": 1.6,
    "N": 20,
    "T_HORIZON": 0.7,
    "RAMP_TIME": 0.7,
    "BARRIER_WEIGHT": 10,
    "OBSTACLE_WEIGHT": [
      100,
      100,
      100,
      100
    ],
    "OBSTACLE_RADIUS": 0.5,
    "OBSTACLE_ALPHA": 100.0,
    "TUNNEL_WIDTH": 0.4,
    "TUNNEL_WIDTH_GATE": 0.15,
    "NARROW_DIST": 0.6,
    "GATE_FLAT_DIST": 0.45,
    "Q_OMEGA": 2,
    "R_VTHETA": 1.0,
    "REG_THRUST": 0.02,
    "REG_INPUTS": 0.8
  },
  "box_lims": {
    "vtheta_max": 1.6,
    "dvtheta_max": 1.6
  }
}
2025-06-28 20:33:28,907 | ERROR   | Solver failed | status=4 | SQP it=15 | KKT=4.76e-11 | t=0.011s
2025-06-28 20:33:28,908 | ERROR   | Dump saved → debug_logs/fail/tick0073.json
2025-06-28 20:33:28,934 | ERROR   | Solver failed | status=4 | SQP it=1 | KKT=7.46e+01 | t=0.001s
2025-06-28 20:33:28,935 | ERROR   | Dump saved → debug_logs/fail/tick0074.json
2025-06-28 20:33:28,961 | ERROR   | Solver failed | status=4 | SQP it=1 | KKT=7.46e+01 | t=0.001s
2025-06-28 20:33:28,962 | ERROR   | Dump saved → debug_logs/fail/tick0075.json
2025-06-28 20:33:28,991 | ERROR   | Solver failed | status=4 | SQP it=1 | KKT=7.46e+01 | t=0.001s
2025-06-28 20:33:28,992 | ERROR   | Dump saved → debug_logs/fail/tick0076.json
2025-06-28 20:33:29,019 | ERROR   | Solver failed | status=4 | SQP it=1 | KKT=7.46e+01 | t=0.001s
2025-06-28 20:33:29,020 | ERROR   | Dump saved → debug_logs/fail/tick0077.json
2025-06-28 20:33:29,049 | ERROR   | Solver failed | status=4 | SQP it=1 | KKT=6.92e+01 | t=0.001s
2025-06-28 20:33:29,050 | ERROR   | Dump saved → debug_logs/fail/tick0078.json
2025-06-28 20:33:29,079 | ERROR   | Solver failed | status=4 | SQP it=1 | KKT=6.92e+01 | t=0.001s
2025-06-28 20:33:29,080 | ERROR   | Dump saved → debug_logs/fail/tick0079.json
2025-06-28 20:33:29,107 | ERROR   | Solver failed | status=4 | SQP it=1 | KKT=6.92e+01 | t=0.001s
2025-06-28 20:33:29,108 | ERROR   | Dump saved → debug_logs/fail/tick0080.json
2025-06-28 20:33:29,132 | ERROR   | Solver failed | status=4 | SQP it=1 | KKT=6.92e+01 | t=0.001s
2025-06-28 20:33:29,133 | ERROR   | Dump saved → debug_logs/fail/tick0081.json
2025-06-28 20:33:29,174 | ERROR   | Solver failed | status=4 | SQP it=20 | KKT=4.61e-08 | t=0.017s
2025-06-28 20:33:29,175 | ERROR   | Dump saved → debug_logs/fail/tick0082.json
2025-06-28 20:33:29,199 | ERROR   | Solver failed | status=4 | SQP it=1 | KKT=5.12e+02 | t=0.001s
2025-06-28 20:33:29,200 | ERROR   | Dump saved → debug_logs/fail/tick0083.json
2025-06-28 20:33:29,227 | ERROR   | Solver failed | status=4 | SQP it=1 | KKT=5.12e+02 | t=0.001s
2025-06-28 20:33:29,227 | ERROR   | Dump saved → debug_logs/fail/tick0084.json
2025-06-28 20:33:29,253 | ERROR   | Solver failed | status=4 | SQP it=1 | KKT=5.12e+02 | t=0.001s
2025-06-28 20:33:29,254 | ERROR   | Dump saved → debug_logs/fail/tick0085.json
2025-06-28 20:33:29,281 | ERROR   | Solver failed | status=4 | SQP it=1 | KKT=5.12e+02 | t=0.001s
2025-06-28 20:33:29,281 | ERROR   | Dump saved → debug_logs/fail/tick0086.json
2025-06-28 20:33:29,312 | ERROR   | Solver failed | status=4 | SQP it=5 | KKT=0.00e+00 | t=0.005s
2025-06-28 20:33:29,312 | ERROR   | Dump saved → debug_logs/fail/tick0087.json
2025-06-28 20:33:29,338 | ERROR   | Solver failed | status=4 | SQP it=1 | KKT=2.86e+02 | t=0.001s
2025-06-28 20:33:29,338 | ERROR   | Dump saved → debug_logs/fail/tick0088.json
2025-06-28 20:33:29,364 | ERROR   | Solver failed | status=4 | SQP it=1 | KKT=2.86e+02 | t=0.001s
2025-06-28 20:33:29,364 | ERROR   | Dump saved → debug_logs/fail/tick0089.json
2025-06-28 20:33:29,393 | ERROR   | Solver failed | status=4 | SQP it=1 | KKT=2.86e+02 | t=0.001s
2025-06-28 20:33:29,394 | ERROR   | Dump saved → debug_logs/fail/tick0090.json
2025-06-28 20:33:32,225 | ERROR   | Solver failed | status=4 | SQP it=1 | KKT=2.61e+02 | t=0.004s
2025-06-28 20:33:32,227 | ERROR   | Dump saved → debug_logs/fail/tick0091.json
2025-06-28 20:33:32,272 | ERROR   | Solver failed | status=4 | SQP it=1 | KKT=2.61e+02 | t=0.002s
2025-06-28 20:33:32,273 | ERROR   | Dump saved → debug_logs/fail/tick0092.json
2025-06-28 20:33:32,305 | ERROR   | Solver failed | status=4 | SQP it=1 | KKT=2.61e+02 | t=0.001s
2025-06-28 20:33:32,306 | ERROR   | Dump saved → debug_logs/fail/tick0093.json
2025-06-28 20:33:32,335 | ERROR   | Solver failed | status=4 | SQP it=1 | KKT=2.61e+02 | t=0.001s
2025-06-28 20:33:32,336 | ERROR   | Dump saved → debug_logs/fail/tick0094.json
2025-06-28 20:33:32,375 | ERROR   | Solver failed | status=4 | SQP it=9 | KKT=1.78e-15 | t=0.010s
2025-06-28 20:33:32,376 | ERROR   | Dump saved → debug_logs/fail/tick0095.json
2025-06-28 20:33:32,426 | ERROR   | Solver failed | status=4 | SQP it=21 | KKT=5.11e-10 | t=0.019s
2025-06-28 20:33:32,427 | ERROR   | Dump saved → debug_logs/fail/tick0096.json
2025-06-28 20:33:32,454 | ERROR   | Solver failed | status=4 | SQP it=1 | KKT=8.28e+01 | t=0.001s
2025-06-28 20:33:32,455 | ERROR   | Dump saved → debug_logs/fail/tick0097.json
2025-06-28 20:33:32,481 | ERROR   | Solver failed | status=4 | SQP it=1 | KKT=8.28e+01 | t=0.001s
2025-06-28 20:33:32,482 | ERROR   | Dump saved → debug_logs/fail/tick0098.json
2025-06-28 20:33:32,508 | ERROR   | Solver failed | status=4 | SQP it=1 | KKT=8.28e+01 | t=0.001s
2025-06-28 20:33:32,509 | ERROR   | Dump saved → debug_logs/fail/tick0099.json
2025-06-28 20:33:32,534 | ERROR   | Solver failed | status=4 | SQP it=1 | KKT=8.02e+01 | t=0.001s
2025-06-28 20:33:32,536 | ERROR   | Dump saved → debug_logs/fail/tick0100.json
2025-06-28 20:33:32,561 | ERROR   | Solver failed | status=4 | SQP it=1 | KKT=8.02e+01 | t=0.001s
2025-06-28 20:33:32,562 | ERROR   | Dump saved → debug_logs/fail/tick0101.json
2025-06-28 20:33:32,589 | ERROR   | Solver failed | status=4 | SQP it=1 | KKT=8.02e+01 | t=0.001s
2025-06-28 20:33:32,590 | ERROR   | Dump saved → debug_logs/fail/tick0102.json
2025-06-28 20:33:32,617 | ERROR   | Solver failed | status=4 | SQP it=1 | KKT=8.02e+01 | t=0.001s
2025-06-28 20:33:32,617 | ERROR   | Dump saved → debug_logs/fail/tick0103.json
2025-06-28 20:33:32,645 | ERROR   | Solver failed | status=4 | SQP it=1 | KKT=8.02e+01 | t=0.001s
2025-06-28 20:33:32,645 | ERROR   | Dump saved → debug_logs/fail/tick0104.json
2025-06-28 20:33:32,676 | ERROR   | Solver failed | status=4 | SQP it=3 | KKT=7.70e+01 | t=0.003s
2025-06-28 20:33:32,676 | ERROR   | Dump saved → debug_logs/fail/tick0105.json
2025-06-28 20:33:32,704 | ERROR   | Solver failed | status=4 | SQP it=1 | KKT=4.31e+02 | t=0.001s
2025-06-28 20:33:32,705 | ERROR   | Dump saved → debug_logs/fail/tick0106.json
2025-06-28 20:33:32,731 | ERROR   | Solver failed | status=4 | SQP it=1 | KKT=4.31e+02 | t=0.001s
2025-06-28 20:33:32,732 | ERROR   | Dump saved → debug_logs/fail/tick0107.json
2025-06-28 20:33:32,761 | ERROR   | Solver failed | status=4 | SQP it=1 | KKT=4.31e+02 | t=0.001s
2025-06-28 20:33:32,762 | ERROR   | Dump saved → debug_logs/fail/tick0108.json
2025-06-28 20:33:32,791 | ERROR   | Solver failed | status=4 | SQP it=1 | KKT=4.31e+02 | t=0.001s
2025-06-28 20:33:32,792 | ERROR   | Dump saved → debug_logs/fail/tick0109.json
2025-06-28 20:33:34,182 | INFO    | ===== INITIAL STATE DUMP =====
2025-06-28 20:33:34,182 | DEBUG   | {
  "xcurrent": [
    1.0518913269042969,
    1.5442349910736084,
    0.07058893144130707,
    0.0,
    0.0,
    0.0
  ],
  "params": {
    "QC": 10,
    "QC_GATE": 50,
    "QL": 40,
    "MU": 10,
    "DVTHETA_MAX": 1.6,
    "N": 20,
    "T_HORIZON": 0.7,
    "RAMP_TIME": 0.7,
    "BARRIER_WEIGHT": 10,
    "OBSTACLE_WEIGHT": [
      100,
      100,
      100,
      100
    ],
    "OBSTACLE_RADIUS": 0.5,
    "OBSTACLE_ALPHA": 100.0,
    "TUNNEL_WIDTH": 0.4,
    "TUNNEL_WIDTH_GATE": 0.15,
    "NARROW_DIST": 0.6,
    "GATE_FLAT_DIST": 0.45,
    "Q_OMEGA": 2,
    "R_VTHETA": 1.0,
    "REG_THRUST": 0.02,
    "REG_INPUTS": 0.8
  },
  "box_lims": {
    "vtheta_max": 1.6,
    "dvtheta_max": 1.6
  }
}
