2025-06-29 11:34:21,312 | INFO    | ===== INITIAL STATE DUMP =====
2025-06-29 11:34:21,312 | DEBUG   | {
  "xcurrent": [
    1.089695930480957,
    1.4088244438171387,
    0.08456537127494812,
    0.0,
    0.0,
    0.0
  ],
  "params": {
    "QC": 10,
    "QC_GATE": 50,
    "QL": 40,
    "MU": 10,
    "DVTHETA_MAX": 1.6,
    "N": 20,
    "T_HORIZON": 0.7,
    "RAMP_TIME": 0.1,
    "BARRIER_WEIGHT": 50,
    "TUNNEL_WIDTH": 0.4,
    "TUNNEL_WIDTH_GATE": 0.15,
    "NARROW_DIST": 0.6,
    "GATE_FLAT_DIST": 0.45,
    "Q_OMEGA": 2,
    "R_VTHETA": 1.0,
    "REG_THRUST": 0.009,
    "REG_INPUTS": 0.1
  },
  "box_lims": {
    "vtheta_max": 1.6,
    "dvtheta_max": 1.6
  }
}
2025-06-29 11:34:27,928 | ERROR   | Solver failed | status=2 | SQP it=1000 | KKT=3.90e-08 | t=0.517s
2025-06-29 11:34:27,929 | ERROR   | Dump saved → debug_logs/fail/tick0080.json
2025-06-29 11:34:31,846 | INFO    | ===== INITIAL STATE DUMP =====
2025-06-29 11:34:31,846 | DEBUG   | {
  "xcurrent": [
    1.050594687461853,
    1.4977706670761108,
    0.08238659054040909,
    0.0,
    0.0,
    0.0
  ],
  "params": {
    "QC": 10,
    "QC_GATE": 50,
    "QL": 40,
    "MU": 10,
    "DVTHETA_MAX": 1.6,
    "N": 20,
    "T_HORIZON": 0.7,
    "RAMP_TIME": 0.1,
    "BARRIER_WEIGHT": 50,
    "TUNNEL_WIDTH": 0.4,
    "TUNNEL_WIDTH_GATE": 0.15,
    "NARROW_DIST": 0.6,
    "GATE_FLAT_DIST": 0.45,
    "Q_OMEGA": 2,
    "R_VTHETA": 1.0,
    "REG_THRUST": 0.009,
    "REG_INPUTS": 0.1
  },
  "box_lims": {
    "vtheta_max": 1.6,
    "dvtheta_max": 1.6
  }
}
2025-06-29 11:34:56,061 | ERROR   | Solver failed | status=2 | SQP it=1000 | KKT=3.75e-08 | t=0.566s
2025-06-29 11:34:56,062 | ERROR   | Dump saved → debug_logs/fail/tick0378.json
2025-06-29 11:34:56,759 | ERROR   | Solver failed | status=2 | SQP it=1000 | KKT=3.33e-08 | t=0.672s
2025-06-29 11:34:56,760 | ERROR   | Dump saved → debug_logs/fail/tick0379.json
2025-06-29 11:34:58,152 | INFO    | ===== INITIAL STATE DUMP =====
2025-06-29 11:34:58,152 | DEBUG   | {
  "xcurrent": [
    1.093410611152649,
    1.4132575988769531,
    0.08145324885845184,
    0.0,
    0.0,
    0.0
  ],
  "params": {
    "QC": 10,
    "QC_GATE": 50,
    "QL": 40,
    "MU": 10,
    "DVTHETA_MAX": 1.6,
    "N": 20,
    "T_HORIZON": 0.7,
    "RAMP_TIME": 0.1,
    "BARRIER_WEIGHT": 50,
    "TUNNEL_WIDTH": 0.4,
    "TUNNEL_WIDTH_GATE": 0.15,
    "NARROW_DIST": 0.6,
    "GATE_FLAT_DIST": 0.45,
    "Q_OMEGA": 2,
    "R_VTHETA": 1.0,
    "REG_THRUST": 0.009,
    "REG_INPUTS": 0.1
  },
  "box_lims": {
    "vtheta_max": 1.6,
    "dvtheta_max": 1.6
  }
}
