2025-06-28 20:54:35,118 | INFO    | ===== INITIAL STATE DUMP =====
2025-06-28 20:54:35,118 | DEBUG   | {
  "xcurrent": [
    1.089695930480957,
    1.4088244438171387,
    0.08456537127494812,
    0.0,
    0.0,
    0.0
  ],
  "params": {
    "QC": 10,
    "QC_GATE": 50,
    "QL": 40,
    "MU": 10,
    "DVTHETA_MAX": 1.6,
    "N": 20,
    "T_HORIZON": 0.7,
    "RAMP_TIME": 0.7,
    "BARRIER_WEIGHT": 10,
    "OBSTACLE_WEIGHT": [
      30,
      30,
      30,
      30
    ],
    "OBSTACLE_RADIUS": 0.25,
    "OBSTACLE_ALPHA": 100.0,
    "TUNNEL_WIDTH": 0.4,
    "TUNNEL_WIDTH_GATE": 0.15,
    "NARROW_DIST": 0.6,
    "GATE_FLAT_DIST": 0.45,
    "Q_OMEGA": 2,
    "R_VTHETA": 1.0,
    "REG_THRUST": 0.02,
    "REG_INPUTS": 0.8
  },
  "box_lims": {
    "vtheta_max": 1.6,
    "dvtheta_max": 1.6
  }
}
2025-06-28 20:54:52,411 | ERROR   | Solver failed | status=4 | SQP it=62 | KKT=5.24e-08 | t=0.042s
2025-06-28 20:54:52,412 | ERROR   | Dump saved → debug_logs/fail/tick0127.json
2025-06-28 20:54:52,442 | ERROR   | Solver failed | status=4 | SQP it=5 | KKT=0.00e+00 | t=0.004s
2025-06-28 20:54:52,443 | ERROR   | Dump saved → debug_logs/fail/tick0128.json
2025-06-28 20:54:54,616 | ERROR   | Solver failed | status=4 | SQP it=1 | KKT=2.94e+01 | t=0.002s
2025-06-28 20:54:54,618 | ERROR   | Dump saved → debug_logs/fail/tick0129.json
2025-06-28 20:54:54,704 | ERROR   | Solver failed | status=4 | SQP it=43 | KKT=3.80e-08 | t=0.038s
2025-06-28 20:54:54,704 | ERROR   | Dump saved → debug_logs/fail/tick0130.json
2025-06-28 20:54:54,832 | ERROR   | Solver failed | status=4 | SQP it=75 | KKT=2.59e-10 | t=0.050s
2025-06-28 20:54:54,833 | ERROR   | Dump saved → debug_logs/fail/tick0132.json
2025-06-28 20:54:56,464 | ERROR   | Solver failed | status=4 | SQP it=32 | KKT=1.57e-08 | t=0.023s
2025-06-28 20:54:56,464 | ERROR   | Dump saved → debug_logs/fail/tick0148.json
2025-06-28 20:54:57,849 | INFO    | ===== INITIAL STATE DUMP =====
2025-06-28 20:54:57,849 | DEBUG   | {
  "xcurrent": [
    1.0885370969772339,
    1.495774507522583,
    0.08089634776115417,
    0.0,
    0.0,
    0.0
  ],
  "params": {
    "QC": 10,
    "QC_GATE": 50,
    "QL": 40,
    "MU": 10,
    "DVTHETA_MAX": 1.6,
    "N": 20,
    "T_HORIZON": 0.7,
    "RAMP_TIME": 0.7,
    "BARRIER_WEIGHT": 10,
    "OBSTACLE_WEIGHT": [
      30,
      30,
      30,
      30
    ],
    "OBSTACLE_RADIUS": 0.25,
    "OBSTACLE_ALPHA": 100.0,
    "TUNNEL_WIDTH": 0.4,
    "TUNNEL_WIDTH_GATE": 0.15,
    "NARROW_DIST": 0.6,
    "GATE_FLAT_DIST": 0.45,
    "Q_OMEGA": 2,
    "R_VTHETA": 1.0,
    "REG_THRUST": 0.02,
    "REG_INPUTS": 0.8
  },
  "box_lims": {
    "vtheta_max": 1.6,
    "dvtheta_max": 1.6
  }
}
