2025-06-10 14:10:09,068 | INFO    | ===== INITIAL STATE DUMP =====
2025-06-10 14:10:09,068 | DEBUG   | {
  "xcurrent": [
    1.0,
    1.5,
    0.07000000029802322,
    0.0,
    0.0,
    0.0
  ],
  "params": {
    "QC": 10,
    "QL": 80,
    "MU": 10,
    "DVTHETA_MAX": 1.8,
    "N": 20,
    "T_HORIZON": 1.05,
    "RAMP_TIME": 1.8,
    "BARRIER_WEIGHT": 10,
    "TUNNEL_WIDTH": 0.25,
    "Q_OMEGA": 2,
    "R_VTHETA": 1.0
  },
  "box_lims": {
    "vtheta_max": 1.8,
    "dvtheta_max": 1.8
  }
}
2025-06-10 14:10:18,102 | ERROR   | Solver failed | status=1 | SQP it=61 | KKT=1.20e-08 | t=0.065s
2025-06-10 14:10:18,105 | ERROR   | Dump saved → debug_logs/fail/tick0231.json
2025-06-10 14:10:18,130 | ERROR   | Solver failed | status=1 | SQP it=0 | KKT=nan | t=0.000s
2025-06-10 14:10:18,131 | ERROR   | Dump saved → debug_logs/fail/tick0232.json
2025-06-10 14:10:18,159 | ERROR   | Solver failed | status=1 | SQP it=0 | KKT=nan | t=0.000s
2025-06-10 14:10:18,160 | ERROR   | Dump saved → debug_logs/fail/tick0233.json
2025-06-10 14:10:18,191 | ERROR   | Solver failed | status=1 | SQP it=0 | KKT=nan | t=0.000s
2025-06-10 14:10:18,192 | ERROR   | Dump saved → debug_logs/fail/tick0234.json
2025-06-10 14:10:18,225 | ERROR   | Solver failed | status=1 | SQP it=0 | KKT=nan | t=0.000s
2025-06-10 14:10:18,226 | ERROR   | Dump saved → debug_logs/fail/tick0235.json
2025-06-10 14:10:18,259 | ERROR   | Solver failed | status=1 | SQP it=0 | KKT=nan | t=0.000s
2025-06-10 14:10:18,260 | ERROR   | Dump saved → debug_logs/fail/tick0236.json
2025-06-10 14:10:18,293 | ERROR   | Solver failed | status=1 | SQP it=0 | KKT=nan | t=0.000s
2025-06-10 14:10:18,295 | ERROR   | Dump saved → debug_logs/fail/tick0237.json
2025-06-10 14:10:18,322 | ERROR   | Solver failed | status=1 | SQP it=0 | KKT=nan | t=0.000s
2025-06-10 14:10:18,323 | ERROR   | Dump saved → debug_logs/fail/tick0238.json
2025-06-10 14:10:18,351 | ERROR   | Solver failed | status=1 | SQP it=0 | KKT=nan | t=0.000s
2025-06-10 14:10:18,352 | ERROR   | Dump saved → debug_logs/fail/tick0239.json
2025-06-10 14:10:18,379 | ERROR   | Solver failed | status=1 | SQP it=0 | KKT=nan | t=0.000s
2025-06-10 14:10:18,380 | ERROR   | Dump saved → debug_logs/fail/tick0240.json
2025-06-10 14:10:18,407 | ERROR   | Solver failed | status=1 | SQP it=0 | KKT=nan | t=0.000s
2025-06-10 14:10:18,408 | ERROR   | Dump saved → debug_logs/fail/tick0241.json
2025-06-10 14:10:18,438 | ERROR   | Solver failed | status=1 | SQP it=0 | KKT=nan | t=0.000s
2025-06-10 14:10:18,438 | ERROR   | Dump saved → debug_logs/fail/tick0242.json
2025-06-10 14:10:18,466 | ERROR   | Solver failed | status=1 | SQP it=0 | KKT=nan | t=0.000s
2025-06-10 14:10:18,467 | ERROR   | Dump saved → debug_logs/fail/tick0243.json
2025-06-10 14:10:18,494 | ERROR   | Solver failed | status=1 | SQP it=0 | KKT=nan | t=0.000s
2025-06-10 14:10:18,495 | ERROR   | Dump saved → debug_logs/fail/tick0244.json
2025-06-10 14:10:18,523 | ERROR   | Solver failed | status=1 | SQP it=0 | KKT=nan | t=0.000s
2025-06-10 14:10:18,524 | ERROR   | Dump saved → debug_logs/fail/tick0245.json
2025-06-10 14:10:18,554 | ERROR   | Solver failed | status=1 | SQP it=0 | KKT=nan | t=0.000s
2025-06-10 14:10:18,555 | ERROR   | Dump saved → debug_logs/fail/tick0246.json
2025-06-10 14:10:18,584 | ERROR   | Solver failed | status=1 | SQP it=0 | KKT=nan | t=0.000s
2025-06-10 14:10:18,585 | ERROR   | Dump saved → debug_logs/fail/tick0247.json
2025-06-10 14:10:18,623 | ERROR   | Solver failed | status=1 | SQP it=0 | KKT=nan | t=0.000s
2025-06-10 14:10:18,624 | ERROR   | Dump saved → debug_logs/fail/tick0248.json
2025-06-10 14:10:18,657 | ERROR   | Solver failed | status=1 | SQP it=0 | KKT=nan | t=0.000s
2025-06-10 14:10:18,658 | ERROR   | Dump saved → debug_logs/fail/tick0249.json
2025-06-10 14:10:18,691 | ERROR   | Solver failed | status=1 | SQP it=0 | KKT=nan | t=0.000s
2025-06-10 14:10:18,693 | ERROR   | Dump saved → debug_logs/fail/tick0250.json
2025-06-10 14:10:18,727 | ERROR   | Solver failed | status=1 | SQP it=0 | KKT=nan | t=0.000s
2025-06-10 14:10:18,728 | ERROR   | Dump saved → debug_logs/fail/tick0251.json
2025-06-10 14:10:18,760 | ERROR   | Solver failed | status=1 | SQP it=0 | KKT=nan | t=0.000s
2025-06-10 14:10:18,761 | ERROR   | Dump saved → debug_logs/fail/tick0252.json
2025-06-10 14:10:18,788 | ERROR   | Solver failed | status=1 | SQP it=0 | KKT=nan | t=0.000s
2025-06-10 14:10:18,789 | ERROR   | Dump saved → debug_logs/fail/tick0253.json
2025-06-10 14:10:18,816 | ERROR   | Solver failed | status=1 | SQP it=0 | KKT=nan | t=0.000s
2025-06-10 14:10:18,817 | ERROR   | Dump saved → debug_logs/fail/tick0254.json
2025-06-10 14:10:18,842 | ERROR   | Solver failed | status=1 | SQP it=0 | KKT=nan | t=0.000s
2025-06-10 14:10:18,843 | ERROR   | Dump saved → debug_logs/fail/tick0255.json
2025-06-10 14:10:18,872 | ERROR   | Solver failed | status=1 | SQP it=0 | KKT=nan | t=0.000s
2025-06-10 14:10:18,872 | ERROR   | Dump saved → debug_logs/fail/tick0256.json
2025-06-10 14:10:18,900 | ERROR   | Solver failed | status=1 | SQP it=0 | KKT=nan | t=0.000s
2025-06-10 14:10:18,901 | ERROR   | Dump saved → debug_logs/fail/tick0257.json
2025-06-10 14:10:18,928 | ERROR   | Solver failed | status=1 | SQP it=0 | KKT=nan | t=0.000s
2025-06-10 14:10:18,929 | ERROR   | Dump saved → debug_logs/fail/tick0258.json
2025-06-10 14:10:18,955 | ERROR   | Solver failed | status=1 | SQP it=0 | KKT=nan | t=0.000s
2025-06-10 14:10:18,956 | ERROR   | Dump saved → debug_logs/fail/tick0259.json
2025-06-10 14:10:18,988 | ERROR   | Solver failed | status=1 | SQP it=0 | KKT=nan | t=0.000s
2025-06-10 14:10:18,989 | ERROR   | Dump saved → debug_logs/fail/tick0260.json
2025-06-10 14:10:19,017 | ERROR   | Solver failed | status=1 | SQP it=0 | KKT=nan | t=0.000s
2025-06-10 14:10:19,018 | ERROR   | Dump saved → debug_logs/fail/tick0261.json
2025-06-10 14:10:19,045 | ERROR   | Solver failed | status=1 | SQP it=0 | KKT=nan | t=0.000s
2025-06-10 14:10:19,046 | ERROR   | Dump saved → debug_logs/fail/tick0262.json
2025-06-10 14:10:19,075 | ERROR   | Solver failed | status=1 | SQP it=0 | KKT=nan | t=0.000s
2025-06-10 14:10:19,076 | ERROR   | Dump saved → debug_logs/fail/tick0263.json
2025-06-10 14:10:19,108 | ERROR   | Solver failed | status=1 | SQP it=0 | KKT=nan | t=0.000s
2025-06-10 14:10:19,109 | ERROR   | Dump saved → debug_logs/fail/tick0264.json
2025-06-10 14:10:19,141 | ERROR   | Solver failed | status=1 | SQP it=0 | KKT=nan | t=0.000s
2025-06-10 14:10:19,142 | ERROR   | Dump saved → debug_logs/fail/tick0265.json
2025-06-10 14:10:19,176 | ERROR   | Solver failed | status=1 | SQP it=0 | KKT=nan | t=0.000s
2025-06-10 14:10:19,177 | ERROR   | Dump saved → debug_logs/fail/tick0266.json
2025-06-10 14:10:19,210 | ERROR   | Solver failed | status=1 | SQP it=0 | KKT=nan | t=0.000s
2025-06-10 14:10:19,211 | ERROR   | Dump saved → debug_logs/fail/tick0267.json
2025-06-10 14:10:19,239 | ERROR   | Solver failed | status=1 | SQP it=0 | KKT=nan | t=0.000s
2025-06-10 14:10:19,240 | ERROR   | Dump saved → debug_logs/fail/tick0268.json
2025-06-10 14:10:19,267 | ERROR   | Solver failed | status=1 | SQP it=0 | KKT=nan | t=0.000s
2025-06-10 14:10:19,268 | ERROR   | Dump saved → debug_logs/fail/tick0269.json
2025-06-10 14:10:19,294 | ERROR   | Solver failed | status=1 | SQP it=0 | KKT=nan | t=0.000s
2025-06-10 14:10:19,295 | ERROR   | Dump saved → debug_logs/fail/tick0270.json
2025-06-10 14:10:19,322 | ERROR   | Solver failed | status=1 | SQP it=0 | KKT=nan | t=0.000s
2025-06-10 14:10:19,323 | ERROR   | Dump saved → debug_logs/fail/tick0271.json
2025-06-10 14:10:19,349 | ERROR   | Solver failed | status=1 | SQP it=0 | KKT=nan | t=0.000s
2025-06-10 14:10:19,350 | ERROR   | Dump saved → debug_logs/fail/tick0272.json
2025-06-10 14:10:19,378 | ERROR   | Solver failed | status=1 | SQP it=0 | KKT=nan | t=0.000s
2025-06-10 14:10:19,379 | ERROR   | Dump saved → debug_logs/fail/tick0273.json
2025-06-10 14:10:19,406 | ERROR   | Solver failed | status=1 | SQP it=0 | KKT=nan | t=0.000s
2025-06-10 14:10:19,407 | ERROR   | Dump saved → debug_logs/fail/tick0274.json
2025-06-10 14:10:19,437 | ERROR   | Solver failed | status=1 | SQP it=0 | KKT=nan | t=0.000s
2025-06-10 14:10:19,438 | ERROR   | Dump saved → debug_logs/fail/tick0275.json
2025-06-10 14:10:19,465 | ERROR   | Solver failed | status=1 | SQP it=0 | KKT=nan | t=0.000s
2025-06-10 14:10:19,466 | ERROR   | Dump saved → debug_logs/fail/tick0276.json
2025-06-10 14:10:19,493 | ERROR   | Solver failed | status=1 | SQP it=0 | KKT=nan | t=0.000s
2025-06-10 14:10:19,494 | ERROR   | Dump saved → debug_logs/fail/tick0277.json
2025-06-10 14:10:19,523 | ERROR   | Solver failed | status=1 | SQP it=0 | KKT=nan | t=0.000s
2025-06-10 14:10:19,524 | ERROR   | Dump saved → debug_logs/fail/tick0278.json
2025-06-10 14:10:19,555 | ERROR   | Solver failed | status=1 | SQP it=0 | KKT=nan | t=0.000s
2025-06-10 14:10:19,556 | ERROR   | Dump saved → debug_logs/fail/tick0279.json
2025-06-10 14:10:19,587 | ERROR   | Solver failed | status=1 | SQP it=0 | KKT=nan | t=0.000s
2025-06-10 14:10:19,588 | ERROR   | Dump saved → debug_logs/fail/tick0280.json
2025-06-10 14:10:19,614 | ERROR   | Solver failed | status=1 | SQP it=0 | KKT=nan | t=0.000s
2025-06-10 14:10:19,615 | ERROR   | Dump saved → debug_logs/fail/tick0281.json
2025-06-10 14:10:19,641 | ERROR   | Solver failed | status=1 | SQP it=0 | KKT=nan | t=0.000s
2025-06-10 14:10:19,642 | ERROR   | Dump saved → debug_logs/fail/tick0282.json
2025-06-10 14:10:19,690 | ERROR   | Solver failed | status=1 | SQP it=0 | KKT=nan | t=0.000s
2025-06-10 14:10:19,691 | ERROR   | Dump saved → debug_logs/fail/tick0283.json
2025-06-10 14:10:19,721 | ERROR   | Solver failed | status=1 | SQP it=0 | KKT=nan | t=0.000s
2025-06-10 14:10:19,721 | ERROR   | Dump saved → debug_logs/fail/tick0284.json
2025-06-10 14:10:19,745 | ERROR   | Solver failed | status=1 | SQP it=0 | KKT=nan | t=0.000s
2025-06-10 14:10:19,746 | ERROR   | Dump saved → debug_logs/fail/tick0285.json
2025-06-10 14:10:19,770 | ERROR   | Solver failed | status=1 | SQP it=0 | KKT=nan | t=0.000s
2025-06-10 14:10:19,771 | ERROR   | Dump saved → debug_logs/fail/tick0286.json
2025-06-10 14:10:19,796 | ERROR   | Solver failed | status=1 | SQP it=0 | KKT=nan | t=0.000s
2025-06-10 14:10:19,797 | ERROR   | Dump saved → debug_logs/fail/tick0287.json
2025-06-10 14:10:19,822 | ERROR   | Solver failed | status=1 | SQP it=0 | KKT=nan | t=0.000s
2025-06-10 14:10:19,823 | ERROR   | Dump saved → debug_logs/fail/tick0288.json
2025-06-10 14:10:19,846 | ERROR   | Solver failed | status=1 | SQP it=0 | KKT=nan | t=0.000s
2025-06-10 14:10:19,847 | ERROR   | Dump saved → debug_logs/fail/tick0289.json
2025-06-10 14:10:21,399 | INFO    | ===== INITIAL STATE DUMP =====
2025-06-10 14:10:21,399 | DEBUG   | {
  "xcurrent": [
    1.0,
    1.5,
    0.07000000029802322,
    0.0,
    0.0,
    0.0
  ],
  "params": {
    "QC": 10,
    "QL": 80,
    "MU": 10,
    "DVTHETA_MAX": 1.8,
    "N": 20,
    "T_HORIZON": 1.05,
    "RAMP_TIME": 1.8,
    "BARRIER_WEIGHT": 10,
    "TUNNEL_WIDTH": 0.25,
    "Q_OMEGA": 2,
    "R_VTHETA": 1.0
  },
  "box_lims": {
    "vtheta_max": 1.8,
    "dvtheta_max": 1.8
  }
}
2025-06-10 14:10:32,275 | INFO    | ===== INITIAL STATE DUMP =====
2025-06-10 14:10:32,276 | DEBUG   | {
  "xcurrent": [
    1.0,
    1.5,
    0.07000000029802322,
    0.0,
    0.0,
    0.0
  ],
  "params": {
    "QC": 10,
    "QL": 80,
    "MU": 10,
    "DVTHETA_MAX": 1.8,
    "N": 20,
    "T_HORIZON": 1.05,
    "RAMP_TIME": 1.8,
    "BARRIER_WEIGHT": 10,
    "TUNNEL_WIDTH": 0.25,
    "Q_OMEGA": 2,
    "R_VTHETA": 1.0
  },
  "box_lims": {
    "vtheta_max": 1.8,
    "dvtheta_max": 1.8
  }
}
