2025-06-28 11:03:55,550 | INFO    | ===== INITIAL STATE DUMP =====
2025-06-28 11:03:55,550 | DEBUG   | {
  "xcurrent": [
    1.089695930480957,
    1.4088244438171387,
    0.08456537127494812,
    0.0,
    0.0,
    0.0
  ],
  "params": {
    "QC": 10,
    "QC_GATE": 50,
    "QL": 40,
    "MU": 10,
    "DVTHETA_MAX": 1.0,
    "N": 20,
    "T_HORIZON": 0.8,
    "RAMP_TIME": 1.8,
    "BARRIER_WEIGHT": 10,
    "TUNNEL_WIDTH": 0.4,
    "TUNNEL_WIDTH_GATE": 0.15,
    "NARROW_DIST": 0.7,
    "GATE_FLAT_DIST": 0.2,
    "Q_OMEGA": 2,
    "R_VTHETA": 1.0,
    "IN_GATE_RAMP_TIME": 0.3,
    "OUT_GATE_RAMP_TIME": 0.5,
    "REG_THRUST": 0.018,
    "REG_INPUTS": 0.1
  },
  "box_lims": {
    "vtheta_max": 1.0,
    "dvtheta_max": 1.0
  }
}
2025-06-28 11:04:07,669 | ERROR   | Solver failed | status=2 | SQP it=1000 | KKT=3.74e-08 | t=0.949s
2025-06-28 11:04:07,669 | ERROR   | Dump saved → debug_logs/fail/tick0346.json
2025-06-28 11:04:07,988 | ERROR   | Solver failed | status=4 | SQP it=301 | KKT=3.13e-09 | t=0.292s
2025-06-28 11:04:07,989 | ERROR   | Dump saved → debug_logs/fail/tick0347.json
2025-06-28 11:04:08,018 | ERROR   | Solver failed | status=4 | SQP it=1 | KKT=3.00e+02 | t=0.001s
2025-06-28 11:04:08,019 | ERROR   | Dump saved → debug_logs/fail/tick0348.json
