2025-06-28 17:46:05,086 | INFO    | ===== INITIAL STATE DUMP =====
2025-06-28 17:46:05,086 | DEBUG   | {
  "xcurrent": [
    1.089695930480957,
    1.4088244438171387,
    0.08456537127494812,
    0.0,
    0.0,
    0.0
  ],
  "params": {
    "QC": 10,
    "QC_GATE": 50,
    "QL": 40,
    "MU": 10,
    "DVTHETA_MAX": 1.6,
    "N": 25,
    "T_HORIZON": 0.8,
    "RAMP_TIME": 0.4,
    "BARRIER_WEIGHT": 10,
    "OBSTACLE_WEIGHT": [
      70,
      200,
      80,
      100
    ],
    "OBSTACLE_RADIUS": 0.2,
    "TUNNEL_WIDTH": 0.4,
    "TUNNEL_WIDTH_GATE": 0.2,
    "NARROW_DIST": 0.5,
    "GATE_FLAT_DIST": 0.3,
    "Q_OMEGA": 2,
    "R_VTHETA": 1.0,
    "REG_THRUST": 0.01,
    "REG_INPUTS": 0.03
  },
  "box_lims": {
    "vtheta_max": 1.6,
    "dvtheta_max": 1.6
  }
}
2025-06-28 17:46:09,555 | ERROR   | Solver failed | status=4 | SQP it=65 | KKT=6.64e-10 | t=0.073s
2025-06-28 17:46:09,557 | ERROR   | Dump saved → debug_logs/fail/tick0099.json
2025-06-28 17:46:09,592 | ERROR   | Solver failed | status=4 | SQP it=1 | KKT=8.46e+01 | t=0.001s
2025-06-28 17:46:09,594 | ERROR   | Dump saved → debug_logs/fail/tick0100.json
2025-06-28 17:46:10,193 | ERROR   | Solver failed | status=4 | SQP it=1 | KKT=8.46e+01 | t=0.003s
2025-06-28 17:46:10,195 | ERROR   | Dump saved → debug_logs/fail/tick0101.json
