2025-06-28 20:31:36,530 | INFO    | ===== INITIAL STATE DUMP =====
2025-06-28 20:31:36,531 | DEBUG   | {
  "xcurrent": [
    1.089695930480957,
    1.4088244438171387,
    0.08456537127494812,
    0.0,
    0.0,
    0.0
  ],
  "params": {
    "QC": 10,
    "QC_GATE": 50,
    "QL": 40,
    "MU": 10,
    "DVTHETA_MAX": 1.6,
    "N": 20,
    "T_HORIZON": 0.7,
    "RAMP_TIME": 0.7,
    "BARRIER_WEIGHT": 10,
    "OBSTACLE_WEIGHT": [
      100,
      100,
      100,
      100
    ],
    "OBSTACLE_RADIUS": 0.5,
    "OBSTACLE_ALPHA": 100.0,
    "TUNNEL_WIDTH": 0.4,
    "TUNNEL_WIDTH_GATE": 0.15,
    "NARROW_DIST": 0.6,
    "GATE_FLAT_DIST": 0.45,
    "Q_OMEGA": 2,
    "R_VTHETA": 1.0,
    "REG_THRUST": 0.02,
    "REG_INPUTS": 0.8
  },
  "box_lims": {
    "vtheta_max": 1.6,
    "dvtheta_max": 1.6
  }
}
2025-06-28 20:31:38,086 | ERROR   | Solver failed | status=2 | SQP it=1000 | KKT=1.44e-08 | t=1.551s
2025-06-28 20:31:38,088 | ERROR   | Dump saved → debug_logs/fail/tick0000.json
2025-06-28 20:31:40,710 | ERROR   | Solver failed | status=2 | SQP it=1000 | KKT=9.62e-10 | t=1.549s
2025-06-28 20:31:40,711 | ERROR   | Dump saved → debug_logs/fail/tick0001.json
