2025-06-28 20:37:15,714 | INFO    | ===== INITIAL STATE DUMP =====
2025-06-28 20:37:15,715 | DEBUG   | {
  "xcurrent": [
    1.089695930480957,
    1.4088244438171387,
    0.08456537127494812,
    0.0,
    0.0,
    0.0
  ],
  "params": {
    "QC": 10,
    "QC_GATE": 50,
    "QL": 40,
    "MU": 10,
    "DVTHETA_MAX": 1.6,
    "N": 20,
    "T_HORIZON": 0.7,
    "RAMP_TIME": 0.7,
    "BARRIER_WEIGHT": 10,
    "OBSTACLE_WEIGHT": [
      50,
      50,
      50,
      50
    ],
    "OBSTACLE_RADIUS": 0.15,
    "OBSTACLE_ALPHA": 100.0,
    "TUNNEL_WIDTH": 0.4,
    "TUNNEL_WIDTH_GATE": 0.15,
    "NARROW_DIST": 0.6,
    "GATE_FLAT_DIST": 0.45,
    "Q_OMEGA": 2,
    "R_VTHETA": 1.0,
    "REG_THRUST": 0.02,
    "REG_INPUTS": 0.8
  },
  "box_lims": {
    "vtheta_max": 1.6,
    "dvtheta_max": 1.6
  }
}
2025-06-28 20:37:31,665 | ERROR   | Solver failed | status=4 | SQP it=19 | KKT=1.44e-09 | t=0.017s
2025-06-28 20:37:31,666 | ERROR   | Dump saved → debug_logs/fail/tick0072.json
2025-06-28 20:37:31,696 | ERROR   | Solver failed | status=4 | SQP it=1 | KKT=2.19e+02 | t=0.001s
2025-06-28 20:37:31,696 | ERROR   | Dump saved → debug_logs/fail/tick0073.json
2025-06-28 20:37:31,723 | ERROR   | Solver failed | status=4 | SQP it=1 | KKT=2.19e+02 | t=0.001s
2025-06-28 20:37:31,724 | ERROR   | Dump saved → debug_logs/fail/tick0074.json
2025-06-28 20:37:31,751 | ERROR   | Solver failed | status=4 | SQP it=1 | KKT=2.19e+02 | t=0.001s
2025-06-28 20:37:31,751 | ERROR   | Dump saved → debug_logs/fail/tick0075.json
2025-06-28 20:37:31,778 | ERROR   | Solver failed | status=4 | SQP it=1 | KKT=2.19e+02 | t=0.001s
2025-06-28 20:37:31,779 | ERROR   | Dump saved → debug_logs/fail/tick0076.json
2025-06-28 20:37:31,807 | ERROR   | Solver failed | status=4 | SQP it=1 | KKT=2.19e+02 | t=0.001s
2025-06-28 20:37:31,807 | ERROR   | Dump saved → debug_logs/fail/tick0077.json
2025-06-28 20:37:31,832 | ERROR   | Solver failed | status=4 | SQP it=1 | KKT=2.19e+02 | t=0.001s
2025-06-28 20:37:31,833 | ERROR   | Dump saved → debug_logs/fail/tick0078.json
2025-06-28 20:37:54,834 | ERROR   | Solver failed | status=4 | SQP it=5 | KKT=0.00e+00 | t=0.003s
2025-06-28 20:37:54,834 | ERROR   | Dump saved → debug_logs/fail/tick0121.json
2025-06-28 20:38:03,971 | ERROR   | Solver failed | status=4 | SQP it=109 | KKT=6.30e-08 | t=0.089s
2025-06-28 20:38:03,973 | ERROR   | Dump saved → debug_logs/fail/tick0148.json
2025-06-28 20:38:04,000 | ERROR   | Solver failed | status=4 | SQP it=1 | KKT=1.55e+02 | t=0.001s
2025-06-28 20:38:04,000 | ERROR   | Dump saved → debug_logs/fail/tick0149.json
2025-06-28 20:38:04,027 | ERROR   | Solver failed | status=4 | SQP it=1 | KKT=1.55e+02 | t=0.001s
2025-06-28 20:38:04,028 | ERROR   | Dump saved → debug_logs/fail/tick0150.json
2025-06-28 20:38:04,054 | ERROR   | Solver failed | status=4 | SQP it=1 | KKT=1.55e+02 | t=0.001s
2025-06-28 20:38:04,055 | ERROR   | Dump saved → debug_logs/fail/tick0151.json
2025-06-28 20:38:04,553 | ERROR   | Solver failed | status=4 | SQP it=5 | KKT=0.00e+00 | t=0.004s
2025-06-28 20:38:04,555 | ERROR   | Dump saved → debug_logs/fail/tick0165.json
2025-06-28 20:38:04,583 | ERROR   | Solver failed | status=4 | SQP it=1 | KKT=1.90e+02 | t=0.001s
2025-06-28 20:38:04,583 | ERROR   | Dump saved → debug_logs/fail/tick0166.json
2025-06-28 20:38:04,611 | ERROR   | Solver failed | status=4 | SQP it=1 | KKT=1.90e+02 | t=0.001s
2025-06-28 20:38:04,612 | ERROR   | Dump saved → debug_logs/fail/tick0167.json
2025-06-28 20:38:04,642 | ERROR   | Solver failed | status=4 | SQP it=1 | KKT=1.90e+02 | t=0.001s
2025-06-28 20:38:04,643 | ERROR   | Dump saved → debug_logs/fail/tick0168.json
2025-06-28 20:38:04,670 | ERROR   | Solver failed | status=4 | SQP it=1 | KKT=1.90e+02 | t=0.001s
2025-06-28 20:38:04,671 | ERROR   | Dump saved → debug_logs/fail/tick0169.json
2025-06-28 20:38:04,698 | ERROR   | Solver failed | status=4 | SQP it=1 | KKT=1.90e+02 | t=0.001s
2025-06-28 20:38:04,699 | ERROR   | Dump saved → debug_logs/fail/tick0170.json
2025-06-28 20:38:04,728 | ERROR   | Solver failed | status=4 | SQP it=1 | KKT=1.67e+02 | t=0.001s
2025-06-28 20:38:04,728 | ERROR   | Dump saved → debug_logs/fail/tick0171.json
2025-06-28 20:38:04,756 | ERROR   | Solver failed | status=4 | SQP it=1 | KKT=1.67e+02 | t=0.001s
2025-06-28 20:38:04,757 | ERROR   | Dump saved → debug_logs/fail/tick0172.json
2025-06-28 20:38:04,787 | ERROR   | Solver failed | status=4 | SQP it=1 | KKT=1.67e+02 | t=0.001s
2025-06-28 20:38:04,788 | ERROR   | Dump saved → debug_logs/fail/tick0173.json
2025-06-28 20:38:04,817 | ERROR   | Solver failed | status=4 | SQP it=1 | KKT=1.67e+02 | t=0.001s
2025-06-28 20:38:04,818 | ERROR   | Dump saved → debug_logs/fail/tick0174.json
2025-06-28 20:38:04,846 | ERROR   | Solver failed | status=4 | SQP it=1 | KKT=1.67e+02 | t=0.001s
2025-06-28 20:38:04,846 | ERROR   | Dump saved → debug_logs/fail/tick0175.json
2025-06-28 20:38:04,876 | ERROR   | Solver failed | status=4 | SQP it=1 | KKT=1.67e+02 | t=0.001s
2025-06-28 20:38:04,877 | ERROR   | Dump saved → debug_logs/fail/tick0176.json
2025-06-28 20:38:04,904 | ERROR   | Solver failed | status=4 | SQP it=1 | KKT=1.67e+02 | t=0.001s
2025-06-28 20:38:04,905 | ERROR   | Dump saved → debug_logs/fail/tick0177.json
2025-06-28 20:38:04,933 | ERROR   | Solver failed | status=4 | SQP it=1 | KKT=1.67e+02 | t=0.001s
2025-06-28 20:38:04,934 | ERROR   | Dump saved → debug_logs/fail/tick0178.json
2025-06-28 20:38:04,964 | ERROR   | Solver failed | status=4 | SQP it=1 | KKT=1.67e+02 | t=0.001s
2025-06-28 20:38:04,965 | ERROR   | Dump saved → debug_logs/fail/tick0179.json
2025-06-28 20:38:04,993 | ERROR   | Solver failed | status=4 | SQP it=1 | KKT=1.67e+02 | t=0.001s
2025-06-28 20:38:04,994 | ERROR   | Dump saved → debug_logs/fail/tick0180.json
2025-06-28 20:38:05,023 | ERROR   | Solver failed | status=4 | SQP it=1 | KKT=1.67e+02 | t=0.001s
2025-06-28 20:38:05,024 | ERROR   | Dump saved → debug_logs/fail/tick0181.json
2025-06-28 20:38:08,529 | ERROR   | Solver failed | status=4 | SQP it=38 | KKT=3.68e-12 | t=0.026s
2025-06-28 20:38:08,531 | ERROR   | Dump saved → debug_logs/fail/tick0289.json
2025-06-28 20:38:08,556 | ERROR   | Solver failed | status=4 | SQP it=1 | KKT=4.15e+01 | t=0.001s
2025-06-28 20:38:08,557 | ERROR   | Dump saved → debug_logs/fail/tick0290.json
2025-06-28 20:38:08,583 | ERROR   | Solver failed | status=4 | SQP it=1 | KKT=4.15e+01 | t=0.001s
2025-06-28 20:38:08,584 | ERROR   | Dump saved → debug_logs/fail/tick0291.json
2025-06-28 20:38:08,610 | ERROR   | Solver failed | status=4 | SQP it=1 | KKT=4.15e+01 | t=0.001s
2025-06-28 20:38:08,611 | ERROR   | Dump saved → debug_logs/fail/tick0292.json
2025-06-28 20:38:08,637 | ERROR   | Solver failed | status=4 | SQP it=1 | KKT=4.15e+01 | t=0.001s
2025-06-28 20:38:08,638 | ERROR   | Dump saved → debug_logs/fail/tick0293.json
2025-06-28 20:38:08,664 | ERROR   | Solver failed | status=4 | SQP it=1 | KKT=4.15e+01 | t=0.001s
2025-06-28 20:38:08,665 | ERROR   | Dump saved → debug_logs/fail/tick0294.json
2025-06-28 20:38:10,855 | INFO    | ===== INITIAL STATE DUMP =====
2025-06-28 20:38:10,855 | DEBUG   | {
  "xcurrent": [
    0.9253160953521729,
    1.5966298580169678,
    0.08185441792011261,
    0.0,
    0.0,
    0.0
  ],
  "params": {
    "QC": 10,
    "QC_GATE": 50,
    "QL": 40,
    "MU": 10,
    "DVTHETA_MAX": 1.6,
    "N": 20,
    "T_HORIZON": 0.7,
    "RAMP_TIME": 0.7,
    "BARRIER_WEIGHT": 10,
    "OBSTACLE_WEIGHT": [
      50,
      50,
      50,
      50
    ],
    "OBSTACLE_RADIUS": 0.15,
    "OBSTACLE_ALPHA": 100.0,
    "TUNNEL_WIDTH": 0.4,
    "TUNNEL_WIDTH_GATE": 0.15,
    "NARROW_DIST": 0.6,
    "GATE_FLAT_DIST": 0.45,
    "Q_OMEGA": 2,
    "R_VTHETA": 1.0,
    "REG_THRUST": 0.02,
    "REG_INPUTS": 0.8
  },
  "box_lims": {
    "vtheta_max": 1.6,
    "dvtheta_max": 1.6
  }
}
2025-06-28 20:38:13,140 | ERROR   | Solver failed | status=4 | SQP it=9 | KKT=1.78e-15 | t=0.007s
2025-06-28 20:38:13,142 | ERROR   | Dump saved → debug_logs/fail/tick0070.json
2025-06-28 20:38:13,170 | ERROR   | Solver failed | status=4 | SQP it=1 | KKT=3.03e+02 | t=0.001s
2025-06-28 20:38:13,170 | ERROR   | Dump saved → debug_logs/fail/tick0071.json
2025-06-28 20:38:13,197 | ERROR   | Solver failed | status=4 | SQP it=1 | KKT=3.03e+02 | t=0.001s
2025-06-28 20:38:13,197 | ERROR   | Dump saved → debug_logs/fail/tick0072.json
2025-06-28 20:38:13,226 | ERROR   | Solver failed | status=4 | SQP it=1 | KKT=3.05e+02 | t=0.001s
2025-06-28 20:38:13,227 | ERROR   | Dump saved → debug_logs/fail/tick0073.json
2025-06-28 20:38:13,255 | ERROR   | Solver failed | status=4 | SQP it=1 | KKT=3.05e+02 | t=0.001s
2025-06-28 20:38:13,256 | ERROR   | Dump saved → debug_logs/fail/tick0074.json
2025-06-28 20:38:13,286 | ERROR   | Solver failed | status=4 | SQP it=1 | KKT=3.05e+02 | t=0.001s
2025-06-28 20:38:13,287 | ERROR   | Dump saved → debug_logs/fail/tick0075.json
2025-06-28 20:38:13,316 | ERROR   | Solver failed | status=4 | SQP it=1 | KKT=3.05e+02 | t=0.001s
2025-06-28 20:38:13,317 | ERROR   | Dump saved → debug_logs/fail/tick0076.json
2025-06-28 20:38:13,345 | ERROR   | Solver failed | status=4 | SQP it=1 | KKT=3.06e+02 | t=0.001s
2025-06-28 20:38:13,346 | ERROR   | Dump saved → debug_logs/fail/tick0077.json
2025-06-28 20:38:13,377 | ERROR   | Solver failed | status=4 | SQP it=1 | KKT=3.06e+02 | t=0.001s
2025-06-28 20:38:13,377 | ERROR   | Dump saved → debug_logs/fail/tick0078.json
2025-06-28 20:38:13,404 | ERROR   | Solver failed | status=4 | SQP it=1 | KKT=3.06e+02 | t=0.002s
2025-06-28 20:38:13,404 | ERROR   | Dump saved → debug_logs/fail/tick0079.json
2025-06-28 20:38:13,430 | ERROR   | Solver failed | status=4 | SQP it=1 | KKT=3.07e+02 | t=0.001s
2025-06-28 20:38:13,430 | ERROR   | Dump saved → debug_logs/fail/tick0080.json
2025-06-28 20:38:13,457 | ERROR   | Solver failed | status=4 | SQP it=1 | KKT=3.07e+02 | t=0.002s
2025-06-28 20:38:13,458 | ERROR   | Dump saved → debug_logs/fail/tick0081.json
2025-06-28 20:38:13,485 | ERROR   | Solver failed | status=4 | SQP it=1 | KKT=3.07e+02 | t=0.003s
2025-06-28 20:38:13,486 | ERROR   | Dump saved → debug_logs/fail/tick0082.json
2025-06-28 20:38:13,514 | ERROR   | Solver failed | status=4 | SQP it=1 | KKT=3.07e+02 | t=0.002s
2025-06-28 20:38:13,514 | ERROR   | Dump saved → debug_logs/fail/tick0083.json
2025-06-28 20:38:13,554 | ERROR   | Solver failed | status=4 | SQP it=9 | KKT=6.66e-16 | t=0.013s
2025-06-28 20:38:13,555 | ERROR   | Dump saved → debug_logs/fail/tick0084.json
2025-06-28 20:38:13,580 | ERROR   | Solver failed | status=4 | SQP it=1 | KKT=2.99e+02 | t=0.001s
2025-06-28 20:38:13,581 | ERROR   | Dump saved → debug_logs/fail/tick0085.json
2025-06-28 20:38:13,606 | ERROR   | Solver failed | status=4 | SQP it=1 | KKT=2.99e+02 | t=0.001s
2025-06-28 20:38:13,607 | ERROR   | Dump saved → debug_logs/fail/tick0086.json
2025-06-28 20:38:13,655 | ERROR   | Solver failed | status=4 | SQP it=25 | KKT=1.23e-08 | t=0.022s
2025-06-28 20:38:13,655 | ERROR   | Dump saved → debug_logs/fail/tick0087.json
2025-06-28 20:38:13,682 | ERROR   | Solver failed | status=4 | SQP it=1 | KKT=1.08e+02 | t=0.001s
2025-06-28 20:38:13,682 | ERROR   | Dump saved → debug_logs/fail/tick0088.json
2025-06-28 20:38:13,711 | ERROR   | Solver failed | status=4 | SQP it=1 | KKT=1.08e+02 | t=0.001s
2025-06-28 20:38:13,711 | ERROR   | Dump saved → debug_logs/fail/tick0089.json
2025-06-28 20:38:13,777 | ERROR   | Solver failed | status=4 | SQP it=44 | KKT=1.02e-08 | t=0.039s
2025-06-28 20:38:13,777 | ERROR   | Dump saved → debug_logs/fail/tick0090.json
2025-06-28 20:38:13,803 | ERROR   | Solver failed | status=4 | SQP it=1 | KKT=1.19e+02 | t=0.001s
2025-06-28 20:38:13,804 | ERROR   | Dump saved → debug_logs/fail/tick0091.json
2025-06-28 20:38:13,829 | ERROR   | Solver failed | status=4 | SQP it=1 | KKT=1.19e+02 | t=0.001s
2025-06-28 20:38:13,830 | ERROR   | Dump saved → debug_logs/fail/tick0092.json
2025-06-28 20:38:13,856 | ERROR   | Solver failed | status=4 | SQP it=1 | KKT=1.19e+02 | t=0.001s
2025-06-28 20:38:13,856 | ERROR   | Dump saved → debug_logs/fail/tick0093.json
2025-06-28 20:38:13,882 | ERROR   | Solver failed | status=4 | SQP it=1 | KKT=1.19e+02 | t=0.001s
2025-06-28 20:38:13,883 | ERROR   | Dump saved → debug_logs/fail/tick0094.json
2025-06-28 20:38:13,910 | ERROR   | Solver failed | status=4 | SQP it=1 | KKT=1.19e+02 | t=0.001s
2025-06-28 20:38:13,911 | ERROR   | Dump saved → debug_logs/fail/tick0095.json
2025-06-28 20:38:13,938 | ERROR   | Solver failed | status=4 | SQP it=1 | KKT=1.19e+02 | t=0.001s
2025-06-28 20:38:13,939 | ERROR   | Dump saved → debug_logs/fail/tick0096.json
2025-06-28 20:38:13,965 | ERROR   | Solver failed | status=4 | SQP it=1 | KKT=1.19e+02 | t=0.001s
2025-06-28 20:38:13,965 | ERROR   | Dump saved → debug_logs/fail/tick0097.json
2025-06-28 20:38:13,992 | ERROR   | Solver failed | status=4 | SQP it=1 | KKT=1.19e+02 | t=0.001s
2025-06-28 20:38:13,993 | ERROR   | Dump saved → debug_logs/fail/tick0098.json
2025-06-28 20:38:14,020 | ERROR   | Solver failed | status=4 | SQP it=1 | KKT=1.19e+02 | t=0.001s
2025-06-28 20:38:14,021 | ERROR   | Dump saved → debug_logs/fail/tick0099.json
2025-06-28 20:38:14,049 | ERROR   | Solver failed | status=4 | SQP it=1 | KKT=1.19e+02 | t=0.001s
2025-06-28 20:38:14,049 | ERROR   | Dump saved → debug_logs/fail/tick0100.json
2025-06-28 20:38:14,078 | ERROR   | Solver failed | status=4 | SQP it=1 | KKT=1.19e+02 | t=0.001s
2025-06-28 20:38:14,078 | ERROR   | Dump saved → debug_logs/fail/tick0101.json
2025-06-28 20:38:14,106 | ERROR   | Solver failed | status=4 | SQP it=1 | KKT=1.19e+02 | t=0.001s
2025-06-28 20:38:14,106 | ERROR   | Dump saved → debug_logs/fail/tick0102.json
2025-06-28 20:38:14,134 | ERROR   | Solver failed | status=4 | SQP it=1 | KKT=1.19e+02 | t=0.001s
2025-06-28 20:38:14,135 | ERROR   | Dump saved → debug_logs/fail/tick0103.json
2025-06-28 20:38:14,164 | ERROR   | Solver failed | status=4 | SQP it=1 | KKT=1.19e+02 | t=0.001s
2025-06-28 20:38:14,164 | ERROR   | Dump saved → debug_logs/fail/tick0104.json
2025-06-28 20:38:14,194 | ERROR   | Solver failed | status=4 | SQP it=1 | KKT=1.19e+02 | t=0.001s
2025-06-28 20:38:14,194 | ERROR   | Dump saved → debug_logs/fail/tick0105.json
2025-06-28 20:38:14,226 | ERROR   | Solver failed | status=4 | SQP it=1 | KKT=1.20e+02 | t=0.001s
2025-06-28 20:38:14,226 | ERROR   | Dump saved → debug_logs/fail/tick0106.json
2025-06-28 20:38:14,256 | ERROR   | Solver failed | status=4 | SQP it=1 | KKT=1.20e+02 | t=0.001s
2025-06-28 20:38:14,256 | ERROR   | Dump saved → debug_logs/fail/tick0107.json
2025-06-28 20:38:14,286 | ERROR   | Solver failed | status=4 | SQP it=1 | KKT=1.20e+02 | t=0.001s
2025-06-28 20:38:14,287 | ERROR   | Dump saved → debug_logs/fail/tick0108.json
2025-06-28 20:38:15,676 | INFO    | ===== INITIAL STATE DUMP =====
2025-06-28 20:38:15,677 | DEBUG   | {
  "xcurrent": [
    0.9283809661865234,
    1.4299122095108032,
    0.07925388962030411,
    0.0,
    0.0,
    0.0
  ],
  "params": {
    "QC": 10,
    "QC_GATE": 50,
    "QL": 40,
    "MU": 10,
    "DVTHETA_MAX": 1.6,
    "N": 20,
    "T_HORIZON": 0.7,
    "RAMP_TIME": 0.7,
    "BARRIER_WEIGHT": 10,
    "OBSTACLE_WEIGHT": [
      50,
      50,
      50,
      50
    ],
    "OBSTACLE_RADIUS": 0.15,
    "OBSTACLE_ALPHA": 100.0,
    "TUNNEL_WIDTH": 0.4,
    "TUNNEL_WIDTH_GATE": 0.15,
    "NARROW_DIST": 0.6,
    "GATE_FLAT_DIST": 0.45,
    "Q_OMEGA": 2,
    "R_VTHETA": 1.0,
    "REG_THRUST": 0.02,
    "REG_INPUTS": 0.8
  },
  "box_lims": {
    "vtheta_max": 1.6,
    "dvtheta_max": 1.6
  }
}
2025-06-28 20:38:21,566 | ERROR   | Solver failed | status=4 | SQP it=7 | KKT=1.00e+00 | t=0.006s
2025-06-28 20:38:21,568 | ERROR   | Dump saved → debug_logs/fail/tick0154.json
2025-06-28 20:38:21,611 | ERROR   | Solver failed | status=4 | SQP it=1 | KKT=1.30e+02 | t=0.001s
2025-06-28 20:38:21,612 | ERROR   | Dump saved → debug_logs/fail/tick0155.json
2025-06-28 20:38:21,646 | ERROR   | Solver failed | status=4 | SQP it=1 | KKT=1.30e+02 | t=0.001s
2025-06-28 20:38:21,647 | ERROR   | Dump saved → debug_logs/fail/tick0156.json
2025-06-28 20:38:21,677 | ERROR   | Solver failed | status=4 | SQP it=1 | KKT=1.30e+02 | t=0.001s
2025-06-28 20:38:21,678 | ERROR   | Dump saved → debug_logs/fail/tick0157.json
2025-06-28 20:38:21,711 | ERROR   | Solver failed | status=4 | SQP it=1 | KKT=1.30e+02 | t=0.001s
2025-06-28 20:38:21,711 | ERROR   | Dump saved → debug_logs/fail/tick0158.json
2025-06-28 20:38:21,751 | ERROR   | Solver failed | status=4 | SQP it=8 | KKT=3.91e-14 | t=0.007s
2025-06-28 20:38:21,752 | ERROR   | Dump saved → debug_logs/fail/tick0159.json
2025-06-28 20:38:21,797 | ERROR   | Solver failed | status=4 | SQP it=1 | KKT=7.00e+01 | t=0.001s
2025-06-28 20:38:21,798 | ERROR   | Dump saved → debug_logs/fail/tick0160.json
2025-06-28 20:38:21,827 | ERROR   | Solver failed | status=4 | SQP it=1 | KKT=7.00e+01 | t=0.001s
2025-06-28 20:38:21,827 | ERROR   | Dump saved → debug_logs/fail/tick0161.json
2025-06-28 20:38:21,860 | ERROR   | Solver failed | status=4 | SQP it=1 | KKT=7.00e+01 | t=0.001s
2025-06-28 20:38:21,861 | ERROR   | Dump saved → debug_logs/fail/tick0162.json
2025-06-28 20:38:21,894 | ERROR   | Solver failed | status=4 | SQP it=1 | KKT=7.00e+01 | t=0.001s
2025-06-28 20:38:21,894 | ERROR   | Dump saved → debug_logs/fail/tick0163.json
2025-06-28 20:38:21,928 | ERROR   | Solver failed | status=4 | SQP it=1 | KKT=7.00e+01 | t=0.001s
2025-06-28 20:38:21,928 | ERROR   | Dump saved → debug_logs/fail/tick0164.json
2025-06-28 20:38:21,985 | ERROR   | Solver failed | status=4 | SQP it=31 | KKT=2.61e-08 | t=0.025s
2025-06-28 20:38:21,986 | ERROR   | Dump saved → debug_logs/fail/tick0165.json
2025-06-28 20:38:22,027 | ERROR   | Solver failed | status=4 | SQP it=1 | KKT=6.49e+00 | t=0.001s
2025-06-28 20:38:22,028 | ERROR   | Dump saved → debug_logs/fail/tick0166.json
2025-06-28 20:38:22,060 | ERROR   | Solver failed | status=4 | SQP it=1 | KKT=6.49e+00 | t=0.000s
2025-06-28 20:38:22,061 | ERROR   | Dump saved → debug_logs/fail/tick0167.json
2025-06-28 20:38:22,094 | ERROR   | Solver failed | status=4 | SQP it=1 | KKT=6.49e+00 | t=0.001s
2025-06-28 20:38:22,095 | ERROR   | Dump saved → debug_logs/fail/tick0168.json
2025-06-28 20:38:22,127 | ERROR   | Solver failed | status=4 | SQP it=1 | KKT=6.49e+00 | t=0.000s
2025-06-28 20:38:22,128 | ERROR   | Dump saved → debug_logs/fail/tick0169.json
2025-06-28 20:38:22,161 | ERROR   | Solver failed | status=4 | SQP it=1 | KKT=6.49e+00 | t=0.001s
2025-06-28 20:38:22,162 | ERROR   | Dump saved → debug_logs/fail/tick0170.json
2025-06-28 20:38:22,194 | ERROR   | Solver failed | status=4 | SQP it=1 | KKT=6.49e+00 | t=0.001s
2025-06-28 20:38:22,194 | ERROR   | Dump saved → debug_logs/fail/tick0171.json
2025-06-28 20:38:22,227 | ERROR   | Solver failed | status=4 | SQP it=1 | KKT=6.49e+00 | t=0.000s
2025-06-28 20:38:22,228 | ERROR   | Dump saved → debug_logs/fail/tick0172.json
2025-06-28 20:38:22,260 | ERROR   | Solver failed | status=4 | SQP it=1 | KKT=6.49e+00 | t=0.001s
2025-06-28 20:38:22,261 | ERROR   | Dump saved → debug_logs/fail/tick0173.json
2025-06-28 20:38:22,296 | ERROR   | Solver failed | status=4 | SQP it=1 | KKT=6.49e+00 | t=0.001s
2025-06-28 20:38:22,297 | ERROR   | Dump saved → debug_logs/fail/tick0174.json
