2025-06-28 19:26:21,941 | INFO    | ===== INITIAL STATE DUMP =====
2025-06-28 19:26:21,941 | DEBUG   | {
  "xcurrent": [
    1.089695930480957,
    1.4088244438171387,
    0.08456537127494812,
    0.0,
    0.0,
    0.0
  ],
  "params": {
    "QC": 10,
    "QC_GATE": 50,
    "QL": 40,
    "MU": 10,
    "DVTHETA_MAX": 1.6,
    "N": 20,
    "T_HORIZON": 0.7,
    "RAMP_TIME": 0.6,
    "BARRIER_WEIGHT": 10,
    "OBSTACLE_WEIGHT": [
      50,
      100,
      100,
      50
    ],
    "OBSTACLE_RADIUS": 0.4,
    "TUNNEL_WIDTH": 0.4,
    "TUNNEL_WIDTH_GATE": 0.15,
    "NARROW_DIST": 0.6,
    "GATE_FLAT_DIST": 0.45,
    "Q_OMEGA": 2,
    "R_VTHETA": 1.0,
    "REG_THRUST": 0.05,
    "REG_INPUTS": 0.03
  },
  "box_lims": {
    "vtheta_max": 1.6,
    "dvtheta_max": 1.6
  }
}
2025-06-28 19:26:29,857 | ERROR   | Solver failed | status=4 | SQP it=14 | KKT=8.65e-08 | t=0.012s
2025-06-28 19:26:29,858 | ERROR   | Dump saved → debug_logs/fail/tick0088.json
2025-06-28 19:26:31,356 | ERROR   | Solver failed | status=4 | SQP it=24 | KKT=1.94e-08 | t=0.038s
2025-06-28 19:26:31,357 | ERROR   | Dump saved → debug_logs/fail/tick0089.json
2025-06-28 19:26:31,391 | ERROR   | Solver failed | status=4 | SQP it=1 | KKT=1.17e+01 | t=0.002s
2025-06-28 19:26:31,392 | ERROR   | Dump saved → debug_logs/fail/tick0090.json
2025-06-28 19:26:31,426 | ERROR   | Solver failed | status=4 | SQP it=1 | KKT=1.16e+01 | t=0.002s
2025-06-28 19:26:31,427 | ERROR   | Dump saved → debug_logs/fail/tick0091.json
2025-06-28 19:26:31,457 | ERROR   | Solver failed | status=4 | SQP it=4 | KKT=1.94e-08 | t=0.003s
2025-06-28 19:26:31,458 | ERROR   | Dump saved → debug_logs/fail/tick0092.json
2025-06-28 19:26:31,510 | ERROR   | Solver failed | status=4 | SQP it=30 | KKT=1.48e-09 | t=0.026s
2025-06-28 19:26:31,511 | ERROR   | Dump saved → debug_logs/fail/tick0093.json
2025-06-28 19:26:31,555 | ERROR   | Solver failed | status=4 | SQP it=23 | KKT=6.13e-09 | t=0.019s
2025-06-28 19:26:31,555 | ERROR   | Dump saved → debug_logs/fail/tick0094.json
2025-06-28 19:26:31,631 | ERROR   | Solver failed | status=4 | SQP it=60 | KKT=4.24e-11 | t=0.048s
2025-06-28 19:26:31,632 | ERROR   | Dump saved → debug_logs/fail/tick0095.json
2025-06-28 19:26:31,661 | ERROR   | Solver failed | status=4 | SQP it=1 | KKT=3.38e+01 | t=0.002s
2025-06-28 19:26:31,661 | ERROR   | Dump saved → debug_logs/fail/tick0096.json
2025-06-28 19:26:31,690 | ERROR   | Solver failed | status=4 | SQP it=1 | KKT=3.38e+01 | t=0.002s
2025-06-28 19:26:31,690 | ERROR   | Dump saved → debug_logs/fail/tick0097.json
2025-06-28 19:26:34,428 | INFO    | ===== INITIAL STATE DUMP =====
2025-06-28 19:26:34,428 | DEBUG   | {
  "xcurrent": [
    1.0936769247055054,
    1.4891141653060913,
    0.07114263623952866,
    0.0,
    0.0,
    0.0
  ],
  "params": {
    "QC": 10,
    "QC_GATE": 50,
    "QL": 40,
    "MU": 10,
    "DVTHETA_MAX": 1.6,
    "N": 20,
    "T_HORIZON": 0.7,
    "RAMP_TIME": 0.6,
    "BARRIER_WEIGHT": 10,
    "OBSTACLE_WEIGHT": [
      50,
      100,
      100,
      50
    ],
    "OBSTACLE_RADIUS": 0.4,
    "TUNNEL_WIDTH": 0.4,
    "TUNNEL_WIDTH_GATE": 0.15,
    "NARROW_DIST": 0.6,
    "GATE_FLAT_DIST": 0.45,
    "Q_OMEGA": 2,
    "R_VTHETA": 1.0,
    "REG_THRUST": 0.05,
    "REG_INPUTS": 0.03
  },
  "box_lims": {
    "vtheta_max": 1.6,
    "dvtheta_max": 1.6
  }
}
