2025-06-08 22:46:28,717 | INFO    | ===== INITIAL STATE DUMP =====
2025-06-08 22:46:28,718 | DEBUG   | {
  "xcurrent": [
    1.089695930480957,
    1.4088244438171387,
    0.08456537127494812,
    0.0,
    0.0,
    0.0
  ],
  "params": {
    "QC": 10,
    "QL": 80,
    "MU": 10,
    "DVTHETA_MAX": 1.0,
    "N": 30,
    "T_HORIZON": 1.5,
    "RAMP_TIME": 1.8,
    "BARRIER_WEIGHT": 10,
    "TUNNEL_WIDTH": 0.35,
    "TUNNEL_WIDTH_GATE": 0.25,
    "Q_OMEGA": 2,
    "R_VTHETA": 1.0,
    "IN_GATE_RAMP_TIME": 0.4,
    "OUT_GATE_RAMP_TIME": 1
  },
  "box_lims": {
    "vtheta_max": 1.0,
    "dvtheta_max": 1.0
  }
}
2025-06-08 22:46:37,999 | ERROR   | Solver failed | status=1 | SQP it=4 | KKT=4.19e-10 | t=0.007s
2025-06-08 22:46:38,000 | ERROR   | Dump saved → debug_logs/fail/tick0074.json
2025-06-08 22:46:38,034 | ERROR   | Solver failed | status=1 | SQP it=0 | KKT=nan | t=0.000s
2025-06-08 22:46:38,035 | ERROR   | Dump saved → debug_logs/fail/tick0075.json
2025-06-08 22:46:38,065 | ERROR   | Solver failed | status=1 | SQP it=0 | KKT=nan | t=0.000s
2025-06-08 22:46:38,065 | ERROR   | Dump saved → debug_logs/fail/tick0076.json
2025-06-08 22:46:38,100 | ERROR   | Solver failed | status=1 | SQP it=0 | KKT=nan | t=0.000s
2025-06-08 22:46:38,100 | ERROR   | Dump saved → debug_logs/fail/tick0077.json
2025-06-08 22:46:38,130 | ERROR   | Solver failed | status=1 | SQP it=0 | KKT=nan | t=0.000s
2025-06-08 22:46:38,131 | ERROR   | Dump saved → debug_logs/fail/tick0078.json
2025-06-08 22:46:38,160 | ERROR   | Solver failed | status=1 | SQP it=0 | KKT=nan | t=0.000s
2025-06-08 22:46:38,161 | ERROR   | Dump saved → debug_logs/fail/tick0079.json
2025-06-08 22:46:38,192 | ERROR   | Solver failed | status=1 | SQP it=0 | KKT=nan | t=0.000s
2025-06-08 22:46:38,193 | ERROR   | Dump saved → debug_logs/fail/tick0080.json
2025-06-08 22:46:38,222 | ERROR   | Solver failed | status=1 | SQP it=0 | KKT=nan | t=0.000s
2025-06-08 22:46:38,223 | ERROR   | Dump saved → debug_logs/fail/tick0081.json
2025-06-08 22:46:38,250 | ERROR   | Solver failed | status=1 | SQP it=0 | KKT=nan | t=0.000s
2025-06-08 22:46:38,251 | ERROR   | Dump saved → debug_logs/fail/tick0082.json
2025-06-08 22:46:39,820 | ERROR   | Solver failed | status=1 | SQP it=0 | KKT=nan | t=0.001s
2025-06-08 22:46:39,823 | ERROR   | Dump saved → debug_logs/fail/tick0083.json
2025-06-08 22:46:39,868 | ERROR   | Solver failed | status=1 | SQP it=0 | KKT=nan | t=0.000s
2025-06-08 22:46:39,869 | ERROR   | Dump saved → debug_logs/fail/tick0084.json
2025-06-08 22:46:39,901 | ERROR   | Solver failed | status=1 | SQP it=0 | KKT=nan | t=0.000s
2025-06-08 22:46:39,902 | ERROR   | Dump saved → debug_logs/fail/tick0085.json
2025-06-08 22:46:39,938 | ERROR   | Solver failed | status=1 | SQP it=0 | KKT=nan | t=0.000s
2025-06-08 22:46:39,939 | ERROR   | Dump saved → debug_logs/fail/tick0086.json
2025-06-08 22:46:39,971 | ERROR   | Solver failed | status=1 | SQP it=0 | KKT=nan | t=0.000s
2025-06-08 22:46:39,972 | ERROR   | Dump saved → debug_logs/fail/tick0087.json
2025-06-08 22:46:40,004 | ERROR   | Solver failed | status=1 | SQP it=0 | KKT=nan | t=0.000s
2025-06-08 22:46:40,005 | ERROR   | Dump saved → debug_logs/fail/tick0088.json
2025-06-08 22:46:40,041 | ERROR   | Solver failed | status=1 | SQP it=0 | KKT=nan | t=0.000s
2025-06-08 22:46:40,042 | ERROR   | Dump saved → debug_logs/fail/tick0089.json
2025-06-08 22:46:40,070 | ERROR   | Solver failed | status=1 | SQP it=0 | KKT=nan | t=0.000s
2025-06-08 22:46:40,071 | ERROR   | Dump saved → debug_logs/fail/tick0090.json
2025-06-08 22:46:40,103 | ERROR   | Solver failed | status=1 | SQP it=0 | KKT=nan | t=0.000s
2025-06-08 22:46:40,104 | ERROR   | Dump saved → debug_logs/fail/tick0091.json
2025-06-08 22:46:40,131 | ERROR   | Solver failed | status=1 | SQP it=0 | KKT=nan | t=0.000s
2025-06-08 22:46:40,132 | ERROR   | Dump saved → debug_logs/fail/tick0092.json
2025-06-08 22:46:40,925 | ERROR   | Solver failed | status=1 | SQP it=0 | KKT=nan | t=0.001s
2025-06-08 22:46:40,927 | ERROR   | Dump saved → debug_logs/fail/tick0093.json
2025-06-08 22:46:40,976 | ERROR   | Solver failed | status=1 | SQP it=0 | KKT=nan | t=0.000s
2025-06-08 22:46:40,978 | ERROR   | Dump saved → debug_logs/fail/tick0094.json
2025-06-08 22:46:41,015 | ERROR   | Solver failed | status=1 | SQP it=0 | KKT=nan | t=0.000s
2025-06-08 22:46:41,016 | ERROR   | Dump saved → debug_logs/fail/tick0095.json
2025-06-08 22:46:41,047 | ERROR   | Solver failed | status=1 | SQP it=0 | KKT=nan | t=0.000s
2025-06-08 22:46:41,048 | ERROR   | Dump saved → debug_logs/fail/tick0096.json
2025-06-08 22:46:41,081 | ERROR   | Solver failed | status=1 | SQP it=0 | KKT=nan | t=0.000s
2025-06-08 22:46:41,082 | ERROR   | Dump saved → debug_logs/fail/tick0097.json
2025-06-08 22:46:41,112 | ERROR   | Solver failed | status=1 | SQP it=0 | KKT=nan | t=0.000s
2025-06-08 22:46:41,112 | ERROR   | Dump saved → debug_logs/fail/tick0098.json
2025-06-08 22:46:41,148 | ERROR   | Solver failed | status=1 | SQP it=0 | KKT=nan | t=0.000s
2025-06-08 22:46:41,149 | ERROR   | Dump saved → debug_logs/fail/tick0099.json
2025-06-08 22:46:41,179 | ERROR   | Solver failed | status=1 | SQP it=0 | KKT=nan | t=0.000s
2025-06-08 22:46:41,180 | ERROR   | Dump saved → debug_logs/fail/tick0100.json
2025-06-08 22:46:41,214 | ERROR   | Solver failed | status=1 | SQP it=0 | KKT=nan | t=0.000s
2025-06-08 22:46:41,215 | ERROR   | Dump saved → debug_logs/fail/tick0101.json
2025-06-08 22:46:41,244 | ERROR   | Solver failed | status=1 | SQP it=0 | KKT=nan | t=0.000s
2025-06-08 22:46:41,244 | ERROR   | Dump saved → debug_logs/fail/tick0102.json
2025-06-08 22:46:41,278 | ERROR   | Solver failed | status=1 | SQP it=0 | KKT=nan | t=0.000s
2025-06-08 22:46:41,279 | ERROR   | Dump saved → debug_logs/fail/tick0103.json
2025-06-08 22:46:41,307 | ERROR   | Solver failed | status=1 | SQP it=0 | KKT=nan | t=0.000s
2025-06-08 22:46:41,308 | ERROR   | Dump saved → debug_logs/fail/tick0104.json
2025-06-08 22:46:41,336 | ERROR   | Solver failed | status=4 | SQP it=1 | KKT=5.75e+02 | t=0.000s
2025-06-08 22:46:41,337 | ERROR   | Dump saved → debug_logs/fail/tick0105.json
