2025-06-28 18:32:56,141 | INFO    | ===== INITIAL STATE DUMP =====
2025-06-28 18:32:56,142 | DEBUG   | {
  "xcurrent": [
    1.089695930480957,
    1.4088244438171387,
    0.08456537127494812,
    0.0,
    0.0,
    0.0
  ],
  "params": {
    "QC": 10,
    "QC_GATE": 50,
    "QL": 40,
    "MU": 10,
    "DVTHETA_MAX": 1.4,
    "N": 20,
    "T_HORIZON": 0.9,
    "RAMP_TIME": 0.5,
    "BARRIER_WEIGHT": 10,
    "OBSTACLE_WEIGHT": [
      50,
      100,
      70,
      30
    ],
    "OBSTACLE_RADIUS": 0.25,
    "TUNNEL_WIDTH": 0.5,
    "TUNNEL_WIDTH_GATE": 0.15,
    "NARROW_DIST": 0.3,
    "GATE_FLAT_DIST": 0.2,
    "GATE_SWITCH_HEAD_ALIGN": 0.3,
    "Q_OMEGA": 2,
    "R_VTHETA": 1.0,
    "REG_THRUST": 0.008,
    "REG_INPUTS": 0.01
  },
  "box_lims": {
    "vtheta_max": 1.4,
    "dvtheta_max": 1.4
  }
}
2025-06-28 18:33:09,144 | ERROR   | Solver failed | status=2 | SQP it=1000 | KKT=6.52e-08 | t=0.547s
2025-06-28 18:33:09,146 | ERROR   | Dump saved → debug_logs/fail/tick0105.json
2025-06-28 18:33:11,156 | ERROR   | Solver failed | status=2 | SQP it=1000 | KKT=3.48e-09 | t=1.225s
2025-06-28 18:33:11,157 | ERROR   | Dump saved → debug_logs/fail/tick0123.json
2025-06-28 18:33:12,110 | ERROR   | Solver failed | status=4 | SQP it=923 | KKT=1.61e-10 | t=0.916s
2025-06-28 18:33:12,111 | ERROR   | Dump saved → debug_logs/fail/tick0124.json
2025-06-28 18:33:12,144 | ERROR   | Solver failed | status=4 | SQP it=1 | KKT=4.06e+02 | t=0.002s
2025-06-28 18:33:12,145 | ERROR   | Dump saved → debug_logs/fail/tick0125.json
2025-06-28 18:33:12,172 | ERROR   | Solver failed | status=4 | SQP it=1 | KKT=4.06e+02 | t=0.003s
2025-06-28 18:33:12,172 | ERROR   | Dump saved → debug_logs/fail/tick0126.json
2025-06-28 18:33:12,201 | ERROR   | Solver failed | status=4 | SQP it=1 | KKT=4.06e+02 | t=0.003s
2025-06-28 18:33:12,202 | ERROR   | Dump saved → debug_logs/fail/tick0127.json
2025-06-28 18:33:12,230 | ERROR   | Solver failed | status=4 | SQP it=1 | KKT=4.06e+02 | t=0.004s
2025-06-28 18:33:12,231 | ERROR   | Dump saved → debug_logs/fail/tick0128.json
