2025-07-03 12:19:48,267 | INFO    | ===== INITIAL STATE DUMP =====
2025-07-03 12:19:48,268 | DEBUG   | {
  "xcurrent": [
    1.089695930480957,
    1.4088244438171387,
    0.08456537127494812,
    0.0,
    0.0,
    0.0
  ],
  "params": {
    "QC": 10,
    "QL": 40,
    "MU": 10,
    "DVTHETA_MAX": 1.0,
    "N": 20,
    "T_HORIZON": 0.7,
    "RAMP_TIME": 1.8,
    "BW_RAMP": 1,
    "BARRIER_WEIGHT": 100,
    "TUNNEL_WIDTH": 0.4,
    "TUNNEL_WIDTH_GATE": 0.15,
    "NARROW_DIST": 0.7,
    "GATE_FLAT_DIST": 0.1,
    "Q_OMEGA": 0,
    "R_VTHETA": 1.0,
    "REG_THRUST": 0.0001,
    "REG_INPUTS": 0.09
  },
  "box_lims": {
    "vtheta_max": 1.0,
    "dvtheta_max": 1.0
  }
}
2025-07-03 12:19:50,137 | ERROR   | Solver failed | status=2 | SQP it=1000 | KKT=6.20e-08 | t=0.275s
2025-07-03 12:19:50,138 | ERROR   | Dump saved → debug_logs/fail/tick0014.json
2025-07-03 12:19:59,016 | ERROR   | Solver failed | status=2 | SQP it=1000 | KKT=7.11e-13 | t=0.837s
2025-07-03 12:19:59,017 | ERROR   | Dump saved → debug_logs/fail/tick0100.json
2025-07-03 12:19:59,892 | ERROR   | Solver failed | status=2 | SQP it=1000 | KKT=7.91e-09 | t=0.844s
2025-07-03 12:19:59,893 | ERROR   | Dump saved → debug_logs/fail/tick0101.json
2025-07-03 12:20:02,035 | ERROR   | Solver failed | status=2 | SQP it=1000 | KKT=1.42e-08 | t=0.831s
2025-07-03 12:20:02,035 | ERROR   | Dump saved → debug_logs/fail/tick0102.json
2025-07-03 12:20:02,878 | ERROR   | Solver failed | status=2 | SQP it=1000 | KKT=1.08e-12 | t=0.814s
2025-07-03 12:20:02,879 | ERROR   | Dump saved → debug_logs/fail/tick0103.json
2025-07-03 12:20:03,752 | ERROR   | Solver failed | status=2 | SQP it=1000 | KKT=1.33e-08 | t=0.841s
2025-07-03 12:20:03,754 | ERROR   | Dump saved → debug_logs/fail/tick0104.json
2025-07-03 12:20:04,764 | ERROR   | Solver failed | status=2 | SQP it=1000 | KKT=5.38e-08 | t=0.739s
2025-07-03 12:20:04,765 | ERROR   | Dump saved → debug_logs/fail/tick0109.json
2025-07-03 12:20:05,645 | ERROR   | Solver failed | status=2 | SQP it=1000 | KKT=3.65e-12 | t=0.835s
2025-07-03 12:20:05,647 | ERROR   | Dump saved → debug_logs/fail/tick0110.json
2025-07-03 12:20:06,569 | ERROR   | Solver failed | status=2 | SQP it=1000 | KKT=5.03e-09 | t=0.890s
2025-07-03 12:20:06,569 | ERROR   | Dump saved → debug_logs/fail/tick0111.json
2025-07-03 12:20:07,459 | ERROR   | Solver failed | status=2 | SQP it=1000 | KKT=2.78e-08 | t=0.861s
2025-07-03 12:20:07,459 | ERROR   | Dump saved → debug_logs/fail/tick0112.json
2025-07-03 12:20:08,319 | ERROR   | Solver failed | status=2 | SQP it=1000 | KKT=2.90e-10 | t=0.825s
2025-07-03 12:20:08,320 | ERROR   | Dump saved → debug_logs/fail/tick0113.json
