2025-06-28 15:32:33,049 | INFO    | ===== INITIAL STATE DUMP =====
2025-06-28 15:32:33,049 | DEBUG   | {
  "xcurrent": [
    1.089695930480957,
    1.4088244438171387,
    0.08456537127494812,
    0.0,
    0.0,
    0.0
  ],
  "params": {
    "QC": 10,
    "QC_GATE": 50,
    "QL": 40,
    "MU": 10,
    "DVTHETA_MAX": 1.0,
    "N": 20,
    "T_HORIZON": 0.8,
    "RAMP_TIME": 0.6,
    "BARRIER_WEIGHT": 10,
    "OBSTACLE_WEIGHT": 80,
    "OBSTACLE_RADIUS": 0.3,
    "TUNNEL_WIDTH": 0.4,
    "TUNNEL_WIDTH_GATE": 0.15,
    "NARROW_DIST": 0.6,
    "GATE_FLAT_DIST": 0.3,
    "BACK_FLAT_DIST": 0.2,
    "BACK_RAMP_DIST": 0.6,
    "Q_OMEGA": 2,
    "R_VTHETA": 1.0,
    "REG_THRUST": 0.018,
    "REG_INPUTS": 0.1
  },
  "box_lims": {
    "vtheta_max": 1.0,
    "dvtheta_max": 1.0
  }
}
2025-06-28 15:32:36,474 | ERROR   | Solver failed | status=4 | SQP it=1 | KKT=9.55e-01 | t=0.002s
2025-06-28 15:32:36,474 | ERROR   | Dump saved → debug_logs/fail/tick0071.json
2025-06-28 15:32:36,507 | ERROR   | Solver failed | status=4 | SQP it=1 | KKT=9.55e-01 | t=0.002s
2025-06-28 15:32:36,508 | ERROR   | Dump saved → debug_logs/fail/tick0072.json
2025-06-28 15:32:36,541 | ERROR   | Solver failed | status=4 | SQP it=1 | KKT=9.55e-01 | t=0.001s
2025-06-28 15:32:36,541 | ERROR   | Dump saved → debug_logs/fail/tick0073.json
2025-06-28 15:32:36,573 | ERROR   | Solver failed | status=4 | SQP it=1 | KKT=9.55e-01 | t=0.001s
2025-06-28 15:32:36,574 | ERROR   | Dump saved → debug_logs/fail/tick0074.json
2025-06-28 15:32:36,632 | ERROR   | Solver failed | status=4 | SQP it=29 | KKT=1.44e-09 | t=0.027s
2025-06-28 15:32:36,633 | ERROR   | Dump saved → debug_logs/fail/tick0075.json
2025-06-28 15:32:36,665 | ERROR   | Solver failed | status=4 | SQP it=1 | KKT=7.73e+01 | t=0.002s
2025-06-28 15:32:36,666 | ERROR   | Dump saved → debug_logs/fail/tick0076.json
2025-06-28 15:32:36,698 | ERROR   | Solver failed | status=4 | SQP it=1 | KKT=7.73e+01 | t=0.002s
2025-06-28 15:32:36,699 | ERROR   | Dump saved → debug_logs/fail/tick0077.json
2025-06-28 15:32:36,731 | ERROR   | Solver failed | status=4 | SQP it=1 | KKT=7.73e+01 | t=0.002s
2025-06-28 15:32:36,731 | ERROR   | Dump saved → debug_logs/fail/tick0078.json
2025-06-28 15:32:36,812 | ERROR   | Solver failed | status=4 | SQP it=55 | KKT=8.88e-08 | t=0.050s
2025-06-28 15:32:36,813 | ERROR   | Dump saved → debug_logs/fail/tick0079.json
2025-06-28 15:32:36,844 | ERROR   | Solver failed | status=4 | SQP it=1 | KKT=1.70e+02 | t=0.001s
2025-06-28 15:32:36,844 | ERROR   | Dump saved → debug_logs/fail/tick0080.json
2025-06-28 15:32:36,874 | ERROR   | Solver failed | status=4 | SQP it=1 | KKT=1.70e+02 | t=0.001s
2025-06-28 15:32:36,875 | ERROR   | Dump saved → debug_logs/fail/tick0081.json
2025-06-28 15:32:36,906 | ERROR   | Solver failed | status=4 | SQP it=1 | KKT=1.70e+02 | t=0.001s
2025-06-28 15:32:36,907 | ERROR   | Dump saved → debug_logs/fail/tick0082.json
