2025-06-29 17:03:37,492 | INFO    | ===== INITIAL STATE DUMP =====
2025-06-29 17:03:37,492 | DEBUG   | {
  "xcurrent": [
    1.089695930480957,
    1.4088244438171387,
    0.08456537127494812,
    0.0,
    0.0,
    0.0
  ],
  "params": {
    "QC": 10,
    "QL": 40,
    "MU": 10,
    "DVTHETA_MAX": 1.7,
    "N": 20,
    "T_HORIZON": 1.0,
    "RAMP_TIME": 1.8,
    "BW_RAMP": 1.0,
    "BARRIER_WEIGHT": 10,
    "TUNNEL_WIDTH": 0.4,
    "TUNNEL_WIDTH_GATE": 0.15,
    "NARROW_DIST": 0.7,
    "GATE_FLAT_DIST": 0.2,
    "Q_OMEGA": 2,
    "R_VTHETA": 1.0,
    "IN_GATE_RAMP_TIME": 0.3,
    "OUT_GATE_RAMP_TIME": 0.5,
    "REG_THRUST": 0.018,
    "REG_INPUTS": 0.1
  },
  "box_lims": {
    "vtheta_max": 1.7,
    "dvtheta_max": 1.7
  }
}
2025-06-29 17:03:38,947 | ERROR   | Solver failed | status=2 | SQP it=1000 | KKT=1.07e-08 | t=0.220s
2025-06-29 17:03:38,949 | ERROR   | Dump saved → debug_logs/fail/tick0005.json
