2025-06-06 19:03:28,201 | INFO    | ===== INITIAL STATE DUMP =====
2025-06-06 19:03:28,202 | DEBUG   | {
  "xcurrent": [
    1.089695930480957,
    1.4088244438171387,
    0.08456537127494812,
    0.0,
    0.0,
    0.0
  ],
  "params": {
    "QC": 10,
    "QL": 80,
    "MU": 10,
    "DVTHETA_MAX": 1.9,
    "N": 20,
    "T_HORIZON": 1.5,
    "RAMP_TIME": 1.8,
    "BARRIER_WEIGHT": 10,
    "TUNNEL_WIDTH": 0.5,
    "TUNNEL_WIDTH_GATE": 0.2,
    "Q_OMEGA": 2,
    "R_VTHETA": 1.0,
    "IN_GATE_RAMP_TIME": 0.35,
    "OUT_GATE_RAMP_TIME": 3
  },
  "box_lims": {
    "vtheta_max": 1.9,
    "dvtheta_max": 1.9
  }
}
2025-06-06 19:03:31,583 | ERROR   | Solver failed | status=2 | SQP it=1000 | KKT=1.25e-09 | t=0.416s
2025-06-06 19:03:31,584 | ERROR   | Dump saved → debug_logs/fail/tick0066.json
