2025-06-28 12:56:31,606 | INFO    | ===== INITIAL STATE DUMP =====
2025-06-28 12:56:31,606 | DEBUG   | {
  "xcurrent": [
    1.089695930480957,
    1.4088244438171387,
    0.08456537127494812,
    0.0,
    0.0,
    0.0
  ],
  "params": {
    "QC": 10,
    "QC_GATE": 50,
    "QL": 40,
    "MU": 10,
    "DVTHETA_MAX": 1.0,
    "N": 20,
    "T_HORIZON": 0.8,
    "RAMP_TIME": 1.8,
    "BARRIER_WEIGHT": 10,
    "TUNNEL_WIDTH": 0.4,
    "TUNNEL_WIDTH_GATE": 0.15,
    "NARROW_DIST": 0.7,
    "GATE_FLAT_DIST": 0.2,
    "Q_OMEGA": 2,
    "R_VTHETA": 1.0,
    "IN_GATE_RAMP_TIME": 0.3,
    "OUT_GATE_RAMP_TIME": 0.5,
    "REG_THRUST": 0.018,
    "REG_INPUTS": 0.1
  },
  "box_lims": {
    "vtheta_max": 1.0,
    "dvtheta_max": 1.0
  }
}
2025-06-28 12:56:40,360 | ERROR   | Solver failed | status=2 | SQP it=1000 | KKT=2.05e-09 | t=0.925s
2025-06-28 12:56:40,361 | ERROR   | Dump saved → debug_logs/fail/tick0109.json
2025-06-28 12:56:41,347 | ERROR   | Solver failed | status=2 | SQP it=1000 | KKT=2.21e-08 | t=0.953s
2025-06-28 12:56:41,348 | ERROR   | Dump saved → debug_logs/fail/tick0110.json
2025-06-28 12:56:42,321 | ERROR   | Solver failed | status=2 | SQP it=1000 | KKT=9.61e-09 | t=0.944s
2025-06-28 12:56:42,321 | ERROR   | Dump saved → debug_logs/fail/tick0111.json
2025-06-28 12:56:43,304 | ERROR   | Solver failed | status=2 | SQP it=1000 | KKT=2.49e-10 | t=0.954s
2025-06-28 12:56:43,305 | ERROR   | Dump saved → debug_logs/fail/tick0112.json
2025-06-28 12:56:44,283 | ERROR   | Solver failed | status=2 | SQP it=1000 | KKT=8.62e-08 | t=0.948s
2025-06-28 12:56:44,283 | ERROR   | Dump saved → debug_logs/fail/tick0113.json
2025-06-28 12:56:45,263 | ERROR   | Solver failed | status=2 | SQP it=1000 | KKT=5.04e-11 | t=0.947s
2025-06-28 12:56:45,264 | ERROR   | Dump saved → debug_logs/fail/tick0114.json
2025-06-28 12:56:46,246 | ERROR   | Solver failed | status=2 | SQP it=1000 | KKT=1.89e-12 | t=0.950s
2025-06-28 12:56:46,247 | ERROR   | Dump saved → debug_logs/fail/tick0115.json
