2025-06-28 19:39:08,804 | INFO    | ===== INITIAL STATE DUMP =====
2025-06-28 19:39:08,805 | DEBUG   | {
  "xcurrent": [
    1.089695930480957,
    1.4088244438171387,
    0.08456537127494812,
    0.0,
    0.0,
    0.0
  ],
  "params": {
    "QC": 10,
    "QC_GATE": 50,
    "QL": 40,
    "MU": 10,
    "DVTHETA_MAX": 1.6,
    "N": 20,
    "T_HORIZON": 0.7,
    "RAMP_TIME": 0.6,
    "BARRIER_WEIGHT": 10,
    "OBSTACLE_WEIGHT": [
      10,
      10,
      10,
      10
    ],
    "OBSTACLE_RADIUS": 0.2,
    "TUNNEL_WIDTH": 0.4,
    "TUNNEL_WIDTH_GATE": 0.15,
    "NARROW_DIST": 0.6,
    "GATE_FLAT_DIST": 0.45,
    "Q_OMEGA": 2,
    "R_VTHETA": 1.0,
    "REG_THRUST": 0.05,
    "REG_INPUTS": 0.03
  },
  "box_lims": {
    "vtheta_max": 1.6,
    "dvtheta_max": 1.6
  }
}
2025-06-28 19:39:19,033 | ERROR   | Solver failed | status=4 | SQP it=6 | KKT=1.10e+01 | t=0.004s
2025-06-28 19:39:19,035 | ERROR   | Dump saved → debug_logs/fail/tick0084.json
2025-06-28 19:39:19,066 | ERROR   | Solver failed | status=4 | SQP it=1 | KKT=8.56e+00 | t=0.001s
2025-06-28 19:39:19,067 | ERROR   | Dump saved → debug_logs/fail/tick0085.json
2025-06-28 19:39:19,098 | ERROR   | Solver failed | status=4 | SQP it=3 | KKT=8.57e+00 | t=0.003s
2025-06-28 19:39:19,099 | ERROR   | Dump saved → debug_logs/fail/tick0086.json
