2025-06-29 08:03:32,311 | INFO    | ===== INITIAL STATE DUMP =====
2025-06-29 08:03:32,311 | DEBUG   | {
  "xcurrent": [
    1.089695930480957,
    1.4088244438171387,
    0.08456537127494812,
    0.0,
    0.0,
    0.0
  ],
  "params": {
    "QC": 10,
    "QC_GATE": 50,
    "QL": 40,
    "MU": 10,
    "DVTHETA_MAX": 1.6,
    "N": 20,
    "T_HORIZON": 0.7,
    "RAMP_TIME": 0.7,
    "BARRIER_WEIGHT": 10,
    "OBSTACLE_WEIGHT": [
      30,
      30,
      30,
      30
    ],
    "OBSTACLE_RADIUS": 0.25,
    "OBSTACLE_ALPHA": 100.0,
    "TUNNEL_WIDTH": 0.4,
    "TUNNEL_WIDTH_GATE": 0.15,
    "NARROW_DIST": 0.6,
    "GATE_FLAT_DIST": 0.45,
    "Q_OMEGA": 2,
    "R_VTHETA": 1.0,
    "REG_THRUST": 0.02,
    "REG_INPUTS": 0.8
  },
  "box_lims": {
    "vtheta_max": 1.6,
    "dvtheta_max": 1.6
  }
}
2025-06-29 08:03:35,008 | ERROR   | Solver failed | status=2 | SQP it=1000 | KKT=9.93e-08 | t=0.573s
2025-06-29 08:03:35,008 | ERROR   | Dump saved → debug_logs/fail/tick0031.json
2025-06-29 08:03:38,726 | ERROR   | Solver failed | status=2 | SQP it=1000 | KKT=6.08e-12 | t=0.613s
2025-06-29 08:03:38,727 | ERROR   | Dump saved → debug_logs/fail/tick0126.json
2025-06-29 08:03:39,297 | ERROR   | Solver failed | status=2 | SQP it=1000 | KKT=2.68e-08 | t=0.539s
2025-06-29 08:03:39,298 | ERROR   | Dump saved → debug_logs/fail/tick0127.json
2025-06-29 08:03:39,838 | ERROR   | Solver failed | status=2 | SQP it=1000 | KKT=8.44e-08 | t=0.512s
2025-06-29 08:03:39,838 | ERROR   | Dump saved → debug_logs/fail/tick0128.json
2025-06-29 08:03:40,385 | ERROR   | Solver failed | status=2 | SQP it=1000 | KKT=6.56e-08 | t=0.518s
2025-06-29 08:03:40,386 | ERROR   | Dump saved → debug_logs/fail/tick0129.json
2025-06-29 08:03:40,484 | ERROR   | Solver failed | status=4 | SQP it=8 | KKT=2.42e-14 | t=0.005s
2025-06-29 08:03:40,485 | ERROR   | Dump saved → debug_logs/fail/tick0132.json
2025-06-29 08:03:40,507 | ERROR   | Solver failed | status=4 | SQP it=1 | KKT=1.40e+01 | t=0.001s
2025-06-29 08:03:40,508 | ERROR   | Dump saved → debug_logs/fail/tick0133.json
2025-06-29 08:03:42,779 | INFO    | ===== INITIAL STATE DUMP =====
2025-06-29 08:03:42,780 | DEBUG   | {
  "xcurrent": [
    1.0741231441497803,
    1.5756582021713257,
    0.08328729122877121,
    0.0,
    0.0,
    0.0
  ],
  "params": {
    "QC": 10,
    "QC_GATE": 50,
    "QL": 40,
    "MU": 10,
    "DVTHETA_MAX": 1.6,
    "N": 20,
    "T_HORIZON": 0.7,
    "RAMP_TIME": 0.7,
    "BARRIER_WEIGHT": 10,
    "OBSTACLE_WEIGHT": [
      30,
      30,
      30,
      30
    ],
    "OBSTACLE_RADIUS": 0.25,
    "OBSTACLE_ALPHA": 100.0,
    "TUNNEL_WIDTH": 0.4,
    "TUNNEL_WIDTH_GATE": 0.15,
    "NARROW_DIST": 0.6,
    "GATE_FLAT_DIST": 0.45,
    "Q_OMEGA": 2,
    "R_VTHETA": 1.0,
    "REG_THRUST": 0.02,
    "REG_INPUTS": 0.8
  },
  "box_lims": {
    "vtheta_max": 1.6,
    "dvtheta_max": 1.6
  }
}
