2025-07-03 12:36:17,087 | INFO    | ===== INITIAL STATE DUMP =====
2025-07-03 12:36:17,088 | DEBUG   | {
  "xcurrent": [
    1.089695930480957,
    1.4088244438171387,
    0.08456537127494812,
    0.0,
    0.0,
    0.0
  ],
  "params": {
    "QC": 10,
    "QL": 40,
    "MU": 10,
    "DVTHETA_MAX": 1.0,
    "N": 20,
    "T_HORIZON": 0.7,
    "RAMP_TIME": 1.8,
    "BW_RAMP": 1,
    "BARRIER_WEIGHT": 100,
    "TUNNEL_WIDTH": 0.4,
    "TUNNEL_WIDTH_GATE": 0.15,
    "NARROW_DIST": 0.7,
    "GATE_FLAT_DIST": 0.1,
    "Q_OMEGA": 0,
    "R_VTHETA": 1.0,
    "REG_THRUST": 0.0001,
    "REG_INPUTS": 0.09
  },
  "box_lims": {
    "vtheta_max": 1.0,
    "dvtheta_max": 1.0
  }
}
2025-07-03 12:36:18,903 | ERROR   | Solver failed | status=2 | SQP it=1000 | KKT=6.20e-08 | t=0.272s
2025-07-03 12:36:18,904 | ERROR   | Dump saved → debug_logs/fail/tick0014.json
2025-07-03 12:36:19,728 | ERROR   | Solver failed | status=2 | SQP it=1000 | KKT=4.47e-08 | t=0.487s
2025-07-03 12:36:19,729 | ERROR   | Dump saved → debug_logs/fail/tick0025.json
2025-07-03 12:36:20,249 | ERROR   | Solver failed | status=2 | SQP it=1000 | KKT=5.93e-08 | t=0.490s
2025-07-03 12:36:20,249 | ERROR   | Dump saved → debug_logs/fail/tick0026.json
2025-07-03 12:36:20,768 | ERROR   | Solver failed | status=2 | SQP it=1000 | KKT=5.06e-08 | t=0.490s
2025-07-03 12:36:20,768 | ERROR   | Dump saved → debug_logs/fail/tick0027.json
2025-07-03 12:36:21,283 | ERROR   | Solver failed | status=2 | SQP it=1000 | KKT=9.37e-08 | t=0.486s
2025-07-03 12:36:21,284 | ERROR   | Dump saved → debug_logs/fail/tick0028.json
2025-07-03 12:36:22,069 | ERROR   | Solver failed | status=2 | SQP it=1000 | KKT=7.05e-08 | t=0.487s
2025-07-03 12:36:22,070 | ERROR   | Dump saved → debug_logs/fail/tick0036.json
