2025-06-28 19:32:15,044 | INFO    | ===== INITIAL STATE DUMP =====
2025-06-28 19:32:15,044 | DEBUG   | {
  "xcurrent": [
    1.089695930480957,
    1.4088244438171387,
    0.08456537127494812,
    0.0,
    0.0,
    0.0
  ],
  "params": {
    "QC": 10,
    "QC_GATE": 50,
    "QL": 40,
    "MU": 10,
    "DVTHETA_MAX": 1.6,
    "N": 20,
    "T_HORIZON": 0.7,
    "RAMP_TIME": 0.6,
    "BARRIER_WEIGHT": 10,
    "OBSTACLE_WEIGHT": [
      50,
      100,
      100,
      50
    ],
    "OBSTACLE_RADIUS": 0.2,
    "TUNNEL_WIDTH": 0.4,
    "TUNNEL_WIDTH_GATE": 0.15,
    "NARROW_DIST": 0.6,
    "GATE_FLAT_DIST": 0.45,
    "Q_OMEGA": 2,
    "R_VTHETA": 1.0,
    "REG_THRUST": 0.05,
    "REG_INPUTS": 0.03
  },
  "box_lims": {
    "vtheta_max": 1.6,
    "dvtheta_max": 1.6
  }
}
2025-06-28 19:32:24,902 | ERROR   | Solver failed | status=4 | SQP it=7 | KKT=1.00e+00 | t=0.008s
2025-06-28 19:32:24,905 | ERROR   | Dump saved → debug_logs/fail/tick0063.json
2025-06-28 19:32:24,966 | ERROR   | Solver failed | status=4 | SQP it=1 | KKT=2.03e+02 | t=0.033s
2025-06-28 19:32:24,968 | ERROR   | Dump saved → debug_logs/fail/tick0064.json
2025-06-28 19:32:25,069 | ERROR   | Solver failed | status=4 | SQP it=1 | KKT=2.03e+02 | t=0.075s
2025-06-28 19:32:25,070 | ERROR   | Dump saved → debug_logs/fail/tick0065.json
2025-06-28 19:32:25,130 | ERROR   | Solver failed | status=4 | SQP it=1 | KKT=2.03e+02 | t=0.031s
2025-06-28 19:32:25,131 | ERROR   | Dump saved → debug_logs/fail/tick0066.json
2025-06-28 19:32:25,187 | ERROR   | Solver failed | status=4 | SQP it=1 | KKT=2.03e+02 | t=0.026s
2025-06-28 19:32:25,188 | ERROR   | Dump saved → debug_logs/fail/tick0067.json
2025-06-28 19:32:25,292 | ERROR   | Solver failed | status=4 | SQP it=1 | KKT=2.03e+02 | t=0.075s
2025-06-28 19:32:25,293 | ERROR   | Dump saved → debug_logs/fail/tick0068.json
2025-06-28 19:32:26,536 | ERROR   | Solver failed | status=4 | SQP it=33 | KKT=8.93e-10 | t=0.206s
2025-06-28 19:32:26,537 | ERROR   | Dump saved → debug_logs/fail/tick0069.json
2025-06-28 19:32:26,566 | ERROR   | Solver failed | status=4 | SQP it=1 | KKT=1.73e+02 | t=0.002s
2025-06-28 19:32:26,567 | ERROR   | Dump saved → debug_logs/fail/tick0070.json
2025-06-28 19:32:26,596 | ERROR   | Solver failed | status=4 | SQP it=1 | KKT=1.73e+02 | t=0.002s
2025-06-28 19:32:26,596 | ERROR   | Dump saved → debug_logs/fail/tick0071.json
2025-06-28 19:32:26,858 | ERROR   | Solver failed | status=4 | SQP it=14 | KKT=1.67e-09 | t=0.237s
2025-06-28 19:32:26,858 | ERROR   | Dump saved → debug_logs/fail/tick0072.json
2025-06-28 19:32:26,927 | ERROR   | Solver failed | status=4 | SQP it=1 | KKT=7.00e+01 | t=0.040s
2025-06-28 19:32:26,927 | ERROR   | Dump saved → debug_logs/fail/tick0073.json
2025-06-28 19:32:28,296 | ERROR   | Solver failed | status=4 | SQP it=46 | KKT=2.20e-08 | t=0.368s
2025-06-28 19:32:28,297 | ERROR   | Dump saved → debug_logs/fail/tick0074.json
2025-06-28 19:32:28,335 | ERROR   | Solver failed | status=4 | SQP it=1 | KKT=8.75e+01 | t=0.006s
2025-06-28 19:32:28,336 | ERROR   | Dump saved → debug_logs/fail/tick0075.json
2025-06-28 19:32:29,173 | ERROR   | Solver failed | status=4 | SQP it=1 | KKT=8.75e+01 | t=0.035s
2025-06-28 19:32:29,174 | ERROR   | Dump saved → debug_logs/fail/tick0076.json
2025-06-28 19:32:29,279 | ERROR   | Solver failed | status=4 | SQP it=18 | KKT=1.57e-08 | t=0.071s
2025-06-28 19:32:29,280 | ERROR   | Dump saved → debug_logs/fail/tick0077.json
2025-06-28 19:32:29,330 | ERROR   | Solver failed | status=4 | SQP it=1 | KKT=2.07e+02 | t=0.019s
2025-06-28 19:32:29,331 | ERROR   | Dump saved → debug_logs/fail/tick0078.json
2025-06-28 19:32:29,593 | ERROR   | Solver failed | status=4 | SQP it=101 | KKT=8.48e-09 | t=0.232s
2025-06-28 19:32:29,593 | ERROR   | Dump saved → debug_logs/fail/tick0079.json
2025-06-28 19:32:29,635 | ERROR   | Solver failed | status=4 | SQP it=1 | KKT=2.05e+02 | t=0.012s
2025-06-28 19:32:29,635 | ERROR   | Dump saved → debug_logs/fail/tick0080.json
2025-06-28 19:32:30,176 | ERROR   | Solver failed | status=4 | SQP it=6 | KKT=1.50e+01 | t=0.014s
2025-06-28 19:32:30,177 | ERROR   | Dump saved → debug_logs/fail/tick0081.json
2025-06-28 19:32:30,215 | ERROR   | Solver failed | status=4 | SQP it=1 | KKT=2.90e+02 | t=0.002s
2025-06-28 19:32:30,216 | ERROR   | Dump saved → debug_logs/fail/tick0082.json
2025-06-28 19:32:30,248 | ERROR   | Solver failed | status=4 | SQP it=1 | KKT=2.90e+02 | t=0.002s
2025-06-28 19:32:30,249 | ERROR   | Dump saved → debug_logs/fail/tick0083.json
2025-06-28 19:32:30,281 | ERROR   | Solver failed | status=4 | SQP it=1 | KKT=2.90e+02 | t=0.002s
2025-06-28 19:32:30,281 | ERROR   | Dump saved → debug_logs/fail/tick0084.json
2025-06-28 19:32:30,312 | ERROR   | Solver failed | status=4 | SQP it=1 | KKT=2.86e+02 | t=0.001s
2025-06-28 19:32:30,313 | ERROR   | Dump saved → debug_logs/fail/tick0085.json
2025-06-28 19:32:30,348 | ERROR   | Solver failed | status=4 | SQP it=1 | KKT=2.86e+02 | t=0.005s
2025-06-28 19:32:30,349 | ERROR   | Dump saved → debug_logs/fail/tick0086.json
2025-06-28 19:32:30,380 | ERROR   | Solver failed | status=4 | SQP it=1 | KKT=2.86e+02 | t=0.001s
2025-06-28 19:32:30,381 | ERROR   | Dump saved → debug_logs/fail/tick0087.json
2025-06-28 19:32:30,937 | ERROR   | Solver failed | status=4 | SQP it=1 | KKT=2.85e+02 | t=0.003s
2025-06-28 19:32:30,939 | ERROR   | Dump saved → debug_logs/fail/tick0088.json
2025-06-28 19:32:30,984 | ERROR   | Solver failed | status=4 | SQP it=1 | KKT=2.84e+02 | t=0.002s
2025-06-28 19:32:30,985 | ERROR   | Dump saved → debug_logs/fail/tick0089.json
2025-06-28 19:32:31,024 | ERROR   | Solver failed | status=4 | SQP it=5 | KKT=0.00e+00 | t=0.006s
2025-06-28 19:32:31,026 | ERROR   | Dump saved → debug_logs/fail/tick0090.json
2025-06-28 19:32:31,062 | ERROR   | Solver failed | status=4 | SQP it=1 | KKT=8.65e+01 | t=0.001s
2025-06-28 19:32:31,062 | ERROR   | Dump saved → debug_logs/fail/tick0091.json
2025-06-28 19:32:31,094 | ERROR   | Solver failed | status=4 | SQP it=1 | KKT=8.64e+01 | t=0.001s
2025-06-28 19:32:31,095 | ERROR   | Dump saved → debug_logs/fail/tick0092.json
2025-06-28 19:32:31,122 | ERROR   | Solver failed | status=4 | SQP it=1 | KKT=8.62e+01 | t=0.001s
2025-06-28 19:32:31,123 | ERROR   | Dump saved → debug_logs/fail/tick0093.json
2025-06-28 19:32:31,171 | ERROR   | Solver failed | status=4 | SQP it=20 | KKT=1.55e-09 | t=0.022s
2025-06-28 19:32:31,173 | ERROR   | Dump saved → debug_logs/fail/tick0094.json
2025-06-28 19:32:31,201 | ERROR   | Solver failed | status=4 | SQP it=3 | KKT=5.77e+01 | t=0.003s
2025-06-28 19:32:31,202 | ERROR   | Dump saved → debug_logs/fail/tick0095.json
2025-06-28 19:32:31,247 | ERROR   | Solver failed | status=4 | SQP it=22 | KKT=9.51e-08 | t=0.019s
2025-06-28 19:32:31,248 | ERROR   | Dump saved → debug_logs/fail/tick0096.json
2025-06-28 19:32:31,276 | ERROR   | Solver failed | status=4 | SQP it=1 | KKT=1.32e+02 | t=0.001s
2025-06-28 19:32:31,277 | ERROR   | Dump saved → debug_logs/fail/tick0097.json
2025-06-28 19:32:32,928 | INFO    | ===== INITIAL STATE DUMP =====
2025-06-28 19:32:32,928 | DEBUG   | {
  "xcurrent": [
    0.9933478832244873,
    1.4594370126724243,
    0.08522443473339081,
    0.0,
    0.0,
    0.0
  ],
  "params": {
    "QC": 10,
    "QC_GATE": 50,
    "QL": 40,
    "MU": 10,
    "DVTHETA_MAX": 1.6,
    "N": 20,
    "T_HORIZON": 0.7,
    "RAMP_TIME": 0.6,
    "BARRIER_WEIGHT": 10,
    "OBSTACLE_WEIGHT": [
      50,
      100,
      100,
      50
    ],
    "OBSTACLE_RADIUS": 0.2,
    "TUNNEL_WIDTH": 0.4,
    "TUNNEL_WIDTH_GATE": 0.15,
    "NARROW_DIST": 0.6,
    "GATE_FLAT_DIST": 0.45,
    "Q_OMEGA": 2,
    "R_VTHETA": 1.0,
    "REG_THRUST": 0.05,
    "REG_INPUTS": 0.03
  },
  "box_lims": {
    "vtheta_max": 1.6,
    "dvtheta_max": 1.6
  }
}
