2025-06-28 18:26:47,962 | INFO    | ===== INITIAL STATE DUMP =====
2025-06-28 18:26:47,963 | DEBUG   | {
  "xcurrent": [
    1.089695930480957,
    1.4088244438171387,
    0.08456537127494812,
    0.0,
    0.0,
    0.0
  ],
  "params": {
    "QC": 10,
    "QC_GATE": 50,
    "QL": 40,
    "MU": 10,
    "DVTHETA_MAX": 1.4,
    "N": 20,
    "T_HORIZON": 0.9,
    "RAMP_TIME": 0.5,
    "BARRIER_WEIGHT": 10,
    "OBSTACLE_WEIGHT": [
      50,
      100,
      70,
      30
    ],
    "OBSTACLE_RADIUS": 0.25,
    "TUNNEL_WIDTH": 0.5,
    "TUNNEL_WIDTH_GATE": 0.15,
    "NARROW_DIST": 0.3,
    "GATE_FLAT_DIST": 0.2,
    "Q_OMEGA": 2,
    "R_VTHETA": 1.0,
    "REG_THRUST": 0.008,
    "REG_INPUTS": 0.01
  },
  "box_lims": {
    "vtheta_max": 1.4,
    "dvtheta_max": 1.4
  }
}
2025-06-28 18:26:57,722 | ERROR   | Solver failed | status=2 | SQP it=1000 | KKT=6.52e-08 | t=0.542s
2025-06-28 18:26:57,724 | ERROR   | Dump saved → debug_logs/fail/tick0105.json
2025-06-28 18:27:06,570 | ERROR   | Solver failed | status=2 | SQP it=1000 | KKT=3.48e-09 | t=1.239s
2025-06-28 18:27:06,570 | ERROR   | Dump saved → debug_logs/fail/tick0123.json
2025-06-28 18:27:10,583 | ERROR   | Solver failed | status=4 | SQP it=923 | KKT=1.61e-10 | t=0.940s
2025-06-28 18:27:10,584 | ERROR   | Dump saved → debug_logs/fail/tick0124.json
2025-06-28 18:27:10,615 | ERROR   | Solver failed | status=4 | SQP it=1 | KKT=4.06e+02 | t=0.002s
2025-06-28 18:27:10,616 | ERROR   | Dump saved → debug_logs/fail/tick0125.json
2025-06-28 18:27:10,645 | ERROR   | Solver failed | status=4 | SQP it=1 | KKT=4.06e+02 | t=0.003s
2025-06-28 18:27:10,645 | ERROR   | Dump saved → debug_logs/fail/tick0126.json
2025-06-28 18:27:10,672 | ERROR   | Solver failed | status=4 | SQP it=1 | KKT=4.06e+02 | t=0.003s
2025-06-28 18:27:10,673 | ERROR   | Dump saved → debug_logs/fail/tick0127.json
2025-06-28 18:27:10,701 | ERROR   | Solver failed | status=4 | SQP it=1 | KKT=4.06e+02 | t=0.004s
2025-06-28 18:27:10,701 | ERROR   | Dump saved → debug_logs/fail/tick0128.json
2025-06-28 18:27:10,731 | ERROR   | Solver failed | status=4 | SQP it=1 | KKT=4.06e+02 | t=0.003s
2025-06-28 18:27:10,732 | ERROR   | Dump saved → debug_logs/fail/tick0129.json
2025-06-28 18:27:10,758 | ERROR   | Solver failed | status=4 | SQP it=1 | KKT=4.06e+02 | t=0.002s
2025-06-28 18:27:10,759 | ERROR   | Dump saved → debug_logs/fail/tick0130.json
2025-06-28 18:27:10,788 | ERROR   | Solver failed | status=4 | SQP it=1 | KKT=4.06e+02 | t=0.003s
2025-06-28 18:27:10,788 | ERROR   | Dump saved → debug_logs/fail/tick0131.json
2025-06-28 18:27:10,821 | ERROR   | Solver failed | status=4 | SQP it=1 | KKT=4.06e+02 | t=0.007s
2025-06-28 18:27:10,821 | ERROR   | Dump saved → debug_logs/fail/tick0132.json
2025-06-28 18:27:10,851 | ERROR   | Solver failed | status=4 | SQP it=1 | KKT=4.06e+02 | t=0.003s
2025-06-28 18:27:10,852 | ERROR   | Dump saved → debug_logs/fail/tick0133.json
2025-06-28 18:27:10,882 | ERROR   | Solver failed | status=4 | SQP it=1 | KKT=4.06e+02 | t=0.004s
2025-06-28 18:27:10,883 | ERROR   | Dump saved → debug_logs/fail/tick0134.json
2025-06-28 18:27:10,915 | ERROR   | Solver failed | status=4 | SQP it=1 | KKT=4.06e+02 | t=0.004s
2025-06-28 18:27:10,915 | ERROR   | Dump saved → debug_logs/fail/tick0135.json
2025-06-28 18:27:10,947 | ERROR   | Solver failed | status=4 | SQP it=1 | KKT=4.06e+02 | t=0.004s
2025-06-28 18:27:10,948 | ERROR   | Dump saved → debug_logs/fail/tick0136.json
2025-06-28 18:27:10,982 | ERROR   | Solver failed | status=4 | SQP it=1 | KKT=4.06e+02 | t=0.005s
2025-06-28 18:27:10,983 | ERROR   | Dump saved → debug_logs/fail/tick0137.json
2025-06-28 18:27:11,014 | ERROR   | Solver failed | status=4 | SQP it=1 | KKT=4.06e+02 | t=0.003s
2025-06-28 18:27:11,015 | ERROR   | Dump saved → debug_logs/fail/tick0138.json
2025-06-28 18:27:11,049 | ERROR   | Solver failed | status=4 | SQP it=1 | KKT=4.06e+02 | t=0.003s
2025-06-28 18:27:11,049 | ERROR   | Dump saved → debug_logs/fail/tick0139.json
2025-06-28 18:27:11,077 | ERROR   | Solver failed | status=4 | SQP it=1 | KKT=4.06e+02 | t=0.003s
2025-06-28 18:27:11,078 | ERROR   | Dump saved → debug_logs/fail/tick0140.json
2025-06-28 18:27:11,121 | ERROR   | Solver failed | status=4 | SQP it=16 | KKT=1.78e-13 | t=0.018s
2025-06-28 18:27:11,122 | ERROR   | Dump saved → debug_logs/fail/tick0141.json
2025-06-28 18:27:11,147 | ERROR   | Solver failed | status=4 | SQP it=1 | KKT=3.50e+02 | t=0.000s
2025-06-28 18:27:11,148 | ERROR   | Dump saved → debug_logs/fail/tick0142.json
2025-06-28 18:27:11,174 | ERROR   | Solver failed | status=4 | SQP it=1 | KKT=3.50e+02 | t=0.000s
2025-06-28 18:27:11,174 | ERROR   | Dump saved → debug_logs/fail/tick0143.json
2025-06-28 18:27:11,199 | ERROR   | Solver failed | status=4 | SQP it=1 | KKT=3.50e+02 | t=0.000s
2025-06-28 18:27:11,200 | ERROR   | Dump saved → debug_logs/fail/tick0144.json
2025-06-28 18:27:11,224 | ERROR   | Solver failed | status=4 | SQP it=1 | KKT=3.50e+02 | t=0.000s
2025-06-28 18:27:11,225 | ERROR   | Dump saved → debug_logs/fail/tick0145.json
2025-06-28 18:27:11,251 | ERROR   | Solver failed | status=4 | SQP it=1 | KKT=3.50e+02 | t=0.000s
2025-06-28 18:27:11,251 | ERROR   | Dump saved → debug_logs/fail/tick0146.json
2025-06-28 18:27:11,277 | ERROR   | Solver failed | status=4 | SQP it=1 | KKT=3.50e+02 | t=0.000s
2025-06-28 18:27:11,278 | ERROR   | Dump saved → debug_logs/fail/tick0147.json
2025-06-28 18:27:11,303 | ERROR   | Solver failed | status=4 | SQP it=1 | KKT=3.50e+02 | t=0.000s
2025-06-28 18:27:11,304 | ERROR   | Dump saved → debug_logs/fail/tick0148.json
2025-06-28 18:27:11,332 | ERROR   | Solver failed | status=4 | SQP it=1 | KKT=3.50e+02 | t=0.000s
2025-06-28 18:27:11,332 | ERROR   | Dump saved → debug_logs/fail/tick0149.json
2025-06-28 18:27:11,359 | ERROR   | Solver failed | status=4 | SQP it=1 | KKT=3.50e+02 | t=0.000s
2025-06-28 18:27:11,360 | ERROR   | Dump saved → debug_logs/fail/tick0150.json
2025-06-28 18:27:11,387 | ERROR   | Solver failed | status=4 | SQP it=1 | KKT=3.50e+02 | t=0.000s
2025-06-28 18:27:11,387 | ERROR   | Dump saved → debug_logs/fail/tick0151.json
2025-06-28 18:27:11,416 | ERROR   | Solver failed | status=4 | SQP it=1 | KKT=3.50e+02 | t=0.000s
2025-06-28 18:27:11,417 | ERROR   | Dump saved → debug_logs/fail/tick0152.json
2025-06-28 18:27:11,445 | ERROR   | Solver failed | status=4 | SQP it=1 | KKT=3.50e+02 | t=0.000s
2025-06-28 18:27:11,446 | ERROR   | Dump saved → debug_logs/fail/tick0153.json
2025-06-28 18:27:11,472 | ERROR   | Solver failed | status=4 | SQP it=1 | KKT=3.50e+02 | t=0.000s
2025-06-28 18:27:11,473 | ERROR   | Dump saved → debug_logs/fail/tick0154.json
2025-06-28 18:27:11,497 | ERROR   | Solver failed | status=4 | SQP it=1 | KKT=3.50e+02 | t=0.000s
2025-06-28 18:27:11,498 | ERROR   | Dump saved → debug_logs/fail/tick0155.json
2025-06-28 18:27:11,523 | ERROR   | Solver failed | status=4 | SQP it=1 | KKT=3.50e+02 | t=0.000s
2025-06-28 18:27:11,523 | ERROR   | Dump saved → debug_logs/fail/tick0156.json
2025-06-28 18:27:11,549 | ERROR   | Solver failed | status=4 | SQP it=1 | KKT=3.50e+02 | t=0.000s
2025-06-28 18:27:11,549 | ERROR   | Dump saved → debug_logs/fail/tick0157.json
2025-06-28 18:27:11,575 | ERROR   | Solver failed | status=4 | SQP it=1 | KKT=3.50e+02 | t=0.000s
2025-06-28 18:27:11,576 | ERROR   | Dump saved → debug_logs/fail/tick0158.json
2025-06-28 18:27:11,602 | ERROR   | Solver failed | status=4 | SQP it=1 | KKT=3.50e+02 | t=0.000s
2025-06-28 18:27:11,603 | ERROR   | Dump saved → debug_logs/fail/tick0159.json
2025-06-28 18:27:11,627 | ERROR   | Solver failed | status=4 | SQP it=1 | KKT=3.50e+02 | t=0.000s
2025-06-28 18:27:11,628 | ERROR   | Dump saved → debug_logs/fail/tick0160.json
2025-06-28 18:27:11,650 | ERROR   | Solver failed | status=4 | SQP it=1 | KKT=3.50e+02 | t=0.000s
2025-06-28 18:27:11,651 | ERROR   | Dump saved → debug_logs/fail/tick0161.json
2025-06-28 18:27:11,678 | ERROR   | Solver failed | status=4 | SQP it=1 | KKT=3.50e+02 | t=0.000s
2025-06-28 18:27:11,678 | ERROR   | Dump saved → debug_logs/fail/tick0162.json
2025-06-28 18:27:11,706 | ERROR   | Solver failed | status=4 | SQP it=1 | KKT=3.50e+02 | t=0.000s
2025-06-28 18:27:11,706 | ERROR   | Dump saved → debug_logs/fail/tick0163.json
2025-06-28 18:27:11,734 | ERROR   | Solver failed | status=4 | SQP it=1 | KKT=3.50e+02 | t=0.000s
2025-06-28 18:27:11,734 | ERROR   | Dump saved → debug_logs/fail/tick0164.json
2025-06-28 18:27:11,763 | ERROR   | Solver failed | status=4 | SQP it=1 | KKT=3.50e+02 | t=0.000s
2025-06-28 18:27:11,764 | ERROR   | Dump saved → debug_logs/fail/tick0165.json
2025-06-28 18:27:11,791 | ERROR   | Solver failed | status=4 | SQP it=1 | KKT=3.50e+02 | t=0.000s
2025-06-28 18:27:11,792 | ERROR   | Dump saved → debug_logs/fail/tick0166.json
2025-06-28 18:27:11,820 | ERROR   | Solver failed | status=4 | SQP it=1 | KKT=3.50e+02 | t=0.000s
2025-06-28 18:27:11,821 | ERROR   | Dump saved → debug_logs/fail/tick0167.json
2025-06-28 18:27:13,435 | INFO    | ===== INITIAL STATE DUMP =====
2025-06-28 18:27:13,435 | DEBUG   | {
  "xcurrent": [
    0.9787871837615967,
    1.5215460062026978,
    0.08949590474367142,
    0.0,
    0.0,
    0.0
  ],
  "params": {
    "QC": 10,
    "QC_GATE": 50,
    "QL": 40,
    "MU": 10,
    "DVTHETA_MAX": 1.4,
    "N": 20,
    "T_HORIZON": 0.9,
    "RAMP_TIME": 0.5,
    "BARRIER_WEIGHT": 10,
    "OBSTACLE_WEIGHT": [
      50,
      100,
      70,
      30
    ],
    "OBSTACLE_RADIUS": 0.25,
    "TUNNEL_WIDTH": 0.5,
    "TUNNEL_WIDTH_GATE": 0.15,
    "NARROW_DIST": 0.3,
    "GATE_FLAT_DIST": 0.2,
    "Q_OMEGA": 2,
    "R_VTHETA": 1.0,
    "REG_THRUST": 0.008,
    "REG_INPUTS": 0.01
  },
  "box_lims": {
    "vtheta_max": 1.4,
    "dvtheta_max": 1.4
  }
}
