2025-06-28 17:43:41,587 | INFO    | ===== INITIAL STATE DUMP =====
2025-06-28 17:43:41,587 | DEBUG   | {
  "xcurrent": [
    1.089695930480957,
    1.4088244438171387,
    0.08456537127494812,
    0.0,
    0.0,
    0.0
  ],
  "params": {
    "QC": 10,
    "QC_GATE": 50,
    "QL": 40,
    "MU": 10,
    "DVTHETA_MAX": 1.6,
    "N": 25,
    "T_HORIZON": 0.8,
    "RAMP_TIME": 0.4,
    "BARRIER_WEIGHT": 10,
    "OBSTACLE_WEIGHT": [
      70,
      200,
      80,
      100
    ],
    "OBSTACLE_RADIUS": 0.2,
    "TUNNEL_WIDTH": 0.4,
    "TUNNEL_WIDTH_GATE": 0.2,
    "NARROW_DIST": 0.5,
    "GATE_FLAT_DIST": 0.3,
    "Q_OMEGA": 2,
    "R_VTHETA": 1.0,
    "REG_THRUST": 0.01,
    "REG_INPUTS": 0.01
  },
  "box_lims": {
    "vtheta_max": 1.6,
    "dvtheta_max": 1.6
  }
}
2025-06-28 17:44:10,316 | ERROR   | Solver failed | status=2 | SQP it=1000 | KKT=1.25e-08 | t=0.818s
2025-06-28 17:44:10,318 | ERROR   | Dump saved → debug_logs/fail/tick0265.json
2025-06-28 17:44:11,235 | ERROR   | Solver failed | status=2 | SQP it=1000 | KKT=7.82e-12 | t=0.887s
2025-06-28 17:44:11,236 | ERROR   | Dump saved → debug_logs/fail/tick0266.json
2025-06-28 17:44:12,187 | ERROR   | Solver failed | status=2 | SQP it=1000 | KKT=6.73e-09 | t=0.921s
2025-06-28 17:44:12,188 | ERROR   | Dump saved → debug_logs/fail/tick0267.json
2025-06-28 17:44:13,146 | ERROR   | Solver failed | status=2 | SQP it=1000 | KKT=1.48e-08 | t=0.924s
2025-06-28 17:44:13,148 | ERROR   | Dump saved → debug_logs/fail/tick0268.json
2025-06-28 17:44:14,100 | ERROR   | Solver failed | status=2 | SQP it=1000 | KKT=1.86e-08 | t=0.919s
2025-06-28 17:44:14,101 | ERROR   | Dump saved → debug_logs/fail/tick0269.json
