2025-06-06 16:03:32,191 | INFO    | ===== INITIAL STATE DUMP =====
2025-06-06 16:03:32,191 | DEBUG   | {
  "xcurrent": [
    1.089695930480957,
    1.4088244438171387,
    0.08456537127494812,
    0.0,
    0.0,
    0.0
  ],
  "params": {
    "QC": 10,
    "QL": 80,
    "MU": 10,
    "DVTHETA_MAX": 1.2,
    "N": 20,
    "T_HORIZON": 1.05,
    "RAMP_TIME": 1.8,
    "BARRIER_WEIGHT": 10,
    "TUNNEL_WIDTH": 0.25,
    "Q_OMEGA": 2,
    "R_VTHETA": 1.0,
    "GATE_RAMP_TIME": 2
  },
  "box_lims": {
    "vtheta_max": 1.2,
    "dvtheta_max": 1.2
  }
}
2025-06-06 16:03:34,569 | ERROR   | Solver failed | status=2 | SQP it=1000 | KKT=7.88e-08 | t=0.380s
2025-06-06 16:03:34,570 | ERROR   | Dump saved → debug_logs/fail/tick0033.json
2025-06-06 16:03:40,880 | ERROR   | Solver failed | status=1 | SQP it=21 | KKT=9.35e-10 | t=0.021s
2025-06-06 16:03:40,881 | ERROR   | Dump saved → debug_logs/fail/tick0097.json
2025-06-06 16:03:49,547 | ERROR   | Solver failed | status=1 | SQP it=0 | KKT=nan | t=0.000s
2025-06-06 16:03:49,549 | ERROR   | Dump saved → debug_logs/fail/tick0098.json
2025-06-06 16:03:49,595 | ERROR   | Solver failed | status=1 | SQP it=0 | KKT=nan | t=0.000s
2025-06-06 16:03:49,596 | ERROR   | Dump saved → debug_logs/fail/tick0099.json
2025-06-06 16:03:49,632 | ERROR   | Solver failed | status=1 | SQP it=0 | KKT=nan | t=0.000s
2025-06-06 16:03:49,633 | ERROR   | Dump saved → debug_logs/fail/tick0100.json
2025-06-06 16:03:49,661 | ERROR   | Solver failed | status=1 | SQP it=0 | KKT=nan | t=0.000s
2025-06-06 16:03:49,662 | ERROR   | Dump saved → debug_logs/fail/tick0101.json
2025-06-06 16:03:49,689 | ERROR   | Solver failed | status=1 | SQP it=0 | KKT=nan | t=0.000s
2025-06-06 16:03:49,690 | ERROR   | Dump saved → debug_logs/fail/tick0102.json
2025-06-06 16:03:49,715 | ERROR   | Solver failed | status=1 | SQP it=0 | KKT=nan | t=0.000s
2025-06-06 16:03:49,716 | ERROR   | Dump saved → debug_logs/fail/tick0103.json
2025-06-06 16:03:49,742 | ERROR   | Solver failed | status=1 | SQP it=0 | KKT=nan | t=0.000s
2025-06-06 16:03:49,742 | ERROR   | Dump saved → debug_logs/fail/tick0104.json
2025-06-06 16:03:49,768 | ERROR   | Solver failed | status=1 | SQP it=0 | KKT=nan | t=0.000s
2025-06-06 16:03:49,769 | ERROR   | Dump saved → debug_logs/fail/tick0105.json
2025-06-06 16:03:49,794 | ERROR   | Solver failed | status=1 | SQP it=0 | KKT=nan | t=0.000s
2025-06-06 16:03:49,795 | ERROR   | Dump saved → debug_logs/fail/tick0106.json
2025-06-06 16:03:51,548 | ERROR   | Solver failed | status=1 | SQP it=0 | KKT=nan | t=0.000s
2025-06-06 16:03:51,551 | ERROR   | Dump saved → debug_logs/fail/tick0107.json
2025-06-06 16:03:51,596 | ERROR   | Solver failed | status=1 | SQP it=0 | KKT=nan | t=0.000s
2025-06-06 16:03:51,597 | ERROR   | Dump saved → debug_logs/fail/tick0108.json
2025-06-06 16:03:51,630 | ERROR   | Solver failed | status=1 | SQP it=0 | KKT=nan | t=0.000s
2025-06-06 16:03:51,631 | ERROR   | Dump saved → debug_logs/fail/tick0109.json
2025-06-06 16:03:51,660 | ERROR   | Solver failed | status=1 | SQP it=0 | KKT=nan | t=0.000s
2025-06-06 16:03:51,660 | ERROR   | Dump saved → debug_logs/fail/tick0110.json
2025-06-06 16:03:51,686 | ERROR   | Solver failed | status=1 | SQP it=0 | KKT=nan | t=0.000s
2025-06-06 16:03:51,687 | ERROR   | Dump saved → debug_logs/fail/tick0111.json
2025-06-06 16:03:51,713 | ERROR   | Solver failed | status=1 | SQP it=0 | KKT=nan | t=0.000s
2025-06-06 16:03:51,714 | ERROR   | Dump saved → debug_logs/fail/tick0112.json
