2025-06-28 15:24:51,254 | INFO    | ===== INITIAL STATE DUMP =====
2025-06-28 15:24:51,255 | DEBUG   | {
  "xcurrent": [
    1.089695930480957,
    1.4088244438171387,
    0.08456537127494812,
    0.0,
    0.0,
    0.0
  ],
  "params": {
    "QC": 10,
    "QC_GATE": 50,
    "QL": 40,
    "MU": 10,
    "DVTHETA_MAX": 1.0,
    "N": 20,
    "T_HORIZON": 0.8,
    "RAMP_TIME": 0.6,
    "BARRIER_WEIGHT": 10,
    "OBSTACLE_WEIGHT": 80,
    "OBSTACLE_RADIUS": 0.3,
    "TUNNEL_WIDTH": 0.4,
    "TUNNEL_WIDTH_GATE": 0.15,
    "NARROW_DIST": 0.6,
    "GATE_FLAT_DIST": 0.3,
    "BACK_FLAT_DIST": 0.1,
    "BACK_RAMP_DIST": 0.2,
    "Q_OMEGA": 2,
    "R_VTHETA": 1.0,
    "REG_THRUST": 0.018,
    "REG_INPUTS": 0.1
  },
  "box_lims": {
    "vtheta_max": 1.0,
    "dvtheta_max": 1.0
  }
}
2025-06-28 15:24:59,236 | ERROR   | Solver failed | status=4 | SQP it=1 | KKT=9.55e-01 | t=0.002s
2025-06-28 15:24:59,238 | ERROR   | Dump saved → debug_logs/fail/tick0071.json
2025-06-28 15:24:59,270 | ERROR   | Solver failed | status=4 | SQP it=1 | KKT=9.55e-01 | t=0.002s
2025-06-28 15:24:59,270 | ERROR   | Dump saved → debug_logs/fail/tick0072.json
2025-06-28 15:24:59,303 | ERROR   | Solver failed | status=4 | SQP it=1 | KKT=9.55e-01 | t=0.001s
2025-06-28 15:24:59,303 | ERROR   | Dump saved → debug_logs/fail/tick0073.json
2025-06-28 15:24:59,334 | ERROR   | Solver failed | status=4 | SQP it=1 | KKT=9.55e-01 | t=0.001s
2025-06-28 15:24:59,335 | ERROR   | Dump saved → debug_logs/fail/tick0074.json
2025-06-28 15:24:59,394 | ERROR   | Solver failed | status=4 | SQP it=29 | KKT=1.44e-09 | t=0.026s
2025-06-28 15:24:59,395 | ERROR   | Dump saved → debug_logs/fail/tick0075.json
2025-06-28 15:24:59,428 | ERROR   | Solver failed | status=4 | SQP it=1 | KKT=7.73e+01 | t=0.002s
2025-06-28 15:24:59,429 | ERROR   | Dump saved → debug_logs/fail/tick0076.json
2025-06-28 15:24:59,458 | ERROR   | Solver failed | status=4 | SQP it=1 | KKT=7.73e+01 | t=0.002s
2025-06-28 15:24:59,459 | ERROR   | Dump saved → debug_logs/fail/tick0077.json
2025-06-28 15:24:59,489 | ERROR   | Solver failed | status=4 | SQP it=1 | KKT=7.73e+01 | t=0.002s
2025-06-28 15:24:59,490 | ERROR   | Dump saved → debug_logs/fail/tick0078.json
2025-06-28 15:24:59,568 | ERROR   | Solver failed | status=4 | SQP it=55 | KKT=8.88e-08 | t=0.050s
2025-06-28 15:24:59,570 | ERROR   | Dump saved → debug_logs/fail/tick0079.json
2025-06-28 15:24:59,600 | ERROR   | Solver failed | status=4 | SQP it=1 | KKT=1.70e+02 | t=0.001s
2025-06-28 15:24:59,601 | ERROR   | Dump saved → debug_logs/fail/tick0080.json
2025-06-28 15:24:59,631 | ERROR   | Solver failed | status=4 | SQP it=1 | KKT=1.70e+02 | t=0.001s
2025-06-28 15:24:59,632 | ERROR   | Dump saved → debug_logs/fail/tick0081.json
2025-06-28 15:24:59,662 | ERROR   | Solver failed | status=4 | SQP it=1 | KKT=1.70e+02 | t=0.001s
2025-06-28 15:24:59,663 | ERROR   | Dump saved → debug_logs/fail/tick0082.json
