2025-06-25 13:44:24,255 | INFO    | ===== INITIAL STATE DUMP =====
2025-06-25 13:44:24,255 | DEBUG   | {
  "xcurrent": [
    1.089695930480957,
    1.4088244438171387,
    0.08456537127494812,
    0.0,
    0.0,
    0.0
  ],
  "params": {
    "QC": 10,
    "QC_GATE": 50,
    "QL": 40,
    "MU": 10,
    "DVTHETA_MAX": 1.7,
    "N": 15,
    "T_HORIZON": 0.8,
    "RAMP_TIME": 1.8,
    "BARRIER_WEIGHT": 10,
    "TUNNEL_WIDTH": 0.5,
    "TUNNEL_WIDTH_GATE": 0.15,
    "NARROW_DIST": 0.7,
    "GATE_FLAT_DIST": 0.2,
    "Q_OMEGA": 2,
    "R_VTHETA": 1.0,
    "IN_GATE_RAMP_TIME": 0.3,
    "OUT_GATE_RAMP_TIME": 0.5
  },
  "box_lims": {
    "vtheta_max": 1.7,
    "dvtheta_max": 1.7
  }
}
2025-06-25 13:44:35,787 | INFO    | ===== INITIAL STATE DUMP =====
2025-06-25 13:44:35,787 | DEBUG   | {
  "xcurrent": [
    1.050594687461853,
    1.4977706670761108,
    0.08238659054040909,
    0.0,
    0.0,
    0.0
  ],
  "params": {
    "QC": 10,
    "QC_GATE": 50,
    "QL": 40,
    "MU": 10,
    "DVTHETA_MAX": 1.7,
    "N": 15,
    "T_HORIZON": 0.8,
    "RAMP_TIME": 1.8,
    "BARRIER_WEIGHT": 10,
    "TUNNEL_WIDTH": 0.5,
    "TUNNEL_WIDTH_GATE": 0.15,
    "NARROW_DIST": 0.7,
    "GATE_FLAT_DIST": 0.2,
    "Q_OMEGA": 2,
    "R_VTHETA": 1.0,
    "IN_GATE_RAMP_TIME": 0.3,
    "OUT_GATE_RAMP_TIME": 0.5
  },
  "box_lims": {
    "vtheta_max": 1.7,
    "dvtheta_max": 1.7
  }
}
2025-06-25 13:44:52,397 | INFO    | ===== INITIAL STATE DUMP =====
2025-06-25 13:44:52,397 | DEBUG   | {
  "xcurrent": [
    1.0531240701675415,
    1.5046206712722778,
    0.0776158943772316,
    0.0,
    0.0,
    0.0
  ],
  "params": {
    "QC": 10,
    "QC_GATE": 50,
    "QL": 40,
    "MU": 10,
    "DVTHETA_MAX": 1.7,
    "N": 15,
    "T_HORIZON": 0.8,
    "RAMP_TIME": 1.8,
    "BARRIER_WEIGHT": 10,
    "TUNNEL_WIDTH": 0.5,
    "TUNNEL_WIDTH_GATE": 0.15,
    "NARROW_DIST": 0.7,
    "GATE_FLAT_DIST": 0.2,
    "Q_OMEGA": 2,
    "R_VTHETA": 1.0,
    "IN_GATE_RAMP_TIME": 0.3,
    "OUT_GATE_RAMP_TIME": 0.5
  },
  "box_lims": {
    "vtheta_max": 1.7,
    "dvtheta_max": 1.7
  }
}
2025-06-25 13:44:58,949 | INFO    | ===== INITIAL STATE DUMP =====
2025-06-25 13:44:58,950 | DEBUG   | {
  "xcurrent": [
    1.0847141742706299,
    1.4428424835205078,
    0.07912570238113403,
    0.0,
    0.0,
    0.0
  ],
  "params": {
    "QC": 10,
    "QC_GATE": 50,
    "QL": 40,
    "MU": 10,
    "DVTHETA_MAX": 1.7,
    "N": 15,
    "T_HORIZON": 0.8,
    "RAMP_TIME": 1.8,
    "BARRIER_WEIGHT": 10,
    "TUNNEL_WIDTH": 0.5,
    "TUNNEL_WIDTH_GATE": 0.15,
    "NARROW_DIST": 0.7,
    "GATE_FLAT_DIST": 0.2,
    "Q_OMEGA": 2,
    "R_VTHETA": 1.0,
    "IN_GATE_RAMP_TIME": 0.3,
    "OUT_GATE_RAMP_TIME": 0.5
  },
  "box_lims": {
    "vtheta_max": 1.7,
    "dvtheta_max": 1.7
  }
}
2025-06-25 13:45:03,621 | INFO    | ===== INITIAL STATE DUMP =====
2025-06-25 13:45:03,621 | DEBUG   | {
  "xcurrent": [
    1.0847915410995483,
    1.4839555025100708,
    0.07506585866212845,
    0.0,
    0.0,
    0.0
  ],
  "params": {
    "QC": 10,
    "QC_GATE": 50,
    "QL": 40,
    "MU": 10,
    "DVTHETA_MAX": 1.7,
    "N": 15,
    "T_HORIZON": 0.8,
    "RAMP_TIME": 1.8,
    "BARRIER_WEIGHT": 10,
    "TUNNEL_WIDTH": 0.5,
    "TUNNEL_WIDTH_GATE": 0.15,
    "NARROW_DIST": 0.7,
    "GATE_FLAT_DIST": 0.2,
    "Q_OMEGA": 2,
    "R_VTHETA": 1.0,
    "IN_GATE_RAMP_TIME": 0.3,
    "OUT_GATE_RAMP_TIME": 0.5
  },
  "box_lims": {
    "vtheta_max": 1.7,
    "dvtheta_max": 1.7
  }
}
2025-06-25 13:45:03,935 | ERROR   | Solver failed | status=2 | SQP it=1000 | KKT=1.75e-08 | t=0.162s
2025-06-25 13:45:03,937 | ERROR   | Dump saved → debug_logs/fail/tick0006.json
2025-06-25 13:45:13,649 | INFO    | ===== INITIAL STATE DUMP =====
2025-06-25 13:45:13,649 | DEBUG   | {
  "xcurrent": [
    0.9490811824798584,
    1.4945260286331177,
    0.07807227969169617,
    0.0,
    0.0,
    0.0
  ],
  "params": {
    "QC": 10,
    "QC_GATE": 50,
    "QL": 40,
    "MU": 10,
    "DVTHETA_MAX": 1.7,
    "N": 15,
    "T_HORIZON": 0.8,
    "RAMP_TIME": 1.8,
    "BARRIER_WEIGHT": 10,
    "TUNNEL_WIDTH": 0.5,
    "TUNNEL_WIDTH_GATE": 0.15,
    "NARROW_DIST": 0.7,
    "GATE_FLAT_DIST": 0.2,
    "Q_OMEGA": 2,
    "R_VTHETA": 1.0,
    "IN_GATE_RAMP_TIME": 0.3,
    "OUT_GATE_RAMP_TIME": 0.5
  },
  "box_lims": {
    "vtheta_max": 1.7,
    "dvtheta_max": 1.7
  }
}
2025-06-25 13:45:14,180 | ERROR   | Solver failed | status=2 | SQP it=1000 | KKT=1.47e-08 | t=0.166s
2025-06-25 13:45:14,180 | ERROR   | Dump saved → debug_logs/fail/tick0014.json
