2025-06-28 20:55:58,663 | INFO    | ===== INITIAL STATE DUMP =====
2025-06-28 20:55:58,663 | DEBUG   | {
  "xcurrent": [
    1.089695930480957,
    1.4088244438171387,
    0.08456537127494812,
    0.0,
    0.0,
    0.0
  ],
  "params": {
    "QC": 10,
    "QC_GATE": 50,
    "QL": 40,
    "MU": 10,
    "DVTHETA_MAX": 1.6,
    "N": 20,
    "T_HORIZON": 0.7,
    "RAMP_TIME": 0.7,
    "BARRIER_WEIGHT": 10,
    "OBSTACLE_WEIGHT": [
      30,
      30,
      30,
      30
    ],
    "OBSTACLE_RADIUS": 0.25,
    "OBSTACLE_ALPHA": 100.0,
    "TUNNEL_WIDTH": 0.4,
    "TUNNEL_WIDTH_GATE": 0.15,
    "NARROW_DIST": 0.6,
    "GATE_FLAT_DIST": 0.45,
    "Q_OMEGA": 2,
    "R_VTHETA": 1.0,
    "REG_THRUST": 0.02,
    "REG_INPUTS": 0.8
  },
  "box_lims": {
    "vtheta_max": 1.6,
    "dvtheta_max": 1.6
  }
}
2025-06-28 20:56:01,305 | ERROR   | Solver failed | status=2 | SQP it=1000 | KKT=9.93e-08 | t=0.572s
2025-06-28 20:56:01,305 | ERROR   | Dump saved → debug_logs/fail/tick0031.json
2025-06-28 20:56:12,825 | ERROR   | Solver failed | status=2 | SQP it=1000 | KKT=6.08e-12 | t=0.606s
2025-06-28 20:56:12,826 | ERROR   | Dump saved → debug_logs/fail/tick0126.json
2025-06-28 20:56:13,394 | ERROR   | Solver failed | status=2 | SQP it=1000 | KKT=2.68e-08 | t=0.539s
2025-06-28 20:56:13,395 | ERROR   | Dump saved → debug_logs/fail/tick0127.json
2025-06-28 20:56:16,890 | ERROR   | Solver failed | status=2 | SQP it=1000 | KKT=8.44e-08 | t=0.544s
2025-06-28 20:56:16,891 | ERROR   | Dump saved → debug_logs/fail/tick0128.json
2025-06-28 20:56:17,435 | ERROR   | Solver failed | status=2 | SQP it=1000 | KKT=6.56e-08 | t=0.513s
2025-06-28 20:56:17,436 | ERROR   | Dump saved → debug_logs/fail/tick0129.json
2025-06-28 20:56:17,528 | ERROR   | Solver failed | status=4 | SQP it=8 | KKT=5.75e-14 | t=0.005s
2025-06-28 20:56:17,528 | ERROR   | Dump saved → debug_logs/fail/tick0132.json
2025-06-28 20:56:17,554 | ERROR   | Solver failed | status=4 | SQP it=1 | KKT=1.41e+01 | t=0.001s
2025-06-28 20:56:17,555 | ERROR   | Dump saved → debug_logs/fail/tick0133.json
2025-06-28 20:56:17,667 | ERROR   | Solver failed | status=4 | SQP it=122 | KKT=4.56e-09 | t=0.087s
2025-06-28 20:56:17,667 | ERROR   | Dump saved → debug_logs/fail/tick0134.json
2025-06-28 20:56:17,693 | ERROR   | Solver failed | status=4 | SQP it=1 | KKT=4.01e+01 | t=0.001s
2025-06-28 20:56:17,693 | ERROR   | Dump saved → debug_logs/fail/tick0135.json
2025-06-28 20:56:19,315 | ERROR   | Solver failed | status=4 | SQP it=23 | KKT=7.94e-09 | t=0.037s
2025-06-28 20:56:19,316 | ERROR   | Dump saved → debug_logs/fail/tick0151.json
2025-06-28 20:56:20,917 | INFO    | ===== INITIAL STATE DUMP =====
2025-06-28 20:56:20,918 | DEBUG   | {
  "xcurrent": [
    1.0741231441497803,
    1.5756582021713257,
    0.08328729122877121,
    0.0,
    0.0,
    0.0
  ],
  "params": {
    "QC": 10,
    "QC_GATE": 50,
    "QL": 40,
    "MU": 10,
    "DVTHETA_MAX": 1.6,
    "N": 20,
    "T_HORIZON": 0.7,
    "RAMP_TIME": 0.7,
    "BARRIER_WEIGHT": 10,
    "OBSTACLE_WEIGHT": [
      30,
      30,
      30,
      30
    ],
    "OBSTACLE_RADIUS": 0.25,
    "OBSTACLE_ALPHA": 100.0,
    "TUNNEL_WIDTH": 0.4,
    "TUNNEL_WIDTH_GATE": 0.15,
    "NARROW_DIST": 0.6,
    "GATE_FLAT_DIST": 0.45,
    "Q_OMEGA": 2,
    "R_VTHETA": 1.0,
    "REG_THRUST": 0.02,
    "REG_INPUTS": 0.8
  },
  "box_lims": {
    "vtheta_max": 1.6,
    "dvtheta_max": 1.6
  }
}
