2025-06-28 10:49:23,311 | INFO    | ===== INITIAL STATE DUMP =====
2025-06-28 10:49:23,312 | DEBUG   | {
  "xcurrent": [
    1.089695930480957,
    1.4088244438171387,
    0.08456537127494812,
    0.0,
    0.0,
    0.0
  ],
  "params": {
    "QC": 10,
    "QC_GATE": 50,
    "QL": 40,
    "MU": 10,
    "DVTHETA_MAX": 1.8,
    "N": 20,
    "T_HORIZON": 1.0,
    "RAMP_TIME": 1.8,
    "BARRIER_WEIGHT": 10,
    "TUNNEL_WIDTH": 0.4,
    "TUNNEL_WIDTH_GATE": 0.15,
    "NARROW_DIST": 0.7,
    "GATE_FLAT_DIST": 0.2,
    "Q_OMEGA": 2,
    "R_VTHETA": 1.0,
    "IN_GATE_RAMP_TIME": 0.3,
    "OUT_GATE_RAMP_TIME": 0.5,
    "REG_THRUST": 0.018,
    "REG_INPUTS": 0.04
  },
  "box_lims": {
    "vtheta_max": 1.8,
    "dvtheta_max": 1.8
  }
}
2025-06-28 10:49:35,381 | ERROR   | Solver failed | status=1 | SQP it=145 | KKT=1.15e-10 | t=0.162s
2025-06-28 10:49:35,382 | ERROR   | Dump saved → debug_logs/fail/tick0101.json
2025-06-28 10:49:35,410 | ERROR   | Solver failed | status=1 | SQP it=0 | KKT=nan | t=0.000s
2025-06-28 10:49:35,410 | ERROR   | Dump saved → debug_logs/fail/tick0102.json
2025-06-28 10:49:36,541 | ERROR   | Solver failed | status=1 | SQP it=0 | KKT=nan | t=0.000s
2025-06-28 10:49:36,544 | ERROR   | Dump saved → debug_logs/fail/tick0103.json
2025-06-28 10:49:36,585 | ERROR   | Solver failed | status=1 | SQP it=0 | KKT=nan | t=0.000s
2025-06-28 10:49:36,586 | ERROR   | Dump saved → debug_logs/fail/tick0104.json
2025-06-28 10:49:36,616 | ERROR   | Solver failed | status=1 | SQP it=0 | KKT=nan | t=0.000s
2025-06-28 10:49:36,617 | ERROR   | Dump saved → debug_logs/fail/tick0105.json
2025-06-28 10:49:36,645 | ERROR   | Solver failed | status=1 | SQP it=0 | KKT=nan | t=0.000s
2025-06-28 10:49:36,646 | ERROR   | Dump saved → debug_logs/fail/tick0106.json
2025-06-28 10:49:36,674 | ERROR   | Solver failed | status=1 | SQP it=0 | KKT=nan | t=0.000s
2025-06-28 10:49:36,674 | ERROR   | Dump saved → debug_logs/fail/tick0107.json
2025-06-28 10:49:36,702 | ERROR   | Solver failed | status=1 | SQP it=0 | KKT=nan | t=0.000s
2025-06-28 10:49:36,703 | ERROR   | Dump saved → debug_logs/fail/tick0108.json
2025-06-28 10:49:36,731 | ERROR   | Solver failed | status=1 | SQP it=0 | KKT=nan | t=0.000s
2025-06-28 10:49:36,732 | ERROR   | Dump saved → debug_logs/fail/tick0109.json
2025-06-28 10:49:36,761 | ERROR   | Solver failed | status=1 | SQP it=0 | KKT=nan | t=0.000s
2025-06-28 10:49:36,762 | ERROR   | Dump saved → debug_logs/fail/tick0110.json
2025-06-28 10:49:36,786 | ERROR   | Solver failed | status=1 | SQP it=0 | KKT=nan | t=0.000s
2025-06-28 10:49:36,786 | ERROR   | Dump saved → debug_logs/fail/tick0111.json
2025-06-28 10:49:36,811 | ERROR   | Solver failed | status=1 | SQP it=0 | KKT=nan | t=0.000s
2025-06-28 10:49:36,812 | ERROR   | Dump saved → debug_logs/fail/tick0112.json
2025-06-28 10:49:36,839 | ERROR   | Solver failed | status=1 | SQP it=0 | KKT=nan | t=0.000s
2025-06-28 10:49:36,840 | ERROR   | Dump saved → debug_logs/fail/tick0113.json
2025-06-28 10:49:36,865 | ERROR   | Solver failed | status=1 | SQP it=0 | KKT=nan | t=0.000s
2025-06-28 10:49:36,866 | ERROR   | Dump saved → debug_logs/fail/tick0114.json
2025-06-28 10:49:36,890 | ERROR   | Solver failed | status=1 | SQP it=0 | KKT=nan | t=0.000s
2025-06-28 10:49:36,891 | ERROR   | Dump saved → debug_logs/fail/tick0115.json
2025-06-28 10:49:36,916 | ERROR   | Solver failed | status=1 | SQP it=0 | KKT=nan | t=0.000s
2025-06-28 10:49:36,917 | ERROR   | Dump saved → debug_logs/fail/tick0116.json
2025-06-28 10:49:36,941 | ERROR   | Solver failed | status=1 | SQP it=0 | KKT=nan | t=0.000s
2025-06-28 10:49:36,942 | ERROR   | Dump saved → debug_logs/fail/tick0117.json
2025-06-28 10:49:36,968 | ERROR   | Solver failed | status=4 | SQP it=1 | KKT=1.18e+03 | t=0.000s
2025-06-28 10:49:36,968 | ERROR   | Dump saved → debug_logs/fail/tick0118.json
