2025-06-15 19:05:33,818 | INFO    | ===== INITIAL STATE DUMP =====
2025-06-15 19:05:33,818 | DEBUG   | {
  "xcurrent": [
    1.089695930480957,
    1.4088244438171387,
    0.08456537127494812,
    0.0,
    0.0,
    0.0
  ],
  "params": {
    "QC": 10,
    "QL": 80,
    "MU": 10,
    "DVTHETA_MAX": 1.9,
    "N": 10,
    "T_HORIZON": 1.2,
    "RAMP_TIME": 1.8,
    "BARRIER_WEIGHT": 10,
    "TUNNEL_WIDTH": 0.5,
    "TUNNEL_WIDTH_GATE": 0.1,
    "NARROW_DIST": 1,
    "Q_OMEGA": 2,
    "R_VTHETA": 1.0,
    "IN_GATE_RAMP_TIME": 0.1,
    "OUT_GATE_RAMP_TIME": 3
  },
  "box_lims": {
    "vtheta_max": 1.9,
    "dvtheta_max": 1.9
  }
}
2025-06-15 19:05:47,856 | INFO    | ===== INITIAL STATE DUMP =====
2025-06-15 19:05:47,857 | DEBUG   | {
  "xcurrent": [
    0.9339357018470764,
    1.4716107845306396,
    0.08117003738880157,
    0.0,
    0.0,
    0.0
  ],
  "params": {
    "QC": 10,
    "QL": 80,
    "MU": 10,
    "DVTHETA_MAX": 1.9,
    "N": 10,
    "T_HORIZON": 1.2,
    "RAMP_TIME": 1.8,
    "BARRIER_WEIGHT": 10,
    "TUNNEL_WIDTH": 0.5,
    "TUNNEL_WIDTH_GATE": 0.1,
    "NARROW_DIST": 1,
    "Q_OMEGA": 2,
    "R_VTHETA": 1.0,
    "IN_GATE_RAMP_TIME": 0.1,
    "OUT_GATE_RAMP_TIME": 3
  },
  "box_lims": {
    "vtheta_max": 1.9,
    "dvtheta_max": 1.9
  }
}
