2025-06-29 11:22:15,009 | INFO    | ===== INITIAL STATE DUMP =====
2025-06-29 11:22:15,009 | DEBUG   | {
  "xcurrent": [
    1.089695930480957,
    1.4088244438171387,
    0.08456537127494812,
    0.0,
    0.0,
    0.0
  ],
  "params": {
    "QC": 10,
    "QC_GATE": 50,
    "QL": 40,
    "MU": 10,
    "DVTHETA_MAX": 1.6,
    "N": 20,
    "T_HORIZON": 0.7,
    "RAMP_TIME": 0.1,
    "BARRIER_WEIGHT": 50,
    "TUNNEL_WIDTH": 0.4,
    "TUNNEL_WIDTH_GATE": 0.15,
    "NARROW_DIST": 0.6,
    "GATE_FLAT_DIST": 0.45,
    "Q_OMEGA": 2,
    "R_VTHETA": 1.0,
    "REG_THRUST": 0.02,
    "REG_INPUTS": 0.08
  },
  "box_lims": {
    "vtheta_max": 1.6,
    "dvtheta_max": 1.6
  }
}
2025-06-29 11:22:43,451 | ERROR   | Solver failed | status=2 | SQP it=1000 | KKT=2.89e-10 | t=0.682s
2025-06-29 11:22:43,453 | ERROR   | Dump saved → debug_logs/fail/tick0132.json
2025-06-29 11:22:44,408 | ERROR   | Solver failed | status=2 | SQP it=1000 | KKT=5.63e-08 | t=0.929s
2025-06-29 11:22:44,409 | ERROR   | Dump saved → debug_logs/fail/tick0133.json
2025-06-29 11:22:45,440 | ERROR   | Solver failed | status=2 | SQP it=1000 | KKT=6.06e-10 | t=1.006s
2025-06-29 11:22:45,441 | ERROR   | Dump saved → debug_logs/fail/tick0134.json
2025-06-29 11:22:45,986 | ERROR   | Solver failed | status=4 | SQP it=499 | KKT=1.49e-08 | t=0.516s
2025-06-29 11:22:45,987 | ERROR   | Dump saved → debug_logs/fail/tick0135.json
