2025-06-28 18:15:31,848 | INFO    | ===== INITIAL STATE DUMP =====
2025-06-28 18:15:31,848 | DEBUG   | {
  "xcurrent": [
    1.089695930480957,
    1.4088244438171387,
    0.08456537127494812,
    0.0,
    0.0,
    0.0
  ],
  "params": {
    "QC": 10,
    "QC_GATE": 50,
    "QL": 40,
    "MU": 10,
    "DVTHETA_MAX": 1.4,
    "N": 20,
    "T_HORIZON": 0.9,
    "RAMP_TIME": 0.5,
    "BARRIER_WEIGHT": 10,
    "OBSTACLE_WEIGHT": [
      50,
      200,
      100,
      30
    ],
    "OBSTACLE_RADIUS": 0.2,
    "TUNNEL_WIDTH": 0.4,
    "TUNNEL_WIDTH_GATE": 0.2,
    "NARROW_DIST": 0.5,
    "GATE_FLAT_DIST": 0.3,
    "Q_OMEGA": 2,
    "R_VTHETA": 1.0,
    "REG_THRUST": 0.008,
    "REG_INPUTS": 0.03
  },
  "box_lims": {
    "vtheta_max": 1.4,
    "dvtheta_max": 1.4
  }
}
2025-06-28 18:15:32,540 | ERROR   | Solver failed | status=2 | SQP it=1000 | KKT=2.83e-08 | t=0.689s
2025-06-28 18:15:32,541 | ERROR   | Dump saved → debug_logs/fail/tick0000.json
2025-06-28 18:15:47,621 | INFO    | ===== INITIAL STATE DUMP =====
2025-06-28 18:15:47,621 | DEBUG   | {
  "xcurrent": [
    0.9575220942497253,
    1.4330995082855225,
    0.08715113997459412,
    0.0,
    0.0,
    0.0
  ],
  "params": {
    "QC": 10,
    "QC_GATE": 50,
    "QL": 40,
    "MU": 10,
    "DVTHETA_MAX": 1.4,
    "N": 20,
    "T_HORIZON": 0.9,
    "RAMP_TIME": 0.5,
    "BARRIER_WEIGHT": 10,
    "OBSTACLE_WEIGHT": [
      50,
      200,
      100,
      30
    ],
    "OBSTACLE_RADIUS": 0.2,
    "TUNNEL_WIDTH": 0.4,
    "TUNNEL_WIDTH_GATE": 0.2,
    "NARROW_DIST": 0.5,
    "GATE_FLAT_DIST": 0.3,
    "Q_OMEGA": 2,
    "R_VTHETA": 1.0,
    "REG_THRUST": 0.008,
    "REG_INPUTS": 0.03
  },
  "box_lims": {
    "vtheta_max": 1.4,
    "dvtheta_max": 1.4
  }
}
2025-06-28 18:15:50,821 | ERROR   | Solver failed | status=4 | SQP it=78 | KKT=6.00e-11 | t=0.071s
2025-06-28 18:15:50,824 | ERROR   | Dump saved → debug_logs/fail/tick0100.json
2025-06-28 18:15:50,858 | ERROR   | Solver failed | status=4 | SQP it=1 | KKT=1.69e+02 | t=0.004s
2025-06-28 18:15:50,859 | ERROR   | Dump saved → debug_logs/fail/tick0101.json
2025-06-28 18:15:51,123 | ERROR   | Solver failed | status=4 | SQP it=39 | KKT=6.42e-12 | t=0.033s
2025-06-28 18:15:51,124 | ERROR   | Dump saved → debug_logs/fail/tick0107.json
2025-06-28 18:15:51,151 | ERROR   | Solver failed | status=4 | SQP it=1 | KKT=4.98e+01 | t=0.001s
2025-06-28 18:15:51,151 | ERROR   | Dump saved → debug_logs/fail/tick0108.json
2025-06-28 18:15:51,178 | ERROR   | Solver failed | status=4 | SQP it=1 | KKT=4.98e+01 | t=0.001s
2025-06-28 18:15:51,179 | ERROR   | Dump saved → debug_logs/fail/tick0109.json
2025-06-28 18:15:52,326 | ERROR   | Solver failed | status=2 | SQP it=1000 | KKT=3.09e-14 | t=1.120s
2025-06-28 18:15:52,326 | ERROR   | Dump saved → debug_logs/fail/tick0110.json
2025-06-28 18:16:02,602 | INFO    | ===== INITIAL STATE DUMP =====
2025-06-28 18:16:02,602 | DEBUG   | {
  "xcurrent": [
    0.9730191826820374,
    1.4060735702514648,
    0.08424465358257294,
    0.0,
    0.0,
    0.0
  ],
  "params": {
    "QC": 10,
    "QC_GATE": 50,
    "QL": 40,
    "MU": 10,
    "DVTHETA_MAX": 1.4,
    "N": 20,
    "T_HORIZON": 0.9,
    "RAMP_TIME": 0.5,
    "BARRIER_WEIGHT": 10,
    "OBSTACLE_WEIGHT": [
      50,
      200,
      100,
      30
    ],
    "OBSTACLE_RADIUS": 0.2,
    "TUNNEL_WIDTH": 0.4,
    "TUNNEL_WIDTH_GATE": 0.2,
    "NARROW_DIST": 0.5,
    "GATE_FLAT_DIST": 0.3,
    "Q_OMEGA": 2,
    "R_VTHETA": 1.0,
    "REG_THRUST": 0.008,
    "REG_INPUTS": 0.03
  },
  "box_lims": {
    "vtheta_max": 1.4,
    "dvtheta_max": 1.4
  }
}
