2025-06-28 20:36:22,824 | INFO    | ===== INITIAL STATE DUMP =====
2025-06-28 20:36:22,824 | DEBUG   | {
  "xcurrent": [
    1.089695930480957,
    1.4088244438171387,
    0.08456537127494812,
    0.0,
    0.0,
    0.0
  ],
  "params": {
    "QC": 10,
    "QC_GATE": 50,
    "QL": 40,
    "MU": 10,
    "DVTHETA_MAX": 1.6,
    "N": 20,
    "T_HORIZON": 0.7,
    "RAMP_TIME": 0.7,
    "BARRIER_WEIGHT": 10,
    "OBSTACLE_WEIGHT": [
      100,
      100,
      100,
      100
    ],
    "OBSTACLE_RADIUS": 0.2,
    "OBSTACLE_ALPHA": 100.0,
    "TUNNEL_WIDTH": 0.4,
    "TUNNEL_WIDTH_GATE": 0.15,
    "NARROW_DIST": 0.6,
    "GATE_FLAT_DIST": 0.45,
    "Q_OMEGA": 2,
    "R_VTHETA": 1.0,
    "REG_THRUST": 0.02,
    "REG_INPUTS": 0.8
  },
  "box_lims": {
    "vtheta_max": 1.6,
    "dvtheta_max": 1.6
  }
}
2025-06-28 20:36:33,225 | ERROR   | Solver failed | status=4 | SQP it=7 | KKT=1.00e+00 | t=0.005s
2025-06-28 20:36:33,227 | ERROR   | Dump saved → debug_logs/fail/tick0072.json
2025-06-28 20:36:33,258 | ERROR   | Solver failed | status=4 | SQP it=1 | KKT=6.97e+01 | t=0.001s
2025-06-28 20:36:33,258 | ERROR   | Dump saved → debug_logs/fail/tick0073.json
2025-06-28 20:36:33,287 | ERROR   | Solver failed | status=4 | SQP it=1 | KKT=6.97e+01 | t=0.001s
2025-06-28 20:36:33,287 | ERROR   | Dump saved → debug_logs/fail/tick0074.json
2025-06-28 20:36:33,319 | ERROR   | Solver failed | status=4 | SQP it=1 | KKT=6.97e+01 | t=0.001s
2025-06-28 20:36:33,320 | ERROR   | Dump saved → debug_logs/fail/tick0075.json
2025-06-28 20:36:33,350 | ERROR   | Solver failed | status=4 | SQP it=3 | KKT=7.01e+01 | t=0.003s
2025-06-28 20:36:33,351 | ERROR   | Dump saved → debug_logs/fail/tick0076.json
2025-06-28 20:36:33,380 | ERROR   | Solver failed | status=4 | SQP it=1 | KKT=1.19e+02 | t=0.001s
2025-06-28 20:36:33,380 | ERROR   | Dump saved → debug_logs/fail/tick0077.json
2025-06-28 20:36:33,410 | ERROR   | Solver failed | status=4 | SQP it=1 | KKT=1.19e+02 | t=0.001s
2025-06-28 20:36:33,411 | ERROR   | Dump saved → debug_logs/fail/tick0078.json
2025-06-28 20:36:43,408 | ERROR   | Solver failed | status=2 | SQP it=1000 | KKT=6.61e-08 | t=0.568s
2025-06-28 20:36:43,409 | ERROR   | Dump saved → debug_logs/fail/tick0115.json
2025-06-28 20:36:44,049 | ERROR   | Solver failed | status=2 | SQP it=1000 | KKT=1.59e-08 | t=0.611s
2025-06-28 20:36:44,049 | ERROR   | Dump saved → debug_logs/fail/tick0116.json
2025-06-28 20:36:46,330 | ERROR   | Solver failed | status=4 | SQP it=3 | KKT=2.71e+00 | t=0.002s
2025-06-28 20:36:46,332 | ERROR   | Dump saved → debug_logs/fail/tick0120.json
2025-06-28 20:36:46,362 | ERROR   | Solver failed | status=4 | SQP it=1 | KKT=1.78e+01 | t=0.001s
2025-06-28 20:36:46,363 | ERROR   | Dump saved → debug_logs/fail/tick0121.json
2025-06-28 20:36:49,966 | ERROR   | Solver failed | status=4 | SQP it=72 | KKT=8.13e-08 | t=0.067s
2025-06-28 20:36:49,967 | ERROR   | Dump saved → debug_logs/fail/tick0143.json
2025-06-28 20:36:50,027 | ERROR   | Solver failed | status=4 | SQP it=1 | KKT=6.90e+01 | t=0.030s
2025-06-28 20:36:50,028 | ERROR   | Dump saved → debug_logs/fail/tick0144.json
2025-06-28 20:36:51,219 | ERROR   | Solver failed | status=4 | SQP it=1 | KKT=6.90e+01 | t=0.006s
2025-06-28 20:36:51,221 | ERROR   | Dump saved → debug_logs/fail/tick0145.json
2025-06-28 20:36:51,265 | ERROR   | Solver failed | status=4 | SQP it=1 | KKT=6.90e+01 | t=0.004s
2025-06-28 20:36:51,265 | ERROR   | Dump saved → debug_logs/fail/tick0146.json
2025-06-28 20:36:51,311 | ERROR   | Solver failed | status=4 | SQP it=16 | KKT=8.31e-08 | t=0.016s
2025-06-28 20:36:51,312 | ERROR   | Dump saved → debug_logs/fail/tick0147.json
2025-06-28 20:36:51,339 | ERROR   | Solver failed | status=4 | SQP it=1 | KKT=1.21e+02 | t=0.001s
2025-06-28 20:36:51,340 | ERROR   | Dump saved → debug_logs/fail/tick0148.json
2025-06-28 20:36:51,368 | ERROR   | Solver failed | status=4 | SQP it=1 | KKT=1.21e+02 | t=0.001s
2025-06-28 20:36:51,369 | ERROR   | Dump saved → debug_logs/fail/tick0149.json
