2025-06-08 22:25:18,261 | INFO    | ===== INITIAL STATE DUMP =====
2025-06-08 22:25:18,262 | DEBUG   | {
  "xcurrent": [
    1.089695930480957,
    1.4088244438171387,
    0.08456537127494812,
    0.0,
    0.0,
    0.0
  ],
  "params": {
    "QC": 10,
    "QL": 80,
    "MU": 10,
    "DVTHETA_MAX": 1.0,
    "N": 20,
    "T_HORIZON": 1.5,
    "RAMP_TIME": 1.8,
    "BARRIER_WEIGHT": 10,
    "TUNNEL_WIDTH": 0.4,
    "TUNNEL_WIDTH_GATE": 0.25,
    "Q_OMEGA": 2,
    "R_VTHETA": 1.0,
    "IN_GATE_RAMP_TIME": 0.4,
    "OUT_GATE_RAMP_TIME": 3
  },
  "box_lims": {
    "vtheta_max": 1.0,
    "dvtheta_max": 1.0
  }
}
2025-06-08 22:25:41,532 | ERROR   | Solver failed | status=1 | SQP it=40 | KKT=1.35e-08 | t=0.036s
2025-06-08 22:25:41,533 | ERROR   | Dump saved → debug_logs/fail/tick0122.json
2025-06-08 22:25:41,561 | ERROR   | Solver failed | status=1 | SQP it=0 | KKT=nan | t=0.000s
2025-06-08 22:25:41,561 | ERROR   | Dump saved → debug_logs/fail/tick0123.json
2025-06-08 22:25:47,268 | ERROR   | Solver failed | status=1 | SQP it=0 | KKT=nan | t=0.001s
2025-06-08 22:25:47,271 | ERROR   | Dump saved → debug_logs/fail/tick0124.json
2025-06-08 22:25:47,315 | ERROR   | Solver failed | status=1 | SQP it=0 | KKT=nan | t=0.000s
2025-06-08 22:25:47,316 | ERROR   | Dump saved → debug_logs/fail/tick0125.json
2025-06-08 22:25:47,345 | ERROR   | Solver failed | status=1 | SQP it=0 | KKT=nan | t=0.000s
2025-06-08 22:25:47,345 | ERROR   | Dump saved → debug_logs/fail/tick0126.json
2025-06-08 22:25:47,375 | ERROR   | Solver failed | status=1 | SQP it=0 | KKT=nan | t=0.000s
2025-06-08 22:25:47,376 | ERROR   | Dump saved → debug_logs/fail/tick0127.json
2025-06-08 22:25:47,403 | ERROR   | Solver failed | status=1 | SQP it=0 | KKT=nan | t=0.000s
2025-06-08 22:25:47,404 | ERROR   | Dump saved → debug_logs/fail/tick0128.json
2025-06-08 22:25:47,435 | ERROR   | Solver failed | status=1 | SQP it=0 | KKT=nan | t=0.000s
2025-06-08 22:25:47,436 | ERROR   | Dump saved → debug_logs/fail/tick0129.json
2025-06-08 22:25:51,398 | ERROR   | Solver failed | status=1 | SQP it=0 | KKT=nan | t=0.000s
2025-06-08 22:25:51,400 | ERROR   | Dump saved → debug_logs/fail/tick0130.json
2025-06-08 22:25:51,448 | ERROR   | Solver failed | status=1 | SQP it=0 | KKT=nan | t=0.000s
2025-06-08 22:25:51,449 | ERROR   | Dump saved → debug_logs/fail/tick0131.json
2025-06-08 22:25:51,476 | ERROR   | Solver failed | status=1 | SQP it=0 | KKT=nan | t=0.000s
2025-06-08 22:25:51,477 | ERROR   | Dump saved → debug_logs/fail/tick0132.json
2025-06-08 22:25:51,508 | ERROR   | Solver failed | status=1 | SQP it=0 | KKT=nan | t=0.000s
2025-06-08 22:25:51,509 | ERROR   | Dump saved → debug_logs/fail/tick0133.json
2025-06-08 22:25:53,240 | ERROR   | Solver failed | status=1 | SQP it=0 | KKT=nan | t=0.000s
2025-06-08 22:25:53,243 | ERROR   | Dump saved → debug_logs/fail/tick0134.json
2025-06-08 22:25:53,284 | ERROR   | Solver failed | status=1 | SQP it=0 | KKT=nan | t=0.000s
2025-06-08 22:25:53,286 | ERROR   | Dump saved → debug_logs/fail/tick0135.json
2025-06-08 22:25:53,315 | ERROR   | Solver failed | status=1 | SQP it=0 | KKT=nan | t=0.000s
2025-06-08 22:25:53,316 | ERROR   | Dump saved → debug_logs/fail/tick0136.json
2025-06-08 22:25:53,345 | ERROR   | Solver failed | status=1 | SQP it=0 | KKT=nan | t=0.000s
2025-06-08 22:25:53,346 | ERROR   | Dump saved → debug_logs/fail/tick0137.json
2025-06-08 22:25:53,374 | ERROR   | Solver failed | status=1 | SQP it=0 | KKT=nan | t=0.000s
2025-06-08 22:25:53,375 | ERROR   | Dump saved → debug_logs/fail/tick0138.json
