2025-06-28 17:38:04,987 | INFO    | ===== INITIAL STATE DUMP =====
2025-06-28 17:38:04,987 | DEBUG   | {
  "xcurrent": [
    1.089695930480957,
    1.4088244438171387,
    0.08456537127494812,
    0.0,
    0.0,
    0.0
  ],
  "params": {
    "QC": 10,
    "QC_GATE": 50,
    "QL": 40,
    "MU": 10,
    "DVTHETA_MAX": 1.6,
    "N": 25,
    "T_HORIZON": 0.8,
    "RAMP_TIME": 0.4,
    "BARRIER_WEIGHT": 10,
    "OBSTACLE_WEIGHT": [
      30,
      150,
      80,
      20
    ],
    "OBSTACLE_RADIUS": 0.2,
    "TUNNEL_WIDTH": 0.4,
    "TUNNEL_WIDTH_GATE": 0.2,
    "NARROW_DIST": 0.5,
    "GATE_FLAT_DIST": 0.3,
    "Q_OMEGA": 2,
    "R_VTHETA": 1.0,
    "REG_THRUST": 0.01,
    "REG_INPUTS": 0.003
  },
  "box_lims": {
    "vtheta_max": 1.6,
    "dvtheta_max": 1.6
  }
}
2025-06-28 17:38:17,782 | ERROR   | Solver failed | status=2 | SQP it=1000 | KKT=3.24e-09 | t=1.505s
2025-06-28 17:38:17,784 | ERROR   | Dump saved → debug_logs/fail/tick0132.json
2025-06-28 17:38:18,119 | ERROR   | Solver failed | status=4 | SQP it=206 | KKT=2.40e-12 | t=0.292s
2025-06-28 17:38:18,120 | ERROR   | Dump saved → debug_logs/fail/tick0133.json
2025-06-28 17:38:19,468 | ERROR   | Solver failed | status=2 | SQP it=1000 | KKT=1.07e-08 | t=1.317s
2025-06-28 17:38:19,469 | ERROR   | Dump saved → debug_logs/fail/tick0134.json
2025-06-28 17:38:20,378 | ERROR   | Solver failed | status=2 | SQP it=1000 | KKT=2.71e-08 | t=0.863s
2025-06-28 17:38:20,379 | ERROR   | Dump saved → debug_logs/fail/tick0135.json
