2025-06-28 20:05:07,332 | INFO    | ===== INITIAL STATE DUMP =====
2025-06-28 20:05:07,332 | DEBUG   | {
  "xcurrent": [
    1.089695930480957,
    1.4088244438171387,
    0.08456537127494812,
    0.0,
    0.0,
    0.0
  ],
  "params": {
    "QC": 10,
    "QC_GATE": 50,
    "QL": 40,
    "MU": 10,
    "DVTHETA_MAX": 1.6,
    "N": 20,
    "T_HORIZON": 0.7,
    "RAMP_TIME": 0.7,
    "BARRIER_WEIGHT": 10,
    "OBSTACLE_WEIGHT": [
      10,
      10,
      10,
      10
    ],
    "OBSTACLE_RADIUS": 0.7,
    "OBSTACLE_ALPHA": 100.0,
    "TUNNEL_WIDTH": 0.4,
    "TUNNEL_WIDTH_GATE": 0.15,
    "NARROW_DIST": 0.6,
    "GATE_FLAT_DIST": 0.45,
    "Q_OMEGA": 2,
    "R_VTHETA": 1.0,
    "REG_THRUST": 0.02,
    "REG_INPUTS": 0.8
  },
  "box_lims": {
    "vtheta_max": 1.6,
    "dvtheta_max": 1.6
  }
}
2025-06-28 20:05:20,111 | INFO    | ===== INITIAL STATE DUMP =====
2025-06-28 20:05:20,111 | DEBUG   | {
  "xcurrent": [
    1.0746203660964966,
    1.5476146936416626,
    0.07050605118274689,
    0.0,
    0.0,
    0.0
  ],
  "params": {
    "QC": 10,
    "QC_GATE": 50,
    "QL": 40,
    "MU": 10,
    "DVTHETA_MAX": 1.6,
    "N": 20,
    "T_HORIZON": 0.7,
    "RAMP_TIME": 0.7,
    "BARRIER_WEIGHT": 10,
    "OBSTACLE_WEIGHT": [
      10,
      10,
      10,
      10
    ],
    "OBSTACLE_RADIUS": 0.7,
    "OBSTACLE_ALPHA": 100.0,
    "TUNNEL_WIDTH": 0.4,
    "TUNNEL_WIDTH_GATE": 0.15,
    "NARROW_DIST": 0.6,
    "GATE_FLAT_DIST": 0.45,
    "Q_OMEGA": 2,
    "R_VTHETA": 1.0,
    "REG_THRUST": 0.02,
    "REG_INPUTS": 0.8
  },
  "box_lims": {
    "vtheta_max": 1.6,
    "dvtheta_max": 1.6
  }
}
2025-06-28 20:05:38,853 | INFO    | ===== INITIAL STATE DUMP =====
2025-06-28 20:05:38,853 | DEBUG   | {
  "xcurrent": [
    1.030735731124878,
    1.5929869413375854,
    0.08200282603502274,
    0.0,
    0.0,
    0.0
  ],
  "params": {
    "QC": 10,
    "QC_GATE": 50,
    "QL": 40,
    "MU": 10,
    "DVTHETA_MAX": 1.6,
    "N": 20,
    "T_HORIZON": 0.7,
    "RAMP_TIME": 0.7,
    "BARRIER_WEIGHT": 10,
    "OBSTACLE_WEIGHT": [
      10,
      10,
      10,
      10
    ],
    "OBSTACLE_RADIUS": 0.7,
    "OBSTACLE_ALPHA": 100.0,
    "TUNNEL_WIDTH": 0.4,
    "TUNNEL_WIDTH_GATE": 0.15,
    "NARROW_DIST": 0.6,
    "GATE_FLAT_DIST": 0.45,
    "Q_OMEGA": 2,
    "R_VTHETA": 1.0,
    "REG_THRUST": 0.02,
    "REG_INPUTS": 0.8
  },
  "box_lims": {
    "vtheta_max": 1.6,
    "dvtheta_max": 1.6
  }
}
2025-06-28 20:05:46,315 | ERROR   | Solver failed | status=2 | SQP it=1000 | KKT=3.17e-10 | t=0.642s
2025-06-28 20:05:46,318 | ERROR   | Dump saved → debug_logs/fail/tick0166.json
2025-06-28 20:05:46,981 | ERROR   | Solver failed | status=2 | SQP it=1000 | KKT=3.23e-09 | t=0.625s
2025-06-28 20:05:46,982 | ERROR   | Dump saved → debug_logs/fail/tick0167.json
2025-06-28 20:05:47,671 | ERROR   | Solver failed | status=2 | SQP it=1000 | KKT=1.72e-08 | t=0.647s
2025-06-28 20:05:47,671 | ERROR   | Dump saved → debug_logs/fail/tick0168.json
2025-06-28 20:05:56,930 | INFO    | ===== INITIAL STATE DUMP =====
2025-06-28 20:05:56,930 | DEBUG   | {
  "xcurrent": [
    0.9892918467521667,
    1.505203366279602,
    0.08023248612880707,
    0.0,
    0.0,
    0.0
  ],
  "params": {
    "QC": 10,
    "QC_GATE": 50,
    "QL": 40,
    "MU": 10,
    "DVTHETA_MAX": 1.6,
    "N": 20,
    "T_HORIZON": 0.7,
    "RAMP_TIME": 0.7,
    "BARRIER_WEIGHT": 10,
    "OBSTACLE_WEIGHT": [
      10,
      10,
      10,
      10
    ],
    "OBSTACLE_RADIUS": 0.7,
    "OBSTACLE_ALPHA": 100.0,
    "TUNNEL_WIDTH": 0.4,
    "TUNNEL_WIDTH_GATE": 0.15,
    "NARROW_DIST": 0.6,
    "GATE_FLAT_DIST": 0.45,
    "Q_OMEGA": 2,
    "R_VTHETA": 1.0,
    "REG_THRUST": 0.02,
    "REG_INPUTS": 0.8
  },
  "box_lims": {
    "vtheta_max": 1.6,
    "dvtheta_max": 1.6
  }
}
2025-06-28 20:06:04,285 | INFO    | ===== INITIAL STATE DUMP =====
2025-06-28 20:06:04,286 | DEBUG   | {
  "xcurrent": [
    0.9640465974807739,
    1.430850625038147,
    0.07724350690841675,
    0.0,
    0.0,
    0.0
  ],
  "params": {
    "QC": 10,
    "QC_GATE": 50,
    "QL": 40,
    "MU": 10,
    "DVTHETA_MAX": 1.6,
    "N": 20,
    "T_HORIZON": 0.7,
    "RAMP_TIME": 0.7,
    "BARRIER_WEIGHT": 10,
    "OBSTACLE_WEIGHT": [
      10,
      10,
      10,
      10
    ],
    "OBSTACLE_RADIUS": 0.7,
    "OBSTACLE_ALPHA": 100.0,
    "TUNNEL_WIDTH": 0.4,
    "TUNNEL_WIDTH_GATE": 0.15,
    "NARROW_DIST": 0.6,
    "GATE_FLAT_DIST": 0.45,
    "Q_OMEGA": 2,
    "R_VTHETA": 1.0,
    "REG_THRUST": 0.02,
    "REG_INPUTS": 0.8
  },
  "box_lims": {
    "vtheta_max": 1.6,
    "dvtheta_max": 1.6
  }
}
