2025-06-30 18:38:51,923 | INFO    | ===== INITIAL STATE DUMP =====
2025-06-30 18:38:51,923 | DEBUG   | {
  "xcurrent": [
    1.089695930480957,
    1.4088244438171387,
    0.08456537127494812,
    0.0,
    0.0,
    0.0
  ],
  "params": {
    "QC": 10,
    "QL": 40,
    "MU": 10,
    "DVTHETA_MAX": 1.0,
    "N": 20,
    "T_HORIZON": 0.7,
    "RAMP_TIME": 1.8,
    "BW_RAMP": 1,
    "BARRIER_WEIGHT": 100,
    "TUNNEL_WIDTH": 0.4,
    "TUNNEL_WIDTH_GATE": 0.15,
    "NARROW_DIST": 0.7,
    "GATE_FLAT_DIST": 0.1,
    "Q_OMEGA": 0,
    "R_VTHETA": 1.0,
    "REG_THRUST": 0.0001,
    "REG_INPUTS": 0.09
  },
  "box_lims": {
    "vtheta_max": 1.0,
    "dvtheta_max": 1.0
  }
}
2025-06-30 18:38:53,751 | ERROR   | Solver failed | status=2 | SQP it=1000 | KKT=6.20e-08 | t=0.273s
2025-06-30 18:38:53,752 | ERROR   | Dump saved → debug_logs/fail/tick0014.json
2025-06-30 18:39:17,498 | INFO    | ===== INITIAL STATE DUMP =====
2025-06-30 18:39:17,498 | DEBUG   | {
  "xcurrent": [
    1.0049855709075928,
    1.534491777420044,
    0.08708272874355316,
    0.0,
    0.0,
    0.0
  ],
  "params": {
    "QC": 10,
    "QL": 40,
    "MU": 10,
    "DVTHETA_MAX": 1.0,
    "N": 20,
    "T_HORIZON": 0.7,
    "RAMP_TIME": 1.8,
    "BW_RAMP": 1,
    "BARRIER_WEIGHT": 100,
    "TUNNEL_WIDTH": 0.4,
    "TUNNEL_WIDTH_GATE": 0.15,
    "NARROW_DIST": 0.7,
    "GATE_FLAT_DIST": 0.1,
    "Q_OMEGA": 0,
    "R_VTHETA": 1.0,
    "REG_THRUST": 0.0001,
    "REG_INPUTS": 0.09
  },
  "box_lims": {
    "vtheta_max": 1.0,
    "dvtheta_max": 1.0
  }
}
2025-06-30 18:39:24,419 | ERROR   | Solver failed | status=2 | SQP it=1000 | KKT=4.77e-11 | t=0.459s
2025-06-30 18:39:24,420 | ERROR   | Dump saved → debug_logs/fail/tick0125.json
2025-06-30 18:39:24,911 | ERROR   | Solver failed | status=2 | SQP it=1000 | KKT=5.34e-11 | t=0.463s
2025-06-30 18:39:24,912 | ERROR   | Dump saved → debug_logs/fail/tick0126.json
2025-06-30 18:39:44,622 | INFO    | ===== INITIAL STATE DUMP =====
2025-06-30 18:39:44,623 | DEBUG   | {
  "xcurrent": [
    1.0639830827713013,
    1.5567517280578613,
    0.08799457550048828,
    0.0,
    0.0,
    0.0
  ],
  "params": {
    "QC": 10,
    "QL": 40,
    "MU": 10,
    "DVTHETA_MAX": 1.0,
    "N": 20,
    "T_HORIZON": 0.7,
    "RAMP_TIME": 1.8,
    "BW_RAMP": 1,
    "BARRIER_WEIGHT": 100,
    "TUNNEL_WIDTH": 0.4,
    "TUNNEL_WIDTH_GATE": 0.15,
    "NARROW_DIST": 0.7,
    "GATE_FLAT_DIST": 0.1,
    "Q_OMEGA": 0,
    "R_VTHETA": 1.0,
    "REG_THRUST": 0.0001,
    "REG_INPUTS": 0.09
  },
  "box_lims": {
    "vtheta_max": 1.0,
    "dvtheta_max": 1.0
  }
}
2025-06-30 18:40:01,954 | ERROR   | Solver failed | status=2 | SQP it=1000 | KKT=1.00e-07 | t=0.567s
2025-06-30 18:40:01,955 | ERROR   | Dump saved → debug_logs/fail/tick0552.json
2025-06-30 18:40:12,810 | INFO    | ===== INITIAL STATE DUMP =====
2025-06-30 18:40:12,810 | DEBUG   | {
  "xcurrent": [
    0.9874918460845947,
    1.4915764331817627,
    0.07558131217956543,
    0.0,
    0.0,
    0.0
  ],
  "params": {
    "QC": 10,
    "QL": 40,
    "MU": 10,
    "DVTHETA_MAX": 1.0,
    "N": 20,
    "T_HORIZON": 0.7,
    "RAMP_TIME": 1.8,
    "BW_RAMP": 1,
    "BARRIER_WEIGHT": 100,
    "TUNNEL_WIDTH": 0.4,
    "TUNNEL_WIDTH_GATE": 0.15,
    "NARROW_DIST": 0.7,
    "GATE_FLAT_DIST": 0.1,
    "Q_OMEGA": 0,
    "R_VTHETA": 1.0,
    "REG_THRUST": 0.0001,
    "REG_INPUTS": 0.09
  },
  "box_lims": {
    "vtheta_max": 1.0,
    "dvtheta_max": 1.0
  }
}
2025-06-30 18:40:18,736 | ERROR   | Solver failed | status=2 | SQP it=1000 | KKT=5.60e-11 | t=0.460s
2025-06-30 18:40:18,737 | ERROR   | Dump saved → debug_logs/fail/tick0183.json
2025-06-30 18:42:12,902 | ERROR   | Solver failed | status=2 | SQP it=1000 | KKT=9.85e-08 | t=0.459s
2025-06-30 18:42:12,902 | ERROR   | Dump saved → debug_logs/fail/tick0635.json
