2025-06-29 16:59:56,078 | INFO    | ===== INITIAL STATE DUMP =====
2025-06-29 16:59:56,078 | DEBUG   | {
  "xcurrent": [
    1.089695930480957,
    1.4088244438171387,
    0.08456537127494812,
    0.0,
    0.0,
    0.0
  ],
  "params": {
    "QC": 10,
    "QL": 40,
    "MU": 10,
    "DVTHETA_MAX": 1.7,
    "N": 20,
    "T_HORIZON": 0.7,
    "RAMP_TIME": 1.8,
    "BW_RAMP": 0.1,
    "BARRIER_WEIGHT": 100,
    "TUNNEL_WIDTH": 0.4,
    "TUNNEL_WIDTH_GATE": 0.15,
    "NARROW_DIST": 0.7,
    "GATE_FLAT_DIST": 0.2,
    "Q_OMEGA": 2,
    "R_VTHETA": 1.0,
    "REG_THRUST": 0.018,
    "REG_INPUTS": 0.1
  },
  "box_lims": {
    "vtheta_max": 1.7,
    "dvtheta_max": 1.7
  }
}
2025-06-29 17:00:03,804 | ERROR   | Solver failed | status=2 | SQP it=1000 | KKT=3.83e-08 | t=0.922s
2025-06-29 17:00:03,805 | ERROR   | Dump saved → debug_logs/fail/tick0092.json
2025-06-29 17:00:04,953 | ERROR   | Solver failed | status=2 | SQP it=1000 | KKT=1.48e-08 | t=1.121s
2025-06-29 17:00:04,953 | ERROR   | Dump saved → debug_logs/fail/tick0093.json
2025-06-29 17:00:12,309 | ERROR   | Solver failed | status=2 | SQP it=1000 | KKT=1.89e-08 | t=0.672s
2025-06-29 17:00:12,310 | ERROR   | Dump saved → debug_logs/fail/tick0111.json
2025-06-29 17:00:13,011 | ERROR   | Solver failed | status=2 | SQP it=1000 | KKT=3.93e-08 | t=0.674s
2025-06-29 17:00:13,012 | ERROR   | Dump saved → debug_logs/fail/tick0112.json
2025-06-29 17:00:19,292 | INFO    | ===== INITIAL STATE DUMP =====
2025-06-29 17:00:19,292 | DEBUG   | {
  "xcurrent": [
    0.9870182275772095,
    1.5593599081039429,
    0.08943075686693192,
    0.0,
    0.0,
    0.0
  ],
  "params": {
    "QC": 10,
    "QL": 40,
    "MU": 10,
    "DVTHETA_MAX": 1.7,
    "N": 20,
    "T_HORIZON": 0.7,
    "RAMP_TIME": 1.8,
    "BW_RAMP": 0.1,
    "BARRIER_WEIGHT": 100,
    "TUNNEL_WIDTH": 0.4,
    "TUNNEL_WIDTH_GATE": 0.15,
    "NARROW_DIST": 0.7,
    "GATE_FLAT_DIST": 0.2,
    "Q_OMEGA": 2,
    "R_VTHETA": 1.0,
    "REG_THRUST": 0.018,
    "REG_INPUTS": 0.1
  },
  "box_lims": {
    "vtheta_max": 1.7,
    "dvtheta_max": 1.7
  }
}
2025-06-29 17:00:33,150 | INFO    | ===== INITIAL STATE DUMP =====
2025-06-29 17:00:33,150 | DEBUG   | {
  "xcurrent": [
    0.9289778470993042,
    1.448394775390625,
    0.07944408059120178,
    0.0,
    0.0,
    0.0
  ],
  "params": {
    "QC": 10,
    "QL": 40,
    "MU": 10,
    "DVTHETA_MAX": 1.7,
    "N": 20,
    "T_HORIZON": 0.7,
    "RAMP_TIME": 1.8,
    "BW_RAMP": 0.1,
    "BARRIER_WEIGHT": 100,
    "TUNNEL_WIDTH": 0.4,
    "TUNNEL_WIDTH_GATE": 0.15,
    "NARROW_DIST": 0.7,
    "GATE_FLAT_DIST": 0.2,
    "Q_OMEGA": 2,
    "R_VTHETA": 1.0,
    "REG_THRUST": 0.018,
    "REG_INPUTS": 0.1
  },
  "box_lims": {
    "vtheta_max": 1.7,
    "dvtheta_max": 1.7
  }
}
