2025-06-10 16:22:56,251 | INFO    | ===== INITIAL STATE DUMP =====
2025-06-10 16:22:56,251 | DEBUG   | {
  "xcurrent": [
    1.089695930480957,
    1.4088244438171387,
    0.08456537127494812,
    0.0,
    0.0,
    0.0
  ],
  "params": {
    "QC": 10,
    "QL": 80,
    "MU": 10,
    "DVTHETA_MAX": 1.9,
    "N": 20,
    "T_HORIZON": 1.5,
    "RAMP_TIME": 1.8,
    "BARRIER_WEIGHT": 10,
    "TUNNEL_WIDTH": 0.5,
    "TUNNEL_WIDTH_GATE": 0.2,
    "Q_OMEGA": 2,
    "R_VTHETA": 1.0,
    "IN_GATE_RAMP_TIME": 0.4,
    "OUT_GATE_RAMP_TIME": 3
  },
  "box_lims": {
    "vtheta_max": 1.9,
    "dvtheta_max": 1.9
  }
}
2025-06-10 16:23:08,728 | INFO    | ===== INITIAL STATE DUMP =====
2025-06-10 16:23:08,729 | DEBUG   | {
  "xcurrent": [
    1.0078709125518799,
    1.495231032371521,
    0.08211961388587952,
    0.0,
    0.0,
    0.0
  ],
  "params": {
    "QC": 10,
    "QL": 80,
    "MU": 10,
    "DVTHETA_MAX": 1.9,
    "N": 20,
    "T_HORIZON": 1.5,
    "RAMP_TIME": 1.8,
    "BARRIER_WEIGHT": 10,
    "TUNNEL_WIDTH": 0.5,
    "TUNNEL_WIDTH_GATE": 0.2,
    "Q_OMEGA": 2,
    "R_VTHETA": 1.0,
    "IN_GATE_RAMP_TIME": 0.4,
    "OUT_GATE_RAMP_TIME": 3
  },
  "box_lims": {
    "vtheta_max": 1.9,
    "dvtheta_max": 1.9
  }
}
2025-06-10 16:23:10,456 | ERROR   | Solver failed | status=1 | SQP it=1 | KKT=1.05e+02 | t=0.001s
2025-06-10 16:23:10,457 | ERROR   | Dump saved → debug_logs/fail/tick0060.json
2025-06-10 16:23:10,485 | ERROR   | Solver failed | status=1 | SQP it=0 | KKT=nan | t=0.000s
2025-06-10 16:23:10,485 | ERROR   | Dump saved → debug_logs/fail/tick0061.json
2025-06-10 16:23:10,510 | ERROR   | Solver failed | status=1 | SQP it=0 | KKT=nan | t=0.000s
2025-06-10 16:23:10,511 | ERROR   | Dump saved → debug_logs/fail/tick0062.json
2025-06-10 16:23:10,537 | ERROR   | Solver failed | status=1 | SQP it=0 | KKT=nan | t=0.000s
2025-06-10 16:23:10,537 | ERROR   | Dump saved → debug_logs/fail/tick0063.json
2025-06-10 16:23:10,568 | ERROR   | Solver failed | status=1 | SQP it=0 | KKT=nan | t=0.000s
2025-06-10 16:23:10,569 | ERROR   | Dump saved → debug_logs/fail/tick0064.json
2025-06-10 16:23:10,594 | ERROR   | Solver failed | status=1 | SQP it=0 | KKT=nan | t=0.000s
2025-06-10 16:23:10,595 | ERROR   | Dump saved → debug_logs/fail/tick0065.json
2025-06-10 16:23:10,622 | ERROR   | Solver failed | status=1 | SQP it=0 | KKT=nan | t=0.000s
2025-06-10 16:23:10,623 | ERROR   | Dump saved → debug_logs/fail/tick0066.json
2025-06-10 16:23:10,650 | ERROR   | Solver failed | status=1 | SQP it=0 | KKT=nan | t=0.000s
2025-06-10 16:23:10,651 | ERROR   | Dump saved → debug_logs/fail/tick0067.json
2025-06-10 16:23:10,675 | ERROR   | Solver failed | status=1 | SQP it=0 | KKT=nan | t=0.000s
2025-06-10 16:23:10,676 | ERROR   | Dump saved → debug_logs/fail/tick0068.json
2025-06-10 16:23:10,700 | ERROR   | Solver failed | status=1 | SQP it=0 | KKT=nan | t=0.000s
2025-06-10 16:23:10,701 | ERROR   | Dump saved → debug_logs/fail/tick0069.json
2025-06-10 16:23:10,724 | ERROR   | Solver failed | status=1 | SQP it=0 | KKT=nan | t=0.000s
2025-06-10 16:23:10,725 | ERROR   | Dump saved → debug_logs/fail/tick0070.json
2025-06-10 16:23:10,749 | ERROR   | Solver failed | status=1 | SQP it=0 | KKT=nan | t=0.000s
2025-06-10 16:23:10,750 | ERROR   | Dump saved → debug_logs/fail/tick0071.json
2025-06-10 16:23:10,774 | ERROR   | Solver failed | status=1 | SQP it=0 | KKT=nan | t=0.000s
2025-06-10 16:23:10,774 | ERROR   | Dump saved → debug_logs/fail/tick0072.json
2025-06-10 16:23:10,799 | ERROR   | Solver failed | status=1 | SQP it=0 | KKT=nan | t=0.000s
2025-06-10 16:23:10,799 | ERROR   | Dump saved → debug_logs/fail/tick0073.json
2025-06-10 16:23:10,823 | ERROR   | Solver failed | status=1 | SQP it=0 | KKT=nan | t=0.000s
2025-06-10 16:23:10,824 | ERROR   | Dump saved → debug_logs/fail/tick0074.json
2025-06-10 16:23:10,848 | ERROR   | Solver failed | status=1 | SQP it=0 | KKT=nan | t=0.000s
2025-06-10 16:23:10,849 | ERROR   | Dump saved → debug_logs/fail/tick0075.json
2025-06-10 16:23:10,873 | ERROR   | Solver failed | status=1 | SQP it=0 | KKT=nan | t=0.000s
2025-06-10 16:23:10,874 | ERROR   | Dump saved → debug_logs/fail/tick0076.json
2025-06-10 16:23:10,901 | ERROR   | Solver failed | status=4 | SQP it=1 | KKT=4.07e+02 | t=0.000s
2025-06-10 16:23:10,902 | ERROR   | Dump saved → debug_logs/fail/tick0077.json
2025-06-10 16:23:10,927 | ERROR   | Solver failed | status=4 | SQP it=1 | KKT=4.07e+02 | t=0.000s
2025-06-10 16:23:10,928 | ERROR   | Dump saved → debug_logs/fail/tick0078.json
2025-06-10 16:23:10,953 | ERROR   | Solver failed | status=1 | SQP it=0 | KKT=nan | t=0.000s
2025-06-10 16:23:10,954 | ERROR   | Dump saved → debug_logs/fail/tick0079.json
2025-06-10 16:23:10,984 | ERROR   | Solver failed | status=1 | SQP it=0 | KKT=nan | t=0.000s
2025-06-10 16:23:10,984 | ERROR   | Dump saved → debug_logs/fail/tick0080.json
2025-06-10 16:23:11,009 | ERROR   | Solver failed | status=1 | SQP it=0 | KKT=nan | t=0.000s
2025-06-10 16:23:11,010 | ERROR   | Dump saved → debug_logs/fail/tick0081.json
2025-06-10 16:23:11,037 | ERROR   | Solver failed | status=1 | SQP it=0 | KKT=nan | t=0.000s
2025-06-10 16:23:11,038 | ERROR   | Dump saved → debug_logs/fail/tick0082.json
2025-06-10 16:23:11,067 | ERROR   | Solver failed | status=1 | SQP it=0 | KKT=nan | t=0.000s
2025-06-10 16:23:11,068 | ERROR   | Dump saved → debug_logs/fail/tick0083.json
2025-06-10 16:23:11,092 | ERROR   | Solver failed | status=1 | SQP it=0 | KKT=nan | t=0.000s
2025-06-10 16:23:11,093 | ERROR   | Dump saved → debug_logs/fail/tick0084.json
2025-06-10 16:23:11,117 | ERROR   | Solver failed | status=1 | SQP it=0 | KKT=nan | t=0.000s
2025-06-10 16:23:11,117 | ERROR   | Dump saved → debug_logs/fail/tick0085.json
2025-06-10 16:23:11,141 | ERROR   | Solver failed | status=1 | SQP it=0 | KKT=nan | t=0.000s
2025-06-10 16:23:11,141 | ERROR   | Dump saved → debug_logs/fail/tick0086.json
2025-06-10 16:23:11,168 | ERROR   | Solver failed | status=1 | SQP it=0 | KKT=nan | t=0.000s
2025-06-10 16:23:11,169 | ERROR   | Dump saved → debug_logs/fail/tick0087.json
2025-06-10 16:23:11,191 | ERROR   | Solver failed | status=1 | SQP it=0 | KKT=nan | t=0.000s
2025-06-10 16:23:11,192 | ERROR   | Dump saved → debug_logs/fail/tick0088.json
2025-06-10 16:23:11,216 | ERROR   | Solver failed | status=1 | SQP it=0 | KKT=nan | t=0.000s
2025-06-10 16:23:11,217 | ERROR   | Dump saved → debug_logs/fail/tick0089.json
2025-06-10 16:23:11,241 | ERROR   | Solver failed | status=1 | SQP it=0 | KKT=nan | t=0.000s
2025-06-10 16:23:11,241 | ERROR   | Dump saved → debug_logs/fail/tick0090.json
2025-06-10 16:23:11,267 | ERROR   | Solver failed | status=1 | SQP it=0 | KKT=nan | t=0.000s
2025-06-10 16:23:11,268 | ERROR   | Dump saved → debug_logs/fail/tick0091.json
2025-06-10 16:23:11,293 | ERROR   | Solver failed | status=1 | SQP it=0 | KKT=nan | t=0.000s
2025-06-10 16:23:11,293 | ERROR   | Dump saved → debug_logs/fail/tick0092.json
2025-06-10 16:23:11,318 | ERROR   | Solver failed | status=1 | SQP it=0 | KKT=nan | t=0.000s
2025-06-10 16:23:11,319 | ERROR   | Dump saved → debug_logs/fail/tick0093.json
2025-06-10 16:23:11,344 | ERROR   | Solver failed | status=1 | SQP it=0 | KKT=nan | t=0.000s
2025-06-10 16:23:11,344 | ERROR   | Dump saved → debug_logs/fail/tick0094.json
2025-06-10 16:23:12,721 | INFO    | ===== INITIAL STATE DUMP =====
2025-06-10 16:23:12,721 | DEBUG   | {
  "xcurrent": [
    0.9775404334068298,
    1.4384428262710571,
    0.08196964114904404,
    0.0,
    0.0,
    0.0
  ],
  "params": {
    "QC": 10,
    "QL": 80,
    "MU": 10,
    "DVTHETA_MAX": 1.9,
    "N": 20,
    "T_HORIZON": 1.5,
    "RAMP_TIME": 1.8,
    "BARRIER_WEIGHT": 10,
    "TUNNEL_WIDTH": 0.5,
    "TUNNEL_WIDTH_GATE": 0.2,
    "Q_OMEGA": 2,
    "R_VTHETA": 1.0,
    "IN_GATE_RAMP_TIME": 0.4,
    "OUT_GATE_RAMP_TIME": 3
  },
  "box_lims": {
    "vtheta_max": 1.9,
    "dvtheta_max": 1.9
  }
}
