2025-06-29 09:39:25,412 | INFO    | ===== INITIAL STATE DUMP =====
2025-06-29 09:39:25,413 | DEBUG   | {
  "xcurrent": [
    1.089695930480957,
    1.4088244438171387,
    0.08456537127494812,
    0.0,
    0.0,
    0.0
  ],
  "params": {
    "QC": 10,
    "QC_GATE": 50,
    "QL": 40,
    "MU": 10,
    "DVTHETA_MAX": 1.6,
    "N": 20,
    "T_HORIZON": 0.7,
    "RAMP_TIME": 0.7,
    "BARRIER_WEIGHT": 10,
    "TUNNEL_WIDTH": 0.4,
    "TUNNEL_WIDTH_GATE": 0.15,
    "NARROW_DIST": 0.6,
    "GATE_FLAT_DIST": 0.45,
    "Q_OMEGA": 2,
    "R_VTHETA": 1.0,
    "REG_THRUST": 0.02,
    "REG_INPUTS": 0.8
  },
  "box_lims": {
    "vtheta_max": 1.6,
    "dvtheta_max": 1.6
  }
}
2025-06-29 09:39:40,139 | INFO    | ===== INITIAL STATE DUMP =====
2025-06-29 09:39:40,140 | DEBUG   | {
  "xcurrent": [
    0.9319533705711365,
    1.4672023057937622,
    0.08784396201372147,
    0.0,
    0.0,
    0.0
  ],
  "params": {
    "QC": 10,
    "QC_GATE": 50,
    "QL": 40,
    "MU": 10,
    "DVTHETA_MAX": 1.6,
    "N": 20,
    "T_HORIZON": 0.7,
    "RAMP_TIME": 0.7,
    "BARRIER_WEIGHT": 10,
    "TUNNEL_WIDTH": 0.4,
    "TUNNEL_WIDTH_GATE": 0.15,
    "NARROW_DIST": 0.6,
    "GATE_FLAT_DIST": 0.45,
    "Q_OMEGA": 2,
    "R_VTHETA": 1.0,
    "REG_THRUST": 0.02,
    "REG_INPUTS": 0.8
  },
  "box_lims": {
    "vtheta_max": 1.6,
    "dvtheta_max": 1.6
  }
}
2025-06-29 09:39:44,524 | ERROR   | Solver failed | status=2 | SQP it=1000 | KKT=4.23e-15 | t=0.488s
2025-06-29 09:39:44,526 | ERROR   | Dump saved → debug_logs/fail/tick0115.json
2025-06-29 09:39:47,872 | ERROR   | Solver failed | status=2 | SQP it=1000 | KKT=1.12e-08 | t=0.626s
2025-06-29 09:39:47,874 | ERROR   | Dump saved → debug_logs/fail/tick0191.json
2025-06-29 09:39:48,502 | ERROR   | Solver failed | status=2 | SQP it=1000 | KKT=7.40e-08 | t=0.600s
2025-06-29 09:39:48,502 | ERROR   | Dump saved → debug_logs/fail/tick0192.json
2025-06-29 09:39:51,699 | INFO    | ===== INITIAL STATE DUMP =====
2025-06-29 09:39:51,699 | DEBUG   | {
  "xcurrent": [
    0.9421424269676208,
    1.4924026727676392,
    0.07967779040336609,
    0.0,
    0.0,
    0.0
  ],
  "params": {
    "QC": 10,
    "QC_GATE": 50,
    "QL": 40,
    "MU": 10,
    "DVTHETA_MAX": 1.6,
    "N": 20,
    "T_HORIZON": 0.7,
    "RAMP_TIME": 0.7,
    "BARRIER_WEIGHT": 10,
    "TUNNEL_WIDTH": 0.4,
    "TUNNEL_WIDTH_GATE": 0.15,
    "NARROW_DIST": 0.6,
    "GATE_FLAT_DIST": 0.45,
    "Q_OMEGA": 2,
    "R_VTHETA": 1.0,
    "REG_THRUST": 0.02,
    "REG_INPUTS": 0.8
  },
  "box_lims": {
    "vtheta_max": 1.6,
    "dvtheta_max": 1.6
  }
}
