2025-06-06 16:51:03,246 | INFO    | ===== INITIAL STATE DUMP =====
2025-06-06 16:51:03,247 | DEBUG   | {
  "xcurrent": [
    1.089695930480957,
    1.4088244438171387,
    0.08456537127494812,
    0.0,
    0.0,
    0.0
  ],
  "params": {
    "QC": 10,
    "QL": 80,
    "MU": 10,
    "DVTHETA_MAX": 1.3,
    "N": 20,
    "T_HORIZON": 1.05,
    "RAMP_TIME": 1.8,
    "BARRIER_WEIGHT": 10,
    "TUNNEL_WIDTH": 0.5,
    "TUNNEL_WIDTH_GATE": 0.15,
    "Q_OMEGA": 2,
    "R_VTHETA": 1.0,
    "GATE_RAMP_TIME": 0.3
  },
  "box_lims": {
    "vtheta_max": 1.3,
    "dvtheta_max": 1.3
  }
}
2025-06-06 16:51:50,174 | ERROR   | Solver failed | status=2 | SQP it=1000 | KKT=6.16e-08 | t=0.648s
2025-06-06 16:51:50,176 | ERROR   | Dump saved → debug_logs/fail/tick0230.json
2025-06-06 16:51:51,798 | ERROR   | Solver failed | status=1 | SQP it=128 | KKT=8.18e-11 | t=1.595s
2025-06-06 16:51:51,799 | ERROR   | Dump saved → debug_logs/fail/tick0231.json
2025-06-06 16:51:51,835 | ERROR   | Solver failed | status=1 | SQP it=0 | KKT=nan | t=0.000s
2025-06-06 16:51:51,836 | ERROR   | Dump saved → debug_logs/fail/tick0232.json
2025-06-06 16:51:51,859 | ERROR   | Solver failed | status=1 | SQP it=0 | KKT=nan | t=0.000s
2025-06-06 16:51:51,860 | ERROR   | Dump saved → debug_logs/fail/tick0233.json
2025-06-06 16:51:51,880 | ERROR   | Solver failed | status=1 | SQP it=0 | KKT=nan | t=0.000s
2025-06-06 16:51:51,881 | ERROR   | Dump saved → debug_logs/fail/tick0234.json
2025-06-06 16:51:51,902 | ERROR   | Solver failed | status=1 | SQP it=0 | KKT=nan | t=0.000s
2025-06-06 16:51:51,902 | ERROR   | Dump saved → debug_logs/fail/tick0235.json
2025-06-06 16:51:51,926 | ERROR   | Solver failed | status=1 | SQP it=0 | KKT=nan | t=0.000s
2025-06-06 16:51:51,927 | ERROR   | Dump saved → debug_logs/fail/tick0236.json
2025-06-06 16:51:51,952 | ERROR   | Solver failed | status=1 | SQP it=0 | KKT=nan | t=0.000s
2025-06-06 16:51:51,953 | ERROR   | Dump saved → debug_logs/fail/tick0237.json
2025-06-06 16:51:51,978 | ERROR   | Solver failed | status=1 | SQP it=0 | KKT=nan | t=0.000s
2025-06-06 16:51:51,979 | ERROR   | Dump saved → debug_logs/fail/tick0238.json
2025-06-06 16:51:52,006 | ERROR   | Solver failed | status=1 | SQP it=0 | KKT=nan | t=0.000s
2025-06-06 16:51:52,007 | ERROR   | Dump saved → debug_logs/fail/tick0239.json
2025-06-06 16:51:52,032 | ERROR   | Solver failed | status=1 | SQP it=0 | KKT=nan | t=0.000s
2025-06-06 16:51:52,032 | ERROR   | Dump saved → debug_logs/fail/tick0240.json
2025-06-06 16:51:52,056 | ERROR   | Solver failed | status=1 | SQP it=0 | KKT=nan | t=0.000s
2025-06-06 16:51:52,056 | ERROR   | Dump saved → debug_logs/fail/tick0241.json
2025-06-06 16:51:52,080 | ERROR   | Solver failed | status=1 | SQP it=0 | KKT=nan | t=0.000s
2025-06-06 16:51:52,081 | ERROR   | Dump saved → debug_logs/fail/tick0242.json
2025-06-06 16:51:52,105 | ERROR   | Solver failed | status=1 | SQP it=0 | KKT=nan | t=0.000s
2025-06-06 16:51:52,106 | ERROR   | Dump saved → debug_logs/fail/tick0243.json
2025-06-06 16:51:52,129 | ERROR   | Solver failed | status=1 | SQP it=0 | KKT=nan | t=0.000s
2025-06-06 16:51:52,130 | ERROR   | Dump saved → debug_logs/fail/tick0244.json
2025-06-06 16:51:52,155 | ERROR   | Solver failed | status=1 | SQP it=0 | KKT=nan | t=0.000s
2025-06-06 16:51:52,155 | ERROR   | Dump saved → debug_logs/fail/tick0245.json
2025-06-06 16:51:52,180 | ERROR   | Solver failed | status=1 | SQP it=0 | KKT=nan | t=0.000s
2025-06-06 16:51:52,181 | ERROR   | Dump saved → debug_logs/fail/tick0246.json
2025-06-06 16:51:52,205 | ERROR   | Solver failed | status=1 | SQP it=0 | KKT=nan | t=0.000s
2025-06-06 16:51:52,206 | ERROR   | Dump saved → debug_logs/fail/tick0247.json
2025-06-06 16:51:52,233 | ERROR   | Solver failed | status=1 | SQP it=0 | KKT=nan | t=0.000s
2025-06-06 16:51:52,234 | ERROR   | Dump saved → debug_logs/fail/tick0248.json
2025-06-06 16:51:52,261 | ERROR   | Solver failed | status=1 | SQP it=0 | KKT=nan | t=0.000s
2025-06-06 16:51:52,262 | ERROR   | Dump saved → debug_logs/fail/tick0249.json
2025-06-06 16:51:52,288 | ERROR   | Solver failed | status=1 | SQP it=0 | KKT=nan | t=0.000s
2025-06-06 16:51:52,289 | ERROR   | Dump saved → debug_logs/fail/tick0250.json
2025-06-06 16:51:52,315 | ERROR   | Solver failed | status=1 | SQP it=0 | KKT=nan | t=0.000s
2025-06-06 16:51:52,316 | ERROR   | Dump saved → debug_logs/fail/tick0251.json
2025-06-06 16:51:52,342 | ERROR   | Solver failed | status=1 | SQP it=0 | KKT=nan | t=0.000s
2025-06-06 16:51:52,343 | ERROR   | Dump saved → debug_logs/fail/tick0252.json
