2025-06-29 09:57:02,215 | INFO    | ===== INITIAL STATE DUMP =====
2025-06-29 09:57:02,215 | DEBUG   | {
  "xcurrent": [
    1.089695930480957,
    1.4088244438171387,
    0.08456537127494812,
    0.0,
    0.0,
    0.0
  ],
  "params": {
    "QC": 10,
    "QC_GATE": 50,
    "QL": 40,
    "MU": 10,
    "DVTHETA_MAX": 1.6,
    "N": 20,
    "T_HORIZON": 0.7,
    "RAMP_TIME": 0.7,
    "BARRIER_WEIGHT": 10,
    "TUNNEL_WIDTH": 0.4,
    "TUNNEL_WIDTH_GATE": 0.15,
    "NARROW_DIST": 0.6,
    "GATE_FLAT_DIST": 0.45,
    "Q_OMEGA": 2,
    "R_VTHETA": 1.0,
    "REG_THRUST": 0.02,
    "REG_INPUTS": 0.1
  },
  "box_lims": {
    "vtheta_max": 1.6,
    "dvtheta_max": 1.6
  }
}
2025-06-29 09:57:42,102 | INFO    | ===== INITIAL STATE DUMP =====
2025-06-29 09:57:42,102 | DEBUG   | {
  "xcurrent": [
    1.055077075958252,
    1.4417545795440674,
    0.07751873135566711,
    0.0,
    0.0,
    0.0
  ],
  "params": {
    "QC": 10,
    "QC_GATE": 50,
    "QL": 40,
    "MU": 10,
    "DVTHETA_MAX": 1.6,
    "N": 20,
    "T_HORIZON": 0.7,
    "RAMP_TIME": 0.7,
    "BARRIER_WEIGHT": 10,
    "TUNNEL_WIDTH": 0.4,
    "TUNNEL_WIDTH_GATE": 0.15,
    "NARROW_DIST": 0.6,
    "GATE_FLAT_DIST": 0.45,
    "Q_OMEGA": 2,
    "R_VTHETA": 1.0,
    "REG_THRUST": 0.02,
    "REG_INPUTS": 0.1
  },
  "box_lims": {
    "vtheta_max": 1.6,
    "dvtheta_max": 1.6
  }
}
2025-06-29 10:52:21,377 | INFO    | ===== INITIAL STATE DUMP =====
2025-06-29 10:52:21,377 | DEBUG   | {
  "xcurrent": [
    1.06605064868927,
    1.4801732301712036,
    0.07038703560829163,
    0.0,
    0.0,
    0.0
  ],
  "params": {
    "QC": 10,
    "QC_GATE": 50,
    "QL": 40,
    "MU": 10,
    "DVTHETA_MAX": 1.6,
    "N": 20,
    "T_HORIZON": 0.7,
    "RAMP_TIME": 0.7,
    "BARRIER_WEIGHT": 10,
    "TUNNEL_WIDTH": 0.4,
    "TUNNEL_WIDTH_GATE": 0.15,
    "NARROW_DIST": 0.6,
    "GATE_FLAT_DIST": 0.45,
    "Q_OMEGA": 2,
    "R_VTHETA": 1.0,
    "REG_THRUST": 0.02,
    "REG_INPUTS": 0.1
  },
  "box_lims": {
    "vtheta_max": 1.6,
    "dvtheta_max": 1.6
  }
}
2025-06-29 10:53:07,601 | INFO    | ===== INITIAL STATE DUMP =====
2025-06-29 10:53:07,601 | DEBUG   | {
  "xcurrent": [
    1.088761329650879,
    1.5254589319229126,
    0.08693604916334152,
    0.0,
    0.0,
    0.0
  ],
  "params": {
    "QC": 10,
    "QC_GATE": 50,
    "QL": 40,
    "MU": 10,
    "DVTHETA_MAX": 1.6,
    "N": 20,
    "T_HORIZON": 0.7,
    "RAMP_TIME": 0.7,
    "BARRIER_WEIGHT": 10,
    "TUNNEL_WIDTH": 0.4,
    "TUNNEL_WIDTH_GATE": 0.15,
    "NARROW_DIST": 0.6,
    "GATE_FLAT_DIST": 0.45,
    "Q_OMEGA": 2,
    "R_VTHETA": 1.0,
    "REG_THRUST": 0.02,
    "REG_INPUTS": 0.1
  },
  "box_lims": {
    "vtheta_max": 1.6,
    "dvtheta_max": 1.6
  }
}
2025-06-29 10:53:28,273 | ERROR   | Solver failed | status=2 | SQP it=1000 | KKT=2.48e-08 | t=0.587s
2025-06-29 10:53:28,276 | ERROR   | Dump saved → debug_logs/fail/tick0272.json
2025-06-29 10:53:30,435 | INFO    | ===== INITIAL STATE DUMP =====
2025-06-29 10:53:30,435 | DEBUG   | {
  "xcurrent": [
    1.0721218585968018,
    1.5303034782409668,
    0.0843825414776802,
    0.0,
    0.0,
    0.0
  ],
  "params": {
    "QC": 10,
    "QC_GATE": 50,
    "QL": 40,
    "MU": 10,
    "DVTHETA_MAX": 1.6,
    "N": 20,
    "T_HORIZON": 0.7,
    "RAMP_TIME": 0.7,
    "BARRIER_WEIGHT": 10,
    "TUNNEL_WIDTH": 0.4,
    "TUNNEL_WIDTH_GATE": 0.15,
    "NARROW_DIST": 0.6,
    "GATE_FLAT_DIST": 0.45,
    "Q_OMEGA": 2,
    "R_VTHETA": 1.0,
    "REG_THRUST": 0.02,
    "REG_INPUTS": 0.1
  },
  "box_lims": {
    "vtheta_max": 1.6,
    "dvtheta_max": 1.6
  }
}
2025-06-29 10:53:36,964 | ERROR   | Solver failed | status=2 | SQP it=1000 | KKT=4.09e-08 | t=0.512s
2025-06-29 10:53:36,966 | ERROR   | Dump saved → debug_logs/fail/tick0179.json
2025-06-29 10:53:37,505 | ERROR   | Solver failed | status=2 | SQP it=1000 | KKT=4.53e-08 | t=0.511s
2025-06-29 10:53:37,506 | ERROR   | Dump saved → debug_logs/fail/tick0180.json
2025-06-29 10:53:38,047 | ERROR   | Solver failed | status=2 | SQP it=1000 | KKT=7.42e-08 | t=0.511s
2025-06-29 10:53:38,048 | ERROR   | Dump saved → debug_logs/fail/tick0181.json
2025-06-29 10:53:40,892 | ERROR   | Solver failed | status=2 | SQP it=1000 | KKT=9.04e-08 | t=0.874s
2025-06-29 10:53:40,894 | ERROR   | Dump saved → debug_logs/fail/tick0241.json
2025-06-29 10:53:41,789 | ERROR   | Solver failed | status=2 | SQP it=1000 | KKT=9.40e-08 | t=0.866s
2025-06-29 10:53:41,791 | ERROR   | Dump saved → debug_logs/fail/tick0242.json
