2025-06-29 11:23:05,750 | INFO    | ===== INITIAL STATE DUMP =====
2025-06-29 11:23:05,751 | DEBUG   | {
  "xcurrent": [
    1.089695930480957,
    1.4088244438171387,
    0.08456537127494812,
    0.0,
    0.0,
    0.0
  ],
  "params": {
    "QC": 10,
    "QC_GATE": 50,
    "QL": 40,
    "MU": 10,
    "DVTHETA_MAX": 1.6,
    "N": 20,
    "T_HORIZON": 0.7,
    "RAMP_TIME": 0.1,
    "BARRIER_WEIGHT": 50,
    "TUNNEL_WIDTH": 0.4,
    "TUNNEL_WIDTH_GATE": 0.15,
    "NARROW_DIST": 0.6,
    "GATE_FLAT_DIST": 0.45,
    "Q_OMEGA": 2,
    "R_VTHETA": 1.0,
    "REG_THRUST": 0.02,
    "REG_INPUTS": 0.1
  },
  "box_lims": {
    "vtheta_max": 1.6,
    "dvtheta_max": 1.6
  }
}
2025-06-29 11:23:24,189 | INFO    | ===== INITIAL STATE DUMP =====
2025-06-29 11:23:24,189 | DEBUG   | {
  "xcurrent": [
    1.0722136497497559,
    1.401116967201233,
    0.08752177655696869,
    0.0,
    0.0,
    0.0
  ],
  "params": {
    "QC": 10,
    "QC_GATE": 50,
    "QL": 40,
    "MU": 10,
    "DVTHETA_MAX": 1.6,
    "N": 20,
    "T_HORIZON": 0.7,
    "RAMP_TIME": 0.1,
    "BARRIER_WEIGHT": 50,
    "TUNNEL_WIDTH": 0.4,
    "TUNNEL_WIDTH_GATE": 0.15,
    "NARROW_DIST": 0.6,
    "GATE_FLAT_DIST": 0.45,
    "Q_OMEGA": 2,
    "R_VTHETA": 1.0,
    "REG_THRUST": 0.02,
    "REG_INPUTS": 0.1
  },
  "box_lims": {
    "vtheta_max": 1.6,
    "dvtheta_max": 1.6
  }
}
2025-06-29 11:23:40,530 | ERROR   | Solver failed | status=2 | SQP it=1000 | KKT=1.15e-08 | t=0.620s
2025-06-29 11:23:40,531 | ERROR   | Dump saved → debug_logs/fail/tick0452.json
2025-06-29 11:23:41,239 | ERROR   | Solver failed | status=2 | SQP it=1000 | KKT=2.93e-08 | t=0.679s
2025-06-29 11:23:41,240 | ERROR   | Dump saved → debug_logs/fail/tick0453.json
2025-06-29 11:23:41,981 | ERROR   | Solver failed | status=2 | SQP it=1000 | KKT=4.42e-08 | t=0.714s
2025-06-29 11:23:41,982 | ERROR   | Dump saved → debug_logs/fail/tick0454.json
2025-06-29 11:23:42,746 | ERROR   | Solver failed | status=2 | SQP it=1000 | KKT=1.32e-10 | t=0.736s
2025-06-29 11:23:42,747 | ERROR   | Dump saved → debug_logs/fail/tick0455.json
2025-06-29 11:23:43,593 | ERROR   | Solver failed | status=2 | SQP it=1000 | KKT=1.86e-08 | t=0.818s
2025-06-29 11:23:43,594 | ERROR   | Dump saved → debug_logs/fail/tick0456.json
2025-06-29 11:23:44,481 | ERROR   | Solver failed | status=2 | SQP it=1000 | KKT=2.47e-09 | t=0.861s
2025-06-29 11:23:44,483 | ERROR   | Dump saved → debug_logs/fail/tick0457.json
2025-06-29 11:23:45,489 | ERROR   | Solver failed | status=2 | SQP it=1000 | KKT=8.42e-08 | t=0.978s
2025-06-29 11:23:45,490 | ERROR   | Dump saved → debug_logs/fail/tick0458.json
2025-06-29 11:23:46,486 | ERROR   | Solver failed | status=2 | SQP it=1000 | KKT=8.81e-12 | t=0.969s
2025-06-29 11:23:46,486 | ERROR   | Dump saved → debug_logs/fail/tick0459.json
2025-06-29 11:23:47,518 | ERROR   | Solver failed | status=2 | SQP it=1000 | KKT=4.49e-08 | t=1.003s
2025-06-29 11:23:47,519 | ERROR   | Dump saved → debug_logs/fail/tick0460.json
2025-06-29 11:23:48,553 | ERROR   | Solver failed | status=2 | SQP it=1000 | KKT=1.88e-09 | t=1.004s
2025-06-29 11:23:48,554 | ERROR   | Dump saved → debug_logs/fail/tick0461.json
2025-06-29 11:23:49,595 | ERROR   | Solver failed | status=2 | SQP it=1000 | KKT=6.33e-10 | t=1.011s
2025-06-29 11:23:49,596 | ERROR   | Dump saved → debug_logs/fail/tick0462.json
