2025-06-06 19:02:47,582 | INFO    | ===== INITIAL STATE DUMP =====
2025-06-06 19:02:47,582 | DEBUG   | {
  "xcurrent": [
    1.089695930480957,
    1.4088244438171387,
    0.08456537127494812,
    0.0,
    0.0,
    0.0
  ],
  "params": {
    "QC": 10,
    "QL": 80,
    "MU": 10,
    "DVTHETA_MAX": 2,
    "N": 30,
    "T_HORIZON": 1.5,
    "RAMP_TIME": 1.8,
    "BARRIER_WEIGHT": 10,
    "TUNNEL_WIDTH": 0.5,
    "TUNNEL_WIDTH_GATE": 0.2,
    "Q_OMEGA": 2,
    "R_VTHETA": 1.0,
    "IN_GATE_RAMP_TIME": 0.35,
    "OUT_GATE_RAMP_TIME": 3
  },
  "box_lims": {
    "vtheta_max": 2.0,
    "dvtheta_max": 2.0
  }
}
2025-06-06 19:02:52,620 | ERROR   | Solver failed | status=2 | SQP it=1000 | KKT=7.24e-10 | t=0.653s
2025-06-06 19:02:52,621 | ERROR   | Dump saved → debug_logs/fail/tick0070.json
2025-06-06 19:02:53,051 | ERROR   | Solver failed | status=1 | SQP it=338 | KKT=3.81e-08 | t=0.401s
2025-06-06 19:02:53,052 | ERROR   | Dump saved → debug_logs/fail/tick0071.json
2025-06-06 19:02:54,307 | ERROR   | Solver failed | status=1 | SQP it=0 | KKT=nan | t=0.001s
2025-06-06 19:02:54,310 | ERROR   | Dump saved → debug_logs/fail/tick0072.json
2025-06-06 19:02:54,357 | ERROR   | Solver failed | status=1 | SQP it=0 | KKT=nan | t=0.000s
2025-06-06 19:02:54,358 | ERROR   | Dump saved → debug_logs/fail/tick0073.json
2025-06-06 19:02:54,393 | ERROR   | Solver failed | status=1 | SQP it=0 | KKT=nan | t=0.000s
2025-06-06 19:02:54,395 | ERROR   | Dump saved → debug_logs/fail/tick0074.json
2025-06-06 19:02:54,426 | ERROR   | Solver failed | status=1 | SQP it=0 | KKT=nan | t=0.000s
2025-06-06 19:02:54,427 | ERROR   | Dump saved → debug_logs/fail/tick0075.json
2025-06-06 19:02:54,460 | ERROR   | Solver failed | status=1 | SQP it=0 | KKT=nan | t=0.000s
2025-06-06 19:02:54,461 | ERROR   | Dump saved → debug_logs/fail/tick0076.json
2025-06-06 19:02:54,492 | ERROR   | Solver failed | status=1 | SQP it=0 | KKT=nan | t=0.000s
2025-06-06 19:02:54,493 | ERROR   | Dump saved → debug_logs/fail/tick0077.json
2025-06-06 19:02:54,525 | ERROR   | Solver failed | status=1 | SQP it=0 | KKT=nan | t=0.000s
2025-06-06 19:02:54,526 | ERROR   | Dump saved → debug_logs/fail/tick0078.json
2025-06-06 19:02:54,553 | ERROR   | Solver failed | status=1 | SQP it=0 | KKT=nan | t=0.000s
2025-06-06 19:02:54,554 | ERROR   | Dump saved → debug_logs/fail/tick0079.json
2025-06-06 19:02:54,580 | ERROR   | Solver failed | status=1 | SQP it=0 | KKT=nan | t=0.000s
2025-06-06 19:02:54,581 | ERROR   | Dump saved → debug_logs/fail/tick0080.json
2025-06-06 19:02:54,608 | ERROR   | Solver failed | status=1 | SQP it=0 | KKT=nan | t=0.000s
2025-06-06 19:02:54,609 | ERROR   | Dump saved → debug_logs/fail/tick0081.json
2025-06-06 19:02:54,635 | ERROR   | Solver failed | status=1 | SQP it=0 | KKT=nan | t=0.000s
2025-06-06 19:02:54,636 | ERROR   | Dump saved → debug_logs/fail/tick0082.json
2025-06-06 19:02:54,662 | ERROR   | Solver failed | status=1 | SQP it=0 | KKT=nan | t=0.000s
2025-06-06 19:02:54,663 | ERROR   | Dump saved → debug_logs/fail/tick0083.json
2025-06-06 19:02:54,689 | ERROR   | Solver failed | status=1 | SQP it=0 | KKT=nan | t=0.000s
2025-06-06 19:02:54,690 | ERROR   | Dump saved → debug_logs/fail/tick0084.json
2025-06-06 19:02:54,716 | ERROR   | Solver failed | status=1 | SQP it=0 | KKT=nan | t=0.000s
2025-06-06 19:02:54,717 | ERROR   | Dump saved → debug_logs/fail/tick0085.json
2025-06-06 19:02:54,744 | ERROR   | Solver failed | status=1 | SQP it=0 | KKT=nan | t=0.000s
2025-06-06 19:02:54,745 | ERROR   | Dump saved → debug_logs/fail/tick0086.json
2025-06-06 19:02:54,772 | ERROR   | Solver failed | status=1 | SQP it=0 | KKT=nan | t=0.000s
2025-06-06 19:02:54,773 | ERROR   | Dump saved → debug_logs/fail/tick0087.json
2025-06-06 19:02:54,802 | ERROR   | Solver failed | status=1 | SQP it=0 | KKT=nan | t=0.000s
2025-06-06 19:02:54,803 | ERROR   | Dump saved → debug_logs/fail/tick0088.json
2025-06-06 19:02:54,833 | ERROR   | Solver failed | status=1 | SQP it=0 | KKT=nan | t=0.000s
2025-06-06 19:02:54,834 | ERROR   | Dump saved → debug_logs/fail/tick0089.json
2025-06-06 19:02:54,863 | ERROR   | Solver failed | status=1 | SQP it=0 | KKT=nan | t=0.000s
2025-06-06 19:02:54,864 | ERROR   | Dump saved → debug_logs/fail/tick0090.json
2025-06-06 19:02:54,892 | ERROR   | Solver failed | status=1 | SQP it=0 | KKT=nan | t=0.000s
2025-06-06 19:02:54,893 | ERROR   | Dump saved → debug_logs/fail/tick0091.json
2025-06-06 19:02:54,920 | ERROR   | Solver failed | status=1 | SQP it=0 | KKT=nan | t=0.000s
2025-06-06 19:02:54,921 | ERROR   | Dump saved → debug_logs/fail/tick0092.json
2025-06-06 19:02:54,949 | ERROR   | Solver failed | status=1 | SQP it=0 | KKT=nan | t=0.000s
2025-06-06 19:02:54,950 | ERROR   | Dump saved → debug_logs/fail/tick0093.json
2025-06-06 19:02:54,980 | ERROR   | Solver failed | status=1 | SQP it=0 | KKT=nan | t=0.000s
2025-06-06 19:02:54,981 | ERROR   | Dump saved → debug_logs/fail/tick0094.json
2025-06-06 19:02:55,009 | ERROR   | Solver failed | status=1 | SQP it=0 | KKT=nan | t=0.000s
2025-06-06 19:02:55,010 | ERROR   | Dump saved → debug_logs/fail/tick0095.json
2025-06-06 19:02:55,038 | ERROR   | Solver failed | status=1 | SQP it=0 | KKT=nan | t=0.000s
2025-06-06 19:02:55,039 | ERROR   | Dump saved → debug_logs/fail/tick0096.json
2025-06-06 19:02:55,067 | ERROR   | Solver failed | status=1 | SQP it=0 | KKT=nan | t=0.000s
2025-06-06 19:02:55,067 | ERROR   | Dump saved → debug_logs/fail/tick0097.json
2025-06-06 19:02:55,095 | ERROR   | Solver failed | status=1 | SQP it=0 | KKT=nan | t=0.000s
2025-06-06 19:02:55,096 | ERROR   | Dump saved → debug_logs/fail/tick0098.json
2025-06-06 19:02:55,127 | ERROR   | Solver failed | status=1 | SQP it=0 | KKT=nan | t=0.000s
2025-06-06 19:02:55,128 | ERROR   | Dump saved → debug_logs/fail/tick0099.json
2025-06-06 19:02:55,155 | ERROR   | Solver failed | status=1 | SQP it=0 | KKT=nan | t=0.000s
2025-06-06 19:02:55,156 | ERROR   | Dump saved → debug_logs/fail/tick0100.json
2025-06-06 19:02:55,184 | ERROR   | Solver failed | status=1 | SQP it=0 | KKT=nan | t=0.000s
2025-06-06 19:02:55,185 | ERROR   | Dump saved → debug_logs/fail/tick0101.json
2025-06-06 19:02:55,210 | ERROR   | Solver failed | status=1 | SQP it=0 | KKT=nan | t=0.000s
2025-06-06 19:02:55,211 | ERROR   | Dump saved → debug_logs/fail/tick0102.json
2025-06-06 19:02:55,236 | ERROR   | Solver failed | status=1 | SQP it=0 | KKT=nan | t=0.000s
2025-06-06 19:02:55,236 | ERROR   | Dump saved → debug_logs/fail/tick0103.json
2025-06-06 19:02:55,261 | ERROR   | Solver failed | status=1 | SQP it=0 | KKT=nan | t=0.000s
2025-06-06 19:02:55,262 | ERROR   | Dump saved → debug_logs/fail/tick0104.json
2025-06-06 19:02:55,288 | ERROR   | Solver failed | status=1 | SQP it=0 | KKT=nan | t=0.000s
2025-06-06 19:02:55,289 | ERROR   | Dump saved → debug_logs/fail/tick0105.json
2025-06-06 19:02:55,317 | ERROR   | Solver failed | status=1 | SQP it=0 | KKT=nan | t=0.000s
2025-06-06 19:02:55,317 | ERROR   | Dump saved → debug_logs/fail/tick0106.json
2025-06-06 19:02:55,345 | ERROR   | Solver failed | status=1 | SQP it=0 | KKT=nan | t=0.000s
2025-06-06 19:02:55,346 | ERROR   | Dump saved → debug_logs/fail/tick0107.json
2025-06-06 19:02:55,374 | ERROR   | Solver failed | status=1 | SQP it=0 | KKT=nan | t=0.000s
2025-06-06 19:02:55,375 | ERROR   | Dump saved → debug_logs/fail/tick0108.json
2025-06-06 19:02:55,406 | ERROR   | Solver failed | status=1 | SQP it=0 | KKT=nan | t=0.000s
2025-06-06 19:02:55,406 | ERROR   | Dump saved → debug_logs/fail/tick0109.json
2025-06-06 19:02:55,433 | ERROR   | Solver failed | status=1 | SQP it=0 | KKT=nan | t=0.000s
2025-06-06 19:02:55,433 | ERROR   | Dump saved → debug_logs/fail/tick0110.json
2025-06-06 19:02:55,459 | ERROR   | Solver failed | status=1 | SQP it=0 | KKT=nan | t=0.000s
2025-06-06 19:02:55,460 | ERROR   | Dump saved → debug_logs/fail/tick0111.json
2025-06-06 19:02:55,487 | ERROR   | Solver failed | status=1 | SQP it=0 | KKT=nan | t=0.000s
2025-06-06 19:02:55,488 | ERROR   | Dump saved → debug_logs/fail/tick0112.json
2025-06-06 19:02:55,513 | ERROR   | Solver failed | status=1 | SQP it=0 | KKT=nan | t=0.000s
2025-06-06 19:02:55,514 | ERROR   | Dump saved → debug_logs/fail/tick0113.json
2025-06-06 19:02:55,539 | ERROR   | Solver failed | status=1 | SQP it=0 | KKT=nan | t=0.000s
2025-06-06 19:02:55,540 | ERROR   | Dump saved → debug_logs/fail/tick0114.json
2025-06-06 19:02:55,566 | ERROR   | Solver failed | status=1 | SQP it=0 | KKT=nan | t=0.000s
2025-06-06 19:02:55,567 | ERROR   | Dump saved → debug_logs/fail/tick0115.json
2025-06-06 19:02:55,594 | ERROR   | Solver failed | status=1 | SQP it=0 | KKT=nan | t=0.000s
2025-06-06 19:02:55,594 | ERROR   | Dump saved → debug_logs/fail/tick0116.json
2025-06-06 19:02:55,621 | ERROR   | Solver failed | status=1 | SQP it=0 | KKT=nan | t=0.000s
2025-06-06 19:02:55,621 | ERROR   | Dump saved → debug_logs/fail/tick0117.json
2025-06-06 19:02:55,648 | ERROR   | Solver failed | status=1 | SQP it=0 | KKT=nan | t=0.000s
2025-06-06 19:02:55,649 | ERROR   | Dump saved → debug_logs/fail/tick0118.json
