2025-06-25 14:11:50,894 | INFO    | ===== INITIAL STATE DUMP =====
2025-06-25 14:11:50,895 | DEBUG   | {
  "xcurrent": [
    1.089695930480957,
    1.4088244438171387,
    0.08456537127494812,
    0.0,
    0.0,
    0.0
  ],
  "params": {
    "QC": 10,
    "QC_GATE": 50,
    "QL": 40,
    "MU": 10,
    "DVTHETA_MAX": 1.7,
    "N": 15,
    "T_HORIZON": 0.8,
    "RAMP_TIME": 1.8,
    "BARRIER_WEIGHT": 10,
    "TUNNEL_WIDTH": 0.5,
    "TUNNEL_WIDTH_GATE": 0.15,
    "NARROW_DIST": 0.7,
    "GATE_FLAT_DIST": 0.2,
    "Q_OMEGA": 2,
    "R_VTHETA": 1.0,
    "IN_GATE_RAMP_TIME": 0.3,
    "OUT_GATE_RAMP_TIME": 0.5
  },
  "box_lims": {
    "vtheta_max": 1.7,
    "dvtheta_max": 1.7
  }
}
2025-06-25 14:12:05,035 | ERROR   | Solver failed | status=2 | SQP it=1000 | KKT=5.65e-08 | t=0.354s
2025-06-25 14:12:05,035 | ERROR   | Dump saved → debug_logs/fail/tick0047.json
2025-06-25 14:12:06,502 | ERROR   | Solver failed | status=2 | SQP it=1000 | KKT=1.84e-10 | t=0.389s
2025-06-25 14:12:06,503 | ERROR   | Dump saved → debug_logs/fail/tick0052.json
2025-06-25 14:12:06,927 | ERROR   | Solver failed | status=2 | SQP it=1000 | KKT=5.81e-14 | t=0.397s
2025-06-25 14:12:06,927 | ERROR   | Dump saved → debug_logs/fail/tick0053.json
2025-06-25 14:12:08,925 | ERROR   | Solver failed | status=2 | SQP it=1000 | KKT=5.05e-08 | t=0.622s
2025-06-25 14:12:08,928 | ERROR   | Dump saved → debug_logs/fail/tick0063.json
2025-06-25 14:12:10,248 | ERROR   | Solver failed | status=2 | SQP it=1000 | KKT=3.15e-09 | t=0.720s
2025-06-25 14:12:10,249 | ERROR   | Dump saved → debug_logs/fail/tick0066.json
2025-06-25 14:12:12,031 | INFO    | ===== INITIAL STATE DUMP =====
2025-06-25 14:12:12,031 | DEBUG   | {
  "xcurrent": [
    0.9963082671165466,
    1.4044830799102783,
    0.07300469279289246,
    0.0,
    0.0,
    0.0
  ],
  "params": {
    "QC": 10,
    "QC_GATE": 50,
    "QL": 40,
    "MU": 10,
    "DVTHETA_MAX": 1.7,
    "N": 15,
    "T_HORIZON": 0.8,
    "RAMP_TIME": 1.8,
    "BARRIER_WEIGHT": 10,
    "TUNNEL_WIDTH": 0.5,
    "TUNNEL_WIDTH_GATE": 0.15,
    "NARROW_DIST": 0.7,
    "GATE_FLAT_DIST": 0.2,
    "Q_OMEGA": 2,
    "R_VTHETA": 1.0,
    "IN_GATE_RAMP_TIME": 0.3,
    "OUT_GATE_RAMP_TIME": 0.5
  },
  "box_lims": {
    "vtheta_max": 1.7,
    "dvtheta_max": 1.7
  }
}
