2025-06-30 17:18:20,107 | INFO    | ===== INITIAL STATE DUMP =====
2025-06-30 17:18:20,107 | DEBUG   | {
  "xcurrent": [
    1.089695930480957,
    1.4088244438171387,
    0.08456537127494812,
    0.0,
    0.0,
    0.0
  ],
  "params": {
    "QC": 10,
    "QC_GATE": 50,
    "QL": 40,
    "MU": 10,
    "DVTHETA_MAX": 1.6,
    "N": 20,
    "T_HORIZON": 0.7,
    "RAMP_TIME": 0.7,
    "BARRIER_WEIGHT": 10,
    "OBSTACLE_WEIGHT": [
      100,
      100,
      100,
      100
    ],
    "OBSTACLE_RADIUS": 0.3,
    "OBSTACLE_ALPHA": 30.0,
    "TUNNEL_WIDTH": 0.4,
    "TUNNEL_WIDTH_GATE": 0.15,
    "NARROW_DIST": 0.6,
    "GATE_FLAT_DIST": 0.45,
    "Q_OMEGA": 2,
    "R_VTHETA": 1.0,
    "REG_THRUST": 0.02,
    "REG_INPUTS": 0.8
  },
  "box_lims": {
    "vtheta_max": 1.6,
    "dvtheta_max": 1.6
  }
}
2025-06-30 17:18:33,165 | INFO    | ===== INITIAL STATE DUMP =====
2025-06-30 17:18:33,165 | DEBUG   | {
  "xcurrent": [
    1.0577173233032227,
    1.455078363418579,
    0.07263592630624771,
    0.0,
    0.0,
    0.0
  ],
  "params": {
    "QC": 10,
    "QC_GATE": 50,
    "QL": 40,
    "MU": 10,
    "DVTHETA_MAX": 1.6,
    "N": 20,
    "T_HORIZON": 0.7,
    "RAMP_TIME": 0.7,
    "BARRIER_WEIGHT": 10,
    "OBSTACLE_WEIGHT": [
      100,
      100,
      100,
      100
    ],
    "OBSTACLE_RADIUS": 0.3,
    "OBSTACLE_ALPHA": 30.0,
    "TUNNEL_WIDTH": 0.4,
    "TUNNEL_WIDTH_GATE": 0.15,
    "NARROW_DIST": 0.6,
    "GATE_FLAT_DIST": 0.45,
    "Q_OMEGA": 2,
    "R_VTHETA": 1.0,
    "REG_THRUST": 0.02,
    "REG_INPUTS": 0.8
  },
  "box_lims": {
    "vtheta_max": 1.6,
    "dvtheta_max": 1.6
  }
}
2025-06-30 17:18:39,384 | ERROR   | Solver failed | status=2 | SQP it=1000 | KKT=3.91e-08 | t=0.680s
2025-06-30 17:18:39,386 | ERROR   | Dump saved → debug_logs/fail/tick0173.json
2025-06-30 17:18:44,611 | ERROR   | Solver failed | status=4 | SQP it=26 | KKT=2.04e-14 | t=0.016s
2025-06-30 17:18:44,613 | ERROR   | Dump saved → debug_logs/fail/tick0335.json
2025-06-30 17:18:44,643 | ERROR   | Solver failed | status=4 | SQP it=1 | KKT=2.89e+00 | t=0.001s
2025-06-30 17:18:44,643 | ERROR   | Dump saved → debug_logs/fail/tick0336.json
2025-06-30 17:18:44,726 | ERROR   | Solver failed | status=4 | SQP it=15 | KKT=2.31e-08 | t=0.011s
2025-06-30 17:18:44,726 | ERROR   | Dump saved → debug_logs/fail/tick0338.json
2025-06-30 17:18:44,752 | ERROR   | Solver failed | status=4 | SQP it=1 | KKT=3.41e+00 | t=0.001s
2025-06-30 17:18:44,753 | ERROR   | Dump saved → debug_logs/fail/tick0339.json
2025-06-30 17:18:44,778 | ERROR   | Solver failed | status=4 | SQP it=1 | KKT=3.41e+00 | t=0.001s
2025-06-30 17:18:44,779 | ERROR   | Dump saved → debug_logs/fail/tick0340.json
2025-06-30 17:18:44,804 | ERROR   | Solver failed | status=4 | SQP it=1 | KKT=3.41e+00 | t=0.001s
2025-06-30 17:18:44,805 | ERROR   | Dump saved → debug_logs/fail/tick0341.json
2025-06-30 17:18:46,475 | INFO    | ===== INITIAL STATE DUMP =====
2025-06-30 17:18:46,475 | DEBUG   | {
  "xcurrent": [
    1.0261110067367554,
    1.4681111574172974,
    0.08405330032110214,
    0.0,
    0.0,
    0.0
  ],
  "params": {
    "QC": 10,
    "QC_GATE": 50,
    "QL": 40,
    "MU": 10,
    "DVTHETA_MAX": 1.6,
    "N": 20,
    "T_HORIZON": 0.7,
    "RAMP_TIME": 0.7,
    "BARRIER_WEIGHT": 10,
    "OBSTACLE_WEIGHT": [
      100,
      100,
      100,
      100
    ],
    "OBSTACLE_RADIUS": 0.3,
    "OBSTACLE_ALPHA": 30.0,
    "TUNNEL_WIDTH": 0.4,
    "TUNNEL_WIDTH_GATE": 0.15,
    "NARROW_DIST": 0.6,
    "GATE_FLAT_DIST": 0.45,
    "Q_OMEGA": 2,
    "R_VTHETA": 1.0,
    "REG_THRUST": 0.02,
    "REG_INPUTS": 0.8
  },
  "box_lims": {
    "vtheta_max": 1.6,
    "dvtheta_max": 1.6
  }
}
